[2015-02-09 23:52:42--911093]recv conta req 15.jpg! 
[2015-02-09 23:52:46--911492]recv conta req 19.jpg! 
[2015-02-09 23:52:48--088388]11.jpg,MSKU0004911 45G1
[2015-02-09 23:52:48--445470]15.jpg,MAXU2423284 
[2015-02-09 23:52:48--446332]19.jpg,MSKU1685954 45G1
[2015-02-09 23:52:48--465125]7.jpg, 
[2015-02-09 23:52:50--914579]recv conta req 23.jpg! 
[2015-02-09 23:52:51--509627]23.jpg,APHU6639762 45G1
[2015-02-09 23:52:54--918091]recv conta req 27.jpg! 
[2015-02-09 23:52:55--857252]27.jpg,MRKU0995640 42G1
[2015-02-09 23:52:58--923948]recv conta req 31.jpg! 
[2015-02-09 23:52:59--876964]31.jpg,WSDU4921322 45G1
[2015-02-09 23:53:02--924032]recv conta req 35.jpg! 
[2015-02-09 23:53:03--652816]35.jpg,WSDU4920250 45G1
[2015-02-09 23:53:06--926620]recv conta req 4.jpg! 
[2015-02-09 23:53:08--299056]4.jpg,MSKU4011903 22G1
[2015-02-09 23:53:10--930214]recv conta req 8.jpg! 
[2015-02-09 23:53:14--933324]recv conta req 12.jpg! 
[2015-02-09 23:53:17--034376]8.jpg,CCLU6287245 45G1
[2015-02-09 23:53:18--933486]recv conta req 16.jpg! 
[2015-02-09 23:53:20--202203]16.jpg,TEMU3075040 22G1
[2015-02-09 23:53:22--937132]recv conta req 20.jpg! 
[2015-02-09 23:53:23--919187]20.jpg,FCIU4591874 22G1
[2015-02-09 23:53:25--102852]12.jpg,MEDU1861156 22G1
[2015-02-09 23:53:26--938765]recv conta req 24.jpg! 
[2015-02-09 23:53:27--561831]24.jpg,SEGU1904022 22G1
[2015-02-09 23:53:30--943537]recv conta req 28.jpg! 
[2015-02-09 23:53:31--843959]28.jpg,FCIU8609740 45G1
[2015-02-09 23:53:34--944169]recv conta req 32.jpg! 
[2015-02-09 23:53:35--585588]32.jpg,CITU1173790 45G1
[2015-02-09 23:53:38--949630]recv conta req 1.jpg! 
[2015-02-09 23:53:40--716702]1.jpg,MSKU9550132 45G1
[2015-02-09 23:53:42--950179]recv conta req 5.jpg! 
[2015-02-09 23:53:45--752047]5.jpg,IIIU7???46? 22G1
[2015-02-09 23:53:46--955245]recv conta req 9.jpg! 
[2015-02-09 23:53:50--956468]recv conta req 13.jpg! 
[2015-02-09 23:53:53--947252]9.jpg,MRKU3324814 45G1
[2015-02-09 23:53:54--960482]recv conta req 17.jpg! 
[2015-02-09 23:53:56--565419]17.jpg,SEGU1445915 22G1
[2015-02-09 23:53:58--960581]recv conta req 21.jpg! 
[2015-02-09 23:53:59--625702]13.jpg,FSCU7372776 22G1
[2015-02-09 23:53:59--676501]21.jpg,TRLU8984373 22G1
[2015-02-09 23:54:02--963469]recv conta req 25.jpg! 
[2015-02-09 23:54:03--643377]25.jpg, 
[2015-02-09 23:54:06--966545]recv conta req 29.jpg! 
[2015-02-09 23:54:07--652588]29.jpg,SEGU9039975 45R1
[2015-02-09 23:54:10--969444]recv conta req 33.jpg! 
[2015-02-09 23:54:11--827545]33.jpg,PHLU2031555 22G1
[2015-02-09 23:54:14--973912]recv conta req 2.jpg! 
[2015-02-09 23:54:18--763419]2.jpg,GESU5520648 45G1
[2015-02-09 23:54:18--975017]recv conta req 6.jpg! 
[2015-02-09 23:54:21--227608]6.jpg,MRKU8566960 22G1
[2015-02-09 23:54:22--981553]recv conta req 10.jpg! 
[2015-02-09 23:54:26--980863]recv conta req 14.jpg! 
[2015-02-09 23:54:30--984054]recv conta req 18.jpg! 
[2015-02-09 23:54:32--828163]18.jpg,CRXU1866805 22G1
[2015-02-09 23:54:34--224320]10.jpg,CSLU1475718 22G1
[2015-02-09 23:54:34--569073]14.jpg,MRKU9670500 22G1
[2015-02-09 23:54:34--984131]recv conta req 22.jpg! 
[2015-02-09 23:54:35--561256]22.jpg,TCLU2873584 22G1
[2015-02-09 23:54:38--988406]recv conta req 26.jpg! 
[2015-02-09 23:54:39--866041]26.jpg,CRSU9147318 45G1
[2015-02-09 23:54:42--993450]recv conta req 30.jpg! 
[2015-02-09 23:54:43--843790]30.jpg,CMAU4559732 45G1
[2015-02-09 23:54:46--993645]recv conta req 34.jpg! 
[2015-02-09 23:54:47--690275]34.jpg,CMAU4555275 45G1
[2015-02-09 23:54:50--996015]recv conta req 3.jpg! 
[2015-02-09 23:54:54--737068]3.jpg,EITU1067234 45G1
[2015-02-09 23:54:55--001132]recv conta req 7.jpg! 
[2015-02-09 23:54:59--006846]recv conta req 11.jpg! 
[2015-02-09 23:55:03--005327]recv conta req 15.jpg! 
[2015-02-09 23:55:04--242891]11.jpg,MSKU0004911 45G1
[2015-02-09 23:55:06--249110]7.jpg, 
[2015-02-09 23:55:07--006938]recv conta req 19.jpg! 
[2015-02-09 23:55:07--961076]15.jpg,MAXU2423284 
[2015-02-09 23:55:08--092622]19.jpg,MSKU1685954 45G1
[2015-02-09 23:55:11--008260]recv conta req 23.jpg! 
[2015-02-09 23:55:11--622703]23.jpg,APHU6639762 45G1
[2015-02-09 23:55:15--011446]recv conta req 27.jpg! 
[2015-02-09 23:55:16--002037]27.jpg,MRKU0995640 42G1
[2015-02-09 23:55:19--017319]recv conta req 31.jpg! 
[2015-02-09 23:55:20--061144]31.jpg,WSDU4921322 45G1
[2015-02-09 23:55:23--017544]recv conta req 35.jpg! 
[2015-02-09 23:55:23--736505]35.jpg,WSDU4920250 45G1
[2015-02-09 23:55:27--019821]recv conta req 4.jpg! 
[2015-02-09 23:55:28--394330]4.jpg,MSKU4011903 22G1
[2015-02-09 23:55:31--023816]recv conta req 8.jpg! 
[2015-02-09 23:55:35--025178]recv conta req 12.jpg! 
[2015-02-09 23:55:36--994197]8.jpg,CCLU6287245 45G1
[2015-02-09 23:55:39--026576]recv conta req 16.jpg! 
[2015-02-09 23:55:40--726244]16.jpg,TEMU3075040 22G1
[2015-02-09 23:55:43--029828]recv conta req 20.jpg! 
[2015-02-09 23:55:44--224957]12.jpg,MEDU1861156 22G1
[2015-02-09 23:55:44--486160]20.jpg,FCIU4591874 22G1
[2015-02-09 23:55:47--032329]recv conta req 24.jpg! 
[2015-02-09 23:55:47--654416]24.jpg,SEGU1904022 22G1
[2015-02-09 23:55:51--036410]recv conta req 28.jpg! 
[2015-02-09 23:55:51--879829]28.jpg,FCIU8609740 45G1
[2015-02-09 23:55:55--038152]recv conta req 32.jpg! 
[2015-02-09 23:55:55--711675]32.jpg,CITU1173790 45G1
[2015-02-09 23:55:59--042069]recv conta req 1.jpg! 
[2015-02-09 23:56:00--829453]1.jpg,MSKU9550132 45G1
[2015-02-09 23:56:03--043115]recv conta req 5.jpg! 
[2015-02-09 23:56:05--745173]5.jpg,IIIU7???46? 22G1
[2015-02-09 23:56:07--047492]recv conta req 9.jpg! 
[2015-02-09 23:56:11--049132]recv conta req 13.jpg! 
[2015-02-09 23:56:15--050880]recv conta req 17.jpg! 
[2015-02-09 23:56:16--410100]9.jpg,MRKU3324814 45G1
[2015-02-09 23:56:17--368115]17.jpg,SEGU1445915 22G1
[2015-02-09 23:56:19--054823]recv conta req 21.jpg! 
[2015-02-09 23:56:19--564347]13.jpg,FSCU7372776 22G1
[2015-02-09 23:56:19--916249]21.jpg,TRLU8984373 22G1
[2015-02-09 23:56:23--057586]recv conta req 25.jpg! 
[2015-02-09 23:56:23--733863]25.jpg, 
[2015-02-09 23:56:27--060170]recv conta req 29.jpg! 
[2015-02-09 23:56:27--742175]29.jpg,SEGU9039975 45R1
[2015-02-09 23:56:31--063344]recv conta req 33.jpg! 
[2015-02-09 23:56:31--919709]33.jpg,PHLU2031555 22G1
[2015-02-09 23:56:35--068863]recv conta req 2.jpg! 
[2015-02-09 23:56:38--856992]2.jpg,GESU5520648 45G1
[2015-02-09 23:56:39--069224]recv conta req 6.jpg! 
[2015-02-09 23:56:41--400048]6.jpg,MRKU8566960 22G1
[2015-02-09 23:56:43--073405]recv conta req 10.jpg! 
[2015-02-09 23:56:47--074656]recv conta req 14.jpg! 
[2015-02-09 23:56:51--076315]recv conta req 18.jpg! 
[2015-02-09 23:56:52--930427]18.jpg,CRXU1866805 22G1
[2015-02-09 23:56:53--995041]10.jpg,CSLU1475718 22G1
[2015-02-09 23:56:54--509519]14.jpg,MRKU9670500 22G1
[2015-02-09 23:56:55--078210]recv conta req 22.jpg! 
[2015-02-09 23:56:55--672599]22.jpg,TCLU2873584 22G1
[2015-02-09 23:56:59--085668]recv conta req 26.jpg! 
[2015-02-09 23:57:00--034728]26.jpg,CRSU9147318 45G1
[2015-02-09 23:57:03--087989]recv conta req 30.jpg! 
[2015-02-09 23:57:03--901578]30.jpg,CMAU4559732 45G1
[2015-02-09 23:57:07--088350]recv conta req 34.jpg! 
[2015-02-09 23:57:07--800374]34.jpg,CMAU4555275 45G1
[2015-02-09 23:57:11--091628]recv conta req 3.jpg! 
[2015-02-09 23:57:14--868067]3.jpg,EITU1067234 45G1
[2015-02-09 23:57:15--095892]recv conta req 7.jpg! 
[2015-02-09 23:57:19--097825]recv conta req 11.jpg! 
[2015-02-09 23:57:23--101983]recv conta req 15.jpg! 
[2015-02-09 23:57:27--103042]recv conta req 19.jpg! 
[2015-02-09 23:57:28--360519]15.jpg,MAXU2423284 
[2015-02-09 23:57:28--540826]7.jpg, 
[2015-02-09 23:57:28--640878]11.jpg,MSKU0004911 45G1
[2015-02-09 23:57:28--655480]19.jpg,MSKU1685954 45G1
[2015-02-09 23:57:31--105719]recv conta req 23.jpg! 
[2015-02-09 23:57:31--727023]23.jpg,APHU6639762 45G1
[2015-02-09 23:57:35--111023]recv conta req 27.jpg! 
[2015-02-09 23:57:36--205720]27.jpg,MRKU0995640 42G1
[2015-02-09 23:57:39--115070]recv conta req 31.jpg! 
[2015-02-09 23:57:40--045598]31.jpg,WSDU4921322 45G1
[2015-02-09 23:57:43--114725]recv conta req 35.jpg! 
[2015-02-09 23:57:43--849046]35.jpg,WSDU4920250 45G1
[2015-02-09 23:57:47--117149]recv conta req 4.jpg! 
[2015-02-09 23:57:48--655784]4.jpg,MSKU4011903 22G1
[2015-02-09 23:57:51--121791]recv conta req 8.jpg! 
[2015-02-09 23:57:55--124209]recv conta req 12.jpg! 
[2015-02-09 23:57:57--220574]8.jpg,CCLU6287245 45G1
[2015-02-09 23:57:59--123744]recv conta req 16.jpg! 
[2015-02-09 23:58:00--746058]16.jpg,TEMU3075040 22G1
[2015-02-09 23:58:03--127459]recv conta req 20.jpg! 
[2015-02-09 23:58:04--479159]20.jpg,FCIU4591874 22G1
[2015-02-09 23:58:05--203141]12.jpg,MEDU1861156 22G1
[2015-02-09 23:58:07--130711]recv conta req 24.jpg! 
[2015-02-09 23:58:07--833093]24.jpg,SEGU1904022 22G1
[2015-02-09 23:58:11--134068]recv conta req 28.jpg! 
[2015-02-09 23:58:11--978484]28.jpg,FCIU8609740 45G1
[2015-02-09 23:58:15--135280]recv conta req 32.jpg! 
[2015-02-09 23:58:15--800832]32.jpg,CITU1173790 45G1
[2015-02-09 23:58:19--140182]recv conta req 1.jpg! 
[2015-02-09 23:58:20--910339]1.jpg,MSKU9550132 45G1
[2015-02-09 23:58:23--140721]recv conta req 5.jpg! 
[2015-02-09 23:58:26--024504]5.jpg,IIIU7???46? 22G1
[2015-02-09 23:58:27--146304]recv conta req 9.jpg! 
[2015-02-09 23:58:31--147711]recv conta req 13.jpg! 
[2015-02-09 23:58:35--148731]recv conta req 17.jpg! 
[2015-02-09 23:58:36--759428]9.jpg,MRKU3324814 45G1
[2015-02-09 23:58:37--598821]17.jpg,SEGU1445915 22G1
[2015-02-09 23:58:39--151678]recv conta req 21.jpg! 
[2015-02-09 23:58:39--921457]13.jpg,FSCU7372776 22G1
[2015-02-09 23:58:40--065721]21.jpg,TRLU8984373 22G1
[2015-02-09 23:58:43--153970]recv conta req 25.jpg! 
[2015-02-09 23:58:43--795066]25.jpg, 
[2015-02-09 23:58:47--156015]recv conta req 29.jpg! 
[2015-02-09 23:58:47--779152]29.jpg,SEGU9039975 45R1
[2015-02-09 23:58:51--159169]recv conta req 33.jpg! 
[2015-02-09 23:58:52--043117]33.jpg,PHLU2031555 22G1
[2015-02-09 23:58:55--162059]recv conta req 2.jpg! 
[2015-02-09 23:58:59--041558]2.jpg,GESU5520648 45G1
[2015-02-09 23:58:59--163525]recv conta req 6.jpg! 
[2015-02-09 23:59:01--626363]6.jpg,MRKU8566960 22G1
[2015-02-09 23:59:03--167575]recv conta req 10.jpg! 
[2015-02-09 23:59:07--171333]recv conta req 14.jpg! 
[2015-02-09 23:59:11--171324]recv conta req 18.jpg! 
[2015-02-09 23:59:13--572789]18.jpg,CRXU1866805 22G1
[2015-02-09 23:59:14--364608]10.jpg,CSLU1475718 22G1
[2015-02-09 23:59:15--173282]recv conta req 22.jpg! 
[2015-02-09 23:59:15--623987]14.jpg,MRKU9670500 22G1
[2015-02-09 23:59:15--891898]22.jpg,TCLU2873584 22G1
[2015-02-09 23:59:19--176151]recv conta req 26.jpg! 
[2015-02-09 23:59:19--887903]26.jpg,CRSU9147318 45G1
[2015-02-09 23:59:23--178803]recv conta req 30.jpg! 
[2015-02-09 23:59:23--808496]30.jpg,CMAU4559732 45G1
[2015-02-09 23:59:27--180980]recv conta req 34.jpg! 
[2015-02-09 23:59:27--921232]34.jpg,CMAU4555275 45G1
[2015-02-09 23:59:31--183092]recv conta req 3.jpg! 
[2015-02-09 23:59:35--074536]3.jpg,EITU1067234 45G1
[2015-02-09 23:59:35--187457]recv conta req 7.jpg! 
[2015-02-09 23:59:39--190615]recv conta req 11.jpg! 
[2015-02-09 23:59:43--192093]recv conta req 15.jpg! 
[2015-02-09 23:59:47--193594]recv conta req 19.jpg! 
[2015-02-09 23:59:48--253058]11.jpg,MSKU0004911 45G1
[2015-02-09 23:59:48--682737]19.jpg,MSKU1685954 45G1
[2015-02-09 23:59:48--943871]15.jpg,MAXU2423284 
[2015-02-09 23:59:49--985545]7.jpg, 
[2015-02-09 23:59:51--196063]recv conta req 23.jpg! 
[2015-02-09 23:59:51--850600]23.jpg,APHU6639762 45G1
[2015-02-09 23:59:55--198215]recv conta req 27.jpg! 
[2015-02-09 23:59:56--009965]27.jpg,MRKU0995640 42G1
[2015-02-09 23:59:59--201427]recv conta req 31.jpg! 
[2015-02-09 23:59:59--884393]31.jpg,WSDU4921322 45G1
[2015-02-10 00:00:03--203575]recv conta req 35.jpg! 
[2015-02-10 00:00:03--967957]35.jpg,WSDU4920250 45G1
[2015-02-10 00:00:07--205948]recv conta req 4.jpg! 
[2015-02-10 00:00:08--803115]4.jpg,MSKU4011903 22G1
[2015-02-10 00:00:11--209608]recv conta req 8.jpg! 
[2015-02-10 00:00:15--213095]recv conta req 12.jpg! 
[2015-02-10 00:00:17--903575]8.jpg,CCLU6287245 45G1
[2015-02-10 00:00:19--212891]recv conta req 16.jpg! 
[2015-02-10 00:00:21--189503]16.jpg,TEMU3075040 22G1
[2015-02-10 00:00:23--216029]recv conta req 20.jpg! 
[2015-02-10 00:00:24--929457]20.jpg,FCIU4591874 22G1
[2015-02-10 00:00:25--879993]12.jpg,MEDU1861156 22G1
[2015-02-10 00:00:27--218422]recv conta req 24.jpg! 
[2015-02-10 00:00:27--913708]24.jpg,SEGU1904022 22G1
[2015-02-10 00:00:31--221006]recv conta req 28.jpg! 
[2015-02-10 00:00:32--050225]28.jpg,FCIU8609740 45G1
[2015-02-10 00:00:35--222634]recv conta req 32.jpg! 
[2015-02-10 00:00:35--909226]32.jpg,CITU1173790 45G1
[2015-02-10 00:00:39--226454]recv conta req 1.jpg! 
[2015-02-10 00:00:41--009355]1.jpg,MSKU9550132 45G1
[2015-02-10 00:00:43--227806]recv conta req 5.jpg! 
[2015-02-10 00:00:45--976075]5.jpg,IIIU7???46? 22G1
[2015-02-10 00:00:47--232074]recv conta req 9.jpg! 
[2015-02-10 00:00:51--234586]recv conta req 13.jpg! 
[2015-02-10 00:00:55--235581]recv conta req 17.jpg! 
[2015-02-10 00:00:57--958365]9.jpg,MRKU3324814 45G1
[2015-02-10 00:00:58--034709]17.jpg,SEGU1445915 22G1
[2015-02-10 00:00:59--238309]recv conta req 21.jpg! 
[2015-02-10 00:00:59--728140]13.jpg,FSCU7372776 22G1
[2015-02-10 00:01:00--266147]21.jpg,TRLU8984373 22G1
[2015-02-10 00:01:03--240752]recv conta req 25.jpg! 
[2015-02-10 00:01:03--946406]25.jpg, 
[2015-02-10 00:01:07--243041]recv conta req 29.jpg! 
[2015-02-10 00:01:08--019308]29.jpg,SEGU9039975 45R1
[2015-02-10 00:01:11--246551]recv conta req 33.jpg! 
[2015-02-10 00:01:12--252841]33.jpg,PHLU2031555 22G1
[2015-02-10 00:01:15--249014]recv conta req 2.jpg! 
[2015-02-10 00:01:19--112975]2.jpg,GESU5520648 45G1
[2015-02-10 00:01:19--250815]recv conta req 6.jpg! 
[2015-02-10 00:01:21--666572]6.jpg,MRKU8566960 22G1
[2015-02-10 00:01:23--254532]recv conta req 10.jpg! 
[2015-02-10 00:01:27--256517]recv conta req 14.jpg! 
[2015-02-10 00:01:31--258253]recv conta req 18.jpg! 
[2015-02-10 00:01:32--989391]18.jpg,CRXU1866805 22G1
[2015-02-10 00:01:33--264393]10.jpg,CSLU1475718 22G1
[2015-02-10 00:01:35--107350]14.jpg,MRKU9670500 22G1
[2015-02-10 00:01:35--260850]recv conta req 22.jpg! 
[2015-02-10 00:01:35--966173]22.jpg,TCLU2873584 22G1
[2015-02-10 00:01:39--264835]recv conta req 26.jpg! 
[2015-02-10 00:01:40--191521]26.jpg,CRSU9147318 45G1
[2015-02-10 00:01:43--266112]recv conta req 30.jpg! 
[2015-02-10 00:01:43--914875]30.jpg,CMAU4559732 45G1
[2015-02-10 00:01:47--268715]recv conta req 34.jpg! 
[2015-02-10 00:01:48--005454]34.jpg,CMAU4555275 45G1
[2015-02-10 00:01:51--270717]recv conta req 3.jpg! 
[2015-02-10 00:01:55--173636]3.jpg,EITU1067234 45G1
[2015-02-10 00:01:55--275690]recv conta req 7.jpg! 
[2015-02-10 00:01:59--279240]recv conta req 11.jpg! 
[2015-02-10 00:02:03--278824]recv conta req 15.jpg! 
[2015-02-10 00:02:07--280654]recv conta req 19.jpg! 
[2015-02-10 00:02:07--338037]11.jpg,MSKU0004911 45G1
[2015-02-10 00:02:07--523312]7.jpg, 
[2015-02-10 00:02:08--768001]19.jpg,MSKU1685954 45G1
[2015-02-10 00:02:09--013590]15.jpg,MAXU2423284 
[2015-02-10 00:02:11--282967]recv conta req 23.jpg! 
[2015-02-10 00:02:12--027020]23.jpg,APHU6639762 45G1
[2015-02-10 00:02:15--285132]recv conta req 27.jpg! 
[2015-02-10 00:02:16--096638]27.jpg,MRKU0995640 42G1
[2015-02-10 00:02:19--288388]recv conta req 31.jpg! 
[2015-02-10 00:02:19--990467]31.jpg,WSDU4921322 45G1
[2015-02-10 00:02:23--290499]recv conta req 35.jpg! 
[2015-02-10 00:02:24--083289]35.jpg,WSDU4920250 45G1
[2015-02-10 00:02:27--292288]recv conta req 4.jpg! 
[2015-02-10 00:02:28--863741]4.jpg,MSKU4011903 22G1
[2015-02-10 00:02:31--296729]recv conta req 8.jpg! 
[2015-02-10 00:02:35--300917]recv conta req 12.jpg! 
[2015-02-10 00:02:37--158923]8.jpg,CCLU6287245 45G1
[2015-02-10 00:02:39--299667]recv conta req 16.jpg! 
[2015-02-10 00:02:41--283320]16.jpg,TEMU3075040 22G1
[2015-02-10 00:02:43--303500]recv conta req 20.jpg! 
[2015-02-10 00:02:45--060927]20.jpg,FCIU4591874 22G1
[2015-02-10 00:02:45--865835]12.jpg,MEDU1861156 22G1
[2015-02-10 00:02:47--305797]recv conta req 24.jpg! 
[2015-02-10 00:02:47--995824]24.jpg,SEGU1904022 22G1
[2015-02-10 00:02:51--308362]recv conta req 28.jpg! 
[2015-02-10 00:02:52--150100]28.jpg,FCIU8609740 45G1
[2015-02-10 00:02:55--310134]recv conta req 32.jpg! 
[2015-02-10 00:02:56--010864]32.jpg,CITU1173790 45G1
[2015-02-10 00:02:59--313495]recv conta req 1.jpg! 
[2015-02-10 00:03:01--074657]1.jpg,MSKU9550132 45G1
[2015-02-10 00:03:03--315021]recv conta req 5.jpg! 
[2015-02-10 00:03:06--084226]5.jpg,IIIU7???46? 22G1
[2015-02-10 00:03:07--319290]recv conta req 9.jpg! 
[2015-02-10 00:03:11--322878]recv conta req 13.jpg! 
[2015-02-10 00:03:15--323529]recv conta req 17.jpg! 
[2015-02-10 00:03:16--617436]9.jpg,MRKU3324814 45G1
[2015-02-10 00:03:17--762894]17.jpg,SEGU1445915 22G1
[2015-02-10 00:03:19--326569]recv conta req 21.jpg! 
[2015-02-10 00:03:20--210966]21.jpg,TRLU8984373 22G1
[2015-02-10 00:03:20--236670]13.jpg,FSCU7372776 22G1
[2015-02-10 00:03:23--329382]recv conta req 25.jpg! 
[2015-02-10 00:03:23--981113]25.jpg, 
[2015-02-10 00:03:27--332400]recv conta req 29.jpg! 
[2015-02-10 00:03:27--971648]29.jpg,SEGU9039975 45R1
[2015-02-10 00:03:31--337279]recv conta req 33.jpg! 
[2015-02-10 00:03:32--161474]33.jpg,PHLU2031555 22G1
[2015-02-10 00:03:35--344567]recv conta req 2.jpg! 
[2015-02-10 00:03:39--294865]2.jpg,GESU5520648 45G1
[2015-02-10 00:03:39--345323]recv conta req 6.jpg! 
[2015-02-10 00:03:41--878335]6.jpg,MRKU8566960 22G1
[2015-02-10 00:03:43--352862]recv conta req 10.jpg! 
[2015-02-10 00:03:47--354292]recv conta req 14.jpg! 
[2015-02-10 00:03:51--358308]recv conta req 18.jpg! 
[2015-02-10 00:03:53--177059]18.jpg,CRXU1866805 22G1
[2015-02-10 00:03:54--322821]10.jpg,CSLU1475718 22G1
[2015-02-10 00:03:55--039221]14.jpg,MRKU9670500 22G1
[2015-02-10 00:03:55--359539]recv conta req 22.jpg! 
[2015-02-10 00:03:56--055256]22.jpg,TCLU2873584 22G1
[2015-02-10 00:03:59--365926]recv conta req 26.jpg! 
[2015-02-10 00:04:00--142299]26.jpg,CRSU9147318 45G1
[2015-02-10 00:04:03--369304]recv conta req 30.jpg! 
[2015-02-10 00:04:04--009769]30.jpg,CMAU4559732 45G1
[2015-02-10 00:04:07--374468]recv conta req 34.jpg! 
[2015-02-10 00:04:08--276600]34.jpg,CMAU4555275 45G1
[2015-02-10 00:04:11--376592]recv conta req 3.jpg! 
[2015-02-10 00:04:15--295895]3.jpg,EITU1067234 45G1
[2015-02-10 00:04:15--381359]recv conta req 7.jpg! 
[2015-02-10 00:04:19--385702]recv conta req 11.jpg! 
[2015-02-10 00:04:23--389687]recv conta req 15.jpg! 
[2015-02-10 00:04:27--329256]11.jpg,MSKU0004911 45G1
[2015-02-10 00:04:27--392345]recv conta req 19.jpg! 
[2015-02-10 00:04:28--286695]19.jpg,MSKU1685954 45G1
[2015-02-10 00:04:28--586109]7.jpg, 
[2015-02-10 00:04:28--947049]15.jpg,MAXU2423284 
[2015-02-10 00:04:31--395568]recv conta req 23.jpg! 
[2015-02-10 00:04:32--065506]23.jpg,APHU6639762 45G1
[2015-02-10 00:04:35--398868]recv conta req 27.jpg! 
[2015-02-10 00:04:36--213933]27.jpg,MRKU0995640 42G1
[2015-02-10 00:04:39--403509]recv conta req 31.jpg! 
[2015-02-10 00:04:40--118175]31.jpg,WSDU4921322 45G1
[2015-02-10 00:04:43--407792]recv conta req 35.jpg! 
[2015-02-10 00:04:44--151009]35.jpg,WSDU4920250 45G1
[2015-02-10 00:04:47--410607]recv conta req 4.jpg! 
[2015-02-10 00:04:48--995299]4.jpg,MSKU4011903 22G1
[2015-02-10 00:04:51--419359]recv conta req 8.jpg! 
[2015-02-10 00:04:55--421449]recv conta req 12.jpg! 
[2015-02-10 00:04:57--137202]8.jpg,CCLU6287245 45G1
[2015-02-10 00:04:59--420978]recv conta req 16.jpg! 
[2015-02-10 00:05:01--052995]16.jpg,TEMU3075040 22G1
[2015-02-10 00:05:03--423450]recv conta req 20.jpg! 
[2015-02-10 00:05:04--975330]20.jpg,FCIU4591874 22G1
[2015-02-10 00:05:06--186570]12.jpg,MEDU1861156 22G1
[2015-02-10 00:05:07--427484]recv conta req 24.jpg! 
[2015-02-10 00:05:08--109671]24.jpg,SEGU1904022 22G1
[2015-02-10 00:05:11--432322]recv conta req 28.jpg! 
[2015-02-10 00:05:12--248563]28.jpg,FCIU8609740 45G1
[2015-02-10 00:05:15--435331]recv conta req 32.jpg! 
[2015-02-10 00:05:16--100761]32.jpg,CITU1173790 45G1
[2015-02-10 00:05:19--440512]recv conta req 1.jpg! 
[2015-02-10 00:05:21--143694]1.jpg,MSKU9550132 45G1
[2015-02-10 00:05:23--443397]recv conta req 5.jpg! 
[2015-02-10 00:05:26--297769]5.jpg,IIIU7???46? 22G1
[2015-02-10 00:05:27--451012]recv conta req 9.jpg! 
[2015-02-10 00:05:31--452998]recv conta req 13.jpg! 
[2015-02-10 00:05:35--454280]recv conta req 17.jpg! 
[2015-02-10 00:05:36--026584]9.jpg,MRKU3324814 45G1
[2015-02-10 00:05:37--849258]17.jpg,SEGU1445915 22G1
[2015-02-10 00:05:39--456726]recv conta req 21.jpg! 
[2015-02-10 00:05:40--325893]13.jpg,FSCU7372776 22G1
[2015-02-10 00:05:40--418136]21.jpg,TRLU8984373 22G1
[2015-02-10 00:05:43--458956]recv conta req 25.jpg! 
[2015-02-10 00:05:44--096586]25.jpg, 
[2015-02-10 00:05:47--462752]recv conta req 29.jpg! 
[2015-02-10 00:05:48--102891]29.jpg,SEGU9039975 45R1
[2015-02-10 00:05:51--466270]recv conta req 33.jpg! 
[2015-02-10 00:05:52--378088]33.jpg,PHLU2031555 22G1
[2015-02-10 00:05:55--471419]recv conta req 2.jpg! 
[2015-02-10 00:05:59--365936]2.jpg,GESU5520648 45G1
[2015-02-10 00:05:59--473113]recv conta req 6.jpg! 
[2015-02-10 00:06:01--955330]6.jpg,MRKU8566960 22G1
[2015-02-10 00:06:03--479100]recv conta req 10.jpg! 
[2015-02-10 00:06:07--486026]recv conta req 14.jpg! 
[2015-02-10 00:06:11--484794]recv conta req 18.jpg! 
[2015-02-10 00:06:12--957597]10.jpg,CSLU1475718 22G1
[2015-02-10 00:06:13--582969]18.jpg,CRXU1866805 22G1
[2015-02-10 00:06:15--262340]14.jpg,MRKU9670500 22G1
[2015-02-10 00:06:15--487757]recv conta req 22.jpg! 
[2015-02-10 00:06:16--152555]22.jpg,TCLU2873584 22G1
[2015-02-10 00:06:19--490896]recv conta req 26.jpg! 
[2015-02-10 00:06:20--225090]26.jpg,CRSU9147318 45G1
[2015-02-10 00:06:23--494945]recv conta req 30.jpg! 
[2015-02-10 00:06:24--126037]30.jpg,CMAU4559732 45G1
[2015-02-10 00:06:27--499520]recv conta req 34.jpg! 
[2015-02-10 00:06:28--248410]34.jpg,CMAU4555275 45G1
[2015-02-10 00:06:31--504012]recv conta req 3.jpg! 
[2015-02-10 00:06:35--326169]3.jpg,EITU1067234 45G1
[2015-02-10 00:06:35--513867]recv conta req 7.jpg! 
[2015-02-10 00:06:39--516163]recv conta req 11.jpg! 
[2015-02-10 00:06:43--523393]recv conta req 15.jpg! 
[2015-02-10 00:06:44--853460]7.jpg, 
[2015-02-10 00:06:47--525814]recv conta req 19.jpg! 
[2015-02-10 00:06:49--696462]19.jpg,MSKU1685954 45G1
[2015-02-10 00:06:50--275649]11.jpg,MSKU0004911 45G1
[2015-02-10 00:06:50--338481]15.jpg,MAXU2423284 
[2015-02-10 00:06:51--533225]recv conta req 23.jpg! 
[2015-02-10 00:06:52--202983]23.jpg,APHU6639762 45G1
[2015-02-10 00:06:55--534642]recv conta req 27.jpg! 
[2015-02-10 00:06:56--364978]27.jpg,MRKU0995640 42G1
[2015-02-10 00:06:59--538407]recv conta req 31.jpg! 
[2015-02-10 00:07:00--213687]31.jpg,WSDU4921322 45G1
[2015-02-10 00:07:03--542391]recv conta req 35.jpg! 
[2015-02-10 00:07:04--324877]35.jpg,WSDU4920250 45G1
[2015-02-10 00:07:07--546438]recv conta req 4.jpg! 
[2015-02-10 00:07:09--086350]4.jpg,MSKU4011903 22G1
[2015-02-10 00:07:11--552345]recv conta req 8.jpg! 
[2015-02-10 00:07:15--558166]recv conta req 12.jpg! 
[2015-02-10 00:07:17--190493]8.jpg,CCLU6287245 45G1
[2015-02-10 00:07:19--559409]recv conta req 16.jpg! 
[2015-02-10 00:07:20--983886]16.jpg,TEMU3075040 22G1
[2015-02-10 00:07:23--562042]recv conta req 20.jpg! 
[2015-02-10 00:07:25--190862]20.jpg,FCIU4591874 22G1
[2015-02-10 00:07:25--660565]12.jpg,MEDU1861156 22G1
[2015-02-10 00:07:27--565287]recv conta req 24.jpg! 
[2015-02-10 00:07:28--266471]24.jpg,SEGU1904022 22G1
[2015-02-10 00:07:31--568654]recv conta req 28.jpg! 
[2015-02-10 00:07:32--387980]28.jpg,FCIU8609740 45G1
[2015-02-10 00:07:35--573014]recv conta req 32.jpg! 
[2015-02-10 00:07:36--243161]32.jpg,CITU1173790 45G1
[2015-02-10 00:07:39--578097]recv conta req 1.jpg! 
[2015-02-10 00:07:41--266627]1.jpg,MSKU9550132 45G1
[2015-02-10 00:07:43--581629]recv conta req 5.jpg! 
[2015-02-10 00:07:46--356727]5.jpg,IIIU7???46? 22G1
[2015-02-10 00:07:47--587064]recv conta req 9.jpg! 
[2015-02-10 00:07:51--592497]recv conta req 13.jpg! 
[2015-02-10 00:07:55--592860]recv conta req 17.jpg! 
[2015-02-10 00:07:55--624659]9.jpg,MRKU3324814 45G1
[2015-02-10 00:07:57--447867]17.jpg,SEGU1445915 22G1
[2015-02-10 00:07:59--596701]recv conta req 21.jpg! 
[2015-02-10 00:08:00--358807]13.jpg,FSCU7372776 22G1
[2015-02-10 00:08:00--457653]21.jpg,TRLU8984373 22G1
[2015-02-10 00:08:03--600714]recv conta req 25.jpg! 
[2015-02-10 00:08:04--213739]25.jpg, 
[2015-02-10 00:08:07--605132]recv conta req 29.jpg! 
[2015-02-10 00:08:08--228082]29.jpg,SEGU9039975 45R1
[2015-02-10 00:08:11--610107]recv conta req 33.jpg! 
[2015-02-10 00:08:12--511076]33.jpg,PHLU2031555 22G1
[2015-02-10 00:08:15--614414]recv conta req 2.jpg! 
[2015-02-10 00:08:19--454204]2.jpg,GESU5520648 45G1
[2015-02-10 00:08:19--618540]recv conta req 6.jpg! 
[2015-02-10 00:08:22--035921]6.jpg,MRKU8566960 22G1
[2015-02-10 00:08:23--625973]recv conta req 10.jpg! 
[2015-02-10 00:08:27--629000]recv conta req 14.jpg! 
[2015-02-10 00:08:31--629945]recv conta req 18.jpg! 
[2015-02-10 00:08:33--560929]18.jpg,CRXU1866805 22G1
[2015-02-10 00:08:34--083795]10.jpg,CSLU1475718 22G1
[2015-02-10 00:08:34--470316]14.jpg,MRKU9670500 22G1
[2015-02-10 00:08:35--632167]recv conta req 22.jpg! 
[2015-02-10 00:08:36--251412]22.jpg,TCLU2873584 22G1
[2015-02-10 00:08:39--635400]recv conta req 26.jpg! 
[2015-02-10 00:08:40--377486]26.jpg,CRSU9147318 45G1
[2015-02-10 00:08:43--639496]recv conta req 30.jpg! 
[2015-02-10 00:08:44--246076]30.jpg,CMAU4559732 45G1
[2015-02-10 00:08:47--642933]recv conta req 34.jpg! 
[2015-02-10 00:08:48--371107]34.jpg,CMAU4555275 45G1
[2015-02-10 00:08:51--648052]recv conta req 3.jpg! 
[2015-02-10 00:08:55--384043]3.jpg,EITU1067234 45G1
[2015-02-10 00:08:55--657270]recv conta req 7.jpg! 
[2015-02-10 00:08:59--656232]recv conta req 11.jpg! 
[2015-02-10 00:09:03--662073]recv conta req 15.jpg! 
[2015-02-10 00:09:07--663603]recv conta req 19.jpg! 
[2015-02-10 00:09:09--148697]11.jpg,MSKU0004911 45G1
[2015-02-10 00:09:09--164905]19.jpg,MSKU1685954 45G1
[2015-02-10 00:09:09--232692]15.jpg,MAXU2423284 
[2015-02-10 00:09:09--463454]7.jpg, 
[2015-02-10 00:09:11--667606]recv conta req 23.jpg! 
[2015-02-10 00:09:12--276482]23.jpg,APHU6639762 45G1
[2015-02-10 00:09:15--671557]recv conta req 27.jpg! 
[2015-02-10 00:09:16--491760]27.jpg,MRKU0995640 42G1
[2015-02-10 00:09:19--677710]recv conta req 31.jpg! 
[2015-02-10 00:09:20--338962]31.jpg,WSDU4921322 45G1
[2015-02-10 00:09:23--680525]recv conta req 35.jpg! 
[2015-02-10 00:09:24--410212]35.jpg,WSDU4920250 45G1
[2015-02-10 00:09:27--685406]recv conta req 4.jpg! 
[2015-02-10 00:09:29--154220]4.jpg,MSKU4011903 22G1
[2015-02-10 00:09:31--691252]recv conta req 8.jpg! 
[2015-02-10 00:09:35--696998]recv conta req 12.jpg! 
[2015-02-10 00:09:39--352572]8.jpg,CCLU6287245 45G1
[2015-02-10 00:09:39--698925]recv conta req 16.jpg! 
[2015-02-10 00:09:41--505655]16.jpg,TEMU3075040 22G1
[2015-02-10 00:09:43--700454]recv conta req 20.jpg! 
[2015-02-10 00:09:45--027113]20.jpg,FCIU4591874 22G1
[2015-02-10 00:09:45--975373]12.jpg,MEDU1861156 22G1
[2015-02-10 00:09:47--705562]recv conta req 24.jpg! 
[2015-02-10 00:09:48--328406]24.jpg,SEGU1904022 22G1
[2015-02-10 00:09:51--710379]recv conta req 28.jpg! 
[2015-02-10 00:09:52--506566]28.jpg,FCIU8609740 45G1
[2015-02-10 00:09:55--714685]recv conta req 32.jpg! 
[2015-02-10 00:09:56--370545]32.jpg,CITU1173790 45G1
[2015-02-10 00:09:59--719525]recv conta req 1.jpg! 
[2015-02-10 00:10:01--427173]1.jpg,MSKU9550132 45G1
[2015-02-10 00:10:03--723086]recv conta req 5.jpg! 
[2015-02-10 00:10:06--517484]5.jpg,IIIU7???46? 22G1
[2015-02-10 00:10:07--728756]recv conta req 9.jpg! 
[2015-02-10 00:10:11--735152]recv conta req 13.jpg! 
[2015-02-10 00:10:14--086054]9.jpg,MRKU3324814 45G1
[2015-02-10 00:10:15--735718]recv conta req 17.jpg! 
[2015-02-10 00:10:17--780167]17.jpg,SEGU1445915 22G1
[2015-02-10 00:10:19--739377]recv conta req 21.jpg! 
[2015-02-10 00:10:20--733452]13.jpg,FSCU7372776 22G1
[2015-02-10 00:10:20--860817]21.jpg,TRLU8984373 22G1
[2015-02-10 00:10:23--742275]recv conta req 25.jpg! 
[2015-02-10 00:10:24--330546]25.jpg, 
[2015-02-10 00:10:27--746516]recv conta req 29.jpg! 
[2015-02-10 00:10:28--322362]29.jpg,SEGU9039975 45R1
[2015-02-10 00:10:31--750623]recv conta req 33.jpg! 
[2015-02-10 00:10:32--642097]33.jpg,PHLU2031555 22G1
[2015-02-10 00:10:35--755644]recv conta req 2.jpg! 
[2015-02-10 00:10:39--558343]2.jpg,GESU5520648 45G1
[2015-02-10 00:10:39--759920]recv conta req 6.jpg! 
[2015-02-10 00:10:42--109770]6.jpg,MRKU8566960 22G1
[2015-02-10 00:10:43--763912]recv conta req 10.jpg! 
[2015-02-10 00:10:47--772923]recv conta req 14.jpg! 
[2015-02-10 00:10:51--769702]recv conta req 18.jpg! 
[2015-02-10 00:10:52--956966]10.jpg,CSLU1475718 22G1
[2015-02-10 00:10:53--364340]18.jpg,CRXU1866805 22G1
[2015-02-10 00:10:55--382411]14.jpg,MRKU9670500 22G1
[2015-02-10 00:10:55--774058]recv conta req 22.jpg! 
[2015-02-10 00:10:56--394898]22.jpg,TCLU2873584 22G1
[2015-02-10 00:10:59--777119]recv conta req 26.jpg! 
[2015-02-10 00:11:00--456578]26.jpg,CRSU9147318 45G1
[2015-02-10 00:11:03--781713]recv conta req 30.jpg! 
[2015-02-10 00:11:04--365225]30.jpg,CMAU4559732 45G1
[2015-02-10 00:11:07--785541]recv conta req 34.jpg! 
[2015-02-10 00:11:08--499446]34.jpg,CMAU4555275 45G1
[2015-02-10 00:11:11--790286]recv conta req 3.jpg! 
[2015-02-10 00:11:15--581877]3.jpg,EITU1067234 45G1
[2015-02-10 00:11:15--798324]recv conta req 7.jpg! 
[2015-02-10 00:11:19--801034]recv conta req 11.jpg! 
[2015-02-10 00:11:23--804964]recv conta req 15.jpg! 
[2015-02-10 00:11:27--778597]7.jpg, 
[2015-02-10 00:11:27--805248]recv conta req 19.jpg! 
[2015-02-10 00:11:28--782704]11.jpg,MSKU0004911 45G1
[2015-02-10 00:11:28--920182]19.jpg,MSKU1685954 45G1
[2015-02-10 00:11:29--378943]15.jpg,MAXU2423284 
[2015-02-10 00:11:31--809323]recv conta req 23.jpg! 
[2015-02-10 00:11:32--411468]23.jpg,APHU6639762 45G1
[2015-02-10 00:11:35--812098]recv conta req 27.jpg! 
[2015-02-10 00:11:36--594523]27.jpg,MRKU0995640 42G1
[2015-02-10 00:11:39--816085]recv conta req 31.jpg! 
[2015-02-10 00:11:40--504663]31.jpg,WSDU4921322 45G1
[2015-02-10 00:11:43--819926]recv conta req 35.jpg! 
[2015-02-10 00:11:44--575796]35.jpg,WSDU4920250 45G1
[2015-02-10 00:11:47--824188]recv conta req 4.jpg! 
[2015-02-10 00:11:49--293662]4.jpg,MSKU4011903 22G1
[2015-02-10 00:11:51--829707]recv conta req 8.jpg! 
[2015-02-10 00:11:55--835085]recv conta req 12.jpg! 
[2015-02-10 00:11:57--576095]8.jpg,CCLU6287245 45G1
[2015-02-10 00:11:59--837925]recv conta req 16.jpg! 
[2015-02-10 00:12:01--200430]16.jpg,TEMU3075040 22G1
[2015-02-10 00:12:03--840454]recv conta req 20.jpg! 
[2015-02-10 00:12:05--101526]20.jpg,FCIU4591874 22G1
[2015-02-10 00:12:05--864492]12.jpg,MEDU1861156 22G1
[2015-02-10 00:12:07--842961]recv conta req 24.jpg! 
[2015-02-10 00:12:08--465214]24.jpg,SEGU1904022 22G1
[2015-02-10 00:12:11--846290]recv conta req 28.jpg! 
[2015-02-10 00:12:12--652158]28.jpg,FCIU8609740 45G1
[2015-02-10 00:12:15--849486]recv conta req 32.jpg! 
[2015-02-10 00:12:16--500056]32.jpg,CITU1173790 45G1
[2015-02-10 00:12:19--854859]recv conta req 1.jpg! 
[2015-02-10 00:12:21--589143]1.jpg,MSKU9550132 45G1
[2015-02-10 00:12:23--859891]recv conta req 5.jpg! 
[2015-02-10 00:12:26--630131]5.jpg,IIIU7???46? 22G1
[2015-02-10 00:12:27--864511]recv conta req 9.jpg! 
[2015-02-10 00:12:31--868086]recv conta req 13.jpg! 
[2015-02-10 00:12:35--867671]recv conta req 17.jpg! 
[2015-02-10 00:12:37--136466]9.jpg,MRKU3324814 45G1
[2015-02-10 00:12:38--200399]17.jpg,SEGU1445915 22G1
[2015-02-10 00:12:39--871192]recv conta req 21.jpg! 
[2015-02-10 00:12:40--090634]13.jpg,FSCU7372776 22G1
[2015-02-10 00:12:40--648479]21.jpg,TRLU8984373 22G1
[2015-02-10 00:12:43--874112]recv conta req 25.jpg! 
[2015-02-10 00:12:44--467561]25.jpg, 
[2015-02-10 00:12:47--877245]recv conta req 29.jpg! 
[2015-02-10 00:12:48--487365]29.jpg,SEGU9039975 45R1
[2015-02-10 00:12:51--879569]recv conta req 33.jpg! 
[2015-02-10 00:12:52--759791]33.jpg,PHLU2031555 22G1
[2015-02-10 00:12:55--885907]recv conta req 2.jpg! 
[2015-02-10 00:12:59--704447]2.jpg,GESU5520648 45G1
[2015-02-10 00:12:59--926188]recv conta req 6.jpg! 
[2015-02-10 00:13:02--185392]6.jpg,MRKU8566960 22G1
[2015-02-10 00:13:03--890578]recv conta req 10.jpg! 
[2015-02-10 00:13:07--896360]recv conta req 14.jpg! 
[2015-02-10 00:13:11--896934]recv conta req 18.jpg! 
[2015-02-10 00:13:12--294063]10.jpg,CSLU1475718 22G1
[2015-02-10 00:13:13--661224]18.jpg,CRXU1866805 22G1
[2015-02-10 00:13:15--241804]14.jpg,MRKU9670500 22G1
[2015-02-10 00:13:15--899041]recv conta req 22.jpg! 
[2015-02-10 00:13:16--494211]22.jpg,TCLU2873584 22G1
[2015-02-10 00:13:19--901699]recv conta req 26.jpg! 
[2015-02-10 00:13:20--584117]26.jpg,CRSU9147318 45G1
[2015-02-10 00:13:23--905199]recv conta req 30.jpg! 
[2015-02-10 00:13:24--592508]30.jpg,CMAU4559732 45G1
[2015-02-10 00:13:27--907756]recv conta req 34.jpg! 
[2015-02-10 00:13:28--614366]34.jpg,CMAU4555275 45G1
[2015-02-10 00:13:31--910168]recv conta req 3.jpg! 
[2015-02-10 00:13:35--711680]3.jpg,EITU1067234 45G1
[2015-02-10 00:13:35--914723]recv conta req 7.jpg! 
[2015-02-10 00:13:39--916333]recv conta req 11.jpg! 
[2015-02-10 00:13:43--919902]recv conta req 15.jpg! 
[2015-02-10 00:13:47--922598]recv conta req 19.jpg! 
[2015-02-10 00:13:48--497922]7.jpg, 
[2015-02-10 00:13:48--551456]11.jpg,MSKU0004911 45G1
[2015-02-10 00:13:49--393968]19.jpg,MSKU1685954 45G1
[2015-02-10 00:13:49--499804]15.jpg,MAXU2423284 
[2015-02-10 00:13:51--923578]recv conta req 23.jpg! 
[2015-02-10 00:13:52--551443]23.jpg,APHU6639762 45G1
[2015-02-10 00:13:55--925700]recv conta req 27.jpg! 
[2015-02-10 00:13:56--720846]27.jpg,MRKU0995640 42G1
[2015-02-10 00:13:59--929442]recv conta req 31.jpg! 
[2015-02-10 00:14:00--780975]31.jpg,WSDU4921322 45G1
[2015-02-10 00:14:03--931257]recv conta req 35.jpg! 
[2015-02-10 00:14:04--669974]35.jpg,WSDU4920250 45G1
[2015-02-10 00:14:07--933800]recv conta req 4.jpg! 
[2015-02-10 00:14:09--252853]4.jpg,MSKU4011903 22G1
[2015-02-10 00:14:11--938208]recv conta req 8.jpg! 
[2015-02-10 00:14:15--943184]recv conta req 12.jpg! 
[2015-02-10 00:14:19--305298]8.jpg,CCLU6287245 45G1
[2015-02-10 00:14:19--940204]recv conta req 16.jpg! 
[2015-02-10 00:14:22--003930]16.jpg,TEMU3075040 22G1
[2015-02-10 00:14:23--945988]recv conta req 20.jpg! 
[2015-02-10 00:14:25--188013]20.jpg,FCIU4591874 22G1
[2015-02-10 00:14:26--745450]12.jpg,MEDU1861156 22G1
[2015-02-10 00:14:27--945418]recv conta req 24.jpg! 
[2015-02-10 00:14:28--582487]24.jpg,SEGU1904022 22G1
[2015-02-10 00:14:31--948485]recv conta req 28.jpg! 
[2015-02-10 00:14:32--769249]28.jpg,FCIU8609740 45G1
[2015-02-10 00:14:35--950299]recv conta req 32.jpg! 
[2015-02-10 00:14:36--595000]32.jpg,CITU1173790 45G1
[2015-02-10 00:14:39--953721]recv conta req 1.jpg! 
[2015-02-10 00:14:41--639980]1.jpg,MSKU9550132 45G1
[2015-02-10 00:14:43--955165]recv conta req 5.jpg! 
[2015-02-10 00:14:46--702245]5.jpg,IIIU7???46? 22G1
[2015-02-10 00:14:47--959629]recv conta req 9.jpg! 
[2015-02-10 00:14:51--963637]recv conta req 13.jpg! 
[2015-02-10 00:14:55--707746]9.jpg,MRKU3324814 45G1
[2015-02-10 00:14:55--964495]recv conta req 17.jpg! 
[2015-02-10 00:14:58--420777]17.jpg,SEGU1445915 22G1
[2015-02-10 00:14:59--966040]recv conta req 21.jpg! 
[2015-02-10 00:15:00--347114]13.jpg,FSCU7372776 22G1
[2015-02-10 00:15:00--826864]21.jpg,TRLU8984373 22G1
[2015-02-10 00:15:03--967638]recv conta req 25.jpg! 
[2015-02-10 00:15:04--594821]25.jpg, 
[2015-02-10 00:15:07--969777]recv conta req 29.jpg! 
[2015-02-10 00:15:08--579901]29.jpg,SEGU9039975 45R1
[2015-02-10 00:15:11--973033]recv conta req 33.jpg! 
[2015-02-10 00:15:12--833263]33.jpg,PHLU2031555 22G1
[2015-02-10 00:15:15--975694]recv conta req 2.jpg! 
[2015-02-10 00:15:19--771108]2.jpg,GESU5520648 45G1
[2015-02-10 00:15:19--977339]recv conta req 6.jpg! 
[2015-02-10 00:15:22--303527]6.jpg,MRKU8566960 22G1
[2015-02-10 00:15:23--982781]recv conta req 10.jpg! 
[2015-02-10 00:15:27--984502]recv conta req 14.jpg! 
[2015-02-10 00:15:31--985059]recv conta req 18.jpg! 
[2015-02-10 00:15:33--858055]10.jpg,CSLU1475718 22G1
[2015-02-10 00:15:34--140499]18.jpg,CRXU1866805 22G1
[2015-02-10 00:15:35--819204]14.jpg,MRKU9670500 22G1
[2015-02-10 00:15:35--987595]recv conta req 22.jpg! 
[2015-02-10 00:15:36--606236]22.jpg,TCLU2873584 22G1
[2015-02-10 00:15:39--990470]recv conta req 26.jpg! 
[2015-02-10 00:15:40--710319]26.jpg,CRSU9147318 45G1
[2015-02-10 00:15:43--993044]recv conta req 30.jpg! 
[2015-02-10 00:15:44--586551]30.jpg,CMAU4559732 45G1
[2015-02-10 00:15:47--995551]recv conta req 34.jpg! 
[2015-02-10 00:15:48--748007]34.jpg,CMAU4555275 45G1
[2015-02-10 00:15:51--997699]recv conta req 3.jpg! 
[2015-02-10 00:15:55--791987]3.jpg,EITU1067234 45G1
[2015-02-10 00:15:56--001530]recv conta req 7.jpg! 
[2015-02-10 00:16:00--005039]recv conta req 11.jpg! 
[2015-02-10 00:16:04--006538]recv conta req 15.jpg! 
[2015-02-10 00:16:08--011255]recv conta req 19.jpg! 
[2015-02-10 00:16:09--343735]7.jpg, 
[2015-02-10 00:16:09--429599]15.jpg,MAXU2423284 
[2015-02-10 00:16:09--682862]19.jpg,MSKU1685954 45G1
[2015-02-10 00:16:09--919024]11.jpg,MSKU0004911 45G1
[2015-02-10 00:16:12--010418]recv conta req 23.jpg! 
[2015-02-10 00:16:12--632102]23.jpg,APHU6639762 45G1
[2015-02-10 00:16:16--012386]recv conta req 27.jpg! 
[2015-02-10 00:16:16--809093]27.jpg,MRKU0995640 42G1
[2015-02-10 00:16:20--015663]recv conta req 31.jpg! 
[2015-02-10 00:16:20--666223]31.jpg,WSDU4921322 45G1
[2015-02-10 00:16:24--018037]recv conta req 35.jpg! 
[2015-02-10 00:16:24--774036]35.jpg,WSDU4920250 45G1
[2015-02-10 00:16:28--020465]recv conta req 4.jpg! 
[2015-02-10 00:16:29--519021]4.jpg,MSKU4011903 22G1
[2015-02-10 00:16:32--024962]recv conta req 8.jpg! 
[2015-02-10 00:16:36--027586]recv conta req 12.jpg! 
[2015-02-10 00:16:38--639548]8.jpg,CCLU6287245 45G1
[2015-02-10 00:16:40--027466]recv conta req 16.jpg! 
[2015-02-10 00:16:42--131668]16.jpg,TEMU3075040 22G1
[2015-02-10 00:16:44--030836]recv conta req 20.jpg! 
[2015-02-10 00:16:45--815025]20.jpg,FCIU4591874 22G1
[2015-02-10 00:16:46--933711]12.jpg,MEDU1861156 22G1
[2015-02-10 00:16:48--032977]recv conta req 24.jpg! 
[2015-02-10 00:16:48--688132]24.jpg,SEGU1904022 22G1
[2015-02-10 00:16:52--035222]recv conta req 28.jpg! 
[2015-02-10 00:16:52--850536]28.jpg,FCIU8609740 45G1
[2015-02-10 00:16:56--036951]recv conta req 32.jpg! 
[2015-02-10 00:16:56--697305]32.jpg,CITU1173790 45G1
[2015-02-10 00:17:00--041185]recv conta req 1.jpg! 
[2015-02-10 00:17:01--775917]1.jpg,MSKU9550132 45G1
[2015-02-10 00:17:04--042169]recv conta req 5.jpg! 
[2015-02-10 00:17:06--908722]5.jpg,IIIU7???46? 22G1
[2015-02-10 00:17:08--046050]recv conta req 9.jpg! 
[2015-02-10 00:17:12--047436]recv conta req 13.jpg! 
[2015-02-10 00:17:15--313004]9.jpg,MRKU3324814 45G1
[2015-02-10 00:17:16--051145]recv conta req 17.jpg! 
[2015-02-10 00:17:17--995728]17.jpg,SEGU1445915 22G1
[2015-02-10 00:17:20--054635]recv conta req 21.jpg! 
[2015-02-10 00:17:21--086721]21.jpg,TRLU8984373 22G1
[2015-02-10 00:17:21--998877]13.jpg,FSCU7372776 22G1
[2015-02-10 00:17:24--055542]recv conta req 25.jpg! 
[2015-02-10 00:17:24--666599]25.jpg, 
[2015-02-10 00:17:28--057556]recv conta req 29.jpg! 
[2015-02-10 00:17:28--675463]29.jpg,SEGU9039975 45R1
[2015-02-10 00:17:32--060888]recv conta req 33.jpg! 
[2015-02-10 00:17:32--870800]33.jpg,PHLU2031555 22G1
[2015-02-10 00:17:36--063768]recv conta req 2.jpg! 
[2015-02-10 00:17:39--951722]2.jpg,GESU5520648 45G1
[2015-02-10 00:17:40--065791]recv conta req 6.jpg! 
[2015-02-10 00:17:42--418066]6.jpg,MRKU8566960 22G1
[2015-02-10 00:17:44--069213]recv conta req 10.jpg! 
[2015-02-10 00:17:48--071314]recv conta req 14.jpg! 
[2015-02-10 00:17:52--073825]recv conta req 18.jpg! 
[2015-02-10 00:17:53--669906]10.jpg,CSLU1475718 22G1
[2015-02-10 00:17:54--115969]18.jpg,CRXU1866805 22G1
[2015-02-10 00:17:55--684537]14.jpg,MRKU9670500 22G1
[2015-02-10 00:17:56--074608]recv conta req 22.jpg! 
[2015-02-10 00:17:56--675336]22.jpg,TCLU2873584 22G1
[2015-02-10 00:18:00--078220]recv conta req 26.jpg! 
[2015-02-10 00:18:00--775814]26.jpg,CRSU9147318 45G1
[2015-02-10 00:18:04--080401]recv conta req 30.jpg! 
[2015-02-10 00:18:04--706648]30.jpg,CMAU4559732 45G1
[2015-02-10 00:18:08--082883]recv conta req 34.jpg! 
[2015-02-10 00:18:08--851300]34.jpg,CMAU4555275 45G1
[2015-02-10 00:18:12--085459]recv conta req 3.jpg! 
[2015-02-10 00:18:15--972492]3.jpg,EITU1067234 45G1
[2015-02-10 00:18:16--089021]recv conta req 7.jpg! 
[2015-02-10 00:18:20--092019]recv conta req 11.jpg! 
[2015-02-10 00:18:24--093588]recv conta req 15.jpg! 
[2015-02-10 00:18:25--629652]11.jpg,MSKU0004911 45G1
[2015-02-10 00:18:28--094760]recv conta req 19.jpg! 
[2015-02-10 00:18:29--174458]15.jpg,MAXU2423284 
[2015-02-10 00:18:29--226808]19.jpg,MSKU1685954 45G1
[2015-02-10 00:18:30--129435]7.jpg, 
[2015-02-10 00:18:32--096959]recv conta req 23.jpg! 
[2015-02-10 00:18:32--743432]23.jpg,APHU6639762 45G1
[2015-02-10 00:18:36--100585]recv conta req 27.jpg! 
[2015-02-10 00:18:36--941816]27.jpg,MRKU0995640 42G1
[2015-02-10 00:18:40--105191]recv conta req 31.jpg! 
[2015-02-10 00:18:41--011693]31.jpg,WSDU4921322 45G1
[2015-02-10 00:18:44--106231]recv conta req 35.jpg! 
[2015-02-10 00:18:44--878343]35.jpg,WSDU4920250 45G1
[2015-02-10 00:18:48--108341]recv conta req 4.jpg! 
[2015-02-10 00:18:49--598707]4.jpg,MSKU4011903 22G1
[2015-02-10 00:18:52--112113]recv conta req 8.jpg! 
[2015-02-10 00:18:56--115695]recv conta req 12.jpg! 
[2015-02-10 00:18:57--925517]8.jpg,CCLU6287245 45G1
[2015-02-10 00:19:00--116622]recv conta req 16.jpg! 
[2015-02-10 00:19:01--972198]16.jpg,TEMU3075040 22G1
[2015-02-10 00:19:04--120460]recv conta req 20.jpg! 
[2015-02-10 00:19:05--243564]20.jpg,FCIU4591874 22G1
[2015-02-10 00:19:05--653978]12.jpg,MEDU1861156 22G1
[2015-02-10 00:19:08--123370]recv conta req 24.jpg! 
[2015-02-10 00:19:08--865301]24.jpg,SEGU1904022 22G1
[2015-02-10 00:19:12--128892]recv conta req 28.jpg! 
[2015-02-10 00:19:13--313962]28.jpg,FCIU8609740 45G1
[2015-02-10 00:19:16--129879]recv conta req 32.jpg! 
[2015-02-10 00:19:17--071401]32.jpg,CITU1173790 45G1
[2015-02-10 00:19:20--132634]recv conta req 1.jpg! 
[2015-02-10 00:19:21--857648]1.jpg,MSKU9550132 45G1
[2015-02-10 00:19:24--133359]recv conta req 5.jpg! 
[2015-02-10 00:19:26--904394]5.jpg,IIIU7???46? 22G1
[2015-02-10 00:19:28--136360]recv conta req 9.jpg! 
[2015-02-10 00:19:32--142481]recv conta req 13.jpg! 
[2015-02-10 00:19:35--688540]9.jpg,MRKU3324814 45G1
[2015-02-10 00:19:36--141339]recv conta req 17.jpg! 
[2015-02-10 00:19:37--298799]17.jpg,SEGU1445915 22G1
[2015-02-10 00:19:40--144127]recv conta req 21.jpg! 
[2015-02-10 00:19:40--846232]21.jpg,TRLU8984373 22G1
[2015-02-10 00:19:40--873261]13.jpg,FSCU7372776 22G1
[2015-02-10 00:19:44--147000]recv conta req 25.jpg! 
[2015-02-10 00:19:44--845211]25.jpg, 
[2015-02-10 00:19:48--150233]recv conta req 29.jpg! 
[2015-02-10 00:19:48--853036]29.jpg,SEGU9039975 45R1
[2015-02-10 00:19:52--153321]recv conta req 33.jpg! 
[2015-02-10 00:19:52--946677]33.jpg,PHLU2031555 22G1
[2015-02-10 00:19:56--157395]recv conta req 2.jpg! 
[2015-02-10 00:20:00--076649]2.jpg,GESU5520648 45G1
[2015-02-10 00:20:00--158518]recv conta req 6.jpg! 
[2015-02-10 00:20:02--579483]6.jpg,MRKU8566960 22G1
[2015-02-10 00:20:04--163016]recv conta req 10.jpg! 
[2015-02-10 00:20:08--165168]recv conta req 14.jpg! 
[2015-02-10 00:20:12--166159]recv conta req 18.jpg! 
[2015-02-10 00:20:13--003936]10.jpg,CSLU1475718 22G1
[2015-02-10 00:20:13--975050]18.jpg,CRXU1866805 22G1
[2015-02-10 00:20:15--969815]14.jpg,MRKU9670500 22G1
[2015-02-10 00:20:16--168087]recv conta req 22.jpg! 
[2015-02-10 00:20:16--778312]22.jpg,TCLU2873584 22G1
[2015-02-10 00:20:20--172377]recv conta req 26.jpg! 
[2015-02-10 00:20:20--941863]26.jpg,CRSU9147318 45G1
[2015-02-10 00:20:24--177249]recv conta req 30.jpg! 
[2015-02-10 00:20:24--991860]30.jpg,CMAU4559732 45G1
[2015-02-10 00:20:28--177286]recv conta req 34.jpg! 
[2015-02-10 00:20:28--921132]34.jpg,CMAU4555275 45G1
[2015-02-10 00:20:32--180017]recv conta req 3.jpg! 
[2015-02-10 00:20:36--019005]3.jpg,EITU1067234 45G1
[2015-02-10 00:20:36--183033]recv conta req 7.jpg! 
[2015-02-10 00:20:40--186515]recv conta req 11.jpg! 
[2015-02-10 00:20:44--187381]recv conta req 15.jpg! 
[2015-02-10 00:20:48--189089]recv conta req 19.jpg! 
[2015-02-10 00:20:49--287276]7.jpg, 
[2015-02-10 00:20:49--750833]15.jpg,MAXU2423284 
[2015-02-10 00:20:49--819082]19.jpg,MSKU1685954 45G1
[2015-02-10 00:20:50--179946]11.jpg,MSKU0004911 45G1
[2015-02-10 00:20:52--191415]recv conta req 23.jpg! 
[2015-02-10 00:20:52--830255]23.jpg,APHU6639762 45G1
[2015-02-10 00:20:56--196337]recv conta req 27.jpg! 
[2015-02-10 00:20:57--270575]27.jpg,MRKU0995640 42G1
[2015-02-10 00:21:00--201012]recv conta req 31.jpg! 
[2015-02-10 00:21:01--188022]31.jpg,WSDU4921322 45G1
[2015-02-10 00:21:04--200786]recv conta req 35.jpg! 
[2015-02-10 00:21:05--029247]35.jpg,WSDU4920250 45G1
[2015-02-10 00:21:08--201942]recv conta req 4.jpg! 
[2015-02-10 00:21:09--766981]4.jpg,MSKU4011903 22G1
[2015-02-10 00:21:12--206543]recv conta req 8.jpg! 
[2015-02-10 00:21:16--212392]recv conta req 12.jpg! 
[2015-02-10 00:21:18--310090]8.jpg,CCLU6287245 45G1
[2015-02-10 00:21:20--210355]recv conta req 16.jpg! 
[2015-02-10 00:21:22--151677]16.jpg,TEMU3075040 22G1
[2015-02-10 00:21:24--213801]recv conta req 20.jpg! 
[2015-02-10 00:21:25--278376]20.jpg,FCIU4591874 22G1
[2015-02-10 00:21:26--312446]12.jpg,MEDU1861156 22G1
[2015-02-10 00:21:28--217516]recv conta req 24.jpg! 
[2015-02-10 00:21:28--941023]24.jpg,SEGU1904022 22G1
[2015-02-10 00:21:32--223294]recv conta req 28.jpg! 
[2015-02-10 00:21:33--231133]28.jpg,FCIU8609740 45G1
[2015-02-10 00:21:36--224620]recv conta req 32.jpg! 
[2015-02-10 00:21:37--229134]32.jpg,CITU1173790 45G1
[2015-02-10 00:21:40--227560]recv conta req 1.jpg! 
[2015-02-10 00:21:41--985011]1.jpg,MSKU9550132 45G1
[2015-02-10 00:21:44--227488]recv conta req 5.jpg! 
[2015-02-10 00:21:46--984262]5.jpg,IIIU7???46? 22G1
[2015-02-10 00:21:48--232416]recv conta req 9.jpg! 
[2015-02-10 00:21:52--234153]recv conta req 13.jpg! 
[2015-02-10 00:21:56--235446]recv conta req 17.jpg! 
[2015-02-10 00:21:57--107231]9.jpg,MRKU3324814 45G1
[2015-02-10 00:21:58--245460]17.jpg,SEGU1445915 22G1
[2015-02-10 00:22:00--237936]recv conta req 21.jpg! 
[2015-02-10 00:22:00--772947]13.jpg,FSCU7372776 22G1
[2015-02-10 00:22:01--156990]21.jpg,TRLU8984373 22G1
[2015-02-10 00:22:04--242056]recv conta req 25.jpg! 
[2015-02-10 00:22:04--978716]25.jpg, 
[2015-02-10 00:22:08--244302]recv conta req 29.jpg! 
[2015-02-10 00:22:08--915951]29.jpg,SEGU9039975 45R1
[2015-02-10 00:22:12--247505]recv conta req 33.jpg! 
[2015-02-10 00:22:13--126447]33.jpg,PHLU2031555 22G1
[2015-02-10 00:22:16--252075]recv conta req 2.jpg! 
[2015-02-10 00:22:20--161887]2.jpg,GESU5520648 45G1
[2015-02-10 00:22:20--255459]recv conta req 6.jpg! 
[2015-02-10 00:22:22--693756]6.jpg,MRKU8566960 22G1
[2015-02-10 00:22:24--257853]recv conta req 10.jpg! 
[2015-02-10 00:22:28--259995]recv conta req 14.jpg! 
[2015-02-10 00:22:32--260422]recv conta req 18.jpg! 
[2015-02-10 00:22:34--428977]18.jpg,CRXU1866805 22G1
[2015-02-10 00:22:34--762568]10.jpg,CSLU1475718 22G1
[2015-02-10 00:22:36--077745]14.jpg,MRKU9670500 22G1
[2015-02-10 00:22:36--262269]recv conta req 22.jpg! 
[2015-02-10 00:22:36--979159]22.jpg,TCLU2873584 22G1
[2015-02-10 00:22:40--268783]recv conta req 26.jpg! 
[2015-02-10 00:22:41--154163]26.jpg,CRSU9147318 45G1
[2015-02-10 00:22:44--272075]recv conta req 30.jpg! 
[2015-02-10 00:22:45--124688]30.jpg,CMAU4559732 45G1
[2015-02-10 00:22:48--272192]recv conta req 34.jpg! 
[2015-02-10 00:22:49--009773]34.jpg,CMAU4555275 45G1
[2015-02-10 00:22:52--275986]recv conta req 3.jpg! 
[2015-02-10 00:22:56--207320]3.jpg,EITU1067234 45G1
[2015-02-10 00:22:56--278563]recv conta req 7.jpg! 
[2015-02-10 00:23:00--280664]recv conta req 11.jpg! 
[2015-02-10 00:23:04--285390]recv conta req 15.jpg! 
[2015-02-10 00:23:08--289157]recv conta req 19.jpg! 
[2015-02-10 00:23:10--061563]7.jpg, 
[2015-02-10 00:23:11--041259]19.jpg,MSKU1685954 45G1
[2015-02-10 00:23:12--175751]15.jpg,MAXU2423284 
[2015-02-10 00:23:12--292453]recv conta req 23.jpg! 
[2015-02-10 00:23:13--704868]11.jpg,MSKU0004911 45G1
[2015-02-10 00:23:14--045940]23.jpg,APHU6639762 45G1
[2015-02-10 00:23:16--296093]recv conta req 27.jpg! 
[2015-02-10 00:23:17--288158]27.jpg,MRKU0995640 42G1
[2015-02-10 00:23:20--300789]recv conta req 31.jpg! 
[2015-02-10 00:23:21--176265]31.jpg,WSDU4921322 45G1
[2015-02-10 00:23:24--302997]recv conta req 35.jpg! 
[2015-02-10 00:23:25--264460]35.jpg,WSDU4920250 45G1
[2015-02-10 00:23:28--307094]recv conta req 4.jpg! 
[2015-02-10 00:23:30--217838]4.jpg,MSKU4011903 22G1
[2015-02-10 00:23:32--313237]recv conta req 8.jpg! 
[2015-02-10 00:23:36--321270]recv conta req 12.jpg! 
[2015-02-10 00:23:38--738832]8.jpg,CCLU6287245 45G1
[2015-02-10 00:23:40--320165]recv conta req 16.jpg! 
[2015-02-10 00:23:43--383582]16.jpg,TEMU3075040 22G1
[2015-02-10 00:23:44--324636]recv conta req 20.jpg! 
[2015-02-10 00:23:47--105500]20.jpg,FCIU4591874 22G1
[2015-02-10 00:23:48--327475]recv conta req 24.jpg! 
[2015-02-10 00:23:49--908543]24.jpg,SEGU1904022 22G1
[2015-02-10 00:23:49--962901]12.jpg,MEDU1861156 22G1
[2015-02-10 00:23:52--332889]recv conta req 28.jpg! 
[2015-02-10 00:23:53--404775]28.jpg,FCIU8609740 45G1
[2015-02-10 00:23:56--334277]recv conta req 32.jpg! 
[2015-02-10 00:23:57--010193]32.jpg,CITU1173790 45G1
[2015-02-10 00:24:00--340153]recv conta req 1.jpg! 
[2015-02-10 00:24:02--135056]1.jpg,MSKU9550132 45G1
[2015-02-10 00:24:04--343694]recv conta req 5.jpg! 
[2015-02-10 00:24:07--499985]5.jpg,IIIU7???46? 22G1
[2015-02-10 00:24:08--352141]recv conta req 9.jpg! 
[2015-02-10 00:24:12--360111]recv conta req 13.jpg! 
[2015-02-10 00:24:15--998027]9.jpg,MRKU3324814 45G1
[2015-02-10 00:24:16--357772]recv conta req 17.jpg! 
[2015-02-10 00:24:18--672326]17.jpg,SEGU1445915 22G1
[2015-02-10 00:24:20--360271]recv conta req 21.jpg! 
[2015-02-10 00:24:21--507062]13.jpg,FSCU7372776 22G1
[2015-02-10 00:24:21--650952]21.jpg,TRLU8984373 22G1
[2015-02-10 00:24:24--365708]recv conta req 25.jpg! 
[2015-02-10 00:24:25--207296]25.jpg, 
[2015-02-10 00:24:28--372165]recv conta req 29.jpg! 
[2015-02-10 00:24:29--217141]29.jpg,SEGU9039975 45R1
[2015-02-10 00:24:32--372945]recv conta req 33.jpg! 
[2015-02-10 00:24:33--256592]33.jpg,PHLU2031555 22G1
[2015-02-10 00:24:36--376345]recv conta req 2.jpg! 
[2015-02-10 00:24:40--263993]2.jpg,GESU5520648 45G1
[2015-02-10 00:24:40--380280]recv conta req 6.jpg! 
[2015-02-10 00:24:43--142109]6.jpg,MRKU8566960 22G1
[2015-02-10 00:24:44--390577]recv conta req 10.jpg! 
[2015-02-10 00:24:48--392899]recv conta req 14.jpg! 
[2015-02-10 00:24:52--394065]recv conta req 18.jpg! 
[2015-02-10 00:24:55--642073]18.jpg,CRXU1866805 22G1
[2015-02-10 00:24:56--397752]recv conta req 22.jpg! 
[2015-02-10 00:24:59--156463]22.jpg,TCLU2873584 22G1
[2015-02-10 00:24:59--158383]14.jpg,MRKU9670500 22G1
[2015-02-10 00:24:59--387408]10.jpg,CSLU1475718 22G1
[2015-02-10 00:25:00--402329]recv conta req 26.jpg! 
[2015-02-10 00:25:01--303111]26.jpg,CRSU9147318 45G1
[2015-02-10 00:25:04--406858]recv conta req 30.jpg! 
[2015-02-10 00:25:05--158869]30.jpg,CMAU4559732 45G1
[2015-02-10 00:25:08--411977]recv conta req 34.jpg! 
[2015-02-10 00:25:09--375793]34.jpg,CMAU4555275 45G1
[2015-02-10 00:25:12--415483]recv conta req 3.jpg! 
[2015-02-10 00:25:16--424175]recv conta req 7.jpg! 
[2015-02-10 00:25:16--702078]3.jpg,EITU1067234 45G1
[2015-02-10 00:25:20--430463]recv conta req 11.jpg! 
[2015-02-10 00:25:24--430997]recv conta req 15.jpg! 
[2015-02-10 00:25:28--432825]recv conta req 19.jpg! 
[2015-02-10 00:25:30--563943]19.jpg,MSKU1685954 45G1
[2015-02-10 00:25:30--896454]15.jpg,MAXU2423284 
[2015-02-10 00:25:31--637339]7.jpg, 
[2015-02-10 00:25:32--092298]11.jpg,MSKU0004911 45G1
[2015-02-10 00:25:32--476045]recv conta req 23.jpg! 
[2015-02-10 00:25:33--148085]23.jpg,APHU6639762 45G1
[2015-02-10 00:25:36--440526]recv conta req 27.jpg! 
[2015-02-10 00:25:37--292908]27.jpg,MRKU0995640 42G1
[2015-02-10 00:25:40--446772]recv conta req 31.jpg! 
[2015-02-10 00:25:41--335113]31.jpg,WSDU4921322 45G1
[2015-02-10 00:25:44--450714]recv conta req 35.jpg! 
[2015-02-10 00:25:45--255282]35.jpg,WSDU4920250 45G1
[2015-02-10 00:25:48--454280]recv conta req 4.jpg! 
[2015-02-10 00:25:50--043404]4.jpg,MSKU4011903 22G1
[2015-02-10 00:25:52--460975]recv conta req 8.jpg! 
[2015-02-10 00:25:56--463955]recv conta req 12.jpg! 
[2015-02-10 00:25:58--979951]8.jpg,CCLU6287245 45G1
[2015-02-10 00:26:00--465516]recv conta req 16.jpg! 
[2015-02-10 00:26:02--286125]16.jpg,TEMU3075040 22G1
[2015-02-10 00:26:04--469385]recv conta req 20.jpg! 
[2015-02-10 00:26:06--325020]20.jpg,FCIU4591874 22G1
[2015-02-10 00:26:08--362860]12.jpg,MEDU1861156 22G1
[2015-02-10 00:26:08--472450]recv conta req 24.jpg! 
[2015-02-10 00:26:09--193293]24.jpg,SEGU1904022 22G1
[2015-02-10 00:26:12--475586]recv conta req 28.jpg! 
[2015-02-10 00:26:13--502995]28.jpg,FCIU8609740 45G1
[2015-02-10 00:26:16--479282]recv conta req 32.jpg! 
[2015-02-10 00:26:17--205599]32.jpg,CITU1173790 45G1
[2015-02-10 00:26:20--487078]recv conta req 1.jpg! 
[2015-02-10 00:26:22--250136]1.jpg,MSKU9550132 45G1
[2015-02-10 00:26:24--487332]recv conta req 5.jpg! 
[2015-02-10 00:26:27--234768]5.jpg,IIIU7???46? 22G1
[2015-02-10 00:26:28--493517]recv conta req 9.jpg! 
[2015-02-10 00:26:32--496265]recv conta req 13.jpg! 
[2015-02-10 00:26:36--498316]recv conta req 17.jpg! 
[2015-02-10 00:26:38--387170]17.jpg,SEGU1445915 22G1
[2015-02-10 00:26:38--566123]9.jpg,MRKU3324814 45G1
[2015-02-10 00:26:40--087224]13.jpg,FSCU7372776 22G1
[2015-02-10 00:26:40--502745]recv conta req 21.jpg! 
[2015-02-10 00:26:41--221087]21.jpg,TRLU8984373 22G1
[2015-02-10 00:26:44--505930]recv conta req 25.jpg! 
[2015-02-10 00:26:45--154752]25.jpg, 
[2015-02-10 00:26:48--511184]recv conta req 29.jpg! 
[2015-02-10 00:26:49--168403]29.jpg,SEGU9039975 45R1
[2015-02-10 00:26:52--515894]recv conta req 33.jpg! 
[2015-02-10 00:26:53--414578]33.jpg,PHLU2031555 22G1
[2015-02-10 00:26:56--521882]recv conta req 2.jpg! 
[2015-02-10 00:27:00--257204]2.jpg,GESU5520648 45G1
[2015-02-10 00:27:00--525174]recv conta req 6.jpg! 
[2015-02-10 00:27:02--864238]6.jpg,MRKU8566960 22G1
[2015-02-10 00:27:04--533721]recv conta req 10.jpg! 
[2015-02-10 00:27:08--536567]recv conta req 14.jpg! 
[2015-02-10 00:27:12--539649]recv conta req 18.jpg! 
[2015-02-10 00:27:13--408579]10.jpg,CSLU1475718 22G1
[2015-02-10 00:27:14--087177]18.jpg,CRXU1866805 22G1
[2015-02-10 00:27:15--321503]14.jpg,MRKU9670500 22G1
[2015-02-10 00:27:16--543053]recv conta req 22.jpg! 
[2015-02-10 00:27:17--144888]22.jpg,TCLU2873584 22G1
[2015-02-10 00:27:20--548765]recv conta req 26.jpg! 
[2015-02-10 00:27:21--452869]26.jpg,CRSU9147318 45G1
[2015-02-10 00:27:24--552607]recv conta req 30.jpg! 
[2015-02-10 00:27:25--212603]30.jpg,CMAU4559732 45G1
[2015-02-10 00:27:28--555713]recv conta req 34.jpg! 
[2015-02-10 00:27:29--268169]34.jpg,CMAU4555275 45G1
[2015-02-10 00:27:32--558822]recv conta req 3.jpg! 
[2015-02-10 00:27:36--248729]3.jpg,EITU1067234 45G1
[2015-02-10 00:27:36--565801]recv conta req 7.jpg! 
[2015-02-10 00:27:40--570845]recv conta req 11.jpg! 
[2015-02-10 00:27:44--573987]recv conta req 15.jpg! 
[2015-02-10 00:27:48--045887]15.jpg,MAXU2423284 
[2015-02-10 00:27:48--574799]recv conta req 19.jpg! 
[2015-02-10 00:27:49--169473]11.jpg,MSKU0004911 45G1
[2015-02-10 00:27:49--763511]7.jpg, 
[2015-02-10 00:27:49--853797]19.jpg,MSKU1685954 45G1
[2015-02-10 00:27:52--579843]recv conta req 23.jpg! 
[2015-02-10 00:27:53--224190]23.jpg,APHU6639762 45G1
[2015-02-10 00:27:56--584328]recv conta req 27.jpg! 
[2015-02-10 00:27:57--444973]27.jpg,MRKU0995640 42G1
[2015-02-10 00:28:00--589683]recv conta req 31.jpg! 
[2015-02-10 00:28:01--430418]31.jpg,WSDU4921322 45G1
[2015-02-10 00:28:04--592162]recv conta req 35.jpg! 
[2015-02-10 00:28:05--335083]35.jpg,WSDU4920250 45G1
[2015-02-10 00:28:08--596574]recv conta req 4.jpg! 
[2015-02-10 00:28:10--026208]4.jpg,MSKU4011903 22G1
[2015-02-10 00:28:12--602730]recv conta req 8.jpg! 
[2015-02-10 00:28:16--608885]recv conta req 12.jpg! 
[2015-02-10 00:28:18--372948]8.jpg,CCLU6287245 45G1
[2015-02-10 00:28:20--606529]recv conta req 16.jpg! 
[2015-02-10 00:28:22--620032]16.jpg,TEMU3075040 22G1
[2015-02-10 00:28:24--610449]recv conta req 20.jpg! 
[2015-02-10 00:28:25--841889]20.jpg,FCIU4591874 22G1
[2015-02-10 00:28:26--925754]12.jpg,MEDU1861156 22G1
[2015-02-10 00:28:28--613903]recv conta req 24.jpg! 
[2015-02-10 00:28:29--387591]24.jpg,SEGU1904022 22G1
[2015-02-10 00:28:32--619777]recv conta req 28.jpg! 
[2015-02-10 00:28:33--372543]28.jpg,FCIU8609740 45G1
[2015-02-10 00:28:36--623057]recv conta req 32.jpg! 
[2015-02-10 00:28:37--325045]32.jpg,CITU1173790 45G1
[2015-02-10 00:28:40--629903]recv conta req 1.jpg! 
[2015-02-10 00:28:42--278973]1.jpg,MSKU9550132 45G1
[2015-02-10 00:28:44--630278]recv conta req 5.jpg! 
[2015-02-10 00:28:47--345607]5.jpg,IIIU7???46? 22G1
[2015-02-10 00:28:48--637296]recv conta req 9.jpg! 
[2015-02-10 00:28:52--642626]recv conta req 13.jpg! 
[2015-02-10 00:28:56--623173]9.jpg,MRKU3324814 45G1
[2015-02-10 00:28:56--644866]recv conta req 17.jpg! 
[2015-02-10 00:28:58--632562]17.jpg,SEGU1445915 22G1
[2015-02-10 00:29:00--649654]recv conta req 21.jpg! 
[2015-02-10 00:29:01--544826]21.jpg,TRLU8984373 22G1
[2015-02-10 00:29:01--629661]13.jpg,FSCU7372776 22G1
[2015-02-10 00:29:04--650301]recv conta req 25.jpg! 
[2015-02-10 00:29:05--266315]25.jpg, 
[2015-02-10 00:29:08--654128]recv conta req 29.jpg! 
[2015-02-10 00:29:09--255373]29.jpg,SEGU9039975 45R1
[2015-02-10 00:29:12--658145]recv conta req 33.jpg! 
[2015-02-10 00:29:13--455620]33.jpg,PHLU2031555 22G1
[2015-02-10 00:29:16--662850]recv conta req 2.jpg! 
[2015-02-10 00:29:20--538207]2.jpg,GESU5520648 45G1
[2015-02-10 00:29:20--666887]recv conta req 6.jpg! 
[2015-02-10 00:29:23--074768]6.jpg,MRKU8566960 22G1
[2015-02-10 00:29:24--672288]recv conta req 10.jpg! 
[2015-02-10 00:29:28--676702]recv conta req 14.jpg! 
[2015-02-10 00:29:32--682496]recv conta req 18.jpg! 
[2015-02-10 00:29:34--444544]18.jpg,CRXU1866805 22G1
[2015-02-10 00:29:35--475617]10.jpg,CSLU1475718 22G1
[2015-02-10 00:29:36--686426]recv conta req 22.jpg! 
[2015-02-10 00:29:36--736031]14.jpg,MRKU9670500 22G1
[2015-02-10 00:29:37--315856]22.jpg,TCLU2873584 22G1
[2015-02-10 00:29:40--691427]recv conta req 26.jpg! 
[2015-02-10 00:29:41--397445]26.jpg,CRSU9147318 45G1
[2015-02-10 00:29:44--695240]recv conta req 30.jpg! 
[2015-02-10 00:29:45--296900]30.jpg,CMAU4559732 45G1
[2015-02-10 00:29:48--699810]recv conta req 34.jpg! 
[2015-02-10 00:29:49--442069]34.jpg,CMAU4555275 45G1
[2015-02-10 00:29:52--705459]recv conta req 3.jpg! 
[2015-02-10 00:29:56--533348]3.jpg,EITU1067234 45G1
[2015-02-10 00:29:56--712038]recv conta req 7.jpg! 
[2015-02-10 00:30:00--714562]recv conta req 11.jpg! 
[2015-02-10 00:30:04--720257]recv conta req 15.jpg! 
[2015-02-10 00:30:08--721967]recv conta req 19.jpg! 
[2015-02-10 00:30:09--673559]11.jpg,MSKU0004911 45G1
[2015-02-10 00:30:10--009755]7.jpg, 
[2015-02-10 00:30:10--209314]19.jpg,MSKU1685954 45G1
[2015-02-10 00:30:10--455626]15.jpg,MAXU2423284 
[2015-02-10 00:30:12--725472]recv conta req 23.jpg! 
[2015-02-10 00:30:13--313062]23.jpg,APHU6639762 45G1
[2015-02-10 00:30:16--729757]recv conta req 27.jpg! 
[2015-02-10 00:30:17--529902]27.jpg,MRKU0995640 42G1
[2015-02-10 00:30:20--734269]recv conta req 31.jpg! 
[2015-02-10 00:30:21--380168]31.jpg,WSDU4921322 45G1
[2015-02-10 00:30:24--738470]recv conta req 35.jpg! 
[2015-02-10 00:30:25--522832]35.jpg,WSDU4920250 45G1
[2015-02-10 00:30:28--743328]recv conta req 4.jpg! 
[2015-02-10 00:30:30--250500]4.jpg,MSKU4011903 22G1
[2015-02-10 00:30:32--751252]recv conta req 8.jpg! 
[2015-02-10 00:30:36--756683]recv conta req 12.jpg! 
[2015-02-10 00:30:38--385499]8.jpg,CCLU6287245 45G1
[2015-02-10 00:30:40--756121]recv conta req 16.jpg! 
[2015-02-10 00:30:42--983089]16.jpg,TEMU3075040 22G1
[2015-02-10 00:30:44--760902]recv conta req 20.jpg! 
[2015-02-10 00:30:46--342545]20.jpg,FCIU4591874 22G1
[2015-02-10 00:30:47--903674]12.jpg,MEDU1861156 22G1
[2015-02-10 00:30:48--764531]recv conta req 24.jpg! 
[2015-02-10 00:30:49--410835]24.jpg,SEGU1904022 22G1
[2015-02-10 00:30:52--768531]recv conta req 28.jpg! 
[2015-02-10 00:30:53--570299]28.jpg,FCIU8609740 45G1
[2015-02-10 00:30:56--773323]recv conta req 32.jpg! 
[2015-02-10 00:30:57--425971]32.jpg,CITU1173790 45G1
[2015-02-10 00:31:00--778313]recv conta req 1.jpg! 
[2015-02-10 00:31:02--465379]1.jpg,MSKU9550132 45G1
[2015-02-10 00:31:04--781734]recv conta req 5.jpg! 
[2015-02-10 00:31:07--740701]5.jpg,IIIU7???46? 22G1
[2015-02-10 00:31:08--790117]recv conta req 9.jpg! 
[2015-02-10 00:31:12--791098]recv conta req 13.jpg! 
[2015-02-10 00:31:16--795602]recv conta req 17.jpg! 
[2015-02-10 00:31:17--191734]9.jpg,MRKU3324814 45G1
[2015-02-10 00:31:18--690810]17.jpg,SEGU1445915 22G1
[2015-02-10 00:31:20--797505]recv conta req 21.jpg! 
[2015-02-10 00:31:21--521705]13.jpg,FSCU7372776 22G1
[2015-02-10 00:31:21--976284]21.jpg,TRLU8984373 22G1
[2015-02-10 00:31:24--800388]recv conta req 25.jpg! 
[2015-02-10 00:31:25--415893]25.jpg, 
[2015-02-10 00:31:28--803569]recv conta req 29.jpg! 
[2015-02-10 00:31:29--405153]29.jpg,SEGU9039975 45R1
[2015-02-10 00:31:32--808916]recv conta req 33.jpg! 
[2015-02-10 00:31:33--689440]33.jpg,PHLU2031555 22G1
[2015-02-10 00:31:36--815690]recv conta req 2.jpg! 
[2015-02-10 00:31:40--692584]2.jpg,GESU5520648 45G1
[2015-02-10 00:31:40--816771]recv conta req 6.jpg! 
[2015-02-10 00:31:43--242412]6.jpg,MRKU8566960 22G1
[2015-02-10 00:31:44--821427]recv conta req 10.jpg! 
[2015-02-10 00:31:48--825651]recv conta req 14.jpg! 
[2015-02-10 00:31:52--832408]recv conta req 18.jpg! 
[2015-02-10 00:31:55--171677]18.jpg,CRXU1866805 22G1
[2015-02-10 00:31:55--688335]10.jpg,CSLU1475718 22G1
[2015-02-10 00:31:56--649968]14.jpg,MRKU9670500 22G1
[2015-02-10 00:31:56--830451]recv conta req 22.jpg! 
[2015-02-10 00:31:57--439313]22.jpg,TCLU2873584 22G1
[2015-02-10 00:32:00--832180]recv conta req 26.jpg! 
[2015-02-10 00:32:01--522551]26.jpg,CRSU9147318 45G1
[2015-02-10 00:32:04--836284]recv conta req 30.jpg! 
[2015-02-10 00:32:05--462020]30.jpg,CMAU4559732 45G1
[2015-02-10 00:32:08--840117]recv conta req 34.jpg! 
[2015-02-10 00:32:09--538789]34.jpg,CMAU4555275 45G1
[2015-02-10 00:32:12--843655]recv conta req 3.jpg! 
[2015-02-10 00:32:16--610418]3.jpg,EITU1067234 45G1
[2015-02-10 00:32:16--850035]recv conta req 7.jpg! 
[2015-02-10 00:32:20--852900]recv conta req 11.jpg! 
[2015-02-10 00:32:24--856925]recv conta req 15.jpg! 
[2015-02-10 00:32:27--791417]7.jpg, 
[2015-02-10 00:32:28--858218]recv conta req 19.jpg! 
[2015-02-10 00:32:30--125398]15.jpg,MAXU2423284 
[2015-02-10 00:32:30--470346]19.jpg,MSKU1685954 45G1
[2015-02-10 00:32:31--196023]11.jpg,MSKU0004911 45G1
[2015-02-10 00:32:32--860662]recv conta req 23.jpg! 
[2015-02-10 00:32:33--460450]23.jpg,APHU6639762 45G1
[2015-02-10 00:32:36--864489]recv conta req 27.jpg! 
[2015-02-10 00:32:37--682621]27.jpg,MRKU0995640 42G1
[2015-02-10 00:32:40--868414]recv conta req 31.jpg! 
[2015-02-10 00:32:41--552029]31.jpg,WSDU4921322 45G1
[2015-02-10 00:32:44--871455]recv conta req 35.jpg! 
[2015-02-10 00:32:45--607690]35.jpg,WSDU4920250 45G1
[2015-02-10 00:32:48--874488]recv conta req 4.jpg! 
[2015-02-10 00:32:50--294908]4.jpg,MSKU4011903 22G1
[2015-02-10 00:32:52--880155]recv conta req 8.jpg! 
[2015-02-10 00:32:56--882721]recv conta req 12.jpg! 
[2015-02-10 00:32:58--756975]8.jpg,CCLU6287245 45G1
[2015-02-10 00:33:00--884370]recv conta req 16.jpg! 
[2015-02-10 00:33:02--299305]16.jpg,TEMU3075040 22G1
[2015-02-10 00:33:04--888630]recv conta req 20.jpg! 
[2015-02-10 00:33:06--103132]20.jpg,FCIU4591874 22G1
[2015-02-10 00:33:07--355033]12.jpg,MEDU1861156 22G1
[2015-02-10 00:33:08--892527]recv conta req 24.jpg! 
[2015-02-10 00:33:09--552533]24.jpg,SEGU1904022 22G1
[2015-02-10 00:33:12--894288]recv conta req 28.jpg! 
[2015-02-10 00:33:13--717297]28.jpg,FCIU8609740 45G1
[2015-02-10 00:33:16--896409]recv conta req 32.jpg! 
[2015-02-10 00:33:17--540664]32.jpg,CITU1173790 45G1
[2015-02-10 00:33:20--899666]recv conta req 1.jpg! 
[2015-02-10 00:33:22--586767]1.jpg,MSKU9550132 45G1
[2015-02-10 00:33:24--902629]recv conta req 5.jpg! 
[2015-02-10 00:33:27--662987]5.jpg,IIIU7???46? 22G1
[2015-02-10 00:33:28--906374]recv conta req 9.jpg! 
[2015-02-10 00:33:32--908488]recv conta req 13.jpg! 
[2015-02-10 00:33:36--474371]9.jpg,MRKU3324814 45G1
[2015-02-10 00:33:36--910817]recv conta req 17.jpg! 
[2015-02-10 00:33:39--020780]17.jpg,SEGU1445915 22G1
[2015-02-10 00:33:40--651001]13.jpg,FSCU7372776 22G1
[2015-02-10 00:33:40--914487]recv conta req 21.jpg! 
[2015-02-10 00:33:41--611173]21.jpg,TRLU8984373 22G1
[2015-02-10 00:33:44--916357]recv conta req 25.jpg! 
[2015-02-10 00:33:45--510500]25.jpg, 
[2015-02-10 00:33:48--918569]recv conta req 29.jpg! 
[2015-02-10 00:33:49--504313]29.jpg,SEGU9039975 45R1
[2015-02-10 00:33:52--921689]recv conta req 33.jpg! 
[2015-02-10 00:33:53--766390]33.jpg,PHLU2031555 22G1
[2015-02-10 00:33:56--924657]recv conta req 2.jpg! 
[2015-02-10 00:34:00--855803]2.jpg,GESU5520648 45G1
[2015-02-10 00:34:00--926465]recv conta req 6.jpg! 
[2015-02-10 00:34:03--183341]6.jpg,MRKU8566960 22G1
[2015-02-10 00:34:04--930168]recv conta req 10.jpg! 
[2015-02-10 00:34:08--932194]recv conta req 14.jpg! 
[2015-02-10 00:34:12--934853]recv conta req 18.jpg! 
[2015-02-10 00:34:14--918800]18.jpg,CRXU1866805 22G1
[2015-02-10 00:34:15--110609]10.jpg,CSLU1475718 22G1
[2015-02-10 00:34:16--937380]recv conta req 22.jpg! 
[2015-02-10 00:34:17--208770]14.jpg,MRKU9670500 22G1
[2015-02-10 00:34:17--580368]22.jpg,TCLU2873584 22G1
[2015-02-10 00:34:20--939952]recv conta req 26.jpg! 
[2015-02-10 00:34:21--637140]26.jpg,CRSU9147318 45G1
[2015-02-10 00:34:24--942615]recv conta req 30.jpg! 
[2015-02-10 00:34:25--522767]30.jpg,CMAU4559732 45G1
[2015-02-10 00:34:28--944798]recv conta req 34.jpg! 
[2015-02-10 00:34:29--657681]34.jpg,CMAU4555275 45G1
[2015-02-10 00:34:32--946856]recv conta req 3.jpg! 
[2015-02-10 00:34:36--716200]3.jpg,EITU1067234 45G1
[2015-02-10 00:34:36--950009]recv conta req 7.jpg! 
[2015-02-10 00:34:40--953074]recv conta req 11.jpg! 
[2015-02-10 00:34:44--955187]recv conta req 15.jpg! 
[2015-02-10 00:34:48--957003]recv conta req 19.jpg! 
[2015-02-10 00:34:49--442828]11.jpg,MSKU0004911 45G1
[2015-02-10 00:34:50--384904]19.jpg,MSKU1685954 45G1
[2015-02-10 00:34:50--631631]15.jpg,MAXU2423284 
[2015-02-10 00:34:51--596624]7.jpg, 
[2015-02-10 00:34:52--959307]recv conta req 23.jpg! 
[2015-02-10 00:34:53--569755]23.jpg,APHU6639762 45G1
[2015-02-10 00:34:56--961693]recv conta req 27.jpg! 
[2015-02-10 00:34:57--801110]27.jpg,MRKU0995640 42G1
[2015-02-10 00:35:00--964793]recv conta req 31.jpg! 
[2015-02-10 00:35:01--623422]31.jpg,WSDU4921322 45G1
[2015-02-10 00:35:04--967203]recv conta req 35.jpg! 
[2015-02-10 00:35:05--731158]35.jpg,WSDU4920250 45G1
[2015-02-10 00:35:08--969751]recv conta req 4.jpg! 
[2015-02-10 00:35:10--386959]4.jpg,MSKU4011903 22G1
[2015-02-10 00:35:12--974090]recv conta req 8.jpg! 
[2015-02-10 00:35:16--981105]recv conta req 12.jpg! 
[2015-02-10 00:35:20--257676]8.jpg,CCLU6287245 45G1
[2015-02-10 00:35:20--977252]recv conta req 16.jpg! 
[2015-02-10 00:35:23--158553]16.jpg,TEMU3075040 22G1
[2015-02-10 00:35:24--981691]recv conta req 20.jpg! 
[2015-02-10 00:35:26--407143]20.jpg,FCIU4591874 22G1
[2015-02-10 00:35:27--803315]12.jpg,MEDU1861156 22G1
[2015-02-10 00:35:28--982959]recv conta req 24.jpg! 
[2015-02-10 00:35:29--641723]24.jpg,SEGU1904022 22G1
[2015-02-10 00:35:32--985451]recv conta req 28.jpg! 
[2015-02-10 00:35:33--796246]28.jpg,FCIU8609740 45G1
[2015-02-10 00:35:36--987434]recv conta req 32.jpg! 
[2015-02-10 00:35:37--643759]32.jpg,CITU1173790 45G1
[2015-02-10 00:35:40--990859]recv conta req 1.jpg! 
[2015-02-10 00:35:42--685303]1.jpg,MSKU9550132 45G1
[2015-02-10 00:35:44--992316]recv conta req 5.jpg! 
[2015-02-10 00:35:47--940732]5.jpg,IIIU7???46? 22G1
[2015-02-10 00:35:48--998633]recv conta req 9.jpg! 
[2015-02-10 00:35:53--001550]recv conta req 13.jpg! 
[2015-02-10 00:35:57--000460]recv conta req 17.jpg! 
[2015-02-10 00:35:57--055459]9.jpg,MRKU3324814 45G1
[2015-02-10 00:35:59--292862]17.jpg,SEGU1445915 22G1
[2015-02-10 00:36:01--002968]recv conta req 21.jpg! 
[2015-02-10 00:36:01--857942]13.jpg,FSCU7372776 22G1
[2015-02-10 00:36:02--084224]21.jpg,TRLU8984373 22G1
[2015-02-10 00:36:05--005229]recv conta req 25.jpg! 
[2015-02-10 00:36:05--613737]25.jpg, 
[2015-02-10 00:36:09--007196]recv conta req 29.jpg! 
[2015-02-10 00:36:09--599692]29.jpg,SEGU9039975 45R1
[2015-02-10 00:36:13--010471]recv conta req 33.jpg! 
[2015-02-10 00:36:13--882425]33.jpg,PHLU2031555 22G1
[2015-02-10 00:36:17--013404]recv conta req 2.jpg! 
[2015-02-10 00:36:20--832612]2.jpg,GESU5520648 45G1
[2015-02-10 00:36:21--014889]recv conta req 6.jpg! 
[2015-02-10 00:36:23--369040]6.jpg,MRKU8566960 22G1
[2015-02-10 00:36:25--019983]recv conta req 10.jpg! 
[2015-02-10 00:36:29--025194]recv conta req 14.jpg! 
[2015-02-10 00:36:33--026327]recv conta req 18.jpg! 
[2015-02-10 00:36:33--995797]10.jpg,CSLU1475718 22G1
[2015-02-10 00:36:35--167706]18.jpg,CRXU1866805 22G1
[2015-02-10 00:36:37--024315]recv conta req 22.jpg! 
[2015-02-10 00:36:37--165514]14.jpg,MRKU9670500 22G1
[2015-02-10 00:36:37--650990]22.jpg,TCLU2873584 22G1
[2015-02-10 00:36:41--027435]recv conta req 26.jpg! 
[2015-02-10 00:36:41--728142]26.jpg,CRSU9147318 45G1
[2015-02-10 00:36:45--030060]recv conta req 30.jpg! 
[2015-02-10 00:36:45--633703]30.jpg,CMAU4559732 45G1
[2015-02-10 00:36:49--032638]recv conta req 34.jpg! 
[2015-02-10 00:36:49--759472]34.jpg,CMAU4555275 45G1
[2015-02-10 00:36:53--034569]recv conta req 3.jpg! 
[2015-02-10 00:36:56--818629]3.jpg,EITU1067234 45G1
[2015-02-10 00:36:57--038854]recv conta req 7.jpg! 
[2015-02-10 00:37:01--041892]recv conta req 11.jpg! 
[2015-02-10 00:37:05--043614]recv conta req 15.jpg! 
[2015-02-10 00:37:08--325167]11.jpg,MSKU0004911 45G1
[2015-02-10 00:37:09--044309]recv conta req 19.jpg! 
[2015-02-10 00:37:10--030920]15.jpg,MAXU2423284 
[2015-02-10 00:37:10--487937]19.jpg,MSKU1685954 45G1
[2015-02-10 00:37:11--424728]7.jpg, 
[2015-02-10 00:37:13--046717]recv conta req 23.jpg! 
[2015-02-10 00:37:13--676496]23.jpg,APHU6639762 45G1
[2015-02-10 00:37:17--049116]recv conta req 27.jpg! 
[2015-02-10 00:37:17--851777]27.jpg,MRKU0995640 42G1
[2015-02-10 00:37:21--052130]recv conta req 31.jpg! 
[2015-02-10 00:37:21--710385]31.jpg,WSDU4921322 45G1
[2015-02-10 00:37:25--054597]recv conta req 35.jpg! 
[2015-02-10 00:37:25--836364]35.jpg,WSDU4920250 45G1
[2015-02-10 00:37:29--056966]recv conta req 4.jpg! 
[2015-02-10 00:37:30--533535]4.jpg,MSKU4011903 22G1
[2015-02-10 00:37:33--060723]recv conta req 8.jpg! 
[2015-02-10 00:37:37--063489]recv conta req 12.jpg! 
[2015-02-10 00:37:38--571374]8.jpg,CCLU6287245 45G1
[2015-02-10 00:37:41--063736]recv conta req 16.jpg! 
[2015-02-10 00:37:42--694943]16.jpg,TEMU3075040 22G1
[2015-02-10 00:37:45--067011]recv conta req 20.jpg! 
[2015-02-10 00:37:46--620669]20.jpg,FCIU4591874 22G1
[2015-02-10 00:37:47--470022]12.jpg,MEDU1861156 22G1
[2015-02-10 00:37:49--069441]recv conta req 24.jpg! 
[2015-02-10 00:37:49--750852]24.jpg,SEGU1904022 22G1
[2015-02-10 00:37:53--071683]recv conta req 28.jpg! 
[2015-02-10 00:37:53--894922]28.jpg,FCIU8609740 45G1
[2015-02-10 00:37:57--073638]recv conta req 32.jpg! 
[2015-02-10 00:37:57--755750]32.jpg,CITU1173790 45G1
[2015-02-10 00:38:01--077235]recv conta req 1.jpg! 
[2015-02-10 00:38:02--798252]1.jpg,MSKU9550132 45G1
[2015-02-10 00:38:05--078510]recv conta req 5.jpg! 
[2015-02-10 00:38:07--923175]5.jpg,IIIU7???46? 22G1
[2015-02-10 00:38:09--082825]recv conta req 9.jpg! 
[2015-02-10 00:38:13--087501]recv conta req 13.jpg! 
[2015-02-10 00:38:16--247338]9.jpg,MRKU3324814 45G1
[2015-02-10 00:38:17--086481]recv conta req 17.jpg! 
[2015-02-10 00:38:19--390595]17.jpg,SEGU1445915 22G1
[2015-02-10 00:38:21--088887]recv conta req 21.jpg! 
[2015-02-10 00:38:21--650679]13.jpg,FSCU7372776 22G1
[2015-02-10 00:38:22--037070]21.jpg,TRLU8984373 22G1
[2015-02-10 00:38:25--091084]recv conta req 25.jpg! 
[2015-02-10 00:38:25--721907]25.jpg, 
[2015-02-10 00:38:29--093144]recv conta req 29.jpg! 
[2015-02-10 00:38:29--697054]29.jpg,SEGU9039975 45R1
[2015-02-10 00:38:33--096364]recv conta req 33.jpg! 
[2015-02-10 00:38:33--946287]33.jpg,PHLU2031555 22G1
[2015-02-10 00:38:37--099304]recv conta req 2.jpg! 
[2015-02-10 00:38:40--976171]2.jpg,GESU5520648 45G1
[2015-02-10 00:38:41--100899]recv conta req 6.jpg! 
[2015-02-10 00:38:43--440982]6.jpg,MRKU8566960 22G1
[2015-02-10 00:38:45--104398]recv conta req 10.jpg! 
[2015-02-10 00:38:49--107330]recv conta req 14.jpg! 
[2015-02-10 00:38:53--108256]recv conta req 18.jpg! 
[2015-02-10 00:38:54--829516]18.jpg,CRXU1866805 22G1
[2015-02-10 00:38:57--111521]recv conta req 22.jpg! 
[2015-02-10 00:38:57--139732]14.jpg,MRKU9670500 22G1
[2015-02-10 00:38:57--177046]10.jpg,CSLU1475718 22G1
[2015-02-10 00:38:57--780636]22.jpg,TCLU2873584 22G1
[2015-02-10 00:39:01--114002]recv conta req 26.jpg! 
[2015-02-10 00:39:01--875061]26.jpg,CRSU9147318 45G1
[2015-02-10 00:39:05--116488]recv conta req 30.jpg! 
[2015-02-10 00:39:05--736504]30.jpg,CMAU4559732 45G1
[2015-02-10 00:39:09--118971]recv conta req 34.jpg! 
[2015-02-10 00:39:09--826971]34.jpg,CMAU4555275 45G1
[2015-02-10 00:39:13--122122]recv conta req 3.jpg! 
[2015-02-10 00:39:16--979207]3.jpg,EITU1067234 45G1
[2015-02-10 00:39:17--125162]recv conta req 7.jpg! 
[2015-02-10 00:39:21--128019]recv conta req 11.jpg! 
[2015-02-10 00:39:25--130312]recv conta req 15.jpg! 
[2015-02-10 00:39:27--466970]7.jpg, 
[2015-02-10 00:39:29--125721]11.jpg,MSKU0004911 45G1
[2015-02-10 00:39:29--132815]recv conta req 19.jpg! 
[2015-02-10 00:39:29--643342]15.jpg,MAXU2423284 
[2015-02-10 00:39:30--543664]19.jpg,MSKU1685954 45G1
[2015-02-10 00:39:33--133119]recv conta req 23.jpg! 
[2015-02-10 00:39:33--786444]23.jpg,APHU6639762 45G1
[2015-02-10 00:39:37--135737]recv conta req 27.jpg! 
[2015-02-10 00:39:37--971195]27.jpg,MRKU0995640 42G1
[2015-02-10 00:39:41--137755]recv conta req 31.jpg! 
[2015-02-10 00:39:41--814237]31.jpg,WSDU4921322 45G1
[2015-02-10 00:39:45--140841]recv conta req 35.jpg! 
[2015-02-10 00:39:45--895112]35.jpg,WSDU4920250 45G1
[2015-02-10 00:39:49--143970]recv conta req 4.jpg! 
[2015-02-10 00:39:50--638940]4.jpg,MSKU4011903 22G1
[2015-02-10 00:39:53--147862]recv conta req 8.jpg! 
[2015-02-10 00:39:57--149776]recv conta req 12.jpg! 
[2015-02-10 00:39:58--919238]8.jpg,CCLU6287245 45G1
[2015-02-10 00:40:01--150424]recv conta req 16.jpg! 
[2015-02-10 00:40:02--859397]16.jpg,TEMU3075040 22G1
[2015-02-10 00:40:05--152989]recv conta req 20.jpg! 
[2015-02-10 00:40:06--717520]12.jpg,MEDU1861156 22G1
[2015-02-10 00:40:06--989018]20.jpg,FCIU4591874 22G1
[2015-02-10 00:40:09--155654]recv conta req 24.jpg! 
[2015-02-10 00:40:09--821808]24.jpg,SEGU1904022 22G1
[2015-02-10 00:40:13--158147]recv conta req 28.jpg! 
[2015-02-10 00:40:13--917689]28.jpg,FCIU8609740 45G1
[2015-02-10 00:40:17--159783]recv conta req 32.jpg! 
[2015-02-10 00:40:17--835435]32.jpg,CITU1173790 45G1
[2015-02-10 00:40:21--163474]recv conta req 1.jpg! 
[2015-02-10 00:40:22--907570]1.jpg,MSKU9550132 45G1
[2015-02-10 00:40:25--164860]recv conta req 5.jpg! 
[2015-02-10 00:40:28--053743]5.jpg,IIIU7???46? 22G1
[2015-02-10 00:40:29--168654]recv conta req 9.jpg! 
[2015-02-10 00:40:33--171825]recv conta req 13.jpg! 
[2015-02-10 00:40:37--172875]recv conta req 17.jpg! 
[2015-02-10 00:40:38--441271]9.jpg,MRKU3324814 45G1
[2015-02-10 00:40:39--747076]17.jpg,SEGU1445915 22G1
[2015-02-10 00:40:41--174972]recv conta req 21.jpg! 
[2015-02-10 00:40:42--022179]13.jpg,FSCU7372776 22G1
[2015-02-10 00:40:42--137196]21.jpg,TRLU8984373 22G1
[2015-02-10 00:40:45--177501]recv conta req 25.jpg! 
[2015-02-10 00:40:45--835071]25.jpg, 
[2015-02-10 00:40:49--179509]recv conta req 29.jpg! 
[2015-02-10 00:40:49--788508]29.jpg,SEGU9039975 45R1
[2015-02-10 00:40:53--182661]recv conta req 33.jpg! 
[2015-02-10 00:40:54--053448]33.jpg,PHLU2031555 22G1
[2015-02-10 00:40:57--185699]recv conta req 2.jpg! 
[2015-02-10 00:41:00--995005]2.jpg,GESU5520648 45G1
[2015-02-10 00:41:01--187149]recv conta req 6.jpg! 
[2015-02-10 00:41:03--651647]6.jpg,MRKU8566960 22G1
[2015-02-10 00:41:05--191872]recv conta req 10.jpg! 
[2015-02-10 00:41:09--193382]recv conta req 14.jpg! 
[2015-02-10 00:41:13--194970]recv conta req 18.jpg! 
[2015-02-10 00:41:14--450824]18.jpg,CRXU1866805 22G1
[2015-02-10 00:41:15--389546]10.jpg,CSLU1475718 22G1
[2015-02-10 00:41:16--947000]14.jpg,MRKU9670500 22G1
[2015-02-10 00:41:17--196502]recv conta req 22.jpg! 
[2015-02-10 00:41:17--850684]22.jpg,TCLU2873584 22G1
[2015-02-10 00:41:21--199714]recv conta req 26.jpg! 
[2015-02-10 00:41:21--898758]26.jpg,CRSU9147318 45G1
[2015-02-10 00:41:25--202439]recv conta req 30.jpg! 
[2015-02-10 00:41:25--831843]30.jpg,CMAU4559732 45G1
[2015-02-10 00:41:29--204799]recv conta req 34.jpg! 
[2015-02-10 00:41:29--930756]34.jpg,CMAU4555275 45G1
[2015-02-10 00:41:33--207275]recv conta req 3.jpg! 
[2015-02-10 00:41:37--014536]3.jpg,EITU1067234 45G1
[2015-02-10 00:41:37--212313]recv conta req 7.jpg! 
[2015-02-10 00:41:41--214033]recv conta req 11.jpg! 
[2015-02-10 00:41:45--220634]recv conta req 15.jpg! 
[2015-02-10 00:41:47--871802]7.jpg, 
[2015-02-10 00:41:49--217034]recv conta req 19.jpg! 
[2015-02-10 00:41:50--224700]11.jpg,MSKU0004911 45G1
[2015-02-10 00:41:50--863751]19.jpg,MSKU1685954 45G1
[2015-02-10 00:41:51--132054]15.jpg,MAXU2423284 
[2015-02-10 00:41:53--219281]recv conta req 23.jpg! 
[2015-02-10 00:41:53--861044]23.jpg,APHU6639762 45G1
[2015-02-10 00:41:57--221738]recv conta req 27.jpg! 
[2015-02-10 00:41:58--026757]27.jpg,MRKU0995640 42G1
[2015-02-10 00:42:01--224581]recv conta req 31.jpg! 
[2015-02-10 00:42:01--955941]31.jpg,WSDU4921322 45G1
[2015-02-10 00:42:05--227289]recv conta req 35.jpg! 
[2015-02-10 00:42:06--006977]35.jpg,WSDU4920250 45G1
[2015-02-10 00:42:09--229697]recv conta req 4.jpg! 
[2015-02-10 00:42:10--839826]4.jpg,MSKU4011903 22G1
[2015-02-10 00:42:13--234566]recv conta req 8.jpg! 
[2015-02-10 00:42:17--236853]recv conta req 12.jpg! 
[2015-02-10 00:42:20--318390]8.jpg,CCLU6287245 45G1
[2015-02-10 00:42:21--236221]recv conta req 16.jpg! 
[2015-02-10 00:42:23--005391]16.jpg,TEMU3075040 22G1
[2015-02-10 00:42:25--239343]recv conta req 20.jpg! 
[2015-02-10 00:42:26--474045]20.jpg,FCIU4591874 22G1
[2015-02-10 00:42:28--024344]12.jpg,MEDU1861156 22G1
[2015-02-10 00:42:29--242199]recv conta req 24.jpg! 
[2015-02-10 00:42:29--953260]24.jpg,SEGU1904022 22G1
[2015-02-10 00:42:33--244292]recv conta req 28.jpg! 
[2015-02-10 00:42:34--077321]28.jpg,FCIU8609740 45G1
[2015-02-10 00:42:37--246538]recv conta req 32.jpg! 
[2015-02-10 00:42:37--925759]32.jpg,CITU1173790 45G1
[2015-02-10 00:42:41--251267]recv conta req 1.jpg! 
[2015-02-10 00:42:43--100939]1.jpg,MSKU9550132 45G1
[2015-02-10 00:42:45--251727]recv conta req 5.jpg! 
[2015-02-10 00:42:48--097025]5.jpg,IIIU7???46? 22G1
[2015-02-10 00:42:49--256795]recv conta req 9.jpg! 
[2015-02-10 00:42:53--259419]recv conta req 13.jpg! 
[2015-02-10 00:42:57--230126]9.jpg,MRKU3324814 45G1
[2015-02-10 00:42:57--261343]recv conta req 17.jpg! 
[2015-02-10 00:42:59--546136]17.jpg,SEGU1445915 22G1
[2015-02-10 00:43:01--263832]recv conta req 21.jpg! 
[2015-02-10 00:43:02--180282]21.jpg,TRLU8984373 22G1
[2015-02-10 00:43:02--499346]13.jpg,FSCU7372776 22G1
[2015-02-10 00:43:05--264741]recv conta req 25.jpg! 
[2015-02-10 00:43:05--919948]25.jpg, 
[2015-02-10 00:43:09--266269]recv conta req 29.jpg! 
[2015-02-10 00:43:09--912509]29.jpg,SEGU9039975 45R1
[2015-02-10 00:43:13--269562]recv conta req 33.jpg! 
[2015-02-10 00:43:14--090644]33.jpg,PHLU2031555 22G1
[2015-02-10 00:43:17--273105]recv conta req 2.jpg! 
[2015-02-10 00:43:21--181261]2.jpg,GESU5520648 45G1
[2015-02-10 00:43:21--274457]recv conta req 6.jpg! 
[2015-02-10 00:43:23--736199]6.jpg,MRKU8566960 22G1
[2015-02-10 00:43:25--278326]recv conta req 10.jpg! 
[2015-02-10 00:43:29--280015]recv conta req 14.jpg! 
[2015-02-10 00:43:33--281612]recv conta req 18.jpg! 
[2015-02-10 00:43:35--057592]18.jpg,CRXU1866805 22G1
[2015-02-10 00:43:36--225662]10.jpg,CSLU1475718 22G1
[2015-02-10 00:43:36--869848]14.jpg,MRKU9670500 22G1
[2015-02-10 00:43:37--284295]recv conta req 22.jpg! 
[2015-02-10 00:43:37--948589]22.jpg,TCLU2873584 22G1
[2015-02-10 00:43:41--286696]recv conta req 26.jpg! 
[2015-02-10 00:43:42--022561]26.jpg,CRSU9147318 45G1
[2015-02-10 00:43:45--289091]recv conta req 30.jpg! 
[2015-02-10 00:43:45--939223]30.jpg,CMAU4559732 45G1
[2015-02-10 00:43:49--291588]recv conta req 34.jpg! 
[2015-02-10 00:43:50--049038]34.jpg,CMAU4555275 45G1
[2015-02-10 00:43:53--294173]recv conta req 3.jpg! 
[2015-02-10 00:43:57--174472]3.jpg,EITU1067234 45G1
[2015-02-10 00:43:57--298644]recv conta req 7.jpg! 
[2015-02-10 00:44:01--299936]recv conta req 11.jpg! 
[2015-02-10 00:44:05--302893]recv conta req 15.jpg! 
[2015-02-10 00:44:08--302301]7.jpg, 
[2015-02-10 00:44:09--309185]recv conta req 19.jpg! 
[2015-02-10 00:44:10--622736]15.jpg,MAXU2423284 
[2015-02-10 00:44:10--826701]19.jpg,MSKU1685954 45G1
[2015-02-10 00:44:11--236088]11.jpg,MSKU0004911 45G1
[2015-02-10 00:44:13--311292]recv conta req 23.jpg! 
[2015-02-10 00:44:13--970956]23.jpg,APHU6639762 45G1
[2015-02-10 00:44:17--313476]recv conta req 27.jpg! 
[2015-02-10 00:44:18--133979]27.jpg,MRKU0995640 42G1
[2015-02-10 00:44:21--316591]recv conta req 31.jpg! 
[2015-02-10 00:44:22--015129]31.jpg,WSDU4921322 45G1
[2015-02-10 00:44:25--319014]recv conta req 35.jpg! 
[2015-02-10 00:44:26--100243]35.jpg,WSDU4920250 45G1
[2015-02-10 00:44:29--321429]recv conta req 4.jpg! 
[2015-02-10 00:44:30--925110]4.jpg,MSKU4011903 22G1
[2015-02-10 00:44:33--326062]recv conta req 8.jpg! 
[2015-02-10 00:44:37--328496]recv conta req 12.jpg! 
[2015-02-10 00:44:40--502834]8.jpg,CCLU6287245 45G1
[2015-02-10 00:44:41--327949]recv conta req 16.jpg! 
[2015-02-10 00:44:43--167728]16.jpg,TEMU3075040 22G1
[2015-02-10 00:44:45--331164]recv conta req 20.jpg! 
[2015-02-10 00:44:46--804474]20.jpg,FCIU4591874 22G1
[2015-02-10 00:44:48--307034]12.jpg,MEDU1861156 22G1
[2015-02-10 00:44:49--334353]recv conta req 24.jpg! 
[2015-02-10 00:44:50--054892]24.jpg,SEGU1904022 22G1
[2015-02-10 00:44:53--337847]recv conta req 28.jpg! 
[2015-02-10 00:44:54--292961]28.jpg,FCIU8609740 45G1
[2015-02-10 00:44:57--338166]recv conta req 32.jpg! 
[2015-02-10 00:44:58--016338]32.jpg,CITU1173790 45G1
[2015-02-10 00:45:01--343790]recv conta req 1.jpg! 
[2015-02-10 00:45:03--096989]1.jpg,MSKU9550132 45G1
[2015-02-10 00:45:05--345922]recv conta req 5.jpg! 
[2015-02-10 00:45:08--186568]5.jpg,IIIU7???46? 22G1
[2015-02-10 00:45:09--353810]recv conta req 9.jpg! 
[2015-02-10 00:45:13--355850]recv conta req 13.jpg! 
[2015-02-10 00:45:17--358091]recv conta req 17.jpg! 
[2015-02-10 00:45:18--878655]9.jpg,MRKU3324814 45G1
[2015-02-10 00:45:20--052401]17.jpg,SEGU1445915 22G1
[2015-02-10 00:45:21--361894]recv conta req 21.jpg! 
[2015-02-10 00:45:21--999675]13.jpg,FSCU7372776 22G1
[2015-02-10 00:45:22--428234]21.jpg,TRLU8984373 22G1
[2015-02-10 00:45:25--364012]recv conta req 25.jpg! 
[2015-02-10 00:45:26--004889]25.jpg, 
[2015-02-10 00:45:29--367367]recv conta req 29.jpg! 
[2015-02-10 00:45:30--002208]29.jpg,SEGU9039975 45R1
[2015-02-10 00:45:33--372151]recv conta req 33.jpg! 
[2015-02-10 00:45:34--410571]33.jpg,PHLU2031555 22G1
[2015-02-10 00:45:37--376667]recv conta req 2.jpg! 
[2015-02-10 00:45:41--352678]2.jpg,GESU5520648 45G1
[2015-02-10 00:45:41--381770]recv conta req 6.jpg! 
[2015-02-10 00:45:43--870831]6.jpg,MRKU8566960 22G1
[2015-02-10 00:45:45--386647]recv conta req 10.jpg! 
[2015-02-10 00:45:49--392357]recv conta req 14.jpg! 
[2015-02-10 00:45:53--395344]recv conta req 18.jpg! 
[2015-02-10 00:45:55--077534]18.jpg,CRXU1866805 22G1
[2015-02-10 00:45:56--406949]10.jpg,CSLU1475718 22G1
[2015-02-10 00:45:57--395425]recv conta req 22.jpg! 
[2015-02-10 00:45:57--690237]14.jpg,MRKU9670500 22G1
[2015-02-10 00:45:58--063811]22.jpg,TCLU2873584 22G1
[2015-02-10 00:46:01--399702]recv conta req 26.jpg! 
[2015-02-10 00:46:02--171701]26.jpg,CRSU9147318 45G1
[2015-02-10 00:46:05--403268]recv conta req 30.jpg! 
[2015-02-10 00:46:06--034897]30.jpg,CMAU4559732 45G1
[2015-02-10 00:46:09--407364]recv conta req 34.jpg! 
[2015-02-10 00:46:10--148714]34.jpg,CMAU4555275 45G1
[2015-02-10 00:46:13--411440]recv conta req 3.jpg! 
[2015-02-10 00:46:17--288894]3.jpg,EITU1067234 45G1
[2015-02-10 00:46:17--416850]recv conta req 7.jpg! 
[2015-02-10 00:46:21--420383]recv conta req 11.jpg! 
[2015-02-10 00:46:25--428581]recv conta req 15.jpg! 
[2015-02-10 00:46:28--274912]7.jpg, 
[2015-02-10 00:46:29--424645]recv conta req 19.jpg! 
[2015-02-10 00:46:30--499337]15.jpg,MAXU2423284 
[2015-02-10 00:46:31--042923]19.jpg,MSKU1685954 45G1
[2015-02-10 00:46:31--493998]11.jpg,MSKU0004911 45G1
[2015-02-10 00:46:33--428651]recv conta req 23.jpg! 
[2015-02-10 00:46:34--074043]23.jpg,APHU6639762 45G1
[2015-02-10 00:46:37--432148]recv conta req 27.jpg! 
[2015-02-10 00:46:38--239415]27.jpg,MRKU0995640 42G1
[2015-02-10 00:46:41--436420]recv conta req 31.jpg! 
[2015-02-10 00:46:42--138921]31.jpg,WSDU4921322 45G1
[2015-02-10 00:46:45--440019]recv conta req 35.jpg! 
[2015-02-10 00:46:46--229995]35.jpg,WSDU4920250 45G1
[2015-02-10 00:46:49--443597]recv conta req 4.jpg! 
[2015-02-10 00:46:50--943733]4.jpg,MSKU4011903 22G1
[2015-02-10 00:46:53--449485]recv conta req 8.jpg! 
[2015-02-10 00:46:57--455292]recv conta req 12.jpg! 
[2015-02-10 00:46:59--942712]8.jpg,CCLU6287245 45G1
[2015-02-10 00:47:01--454286]recv conta req 16.jpg! 
[2015-02-10 00:47:02--999841]16.jpg,TEMU3075040 22G1
[2015-02-10 00:47:05--457609]recv conta req 20.jpg! 
[2015-02-10 00:47:06--864121]20.jpg,FCIU4591874 22G1
[2015-02-10 00:47:07--660645]12.jpg,MEDU1861156 22G1
[2015-02-10 00:47:09--461127]recv conta req 24.jpg! 
[2015-02-10 00:47:10--122751]24.jpg,SEGU1904022 22G1
[2015-02-10 00:47:13--464952]recv conta req 28.jpg! 
[2015-02-10 00:47:14--316844]28.jpg,FCIU8609740 45G1
[2015-02-10 00:47:17--468759]recv conta req 32.jpg! 
[2015-02-10 00:47:18--168401]32.jpg,CITU1173790 45G1
[2015-02-10 00:47:21--475360]recv conta req 1.jpg! 
[2015-02-10 00:47:23--186550]1.jpg,MSKU9550132 45G1
[2015-02-10 00:47:25--479465]recv conta req 5.jpg! 
[2015-02-10 00:47:28--443471]5.jpg,IIIU7???46? 22G1
[2015-02-10 00:47:29--488045]recv conta req 9.jpg! 
[2015-02-10 00:47:33--487260]recv conta req 13.jpg! 
[2015-02-10 00:47:37--488461]recv conta req 17.jpg! 
[2015-02-10 00:47:37--941249]9.jpg,MRKU3324814 45G1
[2015-02-10 00:47:39--758794]17.jpg,SEGU1445915 22G1
[2015-02-10 00:47:41--491187]recv conta req 21.jpg! 
[2015-02-10 00:47:42--056140]13.jpg,FSCU7372776 22G1
[2015-02-10 00:47:42--412028]21.jpg,TRLU8984373 22G1
[2015-02-10 00:47:45--493914]recv conta req 25.jpg! 
[2015-02-10 00:47:46--169081]25.jpg, 
[2015-02-10 00:47:49--498048]recv conta req 29.jpg! 
[2015-02-10 00:47:50--134382]29.jpg,SEGU9039975 45R1
[2015-02-10 00:47:53--503116]recv conta req 33.jpg! 
[2015-02-10 00:47:54--415970]33.jpg,PHLU2031555 22G1
[2015-02-10 00:47:57--509841]recv conta req 2.jpg! 
[2015-02-10 00:48:01--457259]2.jpg,GESU5520648 45G1
[2015-02-10 00:48:01--509683]recv conta req 6.jpg! 
[2015-02-10 00:48:03--996256]6.jpg,MRKU8566960 22G1
[2015-02-10 00:48:05--515908]recv conta req 10.jpg! 
[2015-02-10 00:48:09--519744]recv conta req 14.jpg! 
[2015-02-10 00:48:13--523341]recv conta req 18.jpg! 
[2015-02-10 00:48:15--514308]10.jpg,CSLU1475718 22G1
[2015-02-10 00:48:15--571560]18.jpg,CRXU1866805 22G1
[2015-02-10 00:48:17--525418]14.jpg,MRKU9670500 22G1
[2015-02-10 00:48:17--526768]recv conta req 22.jpg! 
[2015-02-10 00:48:18--172965]22.jpg,TCLU2873584 22G1
[2015-02-10 00:48:21--530669]recv conta req 26.jpg! 
[2015-02-10 00:48:22--281326]26.jpg,CRSU9147318 45G1
[2015-02-10 00:48:25--534822]recv conta req 30.jpg! 
[2015-02-10 00:48:26--161056]30.jpg,CMAU4559732 45G1
[2015-02-10 00:48:29--540292]recv conta req 34.jpg! 
[2015-02-10 00:48:30--298173]34.jpg,CMAU4555275 45G1
[2015-02-10 00:48:33--543661]recv conta req 3.jpg! 
[2015-02-10 00:48:37--315858]3.jpg,EITU1067234 45G1
[2015-02-10 00:48:37--548152]recv conta req 7.jpg! 
[2015-02-10 00:48:41--552791]recv conta req 11.jpg! 
[2015-02-10 00:48:45--557044]recv conta req 15.jpg! 
[2015-02-10 00:48:49--559910]recv conta req 19.jpg! 
[2015-02-10 00:48:50--567987]7.jpg, 
[2015-02-10 00:48:50--699055]15.jpg,MAXU2423284 
[2015-02-10 00:48:50--868261]11.jpg,MSKU0004911 45G1
[2015-02-10 00:48:51--109362]19.jpg,MSKU1685954 45G1
[2015-02-10 00:48:53--563399]recv conta req 23.jpg! 
[2015-02-10 00:48:54--176003]23.jpg,APHU6639762 45G1
[2015-02-10 00:48:57--568457]recv conta req 27.jpg! 
[2015-02-10 00:48:58--394038]27.jpg,MRKU0995640 42G1
[2015-02-10 00:49:01--572490]recv conta req 31.jpg! 
[2015-02-10 00:49:02--259960]31.jpg,WSDU4921322 45G1
[2015-02-10 00:49:05--576694]recv conta req 35.jpg! 
[2015-02-10 00:49:06--339264]35.jpg,WSDU4920250 45G1
[2015-02-10 00:49:09--581127]recv conta req 4.jpg! 
[2015-02-10 00:49:11--057976]4.jpg,MSKU4011903 22G1
[2015-02-10 00:49:13--586841]recv conta req 8.jpg! 
[2015-02-10 00:49:17--591182]recv conta req 12.jpg! 
[2015-02-10 00:49:18--601449]8.jpg,CCLU6287245 45G1
[2015-02-10 00:49:21--592923]recv conta req 16.jpg! 
[2015-02-10 00:49:23--473891]16.jpg,TEMU3075040 22G1
[2015-02-10 00:49:25--596543]recv conta req 20.jpg! 
[2015-02-10 00:49:26--574512]20.jpg,FCIU4591874 22G1
[2015-02-10 00:49:27--249849]12.jpg,MEDU1861156 22G1
[2015-02-10 00:49:29--600646]recv conta req 24.jpg! 
[2015-02-10 00:49:30--270816]24.jpg,SEGU1904022 22G1
[2015-02-10 00:49:33--604689]recv conta req 28.jpg! 
[2015-02-10 00:49:34--437498]28.jpg,FCIU8609740 45G1
[2015-02-10 00:49:37--608032]recv conta req 32.jpg! 
[2015-02-10 00:49:38--263536]32.jpg,CITU1173790 45G1
[2015-02-10 00:49:41--613610]recv conta req 1.jpg! 
[2015-02-10 00:49:43--265593]1.jpg,MSKU9550132 45G1
[2015-02-10 00:49:45--617908]recv conta req 5.jpg! 
[2015-02-10 00:49:48--330850]5.jpg,IIIU7???46? 22G1
[2015-02-10 00:49:49--623906]recv conta req 9.jpg! 
[2015-02-10 00:49:53--627828]recv conta req 13.jpg! 
[2015-02-10 00:49:57--628950]recv conta req 17.jpg! 
[2015-02-10 00:49:58--968718]9.jpg,MRKU3324814 45G1
[2015-02-10 00:49:59--671506]17.jpg,SEGU1445915 22G1
[2015-02-10 00:50:01--631858]recv conta req 21.jpg! 
[2015-02-10 00:50:01--823259]13.jpg,FSCU7372776 22G1
[2015-02-10 00:50:02--348530]21.jpg,TRLU8984373 22G1
[2015-02-10 00:50:05--636516]recv conta req 25.jpg! 
[2015-02-10 00:50:06--276920]25.jpg, 
[2015-02-10 00:50:09--638969]recv conta req 29.jpg! 
[2015-02-10 00:50:10--233296]29.jpg,SEGU9039975 45R1
[2015-02-10 00:50:13--644516]recv conta req 33.jpg! 
[2015-02-10 00:50:14--815133]33.jpg,PHLU2031555 22G1
[2015-02-10 00:50:17--647953]recv conta req 2.jpg! 
[2015-02-10 00:50:21--430838]2.jpg,GESU5520648 45G1
[2015-02-10 00:50:21--650603]recv conta req 6.jpg! 
[2015-02-10 00:50:24--034027]6.jpg,MRKU8566960 22G1
[2015-02-10 00:50:25--654108]recv conta req 10.jpg! 
[2015-02-10 00:50:29--658240]recv conta req 14.jpg! 
[2015-02-10 00:50:33--219892]10.jpg,CSLU1475718 22G1
[2015-02-10 00:50:33--660069]recv conta req 18.jpg! 
[2015-02-10 00:50:35--233484]18.jpg,CRXU1866805 22G1
[2015-02-10 00:50:37--004519]14.jpg,MRKU9670500 22G1
[2015-02-10 00:50:37--663924]recv conta req 22.jpg! 
[2015-02-10 00:50:38--267943]22.jpg,TCLU2873584 22G1
[2015-02-10 00:50:41--668361]recv conta req 26.jpg! 
[2015-02-10 00:50:42--373127]26.jpg,CRSU9147318 45G1
[2015-02-10 00:50:45--671995]recv conta req 30.jpg! 
[2015-02-10 00:50:46--409549]30.jpg,CMAU4559732 45G1
[2015-02-10 00:50:49--674701]recv conta req 34.jpg! 
[2015-02-10 00:50:50--418884]34.jpg,CMAU4555275 45G1
[2015-02-10 00:50:53--679275]recv conta req 3.jpg! 
[2015-02-10 00:50:57--380243]3.jpg,EITU1067234 45G1
[2015-02-10 00:50:57--683726]recv conta req 7.jpg! 
[2015-02-10 00:51:01--686734]recv conta req 11.jpg! 
[2015-02-10 00:51:05--690200]recv conta req 15.jpg! 
[2015-02-10 00:51:09--693932]recv conta req 19.jpg! 
[2015-02-10 00:51:10--569211]15.jpg,MAXU2423284 
[2015-02-10 00:51:10--645688]7.jpg, 
[2015-02-10 00:51:10--971824]19.jpg,MSKU1685954 45G1
[2015-02-10 00:51:11--201617]11.jpg,MSKU0004911 45G1
[2015-02-10 00:51:13--696932]recv conta req 23.jpg! 
[2015-02-10 00:51:14--304027]23.jpg,APHU6639762 45G1
[2015-02-10 00:51:17--700588]recv conta req 27.jpg! 
[2015-02-10 00:51:18--487130]27.jpg,MRKU0995640 42G1
[2015-02-10 00:51:21--705328]recv conta req 31.jpg! 
[2015-02-10 00:51:22--465283]31.jpg,WSDU4921322 45G1
[2015-02-10 00:51:25--710677]recv conta req 35.jpg! 
[2015-02-10 00:51:26--436409]35.jpg,WSDU4920250 45G1
[2015-02-10 00:51:29--716291]recv conta req 4.jpg! 
[2015-02-10 00:51:31--098280]4.jpg,MSKU4011903 22G1
[2015-02-10 00:51:33--722677]recv conta req 8.jpg! 
[2015-02-10 00:51:37--729207]recv conta req 12.jpg! 
[2015-02-10 00:51:38--993074]8.jpg,CCLU6287245 45G1
[2015-02-10 00:51:41--728286]recv conta req 16.jpg! 
[2015-02-10 00:51:43--550880]16.jpg,TEMU3075040 22G1
[2015-02-10 00:51:45--733791]recv conta req 20.jpg! 
[2015-02-10 00:51:46--668748]20.jpg,FCIU4591874 22G1
[2015-02-10 00:51:48--073772]12.jpg,MEDU1861156 22G1
[2015-02-10 00:51:49--737238]recv conta req 24.jpg! 
[2015-02-10 00:51:50--352271]24.jpg,SEGU1904022 22G1
[2015-02-10 00:51:53--741374]recv conta req 28.jpg! 
[2015-02-10 00:51:54--537831]28.jpg,FCIU8609740 45G1
[2015-02-10 00:51:57--744468]recv conta req 32.jpg! 
[2015-02-10 00:51:58--389904]32.jpg,CITU1173790 45G1
[2015-02-10 00:52:01--749779]recv conta req 1.jpg! 
[2015-02-10 00:52:03--397420]1.jpg,MSKU9550132 45G1
[2015-02-10 00:52:05--753230]recv conta req 5.jpg! 
[2015-02-10 00:52:08--526573]5.jpg,IIIU7???46? 22G1
[2015-02-10 00:52:09--759280]recv conta req 9.jpg! 
[2015-02-10 00:52:13--762887]recv conta req 13.jpg! 
[2015-02-10 00:52:17--765553]recv conta req 17.jpg! 
[2015-02-10 00:52:18--999572]9.jpg,MRKU3324814 45G1
[2015-02-10 00:52:20--070442]17.jpg,SEGU1445915 22G1
[2015-02-10 00:52:21--768589]recv conta req 21.jpg! 
[2015-02-10 00:52:22--267741]13.jpg,FSCU7372776 22G1
[2015-02-10 00:52:22--487849]21.jpg,TRLU8984373 22G1
[2015-02-10 00:52:25--772417]recv conta req 25.jpg! 
[2015-02-10 00:52:26--353561]25.jpg, 
[2015-02-10 00:52:29--776840]recv conta req 29.jpg! 
[2015-02-10 00:52:30--447979]29.jpg,SEGU9039975 45R1
[2015-02-10 00:52:33--782961]recv conta req 33.jpg! 
[2015-02-10 00:52:34--756396]33.jpg,PHLU2031555 22G1
[2015-02-10 00:52:37--785329]recv conta req 2.jpg! 
[2015-02-10 00:52:41--601539]2.jpg,GESU5520648 45G1
[2015-02-10 00:52:41--788430]recv conta req 6.jpg! 
