[2015-02-09 22:52:40--003114]recv conta req 20.jpg! 
[2015-02-09 22:52:40--888757]20.jpg,FCIU4591874 22G1
[2015-02-09 22:52:42--518290]12.jpg,MEDU1861156 22G1
[2015-02-09 22:52:44--009519]recv conta req 24.jpg! 
[2015-02-09 22:52:44--951202]24.jpg,SEGU1904022 22G1
[2015-02-09 22:52:48--010891]recv conta req 28.jpg! 
[2015-02-09 22:52:49--066684]28.jpg,FCIU8609740 45G1
[2015-02-09 22:52:52--010510]recv conta req 32.jpg! 
[2015-02-09 22:52:52--678343]32.jpg,CITU1173790 45G1
[2015-02-09 22:52:56--014268]recv conta req 1.jpg! 
[2015-02-09 22:52:57--763029]1.jpg,MSKU9550132 45G1
[2015-02-09 22:53:00--015262]recv conta req 5.jpg! 
[2015-02-09 22:53:02--814904]5.jpg,IIIU7???46? 22G1
[2015-02-09 22:53:04--020150]recv conta req 9.jpg! 
[2015-02-09 22:53:08--022035]recv conta req 13.jpg! 
[2015-02-09 22:53:12--023203]recv conta req 17.jpg! 
[2015-02-09 22:53:12--120345]9.jpg,MRKU3324814 45G1
[2015-02-09 22:53:13--864328]17.jpg,SEGU1445915 22G1
[2015-02-09 22:53:16--026157]recv conta req 21.jpg! 
[2015-02-09 22:53:16--554190]13.jpg,FSCU7372776 22G1
[2015-02-09 22:53:16--729917]21.jpg,TRLU8984373 22G1
[2015-02-09 22:53:20--030762]recv conta req 25.jpg! 
[2015-02-09 22:53:20--905032]25.jpg, 
[2015-02-09 22:53:24--029755]recv conta req 29.jpg! 
[2015-02-09 22:53:24--628279]29.jpg,SEGU9039975 45R1
[2015-02-09 22:53:28--033903]recv conta req 33.jpg! 
[2015-02-09 22:53:28--936198]33.jpg,PHLU2031555 22G1
[2015-02-09 22:53:32--036602]recv conta req 2.jpg! 
[2015-02-09 22:53:35--826864]2.jpg,GESU5520648 45G1
[2015-02-09 22:53:36--038850]recv conta req 6.jpg! 
[2015-02-09 22:53:38--326199]6.jpg,MRKU8566960 22G1
[2015-02-09 22:53:40--044273]recv conta req 10.jpg! 
[2015-02-09 22:53:44--044146]recv conta req 14.jpg! 
[2015-02-09 22:53:48--046030]recv conta req 18.jpg! 
[2015-02-09 22:53:48--473542]10.jpg,CSLU1475718 22G1
[2015-02-09 22:53:49--848918]18.jpg,CRXU1866805 22G1
[2015-02-09 22:53:51--440969]14.jpg,MRKU9670500 22G1
[2015-02-09 22:53:52--047876]recv conta req 22.jpg! 
[2015-02-09 22:53:52--628953]22.jpg,TCLU2873584 22G1
[2015-02-09 22:53:56--054442]recv conta req 26.jpg! 
[2015-02-09 22:53:56--960631]26.jpg,CRSU9147318 45G1
[2015-02-09 22:54:00--053174]recv conta req 30.jpg! 
[2015-02-09 22:54:00--675219]30.jpg,CMAU4559732 45G1
[2015-02-09 22:54:04--057671]recv conta req 34.jpg! 
[2015-02-09 22:54:04--872189]34.jpg,CMAU4555275 45G1
[2015-02-09 22:54:08--059004]recv conta req 3.jpg! 
[2015-02-09 22:54:11--847685]3.jpg,EITU1067234 45G1
[2015-02-09 22:54:12--063193]recv conta req 7.jpg! 
[2015-02-09 22:54:16--065326]recv conta req 11.jpg! 
[2015-02-09 22:54:20--067242]recv conta req 15.jpg! 
[2015-02-09 22:54:24--068903]recv conta req 19.jpg! 
[2015-02-09 22:54:24--204860]11.jpg,MSKU0004911 45G1
[2015-02-09 22:54:24--948577]7.jpg, 
[2015-02-09 22:54:25--584235]19.jpg,MSKU1685954 45G1
[2015-02-09 22:54:25--834590]15.jpg,MAXU2423284 
[2015-02-09 22:54:28--073903]recv conta req 23.jpg! 
[2015-02-09 22:54:28--999278]23.jpg,APHU6639762 45G1
[2015-02-09 22:54:32--075990]recv conta req 27.jpg! 
[2015-02-09 22:54:33--103208]27.jpg,MRKU0995640 42G1
[2015-02-09 22:54:36--076677]recv conta req 31.jpg! 
[2015-02-09 22:54:36--771579]31.jpg,WSDU4921322 45G1
[2015-02-09 22:54:40--081986]recv conta req 35.jpg! 
[2015-02-09 22:54:41--111190]35.jpg,WSDU4920250 45G1
[2015-02-09 22:54:44--082032]recv conta req 4.jpg! 
[2015-02-09 22:54:45--585321]4.jpg,MSKU4011903 22G1
[2015-02-09 22:54:48--086451]recv conta req 8.jpg! 
[2015-02-09 22:54:52--088523]recv conta req 12.jpg! 
[2015-02-09 22:54:54--945265]8.jpg,CCLU6287245 45G1
[2015-02-09 22:54:56--088603]recv conta req 16.jpg! 
[2015-02-09 22:54:57--416479]16.jpg,TEMU3075040 22G1
[2015-02-09 22:55:00--091895]recv conta req 20.jpg! 
[2015-02-09 22:55:01--596105]20.jpg,FCIU4591874 22G1
[2015-02-09 22:55:01--660202]12.jpg,MEDU1861156 22G1
[2015-02-09 22:55:04--097965]recv conta req 24.jpg! 
[2015-02-09 22:55:05--010266]24.jpg,SEGU1904022 22G1
[2015-02-09 22:55:08--100433]recv conta req 28.jpg! 
[2015-02-09 22:55:09--173634]28.jpg,FCIU8609740 45G1
[2015-02-09 22:55:12--100343]recv conta req 32.jpg! 
[2015-02-09 22:55:12--820004]32.jpg,CITU1173790 45G1
[2015-02-09 22:55:16--104725]recv conta req 1.jpg! 
[2015-02-09 22:55:18--055905]1.jpg,MSKU9550132 45G1
[2015-02-09 22:55:20--105608]recv conta req 5.jpg! 
[2015-02-09 22:55:22--895357]5.jpg,IIIU7???46? 22G1
[2015-02-09 22:55:24--110566]recv conta req 9.jpg! 
[2015-02-09 22:55:28--112382]recv conta req 13.jpg! 
[2015-02-09 22:55:32--113466]recv conta req 17.jpg! 
[2015-02-09 22:55:33--201137]9.jpg,MRKU3324814 45G1
[2015-02-09 22:55:34--072696]17.jpg,SEGU1445915 22G1
[2015-02-09 22:55:35--172207]13.jpg,FSCU7372776 22G1
[2015-02-09 22:55:36--116298]recv conta req 21.jpg! 
[2015-02-09 22:55:36--806229]21.jpg,TRLU8984373 22G1
[2015-02-09 22:55:40--120882]recv conta req 25.jpg! 
[2015-02-09 22:55:41--064245]25.jpg, 
[2015-02-09 22:55:44--120533]recv conta req 29.jpg! 
[2015-02-09 22:55:44--734565]29.jpg,SEGU9039975 45R1
[2015-02-09 22:55:48--125456]recv conta req 33.jpg! 
[2015-02-09 22:55:49--066569]33.jpg,PHLU2031555 22G1
[2015-02-09 22:55:52--128836]recv conta req 2.jpg! 
[2015-02-09 22:55:56--130538]recv conta req 6.jpg! 
[2015-02-09 22:55:56--164661]2.jpg,GESU5520648 45G1
[2015-02-09 22:55:58--432902]6.jpg,MRKU8566960 22G1
[2015-02-09 22:56:00--132656]recv conta req 10.jpg! 
[2015-02-09 22:56:04--135776]recv conta req 14.jpg! 
[2015-02-09 22:56:08--138402]recv conta req 18.jpg! 
[2015-02-09 22:56:09--825054]18.jpg,CRXU1866805 22G1
[2015-02-09 22:56:10--229022]10.jpg,CSLU1475718 22G1
[2015-02-09 22:56:11--205181]14.jpg,MRKU9670500 22G1
[2015-02-09 22:56:12--140517]recv conta req 22.jpg! 
[2015-02-09 22:56:12--753354]22.jpg,TCLU2873584 22G1
[2015-02-09 22:56:16--146487]recv conta req 26.jpg! 
[2015-02-09 22:56:17--133413]26.jpg,CRSU9147318 45G1
[2015-02-09 22:56:20--146377]recv conta req 30.jpg! 
[2015-02-09 22:56:20--757380]30.jpg,CMAU4559732 45G1
[2015-02-09 22:56:24--149830]recv conta req 34.jpg! 
[2015-02-09 22:56:24--907034]34.jpg,CMAU4555275 45G1
[2015-02-09 22:56:28--153419]recv conta req 3.jpg! 
[2015-02-09 22:56:32--055260]3.jpg,EITU1067234 45G1
[2015-02-09 22:56:32--156475]recv conta req 7.jpg! 
[2015-02-09 22:56:36--157536]recv conta req 11.jpg! 
[2015-02-09 22:56:40--160565]recv conta req 15.jpg! 
[2015-02-09 22:56:44--161068]recv conta req 19.jpg! 
[2015-02-09 22:56:45--538115]11.jpg,MSKU0004911 45G1
[2015-02-09 22:56:45--672649]19.jpg,MSKU1685954 45G1
[2015-02-09 22:56:45--876019]7.jpg, 
[2015-02-09 22:56:46--033997]15.jpg,MAXU2423284 
[2015-02-09 22:56:48--167047]recv conta req 23.jpg! 
[2015-02-09 22:56:49--011115]23.jpg,APHU6639762 45G1
[2015-02-09 22:56:52--170403]recv conta req 27.jpg! 
[2015-02-09 22:56:53--215284]27.jpg,MRKU0995640 42G1
[2015-02-09 22:56:56--169836]recv conta req 31.jpg! 
[2015-02-09 22:56:56--861162]31.jpg,WSDU4921322 45G1
[2015-02-09 22:57:00--176101]recv conta req 35.jpg! 
[2015-02-09 22:57:01--175628]35.jpg,WSDU4920250 45G1
[2015-02-09 22:57:04--175006]recv conta req 4.jpg! 
[2015-02-09 22:57:05--658434]4.jpg,MSKU4011903 22G1
[2015-02-09 22:57:08--180327]recv conta req 8.jpg! 
[2015-02-09 22:57:12--181526]recv conta req 12.jpg! 
[2015-02-09 22:57:13--290115]8.jpg,CCLU6287245 45G1
[2015-02-09 22:57:16--182422]recv conta req 16.jpg! 
[2015-02-09 22:57:18--110975]16.jpg,TEMU3075040 22G1
[2015-02-09 22:57:20--187675]recv conta req 20.jpg! 
[2015-02-09 22:57:21--467621]20.jpg,FCIU4591874 22G1
[2015-02-09 22:57:22--450735]12.jpg,MEDU1861156 22G1
[2015-02-09 22:57:24--192104]recv conta req 24.jpg! 
[2015-02-09 22:57:25--075148]24.jpg,SEGU1904022 22G1
[2015-02-09 22:57:28--192161]recv conta req 28.jpg! 
[2015-02-09 22:57:29--111811]28.jpg,FCIU8609740 45G1
[2015-02-09 22:57:32--194491]recv conta req 32.jpg! 
[2015-02-09 22:57:32--906262]32.jpg,CITU1173790 45G1
[2015-02-09 22:57:36--200513]recv conta req 1.jpg! 
[2015-02-09 22:57:38--249157]1.jpg,MSKU9550132 45G1
[2015-02-09 22:57:40--199684]recv conta req 5.jpg! 
[2015-02-09 22:57:42--992661]5.jpg,IIIU7???46? 22G1
[2015-02-09 22:57:44--204604]recv conta req 9.jpg! 
[2015-02-09 22:57:48--210135]recv conta req 13.jpg! 
[2015-02-09 22:57:52--212365]recv conta req 17.jpg! 
[2015-02-09 22:57:52--260195]9.jpg,MRKU3324814 45G1
[2015-02-09 22:57:54--134492]17.jpg,SEGU1445915 22G1
[2015-02-09 22:57:56--136209]13.jpg,FSCU7372776 22G1
[2015-02-09 22:57:56--214992]recv conta req 21.jpg! 
[2015-02-09 22:57:56--984904]21.jpg,TRLU8984373 22G1
[2015-02-09 22:58:00--218314]recv conta req 25.jpg! 
[2015-02-09 22:58:01--110623]25.jpg, 
[2015-02-09 22:58:04--217378]recv conta req 29.jpg! 
[2015-02-09 22:58:04--851752]29.jpg,SEGU9039975 45R1
[2015-02-09 22:58:08--221297]recv conta req 33.jpg! 
[2015-02-09 22:58:09--123886]33.jpg,PHLU2031555 22G1
[2015-02-09 22:58:12--223780]recv conta req 2.jpg! 
[2015-02-09 22:58:16--225918]recv conta req 6.jpg! 
[2015-02-09 22:58:16--377677]2.jpg,GESU5520648 45G1
[2015-02-09 22:58:18--688861]6.jpg,MRKU8566960 22G1
[2015-02-09 22:58:20--229364]recv conta req 10.jpg! 
[2015-02-09 22:58:24--230859]recv conta req 14.jpg! 
[2015-02-09 22:58:28--233739]recv conta req 18.jpg! 
[2015-02-09 22:58:30--308382]18.jpg,CRXU1866805 22G1
[2015-02-09 22:58:30--823056]10.jpg,CSLU1475718 22G1
[2015-02-09 22:58:31--868592]14.jpg,MRKU9670500 22G1
[2015-02-09 22:58:32--235306]recv conta req 22.jpg! 
[2015-02-09 22:58:32--878472]22.jpg,TCLU2873584 22G1
[2015-02-09 22:58:36--238017]recv conta req 26.jpg! 
[2015-02-09 22:58:36--958136]26.jpg,CRSU9147318 45G1
[2015-02-09 22:58:40--240695]recv conta req 30.jpg! 
[2015-02-09 22:58:40--887880]30.jpg,CMAU4559732 45G1
[2015-02-09 22:58:44--243192]recv conta req 34.jpg! 
[2015-02-09 22:58:44--999066]34.jpg,CMAU4555275 45G1
[2015-02-09 22:58:48--245012]recv conta req 3.jpg! 
[2015-02-09 22:58:52--139895]3.jpg,EITU1067234 45G1
[2015-02-09 22:58:52--250226]recv conta req 7.jpg! 
[2015-02-09 22:58:56--254002]recv conta req 11.jpg! 
[2015-02-09 22:59:00--254087]recv conta req 15.jpg! 
[2015-02-09 22:59:04--255410]recv conta req 19.jpg! 
[2015-02-09 22:59:04--611661]11.jpg,MSKU0004911 45G1
[2015-02-09 22:59:05--713052]15.jpg,MAXU2423284 
[2015-02-09 22:59:06--091144]19.jpg,MSKU1685954 45G1
[2015-02-09 22:59:06--377770]7.jpg, 
[2015-02-09 22:59:08--258139]recv conta req 23.jpg! 
[2015-02-09 22:59:08--912045]23.jpg,APHU6639762 45G1
[2015-02-09 22:59:12--261341]recv conta req 27.jpg! 
[2015-02-09 22:59:13--158813]27.jpg,MRKU0995640 42G1
[2015-02-09 22:59:16--263813]recv conta req 31.jpg! 
[2015-02-09 22:59:16--987490]31.jpg,WSDU4921322 45G1
[2015-02-09 22:59:20--266598]recv conta req 35.jpg! 
[2015-02-09 22:59:21--051995]35.jpg,WSDU4920250 45G1
[2015-02-09 22:59:24--268495]recv conta req 4.jpg! 
[2015-02-09 22:59:25--817835]4.jpg,MSKU4011903 22G1
[2015-02-09 22:59:28--272917]recv conta req 8.jpg! 
[2015-02-09 22:59:32--275046]recv conta req 12.jpg! 
[2015-02-09 22:59:33--531661]8.jpg,CCLU6287245 45G1
[2015-02-09 22:59:36--275872]recv conta req 16.jpg! 
[2015-02-09 22:59:37--860500]16.jpg,TEMU3075040 22G1
[2015-02-09 22:59:40--278933]recv conta req 20.jpg! 
[2015-02-09 22:59:41--676072]20.jpg,FCIU4591874 22G1
[2015-02-09 22:59:42--175388]12.jpg,MEDU1861156 22G1
[2015-02-09 22:59:44--281967]recv conta req 24.jpg! 
[2015-02-09 22:59:44--963493]24.jpg,SEGU1904022 22G1
[2015-02-09 22:59:48--284320]recv conta req 28.jpg! 
[2015-02-09 22:59:49--117083]28.jpg,FCIU8609740 45G1
[2015-02-09 22:59:52--286234]recv conta req 32.jpg! 
[2015-02-09 22:59:52--982077]32.jpg,CITU1173790 45G1
[2015-02-09 22:59:56--289679]recv conta req 1.jpg! 
[2015-02-09 22:59:58--048027]1.jpg,MSKU9550132 45G1
[2015-02-09 23:00:00--291092]recv conta req 5.jpg! 
[2015-02-09 23:00:03--149532]5.jpg,IIIU7???46? 22G1
[2015-02-09 23:00:04--295831]recv conta req 9.jpg! 
[2015-02-09 23:00:08--298022]recv conta req 13.jpg! 
[2015-02-09 23:00:12--299847]recv conta req 17.jpg! 
[2015-02-09 23:00:12--952966]9.jpg,MRKU3324814 45G1
[2015-02-09 23:00:14--717835]17.jpg,SEGU1445915 22G1
[2015-02-09 23:00:15--871012]13.jpg,FSCU7372776 22G1
[2015-02-09 23:00:16--303365]recv conta req 21.jpg! 
[2015-02-09 23:00:17--113642]21.jpg,TRLU8984373 22G1
[2015-02-09 23:00:20--305105]recv conta req 25.jpg! 
[2015-02-09 23:00:21--079674]25.jpg, 
[2015-02-09 23:00:24--308915]recv conta req 29.jpg! 
[2015-02-09 23:00:24--953551]29.jpg,SEGU9039975 45R1
[2015-02-09 23:00:28--314099]recv conta req 33.jpg! 
[2015-02-09 23:00:29--200728]33.jpg,PHLU2031555 22G1
[2015-02-09 23:00:32--319487]recv conta req 2.jpg! 
[2015-02-09 23:00:36--211708]2.jpg,GESU5520648 45G1
[2015-02-09 23:00:36--323061]recv conta req 6.jpg! 
[2015-02-09 23:00:38--804379]6.jpg,MRKU8566960 22G1
[2015-02-09 23:00:40--330550]recv conta req 10.jpg! 
[2015-02-09 23:00:44--332498]recv conta req 14.jpg! 
[2015-02-09 23:00:48--336334]recv conta req 18.jpg! 
[2015-02-09 23:00:50--526989]18.jpg,CRXU1866805 22G1
[2015-02-09 23:00:51--483444]10.jpg,CSLU1475718 22G1
[2015-02-09 23:00:52--339060]recv conta req 22.jpg! 
[2015-02-09 23:00:52--713745]14.jpg,MRKU9670500 22G1
[2015-02-09 23:00:53--052930]22.jpg,TCLU2873584 22G1
[2015-02-09 23:00:56--342868]recv conta req 26.jpg! 
[2015-02-09 23:00:57--063626]26.jpg,CRSU9147318 45G1
[2015-02-09 23:01:00--346646]recv conta req 30.jpg! 
[2015-02-09 23:01:00--980477]30.jpg,CMAU4559732 45G1
[2015-02-09 23:01:04--351598]recv conta req 34.jpg! 
[2015-02-09 23:01:05--100631]34.jpg,CMAU4555275 45G1
[2015-02-09 23:01:08--354899]recv conta req 3.jpg! 
[2015-02-09 23:01:12--262033]3.jpg,EITU1067234 45G1
[2015-02-09 23:01:12--361537]recv conta req 7.jpg! 
[2015-02-09 23:01:16--364531]recv conta req 11.jpg! 
[2015-02-09 23:01:20--369017]recv conta req 15.jpg! 
[2015-02-09 23:01:22--936087]11.jpg,MSKU0004911 45G1
[2015-02-09 23:01:24--372193]recv conta req 19.jpg! 
[2015-02-09 23:01:25--597826]19.jpg,MSKU1685954 45G1
[2015-02-09 23:01:26--814509]15.jpg,MAXU2423284 
[2015-02-09 23:01:27--166254]7.jpg, 
[2015-02-09 23:01:28--374796]recv conta req 23.jpg! 
[2015-02-09 23:01:29--020752]23.jpg,APHU6639762 45G1
[2015-02-09 23:01:32--378482]recv conta req 27.jpg! 
[2015-02-09 23:01:33--183080]27.jpg,MRKU0995640 42G1
[2015-02-09 23:01:36--383438]recv conta req 31.jpg! 
[2015-02-09 23:01:37--092295]31.jpg,WSDU4921322 45G1
[2015-02-09 23:01:40--387446]recv conta req 35.jpg! 
[2015-02-09 23:01:41--134468]35.jpg,WSDU4920250 45G1
[2015-02-09 23:01:44--391437]recv conta req 4.jpg! 
[2015-02-09 23:01:45--900900]4.jpg,MSKU4011903 22G1
[2015-02-09 23:01:48--397713]recv conta req 8.jpg! 
[2015-02-09 23:01:52--403355]recv conta req 12.jpg! 
[2015-02-09 23:01:54--197199]8.jpg,CCLU6287245 45G1
[2015-02-09 23:01:56--403086]recv conta req 16.jpg! 
[2015-02-09 23:01:58--352672]16.jpg,TEMU3075040 22G1
[2015-02-09 23:02:00--407737]recv conta req 20.jpg! 
[2015-02-09 23:02:01--969952]20.jpg,FCIU4591874 22G1
[2015-02-09 23:02:02--484371]12.jpg,MEDU1861156 22G1
[2015-02-09 23:02:04--412214]recv conta req 24.jpg! 
[2015-02-09 23:02:05--190756]24.jpg,SEGU1904022 22G1
[2015-02-09 23:02:08--418090]recv conta req 28.jpg! 
[2015-02-09 23:02:09--418661]28.jpg,FCIU8609740 45G1
[2015-02-09 23:02:12--419344]recv conta req 32.jpg! 
[2015-02-09 23:02:13--096052]32.jpg,CITU1173790 45G1
[2015-02-09 23:02:16--425585]recv conta req 1.jpg! 
[2015-02-09 23:02:18--178685]1.jpg,MSKU9550132 45G1
[2015-02-09 23:02:20--429270]recv conta req 5.jpg! 
[2015-02-09 23:02:23--317055]5.jpg,IIIU7???46? 22G1
[2015-02-09 23:02:24--434750]recv conta req 9.jpg! 
[2015-02-09 23:02:28--436624]recv conta req 13.jpg! 
[2015-02-09 23:02:31--234299]9.jpg,MRKU3324814 45G1
[2015-02-09 23:02:32--442064]recv conta req 17.jpg! 
[2015-02-09 23:02:34--918361]17.jpg,SEGU1445915 22G1
[2015-02-09 23:02:36--443959]recv conta req 21.jpg! 
[2015-02-09 23:02:36--483984]13.jpg,FSCU7372776 22G1
[2015-02-09 23:02:37--371464]21.jpg,TRLU8984373 22G1
[2015-02-09 23:02:40--447444]recv conta req 25.jpg! 
[2015-02-09 23:02:41--106494]25.jpg, 
[2015-02-09 23:02:44--451016]recv conta req 29.jpg! 
[2015-02-09 23:02:45--071085]29.jpg,SEGU9039975 45R1
[2015-02-09 23:02:48--454651]recv conta req 33.jpg! 
[2015-02-09 23:02:49--361041]33.jpg,PHLU2031555 22G1
[2015-02-09 23:02:52--457251]recv conta req 2.jpg! 
[2015-02-09 23:02:56--311771]2.jpg,GESU5520648 45G1
[2015-02-09 23:02:56--461362]recv conta req 6.jpg! 
[2015-02-09 23:02:58--888456]6.jpg,MRKU8566960 22G1
[2015-02-09 23:03:00--464023]recv conta req 10.jpg! 
[2015-02-09 23:03:04--467524]recv conta req 14.jpg! 
[2015-02-09 23:03:08--471314]recv conta req 18.jpg! 
[2015-02-09 23:03:09--818387]10.jpg,CSLU1475718 22G1
[2015-02-09 23:03:10--418631]18.jpg,CRXU1866805 22G1
[2015-02-09 23:03:12--038112]14.jpg,MRKU9670500 22G1
[2015-02-09 23:03:12--474957]recv conta req 22.jpg! 
[2015-02-09 23:03:13--139502]22.jpg,TCLU2873584 22G1
[2015-02-09 23:03:16--478872]recv conta req 26.jpg! 
[2015-02-09 23:03:17--351668]26.jpg,CRSU9147318 45G1
[2015-02-09 23:03:20--482164]recv conta req 30.jpg! 
[2015-02-09 23:03:21--125649]30.jpg,CMAU4559732 45G1
[2015-02-09 23:03:24--487428]recv conta req 34.jpg! 
[2015-02-09 23:03:25--272145]34.jpg,CMAU4555275 45G1
[2015-02-09 23:03:28--491397]recv conta req 3.jpg! 
[2015-02-09 23:03:32--366807]3.jpg,EITU1067234 45G1
[2015-02-09 23:03:32--497486]recv conta req 7.jpg! 
[2015-02-09 23:03:36--502753]recv conta req 11.jpg! 
[2015-02-09 23:03:40--511304]recv conta req 15.jpg! 
[2015-02-09 23:03:44--512295]recv conta req 19.jpg! 
[2015-02-09 23:03:46--034509]19.jpg,MSKU1685954 45G1
[2015-02-09 23:03:46--088332]15.jpg,MAXU2423284 
[2015-02-09 23:03:46--781421]7.jpg, 
[2015-02-09 23:03:46--988326]11.jpg,MSKU0004911 45G1
[2015-02-09 23:03:48--514462]recv conta req 23.jpg! 
[2015-02-09 23:03:49--136324]23.jpg,APHU6639762 45G1
[2015-02-09 23:03:52--519802]recv conta req 27.jpg! 
[2015-02-09 23:03:53--340293]27.jpg,MRKU0995640 42G1
[2015-02-09 23:03:56--523424]recv conta req 31.jpg! 
[2015-02-09 23:03:57--213661]31.jpg,WSDU4921322 45G1
[2015-02-09 23:04:00--527939]recv conta req 35.jpg! 
[2015-02-09 23:04:01--297044]35.jpg,WSDU4920250 45G1
[2015-02-09 23:04:04--532280]recv conta req 4.jpg! 
[2015-02-09 23:04:05--995509]4.jpg,MSKU4011903 22G1
[2015-02-09 23:04:08--537985]recv conta req 8.jpg! 
[2015-02-09 23:04:12--541888]recv conta req 12.jpg! 
[2015-02-09 23:04:14--246521]8.jpg,CCLU6287245 45G1
[2015-02-09 23:04:16--543669]recv conta req 16.jpg! 
[2015-02-09 23:04:17--929804]16.jpg,TEMU3075040 22G1
[2015-02-09 23:04:20--549082]recv conta req 20.jpg! 
[2015-02-09 23:04:21--813537]20.jpg,FCIU4591874 22G1
[2015-02-09 23:04:22--856332]12.jpg,MEDU1861156 22G1
[2015-02-09 23:04:24--552565]recv conta req 24.jpg! 
[2015-02-09 23:04:25--307286]24.jpg,SEGU1904022 22G1
[2015-02-09 23:04:28--554891]recv conta req 28.jpg! 
[2015-02-09 23:04:29--384365]28.jpg,FCIU8609740 45G1
[2015-02-09 23:04:32--558091]recv conta req 32.jpg! 
[2015-02-09 23:04:33--238349]32.jpg,CITU1173790 45G1
[2015-02-09 23:04:36--565059]recv conta req 1.jpg! 
[2015-02-09 23:04:38--249641]1.jpg,MSKU9550132 45G1
[2015-02-09 23:04:40--568213]recv conta req 5.jpg! 
[2015-02-09 23:04:43--459942]5.jpg,IIIU7???46? 22G1
[2015-02-09 23:04:44--576103]recv conta req 9.jpg! 
[2015-02-09 23:04:48--577193]recv conta req 13.jpg! 
[2015-02-09 23:04:52--580101]recv conta req 17.jpg! 
[2015-02-09 23:04:55--061198]17.jpg,SEGU1445915 22G1
[2015-02-09 23:04:55--794000]9.jpg,MRKU3324814 45G1
[2015-02-09 23:04:56--583895]recv conta req 21.jpg! 
[2015-02-09 23:04:57--544693]21.jpg,TRLU8984373 22G1
[2015-02-09 23:04:57--669008]13.jpg,FSCU7372776 22G1
[2015-02-09 23:05:00--589879]recv conta req 25.jpg! 
[2015-02-09 23:05:01--204967]25.jpg, 
[2015-02-09 23:05:04--590873]recv conta req 29.jpg! 
[2015-02-09 23:05:05--216823]29.jpg,SEGU9039975 45R1
[2015-02-09 23:05:08--595429]recv conta req 33.jpg! 
[2015-02-09 23:05:09--420182]33.jpg,PHLU2031555 22G1
[2015-02-09 23:05:12--600925]recv conta req 2.jpg! 
[2015-02-09 23:05:16--603932]recv conta req 6.jpg! 
[2015-02-09 23:05:16--730744]2.jpg,GESU5520648 45G1
[2015-02-09 23:05:18--985140]6.jpg,MRKU8566960 22G1
[2015-02-09 23:05:20--609622]recv conta req 10.jpg! 
[2015-02-09 23:05:24--611908]recv conta req 14.jpg! 
[2015-02-09 23:05:28--614545]recv conta req 18.jpg! 
[2015-02-09 23:05:30--733043]18.jpg,CRXU1866805 22G1
[2015-02-09 23:05:31--363551]10.jpg,CSLU1475718 22G1
[2015-02-09 23:05:32--295646]14.jpg,MRKU9670500 22G1
[2015-02-09 23:05:32--617605]recv conta req 22.jpg! 
[2015-02-09 23:05:33--247505]22.jpg,TCLU2873584 22G1
[2015-02-09 23:05:36--622212]recv conta req 26.jpg! 
[2015-02-09 23:05:37--324191]26.jpg,CRSU9147318 45G1
[2015-02-09 23:05:40--625820]recv conta req 30.jpg! 
[2015-02-09 23:05:41--220418]30.jpg,CMAU4559732 45G1
[2015-02-09 23:05:44--629675]recv conta req 34.jpg! 
[2015-02-09 23:05:45--351484]34.jpg,CMAU4555275 45G1
[2015-02-09 23:05:48--633523]recv conta req 3.jpg! 
[2015-02-09 23:05:52--512006]3.jpg,EITU1067234 45G1
[2015-02-09 23:05:52--640503]recv conta req 7.jpg! 
[2015-02-09 23:05:56--645936]recv conta req 11.jpg! 
[2015-02-09 23:06:00--647094]recv conta req 15.jpg! 
[2015-02-09 23:06:04--648454]recv conta req 19.jpg! 
[2015-02-09 23:06:05--947875]19.jpg,MSKU1685954 45G1
[2015-02-09 23:06:05--981296]11.jpg,MSKU0004911 45G1
[2015-02-09 23:06:06--613290]15.jpg,MAXU2423284 
[2015-02-09 23:06:06--655279]7.jpg, 
[2015-02-09 23:06:08--651903]recv conta req 23.jpg! 
[2015-02-09 23:06:09--284042]23.jpg,APHU6639762 45G1
[2015-02-09 23:06:12--656313]recv conta req 27.jpg! 
[2015-02-09 23:06:13--472179]27.jpg,MRKU0995640 42G1
[2015-02-09 23:06:16--661641]recv conta req 31.jpg! 
[2015-02-09 23:06:17--334758]31.jpg,WSDU4921322 45G1
[2015-02-09 23:06:20--666380]recv conta req 35.jpg! 
[2015-02-09 23:06:21--406233]35.jpg,WSDU4920250 45G1
[2015-02-09 23:06:24--670948]recv conta req 4.jpg! 
[2015-02-09 23:06:26--055335]4.jpg,MSKU4011903 22G1
[2015-02-09 23:06:28--678607]recv conta req 8.jpg! 
[2015-02-09 23:06:32--682591]recv conta req 12.jpg! 
[2015-02-09 23:06:35--182477]8.jpg,CCLU6287245 45G1
[2015-02-09 23:06:36--683672]recv conta req 16.jpg! 
[2015-02-09 23:06:38--646340]16.jpg,TEMU3075040 22G1
[2015-02-09 23:06:40--688481]recv conta req 20.jpg! 
[2015-02-09 23:06:41--997344]20.jpg,FCIU4591874 22G1
[2015-02-09 23:06:43--325276]12.jpg,MEDU1861156 22G1
[2015-02-09 23:06:44--693359]recv conta req 24.jpg! 
[2015-02-09 23:06:45--327666]24.jpg,SEGU1904022 22G1
[2015-02-09 23:06:48--697283]recv conta req 28.jpg! 
[2015-02-09 23:06:49--483363]28.jpg,FCIU8609740 45G1
[2015-02-09 23:06:52--700865]recv conta req 32.jpg! 
[2015-02-09 23:06:53--374969]32.jpg,CITU1173790 45G1
[2015-02-09 23:06:56--707730]recv conta req 1.jpg! 
[2015-02-09 23:06:58--358357]1.jpg,MSKU9550132 45G1
[2015-02-09 23:07:00--708608]recv conta req 5.jpg! 
[2015-02-09 23:07:03--457744]5.jpg,IIIU7???46? 22G1
[2015-02-09 23:07:04--716833]recv conta req 9.jpg! 
[2015-02-09 23:07:08--718119]recv conta req 13.jpg! 
[2015-02-09 23:07:12--722077]recv conta req 17.jpg! 
[2015-02-09 23:07:14--299318]9.jpg,MRKU3324814 45G1
[2015-02-09 23:07:15--199703]17.jpg,SEGU1445915 22G1
[2015-02-09 23:07:16--726555]recv conta req 21.jpg! 
[2015-02-09 23:07:17--531258]13.jpg,FSCU7372776 22G1
[2015-02-09 23:07:17--596161]21.jpg,TRLU8984373 22G1
[2015-02-09 23:07:20--729384]recv conta req 25.jpg! 
[2015-02-09 23:07:21--345582]25.jpg, 
[2015-02-09 23:07:24--734195]recv conta req 29.jpg! 
[2015-02-09 23:07:25--334384]29.jpg,SEGU9039975 45R1
[2015-02-09 23:07:28--739142]recv conta req 33.jpg! 
[2015-02-09 23:07:29--605185]33.jpg,PHLU2031555 22G1
[2015-02-09 23:07:32--744580]recv conta req 2.jpg! 
[2015-02-09 23:07:36--566788]2.jpg,GESU5520648 45G1
[2015-02-09 23:07:36--749287]recv conta req 6.jpg! 
[2015-02-09 23:07:39--039305]6.jpg,MRKU8566960 22G1
[2015-02-09 23:07:40--755277]recv conta req 10.jpg! 
[2015-02-09 23:07:44--756349]recv conta req 14.jpg! 
[2015-02-09 23:07:48--759121]recv conta req 18.jpg! 
[2015-02-09 23:07:50--233311]18.jpg,CRXU1866805 22G1
[2015-02-09 23:07:51--251236]10.jpg,CSLU1475718 22G1
[2015-02-09 23:07:52--526715]14.jpg,MRKU9670500 22G1
[2015-02-09 23:07:52--762159]recv conta req 22.jpg! 
[2015-02-09 23:07:53--411600]22.jpg,TCLU2873584 22G1
[2015-02-09 23:07:56--765799]recv conta req 26.jpg! 
[2015-02-09 23:07:57--513581]26.jpg,CRSU9147318 45G1
[2015-02-09 23:08:00--770705]recv conta req 30.jpg! 
[2015-02-09 23:08:01--353489]30.jpg,CMAU4559732 45G1
[2015-02-09 23:08:04--774897]recv conta req 34.jpg! 
[2015-02-09 23:08:05--489823]34.jpg,CMAU4555275 45G1
[2015-02-09 23:08:08--778305]recv conta req 3.jpg! 
[2015-02-09 23:08:12--568371]3.jpg,EITU1067234 45G1
[2015-02-09 23:08:12--786547]recv conta req 7.jpg! 
[2015-02-09 23:08:16--788380]recv conta req 11.jpg! 
[2015-02-09 23:08:20--792726]recv conta req 15.jpg! 
[2015-02-09 23:08:24--795408]recv conta req 19.jpg! 
[2015-02-09 23:08:25--986808]7.jpg, 
[2015-02-09 23:08:26--203037]19.jpg,MSKU1685954 45G1
[2015-02-09 23:08:26--252121]15.jpg,MAXU2423284 
[2015-02-09 23:08:26--602776]11.jpg,MSKU0004911 45G1
[2015-02-09 23:08:28--798325]recv conta req 23.jpg! 
[2015-02-09 23:08:29--392276]23.jpg,APHU6639762 45G1
[2015-02-09 23:08:32--802321]recv conta req 27.jpg! 
[2015-02-09 23:08:33--586013]27.jpg,MRKU0995640 42G1
[2015-02-09 23:08:36--805857]recv conta req 31.jpg! 
[2015-02-09 23:08:37--457154]31.jpg,WSDU4921322 45G1
[2015-02-09 23:08:40--809471]recv conta req 35.jpg! 
[2015-02-09 23:08:41--555737]35.jpg,WSDU4920250 45G1
[2015-02-09 23:08:44--812655]recv conta req 4.jpg! 
[2015-02-09 23:08:46--246106]4.jpg,MSKU4011903 22G1
[2015-02-09 23:08:48--820168]recv conta req 8.jpg! 
[2015-02-09 23:08:52--822493]recv conta req 12.jpg! 
[2015-02-09 23:08:54--090731]8.jpg,CCLU6287245 45G1
[2015-02-09 23:08:56--824255]recv conta req 16.jpg! 
[2015-02-09 23:08:58--380079]16.jpg,TEMU3075040 22G1
[2015-02-09 23:09:00--828195]recv conta req 20.jpg! 
[2015-02-09 23:09:02--031485]20.jpg,FCIU4591874 22G1
[2015-02-09 23:09:03--610147]12.jpg,MEDU1861156 22G1
[2015-02-09 23:09:04--829639]recv conta req 24.jpg! 
[2015-02-09 23:09:05--488309]24.jpg,SEGU1904022 22G1
[2015-02-09 23:09:08--832078]recv conta req 28.jpg! 
[2015-02-09 23:09:09--633804]28.jpg,FCIU8609740 45G1
[2015-02-09 23:09:12--834372]recv conta req 32.jpg! 
[2015-02-09 23:09:13--472515]32.jpg,CITU1173790 45G1
[2015-02-09 23:09:16--839285]recv conta req 1.jpg! 
[2015-02-09 23:09:18--486383]1.jpg,MSKU9550132 45G1
[2015-02-09 23:09:20--839791]recv conta req 5.jpg! 
[2015-02-09 23:09:23--562597]5.jpg,IIIU7???46? 22G1
[2015-02-09 23:09:24--848174]recv conta req 9.jpg! 
[2015-02-09 23:09:28--848274]recv conta req 13.jpg! 
[2015-02-09 23:09:32--851927]recv conta req 17.jpg! 
[2015-02-09 23:09:34--229476]9.jpg,MRKU3324814 45G1
[2015-02-09 23:09:34--953063]17.jpg,SEGU1445915 22G1
[2015-02-09 23:09:36--852970]recv conta req 21.jpg! 
[2015-02-09 23:09:37--346821]13.jpg,FSCU7372776 22G1
[2015-02-09 23:09:37--581538]21.jpg,TRLU8984373 22G1
[2015-02-09 23:09:40--854593]recv conta req 25.jpg! 
[2015-02-09 23:09:41--441578]25.jpg, 
[2015-02-09 23:09:44--857391]recv conta req 29.jpg! 
[2015-02-09 23:09:45--440895]29.jpg,SEGU9039975 45R1
[2015-02-09 23:09:48--861475]recv conta req 33.jpg! 
[2015-02-09 23:09:49--731649]33.jpg,PHLU2031555 22G1
[2015-02-09 23:09:52--864061]recv conta req 2.jpg! 
[2015-02-09 23:09:56--673749]2.jpg,GESU5520648 45G1
[2015-02-09 23:09:56--867964]recv conta req 6.jpg! 
[2015-02-09 23:09:59--184259]6.jpg,MRKU8566960 22G1
[2015-02-09 23:10:00--872991]recv conta req 10.jpg! 
[2015-02-09 23:10:04--873741]recv conta req 14.jpg! 
[2015-02-09 23:10:08--878734]recv conta req 18.jpg! 
[2015-02-09 23:10:10--288036]18.jpg,CRXU1866805 22G1
[2015-02-09 23:10:11--978626]10.jpg,CSLU1475718 22G1
[2015-02-09 23:10:12--825512]14.jpg,MRKU9670500 22G1
[2015-02-09 23:10:12--878900]recv conta req 22.jpg! 
[2015-02-09 23:10:13--472912]22.jpg,TCLU2873584 22G1
[2015-02-09 23:10:16--881174]recv conta req 26.jpg! 
[2015-02-09 23:10:17--619531]26.jpg,CRSU9147318 45G1
[2015-02-09 23:10:20--883418]recv conta req 30.jpg! 
[2015-02-09 23:10:21--485312]30.jpg,CMAU4559732 45G1
[2015-02-09 23:10:24--887947]recv conta req 34.jpg! 
[2015-02-09 23:10:25--629821]34.jpg,CMAU4555275 45G1
[2015-02-09 23:10:28--888989]recv conta req 3.jpg! 
[2015-02-09 23:10:32--629446]3.jpg,EITU1067234 45G1
[2015-02-09 23:10:32--896568]recv conta req 7.jpg! 
[2015-02-09 23:10:36--895667]recv conta req 11.jpg! 
[2015-02-09 23:10:40--899827]recv conta req 15.jpg! 
[2015-02-09 23:10:44--901190]recv conta req 19.jpg! 
[2015-02-09 23:10:45--340750]7.jpg, 
[2015-02-09 23:10:45--955313]11.jpg,MSKU0004911 45G1
[2015-02-09 23:10:46--309475]15.jpg,MAXU2423284 
[2015-02-09 23:10:46--541851]19.jpg,MSKU1685954 45G1
[2015-02-09 23:10:48--902079]recv conta req 23.jpg! 
[2015-02-09 23:10:49--516502]23.jpg,APHU6639762 45G1
[2015-02-09 23:10:52--904323]recv conta req 27.jpg! 
[2015-02-09 23:10:53--710460]27.jpg,MRKU0995640 42G1
[2015-02-09 23:10:56--907139]recv conta req 31.jpg! 
[2015-02-09 23:10:57--576705]31.jpg,WSDU4921322 45G1
[2015-02-09 23:11:00--909300]recv conta req 35.jpg! 
[2015-02-09 23:11:01--644374]35.jpg,WSDU4920250 45G1
[2015-02-09 23:11:04--912304]recv conta req 4.jpg! 
[2015-02-09 23:11:06--270421]4.jpg,MSKU4011903 22G1
[2015-02-09 23:11:08--918684]recv conta req 8.jpg! 
[2015-02-09 23:11:12--920676]recv conta req 12.jpg! 
[2015-02-09 23:11:15--384175]8.jpg,CCLU6287245 45G1
[2015-02-09 23:11:16--919316]recv conta req 16.jpg! 
[2015-02-09 23:11:18--818314]16.jpg,TEMU3075040 22G1
[2015-02-09 23:11:20--923026]recv conta req 20.jpg! 
[2015-02-09 23:11:22--128353]20.jpg,FCIU4591874 22G1
[2015-02-09 23:11:23--219604]12.jpg,MEDU1861156 22G1
[2015-02-09 23:11:24--924350]recv conta req 24.jpg! 
[2015-02-09 23:11:25--558627]24.jpg,SEGU1904022 22G1
[2015-02-09 23:11:28--926768]recv conta req 28.jpg! 
[2015-02-09 23:11:29--663307]28.jpg,FCIU8609740 45G1
[2015-02-09 23:11:32--929563]recv conta req 32.jpg! 
[2015-02-09 23:11:33--588338]32.jpg,CITU1173790 45G1
[2015-02-09 23:11:36--932055]recv conta req 1.jpg! 
[2015-02-09 23:11:38--603703]1.jpg,MSKU9550132 45G1
[2015-02-09 23:11:40--934827]recv conta req 5.jpg! 
[2015-02-09 23:11:43--679904]5.jpg,IIIU7???46? 22G1
[2015-02-09 23:11:44--938846]recv conta req 9.jpg! 
[2015-02-09 23:11:48--941306]recv conta req 13.jpg! 
[2015-02-09 23:11:52--801108]9.jpg,MRKU3324814 45G1
[2015-02-09 23:11:52--942243]recv conta req 17.jpg! 
[2015-02-09 23:11:55--542729]17.jpg,SEGU1445915 22G1
[2015-02-09 23:11:56--944092]recv conta req 21.jpg! 
[2015-02-09 23:11:57--918918]21.jpg,TRLU8984373 22G1
[2015-02-09 23:11:58--401890]13.jpg,FSCU7372776 22G1
[2015-02-09 23:12:00--946161]recv conta req 25.jpg! 
[2015-02-09 23:12:01--567302]25.jpg, 
[2015-02-09 23:12:04--949407]recv conta req 29.jpg! 
[2015-02-09 23:12:05--546942]29.jpg,SEGU9039975 45R1
[2015-02-09 23:12:08--951345]recv conta req 33.jpg! 
[2015-02-09 23:12:09--742850]33.jpg,PHLU2031555 22G1
[2015-02-09 23:12:12--954900]recv conta req 2.jpg! 
[2015-02-09 23:12:16--957289]recv conta req 6.jpg! 
[2015-02-09 23:12:17--064140]2.jpg,GESU5520648 45G1
[2015-02-09 23:12:19--353969]6.jpg,MRKU8566960 22G1
[2015-02-09 23:12:20--960347]recv conta req 10.jpg! 
[2015-02-09 23:12:24--962353]recv conta req 14.jpg! 
[2015-02-09 23:12:28--964343]recv conta req 18.jpg! 
[2015-02-09 23:12:31--119053]10.jpg,CSLU1475718 22G1
[2015-02-09 23:12:31--280949]18.jpg,CRXU1866805 22G1
[2015-02-09 23:12:32--966861]recv conta req 22.jpg! 
[2015-02-09 23:12:33--138723]14.jpg,MRKU9670500 22G1
[2015-02-09 23:12:33--606043]22.jpg,TCLU2873584 22G1
[2015-02-09 23:12:36--968904]recv conta req 26.jpg! 
[2015-02-09 23:12:37--668930]26.jpg,CRSU9147318 45G1
[2015-02-09 23:12:40--971387]recv conta req 30.jpg! 
[2015-02-09 23:12:41--566527]30.jpg,CMAU4559732 45G1
[2015-02-09 23:12:44--974066]recv conta req 34.jpg! 
[2015-02-09 23:12:45--666260]34.jpg,CMAU4555275 45G1
[2015-02-09 23:12:48--977243]recv conta req 3.jpg! 
[2015-02-09 23:12:52--799105]3.jpg,EITU1067234 45G1
[2015-02-09 23:12:52--982171]recv conta req 7.jpg! 
[2015-02-09 23:12:56--982726]recv conta req 11.jpg! 
[2015-02-09 23:13:00--987418]recv conta req 15.jpg! 
[2015-02-09 23:13:04--985772]recv conta req 19.jpg! 
[2015-02-09 23:13:05--966883]11.jpg,MSKU0004911 45G1
[2015-02-09 23:13:06--795663]15.jpg,MAXU2423284 
[2015-02-09 23:13:07--032654]19.jpg,MSKU1685954 45G1
[2015-02-09 23:13:07--553618]7.jpg, 
[2015-02-09 23:13:08--989400]recv conta req 23.jpg! 
[2015-02-09 23:13:09--616158]23.jpg,APHU6639762 45G1
[2015-02-09 23:13:12--991606]recv conta req 27.jpg! 
[2015-02-09 23:13:13--768500]27.jpg,MRKU0995640 42G1
[2015-02-09 23:13:16--993439]recv conta req 31.jpg! 
[2015-02-09 23:13:17--675249]31.jpg,WSDU4921322 45G1
[2015-02-09 23:13:20--995912]recv conta req 35.jpg! 
[2015-02-09 23:13:21--755471]35.jpg,WSDU4920250 45G1
[2015-02-09 23:13:24--998447]recv conta req 4.jpg! 
[2015-02-09 23:13:26--462900]4.jpg,MSKU4011903 22G1
[2015-02-09 23:13:29--002785]recv conta req 8.jpg! 
[2015-02-09 23:13:33--005763]recv conta req 12.jpg! 
[2015-02-09 23:13:35--323182]8.jpg,CCLU6287245 45G1
[2015-02-09 23:13:37--006248]recv conta req 16.jpg! 
[2015-02-09 23:13:38--852482]16.jpg,TEMU3075040 22G1
[2015-02-09 23:13:41--009858]recv conta req 20.jpg! 
[2015-02-09 23:13:42--222375]20.jpg,FCIU4591874 22G1
[2015-02-09 23:13:43--482283]12.jpg,MEDU1861156 22G1
[2015-02-09 23:13:45--010633]recv conta req 24.jpg! 
[2015-02-09 23:13:45--669227]24.jpg,SEGU1904022 22G1
[2015-02-09 23:13:49--013766]recv conta req 28.jpg! 
[2015-02-09 23:13:49--821465]28.jpg,FCIU8609740 45G1
[2015-02-09 23:13:53--015992]recv conta req 32.jpg! 
[2015-02-09 23:13:53--670251]32.jpg,CITU1173790 45G1
[2015-02-09 23:13:57--019303]recv conta req 1.jpg! 
[2015-02-09 23:13:58--718890]1.jpg,MSKU9550132 45G1
[2015-02-09 23:14:01--020599]recv conta req 5.jpg! 
[2015-02-09 23:14:03--804964]5.jpg,IIIU7???46? 22G1
[2015-02-09 23:14:05--024462]recv conta req 9.jpg! 
[2015-02-09 23:14:09--027803]recv conta req 13.jpg! 
[2015-02-09 23:14:13--027769]recv conta req 17.jpg! 
[2015-02-09 23:14:15--160964]17.jpg,SEGU1445915 22G1
[2015-02-09 23:14:15--494518]9.jpg,MRKU3324814 45G1
[2015-02-09 23:14:17--030987]recv conta req 21.jpg! 
[2015-02-09 23:14:17--210040]13.jpg,FSCU7372776 22G1
[2015-02-09 23:14:17--848972]21.jpg,TRLU8984373 22G1
[2015-02-09 23:14:21--032478]recv conta req 25.jpg! 
[2015-02-09 23:14:21--642645]25.jpg, 
[2015-02-09 23:14:25--035579]recv conta req 29.jpg! 
[2015-02-09 23:14:25--642131]29.jpg,SEGU9039975 45R1
[2015-02-09 23:14:29--038228]recv conta req 33.jpg! 
[2015-02-09 23:14:29--903707]33.jpg,PHLU2031555 22G1
[2015-02-09 23:14:33--041080]recv conta req 2.jpg! 
[2015-02-09 23:14:36--921354]2.jpg,GESU5520648 45G1
[2015-02-09 23:14:37--043889]recv conta req 6.jpg! 
[2015-02-09 23:14:39--365913]6.jpg,MRKU8566960 22G1
[2015-02-09 23:14:41--048091]recv conta req 10.jpg! 
[2015-02-09 23:14:45--050202]recv conta req 14.jpg! 
[2015-02-09 23:14:49--050390]recv conta req 18.jpg! 
[2015-02-09 23:14:51--237417]18.jpg,CRXU1866805 22G1
[2015-02-09 23:14:52--150278]10.jpg,CSLU1475718 22G1
[2015-02-09 23:14:53--053590]recv conta req 22.jpg! 
[2015-02-09 23:14:53--075858]14.jpg,MRKU9670500 22G1
[2015-02-09 23:14:53--683908]22.jpg,TCLU2873584 22G1
[2015-02-09 23:14:57--055457]recv conta req 26.jpg! 
[2015-02-09 23:14:57--744198]26.jpg,CRSU9147318 45G1
[2015-02-09 23:15:01--057885]recv conta req 30.jpg! 
[2015-02-09 23:15:01--665048]30.jpg,CMAU4559732 45G1
[2015-02-09 23:15:05--060248]recv conta req 34.jpg! 
[2015-02-09 23:15:05--828998]34.jpg,CMAU4555275 45G1
[2015-02-09 23:15:09--062760]recv conta req 3.jpg! 
[2015-02-09 23:15:12--949325]3.jpg,EITU1067234 45G1
[2015-02-09 23:15:13--069886]recv conta req 7.jpg! 
[2015-02-09 23:15:17--070391]recv conta req 11.jpg! 
[2015-02-09 23:15:21--071888]recv conta req 15.jpg! 
[2015-02-09 23:15:24--674716]11.jpg,MSKU0004911 45G1
[2015-02-09 23:15:25--073576]recv conta req 19.jpg! 
[2015-02-09 23:15:26--419559]15.jpg,MAXU2423284 
[2015-02-09 23:15:26--485995]7.jpg, 
[2015-02-09 23:15:26--737818]19.jpg,MSKU1685954 45G1
[2015-02-09 23:15:29--076743]recv conta req 23.jpg! 
[2015-02-09 23:15:29--705805]23.jpg,APHU6639762 45G1
[2015-02-09 23:15:33--078409]recv conta req 27.jpg! 
[2015-02-09 23:15:33--882721]27.jpg,MRKU0995640 42G1
[2015-02-09 23:15:37--080744]recv conta req 31.jpg! 
[2015-02-09 23:15:37--767675]31.jpg,WSDU4921322 45G1
[2015-02-09 23:15:41--083130]recv conta req 35.jpg! 
[2015-02-09 23:15:41--847057]35.jpg,WSDU4920250 45G1
[2015-02-09 23:15:45--085623]recv conta req 4.jpg! 
[2015-02-09 23:15:46--499090]4.jpg,MSKU4011903 22G1
[2015-02-09 23:15:49--089857]recv conta req 8.jpg! 
[2015-02-09 23:15:53--093097]recv conta req 12.jpg! 
[2015-02-09 23:15:55--893385]8.jpg,CCLU6287245 45G1
[2015-02-09 23:15:57--093356]recv conta req 16.jpg! 
[2015-02-09 23:15:59--063058]16.jpg,TEMU3075040 22G1
[2015-02-09 23:16:01--095914]recv conta req 20.jpg! 
[2015-02-09 23:16:02--495113]20.jpg,FCIU4591874 22G1
[2015-02-09 23:16:03--944868]12.jpg,MEDU1861156 22G1
[2015-02-09 23:16:05--098451]recv conta req 24.jpg! 
[2015-02-09 23:16:05--785457]24.jpg,SEGU1904022 22G1
[2015-02-09 23:16:09--101001]recv conta req 28.jpg! 
[2015-02-09 23:16:09--916519]28.jpg,FCIU8609740 45G1
[2015-02-09 23:16:13--103310]recv conta req 32.jpg! 
[2015-02-09 23:16:13--793797]32.jpg,CITU1173790 45G1
[2015-02-09 23:16:17--108223]recv conta req 1.jpg! 
[2015-02-09 23:16:18--980138]1.jpg,MSKU9550132 45G1
[2015-02-09 23:16:21--109052]recv conta req 5.jpg! 
[2015-02-09 23:16:23--919684]5.jpg,IIIU7???46? 22G1
[2015-02-09 23:16:25--113339]recv conta req 9.jpg! 
[2015-02-09 23:16:29--119703]recv conta req 13.jpg! 
[2015-02-09 23:16:32--946581]9.jpg,MRKU3324814 45G1
[2015-02-09 23:16:33--115726]recv conta req 17.jpg! 
[2015-02-09 23:16:35--112648]17.jpg,SEGU1445915 22G1
[2015-02-09 23:16:37--118200]recv conta req 21.jpg! 
[2015-02-09 23:16:38--102863]13.jpg,FSCU7372776 22G1
[2015-02-09 23:16:38--314016]21.jpg,TRLU8984373 22G1
[2015-02-09 23:16:41--120438]recv conta req 25.jpg! 
[2015-02-09 23:16:41--775144]25.jpg, 
[2015-02-09 23:16:45--122921]recv conta req 29.jpg! 
[2015-02-09 23:16:45--747820]29.jpg,SEGU9039975 45R1
[2015-02-09 23:16:49--125535]recv conta req 33.jpg! 
[2015-02-09 23:16:49--985516]33.jpg,PHLU2031555 22G1
[2015-02-09 23:16:53--128967]recv conta req 2.jpg! 
[2015-02-09 23:16:57--037869]2.jpg,GESU5520648 45G1
[2015-02-09 23:16:57--131216]recv conta req 6.jpg! 
[2015-02-09 23:16:59--563384]6.jpg,MRKU8566960 22G1
[2015-02-09 23:17:01--135328]recv conta req 10.jpg! 
[2015-02-09 23:17:05--139308]recv conta req 14.jpg! 
[2015-02-09 23:17:09--138406]recv conta req 18.jpg! 
[2015-02-09 23:17:11--355226]18.jpg,CRXU1866805 22G1
[2015-02-09 23:17:12--296714]10.jpg,CSLU1475718 22G1
[2015-02-09 23:17:13--062138]14.jpg,MRKU9670500 22G1
[2015-02-09 23:17:13--140894]recv conta req 22.jpg! 
[2015-02-09 23:17:13--806711]22.jpg,TCLU2873584 22G1
[2015-02-09 23:17:17--142800]recv conta req 26.jpg! 
[2015-02-09 23:17:17--910945]26.jpg,CRSU9147318 45G1
[2015-02-09 23:17:21--145172]recv conta req 30.jpg! 
[2015-02-09 23:17:21--753772]30.jpg,CMAU4559732 45G1
[2015-02-09 23:17:25--148263]recv conta req 34.jpg! 
[2015-02-09 23:17:25--877702]34.jpg,CMAU4555275 45G1
[2015-02-09 23:17:29--150209]recv conta req 3.jpg! 
[2015-02-09 23:17:33--029542]3.jpg,EITU1067234 45G1
[2015-02-09 23:17:33--155380]recv conta req 7.jpg! 
[2015-02-09 23:17:37--157357]recv conta req 11.jpg! 
[2015-02-09 23:17:41--158816]recv conta req 15.jpg! 
[2015-02-09 23:17:45--160487]recv conta req 19.jpg! 
[2015-02-09 23:17:46--061175]11.jpg,MSKU0004911 45G1
[2015-02-09 23:17:46--707072]15.jpg,MAXU2423284 
[2015-02-09 23:17:46--893048]19.jpg,MSKU1685954 45G1
[2015-02-09 23:17:47--912317]7.jpg, 
[2015-02-09 23:17:49--163168]recv conta req 23.jpg! 
[2015-02-09 23:17:49--813497]23.jpg,APHU6639762 45G1
[2015-02-09 23:17:53--164606]recv conta req 27.jpg! 
[2015-02-09 23:17:53--949563]27.jpg,MRKU0995640 42G1
[2015-02-09 23:17:57--167167]recv conta req 31.jpg! 
[2015-02-09 23:17:57--874166]31.jpg,WSDU4921322 45G1
[2015-02-09 23:18:01--171148]recv conta req 35.jpg! 
[2015-02-09 23:18:02--008917]35.jpg,WSDU4920250 45G1
[2015-02-09 23:18:05--173106]recv conta req 4.jpg! 
[2015-02-09 23:18:06--613662]4.jpg,MSKU4011903 22G1
[2015-02-09 23:18:09--177385]recv conta req 8.jpg! 
[2015-02-09 23:18:13--179850]recv conta req 12.jpg! 
[2015-02-09 23:18:14--824979]8.jpg,CCLU6287245 45G1
[2015-02-09 23:18:17--181033]recv conta req 16.jpg! 
[2015-02-09 23:18:18--892591]16.jpg,TEMU3075040 22G1
[2015-02-09 23:18:21--183102]recv conta req 20.jpg! 
[2015-02-09 23:18:22--321079]20.jpg,FCIU4591874 22G1
[2015-02-09 23:18:23--864958]12.jpg,MEDU1861156 22G1
[2015-02-09 23:18:25--188418]recv conta req 24.jpg! 
[2015-02-09 23:18:26--074251]24.jpg,SEGU1904022 22G1
[2015-02-09 23:18:29--192641]recv conta req 28.jpg! 
[2015-02-09 23:18:30--236075]28.jpg,FCIU8609740 45G1
[2015-02-09 23:18:33--192753]recv conta req 32.jpg! 
[2015-02-09 23:18:33--865133]32.jpg,CITU1173790 45G1
[2015-02-09 23:18:37--196530]recv conta req 1.jpg! 
[2015-02-09 23:18:38--944799]1.jpg,MSKU9550132 45G1
[2015-02-09 23:18:41--198856]recv conta req 5.jpg! 
[2015-02-09 23:18:44--078686]5.jpg,IIIU7???46? 22G1
[2015-02-09 23:18:45--203104]recv conta req 9.jpg! 
[2015-02-09 23:18:49--205068]recv conta req 13.jpg! 
[2015-02-09 23:18:53--205499]recv conta req 17.jpg! 
[2015-02-09 23:18:54--913933]17.jpg,SEGU1445915 22G1
[2015-02-09 23:18:55--130163]9.jpg,MRKU3324814 45G1
[2015-02-09 23:18:57--208448]recv conta req 21.jpg! 
[2015-02-09 23:18:57--848733]13.jpg,FSCU7372776 22G1
[2015-02-09 23:18:58--165759]21.jpg,TRLU8984373 22G1
[2015-02-09 23:19:01--214420]recv conta req 25.jpg! 
[2015-02-09 23:19:02--074318]25.jpg, 
[2015-02-09 23:19:05--217941]recv conta req 29.jpg! 
[2015-02-09 23:19:06--081537]29.jpg,SEGU9039975 45R1
[2015-02-09 23:19:09--218232]recv conta req 33.jpg! 
[2015-02-09 23:19:10--090683]33.jpg,PHLU2031555 22G1
[2015-02-09 23:19:13--223713]recv conta req 2.jpg! 
[2015-02-09 23:19:17--145561]2.jpg,GESU5520648 45G1
[2015-02-09 23:19:17--264097]recv conta req 6.jpg! 
[2015-02-09 23:19:19--638407]6.jpg,MRKU8566960 22G1
[2015-02-09 23:19:21--228834]recv conta req 10.jpg! 
[2015-02-09 23:19:25--229899]recv conta req 14.jpg! 
[2015-02-09 23:19:29--231729]recv conta req 18.jpg! 
[2015-02-09 23:19:30--816133]10.jpg,CSLU1475718 22G1
[2015-02-09 23:19:30--921532]18.jpg,CRXU1866805 22G1
[2015-02-09 23:19:32--681174]14.jpg,MRKU9670500 22G1
[2015-02-09 23:19:33--233898]recv conta req 22.jpg! 
[2015-02-09 23:19:33--971352]22.jpg,TCLU2873584 22G1
[2015-02-09 23:19:37--238608]recv conta req 26.jpg! 
[2015-02-09 23:19:38--198239]26.jpg,CRSU9147318 45G1
[2015-02-09 23:19:41--240224]recv conta req 30.jpg! 
[2015-02-09 23:19:41--982967]30.jpg,CMAU4559732 45G1
[2015-02-09 23:19:45--243749]recv conta req 34.jpg! 
[2015-02-09 23:19:46--010870]34.jpg,CMAU4555275 45G1
[2015-02-09 23:19:49--247173]recv conta req 3.jpg! 
[2015-02-09 23:19:53--251370]recv conta req 7.jpg! 
[2015-02-09 23:19:53--332773]3.jpg,EITU1067234 45G1
[2015-02-09 23:19:57--252670]recv conta req 11.jpg! 
[2015-02-09 23:20:01--254766]recv conta req 15.jpg! 
[2015-02-09 23:20:05--255033]recv conta req 19.jpg! 
[2015-02-09 23:20:06--667995]7.jpg, 
[2015-02-09 23:20:07--005505]19.jpg,MSKU1685954 45G1
[2015-02-09 23:20:07--164046]11.jpg,MSKU0004911 45G1
[2015-02-09 23:20:07--878183]15.jpg,MAXU2423284 
[2015-02-09 23:20:09--258582]recv conta req 23.jpg! 
[2015-02-09 23:20:09--904074]23.jpg,APHU6639762 45G1
[2015-02-09 23:20:13--264217]recv conta req 27.jpg! 
[2015-02-09 23:20:14--360043]27.jpg,MRKU0995640 42G1
[2015-02-09 23:20:17--264988]recv conta req 31.jpg! 
[2015-02-09 23:20:18--042178]31.jpg,WSDU4921322 45G1
[2015-02-09 23:20:21--266977]recv conta req 35.jpg! 
[2015-02-09 23:20:22--046160]35.jpg,WSDU4920250 45G1
[2015-02-09 23:20:25--269384]recv conta req 4.jpg! 
[2015-02-09 23:20:26--872429]4.jpg,MSKU4011903 22G1
[2015-02-09 23:20:29--274647]recv conta req 8.jpg! 
[2015-02-09 23:20:33--276322]recv conta req 12.jpg! 
[2015-02-09 23:20:35--487654]8.jpg,CCLU6287245 45G1
[2015-02-09 23:20:37--277562]recv conta req 16.jpg! 
[2015-02-09 23:20:38--674072]16.jpg,TEMU3075040 22G1
[2015-02-09 23:20:41--280043]recv conta req 20.jpg! 
[2015-02-09 23:20:42--650014]20.jpg,FCIU4591874 22G1
[2015-02-09 23:20:43--374999]12.jpg,MEDU1861156 22G1
[2015-02-09 23:20:45--284463]recv conta req 24.jpg! 
[2015-02-09 23:20:46--182358]24.jpg,SEGU1904022 22G1
[2015-02-09 23:20:49--287387]recv conta req 28.jpg! 
[2015-02-09 23:20:50--386211]28.jpg,FCIU8609740 45G1
[2015-02-09 23:20:53--288626]recv conta req 32.jpg! 
[2015-02-09 23:20:53--963159]32.jpg,CITU1173790 45G1
[2015-02-09 23:20:57--293968]recv conta req 1.jpg! 
[2015-02-09 23:20:59--307740]1.jpg,MSKU9550132 45G1
[2015-02-09 23:21:01--294154]recv conta req 5.jpg! 
[2015-02-09 23:21:04--157110]5.jpg,IIIU7???46? 22G1
[2015-02-09 23:21:05--297597]recv conta req 9.jpg! 
[2015-02-09 23:21:09--300817]recv conta req 13.jpg! 
[2015-02-09 23:21:13--300851]recv conta req 17.jpg! 
[2015-02-09 23:21:14--933429]9.jpg,MRKU3324814 45G1
[2015-02-09 23:21:15--603348]17.jpg,SEGU1445915 22G1
[2015-02-09 23:21:17--303228]recv conta req 21.jpg! 
[2015-02-09 23:21:17--871388]13.jpg,FSCU7372776 22G1
[2015-02-09 23:21:18--275383]21.jpg,TRLU8984373 22G1
[2015-02-09 23:21:21--310165]recv conta req 25.jpg! 
[2015-02-09 23:21:22--165774]25.jpg, 
[2015-02-09 23:21:25--315054]recv conta req 29.jpg! 
[2015-02-09 23:21:26--153218]29.jpg,SEGU9039975 45R1
[2015-02-09 23:21:29--316113]recv conta req 33.jpg! 
[2015-02-09 23:21:30--214741]33.jpg,PHLU2031555 22G1
[2015-02-09 23:21:33--321675]recv conta req 2.jpg! 
[2015-02-09 23:21:37--131473]2.jpg,GESU5520648 45G1
[2015-02-09 23:21:37--324910]recv conta req 6.jpg! 
[2015-02-09 23:21:39--722202]6.jpg,MRKU8566960 22G1
[2015-02-09 23:21:41--331576]recv conta req 10.jpg! 
[2015-02-09 23:21:45--335364]recv conta req 14.jpg! 
[2015-02-09 23:21:49--336065]recv conta req 18.jpg! 
[2015-02-09 23:21:51--438443]18.jpg,CRXU1866805 22G1
[2015-02-09 23:21:51--619835]10.jpg,CSLU1475718 22G1
[2015-02-09 23:21:53--190333]14.jpg,MRKU9670500 22G1
[2015-02-09 23:21:53--378077]recv conta req 22.jpg! 
[2015-02-09 23:21:53--990866]22.jpg,TCLU2873584 22G1
[2015-02-09 23:21:57--346816]recv conta req 26.jpg! 
[2015-02-09 23:21:58--286151]26.jpg,CRSU9147318 45G1
[2015-02-09 23:22:01--347010]recv conta req 30.jpg! 
[2015-02-09 23:22:01--973920]30.jpg,CMAU4559732 45G1
[2015-02-09 23:22:05--352069]recv conta req 34.jpg! 
[2015-02-09 23:22:06--162493]34.jpg,CMAU4555275 45G1
[2015-02-09 23:22:09--356220]recv conta req 3.jpg! 
[2015-02-09 23:22:13--160314]3.jpg,EITU1067234 45G1
[2015-02-09 23:22:13--361896]recv conta req 7.jpg! 
[2015-02-09 23:22:17--365612]recv conta req 11.jpg! 
[2015-02-09 23:22:21--370547]recv conta req 15.jpg! 
[2015-02-09 23:22:23--180094]11.jpg,MSKU0004911 45G1
[2015-02-09 23:22:25--372074]recv conta req 19.jpg! 
[2015-02-09 23:22:26--289301]15.jpg,MAXU2423284 
[2015-02-09 23:22:26--782800]19.jpg,MSKU1685954 45G1
[2015-02-09 23:22:27--267133]7.jpg, 
[2015-02-09 23:22:29--378099]recv conta req 23.jpg! 
[2015-02-09 23:22:30--194527]23.jpg,APHU6639762 45G1
[2015-02-09 23:22:33--381111]recv conta req 27.jpg! 
[2015-02-09 23:22:34--321980]27.jpg,MRKU0995640 42G1
[2015-02-09 23:22:37--383909]recv conta req 31.jpg! 
[2015-02-09 23:22:38--073123]31.jpg,WSDU4921322 45G1
[2015-02-09 23:22:41--388994]recv conta req 35.jpg! 
[2015-02-09 23:22:42--360060]35.jpg,WSDU4920250 45G1
[2015-02-09 23:22:45--392378]recv conta req 4.jpg! 
[2015-02-09 23:22:46--870558]4.jpg,MSKU4011903 22G1
[2015-02-09 23:22:49--398843]recv conta req 8.jpg! 
[2015-02-09 23:22:53--403446]recv conta req 12.jpg! 
[2015-02-09 23:22:54--982779]8.jpg,CCLU6287245 45G1
[2015-02-09 23:22:57--405159]recv conta req 16.jpg! 
[2015-02-09 23:22:59--010454]16.jpg,TEMU3075040 22G1
[2015-02-09 23:23:01--408919]recv conta req 20.jpg! 
[2015-02-09 23:23:02--578565]20.jpg,FCIU4591874 22G1
[2015-02-09 23:23:03--751003]12.jpg,MEDU1861156 22G1
[2015-02-09 23:23:05--412845]recv conta req 24.jpg! 
[2015-02-09 23:23:06--298430]24.jpg,SEGU1904022 22G1
[2015-02-09 23:23:09--417223]recv conta req 28.jpg! 
[2015-02-09 23:23:10--265771]28.jpg,FCIU8609740 45G1
[2015-02-09 23:23:13--421516]recv conta req 32.jpg! 
[2015-02-09 23:23:14--103024]32.jpg,CITU1173790 45G1
[2015-02-09 23:23:17--426230]recv conta req 1.jpg! 
[2015-02-09 23:23:19--174801]1.jpg,MSKU9550132 45G1
[2015-02-09 23:23:21--428750]recv conta req 5.jpg! 
[2015-02-09 23:23:24--154037]5.jpg,IIIU7???46? 22G1
[2015-02-09 23:23:25--433783]recv conta req 9.jpg! 
[2015-02-09 23:23:29--438211]recv conta req 13.jpg! 
[2015-02-09 23:23:33--441777]recv conta req 17.jpg! 
[2015-02-09 23:23:35--192721]9.jpg,MRKU3324814 45G1
[2015-02-09 23:23:35--921848]17.jpg,SEGU1445915 22G1
[2015-02-09 23:23:37--443639]recv conta req 21.jpg! 
[2015-02-09 23:23:37--648720]13.jpg,FSCU7372776 22G1
[2015-02-09 23:23:38--185259]21.jpg,TRLU8984373 22G1
[2015-02-09 23:23:41--449986]recv conta req 25.jpg! 
[2015-02-09 23:23:42--332319]25.jpg, 
[2015-02-09 23:23:45--451024]recv conta req 29.jpg! 
[2015-02-09 23:23:46--170570]29.jpg,SEGU9039975 45R1
[2015-02-09 23:23:49--454575]recv conta req 33.jpg! 
[2015-02-09 23:23:50--364947]33.jpg,PHLU2031555 22G1
[2015-02-09 23:23:53--460089]recv conta req 2.jpg! 
[2015-02-09 23:23:57--458087]2.jpg,GESU5520648 45G1
[2015-02-09 23:23:57--479470]recv conta req 6.jpg! 
[2015-02-09 23:23:59--832630]6.jpg,MRKU8566960 22G1
[2015-02-09 23:24:01--468311]recv conta req 10.jpg! 
[2015-02-09 23:24:05--469722]recv conta req 14.jpg! 
[2015-02-09 23:24:09--473594]recv conta req 18.jpg! 
[2015-02-09 23:24:10--631529]18.jpg,CRXU1866805 22G1
[2015-02-09 23:24:12--212121]10.jpg,CSLU1475718 22G1
[2015-02-09 23:24:12--377164]14.jpg,MRKU9670500 22G1
[2015-02-09 23:24:13--475361]recv conta req 22.jpg! 
[2015-02-09 23:24:14--101401]22.jpg,TCLU2873584 22G1
[2015-02-09 23:24:17--479819]recv conta req 26.jpg! 
[2015-02-09 23:24:18--270536]26.jpg,CRSU9147318 45G1
[2015-02-09 23:24:21--485772]recv conta req 30.jpg! 
[2015-02-09 23:24:22--240294]30.jpg,CMAU4559732 45G1
[2015-02-09 23:24:25--488940]recv conta req 34.jpg! 
[2015-02-09 23:24:26--239419]34.jpg,CMAU4555275 45G1
[2015-02-09 23:24:29--492950]recv conta req 3.jpg! 
[2015-02-09 23:24:33--256530]3.jpg,EITU1067234 45G1
[2015-02-09 23:24:33--501267]recv conta req 7.jpg! 
[2015-02-09 23:24:37--507261]recv conta req 11.jpg! 
[2015-02-09 23:24:41--509295]recv conta req 15.jpg! 
[2015-02-09 23:24:45--512300]recv conta req 19.jpg! 
[2015-02-09 23:24:45--639281]11.jpg,MSKU0004911 45G1
[2015-02-09 23:24:46--548588]19.jpg,MSKU1685954 45G1
[2015-02-09 23:24:46--944823]15.jpg,MAXU2423284 
[2015-02-09 23:24:47--224212]7.jpg, 
[2015-02-09 23:24:49--518009]recv conta req 23.jpg! 
[2015-02-09 23:24:50--246025]23.jpg,APHU6639762 45G1
[2015-02-09 23:24:53--521422]recv conta req 27.jpg! 
[2015-02-09 23:24:54--500006]27.jpg,MRKU0995640 42G1
[2015-02-09 23:24:57--525385]recv conta req 31.jpg! 
[2015-02-09 23:24:58--195704]31.jpg,WSDU4921322 45G1
[2015-02-09 23:25:01--531027]recv conta req 35.jpg! 
[2015-02-09 23:25:02--373413]35.jpg,WSDU4920250 45G1
[2015-02-09 23:25:05--533299]recv conta req 4.jpg! 
[2015-02-09 23:25:06--925700]4.jpg,MSKU4011903 22G1
[2015-02-09 23:25:09--539819]recv conta req 8.jpg! 
[2015-02-09 23:25:13--545040]recv conta req 12.jpg! 
[2015-02-09 23:25:15--250582]8.jpg,CCLU6287245 45G1
[2015-02-09 23:25:17--545309]recv conta req 16.jpg! 
[2015-02-09 23:25:19--298784]16.jpg,TEMU3075040 22G1
[2015-02-09 23:25:21--549027]recv conta req 20.jpg! 
[2015-02-09 23:25:22--835809]20.jpg,FCIU4591874 22G1
[2015-02-09 23:25:23--950482]12.jpg,MEDU1861156 22G1
[2015-02-09 23:25:25--554849]recv conta req 24.jpg! 
[2015-02-09 23:25:26--357074]24.jpg,SEGU1904022 22G1
[2015-02-09 23:25:29--557367]recv conta req 28.jpg! 
[2015-02-09 23:25:30--370553]28.jpg,FCIU8609740 45G1
[2015-02-09 23:25:33--563285]recv conta req 32.jpg! 
[2015-02-09 23:25:34--361070]32.jpg,CITU1173790 45G1
[2015-02-09 23:25:37--567842]recv conta req 1.jpg! 
[2015-02-09 23:25:39--333870]1.jpg,MSKU9550132 45G1
[2015-02-09 23:25:41--568799]recv conta req 5.jpg! 
[2015-02-09 23:25:44--605309]5.jpg,IIIU7???46? 22G1
[2015-02-09 23:25:45--574670]recv conta req 9.jpg! 
[2015-02-09 23:25:49--577805]recv conta req 13.jpg! 
[2015-02-09 23:25:52--044498]9.jpg,MRKU3324814 45G1
[2015-02-09 23:25:53--580986]recv conta req 17.jpg! 
[2015-02-09 23:25:56--069307]17.jpg,SEGU1445915 22G1
[2015-02-09 23:25:57--495710]13.jpg,FSCU7372776 22G1
[2015-02-09 23:25:57--584550]recv conta req 21.jpg! 
[2015-02-09 23:25:58--281923]21.jpg,TRLU8984373 22G1
[2015-02-09 23:26:01--590699]recv conta req 25.jpg! 
[2015-02-09 23:26:02--402037]25.jpg, 
[2015-02-09 23:26:05--591753]recv conta req 29.jpg! 
[2015-02-09 23:26:06--206462]29.jpg,SEGU9039975 45R1
[2015-02-09 23:26:09--596563]recv conta req 33.jpg! 
[2015-02-09 23:26:10--558216]33.jpg,PHLU2031555 22G1
[2015-02-09 23:26:13--600487]recv conta req 2.jpg! 
[2015-02-09 23:26:17--601883]recv conta req 6.jpg! 
[2015-02-09 23:26:17--660984]2.jpg,GESU5520648 45G1
[2015-02-09 23:26:19--947033]6.jpg,MRKU8566960 22G1
[2015-02-09 23:26:21--607613]recv conta req 10.jpg! 
[2015-02-09 23:26:25--611457]recv conta req 14.jpg! 
[2015-02-09 23:26:29--613033]recv conta req 18.jpg! 
[2015-02-09 23:26:31--417011]18.jpg,CRXU1866805 22G1
[2015-02-09 23:26:32--182319]10.jpg,CSLU1475718 22G1
[2015-02-09 23:26:33--305041]14.jpg,MRKU9670500 22G1
[2015-02-09 23:26:33--655174]recv conta req 22.jpg! 
[2015-02-09 23:26:34--253631]22.jpg,TCLU2873584 22G1
[2015-02-09 23:26:37--621950]recv conta req 26.jpg! 
[2015-02-09 23:26:38--323911]26.jpg,CRSU9147318 45G1
[2015-02-09 23:26:41--626415]recv conta req 30.jpg! 
[2015-02-09 23:26:42--345863]30.jpg,CMAU4559732 45G1
[2015-02-09 23:26:45--629094]recv conta req 34.jpg! 
[2015-02-09 23:26:46--333120]34.jpg,CMAU4555275 45G1
[2015-02-09 23:26:49--632162]recv conta req 3.jpg! 
[2015-02-09 23:26:53--520100]3.jpg,EITU1067234 45G1
[2015-02-09 23:26:53--637192]recv conta req 7.jpg! 
[2015-02-09 23:26:57--644509]recv conta req 11.jpg! 
[2015-02-09 23:27:01--649609]recv conta req 15.jpg! 
[2015-02-09 23:27:05--651065]recv conta req 19.jpg! 
[2015-02-09 23:27:07--058658]15.jpg,MAXU2423284 
[2015-02-09 23:27:07--123314]19.jpg,MSKU1685954 45G1
[2015-02-09 23:27:07--762045]11.jpg,MSKU0004911 45G1
[2015-02-09 23:27:08--206906]7.jpg, 
[2015-02-09 23:27:09--655341]recv conta req 23.jpg! 
[2015-02-09 23:27:10--432040]23.jpg,APHU6639762 45G1
[2015-02-09 23:27:13--657750]recv conta req 27.jpg! 
[2015-02-09 23:27:14--486495]27.jpg,MRKU0995640 42G1
[2015-02-09 23:27:17--663920]recv conta req 31.jpg! 
[2015-02-09 23:27:18--353094]31.jpg,WSDU4921322 45G1
[2015-02-09 23:27:21--667589]recv conta req 35.jpg! 
[2015-02-09 23:27:22--579616]35.jpg,WSDU4920250 45G1
[2015-02-09 23:27:25--671702]recv conta req 4.jpg! 
[2015-02-09 23:27:27--049237]4.jpg,MSKU4011903 22G1
[2015-02-09 23:27:29--680096]recv conta req 8.jpg! 
[2015-02-09 23:27:33--681284]recv conta req 12.jpg! 
[2015-02-09 23:27:36--974535]8.jpg,CCLU6287245 45G1
[2015-02-09 23:27:37--683054]recv conta req 16.jpg! 
[2015-02-09 23:27:39--508436]16.jpg,TEMU3075040 22G1
[2015-02-09 23:27:41--688683]recv conta req 20.jpg! 
[2015-02-09 23:27:43--218872]20.jpg,FCIU4591874 22G1
[2015-02-09 23:27:43--379509]12.jpg,MEDU1861156 22G1
[2015-02-09 23:27:45--692368]recv conta req 24.jpg! 
[2015-02-09 23:27:46--353715]24.jpg,SEGU1904022 22G1
[2015-02-09 23:27:49--696354]recv conta req 28.jpg! 
[2015-02-09 23:27:50--510931]28.jpg,FCIU8609740 45G1
[2015-02-09 23:27:53--699574]recv conta req 32.jpg! 
[2015-02-09 23:27:54--351343]32.jpg,CITU1173790 45G1
[2015-02-09 23:27:57--705814]recv conta req 1.jpg! 
[2015-02-09 23:27:59--353470]1.jpg,MSKU9550132 45G1
[2015-02-09 23:28:01--707854]recv conta req 5.jpg! 
[2015-02-09 23:28:04--314056]5.jpg,IIIU7???46? 22G1
[2015-02-09 23:28:05--714273]recv conta req 9.jpg! 
[2015-02-09 23:28:09--717233]recv conta req 13.jpg! 
[2015-02-09 23:28:13--720035]recv conta req 17.jpg! 
[2015-02-09 23:28:15--547200]9.jpg,MRKU3324814 45G1
[2015-02-09 23:28:15--753503]17.jpg,SEGU1445915 22G1
[2015-02-09 23:28:17--725262]recv conta req 21.jpg! 
[2015-02-09 23:28:18--064293]13.jpg,FSCU7372776 22G1
[2015-02-09 23:28:18--518417]21.jpg,TRLU8984373 22G1
[2015-02-09 23:28:21--728562]recv conta req 25.jpg! 
[2015-02-09 23:28:22--340140]25.jpg, 
[2015-02-09 23:28:25--731322]recv conta req 29.jpg! 
[2015-02-09 23:28:26--314462]29.jpg,SEGU9039975 45R1
[2015-02-09 23:28:29--736040]recv conta req 33.jpg! 
[2015-02-09 23:28:30--614018]33.jpg,PHLU2031555 22G1
[2015-02-09 23:28:33--742131]recv conta req 2.jpg! 
[2015-02-09 23:28:37--609321]2.jpg,GESU5520648 45G1
[2015-02-09 23:28:37--745488]recv conta req 6.jpg! 
[2015-02-09 23:28:40--109434]6.jpg,MRKU8566960 22G1
[2015-02-09 23:28:41--751555]recv conta req 10.jpg! 
[2015-02-09 23:28:45--755378]recv conta req 14.jpg! 
[2015-02-09 23:28:49--757894]recv conta req 18.jpg! 
[2015-02-09 23:28:51--833658]18.jpg,CRXU1866805 22G1
[2015-02-09 23:28:51--872444]10.jpg,CSLU1475718 22G1
[2015-02-09 23:28:53--537641]14.jpg,MRKU9670500 22G1
[2015-02-09 23:28:53--758551]recv conta req 22.jpg! 
[2015-02-09 23:28:54--373348]22.jpg,TCLU2873584 22G1
[2015-02-09 23:28:57--764486]recv conta req 26.jpg! 
[2015-02-09 23:28:58--488641]26.jpg,CRSU9147318 45G1
[2015-02-09 23:29:01--768498]recv conta req 30.jpg! 
[2015-02-09 23:29:02--357486]30.jpg,CMAU4559732 45G1
[2015-02-09 23:29:05--772762]recv conta req 34.jpg! 
[2015-02-09 23:29:06--492818]34.jpg,CMAU4555275 45G1
[2015-02-09 23:29:09--776126]recv conta req 3.jpg! 
[2015-02-09 23:29:13--537488]3.jpg,EITU1067234 45G1
[2015-02-09 23:29:13--782147]recv conta req 7.jpg! 
[2015-02-09 23:29:17--784848]recv conta req 11.jpg! 
[2015-02-09 23:29:21--791652]recv conta req 15.jpg! 
[2015-02-09 23:29:25--792172]recv conta req 19.jpg! 
[2015-02-09 23:29:26--265065]7.jpg, 
[2015-02-09 23:29:26--503776]11.jpg,MSKU0004911 45G1
[2015-02-09 23:29:27--025250]15.jpg,MAXU2423284 
[2015-02-09 23:29:27--223350]19.jpg,MSKU1685954 45G1
[2015-02-09 23:29:29--795026]recv conta req 23.jpg! 
[2015-02-09 23:29:30--426440]23.jpg,APHU6639762 45G1
[2015-02-09 23:29:33--798897]recv conta req 27.jpg! 
[2015-02-09 23:29:34--581670]27.jpg,MRKU0995640 42G1
[2015-02-09 23:29:37--803764]recv conta req 31.jpg! 
[2015-02-09 23:29:38--459404]31.jpg,WSDU4921322 45G1
[2015-02-09 23:29:41--807475]recv conta req 35.jpg! 
[2015-02-09 23:29:42--561085]35.jpg,WSDU4920250 45G1
[2015-02-09 23:29:45--810790]recv conta req 4.jpg! 
[2015-02-09 23:29:47--250314]4.jpg,MSKU4011903 22G1
[2015-02-09 23:29:49--815678]recv conta req 8.jpg! 
[2015-02-09 23:29:53--825165]recv conta req 12.jpg! 
[2015-02-09 23:29:56--826653]8.jpg,CCLU6287245 45G1
[2015-02-09 23:29:57--820578]recv conta req 16.jpg! 
[2015-02-09 23:29:59--600028]16.jpg,TEMU3075040 22G1
[2015-02-09 23:30:01--825265]recv conta req 20.jpg! 
[2015-02-09 23:30:03--517573]20.jpg,FCIU4591874 22G1
[2015-02-09 23:30:04--418326]12.jpg,MEDU1861156 22G1
[2015-02-09 23:30:05--828757]recv conta req 24.jpg! 
[2015-02-09 23:30:06--450515]24.jpg,SEGU1904022 22G1
[2015-02-09 23:30:09--831883]recv conta req 28.jpg! 
[2015-02-09 23:30:10--579511]28.jpg,FCIU8609740 45G1
[2015-02-09 23:30:13--835256]recv conta req 32.jpg! 
[2015-02-09 23:30:14--485767]32.jpg,CITU1173790 45G1
[2015-02-09 23:30:17--840186]recv conta req 1.jpg! 
[2015-02-09 23:30:19--491386]1.jpg,MSKU9550132 45G1
[2015-02-09 23:30:21--842392]recv conta req 5.jpg! 
[2015-02-09 23:30:24--612278]5.jpg,IIIU7???46? 22G1
[2015-02-09 23:30:25--849199]recv conta req 9.jpg! 
[2015-02-09 23:30:29--853630]recv conta req 13.jpg! 
[2015-02-09 23:30:33--853936]recv conta req 17.jpg! 
[2015-02-09 23:30:36--122885]9.jpg,MRKU3324814 45G1
[2015-02-09 23:30:36--403021]13.jpg,FSCU7372776 22G1
[2015-02-09 23:30:36--439043]17.jpg,SEGU1445915 22G1
[2015-02-09 23:30:37--856971]recv conta req 21.jpg! 
[2015-02-09 23:30:38--676865]21.jpg,TRLU8984373 22G1
[2015-02-09 23:30:41--860403]recv conta req 25.jpg! 
[2015-02-09 23:30:42--474657]25.jpg, 
[2015-02-09 23:30:45--863147]recv conta req 29.jpg! 
[2015-02-09 23:30:46--458031]29.jpg,SEGU9039975 45R1
[2015-02-09 23:30:49--866734]recv conta req 33.jpg! 
[2015-02-09 23:30:50--741312]33.jpg,PHLU2031555 22G1
[2015-02-09 23:30:53--869707]recv conta req 2.jpg! 
[2015-02-09 23:30:57--872868]recv conta req 6.jpg! 
[2015-02-09 23:30:57--978970]2.jpg,GESU5520648 45G1
[2015-02-09 23:31:00--212400]6.jpg,MRKU8566960 22G1
[2015-02-09 23:31:01--877884]recv conta req 10.jpg! 
[2015-02-09 23:31:05--879661]recv conta req 14.jpg! 
[2015-02-09 23:31:09--882257]recv conta req 18.jpg! 
[2015-02-09 23:31:11--744738]10.jpg,CSLU1475718 22G1
[2015-02-09 23:31:12--120270]18.jpg,CRXU1866805 22G1
[2015-02-09 23:31:13--885948]recv conta req 22.jpg! 
[2015-02-09 23:31:14--023955]14.jpg,MRKU9670500 22G1
[2015-02-09 23:31:14--530025]22.jpg,TCLU2873584 22G1
[2015-02-09 23:31:17--888124]recv conta req 26.jpg! 
[2015-02-09 23:31:18--574394]26.jpg,CRSU9147318 45G1
[2015-02-09 23:31:21--890413]recv conta req 30.jpg! 
[2015-02-09 23:31:22--484952]30.jpg,CMAU4559732 45G1
[2015-02-09 23:31:25--892767]recv conta req 34.jpg! 
[2015-02-09 23:31:26--591735]34.jpg,CMAU4555275 45G1
[2015-02-09 23:31:29--895266]recv conta req 3.jpg! 
[2015-02-09 23:31:33--735786]3.jpg,EITU1067234 45G1
[2015-02-09 23:31:33--900589]recv conta req 7.jpg! 
[2015-02-09 23:31:37--903079]recv conta req 11.jpg! 
[2015-02-09 23:31:41--904782]recv conta req 15.jpg! 
[2015-02-09 23:31:45--906920]recv conta req 19.jpg! 
[2015-02-09 23:31:46--964534]7.jpg, 
[2015-02-09 23:31:47--170443]19.jpg,MSKU1685954 45G1
[2015-02-09 23:31:47--488671]15.jpg,MAXU2423284 
[2015-02-09 23:31:48--173374]11.jpg,MSKU0004911 45G1
[2015-02-09 23:31:49--909033]recv conta req 23.jpg! 
[2015-02-09 23:31:50--530476]23.jpg,APHU6639762 45G1
[2015-02-09 23:31:53--911147]recv conta req 27.jpg! 
[2015-02-09 23:31:54--714561]27.jpg,MRKU0995640 42G1
[2015-02-09 23:31:57--914522]recv conta req 31.jpg! 
[2015-02-09 23:31:58--571309]31.jpg,WSDU4921322 45G1
[2015-02-09 23:32:01--916812]recv conta req 35.jpg! 
[2015-02-09 23:32:02--664364]35.jpg,WSDU4920250 45G1
[2015-02-09 23:32:05--919715]recv conta req 4.jpg! 
[2015-02-09 23:32:07--308242]4.jpg,MSKU4011903 22G1
[2015-02-09 23:32:09--922934]recv conta req 8.jpg! 
[2015-02-09 23:32:13--928341]recv conta req 12.jpg! 
[2015-02-09 23:32:16--917776]8.jpg,CCLU6287245 45G1
[2015-02-09 23:32:17--927835]recv conta req 16.jpg! 
[2015-02-09 23:32:19--288967]16.jpg,TEMU3075040 22G1
[2015-02-09 23:32:21--929112]recv conta req 20.jpg! 
[2015-02-09 23:32:23--210408]20.jpg,FCIU4591874 22G1
[2015-02-09 23:32:24--468226]12.jpg,MEDU1861156 22G1
[2015-02-09 23:32:25--931737]recv conta req 24.jpg! 
[2015-02-09 23:32:26--569320]24.jpg,SEGU1904022 22G1
[2015-02-09 23:32:29--933585]recv conta req 28.jpg! 
[2015-02-09 23:32:30--738098]28.jpg,FCIU8609740 45G1
[2015-02-09 23:32:33--935050]recv conta req 32.jpg! 
[2015-02-09 23:32:34--631454]32.jpg,CITU1173790 45G1
[2015-02-09 23:32:37--939329]recv conta req 1.jpg! 
[2015-02-09 23:32:39--622601]1.jpg,MSKU9550132 45G1
[2015-02-09 23:32:41--940928]recv conta req 5.jpg! 
[2015-02-09 23:32:44--835333]5.jpg,IIIU7???46? 22G1
[2015-02-09 23:32:45--945754]recv conta req 9.jpg! 
[2015-02-09 23:32:49--947518]recv conta req 13.jpg! 
[2015-02-09 23:32:53--948650]recv conta req 17.jpg! 
[2015-02-09 23:32:55--242723]9.jpg,MRKU3324814 45G1
[2015-02-09 23:32:56--200390]17.jpg,SEGU1445915 22G1
[2015-02-09 23:32:57--951179]recv conta req 21.jpg! 
[2015-02-09 23:32:58--763919]13.jpg,FSCU7372776 22G1
[2015-02-09 23:32:58--921018]21.jpg,TRLU8984373 22G1
[2015-02-09 23:33:01--953841]recv conta req 25.jpg! 
[2015-02-09 23:33:02--567084]25.jpg, 
[2015-02-09 23:33:05--955852]recv conta req 29.jpg! 
[2015-02-09 23:33:06--559369]29.jpg,SEGU9039975 45R1
[2015-02-09 23:33:09--959484]recv conta req 33.jpg! 
[2015-02-09 23:33:10--850050]33.jpg,PHLU2031555 22G1
[2015-02-09 23:33:13--961127]recv conta req 2.jpg! 
[2015-02-09 23:33:17--758341]2.jpg,GESU5520648 45G1
[2015-02-09 23:33:17--963517]recv conta req 6.jpg! 
[2015-02-09 23:33:20--191094]6.jpg,MRKU8566960 22G1
[2015-02-09 23:33:21--968409]recv conta req 10.jpg! 
[2015-02-09 23:33:25--970136]recv conta req 14.jpg! 
[2015-02-09 23:33:29--971246]recv conta req 18.jpg! 
[2015-02-09 23:33:30--504378]10.jpg,CSLU1475718 22G1
[2015-02-09 23:33:31--203660]18.jpg,CRXU1866805 22G1
[2015-02-09 23:33:33--093724]14.jpg,MRKU9670500 22G1
[2015-02-09 23:33:33--972892]recv conta req 22.jpg! 
[2015-02-09 23:33:34--573473]22.jpg,TCLU2873584 22G1
[2015-02-09 23:33:37--976171]recv conta req 26.jpg! 
[2015-02-09 23:33:38--663411]26.jpg,CRSU9147318 45G1
[2015-02-09 23:33:41--978830]recv conta req 30.jpg! 
[2015-02-09 23:33:42--567178]30.jpg,CMAU4559732 45G1
[2015-02-09 23:33:45--981888]recv conta req 34.jpg! 
[2015-02-09 23:33:46--739135]34.jpg,CMAU4555275 45G1
[2015-02-09 23:33:49--984646]recv conta req 3.jpg! 
[2015-02-09 23:33:53--783542]3.jpg,EITU1067234 45G1
[2015-02-09 23:33:53--988771]recv conta req 7.jpg! 
[2015-02-09 23:33:57--992754]recv conta req 11.jpg! 
[2015-02-09 23:34:01--993306]recv conta req 15.jpg! 
[2015-02-09 23:34:05--996990]recv conta req 19.jpg! 
[2015-02-09 23:34:06--628035]11.jpg,MSKU0004911 45G1
[2015-02-09 23:34:07--551130]7.jpg, 
[2015-02-09 23:34:07--856449]15.jpg,MAXU2423284 
[2015-02-09 23:34:08--028371]19.jpg,MSKU1685954 45G1
[2015-02-09 23:34:09--998243]recv conta req 23.jpg! 
[2015-02-09 23:34:10--600090]23.jpg,APHU6639762 45G1
[2015-02-09 23:34:14--000161]recv conta req 27.jpg! 
[2015-02-09 23:34:14--800299]27.jpg,MRKU0995640 42G1
[2015-02-09 23:34:18--003155]recv conta req 31.jpg! 
[2015-02-09 23:34:18--682598]31.jpg,WSDU4921322 45G1
[2015-02-09 23:34:22--005843]recv conta req 35.jpg! 
[2015-02-09 23:34:22--743700]35.jpg,WSDU4920250 45G1
[2015-02-09 23:34:26--007802]recv conta req 4.jpg! 
[2015-02-09 23:34:27--483315]4.jpg,MSKU4011903 22G1
[2015-02-09 23:34:30--012791]recv conta req 8.jpg! 
[2015-02-09 23:34:34--015617]recv conta req 12.jpg! 
[2015-02-09 23:34:36--992854]8.jpg,CCLU6287245 45G1
[2015-02-09 23:34:38--015158]recv conta req 16.jpg! 
[2015-02-09 23:34:40--133910]16.jpg,TEMU3075040 22G1
[2015-02-09 23:34:42--019535]recv conta req 20.jpg! 
[2015-02-09 23:34:43--589897]20.jpg,FCIU4591874 22G1
[2015-02-09 23:34:44--106703]12.jpg,MEDU1861156 22G1
[2015-02-09 23:34:46--021003]recv conta req 24.jpg! 
[2015-02-09 23:34:46--664958]24.jpg,SEGU1904022 22G1
[2015-02-09 23:34:50--023352]recv conta req 28.jpg! 
[2015-02-09 23:34:50--770723]28.jpg,FCIU8609740 45G1
[2015-02-09 23:34:54--025087]recv conta req 32.jpg! 
[2015-02-09 23:34:54--680362]32.jpg,CITU1173790 45G1
[2015-02-09 23:34:58--028656]recv conta req 1.jpg! 
[2015-02-09 23:34:59--739083]1.jpg,MSKU9550132 45G1
[2015-02-09 23:35:02--030208]recv conta req 5.jpg! 
[2015-02-09 23:35:04--923801]5.jpg,IIIU7???46? 22G1
[2015-02-09 23:35:06--035149]recv conta req 9.jpg! 
[2015-02-09 23:35:10--037032]recv conta req 13.jpg! 
[2015-02-09 23:35:14--038513]recv conta req 17.jpg! 
[2015-02-09 23:35:15--912237]9.jpg,MRKU3324814 45G1
[2015-02-09 23:35:16--885616]17.jpg,SEGU1445915 22G1
[2015-02-09 23:35:18--042012]recv conta req 21.jpg! 
[2015-02-09 23:35:18--681876]13.jpg,FSCU7372776 22G1
[2015-02-09 23:35:18--983902]21.jpg,TRLU8984373 22G1
[2015-02-09 23:35:22--043190]recv conta req 25.jpg! 
[2015-02-09 23:35:22--667669]25.jpg, 
[2015-02-09 23:35:26--045236]recv conta req 29.jpg! 
[2015-02-09 23:35:26--654298]29.jpg,SEGU9039975 45R1
[2015-02-09 23:35:30--048525]recv conta req 33.jpg! 
[2015-02-09 23:35:30--891916]33.jpg,PHLU2031555 22G1
[2015-02-09 23:35:34--050449]recv conta req 2.jpg! 
[2015-02-09 23:35:37--804265]2.jpg,GESU5520648 45G1
[2015-02-09 23:35:38--053340]recv conta req 6.jpg! 
[2015-02-09 23:35:40--382514]6.jpg,MRKU8566960 22G1
[2015-02-09 23:35:42--056910]recv conta req 10.jpg! 
[2015-02-09 23:35:46--061446]recv conta req 14.jpg! 
[2015-02-09 23:35:50--062873]recv conta req 18.jpg! 
[2015-02-09 23:35:51--907929]10.jpg,CSLU1475718 22G1
[2015-02-09 23:35:52--002777]18.jpg,CRXU1866805 22G1
[2015-02-09 23:35:54--062871]recv conta req 22.jpg! 
[2015-02-09 23:35:54--661280]14.jpg,MRKU9670500 22G1
[2015-02-09 23:35:54--669710]22.jpg,TCLU2873584 22G1
[2015-02-09 23:35:58--066186]recv conta req 26.jpg! 
[2015-02-09 23:35:58--918224]26.jpg,CRSU9147318 45G1
[2015-02-09 23:36:02--068480]recv conta req 30.jpg! 
[2015-02-09 23:36:02--683364]30.jpg,CMAU4559732 45G1
[2015-02-09 23:36:06--071020]recv conta req 34.jpg! 
[2015-02-09 23:36:06--795492]34.jpg,CMAU4555275 45G1
[2015-02-09 23:36:10--073457]recv conta req 3.jpg! 
[2015-02-09 23:36:13--935154]3.jpg,EITU1067234 45G1
[2015-02-09 23:36:14--078027]recv conta req 7.jpg! 
[2015-02-09 23:36:18--081323]recv conta req 11.jpg! 
[2015-02-09 23:36:22--081914]recv conta req 15.jpg! 
[2015-02-09 23:36:25--580648]7.jpg, 
[2015-02-09 23:36:26--083016]recv conta req 19.jpg! 
[2015-02-09 23:36:27--394257]15.jpg,MAXU2423284 
[2015-02-09 23:36:27--484063]11.jpg,MSKU0004911 45G1
[2015-02-09 23:36:27--759339]19.jpg,MSKU1685954 45G1
[2015-02-09 23:36:30--085439]recv conta req 23.jpg! 
[2015-02-09 23:36:30--738683]23.jpg,APHU6639762 45G1
[2015-02-09 23:36:34--087435]recv conta req 27.jpg! 
[2015-02-09 23:36:34--880793]27.jpg,MRKU0995640 42G1
[2015-02-09 23:36:38--090619]recv conta req 31.jpg! 
[2015-02-09 23:36:38--766576]31.jpg,WSDU4921322 45G1
[2015-02-09 23:36:42--093102]recv conta req 35.jpg! 
[2015-02-09 23:36:42--850088]35.jpg,WSDU4920250 45G1
[2015-02-09 23:36:46--095275]recv conta req 4.jpg! 
[2015-02-09 23:36:47--659473]4.jpg,MSKU4011903 22G1
[2015-02-09 23:36:50--099384]recv conta req 8.jpg! 
[2015-02-09 23:36:54--105239]recv conta req 12.jpg! 
[2015-02-09 23:36:57--276021]8.jpg,CCLU6287245 45G1
[2015-02-09 23:36:58--101906]recv conta req 16.jpg! 
[2015-02-09 23:37:00--222785]16.jpg,TEMU3075040 22G1
[2015-02-09 23:37:02--106076]recv conta req 20.jpg! 
[2015-02-09 23:37:03--854897]20.jpg,FCIU4591874 22G1
[2015-02-09 23:37:03--961646]12.jpg,MEDU1861156 22G1
[2015-02-09 23:37:06--107812]recv conta req 24.jpg! 
[2015-02-09 23:37:06--876108]24.jpg,SEGU1904022 22G1
[2015-02-09 23:37:10--110149]recv conta req 28.jpg! 
[2015-02-09 23:37:10--937770]28.jpg,FCIU8609740 45G1
[2015-02-09 23:37:14--111947]recv conta req 32.jpg! 
[2015-02-09 23:37:14--764404]32.jpg,CITU1173790 45G1
[2015-02-09 23:37:18--115492]recv conta req 1.jpg! 
[2015-02-09 23:37:19--915781]1.jpg,MSKU9550132 45G1
[2015-02-09 23:37:22--116984]recv conta req 5.jpg! 
[2015-02-09 23:37:25--060188]5.jpg,IIIU7???46? 22G1
[2015-02-09 23:37:26--121837]recv conta req 9.jpg! 
[2015-02-09 23:37:30--124094]recv conta req 13.jpg! 
[2015-02-09 23:37:34--125289]recv conta req 17.jpg! 
[2015-02-09 23:37:34--154281]9.jpg,MRKU3324814 45G1
[2015-02-09 23:37:36--514907]17.jpg,SEGU1445915 22G1
[2015-02-09 23:37:38--127235]recv conta req 21.jpg! 
[2015-02-09 23:37:38--957349]13.jpg,FSCU7372776 22G1
[2015-02-09 23:37:39--217955]21.jpg,TRLU8984373 22G1
[2015-02-09 23:37:42--129336]recv conta req 25.jpg! 
[2015-02-09 23:37:42--755396]25.jpg, 
[2015-02-09 23:37:46--131463]recv conta req 29.jpg! 
[2015-02-09 23:37:46--753724]29.jpg,SEGU9039975 45R1
[2015-02-09 23:37:50--134767]recv conta req 33.jpg! 
[2015-02-09 23:37:51--013446]33.jpg,PHLU2031555 22G1
[2015-02-09 23:37:54--137573]recv conta req 2.jpg! 
[2015-02-09 23:37:58--080083]2.jpg,GESU5520648 45G1
[2015-02-09 23:37:58--139262]recv conta req 6.jpg! 
[2015-02-09 23:38:00--576519]6.jpg,MRKU8566960 22G1
[2015-02-09 23:38:02--142880]recv conta req 10.jpg! 
[2015-02-09 23:38:06--145415]recv conta req 14.jpg! 
[2015-02-09 23:38:08--805451]10.jpg,CSLU1475718 22G1
[2015-02-09 23:38:10--147023]recv conta req 18.jpg! 
[2015-02-09 23:38:11--875286]18.jpg,CRXU1866805 22G1
[2015-02-09 23:38:14--148641]recv conta req 22.jpg! 
[2015-02-09 23:38:14--564680]14.jpg,MRKU9670500 22G1
[2015-02-09 23:38:14--825736]22.jpg,TCLU2873584 22G1
[2015-02-09 23:38:18--151877]recv conta req 26.jpg! 
[2015-02-09 23:38:18--876510]26.jpg,CRSU9147318 45G1
[2015-02-09 23:38:22--154302]recv conta req 30.jpg! 
[2015-02-09 23:38:22--765597]30.jpg,CMAU4559732 45G1
[2015-02-09 23:38:26--157292]recv conta req 34.jpg! 
[2015-02-09 23:38:26--939550]34.jpg,CMAU4555275 45G1
[2015-02-09 23:38:30--158877]recv conta req 3.jpg! 
[2015-02-09 23:38:33--999789]3.jpg,EITU1067234 45G1
[2015-02-09 23:38:34--163666]recv conta req 7.jpg! 
[2015-02-09 23:38:38--165726]recv conta req 11.jpg! 
[2015-02-09 23:38:42--167969]recv conta req 15.jpg! 
[2015-02-09 23:38:46--168526]recv conta req 19.jpg! 
[2015-02-09 23:38:46--971284]11.jpg,MSKU0004911 45G1
[2015-02-09 23:38:47--368849]19.jpg,MSKU1685954 45G1
[2015-02-09 23:38:48--067556]7.jpg, 
[2015-02-09 23:38:48--578422]15.jpg,MAXU2423284 
[2015-02-09 23:38:50--170958]recv conta req 23.jpg! 
[2015-02-09 23:38:50--817915]23.jpg,APHU6639762 45G1
[2015-02-09 23:38:54--173039]recv conta req 27.jpg! 
[2015-02-09 23:38:54--982068]27.jpg,MRKU0995640 42G1
[2015-02-09 23:38:58--176530]recv conta req 31.jpg! 
[2015-02-09 23:38:58--869859]31.jpg,WSDU4921322 45G1
[2015-02-09 23:39:02--178742]recv conta req 35.jpg! 
[2015-02-09 23:39:02--933863]35.jpg,WSDU4920250 45G1
[2015-02-09 23:39:06--181182]recv conta req 4.jpg! 
[2015-02-09 23:39:07--803084]4.jpg,MSKU4011903 22G1
[2015-02-09 23:39:10--185700]recv conta req 8.jpg! 
[2015-02-09 23:39:14--186921]recv conta req 12.jpg! 
[2015-02-09 23:39:16--638156]8.jpg,CCLU6287245 45G1
[2015-02-09 23:39:18--188200]recv conta req 16.jpg! 
[2015-02-09 23:39:19--992248]16.jpg,TEMU3075040 22G1
[2015-02-09 23:39:22--190894]recv conta req 20.jpg! 
[2015-02-09 23:39:23--752386]20.jpg,FCIU4591874 22G1
[2015-02-09 23:39:24--879227]12.jpg,MEDU1861156 22G1
[2015-02-09 23:39:26--193680]recv conta req 24.jpg! 
[2015-02-09 23:39:26--875610]24.jpg,SEGU1904022 22G1
[2015-02-09 23:39:30--195963]recv conta req 28.jpg! 
[2015-02-09 23:39:30--990390]28.jpg,FCIU8609740 45G1
[2015-02-09 23:39:34--197645]recv conta req 32.jpg! 
[2015-02-09 23:39:34--894022]32.jpg,CITU1173790 45G1
[2015-02-09 23:39:38--201362]recv conta req 1.jpg! 
[2015-02-09 23:39:39--944911]1.jpg,MSKU9550132 45G1
[2015-02-09 23:39:42--202809]recv conta req 5.jpg! 
[2015-02-09 23:39:45--055112]5.jpg,IIIU7???46? 22G1
[2015-02-09 23:39:46--207758]recv conta req 9.jpg! 
[2015-02-09 23:39:50--211936]recv conta req 13.jpg! 
[2015-02-09 23:39:54--210762]recv conta req 17.jpg! 
[2015-02-09 23:39:55--852102]9.jpg,MRKU3324814 45G1
[2015-02-09 23:39:56--336952]17.jpg,SEGU1445915 22G1
[2015-02-09 23:39:58--213543]recv conta req 21.jpg! 
[2015-02-09 23:39:59--163235]13.jpg,FSCU7372776 22G1
[2015-02-09 23:39:59--315161]21.jpg,TRLU8984373 22G1
[2015-02-09 23:40:02--215274]recv conta req 25.jpg! 
[2015-02-09 23:40:02--853974]25.jpg, 
[2015-02-09 23:40:06--217581]recv conta req 29.jpg! 
[2015-02-09 23:40:06--872171]29.jpg,SEGU9039975 45R1
[2015-02-09 23:40:10--220715]recv conta req 33.jpg! 
[2015-02-09 23:40:11--091023]33.jpg,PHLU2031555 22G1
[2015-02-09 23:40:14--223383]recv conta req 2.jpg! 
[2015-02-09 23:40:18--105507]2.jpg,GESU5520648 45G1
[2015-02-09 23:40:18--224993]recv conta req 6.jpg! 
[2015-02-09 23:40:20--734686]6.jpg,MRKU8566960 22G1
[2015-02-09 23:40:22--229838]recv conta req 10.jpg! 
[2015-02-09 23:40:26--235820]recv conta req 14.jpg! 
[2015-02-09 23:40:30--232686]recv conta req 18.jpg! 
[2015-02-09 23:40:31--888529]10.jpg,CSLU1475718 22G1
[2015-02-09 23:40:31--981989]18.jpg,CRXU1866805 22G1
[2015-02-09 23:40:34--235496]recv conta req 22.jpg! 
[2015-02-09 23:40:34--380911]14.jpg,MRKU9670500 22G1
[2015-02-09 23:40:34--966854]22.jpg,TCLU2873584 22G1
[2015-02-09 23:40:38--237771]recv conta req 26.jpg! 
[2015-02-09 23:40:38--958761]26.jpg,CRSU9147318 45G1
[2015-02-09 23:40:42--239969]recv conta req 30.jpg! 
[2015-02-09 23:40:42--878265]30.jpg,CMAU4559732 45G1
[2015-02-09 23:40:46--242666]recv conta req 34.jpg! 
[2015-02-09 23:40:46--985773]34.jpg,CMAU4555275 45G1
[2015-02-09 23:40:50--244504]recv conta req 3.jpg! 
[2015-02-09 23:40:54--065439]3.jpg,EITU1067234 45G1
[2015-02-09 23:40:54--247720]recv conta req 7.jpg! 
[2015-02-09 23:40:58--252893]recv conta req 11.jpg! 
[2015-02-09 23:41:02--254215]recv conta req 15.jpg! 
[2015-02-09 23:41:06--254601]recv conta req 19.jpg! 
[2015-02-09 23:41:06--614009]11.jpg,MSKU0004911 45G1
[2015-02-09 23:41:07--614668]7.jpg, 
[2015-02-09 23:41:07--702295]15.jpg,MAXU2423284 
[2015-02-09 23:41:07--711482]19.jpg,MSKU1685954 45G1
[2015-02-09 23:41:10--257090]recv conta req 23.jpg! 
[2015-02-09 23:41:10--918559]23.jpg,APHU6639762 45G1
[2015-02-09 23:41:14--259944]recv conta req 27.jpg! 
[2015-02-09 23:41:15--193888]27.jpg,MRKU0995640 42G1
[2015-02-09 23:41:18--262229]recv conta req 31.jpg! 
[2015-02-09 23:41:18--953464]31.jpg,WSDU4921322 45G1
[2015-02-09 23:41:22--264510]recv conta req 35.jpg! 
[2015-02-09 23:41:23--029597]35.jpg,WSDU4920250 45G1
[2015-02-09 23:41:26--266853]recv conta req 4.jpg! 
[2015-02-09 23:41:27--817364]4.jpg,MSKU4011903 22G1
[2015-02-09 23:41:30--270409]recv conta req 8.jpg! 
[2015-02-09 23:41:34--275127]recv conta req 12.jpg! 
[2015-02-09 23:41:38--216109]8.jpg,CCLU6287245 45G1
[2015-02-09 23:41:38--273840]recv conta req 16.jpg! 
[2015-02-09 23:41:40--214096]16.jpg,TEMU3075040 22G1
[2015-02-09 23:41:42--276649]recv conta req 20.jpg! 
[2015-02-09 23:41:43--677168]20.jpg,FCIU4591874 22G1
[2015-02-09 23:41:44--850097]12.jpg,MEDU1861156 22G1
[2015-02-09 23:41:46--279349]recv conta req 24.jpg! 
[2015-02-09 23:41:46--958512]24.jpg,SEGU1904022 22G1
[2015-02-09 23:41:50--281750]recv conta req 28.jpg! 
[2015-02-09 23:41:51--071737]28.jpg,FCIU8609740 45G1
[2015-02-09 23:41:54--283827]recv conta req 32.jpg! 
[2015-02-09 23:41:54--966979]32.jpg,CITU1173790 45G1
[2015-02-09 23:41:58--287904]recv conta req 1.jpg! 
[2015-02-09 23:42:00--032699]1.jpg,MSKU9550132 45G1
[2015-02-09 23:42:02--288496]recv conta req 5.jpg! 
[2015-02-09 23:42:05--224051]5.jpg,IIIU7???46? 22G1
[2015-02-09 23:42:06--298336]recv conta req 9.jpg! 
[2015-02-09 23:42:10--295930]recv conta req 13.jpg! 
[2015-02-09 23:42:14--296566]recv conta req 17.jpg! 
[2015-02-09 23:42:15--826205]9.jpg,MRKU3324814 45G1
[2015-02-09 23:42:16--662121]17.jpg,SEGU1445915 22G1
[2015-02-09 23:42:18--299241]recv conta req 21.jpg! 
[2015-02-09 23:42:18--992031]13.jpg,FSCU7372776 22G1
[2015-02-09 23:42:19--380660]21.jpg,TRLU8984373 22G1
[2015-02-09 23:42:22--300897]recv conta req 25.jpg! 
[2015-02-09 23:42:22--964533]25.jpg, 
[2015-02-09 23:42:26--303197]recv conta req 29.jpg! 
[2015-02-09 23:42:26--940431]29.jpg,SEGU9039975 45R1
[2015-02-09 23:42:30--306435]recv conta req 33.jpg! 
[2015-02-09 23:42:31--190622]33.jpg,PHLU2031555 22G1
[2015-02-09 23:42:34--309295]recv conta req 2.jpg! 
[2015-02-09 23:42:38--207526]2.jpg,GESU5520648 45G1
[2015-02-09 23:42:38--312217]recv conta req 6.jpg! 
[2015-02-09 23:42:40--771539]6.jpg,MRKU8566960 22G1
[2015-02-09 23:42:42--315952]recv conta req 10.jpg! 
[2015-02-09 23:42:46--320419]recv conta req 14.jpg! 
[2015-02-09 23:42:50--321852]recv conta req 18.jpg! 
[2015-02-09 23:42:52--169465]18.jpg,CRXU1866805 22G1
[2015-02-09 23:42:52--289708]10.jpg,CSLU1475718 22G1
[2015-02-09 23:42:54--326265]recv conta req 22.jpg! 
[2015-02-09 23:42:54--406995]14.jpg,MRKU9670500 22G1
[2015-02-09 23:42:55--017893]22.jpg,TCLU2873584 22G1
[2015-02-09 23:42:58--330045]recv conta req 26.jpg! 
[2015-02-09 23:42:59--035463]26.jpg,CRSU9147318 45G1
[2015-02-09 23:43:02--333433]recv conta req 30.jpg! 
[2015-02-09 23:43:02--965920]30.jpg,CMAU4559732 45G1
[2015-02-09 23:43:06--338338]recv conta req 34.jpg! 
[2015-02-09 23:43:07--075495]34.jpg,CMAU4555275 45G1
[2015-02-09 23:43:10--342005]recv conta req 3.jpg! 
[2015-02-09 23:43:14--180981]3.jpg,EITU1067234 45G1
[2015-02-09 23:43:14--348974]recv conta req 7.jpg! 
[2015-02-09 23:43:18--352782]recv conta req 11.jpg! 
[2015-02-09 23:43:22--360823]recv conta req 15.jpg! 
[2015-02-09 23:43:26--358031]recv conta req 19.jpg! 
[2015-02-09 23:43:26--894314]11.jpg,MSKU0004911 45G1
[2015-02-09 23:43:27--376464]19.jpg,MSKU1685954 45G1
[2015-02-09 23:43:27--973966]15.jpg,MAXU2423284 
[2015-02-09 23:43:28--386779]7.jpg, 
[2015-02-09 23:43:30--361126]recv conta req 23.jpg! 
[2015-02-09 23:43:31--019797]23.jpg,APHU6639762 45G1
[2015-02-09 23:43:34--364558]recv conta req 27.jpg! 
[2015-02-09 23:43:35--176682]27.jpg,MRKU0995640 42G1
[2015-02-09 23:43:38--369896]recv conta req 31.jpg! 
[2015-02-09 23:43:39--079412]31.jpg,WSDU4921322 45G1
[2015-02-09 23:43:42--373352]recv conta req 35.jpg! 
[2015-02-09 23:43:43--167087]35.jpg,WSDU4920250 45G1
[2015-02-09 23:43:46--379226]recv conta req 4.jpg! 
[2015-02-09 23:43:47--970865]4.jpg,MSKU4011903 22G1
[2015-02-09 23:43:50--388812]recv conta req 8.jpg! 
[2015-02-09 23:43:54--391116]recv conta req 12.jpg! 
[2015-02-09 23:43:57--111527]8.jpg,CCLU6287245 45G1
[2015-02-09 23:43:58--391366]recv conta req 16.jpg! 
[2015-02-09 23:44:00--266032]16.jpg,TEMU3075040 22G1
[2015-02-09 23:44:02--396698]recv conta req 20.jpg! 
[2015-02-09 23:44:03--737435]20.jpg,FCIU4591874 22G1
[2015-02-09 23:44:05--252889]12.jpg,MEDU1861156 22G1
[2015-02-09 23:44:06--399774]recv conta req 24.jpg! 
[2015-02-09 23:44:07--077977]24.jpg,SEGU1904022 22G1
[2015-02-09 23:44:10--403464]recv conta req 28.jpg! 
[2015-02-09 23:44:11--248303]28.jpg,FCIU8609740 45G1
[2015-02-09 23:44:14--406572]recv conta req 32.jpg! 
[2015-02-09 23:44:15--087951]32.jpg,CITU1173790 45G1
[2015-02-09 23:44:18--412743]recv conta req 1.jpg! 
[2015-02-09 23:44:20--143324]1.jpg,MSKU9550132 45G1
[2015-02-09 23:44:22--414140]recv conta req 5.jpg! 
[2015-02-09 23:44:25--228434]5.jpg,IIIU7???46? 22G1
[2015-02-09 23:44:26--420009]recv conta req 9.jpg! 
[2015-02-09 23:44:30--427063]recv conta req 13.jpg! 
[2015-02-09 23:44:34--426497]recv conta req 17.jpg! 
[2015-02-09 23:44:36--584265]9.jpg,MRKU3324814 45G1
[2015-02-09 23:44:37--014598]17.jpg,SEGU1445915 22G1
[2015-02-09 23:44:38--431523]recv conta req 21.jpg! 
[2015-02-09 23:44:39--422619]21.jpg,TRLU8984373 22G1
[2015-02-09 23:44:39--621617]13.jpg,FSCU7372776 22G1
[2015-02-09 23:44:42--432398]recv conta req 25.jpg! 
[2015-02-09 23:44:43--125886]25.jpg, 
[2015-02-09 23:44:46--436883]recv conta req 29.jpg! 
[2015-02-09 23:44:47--209671]29.jpg,SEGU9039975 45R1
[2015-02-09 23:44:50--442023]recv conta req 33.jpg! 
[2015-02-09 23:44:51--256682]33.jpg,PHLU2031555 22G1
[2015-02-09 23:44:54--445833]recv conta req 2.jpg! 
[2015-02-09 23:44:58--423639]2.jpg,GESU5520648 45G1
[2015-02-09 23:44:58--450645]recv conta req 6.jpg! 
[2015-02-09 23:45:00--847438]6.jpg,MRKU8566960 22G1
[2015-02-09 23:45:02--456650]recv conta req 10.jpg! 
[2015-02-09 23:45:06--479301]recv conta req 14.jpg! 
[2015-02-09 23:45:10--479947]recv conta req 18.jpg! 
[2015-02-09 23:45:12--177345]18.jpg,CRXU1866805 22G1
[2015-02-09 23:45:13--290283]10.jpg,CSLU1475718 22G1
[2015-02-09 23:45:14--483317]recv conta req 22.jpg! 
[2015-02-09 23:45:14--644535]14.jpg,MRKU9670500 22G1
[2015-02-09 23:45:15--144445]22.jpg,TCLU2873584 22G1
[2015-02-09 23:45:18--488236]recv conta req 26.jpg! 
[2015-02-09 23:45:19--221316]26.jpg,CRSU9147318 45G1
[2015-02-09 23:45:22--493651]recv conta req 30.jpg! 
[2015-02-09 23:45:23--255244]30.jpg,CMAU4559732 45G1
[2015-02-09 23:45:26--496384]recv conta req 34.jpg! 
[2015-02-09 23:45:27--268509]34.jpg,CMAU4555275 45G1
[2015-02-09 23:45:30--500606]recv conta req 3.jpg! 
[2015-02-09 23:45:34--337646]3.jpg,EITU1067234 45G1
[2015-02-09 23:45:34--507849]recv conta req 7.jpg! 
[2015-02-09 23:45:38--512628]recv conta req 11.jpg! 
[2015-02-09 23:45:42--515536]recv conta req 15.jpg! 
[2015-02-09 23:45:46--130130]7.jpg, 
[2015-02-09 23:45:46--520117]recv conta req 19.jpg! 
[2015-02-09 23:45:47--960671]19.jpg,MSKU1685954 45G1
[2015-02-09 23:45:48--266671]11.jpg,MSKU0004911 45G1
[2015-02-09 23:45:48--361142]15.jpg,MAXU2423284 
[2015-02-09 23:45:50--522425]recv conta req 23.jpg! 
[2015-02-09 23:45:51--146394]23.jpg,APHU6639762 45G1
[2015-02-09 23:45:54--527772]recv conta req 27.jpg! 
[2015-02-09 23:45:55--337112]27.jpg,MRKU0995640 42G1
[2015-02-09 23:45:58--532378]recv conta req 31.jpg! 
[2015-02-09 23:45:59--199374]31.jpg,WSDU4921322 45G1
[2015-02-09 23:46:02--535869]recv conta req 35.jpg! 
[2015-02-09 23:46:03--268475]35.jpg,WSDU4920250 45G1
[2015-02-09 23:46:06--539795]recv conta req 4.jpg! 
[2015-02-09 23:46:08--134934]4.jpg,MSKU4011903 22G1
[2015-02-09 23:46:10--545479]recv conta req 8.jpg! 
[2015-02-09 23:46:14--549916]recv conta req 12.jpg! 
[2015-02-09 23:46:16--651588]8.jpg,CCLU6287245 45G1
[2015-02-09 23:46:18--552585]recv conta req 16.jpg! 
[2015-02-09 23:46:20--592704]16.jpg,TEMU3075040 22G1
[2015-02-09 23:46:22--557535]recv conta req 20.jpg! 
[2015-02-09 23:46:23--990434]20.jpg,FCIU4591874 22G1
[2015-02-09 23:46:25--646607]12.jpg,MEDU1861156 22G1
[2015-02-09 23:46:26--561186]recv conta req 24.jpg! 
[2015-02-09 23:46:27--214407]24.jpg,SEGU1904022 22G1
[2015-02-09 23:46:30--564478]recv conta req 28.jpg! 
[2015-02-09 23:46:31--358947]28.jpg,FCIU8609740 45G1
[2015-02-09 23:46:34--567538]recv conta req 32.jpg! 
[2015-02-09 23:46:35--236468]32.jpg,CITU1173790 45G1
[2015-02-09 23:46:38--572492]recv conta req 1.jpg! 
[2015-02-09 23:46:40--255848]1.jpg,MSKU9550132 45G1
[2015-02-09 23:46:42--574013]recv conta req 5.jpg! 
[2015-02-09 23:46:45--421293]5.jpg,IIIU7???46? 22G1
[2015-02-09 23:46:46--579357]recv conta req 9.jpg! 
[2015-02-09 23:46:50--583369]recv conta req 13.jpg! 
[2015-02-09 23:46:54--107465]9.jpg,MRKU3324814 45G1
[2015-02-09 23:46:54--586042]recv conta req 17.jpg! 
[2015-02-09 23:46:56--752904]17.jpg,SEGU1445915 22G1
[2015-02-09 23:46:58--589880]recv conta req 21.jpg! 
[2015-02-09 23:46:59--414421]21.jpg,TRLU8984373 22G1
[2015-02-09 23:46:59--541544]13.jpg,FSCU7372776 22G1
[2015-02-09 23:47:02--590470]recv conta req 25.jpg! 
[2015-02-09 23:47:03--210724]25.jpg, 
[2015-02-09 23:47:06--594338]recv conta req 29.jpg! 
[2015-02-09 23:47:07--217345]29.jpg,SEGU9039975 45R1
[2015-02-09 23:47:10--598818]recv conta req 33.jpg! 
[2015-02-09 23:47:11--410506]33.jpg,PHLU2031555 22G1
[2015-02-09 23:47:14--606325]recv conta req 2.jpg! 
[2015-02-09 23:47:18--542478]2.jpg,GESU5520648 45G1
[2015-02-09 23:47:18--606329]recv conta req 6.jpg! 
[2015-02-09 23:47:21--063790]6.jpg,MRKU8566960 22G1
[2015-02-09 23:47:22--614480]recv conta req 10.jpg! 
[2015-02-09 23:47:26--615607]recv conta req 14.jpg! 
[2015-02-09 23:47:30--618753]recv conta req 18.jpg! 
[2015-02-09 23:47:32--624722]18.jpg,CRXU1866805 22G1
[2015-02-09 23:47:33--122204]10.jpg,CSLU1475718 22G1
[2015-02-09 23:47:34--325361]14.jpg,MRKU9670500 22G1
[2015-02-09 23:47:34--621285]recv conta req 22.jpg! 
[2015-02-09 23:47:35--258113]22.jpg,TCLU2873584 22G1
[2015-02-09 23:47:38--626422]recv conta req 26.jpg! 
[2015-02-09 23:47:39--408219]26.jpg,CRSU9147318 45G1
[2015-02-09 23:47:42--630511]recv conta req 30.jpg! 
[2015-02-09 23:47:43--315346]30.jpg,CMAU4559732 45G1
[2015-02-09 23:47:46--634417]recv conta req 34.jpg! 
[2015-02-09 23:47:47--361806]34.jpg,CMAU4555275 45G1
[2015-02-09 23:47:50--639869]recv conta req 3.jpg! 
[2015-02-09 23:47:54--458744]3.jpg,EITU1067234 45G1
[2015-02-09 23:47:54--645515]recv conta req 7.jpg! 
[2015-02-09 23:47:58--649140]recv conta req 11.jpg! 
[2015-02-09 23:48:02--653327]recv conta req 15.jpg! 
[2015-02-09 23:48:06--655403]recv conta req 19.jpg! 
[2015-02-09 23:48:07--423215]7.jpg, 
[2015-02-09 23:48:08--232002]19.jpg,MSKU1685954 45G1
[2015-02-09 23:48:08--550874]15.jpg,MAXU2423284 
[2015-02-09 23:48:08--553146]11.jpg,MSKU0004911 45G1
[2015-02-09 23:48:10--659089]recv conta req 23.jpg! 
[2015-02-09 23:48:11--253619]23.jpg,APHU6639762 45G1
[2015-02-09 23:48:14--661772]recv conta req 27.jpg! 
[2015-02-09 23:48:15--467540]27.jpg,MRKU0995640 42G1
[2015-02-09 23:48:18--667052]recv conta req 31.jpg! 
[2015-02-09 23:48:19--327182]31.jpg,WSDU4921322 45G1
[2015-02-09 23:48:22--673348]recv conta req 35.jpg! 
[2015-02-09 23:48:23--416527]35.jpg,WSDU4920250 45G1
[2015-02-09 23:48:26--676964]recv conta req 4.jpg! 
[2015-02-09 23:48:28--044461]4.jpg,MSKU4011903 22G1
[2015-02-09 23:48:30--684459]recv conta req 8.jpg! 
[2015-02-09 23:48:34--686959]recv conta req 12.jpg! 
[2015-02-09 23:48:37--077880]8.jpg,CCLU6287245 45G1
[2015-02-09 23:48:38--689080]recv conta req 16.jpg! 
[2015-02-09 23:48:40--557584]16.jpg,TEMU3075040 22G1
[2015-02-09 23:48:42--693828]recv conta req 20.jpg! 
[2015-02-09 23:48:44--037227]12.jpg,MEDU1861156 22G1
[2015-02-09 23:48:44--274439]20.jpg,FCIU4591874 22G1
[2015-02-09 23:48:46--697367]recv conta req 24.jpg! 
[2015-02-09 23:48:47--370622]24.jpg,SEGU1904022 22G1
[2015-02-09 23:48:50--701888]recv conta req 28.jpg! 
[2015-02-09 23:48:51--530153]28.jpg,FCIU8609740 45G1
[2015-02-09 23:48:54--704708]recv conta req 32.jpg! 
[2015-02-09 23:48:55--354753]32.jpg,CITU1173790 45G1
[2015-02-09 23:48:58--710756]recv conta req 1.jpg! 
[2015-02-09 23:49:00--349587]1.jpg,MSKU9550132 45G1
[2015-02-09 23:49:02--713072]recv conta req 5.jpg! 
[2015-02-09 23:49:05--342640]5.jpg,IIIU7???46? 22G1
[2015-02-09 23:49:06--719811]recv conta req 9.jpg! 
[2015-02-09 23:49:10--724713]recv conta req 13.jpg! 
[2015-02-09 23:49:14--725571]recv conta req 17.jpg! 
[2015-02-09 23:49:17--157548]9.jpg,MRKU3324814 45G1
[2015-02-09 23:49:17--265936]17.jpg,SEGU1445915 22G1
[2015-02-09 23:49:18--206120]13.jpg,FSCU7372776 22G1
[2015-02-09 23:49:18--731098]recv conta req 21.jpg! 
[2015-02-09 23:49:19--396971]21.jpg,TRLU8984373 22G1
[2015-02-09 23:49:22--732721]recv conta req 25.jpg! 
[2015-02-09 23:49:23--321385]25.jpg, 
[2015-02-09 23:49:26--736458]recv conta req 29.jpg! 
[2015-02-09 23:49:27--329678]29.jpg,SEGU9039975 45R1
[2015-02-09 23:49:30--742005]recv conta req 33.jpg! 
[2015-02-09 23:49:31--707512]33.jpg,PHLU2031555 22G1
[2015-02-09 23:49:34--747369]recv conta req 2.jpg! 
[2015-02-09 23:49:38--424986]2.jpg,GESU5520648 45G1
[2015-02-09 23:49:38--750138]recv conta req 6.jpg! 
[2015-02-09 23:49:41--048347]6.jpg,MRKU8566960 22G1
[2015-02-09 23:49:42--758866]recv conta req 10.jpg! 
[2015-02-09 23:49:46--759555]recv conta req 14.jpg! 
[2015-02-09 23:49:50--762006]recv conta req 18.jpg! 
[2015-02-09 23:49:52--301834]18.jpg,CRXU1866805 22G1
[2015-02-09 23:49:52--649695]10.jpg,CSLU1475718 22G1
[2015-02-09 23:49:54--083610]14.jpg,MRKU9670500 22G1
[2015-02-09 23:49:54--765440]recv conta req 22.jpg! 
[2015-02-09 23:49:55--333519]22.jpg,TCLU2873584 22G1
[2015-02-09 23:49:58--770212]recv conta req 26.jpg! 
[2015-02-09 23:49:59--428042]26.jpg,CRSU9147318 45G1
[2015-02-09 23:50:02--774792]recv conta req 30.jpg! 
[2015-02-09 23:50:03--521775]30.jpg,CMAU4559732 45G1
[2015-02-09 23:50:06--778928]recv conta req 34.jpg! 
[2015-02-09 23:50:07--479953]34.jpg,CMAU4555275 45G1
[2015-02-09 23:50:10--784538]recv conta req 3.jpg! 
[2015-02-09 23:50:14--498959]3.jpg,EITU1067234 45G1
[2015-02-09 23:50:14--789227]recv conta req 7.jpg! 
[2015-02-09 23:50:18--792967]recv conta req 11.jpg! 
[2015-02-09 23:50:22--796114]recv conta req 15.jpg! 
[2015-02-09 23:50:26--799476]recv conta req 19.jpg! 
[2015-02-09 23:50:27--015091]11.jpg,MSKU0004911 45G1
[2015-02-09 23:50:27--120803]7.jpg, 
[2015-02-09 23:50:28--033221]19.jpg,MSKU1685954 45G1
[2015-02-09 23:50:28--118089]15.jpg,MAXU2423284 
[2015-02-09 23:50:30--802686]recv conta req 23.jpg! 
[2015-02-09 23:50:31--385577]23.jpg,APHU6639762 45G1
[2015-02-09 23:50:34--806582]recv conta req 27.jpg! 
[2015-02-09 23:50:35--644501]27.jpg,MRKU0995640 42G1
[2015-02-09 23:50:38--810563]recv conta req 31.jpg! 
[2015-02-09 23:50:39--472767]31.jpg,WSDU4921322 45G1
[2015-02-09 23:50:42--813457]recv conta req 35.jpg! 
[2015-02-09 23:50:43--556451]35.jpg,WSDU4920250 45G1
[2015-02-09 23:50:46--817422]recv conta req 4.jpg! 
[2015-02-09 23:50:48--221177]4.jpg,MSKU4011903 22G1
[2015-02-09 23:50:50--823758]recv conta req 8.jpg! 
[2015-02-09 23:50:54--827918]recv conta req 12.jpg! 
[2015-02-09 23:50:56--848612]8.jpg,CCLU6287245 45G1
[2015-02-09 23:50:58--826790]recv conta req 16.jpg! 
[2015-02-09 23:51:00--357926]16.jpg,TEMU3075040 22G1
[2015-02-09 23:51:02--831090]recv conta req 20.jpg! 
[2015-02-09 23:51:03--917117]20.jpg,FCIU4591874 22G1
[2015-02-09 23:51:04--808479]12.jpg,MEDU1861156 22G1
[2015-02-09 23:51:06--834557]recv conta req 24.jpg! 
[2015-02-09 23:51:07--471442]24.jpg,SEGU1904022 22G1
[2015-02-09 23:51:10--838391]recv conta req 28.jpg! 
[2015-02-09 23:51:11--647980]28.jpg,FCIU8609740 45G1
[2015-02-09 23:51:14--839729]recv conta req 32.jpg! 
[2015-02-09 23:51:15--478775]32.jpg,CITU1173790 45G1
[2015-02-09 23:51:18--844485]recv conta req 1.jpg! 
[2015-02-09 23:51:20--555007]1.jpg,MSKU9550132 45G1
[2015-02-09 23:51:22--845231]recv conta req 5.jpg! 
[2015-02-09 23:51:25--562847]5.jpg,IIIU7???46? 22G1
[2015-02-09 23:51:26--849596]recv conta req 9.jpg! 
[2015-02-09 23:51:30--855291]recv conta req 13.jpg! 
[2015-02-09 23:51:33--393751]9.jpg,MRKU3324814 45G1
[2015-02-09 23:51:34--856152]recv conta req 17.jpg! 
[2015-02-09 23:51:36--644113]17.jpg,SEGU1445915 22G1
[2015-02-09 23:51:37--023235]13.jpg,FSCU7372776 22G1
[2015-02-09 23:51:38--859984]recv conta req 21.jpg! 
[2015-02-09 23:51:39--503606]21.jpg,TRLU8984373 22G1
[2015-02-09 23:51:42--862344]recv conta req 25.jpg! 
[2015-02-09 23:51:43--450776]25.jpg, 
[2015-02-09 23:51:46--864760]recv conta req 29.jpg! 
[2015-02-09 23:51:47--468483]29.jpg,SEGU9039975 45R1
[2015-02-09 23:51:50--867840]recv conta req 33.jpg! 
[2015-02-09 23:51:51--748769]33.jpg,PHLU2031555 22G1
[2015-02-09 23:51:54--875224]recv conta req 2.jpg! 
[2015-02-09 23:51:58--583905]2.jpg,GESU5520648 45G1
[2015-02-09 23:51:58--874817]recv conta req 6.jpg! 
[2015-02-09 23:52:01--132388]6.jpg,MRKU8566960 22G1
[2015-02-09 23:52:02--879303]recv conta req 10.jpg! 
[2015-02-09 23:52:06--883941]recv conta req 14.jpg! 
[2015-02-09 23:52:10--886190]recv conta req 18.jpg! 
[2015-02-09 23:52:12--576210]18.jpg,CRXU1866805 22G1
[2015-02-09 23:52:13--997192]14.jpg,MRKU9670500 22G1
[2015-02-09 23:52:14--187672]10.jpg,CSLU1475718 22G1
[2015-02-09 23:52:14--887728]recv conta req 22.jpg! 
[2015-02-09 23:52:15--476420]22.jpg,TCLU2873584 22G1
[2015-02-09 23:52:18--891724]recv conta req 26.jpg! 
[2015-02-09 23:52:19--559438]26.jpg,CRSU9147318 45G1
[2015-02-09 23:52:22--895752]recv conta req 30.jpg! 
[2015-02-09 23:52:23--556875]30.jpg,CMAU4559732 45G1
[2015-02-09 23:52:26--898563]recv conta req 34.jpg! 
[2015-02-09 23:52:27--786435]34.jpg,CMAU4555275 45G1
[2015-02-09 23:52:30--901119]recv conta req 3.jpg! 
[2015-02-09 23:52:34--565211]3.jpg,EITU1067234 45G1
[2015-02-09 23:52:34--906262]recv conta req 7.jpg! 
[2015-02-09 23:52:38--909478]recv conta req 11.jpg! 
