[2015-02-10 01:52:44--698114]recv conta req 1.jpg! 
[2015-02-10 01:52:46--376632]1.jpg,MSKU9550132 45G1
[2015-02-10 01:52:48--700411]recv conta req 5.jpg! 
[2015-02-10 01:52:51--667685]5.jpg,IIIU7???46? 22G1
[2015-02-10 01:52:52--705160]recv conta req 9.jpg! 
[2015-02-10 01:52:56--708824]recv conta req 13.jpg! 
[2015-02-10 01:53:00--322747]9.jpg,MRKU3324814 45G1
[2015-02-10 01:53:00--711134]recv conta req 17.jpg! 
[2015-02-10 01:53:02--649558]17.jpg,SEGU1445915 22G1
[2015-02-10 01:53:04--606601]13.jpg,FSCU7372776 22G1
[2015-02-10 01:53:04--712585]recv conta req 21.jpg! 
[2015-02-10 01:53:05--407792]21.jpg,TRLU8984373 22G1
[2015-02-10 01:53:08--716845]recv conta req 25.jpg! 
[2015-02-10 01:53:09--420442]25.jpg, 
[2015-02-10 01:53:12--722287]recv conta req 29.jpg! 
[2015-02-10 01:53:13--308944]29.jpg,SEGU9039975 45R1
[2015-02-10 01:53:16--726175]recv conta req 33.jpg! 
[2015-02-10 01:53:17--617781]33.jpg,PHLU2031555 22G1
[2015-02-10 01:53:20--732818]recv conta req 2.jpg! 
[2015-02-10 01:53:24--641562]2.jpg,GESU5520648 45G1
[2015-02-10 01:53:24--735998]recv conta req 6.jpg! 
[2015-02-10 01:53:27--072312]6.jpg,MRKU8566960 22G1
[2015-02-10 01:53:28--740804]recv conta req 10.jpg! 
[2015-02-10 01:53:32--745284]recv conta req 14.jpg! 
[2015-02-10 01:53:36--430086]10.jpg,CSLU1475718 22G1
[2015-02-10 01:53:36--749105]recv conta req 18.jpg! 
[2015-02-10 01:53:37--992095]18.jpg,CRXU1866805 22G1
[2015-02-10 01:53:40--022712]14.jpg,MRKU9670500 22G1
[2015-02-10 01:53:40--751455]recv conta req 22.jpg! 
[2015-02-10 01:53:41--377124]22.jpg,TCLU2873584 22G1
[2015-02-10 01:53:44--755643]recv conta req 26.jpg! 
[2015-02-10 01:53:45--443088]26.jpg,CRSU9147318 45G1
[2015-02-10 01:53:48--760384]recv conta req 30.jpg! 
[2015-02-10 01:53:49--511374]30.jpg,CMAU4559732 45G1
[2015-02-10 01:53:52--763716]recv conta req 34.jpg! 
[2015-02-10 01:53:53--452712]34.jpg,CMAU4555275 45G1
[2015-02-10 01:53:56--768822]recv conta req 3.jpg! 
[2015-02-10 01:54:00--520590]3.jpg,EITU1067234 45G1
[2015-02-10 01:54:00--775472]recv conta req 7.jpg! 
[2015-02-10 01:54:04--777294]recv conta req 11.jpg! 
[2015-02-10 01:54:08--780014]recv conta req 15.jpg! 
[2015-02-10 01:54:12--782290]recv conta req 19.jpg! 
[2015-02-10 01:54:13--678579]11.jpg,MSKU0004911 45G1
[2015-02-10 01:54:13--991810]15.jpg,MAXU2423284 
[2015-02-10 01:54:14--070163]7.jpg, 
[2015-02-10 01:54:14--389454]19.jpg,MSKU1685954 45G1
[2015-02-10 01:54:16--786819]recv conta req 23.jpg! 
[2015-02-10 01:54:17--382150]23.jpg,APHU6639762 45G1
[2015-02-10 01:54:20--790210]recv conta req 27.jpg! 
[2015-02-10 01:54:21--592479]27.jpg,MRKU0995640 42G1
[2015-02-10 01:54:24--794384]recv conta req 31.jpg! 
[2015-02-10 01:54:25--453688]31.jpg,WSDU4921322 45G1
[2015-02-10 01:54:28--797337]recv conta req 35.jpg! 
[2015-02-10 01:54:29--523708]35.jpg,WSDU4920250 45G1
[2015-02-10 01:54:32--802102]recv conta req 4.jpg! 
[2015-02-10 01:54:34--265020]4.jpg,MSKU4011903 22G1
[2015-02-10 01:54:36--805702]recv conta req 8.jpg! 
[2015-02-10 01:54:40--809659]recv conta req 12.jpg! 
[2015-02-10 01:54:42--423161]8.jpg,CCLU6287245 45G1
[2015-02-10 01:54:44--813435]recv conta req 16.jpg! 
[2015-02-10 01:54:46--676556]16.jpg,TEMU3075040 22G1
[2015-02-10 01:54:48--816232]recv conta req 20.jpg! 
[2015-02-10 01:54:49--857918]20.jpg,FCIU4591874 22G1
[2015-02-10 01:54:50--914003]12.jpg,MEDU1861156 22G1
[2015-02-10 01:54:52--821293]recv conta req 24.jpg! 
[2015-02-10 01:54:53--613130]24.jpg,SEGU1904022 22G1
[2015-02-10 01:54:56--823123]recv conta req 28.jpg! 
[2015-02-10 01:54:57--597707]28.jpg,FCIU8609740 45G1
[2015-02-10 01:55:00--831301]recv conta req 32.jpg! 
[2015-02-10 01:55:01--695177]32.jpg,CITU1173790 45G1
[2015-02-10 01:55:04--831641]recv conta req 1.jpg! 
[2015-02-10 01:55:06--463180]1.jpg,MSKU9550132 45G1
[2015-02-10 01:55:08--836664]recv conta req 5.jpg! 
[2015-02-10 01:55:11--712639]5.jpg,IIIU7???46? 22G1
[2015-02-10 01:55:12--840798]recv conta req 9.jpg! 
[2015-02-10 01:55:16--844580]recv conta req 13.jpg! 
[2015-02-10 01:55:20--847424]recv conta req 17.jpg! 
[2015-02-10 01:55:21--420672]9.jpg,MRKU3324814 45G1
[2015-02-10 01:55:22--897696]17.jpg,SEGU1445915 22G1
[2015-02-10 01:55:24--851976]recv conta req 21.jpg! 
[2015-02-10 01:55:25--001991]13.jpg,FSCU7372776 22G1
[2015-02-10 01:55:25--575930]21.jpg,TRLU8984373 22G1
[2015-02-10 01:55:28--854839]recv conta req 25.jpg! 
[2015-02-10 01:55:29--437166]25.jpg, 
[2015-02-10 01:55:32--858484]recv conta req 29.jpg! 
[2015-02-10 01:55:33--433151]29.jpg,SEGU9039975 45R1
[2015-02-10 01:55:36--862652]recv conta req 33.jpg! 
[2015-02-10 01:55:37--715594]33.jpg,PHLU2031555 22G1
[2015-02-10 01:55:40--868299]recv conta req 2.jpg! 
[2015-02-10 01:55:44--620583]2.jpg,GESU5520648 45G1
[2015-02-10 01:55:44--869542]recv conta req 6.jpg! 
[2015-02-10 01:55:47--184705]6.jpg,MRKU8566960 22G1
[2015-02-10 01:55:48--876545]recv conta req 10.jpg! 
[2015-02-10 01:55:52--879657]recv conta req 14.jpg! 
[2015-02-10 01:55:56--880588]recv conta req 18.jpg! 
[2015-02-10 01:55:58--829008]18.jpg,CRXU1866805 22G1
[2015-02-10 01:55:59--050081]10.jpg,CSLU1475718 22G1
[2015-02-10 01:56:00--213563]14.jpg,MRKU9670500 22G1
[2015-02-10 01:56:00--884961]recv conta req 22.jpg! 
[2015-02-10 01:56:01--517376]22.jpg,TCLU2873584 22G1
[2015-02-10 01:56:04--887983]recv conta req 26.jpg! 
[2015-02-10 01:56:05--573487]26.jpg,CRSU9147318 45G1
[2015-02-10 01:56:08--890190]recv conta req 30.jpg! 
[2015-02-10 01:56:09--462721]30.jpg,CMAU4559732 45G1
[2015-02-10 01:56:12--893916]recv conta req 34.jpg! 
[2015-02-10 01:56:13--606446]34.jpg,CMAU4555275 45G1
[2015-02-10 01:56:16--897135]recv conta req 3.jpg! 
[2015-02-10 01:56:20--581831]3.jpg,EITU1067234 45G1
[2015-02-10 01:56:20--900886]recv conta req 7.jpg! 
[2015-02-10 01:56:24--904374]recv conta req 11.jpg! 
[2015-02-10 01:56:28--907959]recv conta req 15.jpg! 
[2015-02-10 01:56:31--785842]11.jpg,MSKU0004911 45G1
[2015-02-10 01:56:32--909182]recv conta req 19.jpg! 
[2015-02-10 01:56:33--958184]19.jpg,MSKU1685954 45G1
[2015-02-10 01:56:34--189928]15.jpg,MAXU2423284 
[2015-02-10 01:56:34--232585]7.jpg, 
[2015-02-10 01:56:36--913308]recv conta req 23.jpg! 
[2015-02-10 01:56:37--702766]23.jpg,APHU6639762 45G1
[2015-02-10 01:56:40--915512]recv conta req 27.jpg! 
[2015-02-10 01:56:41--701580]27.jpg,MRKU0995640 42G1
[2015-02-10 01:56:44--920330]recv conta req 31.jpg! 
[2015-02-10 01:56:45--796160]31.jpg,WSDU4921322 45G1
[2015-02-10 01:56:48--921132]recv conta req 35.jpg! 
[2015-02-10 01:56:49--681213]35.jpg,WSDU4920250 45G1
[2015-02-10 01:56:52--923513]recv conta req 4.jpg! 
[2015-02-10 01:56:54--297334]4.jpg,MSKU4011903 22G1
