[2015-02-10 00:53:01--395644]25.jpg, 
[2015-02-10 00:53:04--808249]recv conta req 29.jpg! 
[2015-02-10 00:53:05--383443]29.jpg,SEGU9039975 45R1
[2015-02-10 00:53:08--812366]recv conta req 33.jpg! 
[2015-02-10 00:53:09--692466]33.jpg,PHLU2031555 22G1
[2015-02-10 00:53:12--816525]recv conta req 2.jpg! 
[2015-02-10 00:53:16--754196]2.jpg,GESU5520648 45G1
[2015-02-10 00:53:16--818045]recv conta req 6.jpg! 
[2015-02-10 00:53:19--047854]6.jpg,MRKU8566960 22G1
[2015-02-10 00:53:20--823636]recv conta req 10.jpg! 
[2015-02-10 00:53:24--827600]recv conta req 14.jpg! 
[2015-02-10 00:53:28--829643]recv conta req 18.jpg! 
[2015-02-10 00:53:29--193943]10.jpg,CSLU1475718 22G1
[2015-02-10 00:53:30--433026]18.jpg,CRXU1866805 22G1
[2015-02-10 00:53:31--866952]14.jpg,MRKU9670500 22G1
[2015-02-10 00:53:32--832510]recv conta req 22.jpg! 
[2015-02-10 00:53:33--411649]22.jpg,TCLU2873584 22G1
[2015-02-10 00:53:36--836252]recv conta req 26.jpg! 
[2015-02-10 00:53:37--513290]26.jpg,CRSU9147318 45G1
[2015-02-10 00:53:40--840298]recv conta req 30.jpg! 
[2015-02-10 00:53:41--418719]30.jpg,CMAU4559732 45G1
[2015-02-10 00:53:44--844399]recv conta req 34.jpg! 
[2015-02-10 00:53:45--581874]34.jpg,CMAU4555275 45G1
[2015-02-10 00:53:48--848275]recv conta req 3.jpg! 
[2015-02-10 00:53:52--614027]3.jpg,EITU1067234 45G1
[2015-02-10 00:53:52--853295]recv conta req 7.jpg! 
[2015-02-10 00:53:56--855700]recv conta req 11.jpg! 
[2015-02-10 00:54:00--860005]recv conta req 15.jpg! 
[2015-02-10 00:54:04--861108]recv conta req 19.jpg! 
[2015-02-10 00:54:06--168663]15.jpg,MAXU2423284 
[2015-02-10 00:54:06--374982]7.jpg, 
[2015-02-10 00:54:06--657530]19.jpg,MSKU1685954 45G1
[2015-02-10 00:54:07--268183]11.jpg,MSKU0004911 45G1
[2015-02-10 00:54:08--863788]recv conta req 23.jpg! 
[2015-02-10 00:54:09--481758]23.jpg,APHU6639762 45G1
[2015-02-10 00:54:12--866436]recv conta req 27.jpg! 
[2015-02-10 00:54:13--662274]27.jpg,MRKU0995640 42G1
[2015-02-10 00:54:16--869398]recv conta req 31.jpg! 
[2015-02-10 00:54:17--689294]31.jpg,WSDU4921322 45G1
[2015-02-10 00:54:20--872528]recv conta req 35.jpg! 
[2015-02-10 00:54:21--620435]35.jpg,WSDU4920250 45G1
[2015-02-10 00:54:24--875478]recv conta req 4.jpg! 
[2015-02-10 00:54:26--166955]4.jpg,MSKU4011903 22G1
[2015-02-10 00:54:28--880146]recv conta req 8.jpg! 
[2015-02-10 00:54:32--887155]recv conta req 12.jpg! 
[2015-02-10 00:54:34--390031]8.jpg,CCLU6287245 45G1
[2015-02-10 00:54:36--886761]recv conta req 16.jpg! 
[2015-02-10 00:54:38--491639]16.jpg,TEMU3075040 22G1
[2015-02-10 00:54:40--890405]recv conta req 20.jpg! 
[2015-02-10 00:54:41--813478]20.jpg,FCIU4591874 22G1
[2015-02-10 00:54:42--673136]12.jpg,MEDU1861156 22G1
[2015-02-10 00:54:44--892082]recv conta req 24.jpg! 
[2015-02-10 00:54:45--509997]24.jpg,SEGU1904022 22G1
[2015-02-10 00:54:48--896915]recv conta req 28.jpg! 
[2015-02-10 00:54:49--913674]28.jpg,FCIU8609740 45G1
[2015-02-10 00:54:52--898228]recv conta req 32.jpg! 
[2015-02-10 00:54:53--548744]32.jpg,CITU1173790 45G1
[2015-02-10 00:54:56--901361]recv conta req 1.jpg! 
[2015-02-10 00:54:58--588997]1.jpg,MSKU9550132 45G1
[2015-02-10 00:55:00--903041]recv conta req 5.jpg! 
[2015-02-10 00:55:03--657017]5.jpg,IIIU7???46? 22G1
[2015-02-10 00:55:04--907785]recv conta req 9.jpg! 
[2015-02-10 00:55:08--911784]recv conta req 13.jpg! 
[2015-02-10 00:55:12--913031]recv conta req 17.jpg! 
[2015-02-10 00:55:13--327603]9.jpg,MRKU3324814 45G1
[2015-02-10 00:55:14--833765]17.jpg,SEGU1445915 22G1
[2015-02-10 00:55:16--916938]recv conta req 21.jpg! 
[2015-02-10 00:55:17--361605]13.jpg,FSCU7372776 22G1
[2015-02-10 00:55:17--660026]21.jpg,TRLU8984373 22G1
[2015-02-10 00:55:20--919430]recv conta req 25.jpg! 
[2015-02-10 00:55:21--588488]25.jpg, 
[2015-02-10 00:55:24--922114]recv conta req 29.jpg! 
[2015-02-10 00:55:25--614049]29.jpg,SEGU9039975 45R1
[2015-02-10 00:55:28--924788]recv conta req 33.jpg! 
[2015-02-10 00:55:29--782675]33.jpg,PHLU2031555 22G1
[2015-02-10 00:55:32--928777]recv conta req 2.jpg! 
[2015-02-10 00:55:36--772158]2.jpg,GESU5520648 45G1
[2015-02-10 00:55:36--929606]recv conta req 6.jpg! 
[2015-02-10 00:55:39--206268]6.jpg,MRKU8566960 22G1
[2015-02-10 00:55:40--934367]recv conta req 10.jpg! 
[2015-02-10 00:55:44--935924]recv conta req 14.jpg! 
[2015-02-10 00:55:48--937239]recv conta req 18.jpg! 
[2015-02-10 00:55:50--440348]18.jpg,CRXU1866805 22G1
[2015-02-10 00:55:51--470098]10.jpg,CSLU1475718 22G1
[2015-02-10 00:55:52--456224]14.jpg,MRKU9670500 22G1
[2015-02-10 00:55:52--938987]recv conta req 22.jpg! 
[2015-02-10 00:55:53--534858]22.jpg,TCLU2873584 22G1
[2015-02-10 00:55:56--943533]recv conta req 26.jpg! 
[2015-02-10 00:55:57--804080]26.jpg,CRSU9147318 45G1
[2015-02-10 00:56:00--945841]recv conta req 30.jpg! 
[2015-02-10 00:56:01--789553]30.jpg,CMAU4559732 45G1
[2015-02-10 00:56:04--947864]recv conta req 34.jpg! 
[2015-02-10 00:56:05--680301]34.jpg,CMAU4555275 45G1
[2015-02-10 00:56:08--951676]recv conta req 3.jpg! 
[2015-02-10 00:56:12--612083]3.jpg,EITU1067234 45G1
[2015-02-10 00:56:12--956140]recv conta req 7.jpg! 
[2015-02-10 00:56:16--958134]recv conta req 11.jpg! 
[2015-02-10 00:56:20--959676]recv conta req 15.jpg! 
[2015-02-10 00:56:24--962210]recv conta req 19.jpg! 
[2015-02-10 00:56:26--289739]11.jpg,MSKU0004911 45G1
[2015-02-10 00:56:26--315735]15.jpg,MAXU2423284 
[2015-02-10 00:56:26--643708]7.jpg, 
[2015-02-10 00:56:26--718205]19.jpg,MSKU1685954 45G1
[2015-02-10 00:56:28--963595]recv conta req 23.jpg! 
[2015-02-10 00:56:29--570035]23.jpg,APHU6639762 45G1
[2015-02-10 00:56:32--968924]recv conta req 27.jpg! 
[2015-02-10 00:56:34--114793]27.jpg,MRKU0995640 42G1
[2015-02-10 00:56:36--973516]recv conta req 31.jpg! 
[2015-02-10 00:56:37--988254]31.jpg,WSDU4921322 45G1
[2015-02-10 00:56:40--974153]recv conta req 35.jpg! 
[2015-02-10 00:56:41--744464]35.jpg,WSDU4920250 45G1
[2015-02-10 00:56:44--976736]recv conta req 4.jpg! 
[2015-02-10 00:56:46--296061]4.jpg,MSKU4011903 22G1
[2015-02-10 00:56:48--980241]recv conta req 8.jpg! 
[2015-02-10 00:56:52--983365]recv conta req 12.jpg! 
[2015-02-10 00:56:54--117330]8.jpg,CCLU6287245 45G1
[2015-02-10 00:56:56--983418]recv conta req 16.jpg! 
[2015-02-10 00:56:58--229808]16.jpg,TEMU3075040 22G1
[2015-02-10 00:57:00--988884]recv conta req 20.jpg! 
[2015-02-10 00:57:02--407289]20.jpg,FCIU4591874 22G1
[2015-02-10 00:57:02--677650]12.jpg,MEDU1861156 22G1
[2015-02-10 00:57:04--989162]recv conta req 24.jpg! 
[2015-02-10 00:57:05--713782]24.jpg,SEGU1904022 22G1
[2015-02-10 00:57:08--993099]recv conta req 28.jpg! 
[2015-02-10 00:57:09--883513]28.jpg,FCIU8609740 45G1
[2015-02-10 00:57:12--994613]recv conta req 32.jpg! 
[2015-02-10 00:57:13--648437]32.jpg,CITU1173790 45G1
[2015-02-10 00:57:17--000317]recv conta req 1.jpg! 
[2015-02-10 00:57:18--754921]1.jpg,MSKU9550132 45G1
[2015-02-10 00:57:21--000788]recv conta req 5.jpg! 
[2015-02-10 00:57:23--631231]5.jpg,IIIU7???46? 22G1
[2015-02-10 00:57:25--005535]recv conta req 9.jpg! 
[2015-02-10 00:57:29--008455]recv conta req 13.jpg! 
[2015-02-10 00:57:33--008630]recv conta req 17.jpg! 
[2015-02-10 00:57:34--081922]9.jpg,MRKU3324814 45G1
[2015-02-10 00:57:34--888095]17.jpg,SEGU1445915 22G1
[2015-02-10 00:57:37--011672]recv conta req 21.jpg! 
[2015-02-10 00:57:37--570534]13.jpg,FSCU7372776 22G1
[2015-02-10 00:57:37--721201]21.jpg,TRLU8984373 22G1
[2015-02-10 00:57:41--014703]recv conta req 25.jpg! 
[2015-02-10 00:57:41--667897]25.jpg, 
[2015-02-10 00:57:45--016466]recv conta req 29.jpg! 
[2015-02-10 00:57:45--696775]29.jpg,SEGU9039975 45R1
[2015-02-10 00:57:49--019742]recv conta req 33.jpg! 
[2015-02-10 00:57:49--883544]33.jpg,PHLU2031555 22G1
[2015-02-10 00:57:53--023043]recv conta req 2.jpg! 
[2015-02-10 00:57:56--947518]2.jpg,GESU5520648 45G1
[2015-02-10 00:57:57--023781]recv conta req 6.jpg! 
[2015-02-10 00:57:59--357256]6.jpg,MRKU8566960 22G1
[2015-02-10 00:58:01--028791]recv conta req 10.jpg! 
[2015-02-10 00:58:05--030043]recv conta req 14.jpg! 
[2015-02-10 00:58:09--031681]recv conta req 18.jpg! 
[2015-02-10 00:58:10--999537]18.jpg,CRXU1866805 22G1
[2015-02-10 00:58:11--134437]10.jpg,CSLU1475718 22G1
[2015-02-10 00:58:12--795640]14.jpg,MRKU9670500 22G1
[2015-02-10 00:58:13--033290]recv conta req 22.jpg! 
[2015-02-10 00:58:13--626874]22.jpg,TCLU2873584 22G1
[2015-02-10 00:58:17--039799]recv conta req 26.jpg! 
[2015-02-10 00:58:18--039018]26.jpg,CRSU9147318 45G1
[2015-02-10 00:58:21--042402]recv conta req 30.jpg! 
[2015-02-10 00:58:22--006143]30.jpg,CMAU4559732 45G1
[2015-02-10 00:58:25--042344]recv conta req 34.jpg! 
[2015-02-10 00:58:25--819469]34.jpg,CMAU4555275 45G1
[2015-02-10 00:58:29--044534]recv conta req 3.jpg! 
[2015-02-10 00:58:32--854025]3.jpg,EITU1067234 45G1
[2015-02-10 00:58:33--048664]recv conta req 7.jpg! 
[2015-02-10 00:58:37--050774]recv conta req 11.jpg! 
[2015-02-10 00:58:41--053632]recv conta req 15.jpg! 
[2015-02-10 00:58:44--286637]11.jpg,MSKU0004911 45G1
[2015-02-10 00:58:45--055478]recv conta req 19.jpg! 
[2015-02-10 00:58:46--005641]7.jpg, 
[2015-02-10 00:58:46--471604]19.jpg,MSKU1685954 45G1
[2015-02-10 00:58:46--505885]15.jpg,MAXU2423284 
[2015-02-10 00:58:49--056564]recv conta req 23.jpg! 
[2015-02-10 00:58:49--671248]23.jpg,APHU6639762 45G1
[2015-02-10 00:58:53--058770]recv conta req 27.jpg! 
[2015-02-10 00:58:53--852417]27.jpg,MRKU0995640 42G1
[2015-02-10 00:58:57--061557]recv conta req 31.jpg! 
[2015-02-10 00:58:57--739562]31.jpg,WSDU4921322 45G1
[2015-02-10 00:59:01--063481]recv conta req 35.jpg! 
[2015-02-10 00:59:01--833916]35.jpg,WSDU4920250 45G1
[2015-02-10 00:59:05--066574]recv conta req 4.jpg! 
[2015-02-10 00:59:06--516889]4.jpg,MSKU4011903 22G1
[2015-02-10 00:59:09--070849]recv conta req 8.jpg! 
[2015-02-10 00:59:13--074151]recv conta req 12.jpg! 
[2015-02-10 00:59:14--468201]8.jpg,CCLU6287245 45G1
[2015-02-10 00:59:17--073548]recv conta req 16.jpg! 
[2015-02-10 00:59:19--069931]16.jpg,TEMU3075040 22G1
[2015-02-10 00:59:21--077493]recv conta req 20.jpg! 
[2015-02-10 00:59:22--442209]20.jpg,FCIU4591874 22G1
[2015-02-10 00:59:23--673962]12.jpg,MEDU1861156 22G1
[2015-02-10 00:59:25--079969]recv conta req 24.jpg! 
[2015-02-10 00:59:25--763285]24.jpg,SEGU1904022 22G1
[2015-02-10 00:59:29--082667]recv conta req 28.jpg! 
[2015-02-10 00:59:29--916508]28.jpg,FCIU8609740 45G1
[2015-02-10 00:59:33--084501]recv conta req 32.jpg! 
[2015-02-10 00:59:33--762524]32.jpg,CITU1173790 45G1
[2015-02-10 00:59:37--087888]recv conta req 1.jpg! 
[2015-02-10 00:59:38--805563]1.jpg,MSKU9550132 45G1
[2015-02-10 00:59:41--089365]recv conta req 5.jpg! 
[2015-02-10 00:59:43--926707]5.jpg,IIIU7???46? 22G1
[2015-02-10 00:59:45--094140]recv conta req 9.jpg! 
[2015-02-10 00:59:49--096573]recv conta req 13.jpg! 
[2015-02-10 00:59:53--097258]recv conta req 17.jpg! 
[2015-02-10 00:59:54--042252]9.jpg,MRKU3324814 45G1
[2015-02-10 00:59:54--632149]17.jpg,SEGU1445915 22G1
[2015-02-10 00:59:57--099639]recv conta req 21.jpg! 
[2015-02-10 00:59:57--676049]13.jpg,FSCU7372776 22G1
[2015-02-10 00:59:57--991016]21.jpg,TRLU8984373 22G1
[2015-02-10 01:00:01--101971]recv conta req 25.jpg! 
[2015-02-10 01:00:01--761217]25.jpg, 
[2015-02-10 01:00:05--104029]recv conta req 29.jpg! 
[2015-02-10 01:00:05--746534]29.jpg,SEGU9039975 45R1
[2015-02-10 01:00:09--107410]recv conta req 33.jpg! 
[2015-02-10 01:00:09--973620]33.jpg,PHLU2031555 22G1
[2015-02-10 01:00:13--110647]recv conta req 2.jpg! 
[2015-02-10 01:00:17--073709]2.jpg,GESU5520648 45G1
[2015-02-10 01:00:17--111813]recv conta req 6.jpg! 
[2015-02-10 01:00:19--411166]6.jpg,MRKU8566960 22G1
[2015-02-10 01:00:21--115335]recv conta req 10.jpg! 
[2015-02-10 01:00:25--117647]recv conta req 14.jpg! 
[2015-02-10 01:00:29--119536]recv conta req 18.jpg! 
[2015-02-10 01:00:30--588695]18.jpg,CRXU1866805 22G1
[2015-02-10 01:00:31--726801]10.jpg,CSLU1475718 22G1
[2015-02-10 01:00:33--083426]14.jpg,MRKU9670500 22G1
[2015-02-10 01:00:33--121339]recv conta req 22.jpg! 
[2015-02-10 01:00:33--777364]22.jpg,TCLU2873584 22G1
[2015-02-10 01:00:37--124505]recv conta req 26.jpg! 
[2015-02-10 01:00:37--893616]26.jpg,CRSU9147318 45G1
[2015-02-10 01:00:41--126894]recv conta req 30.jpg! 
[2015-02-10 01:00:41--745952]30.jpg,CMAU4559732 45G1
[2015-02-10 01:00:45--129510]recv conta req 34.jpg! 
[2015-02-10 01:00:45--878472]34.jpg,CMAU4555275 45G1
[2015-02-10 01:00:49--131255]recv conta req 3.jpg! 
[2015-02-10 01:00:52--940050]3.jpg,EITU1067234 45G1
[2015-02-10 01:00:53--136358]recv conta req 7.jpg! 
[2015-02-10 01:00:57--140105]recv conta req 11.jpg! 
[2015-02-10 01:01:01--140769]recv conta req 15.jpg! 
[2015-02-10 01:01:05--142623]recv conta req 19.jpg! 
[2015-02-10 01:01:05--536522]11.jpg,MSKU0004911 45G1
[2015-02-10 01:01:06--688307]7.jpg, 
[2015-02-10 01:01:06--800778]19.jpg,MSKU1685954 45G1
[2015-02-10 01:01:07--204039]15.jpg,MAXU2423284 
[2015-02-10 01:01:09--145149]recv conta req 23.jpg! 
[2015-02-10 01:01:09--788320]23.jpg,APHU6639762 45G1
[2015-02-10 01:01:13--147446]recv conta req 27.jpg! 
[2015-02-10 01:01:13--955022]27.jpg,MRKU0995640 42G1
[2015-02-10 01:01:17--150508]recv conta req 31.jpg! 
[2015-02-10 01:01:17--864731]31.jpg,WSDU4921322 45G1
[2015-02-10 01:01:21--152811]recv conta req 35.jpg! 
[2015-02-10 01:01:21--924632]35.jpg,WSDU4920250 45G1
[2015-02-10 01:01:25--155362]recv conta req 4.jpg! 
[2015-02-10 01:01:26--619312]4.jpg,MSKU4011903 22G1
[2015-02-10 01:01:29--159096]recv conta req 8.jpg! 
[2015-02-10 01:01:33--166788]recv conta req 12.jpg! 
[2015-02-10 01:01:34--702767]8.jpg,CCLU6287245 45G1
[2015-02-10 01:01:37--161896]recv conta req 16.jpg! 
[2015-02-10 01:01:38--691048]16.jpg,TEMU3075040 22G1
[2015-02-10 01:01:41--165081]recv conta req 20.jpg! 
[2015-02-10 01:01:42--608320]20.jpg,FCIU4591874 22G1
[2015-02-10 01:01:44--219921]12.jpg,MEDU1861156 22G1
[2015-02-10 01:01:45--167633]recv conta req 24.jpg! 
[2015-02-10 01:01:45--887679]24.jpg,SEGU1904022 22G1
[2015-02-10 01:01:49--170112]recv conta req 28.jpg! 
[2015-02-10 01:01:50--006650]28.jpg,FCIU8609740 45G1
[2015-02-10 01:01:53--171766]recv conta req 32.jpg! 
[2015-02-10 01:01:53--857911]32.jpg,CITU1173790 45G1
[2015-02-10 01:01:57--175444]recv conta req 1.jpg! 
[2015-02-10 01:01:58--910853]1.jpg,MSKU9550132 45G1
[2015-02-10 01:02:01--176859]recv conta req 5.jpg! 
[2015-02-10 01:02:04--009182]5.jpg,IIIU7???46? 22G1
[2015-02-10 01:02:05--181796]recv conta req 9.jpg! 
[2015-02-10 01:02:09--185107]recv conta req 13.jpg! 
[2015-02-10 01:02:13--184668]recv conta req 17.jpg! 
[2015-02-10 01:02:14--879357]9.jpg,MRKU3324814 45G1
[2015-02-10 01:02:14--990987]17.jpg,SEGU1445915 22G1
[2015-02-10 01:02:17--189294]recv conta req 21.jpg! 
[2015-02-10 01:02:18--169236]13.jpg,FSCU7372776 22G1
[2015-02-10 01:02:18--172566]21.jpg,TRLU8984373 22G1
[2015-02-10 01:02:21--189373]recv conta req 25.jpg! 
[2015-02-10 01:02:21--855382]25.jpg, 
[2015-02-10 01:02:25--191879]recv conta req 29.jpg! 
[2015-02-10 01:02:25--892278]29.jpg,SEGU9039975 45R1
[2015-02-10 01:02:29--194740]recv conta req 33.jpg! 
[2015-02-10 01:02:30--069477]33.jpg,PHLU2031555 22G1
[2015-02-10 01:02:33--196627]recv conta req 2.jpg! 
[2015-02-10 01:02:37--136105]2.jpg,GESU5520648 45G1
[2015-02-10 01:02:37--199146]recv conta req 6.jpg! 
[2015-02-10 01:02:39--623317]6.jpg,MRKU8566960 22G1
[2015-02-10 01:02:41--203640]recv conta req 10.jpg! 
[2015-02-10 01:02:45--207993]recv conta req 14.jpg! 
[2015-02-10 01:02:49--207532]recv conta req 18.jpg! 
[2015-02-10 01:02:51--044825]18.jpg,CRXU1866805 22G1
[2015-02-10 01:02:52--081259]10.jpg,CSLU1475718 22G1
[2015-02-10 01:02:52--949161]14.jpg,MRKU9670500 22G1
[2015-02-10 01:02:53--208439]recv conta req 22.jpg! 
[2015-02-10 01:02:53--861134]22.jpg,TCLU2873584 22G1
[2015-02-10 01:02:57--211750]recv conta req 26.jpg! 
[2015-02-10 01:02:57--962232]26.jpg,CRSU9147318 45G1
[2015-02-10 01:03:01--214257]recv conta req 30.jpg! 
[2015-02-10 01:03:01--837603]30.jpg,CMAU4559732 45G1
[2015-02-10 01:03:05--216706]recv conta req 34.jpg! 
[2015-02-10 01:03:05--964731]34.jpg,CMAU4555275 45G1
[2015-02-10 01:03:09--218606]recv conta req 3.jpg! 
[2015-02-10 01:03:13--062181]3.jpg,EITU1067234 45G1
[2015-02-10 01:03:13--221788]recv conta req 7.jpg! 
[2015-02-10 01:03:17--251144]recv conta req 11.jpg! 
[2015-02-10 01:03:21--252844]recv conta req 15.jpg! 
[2015-02-10 01:03:25--093814]7.jpg, 
[2015-02-10 01:03:25--254032]recv conta req 19.jpg! 
[2015-02-10 01:03:26--937505]19.jpg,MSKU1685954 45G1
[2015-02-10 01:03:27--510864]15.jpg,MAXU2423284 
[2015-02-10 01:03:27--522006]11.jpg,MSKU0004911 45G1
[2015-02-10 01:03:29--255980]recv conta req 23.jpg! 
[2015-02-10 01:03:29--936360]23.jpg,APHU6639762 45G1
[2015-02-10 01:03:33--258744]recv conta req 27.jpg! 
[2015-02-10 01:03:34--103316]27.jpg,MRKU0995640 42G1
[2015-02-10 01:03:37--261168]recv conta req 31.jpg! 
[2015-02-10 01:03:37--962639]31.jpg,WSDU4921322 45G1
[2015-02-10 01:03:41--263744]recv conta req 35.jpg! 
[2015-02-10 01:03:42--052116]35.jpg,WSDU4920250 45G1
[2015-02-10 01:03:45--266289]recv conta req 4.jpg! 
[2015-02-10 01:03:46--993134]4.jpg,MSKU4011903 22G1
[2015-02-10 01:03:49--270702]recv conta req 8.jpg! 
[2015-02-10 01:03:53--275014]recv conta req 12.jpg! 
[2015-02-10 01:03:55--091991]8.jpg,CCLU6287245 45G1
[2015-02-10 01:03:57--272670]recv conta req 16.jpg! 
[2015-02-10 01:03:58--782373]16.jpg,TEMU3075040 22G1
[2015-02-10 01:04:01--276089]recv conta req 20.jpg! 
[2015-02-10 01:04:02--583502]20.jpg,FCIU4591874 22G1
[2015-02-10 01:04:03--492933]12.jpg,MEDU1861156 22G1
[2015-02-10 01:04:05--278527]recv conta req 24.jpg! 
[2015-02-10 01:04:05--960127]24.jpg,SEGU1904022 22G1
[2015-02-10 01:04:09--280974]recv conta req 28.jpg! 
[2015-02-10 01:04:10--129470]28.jpg,FCIU8609740 45G1
[2015-02-10 01:04:13--282556]recv conta req 32.jpg! 
[2015-02-10 01:04:13--962333]32.jpg,CITU1173790 45G1
[2015-02-10 01:04:17--287057]recv conta req 1.jpg! 
[2015-02-10 01:04:19--083666]1.jpg,MSKU9550132 45G1
[2015-02-10 01:04:21--287650]recv conta req 5.jpg! 
[2015-02-10 01:04:24--206287]5.jpg,IIIU7???46? 22G1
[2015-02-10 01:04:25--292761]recv conta req 9.jpg! 
[2015-02-10 01:04:29--294792]recv conta req 13.jpg! 
[2015-02-10 01:04:33--295800]recv conta req 17.jpg! 
[2015-02-10 01:04:34--947972]9.jpg,MRKU3324814 45G1
[2015-02-10 01:04:35--770335]17.jpg,SEGU1445915 22G1
[2015-02-10 01:04:37--298823]recv conta req 21.jpg! 
[2015-02-10 01:04:38--168876]13.jpg,FSCU7372776 22G1
[2015-02-10 01:04:38--199815]21.jpg,TRLU8984373 22G1
[2015-02-10 01:04:41--300122]recv conta req 25.jpg! 
[2015-02-10 01:04:41--962229]25.jpg, 
[2015-02-10 01:04:45--302250]recv conta req 29.jpg! 
[2015-02-10 01:04:45--964264]29.jpg,SEGU9039975 45R1
[2015-02-10 01:04:49--305504]recv conta req 33.jpg! 
[2015-02-10 01:04:50--220505]33.jpg,PHLU2031555 22G1
[2015-02-10 01:04:53--308467]recv conta req 2.jpg! 
[2015-02-10 01:04:57--235176]2.jpg,GESU5520648 45G1
[2015-02-10 01:04:57--310084]recv conta req 6.jpg! 
[2015-02-10 01:04:59--684134]6.jpg,MRKU8566960 22G1
[2015-02-10 01:05:01--315052]recv conta req 10.jpg! 
[2015-02-10 01:05:05--315771]recv conta req 14.jpg! 
[2015-02-10 01:05:09--318051]recv conta req 18.jpg! 
[2015-02-10 01:05:11--211404]18.jpg,CRXU1866805 22G1
[2015-02-10 01:05:11--478187]10.jpg,CSLU1475718 22G1
[2015-02-10 01:05:13--319688]recv conta req 22.jpg! 
[2015-02-10 01:05:13--443570]14.jpg,MRKU9670500 22G1
[2015-02-10 01:05:14--025119]22.jpg,TCLU2873584 22G1
[2015-02-10 01:05:17--323103]recv conta req 26.jpg! 
[2015-02-10 01:05:18--101120]26.jpg,CRSU9147318 45G1
[2015-02-10 01:05:21--325739]recv conta req 30.jpg! 
[2015-02-10 01:05:21--970778]30.jpg,CMAU4559732 45G1
[2015-02-10 01:05:25--328121]recv conta req 34.jpg! 
[2015-02-10 01:05:26--097248]34.jpg,CMAU4555275 45G1
[2015-02-10 01:05:29--330180]recv conta req 3.jpg! 
[2015-02-10 01:05:33--322877]3.jpg,EITU1067234 45G1
[2015-02-10 01:05:33--334331]recv conta req 7.jpg! 
[2015-02-10 01:05:37--341877]recv conta req 11.jpg! 
[2015-02-10 01:05:41--338409]recv conta req 15.jpg! 
[2015-02-10 01:05:44--913484]11.jpg,MSKU0004911 45G1
[2015-02-10 01:05:45--339896]recv conta req 19.jpg! 
[2015-02-10 01:05:46--076724]15.jpg,MAXU2423284 
[2015-02-10 01:05:46--972314]19.jpg,MSKU1685954 45G1
[2015-02-10 01:05:47--097447]7.jpg, 
[2015-02-10 01:05:49--342627]recv conta req 23.jpg! 
[2015-02-10 01:05:49--994944]23.jpg,APHU6639762 45G1
[2015-02-10 01:05:53--345376]recv conta req 27.jpg! 
[2015-02-10 01:05:54--179712]27.jpg,MRKU0995640 42G1
[2015-02-10 01:05:57--349694]recv conta req 31.jpg! 
[2015-02-10 01:05:58--080129]31.jpg,WSDU4921322 45G1
[2015-02-10 01:06:01--354031]recv conta req 35.jpg! 
[2015-02-10 01:06:02--158074]35.jpg,WSDU4920250 45G1
[2015-02-10 01:06:05--358620]recv conta req 4.jpg! 
[2015-02-10 01:06:06--824580]4.jpg,MSKU4011903 22G1
[2015-02-10 01:06:09--365232]recv conta req 8.jpg! 
[2015-02-10 01:06:13--368483]recv conta req 12.jpg! 
[2015-02-10 01:06:15--243548]8.jpg,CCLU6287245 45G1
[2015-02-10 01:06:17--369724]recv conta req 16.jpg! 
[2015-02-10 01:06:19--267326]16.jpg,TEMU3075040 22G1
[2015-02-10 01:06:21--375380]recv conta req 20.jpg! 
[2015-02-10 01:06:22--729710]20.jpg,FCIU4591874 22G1
[2015-02-10 01:06:23--855604]12.jpg,MEDU1861156 22G1
[2015-02-10 01:06:25--379286]recv conta req 24.jpg! 
[2015-02-10 01:06:26--082095]24.jpg,SEGU1904022 22G1
[2015-02-10 01:06:29--383198]recv conta req 28.jpg! 
[2015-02-10 01:06:30--237216]28.jpg,FCIU8609740 45G1
[2015-02-10 01:06:33--386305]recv conta req 32.jpg! 
[2015-02-10 01:06:34--071537]32.jpg,CITU1173790 45G1
[2015-02-10 01:06:37--393115]recv conta req 1.jpg! 
[2015-02-10 01:06:39--128641]1.jpg,MSKU9550132 45G1
[2015-02-10 01:06:41--395208]recv conta req 5.jpg! 
[2015-02-10 01:06:44--302280]5.jpg,IIIU7???46? 22G1
[2015-02-10 01:06:45--401671]recv conta req 9.jpg! 
[2015-02-10 01:06:49--404133]recv conta req 13.jpg! 
[2015-02-10 01:06:53--409156]recv conta req 17.jpg! 
[2015-02-10 01:06:54--441237]9.jpg,MRKU3324814 45G1
[2015-02-10 01:06:55--532570]17.jpg,SEGU1445915 22G1
[2015-02-10 01:06:57--412602]recv conta req 21.jpg! 
[2015-02-10 01:06:57--784689]13.jpg,FSCU7372776 22G1
[2015-02-10 01:06:58--547961]21.jpg,TRLU8984373 22G1
[2015-02-10 01:07:01--415291]recv conta req 25.jpg! 
[2015-02-10 01:07:02--084828]25.jpg, 
[2015-02-10 01:07:05--418045]recv conta req 29.jpg! 
[2015-02-10 01:07:06--042959]29.jpg,SEGU9039975 45R1
[2015-02-10 01:07:09--422161]recv conta req 33.jpg! 
[2015-02-10 01:07:10--316924]33.jpg,PHLU2031555 22G1
[2015-02-10 01:07:13--427421]recv conta req 2.jpg! 
[2015-02-10 01:07:17--279999]2.jpg,GESU5520648 45G1
[2015-02-10 01:07:17--429704]recv conta req 6.jpg! 
[2015-02-10 01:07:19--887440]6.jpg,MRKU8566960 22G1
[2015-02-10 01:07:21--436474]recv conta req 10.jpg! 
[2015-02-10 01:07:25--438723]recv conta req 14.jpg! 
[2015-02-10 01:07:29--442540]recv conta req 18.jpg! 
[2015-02-10 01:07:29--629634]10.jpg,CSLU1475718 22G1
[2015-02-10 01:07:31--073705]18.jpg,CRXU1866805 22G1
[2015-02-10 01:07:32--822583]14.jpg,MRKU9670500 22G1
[2015-02-10 01:07:33--446872]recv conta req 22.jpg! 
[2015-02-10 01:07:34--085617]22.jpg,TCLU2873584 22G1
[2015-02-10 01:07:37--450234]recv conta req 26.jpg! 
[2015-02-10 01:07:38--189177]26.jpg,CRSU9147318 45G1
[2015-02-10 01:07:41--456777]recv conta req 30.jpg! 
[2015-02-10 01:07:42--203334]30.jpg,CMAU4559732 45G1
[2015-02-10 01:07:45--459401]recv conta req 34.jpg! 
[2015-02-10 01:07:46--197797]34.jpg,CMAU4555275 45G1
[2015-02-10 01:07:49--463487]recv conta req 3.jpg! 
[2015-02-10 01:07:53--363188]3.jpg,EITU1067234 45G1
[2015-02-10 01:07:53--471007]recv conta req 7.jpg! 
[2015-02-10 01:07:57--475791]recv conta req 11.jpg! 
[2015-02-10 01:08:01--479751]recv conta req 15.jpg! 
[2015-02-10 01:08:05--481064]recv conta req 19.jpg! 
[2015-02-10 01:08:06--783275]7.jpg, 
[2015-02-10 01:08:07--016015]19.jpg,MSKU1685954 45G1
[2015-02-10 01:08:07--106024]11.jpg,MSKU0004911 45G1
[2015-02-10 01:08:07--332989]15.jpg,MAXU2423284 
[2015-02-10 01:08:09--484335]recv conta req 23.jpg! 
[2015-02-10 01:08:10--146212]23.jpg,APHU6639762 45G1
[2015-02-10 01:08:13--487028]recv conta req 27.jpg! 
[2015-02-10 01:08:14--309736]27.jpg,MRKU0995640 42G1
[2015-02-10 01:08:17--490934]recv conta req 31.jpg! 
[2015-02-10 01:08:18--215259]31.jpg,WSDU4921322 45G1
[2015-02-10 01:08:21--494123]recv conta req 35.jpg! 
[2015-02-10 01:08:22--285485]35.jpg,WSDU4920250 45G1
[2015-02-10 01:08:25--497740]recv conta req 4.jpg! 
[2015-02-10 01:08:26--991511]4.jpg,MSKU4011903 22G1
[2015-02-10 01:08:29--507050]recv conta req 8.jpg! 
[2015-02-10 01:08:33--507129]recv conta req 12.jpg! 
[2015-02-10 01:08:36--017241]8.jpg,CCLU6287245 45G1
[2015-02-10 01:08:37--508221]recv conta req 16.jpg! 
[2015-02-10 01:08:39--486708]16.jpg,TEMU3075040 22G1
[2015-02-10 01:08:41--510430]recv conta req 20.jpg! 
[2015-02-10 01:08:42--735683]20.jpg,FCIU4591874 22G1
[2015-02-10 01:08:44--438480]12.jpg,MEDU1861156 22G1
[2015-02-10 01:08:45--515510]recv conta req 24.jpg! 
[2015-02-10 01:08:46--173889]24.jpg,SEGU1904022 22G1
[2015-02-10 01:08:49--519345]recv conta req 28.jpg! 
[2015-02-10 01:08:50--357380]28.jpg,FCIU8609740 45G1
[2015-02-10 01:08:53--522758]recv conta req 32.jpg! 
[2015-02-10 01:08:54--190324]32.jpg,CITU1173790 45G1
[2015-02-10 01:08:57--528846]recv conta req 1.jpg! 
[2015-02-10 01:08:59--232440]1.jpg,MSKU9550132 45G1
[2015-02-10 01:09:01--533624]recv conta req 5.jpg! 
[2015-02-10 01:09:04--381602]5.jpg,IIIU7???46? 22G1
[2015-02-10 01:09:05--540264]recv conta req 9.jpg! 
[2015-02-10 01:09:09--547409]recv conta req 13.jpg! 
[2015-02-10 01:09:13--344725]9.jpg,MRKU3324814 45G1
[2015-02-10 01:09:13--548156]recv conta req 17.jpg! 
[2015-02-10 01:09:15--253922]17.jpg,SEGU1445915 22G1
[2015-02-10 01:09:17--551666]recv conta req 21.jpg! 
[2015-02-10 01:09:18--221133]13.jpg,FSCU7372776 22G1
[2015-02-10 01:09:18--353219]21.jpg,TRLU8984373 22G1
[2015-02-10 01:09:21--555013]recv conta req 25.jpg! 
[2015-02-10 01:09:22--189660]25.jpg, 
[2015-02-10 01:09:25--559301]recv conta req 29.jpg! 
[2015-02-10 01:09:26--183083]29.jpg,SEGU9039975 45R1
[2015-02-10 01:09:29--563924]recv conta req 33.jpg! 
[2015-02-10 01:09:30--472797]33.jpg,PHLU2031555 22G1
[2015-02-10 01:09:33--567743]recv conta req 2.jpg! 
[2015-02-10 01:09:37--353889]2.jpg,GESU5520648 45G1
[2015-02-10 01:09:37--571519]recv conta req 6.jpg! 
[2015-02-10 01:09:40--013629]6.jpg,MRKU8566960 22G1
[2015-02-10 01:09:41--576867]recv conta req 10.jpg! 
[2015-02-10 01:09:45--581176]recv conta req 14.jpg! 
[2015-02-10 01:09:49--583133]recv conta req 18.jpg! 
[2015-02-10 01:09:51--472056]18.jpg,CRXU1866805 22G1
[2015-02-10 01:09:52--320397]10.jpg,CSLU1475718 22G1
[2015-02-10 01:09:53--043453]14.jpg,MRKU9670500 22G1
[2015-02-10 01:09:53--585587]recv conta req 22.jpg! 
[2015-02-10 01:09:54--229747]22.jpg,TCLU2873584 22G1
[2015-02-10 01:09:57--590369]recv conta req 26.jpg! 
[2015-02-10 01:09:58--302890]26.jpg,CRSU9147318 45G1
[2015-02-10 01:10:01--593657]recv conta req 30.jpg! 
[2015-02-10 01:10:02--214135]30.jpg,CMAU4559732 45G1
[2015-02-10 01:10:05--598003]recv conta req 34.jpg! 
[2015-02-10 01:10:06--324501]34.jpg,CMAU4555275 45G1
[2015-02-10 01:10:09--600082]recv conta req 3.jpg! 
[2015-02-10 01:10:13--314296]3.jpg,EITU1067234 45G1
[2015-02-10 01:10:13--605958]recv conta req 7.jpg! 
[2015-02-10 01:10:17--612079]recv conta req 11.jpg! 
[2015-02-10 01:10:21--614043]recv conta req 15.jpg! 
[2015-02-10 01:10:25--615803]recv conta req 19.jpg! 
[2015-02-10 01:10:27--099807]7.jpg, 
[2015-02-10 01:10:27--142707]19.jpg,MSKU1685954 45G1
[2015-02-10 01:10:27--205460]15.jpg,MAXU2423284 
[2015-02-10 01:10:27--300785]11.jpg,MSKU0004911 45G1
[2015-02-10 01:10:29--619875]recv conta req 23.jpg! 
[2015-02-10 01:10:30--229778]23.jpg,APHU6639762 45G1
[2015-02-10 01:10:33--622899]recv conta req 27.jpg! 
[2015-02-10 01:10:34--451933]27.jpg,MRKU0995640 42G1
[2015-02-10 01:10:37--628017]recv conta req 31.jpg! 
[2015-02-10 01:10:38--294748]31.jpg,WSDU4921322 45G1
[2015-02-10 01:10:41--632169]recv conta req 35.jpg! 
[2015-02-10 01:10:42--392543]35.jpg,WSDU4920250 45G1
[2015-02-10 01:10:45--636070]recv conta req 4.jpg! 
[2015-02-10 01:10:47--199540]4.jpg,MSKU4011903 22G1
[2015-02-10 01:10:49--644025]recv conta req 8.jpg! 
[2015-02-10 01:10:53--646989]recv conta req 12.jpg! 
[2015-02-10 01:10:55--682453]8.jpg,CCLU6287245 45G1
[2015-02-10 01:10:57--646481]recv conta req 16.jpg! 
[2015-02-10 01:10:59--123862]16.jpg,TEMU3075040 22G1
[2015-02-10 01:11:01--650073]recv conta req 20.jpg! 
[2015-02-10 01:11:02--959687]20.jpg,FCIU4591874 22G1
[2015-02-10 01:11:04--748987]12.jpg,MEDU1861156 22G1
[2015-02-10 01:11:05--654576]recv conta req 24.jpg! 
[2015-02-10 01:11:06--305747]24.jpg,SEGU1904022 22G1
[2015-02-10 01:11:09--658726]recv conta req 28.jpg! 
[2015-02-10 01:11:10--469609]28.jpg,FCIU8609740 45G1
[2015-02-10 01:11:13--661416]recv conta req 32.jpg! 
[2015-02-10 01:11:14--325571]32.jpg,CITU1173790 45G1
[2015-02-10 01:11:17--667972]recv conta req 1.jpg! 
[2015-02-10 01:11:19--337503]1.jpg,MSKU9550132 45G1
[2015-02-10 01:11:21--669106]recv conta req 5.jpg! 
[2015-02-10 01:11:24--456125]5.jpg,IIIU7???46? 22G1
[2015-02-10 01:11:25--675454]recv conta req 9.jpg! 
[2015-02-10 01:11:29--683600]recv conta req 13.jpg! 
[2015-02-10 01:11:33--092074]9.jpg,MRKU3324814 45G1
[2015-02-10 01:11:33--681287]recv conta req 17.jpg! 
[2015-02-10 01:11:36--075712]17.jpg,SEGU1445915 22G1
[2015-02-10 01:11:37--684626]recv conta req 21.jpg! 
[2015-02-10 01:11:38--091165]13.jpg,FSCU7372776 22G1
[2015-02-10 01:11:38--568321]21.jpg,TRLU8984373 22G1
[2015-02-10 01:11:41--688155]recv conta req 25.jpg! 
[2015-02-10 01:11:42--295104]25.jpg, 
[2015-02-10 01:11:45--691362]recv conta req 29.jpg! 
[2015-02-10 01:11:46--310978]29.jpg,SEGU9039975 45R1
[2015-02-10 01:11:49--697792]recv conta req 33.jpg! 
[2015-02-10 01:11:50--591394]33.jpg,PHLU2031555 22G1
[2015-02-10 01:11:53--704669]recv conta req 2.jpg! 
[2015-02-10 01:11:57--485421]2.jpg,GESU5520648 45G1
[2015-02-10 01:11:57--706414]recv conta req 6.jpg! 
[2015-02-10 01:12:00--046961]6.jpg,MRKU8566960 22G1
[2015-02-10 01:12:01--715566]recv conta req 10.jpg! 
[2015-02-10 01:12:05--715843]recv conta req 14.jpg! 
[2015-02-10 01:12:09--718703]recv conta req 18.jpg! 
[2015-02-10 01:12:12--102871]18.jpg,CRXU1866805 22G1
[2015-02-10 01:12:13--406122]10.jpg,CSLU1475718 22G1
[2015-02-10 01:12:13--720966]recv conta req 22.jpg! 
[2015-02-10 01:12:14--195012]14.jpg,MRKU9670500 22G1
[2015-02-10 01:12:14--407356]22.jpg,TCLU2873584 22G1
[2015-02-10 01:12:17--728959]recv conta req 26.jpg! 
[2015-02-10 01:12:18--432915]26.jpg,CRSU9147318 45G1
[2015-02-10 01:12:21--731032]recv conta req 30.jpg! 
[2015-02-10 01:12:22--325643]30.jpg,CMAU4559732 45G1
[2015-02-10 01:12:25--735483]recv conta req 34.jpg! 
[2015-02-10 01:12:26--456915]34.jpg,CMAU4555275 45G1
[2015-02-10 01:12:29--741047]recv conta req 3.jpg! 
[2015-02-10 01:12:33--482620]3.jpg,EITU1067234 45G1
[2015-02-10 01:12:33--747280]recv conta req 7.jpg! 
[2015-02-10 01:12:37--750712]recv conta req 11.jpg! 
[2015-02-10 01:12:41--755064]recv conta req 15.jpg! 
[2015-02-10 01:12:44--678987]7.jpg, 
[2015-02-10 01:12:45--756386]recv conta req 19.jpg! 
[2015-02-10 01:12:47--002320]15.jpg,MAXU2423284 
[2015-02-10 01:12:47--185860]19.jpg,MSKU1685954 45G1
[2015-02-10 01:12:47--689590]11.jpg,MSKU0004911 45G1
[2015-02-10 01:12:49--761920]recv conta req 23.jpg! 
[2015-02-10 01:12:50--371837]23.jpg,APHU6639762 45G1
[2015-02-10 01:12:53--765314]recv conta req 27.jpg! 
[2015-02-10 01:12:54--577958]27.jpg,MRKU0995640 42G1
[2015-02-10 01:12:57--770626]recv conta req 31.jpg! 
[2015-02-10 01:12:58--446572]31.jpg,WSDU4921322 45G1
[2015-02-10 01:13:01--774364]recv conta req 35.jpg! 
[2015-02-10 01:13:02--520265]35.jpg,WSDU4920250 45G1
[2015-02-10 01:13:05--779079]recv conta req 4.jpg! 
[2015-02-10 01:13:07--251378]4.jpg,MSKU4011903 22G1
[2015-02-10 01:13:09--786690]recv conta req 8.jpg! 
[2015-02-10 01:13:13--791239]recv conta req 12.jpg! 
[2015-02-10 01:13:16--182673]8.jpg,CCLU6287245 45G1
[2015-02-10 01:13:17--790626]recv conta req 16.jpg! 
[2015-02-10 01:13:19--353136]16.jpg,TEMU3075040 22G1
[2015-02-10 01:13:21--796265]recv conta req 20.jpg! 
[2015-02-10 01:13:23--265633]20.jpg,FCIU4591874 22G1
[2015-02-10 01:13:24--060070]12.jpg,MEDU1861156 22G1
[2015-02-10 01:13:25--799940]recv conta req 24.jpg! 
[2015-02-10 01:13:26--429862]24.jpg,SEGU1904022 22G1
[2015-02-10 01:13:29--803197]recv conta req 28.jpg! 
[2015-02-10 01:13:30--622255]28.jpg,FCIU8609740 45G1
[2015-02-10 01:13:33--806064]recv conta req 32.jpg! 
[2015-02-10 01:13:34--450748]32.jpg,CITU1173790 45G1
[2015-02-10 01:13:37--811318]recv conta req 1.jpg! 
[2015-02-10 01:13:39--467518]1.jpg,MSKU9550132 45G1
[2015-02-10 01:13:41--812458]recv conta req 5.jpg! 
[2015-02-10 01:13:44--725316]5.jpg,IIIU7???46? 22G1
[2015-02-10 01:13:45--819814]recv conta req 9.jpg! 
[2015-02-10 01:13:49--821478]recv conta req 13.jpg! 
[2015-02-10 01:13:53--824650]recv conta req 17.jpg! 
[2015-02-10 01:13:54--083528]9.jpg,MRKU3324814 45G1
[2015-02-10 01:13:56--076075]17.jpg,SEGU1445915 22G1
[2015-02-10 01:13:57--373516]13.jpg,FSCU7372776 22G1
[2015-02-10 01:13:57--827539]recv conta req 21.jpg! 
[2015-02-10 01:13:58--699978]21.jpg,TRLU8984373 22G1
[2015-02-10 01:14:01--832202]recv conta req 25.jpg! 
[2015-02-10 01:14:02--425884]25.jpg, 
[2015-02-10 01:14:05--833987]recv conta req 29.jpg! 
[2015-02-10 01:14:06--413639]29.jpg,SEGU9039975 45R1
[2015-02-10 01:14:09--837791]recv conta req 33.jpg! 
[2015-02-10 01:14:10--702821]33.jpg,PHLU2031555 22G1
[2015-02-10 01:14:13--840910]recv conta req 2.jpg! 
[2015-02-10 01:14:17--796507]2.jpg,GESU5520648 45G1
[2015-02-10 01:14:17--844440]recv conta req 6.jpg! 
[2015-02-10 01:14:20--178919]6.jpg,MRKU8566960 22G1
[2015-02-10 01:14:21--850236]recv conta req 10.jpg! 
[2015-02-10 01:14:25--853119]recv conta req 14.jpg! 
[2015-02-10 01:14:29--857344]recv conta req 18.jpg! 
[2015-02-10 01:14:31--667217]18.jpg,CRXU1866805 22G1
[2015-02-10 01:14:33--161161]10.jpg,CSLU1475718 22G1
[2015-02-10 01:14:33--857320]recv conta req 22.jpg! 
[2015-02-10 01:14:34--122391]14.jpg,MRKU9670500 22G1
[2015-02-10 01:14:34--486372]22.jpg,TCLU2873584 22G1
[2015-02-10 01:14:37--859279]recv conta req 26.jpg! 
[2015-02-10 01:14:38--564004]26.jpg,CRSU9147318 45G1
[2015-02-10 01:14:41--863040]recv conta req 30.jpg! 
[2015-02-10 01:14:42--452969]30.jpg,CMAU4559732 45G1
[2015-02-10 01:14:45--867602]recv conta req 34.jpg! 
[2015-02-10 01:14:46--594871]34.jpg,CMAU4555275 45G1
[2015-02-10 01:14:49--870595]recv conta req 3.jpg! 
[2015-02-10 01:14:53--613874]3.jpg,EITU1067234 45G1
[2015-02-10 01:14:53--877145]recv conta req 7.jpg! 
[2015-02-10 01:14:57--883501]recv conta req 11.jpg! 
[2015-02-10 01:15:01--884525]recv conta req 15.jpg! 
[2015-02-10 01:15:04--718607]11.jpg,MSKU0004911 45G1
[2015-02-10 01:15:05--884438]recv conta req 19.jpg! 
[2015-02-10 01:15:06--301260]7.jpg, 
[2015-02-10 01:15:06--743705]15.jpg,MAXU2423284 
[2015-02-10 01:15:07--348346]19.jpg,MSKU1685954 45G1
[2015-02-10 01:15:09--887443]recv conta req 23.jpg! 
[2015-02-10 01:15:10--504614]23.jpg,APHU6639762 45G1
[2015-02-10 01:15:13--889650]recv conta req 27.jpg! 
[2015-02-10 01:15:14--682450]27.jpg,MRKU0995640 42G1
[2015-02-10 01:15:17--893000]recv conta req 31.jpg! 
[2015-02-10 01:15:18--575739]31.jpg,WSDU4921322 45G1
[2015-02-10 01:15:21--895101]recv conta req 35.jpg! 
[2015-02-10 01:15:22--652546]35.jpg,WSDU4920250 45G1
[2015-02-10 01:15:25--898059]recv conta req 4.jpg! 
[2015-02-10 01:15:27--293953]4.jpg,MSKU4011903 22G1
[2015-02-10 01:15:29--902464]recv conta req 8.jpg! 
[2015-02-10 01:15:33--907647]recv conta req 12.jpg! 
[2015-02-10 01:15:36--641539]8.jpg,CCLU6287245 45G1
[2015-02-10 01:15:37--908656]recv conta req 16.jpg! 
[2015-02-10 01:15:39--989813]16.jpg,TEMU3075040 22G1
[2015-02-10 01:15:41--911751]recv conta req 20.jpg! 
[2015-02-10 01:15:43--172325]20.jpg,FCIU4591874 22G1
[2015-02-10 01:15:44--570159]12.jpg,MEDU1861156 22G1
[2015-02-10 01:15:45--914423]recv conta req 24.jpg! 
[2015-02-10 01:15:46--545447]24.jpg,SEGU1904022 22G1
[2015-02-10 01:15:49--917561]recv conta req 28.jpg! 
[2015-02-10 01:15:50--680744]28.jpg,FCIU8609740 45G1
[2015-02-10 01:15:53--919177]recv conta req 32.jpg! 
[2015-02-10 01:15:54--585028]32.jpg,CITU1173790 45G1
[2015-02-10 01:15:57--923650]recv conta req 1.jpg! 
[2015-02-10 01:15:59--612083]1.jpg,MSKU9550132 45G1
[2015-02-10 01:16:01--925045]recv conta req 5.jpg! 
[2015-02-10 01:16:04--675750]5.jpg,IIIU7???46? 22G1
[2015-02-10 01:16:05--929528]recv conta req 9.jpg! 
[2015-02-10 01:16:09--932059]recv conta req 13.jpg! 
[2015-02-10 01:16:13--933338]recv conta req 17.jpg! 
[2015-02-10 01:16:15--154279]9.jpg,MRKU3324814 45G1
[2015-02-10 01:16:16--208487]17.jpg,SEGU1445915 22G1
[2015-02-10 01:16:17--937131]recv conta req 21.jpg! 
[2015-02-10 01:16:18--672094]21.jpg,TRLU8984373 22G1
[2015-02-10 01:16:18--918440]13.jpg,FSCU7372776 22G1
[2015-02-10 01:16:21--939474]recv conta req 25.jpg! 
[2015-02-10 01:16:22--593644]25.jpg, 
[2015-02-10 01:16:25--941311]recv conta req 29.jpg! 
[2015-02-10 01:16:26--539162]29.jpg,SEGU9039975 45R1
[2015-02-10 01:16:29--944617]recv conta req 33.jpg! 
[2015-02-10 01:16:30--731092]33.jpg,PHLU2031555 22G1
[2015-02-10 01:16:33--946647]recv conta req 2.jpg! 
[2015-02-10 01:16:37--857582]2.jpg,GESU5520648 45G1
[2015-02-10 01:16:37--949694]recv conta req 6.jpg! 
[2015-02-10 01:16:40--237496]6.jpg,MRKU8566960 22G1
[2015-02-10 01:16:41--954315]recv conta req 10.jpg! 
[2015-02-10 01:16:45--958328]recv conta req 14.jpg! 
[2015-02-10 01:16:49--961185]recv conta req 18.jpg! 
[2015-02-10 01:16:51--948752]18.jpg,CRXU1866805 22G1
[2015-02-10 01:16:53--326649]10.jpg,CSLU1475718 22G1
[2015-02-10 01:16:53--937129]14.jpg,MRKU9670500 22G1
[2015-02-10 01:16:53--961762]recv conta req 22.jpg! 
[2015-02-10 01:16:54--590205]22.jpg,TCLU2873584 22G1
[2015-02-10 01:16:57--964030]recv conta req 26.jpg! 
[2015-02-10 01:16:58--662859]26.jpg,CRSU9147318 45G1
[2015-02-10 01:17:01--967180]recv conta req 30.jpg! 
[2015-02-10 01:17:02--556108]30.jpg,CMAU4559732 45G1
[2015-02-10 01:17:05--968907]recv conta req 34.jpg! 
[2015-02-10 01:17:06--689919]34.jpg,CMAU4555275 45G1
[2015-02-10 01:17:09--972965]recv conta req 3.jpg! 
[2015-02-10 01:17:13--722636]3.jpg,EITU1067234 45G1
[2015-02-10 01:17:13--976444]recv conta req 7.jpg! 
[2015-02-10 01:17:17--978931]recv conta req 11.jpg! 
[2015-02-10 01:17:21--980838]recv conta req 15.jpg! 
[2015-02-10 01:17:25--981292]recv conta req 19.jpg! 
[2015-02-10 01:17:26--684189]7.jpg, 
[2015-02-10 01:17:27--461599]11.jpg,MSKU0004911 45G1
[2015-02-10 01:17:27--699211]19.jpg,MSKU1685954 45G1
[2015-02-10 01:17:28--033233]15.jpg,MAXU2423284 
[2015-02-10 01:17:29--983739]recv conta req 23.jpg! 
[2015-02-10 01:17:30--619868]23.jpg,APHU6639762 45G1
[2015-02-10 01:17:33--986082]recv conta req 27.jpg! 
[2015-02-10 01:17:34--807693]27.jpg,MRKU0995640 42G1
[2015-02-10 01:17:37--989380]recv conta req 31.jpg! 
[2015-02-10 01:17:38--662415]31.jpg,WSDU4921322 45G1
[2015-02-10 01:17:41--991620]recv conta req 35.jpg! 
[2015-02-10 01:17:42--749461]35.jpg,WSDU4920250 45G1
[2015-02-10 01:17:45--994131]recv conta req 4.jpg! 
[2015-02-10 01:17:47--546827]4.jpg,MSKU4011903 22G1
[2015-02-10 01:17:49--998709]recv conta req 8.jpg! 
[2015-02-10 01:17:54--005277]recv conta req 12.jpg! 
[2015-02-10 01:17:56--572875]8.jpg,CCLU6287245 45G1
[2015-02-10 01:17:58--002102]recv conta req 16.jpg! 
[2015-02-10 01:18:00--387356]16.jpg,TEMU3075040 22G1
[2015-02-10 01:18:02--005465]recv conta req 20.jpg! 
[2015-02-10 01:18:03--900820]20.jpg,FCIU4591874 22G1
[2015-02-10 01:18:04--967079]12.jpg,MEDU1861156 22G1
[2015-02-10 01:18:06--007997]recv conta req 24.jpg! 
[2015-02-10 01:18:06--640116]24.jpg,SEGU1904022 22G1
[2015-02-10 01:18:10--010367]recv conta req 28.jpg! 
[2015-02-10 01:18:10--841420]28.jpg,FCIU8609740 45G1
[2015-02-10 01:18:14--012102]recv conta req 32.jpg! 
[2015-02-10 01:18:14--673553]32.jpg,CITU1173790 45G1
[2015-02-10 01:18:18--015649]recv conta req 1.jpg! 
[2015-02-10 01:18:19--716862]1.jpg,MSKU9550132 45G1
[2015-02-10 01:18:22--017378]recv conta req 5.jpg! 
[2015-02-10 01:18:24--874526]5.jpg,IIIU7???46? 22G1
[2015-02-10 01:18:26--021996]recv conta req 9.jpg! 
[2015-02-10 01:18:30--023432]recv conta req 13.jpg! 
[2015-02-10 01:18:33--836743]9.jpg,MRKU3324814 45G1
[2015-02-10 01:18:34--025204]recv conta req 17.jpg! 
[2015-02-10 01:18:36--351856]17.jpg,SEGU1445915 22G1
[2015-02-10 01:18:37--963397]13.jpg,FSCU7372776 22G1
[2015-02-10 01:18:38--029403]recv conta req 21.jpg! 
[2015-02-10 01:18:38--841184]21.jpg,TRLU8984373 22G1
[2015-02-10 01:18:42--030157]recv conta req 25.jpg! 
[2015-02-10 01:18:42--715584]25.jpg, 
[2015-02-10 01:18:46--032294]recv conta req 29.jpg! 
[2015-02-10 01:18:46--723099]29.jpg,SEGU9039975 45R1
[2015-02-10 01:18:50--037719]recv conta req 33.jpg! 
[2015-02-10 01:18:51--118873]33.jpg,PHLU2031555 22G1
[2015-02-10 01:18:54--038687]recv conta req 2.jpg! 
[2015-02-10 01:18:57--982832]2.jpg,GESU5520648 45G1
[2015-02-10 01:18:58--040937]recv conta req 6.jpg! 
[2015-02-10 01:19:00--275156]6.jpg,MRKU8566960 22G1
[2015-02-10 01:19:02--044444]recv conta req 10.jpg! 
[2015-02-10 01:19:06--046054]recv conta req 14.jpg! 
[2015-02-10 01:19:10--047912]recv conta req 18.jpg! 
[2015-02-10 01:19:12--168687]18.jpg,CRXU1866805 22G1
[2015-02-10 01:19:12--195490]10.jpg,CSLU1475718 22G1
[2015-02-10 01:19:13--167138]14.jpg,MRKU9670500 22G1
[2015-02-10 01:19:14--050160]recv conta req 22.jpg! 
[2015-02-10 01:19:14--648225]22.jpg,TCLU2873584 22G1
[2015-02-10 01:19:18--055171]recv conta req 26.jpg! 
[2015-02-10 01:19:18--834779]26.jpg,CRSU9147318 45G1
[2015-02-10 01:19:22--059147]recv conta req 30.jpg! 
[2015-02-10 01:19:22--852592]30.jpg,CMAU4559732 45G1
[2015-02-10 01:19:26--059981]recv conta req 34.jpg! 
[2015-02-10 01:19:26--791244]34.jpg,CMAU4555275 45G1
[2015-02-10 01:19:30--062019]recv conta req 3.jpg! 
[2015-02-10 01:19:33--755531]3.jpg,EITU1067234 45G1
[2015-02-10 01:19:34--067048]recv conta req 7.jpg! 
[2015-02-10 01:19:38--069116]recv conta req 11.jpg! 
[2015-02-10 01:19:42--071181]recv conta req 15.jpg! 
[2015-02-10 01:19:46--071839]recv conta req 19.jpg! 
[2015-02-10 01:19:47--225127]15.jpg,MAXU2423284 
[2015-02-10 01:19:47--469566]19.jpg,MSKU1685954 45G1
[2015-02-10 01:19:47--525310]7.jpg, 
[2015-02-10 01:19:48--048586]11.jpg,MSKU0004911 45G1
[2015-02-10 01:19:50--074094]recv conta req 23.jpg! 
[2015-02-10 01:19:50--697738]23.jpg,APHU6639762 45G1
[2015-02-10 01:19:54--077372]recv conta req 27.jpg! 
[2015-02-10 01:19:55--162343]27.jpg,MRKU0995640 42G1
[2015-02-10 01:19:58--083644]recv conta req 31.jpg! 
[2015-02-10 01:19:59--026721]31.jpg,WSDU4921322 45G1
[2015-02-10 01:20:02--083533]recv conta req 35.jpg! 
[2015-02-10 01:20:02--835963]35.jpg,WSDU4920250 45G1
[2015-02-10 01:20:06--085658]recv conta req 4.jpg! 
[2015-02-10 01:20:07--518036]4.jpg,MSKU4011903 22G1
[2015-02-10 01:20:10--089304]recv conta req 8.jpg! 
[2015-02-10 01:20:14--091859]recv conta req 12.jpg! 
[2015-02-10 01:20:15--482837]8.jpg,CCLU6287245 45G1
[2015-02-10 01:20:18--092588]recv conta req 16.jpg! 
[2015-02-10 01:20:19--551186]16.jpg,TEMU3075040 22G1
[2015-02-10 01:20:22--095618]recv conta req 20.jpg! 
[2015-02-10 01:20:23--408306]20.jpg,FCIU4591874 22G1
[2015-02-10 01:20:24--260076]12.jpg,MEDU1861156 22G1
[2015-02-10 01:20:26--098322]recv conta req 24.jpg! 
[2015-02-10 01:20:26--742392]24.jpg,SEGU1904022 22G1
[2015-02-10 01:20:30--102266]recv conta req 28.jpg! 
[2015-02-10 01:20:30--975758]28.jpg,FCIU8609740 45G1
[2015-02-10 01:20:34--105775]recv conta req 32.jpg! 
[2015-02-10 01:20:35--097673]32.jpg,CITU1173790 45G1
[2015-02-10 01:20:38--107001]recv conta req 1.jpg! 
[2015-02-10 01:20:39--979841]1.jpg,MSKU9550132 45G1
[2015-02-10 01:20:42--108271]recv conta req 5.jpg! 
[2015-02-10 01:20:44--913790]5.jpg,IIIU7???46? 22G1
[2015-02-10 01:20:46--113371]recv conta req 9.jpg! 
[2015-02-10 01:20:50--114069]recv conta req 13.jpg! 
[2015-02-10 01:20:54--116360]recv conta req 17.jpg! 
[2015-02-10 01:20:54--632420]9.jpg,MRKU3324814 45G1
[2015-02-10 01:20:56--103960]17.jpg,SEGU1445915 22G1
[2015-02-10 01:20:58--118747]recv conta req 21.jpg! 
[2015-02-10 01:20:58--434632]13.jpg,FSCU7372776 22G1
[2015-02-10 01:20:58--993880]21.jpg,TRLU8984373 22G1
[2015-02-10 01:21:02--121686]recv conta req 25.jpg! 
[2015-02-10 01:21:02--875620]25.jpg, 
[2015-02-10 01:21:06--123876]recv conta req 29.jpg! 
[2015-02-10 01:21:06--863951]29.jpg,SEGU9039975 45R1
[2015-02-10 01:21:10--127294]recv conta req 33.jpg! 
[2015-02-10 01:21:10--997705]33.jpg,PHLU2031555 22G1
[2015-02-10 01:21:14--130194]recv conta req 2.jpg! 
[2015-02-10 01:21:17--939874]2.jpg,GESU5520648 45G1
[2015-02-10 01:21:18--131849]recv conta req 6.jpg! 
[2015-02-10 01:21:20--485238]6.jpg,MRKU8566960 22G1
[2015-02-10 01:21:22--135692]recv conta req 10.jpg! 
[2015-02-10 01:21:26--137561]recv conta req 14.jpg! 
[2015-02-10 01:21:30--139372]recv conta req 18.jpg! 
[2015-02-10 01:21:30--433776]10.jpg,CSLU1475718 22G1
[2015-02-10 01:21:31--814203]18.jpg,CRXU1866805 22G1
[2015-02-10 01:21:33--618246]14.jpg,MRKU9670500 22G1
[2015-02-10 01:21:34--141141]recv conta req 22.jpg! 
[2015-02-10 01:21:34--744404]22.jpg,TCLU2873584 22G1
[2015-02-10 01:21:38--145541]recv conta req 26.jpg! 
[2015-02-10 01:21:38--865161]26.jpg,CRSU9147318 45G1
[2015-02-10 01:21:42--150949]recv conta req 30.jpg! 
[2015-02-10 01:21:43--006515]30.jpg,CMAU4559732 45G1
[2015-02-10 01:21:46--151638]recv conta req 34.jpg! 
[2015-02-10 01:21:46--903992]34.jpg,CMAU4555275 45G1
[2015-02-10 01:21:50--154171]recv conta req 3.jpg! 
[2015-02-10 01:21:53--923163]3.jpg,EITU1067234 45G1
[2015-02-10 01:21:54--157337]recv conta req 7.jpg! 
[2015-02-10 01:21:58--161163]recv conta req 11.jpg! 
[2015-02-10 01:22:02--163725]recv conta req 15.jpg! 
[2015-02-10 01:22:06--164318]recv conta req 19.jpg! 
[2015-02-10 01:22:06--605694]11.jpg,MSKU0004911 45G1
[2015-02-10 01:22:07--284292]15.jpg,MAXU2423284 
[2015-02-10 01:22:07--375172]7.jpg, 
[2015-02-10 01:22:07--618825]19.jpg,MSKU1685954 45G1
[2015-02-10 01:22:10--166550]recv conta req 23.jpg! 
[2015-02-10 01:22:10--796431]23.jpg,APHU6639762 45G1
[2015-02-10 01:22:14--171521]recv conta req 27.jpg! 
[2015-02-10 01:22:15--270119]27.jpg,MRKU0995640 42G1
[2015-02-10 01:22:18--172394]recv conta req 31.jpg! 
[2015-02-10 01:22:18--852572]31.jpg,WSDU4921322 45G1
[2015-02-10 01:22:22--174808]recv conta req 35.jpg! 
[2015-02-10 01:22:22--935034]35.jpg,WSDU4920250 45G1
[2015-02-10 01:22:26--176473]recv conta req 4.jpg! 
[2015-02-10 01:22:27--638033]4.jpg,MSKU4011903 22G1
[2015-02-10 01:22:30--180829]recv conta req 8.jpg! 
[2015-02-10 01:22:34--183790]recv conta req 12.jpg! 
[2015-02-10 01:22:36--191961]8.jpg,CCLU6287245 45G1
[2015-02-10 01:22:38--183673]recv conta req 16.jpg! 
[2015-02-10 01:22:40--149859]16.jpg,TEMU3075040 22G1
[2015-02-10 01:22:42--187318]recv conta req 20.jpg! 
[2015-02-10 01:22:43--315125]20.jpg,FCIU4591874 22G1
[2015-02-10 01:22:44--114346]12.jpg,MEDU1861156 22G1
[2015-02-10 01:22:46--191030]recv conta req 24.jpg! 
[2015-02-10 01:22:46--947024]24.jpg,SEGU1904022 22G1
[2015-02-10 01:22:50--195851]recv conta req 28.jpg! 
[2015-02-10 01:22:51--240688]28.jpg,FCIU8609740 45G1
[2015-02-10 01:22:54--197465]recv conta req 32.jpg! 
[2015-02-10 01:22:55--120551]32.jpg,CITU1173790 45G1
[2015-02-10 01:22:58--199400]recv conta req 1.jpg! 
[2015-02-10 01:22:59--939910]1.jpg,MSKU9550132 45G1
[2015-02-10 01:23:02--200927]recv conta req 5.jpg! 
[2015-02-10 01:23:04--984802]5.jpg,IIIU7???46? 22G1
[2015-02-10 01:23:06--204928]recv conta req 9.jpg! 
[2015-02-10 01:23:10--207517]recv conta req 13.jpg! 
[2015-02-10 01:23:13--001321]9.jpg,MRKU3324814 45G1
[2015-02-10 01:23:14--208689]recv conta req 17.jpg! 
[2015-02-10 01:23:16--365484]17.jpg,SEGU1445915 22G1
[2015-02-10 01:23:18--211553]recv conta req 21.jpg! 
[2015-02-10 01:23:18--708511]13.jpg,FSCU7372776 22G1
[2015-02-10 01:23:19--021266]21.jpg,TRLU8984373 22G1
[2015-02-10 01:23:22--214268]recv conta req 25.jpg! 
[2015-02-10 01:23:22--875101]25.jpg, 
[2015-02-10 01:23:26--216881]recv conta req 29.jpg! 
[2015-02-10 01:23:26--893690]29.jpg,SEGU9039975 45R1
[2015-02-10 01:23:30--220368]recv conta req 33.jpg! 
[2015-02-10 01:23:31--082425]33.jpg,PHLU2031555 22G1
[2015-02-10 01:23:34--223482]recv conta req 2.jpg! 
[2015-02-10 01:23:38--100936]2.jpg,GESU5520648 45G1
[2015-02-10 01:23:38--225401]recv conta req 6.jpg! 
[2015-02-10 01:23:40--619744]6.jpg,MRKU8566960 22G1
[2015-02-10 01:23:42--229457]recv conta req 10.jpg! 
[2015-02-10 01:23:46--231384]recv conta req 14.jpg! 
[2015-02-10 01:23:50--233162]recv conta req 18.jpg! 
[2015-02-10 01:23:52--218547]18.jpg,CRXU1866805 22G1
[2015-02-10 01:23:53--057950]10.jpg,CSLU1475718 22G1
[2015-02-10 01:23:54--139272]14.jpg,MRKU9670500 22G1
[2015-02-10 01:23:54--235106]recv conta req 22.jpg! 
[2015-02-10 01:23:54--864656]22.jpg,TCLU2873584 22G1
[2015-02-10 01:23:58--240448]recv conta req 26.jpg! 
[2015-02-10 01:23:59--041222]26.jpg,CRSU9147318 45G1
[2015-02-10 01:24:02--245940]recv conta req 30.jpg! 
[2015-02-10 01:24:03--094143]30.jpg,CMAU4559732 45G1
[2015-02-10 01:24:06--245170]recv conta req 34.jpg! 
[2015-02-10 01:24:06--959338]34.jpg,CMAU4555275 45G1
[2015-02-10 01:24:10--248116]recv conta req 3.jpg! 
[2015-02-10 01:24:14--023896]3.jpg,EITU1067234 45G1
[2015-02-10 01:24:14--252497]recv conta req 7.jpg! 
[2015-02-10 01:24:18--253796]recv conta req 11.jpg! 
[2015-02-10 01:24:22--255971]recv conta req 15.jpg! 
[2015-02-10 01:24:25--682776]11.jpg,MSKU0004911 45G1
[2015-02-10 01:24:26--257299]recv conta req 19.jpg! 
[2015-02-10 01:24:27--243034]7.jpg, 
[2015-02-10 01:24:27--523310]15.jpg,MAXU2423284 
[2015-02-10 01:24:27--883925]19.jpg,MSKU1685954 45G1
[2015-02-10 01:24:30--259791]recv conta req 23.jpg! 
[2015-02-10 01:24:30--932347]23.jpg,APHU6639762 45G1
[2015-02-10 01:24:34--263952]recv conta req 27.jpg! 
[2015-02-10 01:24:35--109480]27.jpg,MRKU0995640 42G1
[2015-02-10 01:24:38--270126]recv conta req 31.jpg! 
[2015-02-10 01:24:39--195457]31.jpg,WSDU4921322 45G1
[2015-02-10 01:24:42--270730]recv conta req 35.jpg! 
[2015-02-10 01:24:43--040560]35.jpg,WSDU4920250 45G1
[2015-02-10 01:24:46--272674]recv conta req 4.jpg! 
[2015-02-10 01:24:47--807033]4.jpg,MSKU4011903 22G1
[2015-02-10 01:24:50--277379]recv conta req 8.jpg! 
[2015-02-10 01:24:54--280763]recv conta req 12.jpg! 
[2015-02-10 01:24:56--383506]8.jpg,CCLU6287245 45G1
[2015-02-10 01:24:58--279660]recv conta req 16.jpg! 
[2015-02-10 01:24:59--855379]16.jpg,TEMU3075040 22G1
[2015-02-10 01:25:02--282690]recv conta req 20.jpg! 
[2015-02-10 01:25:03--260185]20.jpg,FCIU4591874 22G1
[2015-02-10 01:25:04--037794]12.jpg,MEDU1861156 22G1
[2015-02-10 01:25:06--285876]recv conta req 24.jpg! 
[2015-02-10 01:25:06--965715]24.jpg,SEGU1904022 22G1
[2015-02-10 01:25:10--290026]recv conta req 28.jpg! 
[2015-02-10 01:25:11--201655]28.jpg,FCIU8609740 45G1
[2015-02-10 01:25:14--294041]recv conta req 32.jpg! 
[2015-02-10 01:25:15--210555]32.jpg,CITU1173790 45G1
[2015-02-10 01:25:18--295706]recv conta req 1.jpg! 
[2015-02-10 01:25:20--020127]1.jpg,MSKU9550132 45G1
[2015-02-10 01:25:22--297280]recv conta req 5.jpg! 
[2015-02-10 01:25:25--011665]5.jpg,IIIU7???46? 22G1
[2015-02-10 01:25:26--301285]recv conta req 9.jpg! 
[2015-02-10 01:25:30--304212]recv conta req 13.jpg! 
[2015-02-10 01:25:33--440278]9.jpg,MRKU3324814 45G1
[2015-02-10 01:25:34--305054]recv conta req 17.jpg! 
[2015-02-10 01:25:36--248862]17.jpg,SEGU1445915 22G1
[2015-02-10 01:25:38--309392]recv conta req 21.jpg! 
[2015-02-10 01:25:38--604255]13.jpg,FSCU7372776 22G1
[2015-02-10 01:25:39--079550]21.jpg,TRLU8984373 22G1
[2015-02-10 01:25:42--312466]recv conta req 25.jpg! 
[2015-02-10 01:25:42--991164]25.jpg, 
[2015-02-10 01:25:46--315966]recv conta req 29.jpg! 
[2015-02-10 01:25:47--074927]29.jpg,SEGU9039975 45R1
[2015-02-10 01:25:50--318474]recv conta req 33.jpg! 
[2015-02-10 01:25:51--202552]33.jpg,PHLU2031555 22G1
[2015-02-10 01:25:54--322491]recv conta req 2.jpg! 
[2015-02-10 01:25:58--205866]2.jpg,GESU5520648 45G1
[2015-02-10 01:25:58--323665]recv conta req 6.jpg! 
[2015-02-10 01:26:00--687276]6.jpg,MRKU8566960 22G1
[2015-02-10 01:26:02--327164]recv conta req 10.jpg! 
[2015-02-10 01:26:06--331427]recv conta req 14.jpg! 
[2015-02-10 01:26:10--330982]recv conta req 18.jpg! 
[2015-02-10 01:26:11--288710]10.jpg,CSLU1475718 22G1
[2015-02-10 01:26:12--207683]18.jpg,CRXU1866805 22G1
[2015-02-10 01:26:13--764743]14.jpg,MRKU9670500 22G1
[2015-02-10 01:26:14--333275]recv conta req 22.jpg! 
[2015-02-10 01:26:14--962497]22.jpg,TCLU2873584 22G1
[2015-02-10 01:26:18--339440]recv conta req 26.jpg! 
[2015-02-10 01:26:19--218982]26.jpg,CRSU9147318 45G1
[2015-02-10 01:26:22--341835]recv conta req 30.jpg! 
[2015-02-10 01:26:23--192537]30.jpg,CMAU4559732 45G1
[2015-02-10 01:26:26--344173]recv conta req 34.jpg! 
[2015-02-10 01:26:27--086977]34.jpg,CMAU4555275 45G1
[2015-02-10 01:26:30--346367]recv conta req 3.jpg! 
[2015-02-10 01:26:34--124540]3.jpg,EITU1067234 45G1
[2015-02-10 01:26:34--350079]recv conta req 7.jpg! 
[2015-02-10 01:26:38--355725]recv conta req 11.jpg! 
[2015-02-10 01:26:42--357174]recv conta req 15.jpg! 
[2015-02-10 01:26:46--357789]recv conta req 19.jpg! 
[2015-02-10 01:26:47--041248]11.jpg,MSKU0004911 45G1
[2015-02-10 01:26:47--766211]7.jpg, 
[2015-02-10 01:26:47--900235]19.jpg,MSKU1685954 45G1
[2015-02-10 01:26:48--041769]15.jpg,MAXU2423284 
[2015-02-10 01:26:50--362095]recv conta req 23.jpg! 
[2015-02-10 01:26:51--182566]23.jpg,APHU6639762 45G1
[2015-02-10 01:26:54--365962]recv conta req 27.jpg! 
[2015-02-10 01:26:55--293531]27.jpg,MRKU0995640 42G1
[2015-02-10 01:26:58--373303]recv conta req 31.jpg! 
[2015-02-10 01:26:59--326221]31.jpg,WSDU4921322 45G1
[2015-02-10 01:27:02--375061]recv conta req 35.jpg! 
[2015-02-10 01:27:03--243068]35.jpg,WSDU4920250 45G1
[2015-02-10 01:27:06--378000]recv conta req 4.jpg! 
[2015-02-10 01:27:07--921799]4.jpg,MSKU4011903 22G1
[2015-02-10 01:27:10--384178]recv conta req 8.jpg! 
[2015-02-10 01:27:14--391294]recv conta req 12.jpg! 
[2015-02-10 01:27:16--047049]8.jpg,CCLU6287245 45G1
[2015-02-10 01:27:18--389054]recv conta req 16.jpg! 
[2015-02-10 01:27:20--151987]16.jpg,TEMU3075040 22G1
[2015-02-10 01:27:22--392599]recv conta req 20.jpg! 
[2015-02-10 01:27:23--638806]20.jpg,FCIU4591874 22G1
[2015-02-10 01:27:24--580123]12.jpg,MEDU1861156 22G1
[2015-02-10 01:27:26--396746]recv conta req 24.jpg! 
[2015-02-10 01:27:27--058404]24.jpg,SEGU1904022 22G1
[2015-02-10 01:27:30--401493]recv conta req 28.jpg! 
[2015-02-10 01:27:31--284695]28.jpg,FCIU8609740 45G1
[2015-02-10 01:27:34--406065]recv conta req 32.jpg! 
[2015-02-10 01:27:35--299357]32.jpg,CITU1173790 45G1
[2015-02-10 01:27:38--410902]recv conta req 1.jpg! 
[2015-02-10 01:27:40--168491]1.jpg,MSKU9550132 45G1
[2015-02-10 01:27:42--413084]recv conta req 5.jpg! 
[2015-02-10 01:27:45--277870]5.jpg,IIIU7???46? 22G1
[2015-02-10 01:27:46--419023]recv conta req 9.jpg! 
[2015-02-10 01:27:50--424348]recv conta req 13.jpg! 
[2015-02-10 01:27:52--164963]9.jpg,MRKU3324814 45G1
[2015-02-10 01:27:54--426991]recv conta req 17.jpg! 
[2015-02-10 01:27:56--230524]17.jpg,SEGU1445915 22G1
[2015-02-10 01:27:58--429371]recv conta req 21.jpg! 
[2015-02-10 01:27:58--675396]13.jpg,FSCU7372776 22G1
[2015-02-10 01:27:59--259981]21.jpg,TRLU8984373 22G1
[2015-02-10 01:28:02--434864]recv conta req 25.jpg! 
[2015-02-10 01:28:03--188765]25.jpg, 
[2015-02-10 01:28:06--437155]recv conta req 29.jpg! 
[2015-02-10 01:28:07--156275]29.jpg,SEGU9039975 45R1
[2015-02-10 01:28:10--443581]recv conta req 33.jpg! 
[2015-02-10 01:28:11--505261]33.jpg,PHLU2031555 22G1
[2015-02-10 01:28:14--446698]recv conta req 2.jpg! 
[2015-02-10 01:28:18--218329]2.jpg,GESU5520648 45G1
[2015-02-10 01:28:18--448838]recv conta req 6.jpg! 
[2015-02-10 01:28:20--907047]6.jpg,MRKU8566960 22G1
[2015-02-10 01:28:22--453817]recv conta req 10.jpg! 
[2015-02-10 01:28:26--457460]recv conta req 14.jpg! 
[2015-02-10 01:28:30--457616]recv conta req 18.jpg! 
[2015-02-10 01:28:32--429567]18.jpg,CRXU1866805 22G1
[2015-02-10 01:28:32--468005]10.jpg,CSLU1475718 22G1
[2015-02-10 01:28:33--807007]14.jpg,MRKU9670500 22G1
[2015-02-10 01:28:34--460857]recv conta req 22.jpg! 
[2015-02-10 01:28:35--097639]22.jpg,TCLU2873584 22G1
[2015-02-10 01:28:38--464958]recv conta req 26.jpg! 
[2015-02-10 01:28:39--304104]26.jpg,CRSU9147318 45G1
[2015-02-10 01:28:42--470162]recv conta req 30.jpg! 
[2015-02-10 01:28:43--308822]30.jpg,CMAU4559732 45G1
[2015-02-10 01:28:46--472753]recv conta req 34.jpg! 
[2015-02-10 01:28:47--246279]34.jpg,CMAU4555275 45G1
[2015-02-10 01:28:50--475483]recv conta req 3.jpg! 
[2015-02-10 01:28:54--217754]3.jpg,EITU1067234 45G1
[2015-02-10 01:28:54--480332]recv conta req 7.jpg! 
[2015-02-10 01:28:58--485858]recv conta req 11.jpg! 
[2015-02-10 01:29:02--488888]recv conta req 15.jpg! 
[2015-02-10 01:29:06--145205]7.jpg, 
[2015-02-10 01:29:06--489173]recv conta req 19.jpg! 
[2015-02-10 01:29:07--271373]15.jpg,MAXU2423284 
[2015-02-10 01:29:07--671496]11.jpg,MSKU0004911 45G1
[2015-02-10 01:29:07--720816]19.jpg,MSKU1685954 45G1
[2015-02-10 01:29:10--495502]recv conta req 23.jpg! 
[2015-02-10 01:29:11--151738]23.jpg,APHU6639762 45G1
[2015-02-10 01:29:14--497004]recv conta req 27.jpg! 
[2015-02-10 01:29:15--300200]27.jpg,MRKU0995640 42G1
[2015-02-10 01:29:18--499719]recv conta req 31.jpg! 
[2015-02-10 01:29:19--215603]31.jpg,WSDU4921322 45G1
[2015-02-10 01:29:22--503535]recv conta req 35.jpg! 
[2015-02-10 01:29:23--301824]35.jpg,WSDU4920250 45G1
[2015-02-10 01:29:26--506181]recv conta req 4.jpg! 
[2015-02-10 01:29:27--977806]4.jpg,MSKU4011903 22G1
[2015-02-10 01:29:30--511397]recv conta req 8.jpg! 
[2015-02-10 01:29:34--516689]recv conta req 12.jpg! 
[2015-02-10 01:29:36--072609]8.jpg,CCLU6287245 45G1
[2015-02-10 01:29:38--517265]recv conta req 16.jpg! 
[2015-02-10 01:29:40--038671]16.jpg,TEMU3075040 22G1
[2015-02-10 01:29:42--522801]recv conta req 20.jpg! 
[2015-02-10 01:29:43--968214]20.jpg,FCIU4591874 22G1
[2015-02-10 01:29:45--145826]12.jpg,MEDU1861156 22G1
[2015-02-10 01:29:46--522834]recv conta req 24.jpg! 
[2015-02-10 01:29:47--236187]24.jpg,SEGU1904022 22G1
[2015-02-10 01:29:50--527902]recv conta req 28.jpg! 
[2015-02-10 01:29:51--386887]28.jpg,FCIU8609740 45G1
[2015-02-10 01:29:54--532428]recv conta req 32.jpg! 
[2015-02-10 01:29:55--238771]32.jpg,CITU1173790 45G1
[2015-02-10 01:29:58--538418]recv conta req 1.jpg! 
[2015-02-10 01:30:00--236637]1.jpg,MSKU9550132 45G1
[2015-02-10 01:30:02--542701]recv conta req 5.jpg! 
[2015-02-10 01:30:05--317320]5.jpg,IIIU7???46? 22G1
[2015-02-10 01:30:06--549391]recv conta req 9.jpg! 
[2015-02-10 01:30:10--555604]recv conta req 13.jpg! 
[2015-02-10 01:30:14--555498]recv conta req 17.jpg! 
[2015-02-10 01:30:14--671872]9.jpg,MRKU3324814 45G1
[2015-02-10 01:30:16--825621]17.jpg,SEGU1445915 22G1
[2015-02-10 01:30:17--359073]13.jpg,FSCU7372776 22G1
[2015-02-10 01:30:18--562078]recv conta req 21.jpg! 
[2015-02-10 01:30:19--308212]21.jpg,TRLU8984373 22G1
[2015-02-10 01:30:22--564782]recv conta req 25.jpg! 
[2015-02-10 01:30:23--217457]25.jpg, 
[2015-02-10 01:30:26--569819]recv conta req 29.jpg! 
[2015-02-10 01:30:27--202412]29.jpg,SEGU9039975 45R1
[2015-02-10 01:30:30--572838]recv conta req 33.jpg! 
[2015-02-10 01:30:31--457206]33.jpg,PHLU2031555 22G1
[2015-02-10 01:30:34--579081]recv conta req 2.jpg! 
[2015-02-10 01:30:38--338474]2.jpg,GESU5520648 45G1
[2015-02-10 01:30:38--581858]recv conta req 6.jpg! 
[2015-02-10 01:30:40--985298]6.jpg,MRKU8566960 22G1
[2015-02-10 01:30:42--587014]recv conta req 10.jpg! 
[2015-02-10 01:30:46--590232]recv conta req 14.jpg! 
[2015-02-10 01:30:50--594447]recv conta req 18.jpg! 
[2015-02-10 01:30:51--510737]10.jpg,CSLU1475718 22G1
[2015-02-10 01:30:52--181561]18.jpg,CRXU1866805 22G1
[2015-02-10 01:30:54--298574]14.jpg,MRKU9670500 22G1
[2015-02-10 01:30:54--599206]recv conta req 22.jpg! 
[2015-02-10 01:30:55--303922]22.jpg,TCLU2873584 22G1
[2015-02-10 01:30:58--601552]recv conta req 26.jpg! 
[2015-02-10 01:30:59--295831]26.jpg,CRSU9147318 45G1
[2015-02-10 01:31:02--605395]recv conta req 30.jpg! 
[2015-02-10 01:31:03--220383]30.jpg,CMAU4559732 45G1
[2015-02-10 01:31:06--608920]recv conta req 34.jpg! 
[2015-02-10 01:31:07--456049]34.jpg,CMAU4555275 45G1
[2015-02-10 01:31:10--614163]recv conta req 3.jpg! 
[2015-02-10 01:31:14--439738]3.jpg,EITU1067234 45G1
[2015-02-10 01:31:14--620433]recv conta req 7.jpg! 
[2015-02-10 01:31:18--623857]recv conta req 11.jpg! 
[2015-02-10 01:31:22--629007]recv conta req 15.jpg! 
[2015-02-10 01:31:26--226760]7.jpg, 
[2015-02-10 01:31:26--628633]recv conta req 19.jpg! 
[2015-02-10 01:31:27--453055]11.jpg,MSKU0004911 45G1
[2015-02-10 01:31:28--222046]19.jpg,MSKU1685954 45G1
[2015-02-10 01:31:28--652231]15.jpg,MAXU2423284 
[2015-02-10 01:31:30--632682]recv conta req 23.jpg! 
[2015-02-10 01:31:31--242874]23.jpg,APHU6639762 45G1
[2015-02-10 01:31:34--635405]recv conta req 27.jpg! 
[2015-02-10 01:31:35--443092]27.jpg,MRKU0995640 42G1
[2015-02-10 01:31:38--639335]recv conta req 31.jpg! 
[2015-02-10 01:31:39--326390]31.jpg,WSDU4921322 45G1
[2015-02-10 01:31:42--643240]recv conta req 35.jpg! 
[2015-02-10 01:31:43--404340]35.jpg,WSDU4920250 45G1
[2015-02-10 01:31:46--647006]recv conta req 4.jpg! 
[2015-02-10 01:31:48--189210]4.jpg,MSKU4011903 22G1
[2015-02-10 01:31:50--652582]recv conta req 8.jpg! 
[2015-02-10 01:31:54--659045]recv conta req 12.jpg! 
[2015-02-10 01:31:57--086496]8.jpg,CCLU6287245 45G1
[2015-02-10 01:31:58--658343]recv conta req 16.jpg! 
[2015-02-10 01:32:00--314806]16.jpg,TEMU3075040 22G1
[2015-02-10 01:32:02--663413]recv conta req 20.jpg! 
[2015-02-10 01:32:03--829479]20.jpg,FCIU4591874 22G1
[2015-02-10 01:32:05--445206]12.jpg,MEDU1861156 22G1
[2015-02-10 01:32:06--666340]recv conta req 24.jpg! 
[2015-02-10 01:32:07--328915]24.jpg,SEGU1904022 22G1
[2015-02-10 01:32:10--670849]recv conta req 28.jpg! 
[2015-02-10 01:32:11--634264]28.jpg,FCIU8609740 45G1
[2015-02-10 01:32:14--673037]recv conta req 32.jpg! 
[2015-02-10 01:32:15--326203]32.jpg,CITU1173790 45G1
[2015-02-10 01:32:18--677579]recv conta req 1.jpg! 
[2015-02-10 01:32:20--346429]1.jpg,MSKU9550132 45G1
[2015-02-10 01:32:22--680772]recv conta req 5.jpg! 
[2015-02-10 01:32:25--487345]5.jpg,IIIU7???46? 22G1
[2015-02-10 01:32:26--685758]recv conta req 9.jpg! 
[2015-02-10 01:32:30--691486]recv conta req 13.jpg! 
[2015-02-10 01:32:34--692741]recv conta req 17.jpg! 
[2015-02-10 01:32:36--832739]17.jpg,SEGU1445915 22G1
[2015-02-10 01:32:37--022315]9.jpg,MRKU3324814 45G1
[2015-02-10 01:32:38--695798]recv conta req 21.jpg! 
[2015-02-10 01:32:39--535106]21.jpg,TRLU8984373 22G1
[2015-02-10 01:32:39--565223]13.jpg,FSCU7372776 22G1
[2015-02-10 01:32:42--700402]recv conta req 25.jpg! 
[2015-02-10 01:32:43--307240]25.jpg, 
[2015-02-10 01:32:46--705027]recv conta req 29.jpg! 
[2015-02-10 01:32:47--299284]29.jpg,SEGU9039975 45R1
[2015-02-10 01:32:50--708637]recv conta req 33.jpg! 
[2015-02-10 01:32:51--499086]33.jpg,PHLU2031555 22G1
[2015-02-10 01:32:54--715969]recv conta req 2.jpg! 
[2015-02-10 01:32:58--630213]2.jpg,GESU5520648 45G1
[2015-02-10 01:32:58--716801]recv conta req 6.jpg! 
[2015-02-10 01:33:01--080425]6.jpg,MRKU8566960 22G1
[2015-02-10 01:33:02--727373]recv conta req 10.jpg! 
[2015-02-10 01:33:06--730233]recv conta req 14.jpg! 
[2015-02-10 01:33:10--730284]recv conta req 18.jpg! 
[2015-02-10 01:33:13--042464]18.jpg,CRXU1866805 22G1
[2015-02-10 01:33:13--325027]10.jpg,CSLU1475718 22G1
[2015-02-10 01:33:14--734414]recv conta req 22.jpg! 
[2015-02-10 01:33:15--100331]14.jpg,MRKU9670500 22G1
[2015-02-10 01:33:15--391058]22.jpg,TCLU2873584 22G1
[2015-02-10 01:33:18--737836]recv conta req 26.jpg! 
[2015-02-10 01:33:19--429010]26.jpg,CRSU9147318 45G1
[2015-02-10 01:33:22--742352]recv conta req 30.jpg! 
[2015-02-10 01:33:23--336724]30.jpg,CMAU4559732 45G1
[2015-02-10 01:33:26--747178]recv conta req 34.jpg! 
[2015-02-10 01:33:27--498457]34.jpg,CMAU4555275 45G1
[2015-02-10 01:33:30--752022]recv conta req 3.jpg! 
[2015-02-10 01:33:34--584715]3.jpg,EITU1067234 45G1
[2015-02-10 01:33:34--761448]recv conta req 7.jpg! 
[2015-02-10 01:33:38--761151]recv conta req 11.jpg! 
[2015-02-10 01:33:42--766273]recv conta req 15.jpg! 
[2015-02-10 01:33:46--768847]recv conta req 19.jpg! 
[2015-02-10 01:33:48--083618]15.jpg,MAXU2423284 
[2015-02-10 01:33:48--274881]19.jpg,MSKU1685954 45G1
[2015-02-10 01:33:49--391813]11.jpg,MSKU0004911 45G1
[2015-02-10 01:33:49--405442]7.jpg, 
[2015-02-10 01:33:50--773565]recv conta req 23.jpg! 
[2015-02-10 01:33:51--379670]23.jpg,APHU6639762 45G1
[2015-02-10 01:33:54--777354]recv conta req 27.jpg! 
[2015-02-10 01:33:55--583741]27.jpg,MRKU0995640 42G1
[2015-02-10 01:33:58--781151]recv conta req 31.jpg! 
[2015-02-10 01:33:59--435182]31.jpg,WSDU4921322 45G1
[2015-02-10 01:34:02--785237]recv conta req 35.jpg! 
[2015-02-10 01:34:03--634764]35.jpg,WSDU4920250 45G1
[2015-02-10 01:34:06--789125]recv conta req 4.jpg! 
[2015-02-10 01:34:08--236295]4.jpg,MSKU4011903 22G1
[2015-02-10 01:34:10--795775]recv conta req 8.jpg! 
[2015-02-10 01:34:14--799217]recv conta req 12.jpg! 
[2015-02-10 01:34:16--162463]8.jpg,CCLU6287245 45G1
[2015-02-10 01:34:18--801289]recv conta req 16.jpg! 
[2015-02-10 01:34:20--738445]16.jpg,TEMU3075040 22G1
[2015-02-10 01:34:22--803439]recv conta req 20.jpg! 
[2015-02-10 01:34:23--886477]20.jpg,FCIU4591874 22G1
[2015-02-10 01:34:25--518751]12.jpg,MEDU1861156 22G1
[2015-02-10 01:34:26--807729]recv conta req 24.jpg! 
[2015-02-10 01:34:27--441388]24.jpg,SEGU1904022 22G1
[2015-02-10 01:34:30--811096]recv conta req 28.jpg! 
[2015-02-10 01:34:31--619908]28.jpg,FCIU8609740 45G1
[2015-02-10 01:34:34--814074]recv conta req 32.jpg! 
[2015-02-10 01:34:35--472812]32.jpg,CITU1173790 45G1
[2015-02-10 01:34:38--819999]recv conta req 1.jpg! 
[2015-02-10 01:34:40--474534]1.jpg,MSKU9550132 45G1
[2015-02-10 01:34:42--823755]recv conta req 5.jpg! 
[2015-02-10 01:34:45--562845]5.jpg,IIIU7???46? 22G1
[2015-02-10 01:34:46--829937]recv conta req 9.jpg! 
[2015-02-10 01:34:50--832916]recv conta req 13.jpg! 
[2015-02-10 01:34:54--835750]recv conta req 17.jpg! 
[2015-02-10 01:34:55--397004]9.jpg,MRKU3324814 45G1
[2015-02-10 01:34:56--911965]17.jpg,SEGU1445915 22G1
[2015-02-10 01:34:58--229304]13.jpg,FSCU7372776 22G1
[2015-02-10 01:34:58--839151]recv conta req 21.jpg! 
[2015-02-10 01:34:59--520912]21.jpg,TRLU8984373 22G1
[2015-02-10 01:35:02--841535]recv conta req 25.jpg! 
[2015-02-10 01:35:03--443245]25.jpg, 
[2015-02-10 01:35:06--845745]recv conta req 29.jpg! 
[2015-02-10 01:35:07--434699]29.jpg,SEGU9039975 45R1
[2015-02-10 01:35:10--849930]recv conta req 33.jpg! 
[2015-02-10 01:35:11--756532]33.jpg,PHLU2031555 22G1
[2015-02-10 01:35:14--854958]recv conta req 2.jpg! 
[2015-02-10 01:35:18--850041]2.jpg,GESU5520648 45G1
[2015-02-10 01:35:18--915693]recv conta req 6.jpg! 
[2015-02-10 01:35:21--286353]6.jpg,MRKU8566960 22G1
[2015-02-10 01:35:22--922771]recv conta req 10.jpg! 
[2015-02-10 01:35:26--929142]recv conta req 14.jpg! 
[2015-02-10 01:35:30--928502]recv conta req 18.jpg! 
[2015-02-10 01:35:32--992259]18.jpg,CRXU1866805 22G1
[2015-02-10 01:35:33--659910]10.jpg,CSLU1475718 22G1
[2015-02-10 01:35:34--077802]14.jpg,MRKU9670500 22G1
[2015-02-10 01:35:34--929078]recv conta req 22.jpg! 
[2015-02-10 01:35:35--521029]22.jpg,TCLU2873584 22G1
[2015-02-10 01:35:38--931392]recv conta req 26.jpg! 
[2015-02-10 01:35:39--640034]26.jpg,CRSU9147318 45G1
[2015-02-10 01:35:42--933873]recv conta req 30.jpg! 
[2015-02-10 01:35:43--514445]30.jpg,CMAU4559732 45G1
[2015-02-10 01:35:46--936141]recv conta req 34.jpg! 
[2015-02-10 01:35:47--675153]34.jpg,CMAU4555275 45G1
[2015-02-10 01:35:50--938284]recv conta req 3.jpg! 
[2015-02-10 01:35:54--784087]3.jpg,EITU1067234 45G1
[2015-02-10 01:35:54--943030]recv conta req 7.jpg! 
[2015-02-10 01:35:58--946883]recv conta req 11.jpg! 
[2015-02-10 01:36:02--948937]recv conta req 15.jpg! 
[2015-02-10 01:36:06--950134]recv conta req 19.jpg! 
[2015-02-10 01:36:07--108198]11.jpg,MSKU0004911 45G1
[2015-02-10 01:36:08--221570]19.jpg,MSKU1685954 45G1
[2015-02-10 01:36:08--857986]15.jpg,MAXU2423284 
[2015-02-10 01:36:09--192021]7.jpg, 
[2015-02-10 01:36:10--952513]recv conta req 23.jpg! 
[2015-02-10 01:36:11--570195]23.jpg,APHU6639762 45G1
[2015-02-10 01:36:14--954523]recv conta req 27.jpg! 
[2015-02-10 01:36:15--794164]27.jpg,MRKU0995640 42G1
[2015-02-10 01:36:18--957910]recv conta req 31.jpg! 
[2015-02-10 01:36:19--640912]31.jpg,WSDU4921322 45G1
[2015-02-10 01:36:22--960928]recv conta req 35.jpg! 
[2015-02-10 01:36:23--712485]35.jpg,WSDU4920250 45G1
[2015-02-10 01:36:26--962810]recv conta req 4.jpg! 
[2015-02-10 01:36:28--545212]4.jpg,MSKU4011903 22G1
[2015-02-10 01:36:30--969580]recv conta req 8.jpg! 
[2015-02-10 01:36:34--974345]recv conta req 12.jpg! 
[2015-02-10 01:36:37--631074]8.jpg,CCLU6287245 45G1
[2015-02-10 01:36:38--972757]recv conta req 16.jpg! 
[2015-02-10 01:36:40--998552]16.jpg,TEMU3075040 22G1
[2015-02-10 01:36:42--976688]recv conta req 20.jpg! 
[2015-02-10 01:36:44--796492]20.jpg,FCIU4591874 22G1
[2015-02-10 01:36:45--766646]12.jpg,MEDU1861156 22G1
[2015-02-10 01:36:46--978594]recv conta req 24.jpg! 
[2015-02-10 01:36:47--635341]24.jpg,SEGU1904022 22G1
[2015-02-10 01:36:50--981040]recv conta req 28.jpg! 
[2015-02-10 01:36:51--792658]28.jpg,FCIU8609740 45G1
[2015-02-10 01:36:54--982646]recv conta req 32.jpg! 
[2015-02-10 01:36:55--629416]32.jpg,CITU1173790 45G1
[2015-02-10 01:36:58--987157]recv conta req 1.jpg! 
[2015-02-10 01:37:00--681467]1.jpg,MSKU9550132 45G1
[2015-02-10 01:37:02--987710]recv conta req 5.jpg! 
[2015-02-10 01:37:05--880739]5.jpg,IIIU7???46? 22G1
[2015-02-10 01:37:06--991604]recv conta req 9.jpg! 
[2015-02-10 01:37:10--994705]recv conta req 13.jpg! 
[2015-02-10 01:37:14--335119]9.jpg,MRKU3324814 45G1
[2015-02-10 01:37:14--997013]recv conta req 17.jpg! 
[2015-02-10 01:37:17--223935]17.jpg,SEGU1445915 22G1
[2015-02-10 01:37:18--999742]recv conta req 21.jpg! 
[2015-02-10 01:37:19--326413]13.jpg,FSCU7372776 22G1
[2015-02-10 01:37:19--827696]21.jpg,TRLU8984373 22G1
[2015-02-10 01:37:23--001940]recv conta req 25.jpg! 
[2015-02-10 01:37:23--609201]25.jpg, 
[2015-02-10 01:37:27--003633]recv conta req 29.jpg! 
[2015-02-10 01:37:27--620301]29.jpg,SEGU9039975 45R1
[2015-02-10 01:37:31--007144]recv conta req 33.jpg! 
[2015-02-10 01:37:31--874593]33.jpg,PHLU2031555 22G1
[2015-02-10 01:37:35--009952]recv conta req 2.jpg! 
[2015-02-10 01:37:38--926782]2.jpg,GESU5520648 45G1
[2015-02-10 01:37:39--011627]recv conta req 6.jpg! 
[2015-02-10 01:37:41--344893]6.jpg,MRKU8566960 22G1
[2015-02-10 01:37:43--016280]recv conta req 10.jpg! 
[2015-02-10 01:37:47--016543]recv conta req 14.jpg! 
[2015-02-10 01:37:51--019721]recv conta req 18.jpg! 
[2015-02-10 01:37:52--860013]18.jpg,CRXU1866805 22G1
[2015-02-10 01:37:54--527994]10.jpg,CSLU1475718 22G1
[2015-02-10 01:37:54--609716]14.jpg,MRKU9670500 22G1
[2015-02-10 01:37:55--021565]recv conta req 22.jpg! 
[2015-02-10 01:37:55--634423]22.jpg,TCLU2873584 22G1
[2015-02-10 01:37:59--024736]recv conta req 26.jpg! 
[2015-02-10 01:37:59--698401]26.jpg,CRSU9147318 45G1
[2015-02-10 01:38:03--027210]recv conta req 30.jpg! 
[2015-02-10 01:38:03--632798]30.jpg,CMAU4559732 45G1
[2015-02-10 01:38:07--029410]recv conta req 34.jpg! 
[2015-02-10 01:38:07--764800]34.jpg,CMAU4555275 45G1
[2015-02-10 01:38:11--031693]recv conta req 3.jpg! 
[2015-02-10 01:38:14--906509]3.jpg,EITU1067234 45G1
[2015-02-10 01:38:15--036728]recv conta req 7.jpg! 
[2015-02-10 01:38:19--038596]recv conta req 11.jpg! 
[2015-02-10 01:38:23--040648]recv conta req 15.jpg! 
[2015-02-10 01:38:27--041579]recv conta req 19.jpg! 
[2015-02-10 01:38:27--807095]7.jpg, 
[2015-02-10 01:38:28--589103]19.jpg,MSKU1685954 45G1
[2015-02-10 01:38:28--803941]11.jpg,MSKU0004911 45G1
[2015-02-10 01:38:28--846857]15.jpg,MAXU2423284 
[2015-02-10 01:38:31--043860]recv conta req 23.jpg! 
[2015-02-10 01:38:31--664958]23.jpg,APHU6639762 45G1
[2015-02-10 01:38:35--046974]recv conta req 27.jpg! 
[2015-02-10 01:38:35--983679]27.jpg,MRKU0995640 42G1
[2015-02-10 01:38:39--049133]recv conta req 31.jpg! 
[2015-02-10 01:38:39--777927]31.jpg,WSDU4921322 45G1
[2015-02-10 01:38:43--051615]recv conta req 35.jpg! 
[2015-02-10 01:38:43--802798]35.jpg,WSDU4920250 45G1
[2015-02-10 01:38:47--054075]recv conta req 4.jpg! 
[2015-02-10 01:38:48--506979]4.jpg,MSKU4011903 22G1
[2015-02-10 01:38:51--058213]recv conta req 8.jpg! 
[2015-02-10 01:38:55--062386]recv conta req 12.jpg! 
[2015-02-10 01:38:56--341599]8.jpg,CCLU6287245 45G1
[2015-02-10 01:38:59--061060]recv conta req 16.jpg! 
[2015-02-10 01:39:00--597707]16.jpg,TEMU3075040 22G1
[2015-02-10 01:39:03--063925]recv conta req 20.jpg! 
[2015-02-10 01:39:04--207681]20.jpg,FCIU4591874 22G1
[2015-02-10 01:39:05--874301]12.jpg,MEDU1861156 22G1
[2015-02-10 01:39:07--066327]recv conta req 24.jpg! 
[2015-02-10 01:39:07--699940]24.jpg,SEGU1904022 22G1
[2015-02-10 01:39:11--068744]recv conta req 28.jpg! 
[2015-02-10 01:39:11--887081]28.jpg,FCIU8609740 45G1
[2015-02-10 01:39:15--072300]recv conta req 32.jpg! 
[2015-02-10 01:39:15--888453]32.jpg,CITU1173790 45G1
[2015-02-10 01:39:19--074738]recv conta req 1.jpg! 
[2015-02-10 01:39:20--798146]1.jpg,MSKU9550132 45G1
[2015-02-10 01:39:23--076032]recv conta req 5.jpg! 
[2015-02-10 01:39:25--878389]5.jpg,IIIU7???46? 22G1
[2015-02-10 01:39:27--080958]recv conta req 9.jpg! 
[2015-02-10 01:39:31--083286]recv conta req 13.jpg! 
[2015-02-10 01:39:35--084067]recv conta req 17.jpg! 
[2015-02-10 01:39:36--670653]9.jpg,MRKU3324814 45G1
[2015-02-10 01:39:37--743225]17.jpg,SEGU1445915 22G1
[2015-02-10 01:39:39--086168]recv conta req 21.jpg! 
[2015-02-10 01:39:39--901638]21.jpg,TRLU8984373 22G1
[2015-02-10 01:39:40--186142]13.jpg,FSCU7372776 22G1
[2015-02-10 01:39:43--088801]recv conta req 25.jpg! 
[2015-02-10 01:39:43--736585]25.jpg, 
[2015-02-10 01:39:47--090718]recv conta req 29.jpg! 
[2015-02-10 01:39:47--699293]29.jpg,SEGU9039975 45R1
[2015-02-10 01:39:51--094112]recv conta req 33.jpg! 
[2015-02-10 01:39:51--893019]33.jpg,PHLU2031555 22G1
[2015-02-10 01:39:55--095836]recv conta req 2.jpg! 
[2015-02-10 01:39:59--098363]recv conta req 6.jpg! 
[2015-02-10 01:39:59--117059]2.jpg,GESU5520648 45G1
[2015-02-10 01:40:01--442749]6.jpg,MRKU8566960 22G1
[2015-02-10 01:40:03--102862]recv conta req 10.jpg! 
[2015-02-10 01:40:07--105562]recv conta req 14.jpg! 
[2015-02-10 01:40:11--108815]recv conta req 18.jpg! 
[2015-02-10 01:40:13--207455]18.jpg,CRXU1866805 22G1
[2015-02-10 01:40:13--585752]10.jpg,CSLU1475718 22G1
[2015-02-10 01:40:15--108065]recv conta req 22.jpg! 
[2015-02-10 01:40:15--255282]14.jpg,MRKU9670500 22G1
[2015-02-10 01:40:15--786197]22.jpg,TCLU2873584 22G1
[2015-02-10 01:40:19--110956]recv conta req 26.jpg! 
[2015-02-10 01:40:19--809757]26.jpg,CRSU9147318 45G1
[2015-02-10 01:40:23--113362]recv conta req 30.jpg! 
[2015-02-10 01:40:23--732775]30.jpg,CMAU4559732 45G1
[2015-02-10 01:40:27--115950]recv conta req 34.jpg! 
[2015-02-10 01:40:27--835561]34.jpg,CMAU4555275 45G1
[2015-02-10 01:40:31--118552]recv conta req 3.jpg! 
[2015-02-10 01:40:34--914145]3.jpg,EITU1067234 45G1
[2015-02-10 01:40:35--122409]recv conta req 7.jpg! 
[2015-02-10 01:40:39--125253]recv conta req 11.jpg! 
[2015-02-10 01:40:43--128261]recv conta req 15.jpg! 
[2015-02-10 01:40:47--127542]recv conta req 19.jpg! 
[2015-02-10 01:40:48--694177]19.jpg,MSKU1685954 45G1
[2015-02-10 01:40:48--704604]7.jpg, 
[2015-02-10 01:40:48--732658]11.jpg,MSKU0004911 45G1
[2015-02-10 01:40:48--807063]15.jpg,MAXU2423284 
[2015-02-10 01:40:51--130049]recv conta req 23.jpg! 
[2015-02-10 01:40:51--801121]23.jpg,APHU6639762 45G1
[2015-02-10 01:40:55--132400]recv conta req 27.jpg! 
[2015-02-10 01:40:55--932412]27.jpg,MRKU0995640 42G1
[2015-02-10 01:40:59--134652]recv conta req 31.jpg! 
[2015-02-10 01:40:59--847415]31.jpg,WSDU4921322 45G1
[2015-02-10 01:41:03--138629]recv conta req 35.jpg! 
[2015-02-10 01:41:03--917257]35.jpg,WSDU4920250 45G1
[2015-02-10 01:41:07--140270]recv conta req 4.jpg! 
[2015-02-10 01:41:08--554828]4.jpg,MSKU4011903 22G1
[2015-02-10 01:41:11--143995]recv conta req 8.jpg! 
[2015-02-10 01:41:15--146520]recv conta req 12.jpg! 
[2015-02-10 01:41:16--700839]8.jpg,CCLU6287245 45G1
[2015-02-10 01:41:19--146846]recv conta req 16.jpg! 
[2015-02-10 01:41:20--894724]16.jpg,TEMU3075040 22G1
[2015-02-10 01:41:23--150308]recv conta req 20.jpg! 
[2015-02-10 01:41:24--636789]20.jpg,FCIU4591874 22G1
[2015-02-10 01:41:26--006609]12.jpg,MEDU1861156 22G1
[2015-02-10 01:41:27--153081]recv conta req 24.jpg! 
[2015-02-10 01:41:27--801357]24.jpg,SEGU1904022 22G1
[2015-02-10 01:41:31--155169]recv conta req 28.jpg! 
[2015-02-10 01:41:31--976070]28.jpg,FCIU8609740 45G1
[2015-02-10 01:41:35--156854]recv conta req 32.jpg! 
[2015-02-10 01:41:35--823766]32.jpg,CITU1173790 45G1
[2015-02-10 01:41:39--160462]recv conta req 1.jpg! 
[2015-02-10 01:41:40--894268]1.jpg,MSKU9550132 45G1
[2015-02-10 01:41:43--161971]recv conta req 5.jpg! 
[2015-02-10 01:41:46--054666]5.jpg,IIIU7???46? 22G1
[2015-02-10 01:41:47--165703]recv conta req 9.jpg! 
[2015-02-10 01:41:51--169277]recv conta req 13.jpg! 
[2015-02-10 01:41:54--995201]9.jpg,MRKU3324814 45G1
[2015-02-10 01:41:55--170099]recv conta req 17.jpg! 
[2015-02-10 01:41:57--227185]17.jpg,SEGU1445915 22G1
[2015-02-10 01:41:59--172950]recv conta req 21.jpg! 
[2015-02-10 01:42:00--062064]13.jpg,FSCU7372776 22G1
[2015-02-10 01:42:00--344665]21.jpg,TRLU8984373 22G1
[2015-02-10 01:42:03--174372]recv conta req 25.jpg! 
[2015-02-10 01:42:03--810390]25.jpg, 
[2015-02-10 01:42:07--176363]recv conta req 29.jpg! 
[2015-02-10 01:42:07--808864]29.jpg,SEGU9039975 45R1
[2015-02-10 01:42:11--179635]recv conta req 33.jpg! 
[2015-02-10 01:42:12--043716]33.jpg,PHLU2031555 22G1
[2015-02-10 01:42:15--183450]recv conta req 2.jpg! 
[2015-02-10 01:42:19--050220]2.jpg,GESU5520648 45G1
[2015-02-10 01:42:19--184670]recv conta req 6.jpg! 
[2015-02-10 01:42:21--652947]6.jpg,MRKU8566960 22G1
[2015-02-10 01:42:23--189864]recv conta req 10.jpg! 
[2015-02-10 01:42:27--190790]recv conta req 14.jpg! 
[2015-02-10 01:42:31--191890]recv conta req 18.jpg! 
[2015-02-10 01:42:33--125679]18.jpg,CRXU1866805 22G1
[2015-02-10 01:42:33--216699]10.jpg,CSLU1475718 22G1
[2015-02-10 01:42:35--193626]recv conta req 22.jpg! 
[2015-02-10 01:42:35--320604]14.jpg,MRKU9670500 22G1
[2015-02-10 01:42:35--872773]22.jpg,TCLU2873584 22G1
[2015-02-10 01:42:39--196806]recv conta req 26.jpg! 
[2015-02-10 01:42:39--925203]26.jpg,CRSU9147318 45G1
[2015-02-10 01:42:43--199278]recv conta req 30.jpg! 
[2015-02-10 01:42:43--809703]30.jpg,CMAU4559732 45G1
[2015-02-10 01:42:47--201902]recv conta req 34.jpg! 
[2015-02-10 01:42:47--946886]34.jpg,CMAU4555275 45G1
[2015-02-10 01:42:51--203749]recv conta req 3.jpg! 
[2015-02-10 01:42:55--169580]3.jpg,EITU1067234 45G1
[2015-02-10 01:42:55--211549]recv conta req 7.jpg! 
[2015-02-10 01:42:59--210330]recv conta req 11.jpg! 
[2015-02-10 01:43:03--214008]recv conta req 15.jpg! 
[2015-02-10 01:43:07--214338]recv conta req 19.jpg! 
[2015-02-10 01:43:07--628993]11.jpg,MSKU0004911 45G1
[2015-02-10 01:43:08--493342]19.jpg,MSKU1685954 45G1
[2015-02-10 01:43:09--257444]15.jpg,MAXU2423284 
[2015-02-10 01:43:09--365837]7.jpg, 
[2015-02-10 01:43:11--216352]recv conta req 23.jpg! 
[2015-02-10 01:43:11--898186]23.jpg,APHU6639762 45G1
[2015-02-10 01:43:15--218571]recv conta req 27.jpg! 
[2015-02-10 01:43:16--048497]27.jpg,MRKU0995640 42G1
[2015-02-10 01:43:19--221812]recv conta req 31.jpg! 
[2015-02-10 01:43:19--925057]31.jpg,WSDU4921322 45G1
[2015-02-10 01:43:23--224304]recv conta req 35.jpg! 
[2015-02-10 01:43:23--993122]35.jpg,WSDU4920250 45G1
[2015-02-10 01:43:27--226788]recv conta req 4.jpg! 
[2015-02-10 01:43:28--741860]4.jpg,MSKU4011903 22G1
[2015-02-10 01:43:31--230805]recv conta req 8.jpg! 
[2015-02-10 01:43:35--235401]recv conta req 12.jpg! 
[2015-02-10 01:43:37--724269]8.jpg,CCLU6287245 45G1
[2015-02-10 01:43:39--233235]recv conta req 16.jpg! 
[2015-02-10 01:43:40--869393]16.jpg,TEMU3075040 22G1
[2015-02-10 01:43:43--236352]recv conta req 20.jpg! 
[2015-02-10 01:43:44--452425]20.jpg,FCIU4591874 22G1
[2015-02-10 01:43:46--175390]12.jpg,MEDU1861156 22G1
[2015-02-10 01:43:47--239016]recv conta req 24.jpg! 
[2015-02-10 01:43:47--924954]24.jpg,SEGU1904022 22G1
[2015-02-10 01:43:51--241375]recv conta req 28.jpg! 
[2015-02-10 01:43:52--066638]28.jpg,FCIU8609740 45G1
[2015-02-10 01:43:55--243227]recv conta req 32.jpg! 
[2015-02-10 01:43:55--917485]32.jpg,CITU1173790 45G1
[2015-02-10 01:43:59--246836]recv conta req 1.jpg! 
[2015-02-10 01:44:00--997502]1.jpg,MSKU9550132 45G1
[2015-02-10 01:44:03--248413]recv conta req 5.jpg! 
[2015-02-10 01:44:06--124063]5.jpg,IIIU7???46? 22G1
[2015-02-10 01:44:07--252380]recv conta req 9.jpg! 
[2015-02-10 01:44:11--255214]recv conta req 13.jpg! 
[2015-02-10 01:44:14--667876]9.jpg,MRKU3324814 45G1
[2015-02-10 01:44:15--256073]recv conta req 17.jpg! 
[2015-02-10 01:44:17--280738]17.jpg,SEGU1445915 22G1
[2015-02-10 01:44:19--258354]recv conta req 21.jpg! 
[2015-02-10 01:44:20--088232]13.jpg,FSCU7372776 22G1
[2015-02-10 01:44:20--243723]21.jpg,TRLU8984373 22G1
[2015-02-10 01:44:23--260692]recv conta req 25.jpg! 
[2015-02-10 01:44:23--913626]25.jpg, 
[2015-02-10 01:44:27--262659]recv conta req 29.jpg! 
[2015-02-10 01:44:27--912083]29.jpg,SEGU9039975 45R1
[2015-02-10 01:44:31--265969]recv conta req 33.jpg! 
[2015-02-10 01:44:32--159227]33.jpg,PHLU2031555 22G1
[2015-02-10 01:44:35--268866]recv conta req 2.jpg! 
[2015-02-10 01:44:39--066222]2.jpg,GESU5520648 45G1
[2015-02-10 01:44:39--271000]recv conta req 6.jpg! 
[2015-02-10 01:44:41--696720]6.jpg,MRKU8566960 22G1
[2015-02-10 01:44:43--275133]recv conta req 10.jpg! 
[2015-02-10 01:44:47--277284]recv conta req 14.jpg! 
[2015-02-10 01:44:51--278109]recv conta req 18.jpg! 
[2015-02-10 01:44:53--240399]18.jpg,CRXU1866805 22G1
[2015-02-10 01:44:54--171627]10.jpg,CSLU1475718 22G1
[2015-02-10 01:44:55--172541]14.jpg,MRKU9670500 22G1
[2015-02-10 01:44:55--282107]recv conta req 22.jpg! 
[2015-02-10 01:44:55--945844]22.jpg,TCLU2873584 22G1
[2015-02-10 01:44:59--285138]recv conta req 26.jpg! 
[2015-02-10 01:45:00--044963]26.jpg,CRSU9147318 45G1
[2015-02-10 01:45:03--287488]recv conta req 30.jpg! 
[2015-02-10 01:45:03--929419]30.jpg,CMAU4559732 45G1
[2015-02-10 01:45:07--290209]recv conta req 34.jpg! 
[2015-02-10 01:45:08--056075]34.jpg,CMAU4555275 45G1
[2015-02-10 01:45:11--292014]recv conta req 3.jpg! 
[2015-02-10 01:45:15--153104]3.jpg,EITU1067234 45G1
[2015-02-10 01:45:15--299118]recv conta req 7.jpg! 
[2015-02-10 01:45:19--300569]recv conta req 11.jpg! 
[2015-02-10 01:45:23--302099]recv conta req 15.jpg! 
[2015-02-10 01:45:27--304872]recv conta req 19.jpg! 
[2015-02-10 01:45:28--612637]15.jpg,MAXU2423284 
[2015-02-10 01:45:29--065675]19.jpg,MSKU1685954 45G1
[2015-02-10 01:45:29--184399]7.jpg, 
[2015-02-10 01:45:29--185839]11.jpg,MSKU0004911 45G1
[2015-02-10 01:45:31--307391]recv conta req 23.jpg! 
[2015-02-10 01:45:31--968297]23.jpg,APHU6639762 45G1
[2015-02-10 01:45:35--308438]recv conta req 27.jpg! 
[2015-02-10 01:45:36--115933]27.jpg,MRKU0995640 42G1
[2015-02-10 01:45:39--311692]recv conta req 31.jpg! 
[2015-02-10 01:45:40--032326]31.jpg,WSDU4921322 45G1
[2015-02-10 01:45:43--314066]recv conta req 35.jpg! 
[2015-02-10 01:45:44--095674]35.jpg,WSDU4920250 45G1
[2015-02-10 01:45:47--316439]recv conta req 4.jpg! 
[2015-02-10 01:45:48--925311]4.jpg,MSKU4011903 22G1
[2015-02-10 01:45:51--320986]recv conta req 8.jpg! 
[2015-02-10 01:45:55--328825]recv conta req 12.jpg! 
[2015-02-10 01:45:57--174530]8.jpg,CCLU6287245 45G1
[2015-02-10 01:45:59--323096]recv conta req 16.jpg! 
[2015-02-10 01:46:00--970824]16.jpg,TEMU3075040 22G1
[2015-02-10 01:46:03--326511]recv conta req 20.jpg! 
[2015-02-10 01:46:04--347847]20.jpg,FCIU4591874 22G1
[2015-02-10 01:46:06--038281]12.jpg,MEDU1861156 22G1
[2015-02-10 01:46:07--328714]recv conta req 24.jpg! 
[2015-02-10 01:46:08--012959]24.jpg,SEGU1904022 22G1
[2015-02-10 01:46:11--331769]recv conta req 28.jpg! 
[2015-02-10 01:46:12--195048]28.jpg,FCIU8609740 45G1
[2015-02-10 01:46:15--332971]recv conta req 32.jpg! 
[2015-02-10 01:46:16--000370]32.jpg,CITU1173790 45G1
[2015-02-10 01:46:19--337329]recv conta req 1.jpg! 
[2015-02-10 01:46:21--112599]1.jpg,MSKU9550132 45G1
[2015-02-10 01:46:23--337946]recv conta req 5.jpg! 
[2015-02-10 01:46:26--284777]5.jpg,IIIU7???46? 22G1
[2015-02-10 01:46:27--342172]recv conta req 9.jpg! 
[2015-02-10 01:46:31--344857]recv conta req 13.jpg! 
[2015-02-10 01:46:35--345998]recv conta req 17.jpg! 
[2015-02-10 01:46:36--614177]9.jpg,MRKU3324814 45G1
[2015-02-10 01:46:37--809981]17.jpg,SEGU1445915 22G1
[2015-02-10 01:46:39--104811]13.jpg,FSCU7372776 22G1
[2015-02-10 01:46:39--348059]recv conta req 21.jpg! 
[2015-02-10 01:46:40--352085]21.jpg,TRLU8984373 22G1
[2015-02-10 01:46:43--350453]recv conta req 25.jpg! 
[2015-02-10 01:46:44--002307]25.jpg, 
[2015-02-10 01:46:47--352703]recv conta req 29.jpg! 
[2015-02-10 01:46:47--997672]29.jpg,SEGU9039975 45R1
[2015-02-10 01:46:51--356002]recv conta req 33.jpg! 
[2015-02-10 01:46:52--252608]33.jpg,PHLU2031555 22G1
[2015-02-10 01:46:55--361017]recv conta req 2.jpg! 
[2015-02-10 01:46:59--346442]2.jpg,GESU5520648 45G1
[2015-02-10 01:46:59--360942]recv conta req 6.jpg! 
[2015-02-10 01:47:01--901647]6.jpg,MRKU8566960 22G1
[2015-02-10 01:47:03--366604]recv conta req 10.jpg! 
[2015-02-10 01:47:07--370675]recv conta req 14.jpg! 
[2015-02-10 01:47:11--372051]recv conta req 18.jpg! 
[2015-02-10 01:47:11--813999]10.jpg,CSLU1475718 22G1
[2015-02-10 01:47:13--097029]18.jpg,CRXU1866805 22G1
[2015-02-10 01:47:15--375788]recv conta req 22.jpg! 
[2015-02-10 01:47:15--392724]14.jpg,MRKU9670500 22G1
[2015-02-10 01:47:16--024605]22.jpg,TCLU2873584 22G1
[2015-02-10 01:47:19--379943]recv conta req 26.jpg! 
[2015-02-10 01:47:20--129389]26.jpg,CRSU9147318 45G1
[2015-02-10 01:47:23--384759]recv conta req 30.jpg! 
[2015-02-10 01:47:24--120221]30.jpg,CMAU4559732 45G1
[2015-02-10 01:47:27--387221]recv conta req 34.jpg! 
[2015-02-10 01:47:28--150345]34.jpg,CMAU4555275 45G1
[2015-02-10 01:47:31--392305]recv conta req 3.jpg! 
[2015-02-10 01:47:35--281672]3.jpg,EITU1067234 45G1
[2015-02-10 01:47:35--399774]recv conta req 7.jpg! 
[2015-02-10 01:47:39--401146]recv conta req 11.jpg! 
[2015-02-10 01:47:43--407536]recv conta req 15.jpg! 
[2015-02-10 01:47:46--387952]11.jpg,MSKU0004911 45G1
[2015-02-10 01:47:47--407374]recv conta req 19.jpg! 
[2015-02-10 01:47:48--622244]15.jpg,MAXU2423284 
[2015-02-10 01:47:49--034179]19.jpg,MSKU1685954 45G1
[2015-02-10 01:47:49--240442]7.jpg, 
[2015-02-10 01:47:51--409051]recv conta req 23.jpg! 
[2015-02-10 01:47:52--065117]23.jpg,APHU6639762 45G1
[2015-02-10 01:47:55--413143]recv conta req 27.jpg! 
[2015-02-10 01:47:56--210208]27.jpg,MRKU0995640 42G1
[2015-02-10 01:47:59--417579]recv conta req 31.jpg! 
[2015-02-10 01:48:00--155999]31.jpg,WSDU4921322 45G1
[2015-02-10 01:48:03--422041]recv conta req 35.jpg! 
[2015-02-10 01:48:04--208990]35.jpg,WSDU4920250 45G1
[2015-02-10 01:48:07--426944]recv conta req 4.jpg! 
[2015-02-10 01:48:09--008441]4.jpg,MSKU4011903 22G1
[2015-02-10 01:48:11--432726]recv conta req 8.jpg! 
[2015-02-10 01:48:15--438441]recv conta req 12.jpg! 
[2015-02-10 01:48:18--121339]8.jpg,CCLU6287245 45G1
[2015-02-10 01:48:19--438347]recv conta req 16.jpg! 
[2015-02-10 01:48:21--463211]16.jpg,TEMU3075040 22G1
[2015-02-10 01:48:23--442046]recv conta req 20.jpg! 
[2015-02-10 01:48:24--516842]20.jpg,FCIU4591874 22G1
[2015-02-10 01:48:26--596278]12.jpg,MEDU1861156 22G1
[2015-02-10 01:48:27--445519]recv conta req 24.jpg! 
[2015-02-10 01:48:28--147628]24.jpg,SEGU1904022 22G1
[2015-02-10 01:48:31--450474]recv conta req 28.jpg! 
[2015-02-10 01:48:32--317270]28.jpg,FCIU8609740 45G1
[2015-02-10 01:48:35--453968]recv conta req 32.jpg! 
[2015-02-10 01:48:36--132361]32.jpg,CITU1173790 45G1
[2015-02-10 01:48:39--459650]recv conta req 1.jpg! 
[2015-02-10 01:48:41--235506]1.jpg,MSKU9550132 45G1
[2015-02-10 01:48:43--463795]recv conta req 5.jpg! 
[2015-02-10 01:48:46--370158]5.jpg,IIIU7???46? 22G1
[2015-02-10 01:48:47--468707]recv conta req 9.jpg! 
[2015-02-10 01:48:51--471328]recv conta req 13.jpg! 
[2015-02-10 01:48:55--152959]9.jpg,MRKU3324814 45G1
[2015-02-10 01:48:55--474152]recv conta req 17.jpg! 
[2015-02-10 01:48:58--740391]17.jpg,SEGU1445915 22G1
[2015-02-10 01:48:59--478032]recv conta req 21.jpg! 
[2015-02-10 01:49:00--230473]13.jpg,FSCU7372776 22G1
[2015-02-10 01:49:00--467888]21.jpg,TRLU8984373 22G1
[2015-02-10 01:49:03--480914]recv conta req 25.jpg! 
[2015-02-10 01:49:04--149368]25.jpg, 
[2015-02-10 01:49:07--486650]recv conta req 29.jpg! 
[2015-02-10 01:49:08--328159]29.jpg,SEGU9039975 45R1
[2015-02-10 01:49:11--490326]recv conta req 33.jpg! 
[2015-02-10 01:49:12--436657]33.jpg,PHLU2031555 22G1
[2015-02-10 01:49:15--494820]recv conta req 2.jpg! 
[2015-02-10 01:49:19--390892]2.jpg,GESU5520648 45G1
[2015-02-10 01:49:19--497874]recv conta req 6.jpg! 
[2015-02-10 01:49:21--959525]6.jpg,MRKU8566960 22G1
[2015-02-10 01:49:23--505588]recv conta req 10.jpg! 
[2015-02-10 01:49:27--507201]recv conta req 14.jpg! 
[2015-02-10 01:49:31--508396]recv conta req 18.jpg! 
[2015-02-10 01:49:33--206140]18.jpg,CRXU1866805 22G1
[2015-02-10 01:49:33--782592]10.jpg,CSLU1475718 22G1
[2015-02-10 01:49:34--608120]14.jpg,MRKU9670500 22G1
[2015-02-10 01:49:35--510892]recv conta req 22.jpg! 
[2015-02-10 01:49:36--137124]22.jpg,TCLU2873584 22G1
[2015-02-10 01:49:39--515467]recv conta req 26.jpg! 
[2015-02-10 01:49:40--385907]26.jpg,CRSU9147318 45G1
[2015-02-10 01:49:43--521623]recv conta req 30.jpg! 
[2015-02-10 01:49:44--317381]30.jpg,CMAU4559732 45G1
[2015-02-10 01:49:47--522389]recv conta req 34.jpg! 
[2015-02-10 01:49:48--259647]34.jpg,CMAU4555275 45G1
[2015-02-10 01:49:51--526157]recv conta req 3.jpg! 
[2015-02-10 01:49:55--493206]3.jpg,EITU1067234 45G1
[2015-02-10 01:49:55--535033]recv conta req 7.jpg! 
[2015-02-10 01:49:59--537710]recv conta req 11.jpg! 
[2015-02-10 01:50:03--539232]recv conta req 15.jpg! 
[2015-02-10 01:50:06--770461]11.jpg,MSKU0004911 45G1
[2015-02-10 01:50:07--543402]recv conta req 19.jpg! 
[2015-02-10 01:50:08--025445]7.jpg, 
[2015-02-10 01:50:08--771803]15.jpg,MAXU2423284 
[2015-02-10 01:50:08--932602]19.jpg,MSKU1685954 45G1
[2015-02-10 01:50:11--547464]recv conta req 23.jpg! 
[2015-02-10 01:50:12--288493]23.jpg,APHU6639762 45G1
[2015-02-10 01:50:15--552617]recv conta req 27.jpg! 
[2015-02-10 01:50:16--377514]27.jpg,MRKU0995640 42G1
[2015-02-10 01:50:19--558226]recv conta req 31.jpg! 
[2015-02-10 01:50:20--355742]31.jpg,WSDU4921322 45G1
[2015-02-10 01:50:23--562360]recv conta req 35.jpg! 
[2015-02-10 01:50:24--324240]35.jpg,WSDU4920250 45G1
[2015-02-10 01:50:27--565921]recv conta req 4.jpg! 
[2015-02-10 01:50:28--998650]4.jpg,MSKU4011903 22G1
[2015-02-10 01:50:31--570219]recv conta req 8.jpg! 
[2015-02-10 01:50:35--575122]recv conta req 12.jpg! 
[2015-02-10 01:50:38--386899]8.jpg,CCLU6287245 45G1
[2015-02-10 01:50:39--578529]recv conta req 16.jpg! 
[2015-02-10 01:50:41--369849]16.jpg,TEMU3075040 22G1
[2015-02-10 01:50:43--582721]recv conta req 20.jpg! 
[2015-02-10 01:50:44--547326]20.jpg,FCIU4591874 22G1
[2015-02-10 01:50:45--847631]12.jpg,MEDU1861156 22G1
[2015-02-10 01:50:47--587903]recv conta req 24.jpg! 
[2015-02-10 01:50:48--337611]24.jpg,SEGU1904022 22G1
[2015-02-10 01:50:51--589905]recv conta req 28.jpg! 
[2015-02-10 01:50:52--354776]28.jpg,FCIU8609740 45G1
[2015-02-10 01:50:55--593046]recv conta req 32.jpg! 
[2015-02-10 01:50:56--464579]32.jpg,CITU1173790 45G1
[2015-02-10 01:50:59--597560]recv conta req 1.jpg! 
[2015-02-10 01:51:01--258738]1.jpg,MSKU9550132 45G1
[2015-02-10 01:51:03--600480]recv conta req 5.jpg! 
[2015-02-10 01:51:06--256694]5.jpg,IIIU7???46? 22G1
[2015-02-10 01:51:07--606031]recv conta req 9.jpg! 
[2015-02-10 01:51:11--610402]recv conta req 13.jpg! 
[2015-02-10 01:51:15--612485]recv conta req 17.jpg! 
[2015-02-10 01:51:17--400461]9.jpg,MRKU3324814 45G1
[2015-02-10 01:51:18--246870]17.jpg,SEGU1445915 22G1
[2015-02-10 01:51:19--616175]recv conta req 21.jpg! 
[2015-02-10 01:51:19--838172]13.jpg,FSCU7372776 22G1
[2015-02-10 01:51:20--333862]21.jpg,TRLU8984373 22G1
[2015-02-10 01:51:23--619707]recv conta req 25.jpg! 
[2015-02-10 01:51:24--232822]25.jpg, 
[2015-02-10 01:51:27--622994]recv conta req 29.jpg! 
[2015-02-10 01:51:28--249986]29.jpg,SEGU9039975 45R1
[2015-02-10 01:51:31--628618]recv conta req 33.jpg! 
[2015-02-10 01:51:32--727934]33.jpg,PHLU2031555 22G1
[2015-02-10 01:51:35--632954]recv conta req 2.jpg! 
[2015-02-10 01:51:39--448002]2.jpg,GESU5520648 45G1
[2015-02-10 01:51:39--635276]recv conta req 6.jpg! 
[2015-02-10 01:51:41--968308]6.jpg,MRKU8566960 22G1
[2015-02-10 01:51:43--643814]recv conta req 10.jpg! 
[2015-02-10 01:51:47--644740]recv conta req 14.jpg! 
[2015-02-10 01:51:51--650202]recv conta req 18.jpg! 
[2015-02-10 01:51:53--136857]18.jpg,CRXU1866805 22G1
[2015-02-10 01:51:53--927152]10.jpg,CSLU1475718 22G1
[2015-02-10 01:51:55--090093]14.jpg,MRKU9670500 22G1
[2015-02-10 01:51:55--650542]recv conta req 22.jpg! 
[2015-02-10 01:51:56--270039]22.jpg,TCLU2873584 22G1
[2015-02-10 01:51:59--656101]recv conta req 26.jpg! 
[2015-02-10 01:52:00--407940]26.jpg,CRSU9147318 45G1
[2015-02-10 01:52:03--661701]recv conta req 30.jpg! 
[2015-02-10 01:52:04--440632]30.jpg,CMAU4559732 45G1
[2015-02-10 01:52:07--663731]recv conta req 34.jpg! 
[2015-02-10 01:52:08--389273]34.jpg,CMAU4555275 45G1
[2015-02-10 01:52:11--668008]recv conta req 3.jpg! 
[2015-02-10 01:52:15--293708]3.jpg,EITU1067234 45G1
[2015-02-10 01:52:15--672226]recv conta req 7.jpg! 
[2015-02-10 01:52:19--676708]recv conta req 11.jpg! 
[2015-02-10 01:52:23--681640]recv conta req 15.jpg! 
[2015-02-10 01:52:27--681005]recv conta req 19.jpg! 
[2015-02-10 01:52:28--713153]11.jpg,MSKU0004911 45G1
[2015-02-10 01:52:29--114216]15.jpg,MAXU2423284 
[2015-02-10 01:52:29--150117]19.jpg,MSKU1685954 45G1
[2015-02-10 01:52:29--336056]7.jpg, 
[2015-02-10 01:52:31--684595]recv conta req 23.jpg! 
[2015-02-10 01:52:32--380832]23.jpg,APHU6639762 45G1
[2015-02-10 01:52:35--689036]recv conta req 27.jpg! 
[2015-02-10 01:52:36--519090]27.jpg,MRKU0995640 42G1
[2015-02-10 01:52:39--694743]recv conta req 31.jpg! 
[2015-02-10 01:52:40--529607]31.jpg,WSDU4921322 45G1
[2015-02-10 01:52:43--695945]recv conta req 35.jpg! 
[2015-02-10 01:52:44--427847]35.jpg,WSDU4920250 45G1
[2015-02-10 01:52:47--698370]recv conta req 4.jpg! 
[2015-02-10 01:52:49--273174]4.jpg,MSKU4011903 22G1
[2015-02-10 01:52:51--705393]recv conta req 8.jpg! 
[2015-02-10 01:52:55--708783]recv conta req 12.jpg! 
[2015-02-10 01:52:58--737136]8.jpg,CCLU6287245 45G1
[2015-02-10 01:52:59--709417]recv conta req 16.jpg! 
