[2015-02-09 22:53:00--497557]4.jpg,MSKU4011903 22G1
[2015-02-09 22:53:03--018545]recv conta req 8.jpg! 
[2015-02-09 22:53:07--021678]recv conta req 12.jpg! 
[2015-02-09 22:53:09--466307]8.jpg,CCLU6287245 45G1
[2015-02-09 22:53:11--022181]recv conta req 16.jpg! 
[2015-02-09 22:53:12--732693]16.jpg,TEMU3075040 22G1
[2015-02-09 22:53:15--024270]recv conta req 20.jpg! 
[2015-02-09 22:53:16--059134]20.jpg,FCIU4591874 22G1
[2015-02-09 22:53:17--085889]12.jpg,MEDU1861156 22G1
[2015-02-09 22:53:19--030199]recv conta req 24.jpg! 
[2015-02-09 22:53:19--951372]24.jpg,SEGU1904022 22G1
[2015-02-09 22:53:23--029098]recv conta req 28.jpg! 
[2015-02-09 22:53:23--828467]28.jpg,FCIU8609740 45G1
[2015-02-09 22:53:27--034592]recv conta req 32.jpg! 
[2015-02-09 22:53:27--943329]32.jpg,CITU1173790 45G1
[2015-02-09 22:53:31--037560]recv conta req 1.jpg! 
[2015-02-09 22:53:33--057894]1.jpg,MSKU9550132 45G1
[2015-02-09 22:53:35--038340]recv conta req 5.jpg! 
[2015-02-09 22:53:37--744706]5.jpg,IIIU7???46? 22G1
[2015-02-09 22:53:39--042192]recv conta req 9.jpg! 
[2015-02-09 22:53:43--044530]recv conta req 13.jpg! 
[2015-02-09 22:53:47--045024]recv conta req 17.jpg! 
[2015-02-09 22:53:47--404228]9.jpg,MRKU3324814 45G1
[2015-02-09 22:53:49--188915]17.jpg,SEGU1445915 22G1
[2015-02-09 22:53:51--048057]recv conta req 21.jpg! 
[2015-02-09 22:53:51--442737]13.jpg,FSCU7372776 22G1
[2015-02-09 22:53:51--805043]21.jpg,TRLU8984373 22G1
[2015-02-09 22:53:55--051657]recv conta req 25.jpg! 
[2015-02-09 22:53:55--937011]25.jpg, 
[2015-02-09 22:53:59--053175]recv conta req 29.jpg! 
[2015-02-09 22:53:59--663380]29.jpg,SEGU9039975 45R1
[2015-02-09 22:54:03--055853]recv conta req 33.jpg! 
[2015-02-09 22:54:04--257147]33.jpg,PHLU2031555 22G1
[2015-02-09 22:54:07--057976]recv conta req 2.jpg! 
[2015-02-09 22:54:10--939233]2.jpg,GESU5520648 45G1
[2015-02-09 22:54:11--060847]recv conta req 6.jpg! 
[2015-02-09 22:54:13--405955]6.jpg,MRKU8566960 22G1
[2015-02-09 22:54:15--064600]recv conta req 10.jpg! 
[2015-02-09 22:54:19--066802]recv conta req 14.jpg! 
[2015-02-09 22:54:23--068070]recv conta req 18.jpg! 
[2015-02-09 22:54:24--734744]18.jpg,CRXU1866805 22G1
[2015-02-09 22:54:25--064091]10.jpg,CSLU1475718 22G1
[2015-02-09 22:54:27--015872]14.jpg,MRKU9670500 22G1
[2015-02-09 22:54:27--073854]recv conta req 22.jpg! 
[2015-02-09 22:54:27--930030]22.jpg,TCLU2873584 22G1
[2015-02-09 22:54:31--072829]recv conta req 26.jpg! 
[2015-02-09 22:54:31--813184]26.jpg,CRSU9147318 45G1
[2015-02-09 22:54:35--075844]recv conta req 30.jpg! 
[2015-02-09 22:54:35--743969]30.jpg,CMAU4559732 45G1
[2015-02-09 22:54:39--080235]recv conta req 34.jpg! 
[2015-02-09 22:54:40--011035]34.jpg,CMAU4555275 45G1
[2015-02-09 22:54:43--082288]recv conta req 3.jpg! 
[2015-02-09 22:54:46--879799]3.jpg,EITU1067234 45G1
[2015-02-09 22:54:47--085972]recv conta req 7.jpg! 
[2015-02-09 22:54:51--087937]recv conta req 11.jpg! 
[2015-02-09 22:54:55--090175]recv conta req 15.jpg! 
[2015-02-09 22:54:59--090975]recv conta req 19.jpg! 
[2015-02-09 22:55:00--093828]15.jpg,MAXU2423284 
[2015-02-09 22:55:00--476080]19.jpg,MSKU1685954 45G1
[2015-02-09 22:55:00--679482]11.jpg,MSKU0004911 45G1
[2015-02-09 22:55:01--180040]7.jpg, 
[2015-02-09 22:55:03--096245]recv conta req 23.jpg! 
[2015-02-09 22:55:04--038897]23.jpg,APHU6639762 45G1
[2015-02-09 22:55:07--096759]recv conta req 27.jpg! 
[2015-02-09 22:55:07--880430]27.jpg,MRKU0995640 42G1
[2015-02-09 22:55:11--101730]recv conta req 31.jpg! 
[2015-02-09 22:55:12--017320]31.jpg,WSDU4921322 45G1
[2015-02-09 22:55:15--104162]recv conta req 35.jpg! 
[2015-02-09 22:55:16--085420]35.jpg,WSDU4920250 45G1
[2015-02-09 22:55:19--104613]recv conta req 4.jpg! 
[2015-02-09 22:55:20--584034]4.jpg,MSKU4011903 22G1
[2015-02-09 22:55:23--110096]recv conta req 8.jpg! 
[2015-02-09 22:55:27--111255]recv conta req 12.jpg! 
[2015-02-09 22:55:28--696597]8.jpg,CCLU6287245 45G1
[2015-02-09 22:55:31--112612]recv conta req 16.jpg! 
[2015-02-09 22:55:32--890299]16.jpg,TEMU3075040 22G1
[2015-02-09 22:55:35--114725]recv conta req 20.jpg! 
[2015-02-09 22:55:36--108212]20.jpg,FCIU4591874 22G1
[2015-02-09 22:55:37--265637]12.jpg,MEDU1861156 22G1
[2015-02-09 22:55:39--120970]recv conta req 24.jpg! 
[2015-02-09 22:55:40--033391]24.jpg,SEGU1904022 22G1
[2015-02-09 22:55:43--120617]recv conta req 28.jpg! 
[2015-02-09 22:55:43--988588]28.jpg,FCIU8609740 45G1
[2015-02-09 22:55:47--126460]recv conta req 32.jpg! 
[2015-02-09 22:55:48--101700]32.jpg,CITU1173790 45G1
[2015-02-09 22:55:51--129424]recv conta req 1.jpg! 
[2015-02-09 22:55:53--143249]1.jpg,MSKU9550132 45G1
[2015-02-09 22:55:55--129755]recv conta req 5.jpg! 
[2015-02-09 22:55:57--978365]5.jpg,IIIU7???46? 22G1
[2015-02-09 22:55:59--133772]recv conta req 9.jpg! 
[2015-02-09 22:56:03--135876]recv conta req 13.jpg! 
[2015-02-09 22:56:06--409528]9.jpg,MRKU3324814 45G1
[2015-02-09 22:56:07--141515]recv conta req 17.jpg! 
[2015-02-09 22:56:09--088476]17.jpg,SEGU1445915 22G1
[2015-02-09 22:56:11--139778]recv conta req 21.jpg! 
[2015-02-09 22:56:12--056735]21.jpg,TRLU8984373 22G1
[2015-02-09 22:56:12--101748]13.jpg,FSCU7372776 22G1
[2015-02-09 22:56:15--144524]recv conta req 25.jpg! 
[2015-02-09 22:56:16--105821]25.jpg, 
[2015-02-09 22:56:19--146170]recv conta req 29.jpg! 
[2015-02-09 22:56:19--826321]29.jpg,SEGU9039975 45R1
[2015-02-09 22:56:23--149972]recv conta req 33.jpg! 
[2015-02-09 22:56:24--241017]33.jpg,PHLU2031555 22G1
[2015-02-09 22:56:27--150785]recv conta req 2.jpg! 
[2015-02-09 22:56:31--153755]recv conta req 6.jpg! 
[2015-02-09 22:56:31--411878]2.jpg,GESU5520648 45G1
[2015-02-09 22:56:33--669281]6.jpg,MRKU8566960 22G1
[2015-02-09 22:56:35--156823]recv conta req 10.jpg! 
[2015-02-09 22:56:39--159142]recv conta req 14.jpg! 
[2015-02-09 22:56:43--160005]recv conta req 18.jpg! 
[2015-02-09 22:56:45--097843]18.jpg,CRXU1866805 22G1
[2015-02-09 22:56:45--118290]10.jpg,CSLU1475718 22G1
[2015-02-09 22:56:46--865001]14.jpg,MRKU9670500 22G1
[2015-02-09 22:56:47--166129]recv conta req 22.jpg! 
[2015-02-09 22:56:48--030074]22.jpg,TCLU2873584 22G1
[2015-02-09 22:56:51--166263]recv conta req 26.jpg! 
[2015-02-09 22:56:51--891756]26.jpg,CRSU9147318 45G1
[2015-02-09 22:56:55--169083]recv conta req 30.jpg! 
[2015-02-09 22:56:55--835958]30.jpg,CMAU4559732 45G1
[2015-02-09 22:56:59--172194]recv conta req 34.jpg! 
[2015-02-09 22:56:59--930445]34.jpg,CMAU4555275 45G1
[2015-02-09 22:57:03--175380]recv conta req 3.jpg! 
[2015-02-09 22:57:06--944368]3.jpg,EITU1067234 45G1
[2015-02-09 22:57:07--179770]recv conta req 7.jpg! 
[2015-02-09 22:57:11--180940]recv conta req 11.jpg! 
[2015-02-09 22:57:15--183540]recv conta req 15.jpg! 
[2015-02-09 22:57:18--873141]15.jpg,MAXU2423284 
[2015-02-09 22:57:19--184116]recv conta req 19.jpg! 
[2015-02-09 22:57:19--909835]7.jpg, 
[2015-02-09 22:57:20--681491]11.jpg,MSKU0004911 45G1
[2015-02-09 22:57:20--727553]19.jpg,MSKU1685954 45G1
[2015-02-09 22:57:23--191430]recv conta req 23.jpg! 
[2015-02-09 22:57:24--056032]23.jpg,APHU6639762 45G1
[2015-02-09 22:57:27--190628]recv conta req 27.jpg! 
[2015-02-09 22:57:27--990663]27.jpg,MRKU0995640 42G1
[2015-02-09 22:57:31--195894]recv conta req 31.jpg! 
[2015-02-09 22:57:32--100353]31.jpg,WSDU4921322 45G1
[2015-02-09 22:57:35--198849]recv conta req 35.jpg! 
[2015-02-09 22:57:36--179787]35.jpg,WSDU4920250 45G1
[2015-02-09 22:57:39--199100]recv conta req 4.jpg! 
[2015-02-09 22:57:40--676497]4.jpg,MSKU4011903 22G1
[2015-02-09 22:57:43--203152]recv conta req 8.jpg! 
[2015-02-09 22:57:47--207049]recv conta req 12.jpg! 
[2015-02-09 22:57:48--353965]8.jpg,CCLU6287245 45G1
[2015-02-09 22:57:51--208322]recv conta req 16.jpg! 
[2015-02-09 22:57:53--203550]16.jpg,TEMU3075040 22G1
[2015-02-09 22:57:55--212622]recv conta req 20.jpg! 
[2015-02-09 22:57:56--577864]20.jpg,FCIU4591874 22G1
[2015-02-09 22:57:57--820941]12.jpg,MEDU1861156 22G1
[2015-02-09 22:57:59--216653]recv conta req 24.jpg! 
[2015-02-09 22:58:00--108188]24.jpg,SEGU1904022 22G1
[2015-02-09 22:58:03--216945]recv conta req 28.jpg! 
[2015-02-09 22:58:04--004622]28.jpg,FCIU8609740 45G1
[2015-02-09 22:58:07--220263]recv conta req 32.jpg! 
[2015-02-09 22:58:07--890068]32.jpg,CITU1173790 45G1
[2015-02-09 22:58:11--222381]recv conta req 1.jpg! 
[2015-02-09 22:58:12--920666]1.jpg,MSKU9550132 45G1
[2015-02-09 22:58:15--225508]recv conta req 5.jpg! 
[2015-02-09 22:58:18--163123]5.jpg,IIIU7???46? 22G1
[2015-02-09 22:58:19--228824]recv conta req 9.jpg! 
[2015-02-09 22:58:23--231776]recv conta req 13.jpg! 
[2015-02-09 22:58:27--232102]recv conta req 17.jpg! 
[2015-02-09 22:58:27--285325]9.jpg,MRKU3324814 45G1
[2015-02-09 22:58:29--231766]17.jpg,SEGU1445915 22G1
[2015-02-09 22:58:31--234719]recv conta req 21.jpg! 
[2015-02-09 22:58:32--191245]13.jpg,FSCU7372776 22G1
[2015-02-09 22:58:32--298838]21.jpg,TRLU8984373 22G1
[2015-02-09 22:58:35--236648]recv conta req 25.jpg! 
[2015-02-09 22:58:35--882056]25.jpg, 
[2015-02-09 22:58:39--239819]recv conta req 29.jpg! 
[2015-02-09 22:58:39--877144]29.jpg,SEGU9039975 45R1
[2015-02-09 22:58:43--241824]recv conta req 33.jpg! 
[2015-02-09 22:58:44--124278]33.jpg,PHLU2031555 22G1
[2015-02-09 22:58:47--244626]recv conta req 2.jpg! 
[2015-02-09 22:58:51--103138]2.jpg,GESU5520648 45G1
[2015-02-09 22:58:51--247599]recv conta req 6.jpg! 
[2015-02-09 22:58:53--734331]6.jpg,MRKU8566960 22G1
[2015-02-09 22:58:55--252438]recv conta req 10.jpg! 
[2015-02-09 22:58:59--253856]recv conta req 14.jpg! 
[2015-02-09 22:59:03--254951]recv conta req 18.jpg! 
[2015-02-09 22:59:04--405975]10.jpg,CSLU1475718 22G1
[2015-02-09 22:59:05--158707]18.jpg,CRXU1866805 22G1
[2015-02-09 22:59:07--258138]recv conta req 22.jpg! 
[2015-02-09 22:59:07--319831]14.jpg,MRKU9670500 22G1
[2015-02-09 22:59:07--909425]22.jpg,TCLU2873584 22G1
[2015-02-09 22:59:11--260005]recv conta req 26.jpg! 
[2015-02-09 22:59:11--987697]26.jpg,CRSU9147318 45G1
[2015-02-09 22:59:15--262488]recv conta req 30.jpg! 
[2015-02-09 22:59:15--889419]30.jpg,CMAU4559732 45G1
[2015-02-09 22:59:19--265622]recv conta req 34.jpg! 
[2015-02-09 22:59:20--015739]34.jpg,CMAU4555275 45G1
[2015-02-09 22:59:23--269356]recv conta req 3.jpg! 
[2015-02-09 22:59:27--173214]3.jpg,EITU1067234 45G1
[2015-02-09 22:59:27--271379]recv conta req 7.jpg! 
[2015-02-09 22:59:31--275147]recv conta req 11.jpg! 
[2015-02-09 22:59:35--277594]recv conta req 15.jpg! 
[2015-02-09 22:59:39--277445]recv conta req 19.jpg! 
[2015-02-09 22:59:40--851776]19.jpg,MSKU1685954 45G1
[2015-02-09 22:59:41--075247]11.jpg,MSKU0004911 45G1
[2015-02-09 22:59:41--606072]15.jpg,MAXU2423284 
[2015-02-09 22:59:42--773391]7.jpg, 
[2015-02-09 22:59:43--281423]recv conta req 23.jpg! 
[2015-02-09 22:59:43--917659]23.jpg,APHU6639762 45G1
[2015-02-09 22:59:47--283869]recv conta req 27.jpg! 
[2015-02-09 22:59:48--091977]27.jpg,MRKU0995640 42G1
[2015-02-09 22:59:51--285455]recv conta req 31.jpg! 
[2015-02-09 22:59:52--009766]31.jpg,WSDU4921322 45G1
[2015-02-09 22:59:55--288361]recv conta req 35.jpg! 
[2015-02-09 22:59:56--132301]35.jpg,WSDU4920250 45G1
[2015-02-09 22:59:59--290394]recv conta req 4.jpg! 
[2015-02-09 23:00:00--822758]4.jpg,MSKU4011903 22G1
[2015-02-09 23:00:03--294451]recv conta req 8.jpg! 
[2015-02-09 23:00:07--298584]recv conta req 12.jpg! 
[2015-02-09 23:00:10--546725]8.jpg,CCLU6287245 45G1
[2015-02-09 23:00:11--298534]recv conta req 16.jpg! 
[2015-02-09 23:00:13--058816]16.jpg,TEMU3075040 22G1
[2015-02-09 23:00:15--301091]recv conta req 20.jpg! 
[2015-02-09 23:00:16--420149]20.jpg,FCIU4591874 22G1
[2015-02-09 23:00:18--337169]12.jpg,MEDU1861156 22G1
[2015-02-09 23:00:19--304493]recv conta req 24.jpg! 
[2015-02-09 23:00:19--970228]24.jpg,SEGU1904022 22G1
[2015-02-09 23:00:23--308002]recv conta req 28.jpg! 
[2015-02-09 23:00:24--167036]28.jpg,FCIU8609740 45G1
[2015-02-09 23:00:27--312955]recv conta req 32.jpg! 
[2015-02-09 23:00:28--025656]32.jpg,CITU1173790 45G1
[2015-02-09 23:00:31--317549]recv conta req 1.jpg! 
[2015-02-09 23:00:33--058048]1.jpg,MSKU9550132 45G1
[2015-02-09 23:00:35--324379]recv conta req 5.jpg! 
[2015-02-09 23:00:38--206246]5.jpg,IIIU7???46? 22G1
[2015-02-09 23:00:39--326840]recv conta req 9.jpg! 
[2015-02-09 23:00:43--332044]recv conta req 13.jpg! 
[2015-02-09 23:00:47--334868]recv conta req 17.jpg! 
[2015-02-09 23:00:47--936356]9.jpg,MRKU3324814 45G1
[2015-02-09 23:00:49--162591]17.jpg,SEGU1445915 22G1
[2015-02-09 23:00:51--338430]recv conta req 21.jpg! 
[2015-02-09 23:00:52--376783]21.jpg,TRLU8984373 22G1
[2015-02-09 23:00:52--481115]13.jpg,FSCU7372776 22G1
[2015-02-09 23:00:55--341687]recv conta req 25.jpg! 
[2015-02-09 23:00:56--088036]25.jpg, 
[2015-02-09 23:00:59--345141]recv conta req 29.jpg! 
[2015-02-09 23:00:59--985287]29.jpg,SEGU9039975 45R1
[2015-02-09 23:01:03--349298]recv conta req 33.jpg! 
[2015-02-09 23:01:04--161395]33.jpg,PHLU2031555 22G1
[2015-02-09 23:01:07--354217]recv conta req 2.jpg! 
[2015-02-09 23:01:11--358848]recv conta req 6.jpg! 
[2015-02-09 23:01:11--377512]2.jpg,GESU5520648 45G1
[2015-02-09 23:01:13--883799]6.jpg,MRKU8566960 22G1
[2015-02-09 23:01:15--364250]recv conta req 10.jpg! 
[2015-02-09 23:01:19--367951]recv conta req 14.jpg! 
[2015-02-09 23:01:23--371851]recv conta req 18.jpg! 
[2015-02-09 23:01:25--076216]18.jpg,CRXU1866805 22G1
[2015-02-09 23:01:26--734714]10.jpg,CSLU1475718 22G1
[2015-02-09 23:01:26--901552]14.jpg,MRKU9670500 22G1
[2015-02-09 23:01:27--374470]recv conta req 22.jpg! 
[2015-02-09 23:01:28--081005]22.jpg,TCLU2873584 22G1
[2015-02-09 23:01:31--377711]recv conta req 26.jpg! 
[2015-02-09 23:01:32--093994]26.jpg,CRSU9147318 45G1
[2015-02-09 23:01:35--382315]recv conta req 30.jpg! 
[2015-02-09 23:01:36--028020]30.jpg,CMAU4559732 45G1
[2015-02-09 23:01:39--386492]recv conta req 34.jpg! 
[2015-02-09 23:01:40--237476]34.jpg,CMAU4555275 45G1
[2015-02-09 23:01:43--391034]recv conta req 3.jpg! 
[2015-02-09 23:01:47--217661]3.jpg,EITU1067234 45G1
[2015-02-09 23:01:47--397050]recv conta req 7.jpg! 
[2015-02-09 23:01:51--400136]recv conta req 11.jpg! 
[2015-02-09 23:01:55--404768]recv conta req 15.jpg! 
[2015-02-09 23:01:59--405514]recv conta req 19.jpg! 
[2015-02-09 23:02:00--763260]15.jpg,MAXU2423284 
[2015-02-09 23:02:00--979521]7.jpg, 
[2015-02-09 23:02:01--298155]11.jpg,MSKU0004911 45G1
[2015-02-09 23:02:01--315797]19.jpg,MSKU1685954 45G1
[2015-02-09 23:02:03--410341]recv conta req 23.jpg! 
[2015-02-09 23:02:04--059422]23.jpg,APHU6639762 45G1
[2015-02-09 23:02:07--414316]recv conta req 27.jpg! 
[2015-02-09 23:02:08--222646]27.jpg,MRKU0995640 42G1
[2015-02-09 23:02:11--418281]recv conta req 31.jpg! 
[2015-02-09 23:02:12--117937]31.jpg,WSDU4921322 45G1
[2015-02-09 23:02:15--422320]recv conta req 35.jpg! 
[2015-02-09 23:02:16--201144]35.jpg,WSDU4920250 45G1
[2015-02-09 23:02:19--426166]recv conta req 4.jpg! 
[2015-02-09 23:02:21--027774]4.jpg,MSKU4011903 22G1
[2015-02-09 23:02:23--434654]recv conta req 8.jpg! 
[2015-02-09 23:02:27--435928]recv conta req 12.jpg! 
[2015-02-09 23:02:29--748320]8.jpg,CCLU6287245 45G1
[2015-02-09 23:02:31--438164]recv conta req 16.jpg! 
[2015-02-09 23:02:32--956129]16.jpg,TEMU3075040 22G1
[2015-02-09 23:02:35--444024]recv conta req 20.jpg! 
[2015-02-09 23:02:37--047733]20.jpg,FCIU4591874 22G1
[2015-02-09 23:02:38--250810]12.jpg,MEDU1861156 22G1
[2015-02-09 23:02:39--446084]recv conta req 24.jpg! 
[2015-02-09 23:02:40--136846]24.jpg,SEGU1904022 22G1
[2015-02-09 23:02:43--450736]recv conta req 28.jpg! 
[2015-02-09 23:02:44--303876]28.jpg,FCIU8609740 45G1
[2015-02-09 23:02:47--452919]recv conta req 32.jpg! 
[2015-02-09 23:02:48--125936]32.jpg,CITU1173790 45G1
[2015-02-09 23:02:51--458447]recv conta req 1.jpg! 
[2015-02-09 23:02:53--269729]1.jpg,MSKU9550132 45G1
[2015-02-09 23:02:55--459461]recv conta req 5.jpg! 
[2015-02-09 23:02:58--228325]5.jpg,IIIU7???46? 22G1
[2015-02-09 23:02:59--465166]recv conta req 9.jpg! 
[2015-02-09 23:03:03--467198]recv conta req 13.jpg! 
[2015-02-09 23:03:07--471887]recv conta req 17.jpg! 
[2015-02-09 23:03:07--974876]9.jpg,MRKU3324814 45G1
[2015-02-09 23:03:09--669767]17.jpg,SEGU1445915 22G1
[2015-02-09 23:03:11--475114]recv conta req 21.jpg! 
[2015-02-09 23:03:12--108343]13.jpg,FSCU7372776 22G1
[2015-02-09 23:03:12--424716]21.jpg,TRLU8984373 22G1
[2015-02-09 23:03:15--477387]recv conta req 25.jpg! 
[2015-02-09 23:03:16--116542]25.jpg, 
[2015-02-09 23:03:19--480728]recv conta req 29.jpg! 
[2015-02-09 23:03:20--108969]29.jpg,SEGU9039975 45R1
[2015-02-09 23:03:23--484679]recv conta req 33.jpg! 
[2015-02-09 23:03:24--564838]33.jpg,PHLU2031555 22G1
[2015-02-09 23:03:27--491204]recv conta req 2.jpg! 
[2015-02-09 23:03:31--391482]2.jpg,GESU5520648 45G1
[2015-02-09 23:03:31--497166]recv conta req 6.jpg! 
[2015-02-09 23:03:33--968720]6.jpg,MRKU8566960 22G1
[2015-02-09 23:03:35--501799]recv conta req 10.jpg! 
[2015-02-09 23:03:39--506819]recv conta req 14.jpg! 
[2015-02-09 23:03:43--450864]10.jpg,CSLU1475718 22G1
[2015-02-09 23:03:43--511333]recv conta req 18.jpg! 
[2015-02-09 23:03:45--388567]18.jpg,CRXU1866805 22G1
[2015-02-09 23:03:47--151528]14.jpg,MRKU9670500 22G1
[2015-02-09 23:03:47--513255]recv conta req 22.jpg! 
[2015-02-09 23:03:48--141988]22.jpg,TCLU2873584 22G1
[2015-02-09 23:03:51--518386]recv conta req 26.jpg! 
[2015-02-09 23:03:52--249378]26.jpg,CRSU9147318 45G1
[2015-02-09 23:03:55--522075]recv conta req 30.jpg! 
[2015-02-09 23:03:56--131030]30.jpg,CMAU4559732 45G1
[2015-02-09 23:03:59--526824]recv conta req 34.jpg! 
[2015-02-09 23:04:00--276600]34.jpg,CMAU4555275 45G1
[2015-02-09 23:04:03--530765]recv conta req 3.jpg! 
[2015-02-09 23:04:07--340204]3.jpg,EITU1067234 45G1
[2015-02-09 23:04:07--538117]recv conta req 7.jpg! 
[2015-02-09 23:04:11--542118]recv conta req 11.jpg! 
[2015-02-09 23:04:15--545203]recv conta req 15.jpg! 
[2015-02-09 23:04:19--547669]recv conta req 19.jpg! 
[2015-02-09 23:04:20--026848]7.jpg, 
[2015-02-09 23:04:20--545652]11.jpg,MSKU0004911 45G1
[2015-02-09 23:04:20--790933]15.jpg,MAXU2423284 
[2015-02-09 23:04:21--097036]19.jpg,MSKU1685954 45G1
[2015-02-09 23:04:23--548907]recv conta req 23.jpg! 
[2015-02-09 23:04:24--163534]23.jpg,APHU6639762 45G1
[2015-02-09 23:04:27--553480]recv conta req 27.jpg! 
[2015-02-09 23:04:28--367540]27.jpg,MRKU0995640 42G1
[2015-02-09 23:04:31--558024]recv conta req 31.jpg! 
[2015-02-09 23:04:32--241962]31.jpg,WSDU4921322 45G1
[2015-02-09 23:04:35--562820]recv conta req 35.jpg! 
[2015-02-09 23:04:36--397551]35.jpg,WSDU4920250 45G1
[2015-02-09 23:04:39--567859]recv conta req 4.jpg! 
[2015-02-09 23:04:41--006917]4.jpg,MSKU4011903 22G1
[2015-02-09 23:04:43--573262]recv conta req 8.jpg! 
[2015-02-09 23:04:47--577191]recv conta req 12.jpg! 
[2015-02-09 23:04:50--648975]8.jpg,CCLU6287245 45G1
[2015-02-09 23:04:51--578351]recv conta req 16.jpg! 
[2015-02-09 23:04:53--024495]16.jpg,TEMU3075040 22G1
[2015-02-09 23:04:55--581760]recv conta req 20.jpg! 
[2015-02-09 23:04:57--122691]20.jpg,FCIU4591874 22G1
[2015-02-09 23:04:58--006567]12.jpg,MEDU1861156 22G1
[2015-02-09 23:04:59--586585]recv conta req 24.jpg! 
[2015-02-09 23:05:00--312150]24.jpg,SEGU1904022 22G1
[2015-02-09 23:05:03--590536]recv conta req 28.jpg! 
[2015-02-09 23:05:04--345451]28.jpg,FCIU8609740 45G1
[2015-02-09 23:05:07--593591]recv conta req 32.jpg! 
[2015-02-09 23:05:08--254813]32.jpg,CITU1173790 45G1
[2015-02-09 23:05:11--599680]recv conta req 1.jpg! 
[2015-02-09 23:05:13--247971]1.jpg,MSKU9550132 45G1
[2015-02-09 23:05:15--602155]recv conta req 5.jpg! 
[2015-02-09 23:05:18--316111]5.jpg,IIIU7???46? 22G1
[2015-02-09 23:05:19--608019]recv conta req 9.jpg! 
[2015-02-09 23:05:23--611360]recv conta req 13.jpg! 
[2015-02-09 23:05:27--613935]recv conta req 17.jpg! 
[2015-02-09 23:05:27--955354]9.jpg,MRKU3324814 45G1
[2015-02-09 23:05:29--954129]17.jpg,SEGU1445915 22G1
[2015-02-09 23:05:31--617621]recv conta req 21.jpg! 
[2015-02-09 23:05:32--121996]13.jpg,FSCU7372776 22G1
[2015-02-09 23:05:32--542346]21.jpg,TRLU8984373 22G1
[2015-02-09 23:05:35--621557]recv conta req 25.jpg! 
[2015-02-09 23:05:36--338263]25.jpg, 
[2015-02-09 23:05:39--624548]recv conta req 29.jpg! 
[2015-02-09 23:05:40--235252]29.jpg,SEGU9039975 45R1
[2015-02-09 23:05:43--628647]recv conta req 33.jpg! 
[2015-02-09 23:05:44--537459]33.jpg,PHLU2031555 22G1
[2015-02-09 23:05:47--632818]recv conta req 2.jpg! 
[2015-02-09 23:05:51--638528]recv conta req 6.jpg! 
[2015-02-09 23:05:51--655065]2.jpg,GESU5520648 45G1
[2015-02-09 23:05:54--035365]6.jpg,MRKU8566960 22G1
[2015-02-09 23:05:55--643289]recv conta req 10.jpg! 
[2015-02-09 23:05:59--647189]recv conta req 14.jpg! 
[2015-02-09 23:06:03--647780]recv conta req 18.jpg! 
[2015-02-09 23:06:05--475890]10.jpg,CSLU1475718 22G1
[2015-02-09 23:06:05--929940]18.jpg,CRXU1866805 22G1
[2015-02-09 23:06:07--306718]14.jpg,MRKU9670500 22G1
[2015-02-09 23:06:07--649816]recv conta req 22.jpg! 
[2015-02-09 23:06:08--256892]22.jpg,TCLU2873584 22G1
[2015-02-09 23:06:11--655771]recv conta req 26.jpg! 
[2015-02-09 23:06:12--475430]26.jpg,CRSU9147318 45G1
[2015-02-09 23:06:15--659915]recv conta req 30.jpg! 
[2015-02-09 23:06:16--248081]30.jpg,CMAU4559732 45G1
[2015-02-09 23:06:19--665378]recv conta req 34.jpg! 
[2015-02-09 23:06:20--376341]34.jpg,CMAU4555275 45G1
[2015-02-09 23:06:23--669696]recv conta req 3.jpg! 
[2015-02-09 23:06:27--367726]3.jpg,EITU1067234 45G1
[2015-02-09 23:06:27--679050]recv conta req 7.jpg! 
[2015-02-09 23:06:31--681143]recv conta req 11.jpg! 
[2015-02-09 23:06:35--687038]recv conta req 15.jpg! 
[2015-02-09 23:06:39--686597]recv conta req 19.jpg! 
[2015-02-09 23:06:40--945199]7.jpg, 
[2015-02-09 23:06:40--981878]11.jpg,MSKU0004911 45G1
[2015-02-09 23:06:41--315363]19.jpg,MSKU1685954 45G1
[2015-02-09 23:06:41--389515]15.jpg,MAXU2423284 
[2015-02-09 23:06:43--691205]recv conta req 23.jpg! 
[2015-02-09 23:06:44--312531]23.jpg,APHU6639762 45G1
[2015-02-09 23:06:47--695416]recv conta req 27.jpg! 
[2015-02-09 23:06:48--499978]27.jpg,MRKU0995640 42G1
[2015-02-09 23:06:51--700327]recv conta req 31.jpg! 
[2015-02-09 23:06:52--384318]31.jpg,WSDU4921322 45G1
[2015-02-09 23:06:55--704130]recv conta req 35.jpg! 
[2015-02-09 23:06:56--443454]35.jpg,WSDU4920250 45G1
[2015-02-09 23:06:59--708525]recv conta req 4.jpg! 
[2015-02-09 23:07:01--145240]4.jpg,MSKU4011903 22G1
[2015-02-09 23:07:03--714402]recv conta req 8.jpg! 
[2015-02-09 23:07:07--717971]recv conta req 12.jpg! 
[2015-02-09 23:07:09--354329]8.jpg,CCLU6287245 45G1
[2015-02-09 23:07:11--720848]recv conta req 16.jpg! 
[2015-02-09 23:07:13--702884]16.jpg,TEMU3075040 22G1
[2015-02-09 23:07:15--727182]recv conta req 20.jpg! 
[2015-02-09 23:07:17--161333]20.jpg,FCIU4591874 22G1
[2015-02-09 23:07:18--130711]12.jpg,MEDU1861156 22G1
[2015-02-09 23:07:19--729205]recv conta req 24.jpg! 
[2015-02-09 23:07:20--379788]24.jpg,SEGU1904022 22G1
[2015-02-09 23:07:23--733882]recv conta req 28.jpg! 
[2015-02-09 23:07:24--560546]28.jpg,FCIU8609740 45G1
[2015-02-09 23:07:27--737148]recv conta req 32.jpg! 
[2015-02-09 23:07:28--405286]32.jpg,CITU1173790 45G1
[2015-02-09 23:07:31--743437]recv conta req 1.jpg! 
[2015-02-09 23:07:33--388964]1.jpg,MSKU9550132 45G1
[2015-02-09 23:07:35--746386]recv conta req 5.jpg! 
[2015-02-09 23:07:38--475590]5.jpg,IIIU7???46? 22G1
[2015-02-09 23:07:39--753311]recv conta req 9.jpg! 
[2015-02-09 23:07:43--755492]recv conta req 13.jpg! 
[2015-02-09 23:07:47--759382]recv conta req 17.jpg! 
[2015-02-09 23:07:48--335728]9.jpg,MRKU3324814 45G1
[2015-02-09 23:07:49--924925]17.jpg,SEGU1445915 22G1
[2015-02-09 23:07:51--762154]recv conta req 21.jpg! 
[2015-02-09 23:07:52--301547]13.jpg,FSCU7372776 22G1
[2015-02-09 23:07:52--691725]21.jpg,TRLU8984373 22G1
[2015-02-09 23:07:55--765941]recv conta req 25.jpg! 
[2015-02-09 23:07:56--493714]25.jpg, 
[2015-02-09 23:07:59--768787]recv conta req 29.jpg! 
[2015-02-09 23:08:00--355738]29.jpg,SEGU9039975 45R1
[2015-02-09 23:08:03--774044]recv conta req 33.jpg! 
[2015-02-09 23:08:04--636686]33.jpg,PHLU2031555 22G1
[2015-02-09 23:08:07--778309]recv conta req 2.jpg! 
[2015-02-09 23:08:11--621679]2.jpg,GESU5520648 45G1
[2015-02-09 23:08:11--781828]recv conta req 6.jpg! 
[2015-02-09 23:08:14--111661]6.jpg,MRKU8566960 22G1
[2015-02-09 23:08:15--787077]recv conta req 10.jpg! 
[2015-02-09 23:08:19--791605]recv conta req 14.jpg! 
[2015-02-09 23:08:23--795152]recv conta req 18.jpg! 
[2015-02-09 23:08:25--739860]18.jpg,CRXU1866805 22G1
[2015-02-09 23:08:26--212327]10.jpg,CSLU1475718 22G1
[2015-02-09 23:08:27--797880]recv conta req 22.jpg! 
[2015-02-09 23:08:27--899496]14.jpg,MRKU9670500 22G1
[2015-02-09 23:08:28--397752]22.jpg,TCLU2873584 22G1
[2015-02-09 23:08:31--801813]recv conta req 26.jpg! 
[2015-02-09 23:08:32--543560]26.jpg,CRSU9147318 45G1
[2015-02-09 23:08:35--805490]recv conta req 30.jpg! 
[2015-02-09 23:08:36--402331]30.jpg,CMAU4559732 45G1
[2015-02-09 23:08:39--809156]recv conta req 34.jpg! 
[2015-02-09 23:08:40--500304]34.jpg,CMAU4555275 45G1
[2015-02-09 23:08:43--812109]recv conta req 3.jpg! 
[2015-02-09 23:08:47--485674]3.jpg,EITU1067234 45G1
[2015-02-09 23:08:47--817609]recv conta req 7.jpg! 
[2015-02-09 23:08:51--822818]recv conta req 11.jpg! 
[2015-02-09 23:08:55--824352]recv conta req 15.jpg! 
[2015-02-09 23:08:59--826588]recv conta req 19.jpg! 
[2015-02-09 23:09:01--136102]7.jpg, 
[2015-02-09 23:09:01--253727]11.jpg,MSKU0004911 45G1
[2015-02-09 23:09:01--273122]15.jpg,MAXU2423284 
[2015-02-09 23:09:01--524480]19.jpg,MSKU1685954 45G1
[2015-02-09 23:09:03--828553]recv conta req 23.jpg! 
[2015-02-09 23:09:04--437545]23.jpg,APHU6639762 45G1
[2015-02-09 23:09:07--831017]recv conta req 27.jpg! 
[2015-02-09 23:09:08--632925]27.jpg,MRKU0995640 42G1
[2015-02-09 23:09:11--833789]recv conta req 31.jpg! 
[2015-02-09 23:09:12--482374]31.jpg,WSDU4921322 45G1
[2015-02-09 23:09:15--836925]recv conta req 35.jpg! 
[2015-02-09 23:09:16--579151]35.jpg,WSDU4920250 45G1
[2015-02-09 23:09:19--840426]recv conta req 4.jpg! 
[2015-02-09 23:09:21--198351]4.jpg,MSKU4011903 22G1
[2015-02-09 23:09:23--847192]recv conta req 8.jpg! 
[2015-02-09 23:09:27--847545]recv conta req 12.jpg! 
[2015-02-09 23:09:31--296989]8.jpg,CCLU6287245 45G1
[2015-02-09 23:09:31--849165]recv conta req 16.jpg! 
[2015-02-09 23:09:33--158556]16.jpg,TEMU3075040 22G1
[2015-02-09 23:09:35--853705]recv conta req 20.jpg! 
[2015-02-09 23:09:36--977694]20.jpg,FCIU4591874 22G1
[2015-02-09 23:09:38--459040]12.jpg,MEDU1861156 22G1
[2015-02-09 23:09:39--854062]recv conta req 24.jpg! 
[2015-02-09 23:09:40--465629]24.jpg,SEGU1904022 22G1
[2015-02-09 23:09:43--857281]recv conta req 28.jpg! 
[2015-02-09 23:09:44--659675]28.jpg,FCIU8609740 45G1
[2015-02-09 23:09:47--860346]recv conta req 32.jpg! 
[2015-02-09 23:09:48--520213]32.jpg,CITU1173790 45G1
[2015-02-09 23:09:51--863577]recv conta req 1.jpg! 
[2015-02-09 23:09:53--531090]1.jpg,MSKU9550132 45G1
[2015-02-09 23:09:55--865257]recv conta req 5.jpg! 
[2015-02-09 23:09:58--657214]5.jpg,IIIU7???46? 22G1
[2015-02-09 23:09:59--871293]recv conta req 9.jpg! 
[2015-02-09 23:10:03--877627]recv conta req 13.jpg! 
[2015-02-09 23:10:07--875060]recv conta req 17.jpg! 
[2015-02-09 23:10:08--919736]9.jpg,MRKU3324814 45G1
[2015-02-09 23:10:10--074044]17.jpg,SEGU1445915 22G1
[2015-02-09 23:10:11--878221]recv conta req 21.jpg! 
[2015-02-09 23:10:12--677586]13.jpg,FSCU7372776 22G1
[2015-02-09 23:10:12--789169]21.jpg,TRLU8984373 22G1
[2015-02-09 23:10:15--879930]recv conta req 25.jpg! 
[2015-02-09 23:10:16--478965]25.jpg, 
[2015-02-09 23:10:19--882241]recv conta req 29.jpg! 
[2015-02-09 23:10:20--495796]29.jpg,SEGU9039975 45R1
[2015-02-09 23:10:23--885275]recv conta req 33.jpg! 
[2015-02-09 23:10:24--912505]33.jpg,PHLU2031555 22G1
[2015-02-09 23:10:27--889752]recv conta req 2.jpg! 
[2015-02-09 23:10:31--790769]2.jpg,GESU5520648 45G1
[2015-02-09 23:10:31--891228]recv conta req 6.jpg! 
[2015-02-09 23:10:34--263546]6.jpg,MRKU8566960 22G1
[2015-02-09 23:10:35--895093]recv conta req 10.jpg! 
[2015-02-09 23:10:39--899988]recv conta req 14.jpg! 
[2015-02-09 23:10:43--900169]recv conta req 18.jpg! 
[2015-02-09 23:10:45--903336]18.jpg,CRXU1866805 22G1
[2015-02-09 23:10:46--198239]10.jpg,CSLU1475718 22G1
[2015-02-09 23:10:47--419925]14.jpg,MRKU9670500 22G1
[2015-02-09 23:10:47--901475]recv conta req 22.jpg! 
[2015-02-09 23:10:48--493502]22.jpg,TCLU2873584 22G1
[2015-02-09 23:10:51--904203]recv conta req 26.jpg! 
[2015-02-09 23:10:52--654503]26.jpg,CRSU9147318 45G1
[2015-02-09 23:10:55--907043]recv conta req 30.jpg! 
[2015-02-09 23:10:56--498433]30.jpg,CMAU4559732 45G1
[2015-02-09 23:10:59--909521]recv conta req 34.jpg! 
[2015-02-09 23:11:00--641086]34.jpg,CMAU4555275 45G1
[2015-02-09 23:11:03--911288]recv conta req 3.jpg! 
[2015-02-09 23:11:07--719425]3.jpg,EITU1067234 45G1
[2015-02-09 23:11:07--917255]recv conta req 7.jpg! 
[2015-02-09 23:11:11--917939]recv conta req 11.jpg! 
[2015-02-09 23:11:15--920156]recv conta req 15.jpg! 
[2015-02-09 23:11:19--922255]recv conta req 19.jpg! 
[2015-02-09 23:11:20--076056]11.jpg,MSKU0004911 45G1
[2015-02-09 23:11:21--424443]19.jpg,MSKU1685954 45G1
[2015-02-09 23:11:21--507951]15.jpg,MAXU2423284 
[2015-02-09 23:11:22--155927]7.jpg, 
[2015-02-09 23:11:23--923980]recv conta req 23.jpg! 
[2015-02-09 23:11:24--533118]23.jpg,APHU6639762 45G1
[2015-02-09 23:11:27--926081]recv conta req 27.jpg! 
[2015-02-09 23:11:28--739938]27.jpg,MRKU0995640 42G1
[2015-02-09 23:11:31--929298]recv conta req 31.jpg! 
[2015-02-09 23:11:32--624118]31.jpg,WSDU4921322 45G1
[2015-02-09 23:11:35--931600]recv conta req 35.jpg! 
[2015-02-09 23:11:36--684519]35.jpg,WSDU4920250 45G1
[2015-02-09 23:11:39--934657]recv conta req 4.jpg! 
[2015-02-09 23:11:41--289311]4.jpg,MSKU4011903 22G1
[2015-02-09 23:11:43--937464]recv conta req 8.jpg! 
[2015-02-09 23:11:47--939908]recv conta req 12.jpg! 
[2015-02-09 23:11:50--441674]8.jpg,CCLU6287245 45G1
[2015-02-09 23:11:51--941343]recv conta req 16.jpg! 
[2015-02-09 23:11:53--806504]16.jpg,TEMU3075040 22G1
[2015-02-09 23:11:55--945248]recv conta req 20.jpg! 
[2015-02-09 23:11:57--953872]20.jpg,FCIU4591874 22G1
[2015-02-09 23:11:58--108241]12.jpg,MEDU1861156 22G1
[2015-02-09 23:11:59--946426]recv conta req 24.jpg! 
[2015-02-09 23:12:00--573013]24.jpg,SEGU1904022 22G1
[2015-02-09 23:12:03--948922]recv conta req 28.jpg! 
[2015-02-09 23:12:04--777177]28.jpg,FCIU8609740 45G1
[2015-02-09 23:12:07--950528]recv conta req 32.jpg! 
[2015-02-09 23:12:08--617113]32.jpg,CITU1173790 45G1
[2015-02-09 23:12:11--954058]recv conta req 1.jpg! 
[2015-02-09 23:12:13--634595]1.jpg,MSKU9550132 45G1
[2015-02-09 23:12:15--956452]recv conta req 5.jpg! 
[2015-02-09 23:12:18--787670]5.jpg,IIIU7???46? 22G1
[2015-02-09 23:12:19--960676]recv conta req 9.jpg! 
[2015-02-09 23:12:23--961186]recv conta req 13.jpg! 
[2015-02-09 23:12:27--963687]recv conta req 17.jpg! 
[2015-02-09 23:12:28--759308]9.jpg,MRKU3324814 45G1
[2015-02-09 23:12:29--934332]17.jpg,SEGU1445915 22G1
[2015-02-09 23:12:31--966922]recv conta req 21.jpg! 
[2015-02-09 23:12:31--982958]13.jpg,FSCU7372776 22G1
[2015-02-09 23:12:32--679593]21.jpg,TRLU8984373 22G1
[2015-02-09 23:12:35--968457]recv conta req 25.jpg! 
[2015-02-09 23:12:36--571050]25.jpg, 
[2015-02-09 23:12:39--970680]recv conta req 29.jpg! 
[2015-02-09 23:12:40--569532]29.jpg,SEGU9039975 45R1
[2015-02-09 23:12:43--974082]recv conta req 33.jpg! 
[2015-02-09 23:12:44--837618]33.jpg,PHLU2031555 22G1
[2015-02-09 23:12:47--976816]recv conta req 2.jpg! 
[2015-02-09 23:12:51--749333]2.jpg,GESU5520648 45G1
[2015-02-09 23:12:51--979090]recv conta req 6.jpg! 
[2015-02-09 23:12:54--365665]6.jpg,MRKU8566960 22G1
[2015-02-09 23:12:55--983865]recv conta req 10.jpg! 
[2015-02-09 23:12:59--985076]recv conta req 14.jpg! 
[2015-02-09 23:13:03--987358]recv conta req 18.jpg! 
[2015-02-09 23:13:06--034011]18.jpg,CRXU1866805 22G1
[2015-02-09 23:13:07--258324]14.jpg,MRKU9670500 22G1
[2015-02-09 23:13:07--988093]recv conta req 22.jpg! 
[2015-02-09 23:13:08--058096]10.jpg,CSLU1475718 22G1
[2015-02-09 23:13:08--614713]22.jpg,TCLU2873584 22G1
[2015-02-09 23:13:11--991265]recv conta req 26.jpg! 
[2015-02-09 23:13:12--675359]26.jpg,CRSU9147318 45G1
[2015-02-09 23:13:15--993548]recv conta req 30.jpg! 
[2015-02-09 23:13:16--587577]30.jpg,CMAU4559732 45G1
[2015-02-09 23:13:19--996003]recv conta req 34.jpg! 
[2015-02-09 23:13:20--772376]34.jpg,CMAU4555275 45G1
[2015-02-09 23:13:23--998153]recv conta req 3.jpg! 
[2015-02-09 23:13:27--818695]3.jpg,EITU1067234 45G1
[2015-02-09 23:13:28--003047]recv conta req 7.jpg! 
[2015-02-09 23:13:32--004451]recv conta req 11.jpg! 
[2015-02-09 23:13:36--006977]recv conta req 15.jpg! 
[2015-02-09 23:13:38--893012]7.jpg, 
[2015-02-09 23:13:40--008043]recv conta req 19.jpg! 
[2015-02-09 23:13:41--006248]15.jpg,MAXU2423284 
[2015-02-09 23:13:41--371522]11.jpg,MSKU0004911 45G1
[2015-02-09 23:13:41--625629]19.jpg,MSKU1685954 45G1
[2015-02-09 23:13:44--010182]recv conta req 23.jpg! 
[2015-02-09 23:13:44--621030]23.jpg,APHU6639762 45G1
[2015-02-09 23:13:48--012370]recv conta req 27.jpg! 
[2015-02-09 23:13:48--803320]27.jpg,MRKU0995640 42G1
[2015-02-09 23:13:52--015671]recv conta req 31.jpg! 
[2015-02-09 23:13:52--708080]31.jpg,WSDU4921322 45G1
[2015-02-09 23:13:56--018018]recv conta req 35.jpg! 
[2015-02-09 23:13:56--762765]35.jpg,WSDU4920250 45G1
[2015-02-09 23:14:00--020796]recv conta req 4.jpg! 
[2015-02-09 23:14:01--578244]4.jpg,MSKU4011903 22G1
[2015-02-09 23:14:04--025129]recv conta req 8.jpg! 
[2015-02-09 23:14:08--026479]recv conta req 12.jpg! 
[2015-02-09 23:14:09--326000]8.jpg,CCLU6287245 45G1
[2015-02-09 23:14:12--027854]recv conta req 16.jpg! 
[2015-02-09 23:14:13--311830]16.jpg,TEMU3075040 22G1
[2015-02-09 23:14:16--030226]recv conta req 20.jpg! 
[2015-02-09 23:14:17--192095]20.jpg,FCIU4591874 22G1
[2015-02-09 23:14:18--793581]12.jpg,MEDU1861156 22G1
[2015-02-09 23:14:20--032898]recv conta req 24.jpg! 
[2015-02-09 23:14:20--701453]24.jpg,SEGU1904022 22G1
[2015-02-09 23:14:24--035087]recv conta req 28.jpg! 
[2015-02-09 23:14:24--849168]28.jpg,FCIU8609740 45G1
[2015-02-09 23:14:28--037894]recv conta req 32.jpg! 
[2015-02-09 23:14:28--777411]32.jpg,CITU1173790 45G1
[2015-02-09 23:14:32--041032]recv conta req 1.jpg! 
[2015-02-09 23:14:33--772444]1.jpg,MSKU9550132 45G1
[2015-02-09 23:14:36--042445]recv conta req 5.jpg! 
[2015-02-09 23:14:38--808856]5.jpg,IIIU7???46? 22G1
[2015-02-09 23:14:40--047548]recv conta req 9.jpg! 
[2015-02-09 23:14:44--048727]recv conta req 13.jpg! 
[2015-02-09 23:14:47--822819]9.jpg,MRKU3324814 45G1
[2015-02-09 23:14:48--053035]recv conta req 17.jpg! 
[2015-02-09 23:14:50--689347]17.jpg,SEGU1445915 22G1
[2015-02-09 23:14:52--052903]recv conta req 21.jpg! 
[2015-02-09 23:14:52--955809]13.jpg,FSCU7372776 22G1
[2015-02-09 23:14:52--970890]21.jpg,TRLU8984373 22G1
[2015-02-09 23:14:56--055113]recv conta req 25.jpg! 
[2015-02-09 23:14:56--664289]25.jpg, 
[2015-02-09 23:15:00--056917]recv conta req 29.jpg! 
[2015-02-09 23:15:00--672108]29.jpg,SEGU9039975 45R1
[2015-02-09 23:15:04--060839]recv conta req 33.jpg! 
[2015-02-09 23:15:04--946884]33.jpg,PHLU2031555 22G1
[2015-02-09 23:15:08--063141]recv conta req 2.jpg! 
[2015-02-09 23:15:12--054318]2.jpg,GESU5520648 45G1
[2015-02-09 23:15:12--064683]recv conta req 6.jpg! 
[2015-02-09 23:15:14--426226]6.jpg,MRKU8566960 22G1
[2015-02-09 23:15:16--069708]recv conta req 10.jpg! 
[2015-02-09 23:15:20--072079]recv conta req 14.jpg! 
[2015-02-09 23:15:24--072835]recv conta req 18.jpg! 
[2015-02-09 23:15:25--380067]10.jpg,CSLU1475718 22G1
[2015-02-09 23:15:26--155920]18.jpg,CRXU1866805 22G1
[2015-02-09 23:15:27--549710]14.jpg,MRKU9670500 22G1
[2015-02-09 23:15:28--075068]recv conta req 22.jpg! 
[2015-02-09 23:15:28--706445]22.jpg,TCLU2873584 22G1
[2015-02-09 23:15:32--078432]recv conta req 26.jpg! 
[2015-02-09 23:15:32--801032]26.jpg,CRSU9147318 45G1
[2015-02-09 23:15:36--080929]recv conta req 30.jpg! 
[2015-02-09 23:15:36--716150]30.jpg,CMAU4559732 45G1
[2015-02-09 23:15:40--083293]recv conta req 34.jpg! 
[2015-02-09 23:15:40--817532]34.jpg,CMAU4555275 45G1
[2015-02-09 23:15:44--085231]recv conta req 3.jpg! 
[2015-02-09 23:15:47--908709]3.jpg,EITU1067234 45G1
[2015-02-09 23:15:48--091244]recv conta req 7.jpg! 
[2015-02-09 23:15:52--092246]recv conta req 11.jpg! 
[2015-02-09 23:15:56--094461]recv conta req 15.jpg! 
[2015-02-09 23:16:00--095231]recv conta req 19.jpg! 
[2015-02-09 23:16:00--835189]7.jpg, 
[2015-02-09 23:16:01--710795]15.jpg,MAXU2423284 
[2015-02-09 23:16:01--723750]11.jpg,MSKU0004911 45G1
[2015-02-09 23:16:01--944310]19.jpg,MSKU1685954 45G1
[2015-02-09 23:16:04--098173]recv conta req 23.jpg! 
[2015-02-09 23:16:04--860895]23.jpg,APHU6639762 45G1
[2015-02-09 23:16:08--100382]recv conta req 27.jpg! 
[2015-02-09 23:16:08--890568]27.jpg,MRKU0995640 42G1
[2015-02-09 23:16:12--103545]recv conta req 31.jpg! 
[2015-02-09 23:16:12--826265]31.jpg,WSDU4921322 45G1
[2015-02-09 23:16:16--105797]recv conta req 35.jpg! 
[2015-02-09 23:16:16--851600]35.jpg,WSDU4920250 45G1
[2015-02-09 23:16:20--108254]recv conta req 4.jpg! 
[2015-02-09 23:16:21--644067]4.jpg,MSKU4011903 22G1
[2015-02-09 23:16:24--112107]recv conta req 8.jpg! 
[2015-02-09 23:16:28--115736]recv conta req 12.jpg! 
[2015-02-09 23:16:30--116447]8.jpg,CCLU6287245 45G1
[2015-02-09 23:16:32--115317]recv conta req 16.jpg! 
[2015-02-09 23:16:33--958515]16.jpg,TEMU3075040 22G1
[2015-02-09 23:16:36--118603]recv conta req 20.jpg! 
[2015-02-09 23:16:37--656206]20.jpg,FCIU4591874 22G1
[2015-02-09 23:16:38--450520]12.jpg,MEDU1861156 22G1
[2015-02-09 23:16:40--120868]recv conta req 24.jpg! 
[2015-02-09 23:16:40--800075]24.jpg,SEGU1904022 22G1
[2015-02-09 23:16:44--122366]recv conta req 28.jpg! 
[2015-02-09 23:16:44--890033]28.jpg,FCIU8609740 45G1
[2015-02-09 23:16:48--125261]recv conta req 32.jpg! 
[2015-02-09 23:16:48--821918]32.jpg,CITU1173790 45G1
[2015-02-09 23:16:52--128571]recv conta req 1.jpg! 
[2015-02-09 23:16:53--891929]1.jpg,MSKU9550132 45G1
[2015-02-09 23:16:56--130020]recv conta req 5.jpg! 
[2015-02-09 23:16:59--005900]5.jpg,IIIU7???46? 22G1
[2015-02-09 23:17:00--134204]recv conta req 9.jpg! 
[2015-02-09 23:17:04--136717]recv conta req 13.jpg! 
[2015-02-09 23:17:08--138952]recv conta req 17.jpg! 
[2015-02-09 23:17:09--396173]9.jpg,MRKU3324814 45G1
[2015-02-09 23:17:11--034866]17.jpg,SEGU1445915 22G1
[2015-02-09 23:17:12--140177]recv conta req 21.jpg! 
[2015-02-09 23:17:13--032552]21.jpg,TRLU8984373 22G1
[2015-02-09 23:17:13--078051]13.jpg,FSCU7372776 22G1
[2015-02-09 23:17:16--142421]recv conta req 25.jpg! 
[2015-02-09 23:17:16--801116]25.jpg, 
[2015-02-09 23:17:20--144402]recv conta req 29.jpg! 
[2015-02-09 23:17:20--785505]29.jpg,SEGU9039975 45R1
[2015-02-09 23:17:24--147897]recv conta req 33.jpg! 
[2015-02-09 23:17:24--936223]33.jpg,PHLU2031555 22G1
[2015-02-09 23:17:28--150586]recv conta req 2.jpg! 
[2015-02-09 23:17:32--100071]2.jpg,GESU5520648 45G1
[2015-02-09 23:17:32--152119]recv conta req 6.jpg! 
[2015-02-09 23:17:34--637029]6.jpg,MRKU8566960 22G1
[2015-02-09 23:17:36--158854]recv conta req 10.jpg! 
[2015-02-09 23:17:40--158712]recv conta req 14.jpg! 
[2015-02-09 23:17:44--160201]recv conta req 18.jpg! 
[2015-02-09 23:17:46--718664]18.jpg,CRXU1866805 22G1
[2015-02-09 23:17:47--391724]10.jpg,CSLU1475718 22G1
[2015-02-09 23:17:48--162095]recv conta req 22.jpg! 
[2015-02-09 23:17:48--707962]14.jpg,MRKU9670500 22G1
[2015-02-09 23:17:48--855480]22.jpg,TCLU2873584 22G1
[2015-02-09 23:17:52--164830]recv conta req 26.jpg! 
[2015-02-09 23:17:52--880630]26.jpg,CRSU9147318 45G1
[2015-02-09 23:17:56--167121]recv conta req 30.jpg! 
[2015-02-09 23:17:56--794571]30.jpg,CMAU4559732 45G1
[2015-02-09 23:18:00--171421]recv conta req 34.jpg! 
[2015-02-09 23:18:01--259192]34.jpg,CMAU4555275 45G1
[2015-02-09 23:18:04--173373]recv conta req 3.jpg! 
[2015-02-09 23:18:07--990010]3.jpg,EITU1067234 45G1
[2015-02-09 23:18:08--177544]recv conta req 7.jpg! 
[2015-02-09 23:18:12--179155]recv conta req 11.jpg! 
[2015-02-09 23:18:16--180607]recv conta req 15.jpg! 
[2015-02-09 23:18:20--182540]recv conta req 19.jpg! 
[2015-02-09 23:18:21--041476]7.jpg, 
[2015-02-09 23:18:21--667258]19.jpg,MSKU1685954 45G1
[2015-02-09 23:18:21--710689]15.jpg,MAXU2423284 
[2015-02-09 23:18:21--733924]11.jpg,MSKU0004911 45G1
[2015-02-09 23:18:24--187978]recv conta req 23.jpg! 
[2015-02-09 23:18:25--146018]23.jpg,APHU6639762 45G1
[2015-02-09 23:18:28--188171]recv conta req 27.jpg! 
[2015-02-09 23:18:28--972323]27.jpg,MRKU0995640 42G1
[2015-02-09 23:18:32--192741]recv conta req 31.jpg! 
[2015-02-09 23:18:32--914919]31.jpg,WSDU4921322 45G1
[2015-02-09 23:18:36--195287]recv conta req 35.jpg! 
[2015-02-09 23:18:37--232109]35.jpg,WSDU4920250 45G1
[2015-02-09 23:18:40--198146]recv conta req 4.jpg! 
[2015-02-09 23:18:41--708144]4.jpg,MSKU4011903 22G1
[2015-02-09 23:18:44--202797]recv conta req 8.jpg! 
[2015-02-09 23:18:48--204875]recv conta req 12.jpg! 
[2015-02-09 23:18:49--339481]8.jpg,CCLU6287245 45G1
[2015-02-09 23:18:52--204645]recv conta req 16.jpg! 
[2015-02-09 23:18:54--199033]16.jpg,TEMU3075040 22G1
[2015-02-09 23:18:56--208353]recv conta req 20.jpg! 
[2015-02-09 23:18:57--688406]20.jpg,FCIU4591874 22G1
[2015-02-09 23:18:58--572055]12.jpg,MEDU1861156 22G1
[2015-02-09 23:19:00--215805]recv conta req 24.jpg! 
[2015-02-09 23:19:01--108743]24.jpg,SEGU1904022 22G1
[2015-02-09 23:19:04--215056]recv conta req 28.jpg! 
[2015-02-09 23:19:05--154187]28.jpg,FCIU8609740 45G1
[2015-02-09 23:19:08--217805]recv conta req 32.jpg! 
[2015-02-09 23:19:08--944230]32.jpg,CITU1173790 45G1
[2015-02-09 23:19:12--222055]recv conta req 1.jpg! 
[2015-02-09 23:19:14--241420]1.jpg,MSKU9550132 45G1
[2015-02-09 23:19:16--223163]recv conta req 5.jpg! 
[2015-02-09 23:19:19--023297]5.jpg,IIIU7???46? 22G1
[2015-02-09 23:19:20--228237]recv conta req 9.jpg! 
[2015-02-09 23:19:24--230152]recv conta req 13.jpg! 
[2015-02-09 23:19:28--231148]recv conta req 17.jpg! 
[2015-02-09 23:19:28--744840]9.jpg,MRKU3324814 45G1
[2015-02-09 23:19:30--260481]17.jpg,SEGU1445915 22G1
[2015-02-09 23:19:32--233734]recv conta req 21.jpg! 
[2015-02-09 23:19:32--589130]13.jpg,FSCU7372776 22G1
[2015-02-09 23:19:33--024719]21.jpg,TRLU8984373 22G1
[2015-02-09 23:19:36--238819]recv conta req 25.jpg! 
[2015-02-09 23:19:37--212051]25.jpg, 
[2015-02-09 23:19:40--238344]recv conta req 29.jpg! 
[2015-02-09 23:19:40--876954]29.jpg,SEGU9039975 45R1
[2015-02-09 23:19:44--246101]recv conta req 33.jpg! 
[2015-02-09 23:19:45--439683]33.jpg,PHLU2031555 22G1
[2015-02-09 23:19:48--245779]recv conta req 2.jpg! 
[2015-02-09 23:19:52--247681]recv conta req 6.jpg! 
[2015-02-09 23:19:52--349802]2.jpg,GESU5520648 45G1
[2015-02-09 23:19:54--776897]6.jpg,MRKU8566960 22G1
[2015-02-09 23:19:56--252149]recv conta req 10.jpg! 
[2015-02-09 23:20:00--254086]recv conta req 14.jpg! 
[2015-02-09 23:20:04--255126]recv conta req 18.jpg! 
[2015-02-09 23:20:06--318865]18.jpg,CRXU1866805 22G1
[2015-02-09 23:20:07--264589]10.jpg,CSLU1475718 22G1
[2015-02-09 23:20:07--727677]14.jpg,MRKU9670500 22G1
[2015-02-09 23:20:08--257130]recv conta req 22.jpg! 
[2015-02-09 23:20:08--895383]22.jpg,TCLU2873584 22G1
[2015-02-09 23:20:12--263812]recv conta req 26.jpg! 
[2015-02-09 23:20:13--233027]26.jpg,CRSU9147318 45G1
[2015-02-09 23:20:16--264824]recv conta req 30.jpg! 
[2015-02-09 23:20:17--027000]30.jpg,CMAU4559732 45G1
[2015-02-09 23:20:20--267805]recv conta req 34.jpg! 
[2015-02-09 23:20:21--025956]34.jpg,CMAU4555275 45G1
[2015-02-09 23:20:24--268947]recv conta req 3.jpg! 
[2015-02-09 23:20:28--105933]3.jpg,EITU1067234 45G1
[2015-02-09 23:20:28--274185]recv conta req 7.jpg! 
[2015-02-09 23:20:32--275502]recv conta req 11.jpg! 
[2015-02-09 23:20:36--278533]recv conta req 15.jpg! 
[2015-02-09 23:20:40--278941]recv conta req 19.jpg! 
[2015-02-09 23:20:41--708931]7.jpg, 
[2015-02-09 23:20:41--759915]11.jpg,MSKU0004911 45G1
[2015-02-09 23:20:41--992213]19.jpg,MSKU1685954 45G1
[2015-02-09 23:20:42--409028]15.jpg,MAXU2423284 
[2015-02-09 23:20:44--284140]recv conta req 23.jpg! 
[2015-02-09 23:20:45--160014]23.jpg,APHU6639762 45G1
[2015-02-09 23:20:48--284038]recv conta req 27.jpg! 
[2015-02-09 23:20:49--072559]27.jpg,MRKU0995640 42G1
[2015-02-09 23:20:52--288777]recv conta req 31.jpg! 
[2015-02-09 23:20:53--041360]31.jpg,WSDU4921322 45G1
[2015-02-09 23:20:56--291357]recv conta req 35.jpg! 
[2015-02-09 23:20:57--173053]35.jpg,WSDU4920250 45G1
[2015-02-09 23:21:00--295439]recv conta req 4.jpg! 
[2015-02-09 23:21:01--800003]4.jpg,MSKU4011903 22G1
[2015-02-09 23:21:04--298076]recv conta req 8.jpg! 
[2015-02-09 23:21:08--300202]recv conta req 12.jpg! 
[2015-02-09 23:21:11--261692]8.jpg,CCLU6287245 45G1
[2015-02-09 23:21:12--300130]recv conta req 16.jpg! 
[2015-02-09 23:21:14--133471]16.jpg,TEMU3075040 22G1
[2015-02-09 23:21:16--302855]recv conta req 20.jpg! 
[2015-02-09 23:21:17--566399]20.jpg,FCIU4591874 22G1
[2015-02-09 23:21:18--768761]12.jpg,MEDU1861156 22G1
[2015-02-09 23:21:20--310101]recv conta req 24.jpg! 
[2015-02-09 23:21:21--208322]24.jpg,SEGU1904022 22G1
[2015-02-09 23:21:24--310926]recv conta req 28.jpg! 
[2015-02-09 23:21:25--155071]28.jpg,FCIU8609740 45G1
[2015-02-09 23:21:28--315142]recv conta req 32.jpg! 
[2015-02-09 23:21:29--023421]32.jpg,CITU1173790 45G1
[2015-02-09 23:21:32--321057]recv conta req 1.jpg! 
[2015-02-09 23:21:34--063865]1.jpg,MSKU9550132 45G1
[2015-02-09 23:21:36--323316]recv conta req 5.jpg! 
[2015-02-09 23:21:39--176750]5.jpg,IIIU7???46? 22G1
[2015-02-09 23:21:40--328984]recv conta req 9.jpg! 
[2015-02-09 23:21:44--333859]recv conta req 13.jpg! 
[2015-02-09 23:21:48--335948]recv conta req 17.jpg! 
[2015-02-09 23:21:50--213668]17.jpg,SEGU1445915 22G1
[2015-02-09 23:21:50--865237]9.jpg,MRKU3324814 45G1
[2015-02-09 23:21:52--338730]recv conta req 21.jpg! 
[2015-02-09 23:21:52--892679]13.jpg,FSCU7372776 22G1
[2015-02-09 23:21:53--176662]21.jpg,TRLU8984373 22G1
[2015-02-09 23:21:56--344976]recv conta req 25.jpg! 
[2015-02-09 23:21:57--203537]25.jpg, 
[2015-02-09 23:22:00--346161]recv conta req 29.jpg! 
[2015-02-09 23:22:00--977492]29.jpg,SEGU9039975 45R1
[2015-02-09 23:22:04--353187]recv conta req 33.jpg! 
[2015-02-09 23:22:05--370032]33.jpg,PHLU2031555 22G1
[2015-02-09 23:22:08--355958]recv conta req 2.jpg! 
[2015-02-09 23:22:12--165769]2.jpg,GESU5520648 45G1
[2015-02-09 23:22:12--359989]recv conta req 6.jpg! 
[2015-02-09 23:22:14--781871]6.jpg,MRKU8566960 22G1
[2015-02-09 23:22:16--365921]recv conta req 10.jpg! 
[2015-02-09 23:22:20--368907]recv conta req 14.jpg! 
[2015-02-09 23:22:24--371537]recv conta req 18.jpg! 
[2015-02-09 23:22:26--054398]18.jpg,CRXU1866805 22G1
[2015-02-09 23:22:27--189643]10.jpg,CSLU1475718 22G1
[2015-02-09 23:22:27--526726]14.jpg,MRKU9670500 22G1
[2015-02-09 23:22:28--373314]recv conta req 22.jpg! 
[2015-02-09 23:22:29--004623]22.jpg,TCLU2873584 22G1
[2015-02-09 23:22:32--381995]recv conta req 26.jpg! 
[2015-02-09 23:22:33--424083]26.jpg,CRSU9147318 45G1
[2015-02-09 23:22:36--383623]recv conta req 30.jpg! 
[2015-02-09 23:22:37--011899]30.jpg,CMAU4559732 45G1
[2015-02-09 23:22:40--387938]recv conta req 34.jpg! 
[2015-02-09 23:22:41--107066]34.jpg,CMAU4555275 45G1
[2015-02-09 23:22:44--392086]recv conta req 3.jpg! 
[2015-02-09 23:22:48--157489]3.jpg,EITU1067234 45G1
[2015-02-09 23:22:48--398252]recv conta req 7.jpg! 
[2015-02-09 23:22:52--402014]recv conta req 11.jpg! 
[2015-02-09 23:22:56--406377]recv conta req 15.jpg! 
[2015-02-09 23:23:00--408032]recv conta req 19.jpg! 
[2015-02-09 23:23:00--966359]15.jpg,MAXU2423284 
[2015-02-09 23:23:01--830598]19.jpg,MSKU1685954 45G1
[2015-02-09 23:23:01--994533]11.jpg,MSKU0?0491? 45G1
[2015-02-09 23:23:02--008531]7.jpg, 
[2015-02-09 23:23:04--413859]recv conta req 23.jpg! 
[2015-02-09 23:23:05--317519]23.jpg,APHU6639762 45G1
[2015-02-09 23:23:08--417152]recv conta req 27.jpg! 
[2015-02-09 23:23:09--377333]27.jpg,MRKU0995640 42G1
[2015-02-09 23:23:12--420151]recv conta req 31.jpg! 
[2015-02-09 23:23:13--159238]31.jpg,WSDU4921322 45G1
[2015-02-09 23:23:16--426683]recv conta req 35.jpg! 
[2015-02-09 23:23:17--483458]35.jpg,WSDU4920250 45G1
[2015-02-09 23:23:20--428373]recv conta req 4.jpg! 
[2015-02-09 23:23:21--932066]4.jpg,MSKU4011903 22G1
[2015-02-09 23:23:24--435240]recv conta req 8.jpg! 
[2015-02-09 23:23:28--436889]recv conta req 12.jpg! 
[2015-02-09 23:23:30--612845]8.jpg,CCLU6287245 45G1
[2015-02-09 23:23:32--439432]recv conta req 16.jpg! 
[2015-02-09 23:23:34--298825]16.jpg,TEMU3075040 22G1
[2015-02-09 23:23:36--442897]recv conta req 20.jpg! 
[2015-02-09 23:23:37--390318]20.jpg,FCIU4591874 22G1
[2015-02-09 23:23:38--864207]12.jpg,MEDU1861156 22G1
[2015-02-09 23:23:40--449120]recv conta req 24.jpg! 
[2015-02-09 23:23:41--302496]24.jpg,SEGU1904022 22G1
[2015-02-09 23:23:44--451093]recv conta req 28.jpg! 
[2015-02-09 23:23:45--297534]28.jpg,FCIU8609740 45G1
[2015-02-09 23:23:48--453909]recv conta req 32.jpg! 
[2015-02-09 23:23:49--240922]32.jpg,CITU1173790 45G1
[2015-02-09 23:23:52--460749]recv conta req 1.jpg! 
[2015-02-09 23:23:54--374421]1.jpg,MSKU9550132 45G1
[2015-02-09 23:23:56--462600]recv conta req 5.jpg! 
[2015-02-09 23:23:59--181275]5.jpg,IIIU7???46? 22G1
[2015-02-09 23:24:00--467412]recv conta req 9.jpg! 
[2015-02-09 23:24:04--469672]recv conta req 13.jpg! 
[2015-02-09 23:24:08--471179]recv conta req 17.jpg! 
[2015-02-09 23:24:08--576617]9.jpg,MRKU3324814 45G1
[2015-02-09 23:24:10--155165]17.jpg,SEGU1445915 22G1
[2015-02-09 23:24:12--473828]recv conta req 21.jpg! 
[2015-02-09 23:24:12--608279]13.jpg,FSCU7372776 22G1
[2015-02-09 23:24:13--174954]21.jpg,TRLU8984373 22G1
[2015-02-09 23:24:16--480406]recv conta req 25.jpg! 
[2015-02-09 23:24:17--301443]25.jpg, 
[2015-02-09 23:24:20--482117]recv conta req 29.jpg! 
[2015-02-09 23:24:21--125867]29.jpg,SEGU9039975 45R1
[2015-02-09 23:24:24--488526]recv conta req 33.jpg! 
[2015-02-09 23:24:25--636348]33.jpg,PHLU2031555 22G1
[2015-02-09 23:24:28--494174]recv conta req 2.jpg! 
[2015-02-09 23:24:32--278139]2.jpg,GESU5520648 45G1
[2015-02-09 23:24:32--497666]recv conta req 6.jpg! 
[2015-02-09 23:24:34--889122]6.jpg,MRKU8566960 22G1
[2015-02-09 23:24:36--505250]recv conta req 10.jpg! 
[2015-02-09 23:24:40--508398]recv conta req 14.jpg! 
[2015-02-09 23:24:44--513921]recv conta req 18.jpg! 
[2015-02-09 23:24:44--710018]10.jpg,CSLU1475718 22G1
[2015-02-09 23:24:45--677074]18.jpg,CRXU1866805 22G1
[2015-02-09 23:24:47--838534]14.jpg,MRKU9670500 22G1
[2015-02-09 23:24:48--515682]recv conta req 22.jpg! 
[2015-02-09 23:24:49--248179]22.jpg,TCLU2873584 22G1
[2015-02-09 23:24:52--522952]recv conta req 26.jpg! 
[2015-02-09 23:24:53--503274]26.jpg,CRSU9147318 45G1
[2015-02-09 23:24:56--524305]recv conta req 30.jpg! 
[2015-02-09 23:24:57--147597]30.jpg,CMAU4559732 45G1
[2015-02-09 23:25:00--529777]recv conta req 34.jpg! 
[2015-02-09 23:25:01--458312]34.jpg,CMAU4555275 45G1
[2015-02-09 23:25:04--532317]recv conta req 3.jpg! 
[2015-02-09 23:25:08--335193]3.jpg,EITU1067234 45G1
[2015-02-09 23:25:08--537933]recv conta req 7.jpg! 
[2015-02-09 23:25:12--543406]recv conta req 11.jpg! 
[2015-02-09 23:25:16--547258]recv conta req 15.jpg! 
[2015-02-09 23:25:17--725439]7.jpg, 
[2015-02-09 23:25:20--549309]recv conta req 19.jpg! 
[2015-02-09 23:25:21--835116]15.jpg,MAXU2423284 
[2015-02-09 23:25:21--999490]19.jpg,MSKU1685954 45G1
[2015-02-09 23:25:22--198910]11.jpg,MSKU0004911 45G1
[2015-02-09 23:25:24--550979]recv conta req 23.jpg! 
[2015-02-09 23:25:25--160543]23.jpg,APHU6639762 45G1
[2015-02-09 23:25:28--556469]recv conta req 27.jpg! 
[2015-02-09 23:25:29--504804]27.jpg,MRKU0995640 42G1
[2015-02-09 23:25:32--561353]recv conta req 31.jpg! 
[2015-02-09 23:25:33--274891]31.jpg,WSDU4921322 45G1
[2015-02-09 23:25:36--564632]recv conta req 35.jpg! 
[2015-02-09 23:25:37--294226]35.jpg,WSDU4920250 45G1
[2015-02-09 23:25:40--568680]recv conta req 4.jpg! 
[2015-02-09 23:25:42--039073]4.jpg,MSKU4011903 22G1
[2015-02-09 23:25:44--577035]recv conta req 8.jpg! 
[2015-02-09 23:25:48--578934]recv conta req 12.jpg! 
[2015-02-09 23:25:49--870068]8.jpg,CCLU6287245 45G1
[2015-02-09 23:25:52--579815]recv conta req 16.jpg! 
[2015-02-09 23:25:54--022328]16.jpg,TEMU3075040 22G1
[2015-02-09 23:25:56--583218]recv conta req 20.jpg! 
[2015-02-09 23:25:57--776196]20.jpg,FCIU4591874 22G1
[2015-02-09 23:25:58--983785]12.jpg,MEDU1861156 22G1
[2015-02-09 23:26:00--587740]recv conta req 24.jpg! 
[2015-02-09 23:26:01--388366]24.jpg,SEGU1904022 22G1
[2015-02-09 23:26:04--591314]recv conta req 28.jpg! 
[2015-02-09 23:26:05--380598]28.jpg,FCIU8609740 45G1
[2015-02-09 23:26:08--594429]recv conta req 32.jpg! 
[2015-02-09 23:26:09--251763]32.jpg,CITU1173790 45G1
[2015-02-09 23:26:12--600127]recv conta req 1.jpg! 
[2015-02-09 23:26:14--265285]1.jpg,MSKU9550132 45G1
[2015-02-09 23:26:16--601053]recv conta req 5.jpg! 
[2015-02-09 23:26:19--421776]5.jpg,IIIU7???46? 22G1
[2015-02-09 23:26:20--609840]recv conta req 9.jpg! 
[2015-02-09 23:26:24--614996]recv conta req 13.jpg! 
[2015-02-09 23:26:28--323928]9.jpg,MRKU3324814 45G1
[2015-02-09 23:26:28--614654]recv conta req 17.jpg! 
[2015-02-09 23:26:30--709605]17.jpg,SEGU1445915 22G1
[2015-02-09 23:26:32--615568]recv conta req 21.jpg! 
[2015-02-09 23:26:32--730809]13.jpg,FSCU7372776 22G1
[2015-02-09 23:26:33--361840]21.jpg,TRLU8984373 22G1
[2015-02-09 23:26:36--622285]recv conta req 25.jpg! 
[2015-02-09 23:26:37--430362]25.jpg, 
[2015-02-09 23:26:40--623355]recv conta req 29.jpg! 
[2015-02-09 23:26:41--229088]29.jpg,SEGU9039975 45R1
[2015-02-09 23:26:44--628352]recv conta req 33.jpg! 
[2015-02-09 23:26:45--577071]33.jpg,PHLU2031555 22G1
[2015-02-09 23:26:48--632864]recv conta req 2.jpg! 
[2015-02-09 23:26:52--394365]2.jpg,GESU5520648 45G1
[2015-02-09 23:26:52--635549]recv conta req 6.jpg! 
[2015-02-09 23:26:54--989387]6.jpg,MRKU8566960 22G1
[2015-02-09 23:26:56--644329]recv conta req 10.jpg! 
[2015-02-09 23:27:00--647369]recv conta req 14.jpg! 
[2015-02-09 23:27:04--650700]recv conta req 18.jpg! 
[2015-02-09 23:27:06--855535]18.jpg,CRXU1866805 22G1
[2015-02-09 23:27:07--328766]10.jpg,CSLU1475718 22G1
[2015-02-09 23:27:08--380313]14.jpg,MRKU9670500 22G1
[2015-02-09 23:27:08--653921]recv conta req 22.jpg! 
[2015-02-09 23:27:09--267604]22.jpg,TCLU2873584 22G1
[2015-02-09 23:27:12--659691]recv conta req 26.jpg! 
[2015-02-09 23:27:13--584215]26.jpg,CRSU9147318 45G1
[2015-02-09 23:27:16--661736]recv conta req 30.jpg! 
[2015-02-09 23:27:17--243400]30.jpg,CMAU4559732 45G1
[2015-02-09 23:27:20--666476]recv conta req 34.jpg! 
[2015-02-09 23:27:21--525319]34.jpg,CMAU4555275 45G1
[2015-02-09 23:27:24--669927]recv conta req 3.jpg! 
[2015-02-09 23:27:28--319663]3.jpg,EITU1067234 45G1
[2015-02-09 23:27:28--677568]recv conta req 7.jpg! 
[2015-02-09 23:27:32--681176]recv conta req 11.jpg! 
[2015-02-09 23:27:36--684436]recv conta req 15.jpg! 
[2015-02-09 23:27:39--897500]11.jpg,MSKU0004911 45G1
[2015-02-09 23:27:40--686049]recv conta req 19.jpg! 
[2015-02-09 23:27:41--926462]15.jpg,MAXU2423284 
[2015-02-09 23:27:42--034099]19.jpg,MSKU1685954 45G1
[2015-02-09 23:27:42--769751]7.jpg, 
[2015-02-09 23:27:44--691460]recv conta req 23.jpg! 
[2015-02-09 23:27:45--459077]23.jpg,APHU6639762 45G1
[2015-02-09 23:27:48--694207]recv conta req 27.jpg! 
[2015-02-09 23:27:49--499430]27.jpg,MRKU0995640 42G1
[2015-02-09 23:27:52--701123]recv conta req 31.jpg! 
[2015-02-09 23:27:53--413846]31.jpg,WSDU4921322 45G1
[2015-02-09 23:27:56--703469]recv conta req 35.jpg! 
[2015-02-09 23:27:57--455181]35.jpg,WSDU4920250 45G1
[2015-02-09 23:28:00--707424]recv conta req 4.jpg! 
[2015-02-09 23:28:02--089713]4.jpg,MSKU4011903 22G1
[2015-02-09 23:28:04--713482]recv conta req 8.jpg! 
[2015-02-09 23:28:08--716858]recv conta req 12.jpg! 
[2015-02-09 23:28:11--017949]8.jpg,CCLU6287245 45G1
[2015-02-09 23:28:12--718774]recv conta req 16.jpg! 
[2015-02-09 23:28:14--411681]16.jpg,TEMU3075040 22G1
[2015-02-09 23:28:16--725070]recv conta req 20.jpg! 
[2015-02-09 23:28:17--929138]20.jpg,FCIU4591874 22G1
[2015-02-09 23:28:18--853039]12.jpg,MEDU1861156 22G1
[2015-02-09 23:28:20--727847]recv conta req 24.jpg! 
[2015-02-09 23:28:21--351656]24.jpg,SEGU1904022 22G1
[2015-02-09 23:28:24--732462]recv conta req 28.jpg! 
[2015-02-09 23:28:25--562257]28.jpg,FCIU8609740 45G1
[2015-02-09 23:28:28--734425]recv conta req 32.jpg! 
[2015-02-09 23:28:29--392921]32.jpg,CITU1173790 45G1
[2015-02-09 23:28:32--740884]recv conta req 1.jpg! 
[2015-02-09 23:28:34--387101]1.jpg,MSKU9550132 45G1
[2015-02-09 23:28:36--744597]recv conta req 5.jpg! 
[2015-02-09 23:28:39--595467]5.jpg,IIIU7???46? 22G1
[2015-02-09 23:28:40--750482]recv conta req 9.jpg! 
[2015-02-09 23:28:44--753928]recv conta req 13.jpg! 
[2015-02-09 23:28:47--932047]9.jpg,MRKU3324814 45G1
[2015-02-09 23:28:48--754566]recv conta req 17.jpg! 
[2015-02-09 23:28:51--012768]17.jpg,SEGU1445915 22G1
[2015-02-09 23:28:52--759475]recv conta req 21.jpg! 
[2015-02-09 23:28:53--204155]13.jpg,FSCU7372776 22G1
[2015-02-09 23:28:53--709632]21.jpg,TRLU8984373 22G1
[2015-02-09 23:28:56--762412]recv conta req 25.jpg! 
[2015-02-09 23:28:57--369469]25.jpg, 
[2015-02-09 23:29:00--766452]recv conta req 29.jpg! 
[2015-02-09 23:29:01--349899]29.jpg,SEGU9039975 45R1
[2015-02-09 23:29:04--771501]recv conta req 33.jpg! 
[2015-02-09 23:29:05--651516]33.jpg,PHLU2031555 22G1
[2015-02-09 23:29:08--776699]recv conta req 2.jpg! 
[2015-02-09 23:29:12--517614]2.jpg,GESU5520648 45G1
[2015-02-09 23:29:12--779128]recv conta req 6.jpg! 
[2015-02-09 23:29:15--088498]6.jpg,MRKU8566960 22G1
[2015-02-09 23:29:16--786327]recv conta req 10.jpg! 
[2015-02-09 23:29:20--788422]recv conta req 14.jpg! 
[2015-02-09 23:29:24--791703]recv conta req 18.jpg! 
[2015-02-09 23:29:26--117177]18.jpg,CRXU1866805 22G1
[2015-02-09 23:29:28--020671]10.jpg,CSLU1475718 22G1
[2015-02-09 23:29:28--643489]14.jpg,MRKU9670500 22G1
[2015-02-09 23:29:28--793343]recv conta req 22.jpg! 
[2015-02-09 23:29:29--387481]22.jpg,TCLU2873584 22G1
[2015-02-09 23:29:32--798842]recv conta req 26.jpg! 
[2015-02-09 23:29:33--518597]26.jpg,CRSU9147318 45G1
[2015-02-09 23:29:36--802646]recv conta req 30.jpg! 
[2015-02-09 23:29:37--386045]30.jpg,CMAU4559732 45G1
[2015-02-09 23:29:40--805674]recv conta req 34.jpg! 
[2015-02-09 23:29:41--501243]34.jpg,CMAU4555275 45G1
[2015-02-09 23:29:44--809889]recv conta req 3.jpg! 
[2015-02-09 23:29:48--611794]3.jpg,EITU1067234 45G1
[2015-02-09 23:29:48--814887]recv conta req 7.jpg! 
[2015-02-09 23:29:52--823271]recv conta req 11.jpg! 
[2015-02-09 23:29:56--822739]recv conta req 15.jpg! 
[2015-02-09 23:30:00--311284]7.jpg, 
[2015-02-09 23:30:00--824494]recv conta req 19.jpg! 
[2015-02-09 23:30:02--222678]15.jpg,MAXU2423284 
[2015-02-09 23:30:02--421252]19.jpg,MSKU1685954 45G1
[2015-02-09 23:30:02--824130]11.jpg,MSKU0004911 45G1
[2015-02-09 23:30:04--827557]recv conta req 23.jpg! 
[2015-02-09 23:30:05--437230]23.jpg,APHU6639762 45G1
[2015-02-09 23:30:08--830050]recv conta req 27.jpg! 
[2015-02-09 23:30:09--612868]27.jpg,MRKU0995640 42G1
[2015-02-09 23:30:12--834696]recv conta req 31.jpg! 
[2015-02-09 23:30:13--497417]31.jpg,WSDU4921322 45G1
[2015-02-09 23:30:16--838435]recv conta req 35.jpg! 
[2015-02-09 23:30:17--559166]35.jpg,WSDU4920250 45G1
[2015-02-09 23:30:20--843486]recv conta req 4.jpg! 
[2015-02-09 23:30:22--252806]4.jpg,MSKU4011903 22G1
[2015-02-09 23:30:24--847562]recv conta req 8.jpg! 
[2015-02-09 23:30:28--850650]recv conta req 12.jpg! 
[2015-02-09 23:30:32--338417]8.jpg,CCLU6287245 45G1
[2015-02-09 23:30:32--851990]recv conta req 16.jpg! 
[2015-02-09 23:30:34--824958]16.jpg,TEMU3075040 22G1
[2015-02-09 23:30:36--858149]recv conta req 20.jpg! 
[2015-02-09 23:30:38--145649]20.jpg,FCIU4591874 22G1
[2015-02-09 23:30:39--234781]12.jpg,MEDU1861156 22G1
[2015-02-09 23:30:40--859633]recv conta req 24.jpg! 
[2015-02-09 23:30:41--478278]24.jpg,SEGU1904022 22G1
[2015-02-09 23:30:44--863204]recv conta req 28.jpg! 
[2015-02-09 23:30:45--654434]28.jpg,FCIU8609740 45G1
[2015-02-09 23:30:48--865330]recv conta req 32.jpg! 
[2015-02-09 23:30:49--537147]32.jpg,CITU1173790 45G1
[2015-02-09 23:30:52--868973]recv conta req 1.jpg! 
[2015-02-09 23:30:54--528886]1.jpg,MSKU9550132 45G1
[2015-02-09 23:30:56--872094]recv conta req 5.jpg! 
[2015-02-09 23:30:59--705067]5.jpg,IIIU7???46? 22G1
[2015-02-09 23:31:00--877386]recv conta req 9.jpg! 
[2015-02-09 23:31:04--882315]recv conta req 13.jpg! 
[2015-02-09 23:31:08--727915]9.jpg,MRKU3324814 45G1
[2015-02-09 23:31:08--881622]recv conta req 17.jpg! 
[2015-02-09 23:31:11--481514]17.jpg,SEGU1445915 22G1
[2015-02-09 23:31:12--885141]recv conta req 21.jpg! 
[2015-02-09 23:31:13--331410]13.jpg,FSCU7372776 22G1
[2015-02-09 23:31:13--809510]21.jpg,TRLU8984373 22G1
[2015-02-09 23:31:16--886989]recv conta req 25.jpg! 
[2015-02-09 23:31:17--479532]25.jpg, 
[2015-02-09 23:31:20--889073]recv conta req 29.jpg! 
[2015-02-09 23:31:21--484237]29.jpg,SEGU9039975 45R1
[2015-02-09 23:31:24--892288]recv conta req 33.jpg! 
[2015-02-09 23:31:25--754184]33.jpg,PHLU2031555 22G1
[2015-02-09 23:31:28--895291]recv conta req 2.jpg! 
[2015-02-09 23:31:32--636580]2.jpg,GESU5520648 45G1
[2015-02-09 23:31:32--897080]recv conta req 6.jpg! 
[2015-02-09 23:31:35--187984]6.jpg,MRKU8566960 22G1
[2015-02-09 23:31:36--901569]recv conta req 10.jpg! 
[2015-02-09 23:31:40--906537]recv conta req 14.jpg! 
[2015-02-09 23:31:44--907207]recv conta req 18.jpg! 
[2015-02-09 23:31:45--984473]10.jpg,CSLU1475718 22G1
[2015-02-09 23:31:46--239543]18.jpg,CRXU1866805 22G1
[2015-02-09 23:31:48--373821]14.jpg,MRKU9670500 22G1
[2015-02-09 23:31:48--908533]recv conta req 22.jpg! 
[2015-02-09 23:31:49--495335]22.jpg,TCLU2873584 22G1
[2015-02-09 23:31:52--911256]recv conta req 26.jpg! 
[2015-02-09 23:31:53--613449]26.jpg,CRSU9147318 45G1
[2015-02-09 23:31:56--913048]recv conta req 30.jpg! 
[2015-02-09 23:31:57--516862]30.jpg,CMAU4559732 45G1
[2015-02-09 23:32:00--916401]recv conta req 34.jpg! 
[2015-02-09 23:32:01--628743]34.jpg,CMAU4555275 45G1
[2015-02-09 23:32:04--918879]recv conta req 3.jpg! 
[2015-02-09 23:32:08--903826]3.jpg,EITU1067234 45G1
[2015-02-09 23:32:08--922819]recv conta req 7.jpg! 
[2015-02-09 23:32:12--929439]recv conta req 11.jpg! 
[2015-02-09 23:32:16--928465]recv conta req 15.jpg! 
[2015-02-09 23:32:20--635247]11.jpg,MSKU0004911 45G1
[2015-02-09 23:32:20--928125]recv conta req 19.jpg! 
[2015-02-09 23:32:22--424417]15.jpg,MAXU2423284 
[2015-02-09 23:32:22--685872]7.jpg, 
[2015-02-09 23:32:22--758106]19.jpg,MSKU1685954 45G1
[2015-02-09 23:32:24--930386]recv conta req 23.jpg! 
[2015-02-09 23:32:25--544391]23.jpg,APHU6639762 45G1
[2015-02-09 23:32:28--933003]recv conta req 27.jpg! 
[2015-02-09 23:32:29--832950]27.jpg,MRKU0995640 42G1
[2015-02-09 23:32:32--935174]recv conta req 31.jpg! 
[2015-02-09 23:32:33--591310]31.jpg,WSDU4921322 45G1
[2015-02-09 23:32:36--938160]recv conta req 35.jpg! 
[2015-02-09 23:32:37--663841]35.jpg,WSDU4920250 45G1
[2015-02-09 23:32:40--941311]recv conta req 4.jpg! 
[2015-02-09 23:32:42--322449]4.jpg,MSKU4011903 22G1
[2015-02-09 23:32:44--945683]recv conta req 8.jpg! 
[2015-02-09 23:32:48--947480]recv conta req 12.jpg! 
[2015-02-09 23:32:50--300578]8.jpg,CCLU6287245 45G1
[2015-02-09 23:32:52--948026]recv conta req 16.jpg! 
[2015-02-09 23:32:55--007364]16.jpg,TEMU3075040 22G1
[2015-02-09 23:32:56--950755]recv conta req 20.jpg! 
[2015-02-09 23:32:58--466133]20.jpg,FCIU4591874 22G1
[2015-02-09 23:32:59--505661]12.jpg,MEDU1861156 22G1
[2015-02-09 23:33:00--953493]recv conta req 24.jpg! 
[2015-02-09 23:33:01--581880]24.jpg,SEGU1904022 22G1
[2015-02-09 23:33:04--956060]recv conta req 28.jpg! 
[2015-02-09 23:33:05--727194]28.jpg,FCIU8609740 45G1
[2015-02-09 23:33:08--957857]recv conta req 32.jpg! 
[2015-02-09 23:33:09--630693]32.jpg,CITU1173790 45G1
[2015-02-09 23:33:12--961263]recv conta req 1.jpg! 
[2015-02-09 23:33:14--669046]1.jpg,MSKU9550132 45G1
[2015-02-09 23:33:16--963546]recv conta req 5.jpg! 
[2015-02-09 23:33:19--758233]5.jpg,IIIU7???46? 22G1
[2015-02-09 23:33:20--966591]recv conta req 9.jpg! 
[2015-02-09 23:33:24--969267]recv conta req 13.jpg! 
[2015-02-09 23:33:28--970711]recv conta req 17.jpg! 
[2015-02-09 23:33:30--608259]17.jpg,SEGU1445915 22G1
[2015-02-09 23:33:31--576926]9.jpg,MRKU3324814 45G1
[2015-02-09 23:33:32--974437]recv conta req 21.jpg! 
[2015-02-09 23:33:33--752002]13.jpg,FSCU7372776 22G1
[2015-02-09 23:33:33--758721]21.jpg,TRLU8984373 22G1
[2015-02-09 23:33:36--975651]recv conta req 25.jpg! 
[2015-02-09 23:33:37--600635]25.jpg, 
[2015-02-09 23:33:40--977394]recv conta req 29.jpg! 
[2015-02-09 23:33:41--579702]29.jpg,SEGU9039975 45R1
[2015-02-09 23:33:44--980610]recv conta req 33.jpg! 
[2015-02-09 23:33:45--929078]33.jpg,PHLU2031555 22G1
[2015-02-09 23:33:48--984629]recv conta req 2.jpg! 
[2015-02-09 23:33:52--953053]2.jpg,GESU5520648 45G1
[2015-02-09 23:33:52--987021]recv conta req 6.jpg! 
[2015-02-09 23:33:55--330299]6.jpg,MRKU8566960 22G1
[2015-02-09 23:33:56--993898]recv conta req 10.jpg! 
[2015-02-09 23:34:00--991738]recv conta req 14.jpg! 
[2015-02-09 23:34:04--994059]recv conta req 18.jpg! 
[2015-02-09 23:34:07--212144]18.jpg,CRXU1866805 22G1
[2015-02-09 23:34:08--283966]10.jpg,CSLU1475718 22G1
[2015-02-09 23:34:08--647925]14.jpg,MRKU9670500 22G1
[2015-02-09 23:34:08--997129]recv conta req 22.jpg! 
[2015-02-09 23:34:09--589703]22.jpg,TCLU2873584 22G1
[2015-02-09 23:34:13--000306]recv conta req 26.jpg! 
[2015-02-09 23:34:13--765118]26.jpg,CRSU9147318 45G1
[2015-02-09 23:34:17--002566]recv conta req 30.jpg! 
[2015-02-09 23:34:17--593565]30.jpg,CMAU4559732 45G1
[2015-02-09 23:34:21--005288]recv conta req 34.jpg! 
[2015-02-09 23:34:21--735025]34.jpg,CMAU4555275 45G1
[2015-02-09 23:34:25--007453]recv conta req 3.jpg! 
[2015-02-09 23:34:28--774393]3.jpg,EITU1067234 45G1
[2015-02-09 23:34:29--011748]recv conta req 7.jpg! 
[2015-02-09 23:34:33--013666]recv conta req 11.jpg! 
[2015-02-09 23:34:37--016091]recv conta req 15.jpg! 
[2015-02-09 23:34:41--019101]recv conta req 19.jpg! 
[2015-02-09 23:34:42--613292]19.jpg,MSKU1685954 45G1
[2015-02-09 23:34:42--694220]11.jpg,MSKU0004911 45G1
[2015-02-09 23:34:42--769349]15.jpg,MAXU2423284 
[2015-02-09 23:34:43--043530]7.jpg, 
[2015-02-09 23:34:45--019836]recv conta req 23.jpg! 
[2015-02-09 23:34:45--634423]23.jpg,APHU6639762 45G1
[2015-02-09 23:34:49--022208]recv conta req 27.jpg! 
[2015-02-09 23:34:49--834969]27.jpg,MRKU0995640 42G1
[2015-02-09 23:34:53--025151]recv conta req 31.jpg! 
[2015-02-09 23:34:53--723600]31.jpg,WSDU4921322 45G1
[2015-02-09 23:34:57--027666]recv conta req 35.jpg! 
[2015-02-09 23:34:57--787269]35.jpg,WSDU4920250 45G1
[2015-02-09 23:35:01--030112]recv conta req 4.jpg! 
[2015-02-09 23:35:02--470062]4.jpg,MSKU4011903 22G1
[2015-02-09 23:35:05--034731]recv conta req 8.jpg! 
[2015-02-09 23:35:09--036991]recv conta req 12.jpg! 
[2015-02-09 23:35:10--427988]8.jpg,CCLU6287245 45G1
[2015-02-09 23:35:13--037671]recv conta req 16.jpg! 
[2015-02-09 23:35:14--762260]16.jpg,TEMU3075040 22G1
[2015-02-09 23:35:17--041179]recv conta req 20.jpg! 
[2015-02-09 23:35:18--454515]20.jpg,FCIU4591874 22G1
[2015-02-09 23:35:19--955900]12.jpg,MEDU1861156 22G1
[2015-02-09 23:35:21--042893]recv conta req 24.jpg! 
[2015-02-09 23:35:21--735118]24.jpg,SEGU1904022 22G1
[2015-02-09 23:35:25--045433]recv conta req 28.jpg! 
[2015-02-09 23:35:25--867477]28.jpg,FCIU8609740 45G1
[2015-02-09 23:35:29--047128]recv conta req 32.jpg! 
[2015-02-09 23:35:29--701707]32.jpg,CITU1173790 45G1
[2015-02-09 23:35:33--050715]recv conta req 1.jpg! 
[2015-02-09 23:35:34--772885]1.jpg,MSKU9550132 45G1
[2015-02-09 23:35:37--052221]recv conta req 5.jpg! 
[2015-02-09 23:35:39--805042]5.jpg,IIIU7???46? 22G1
[2015-02-09 23:35:41--056408]recv conta req 9.jpg! 
[2015-02-09 23:35:45--058615]recv conta req 13.jpg! 
[2015-02-09 23:35:49--060546]recv conta req 17.jpg! 
[2015-02-09 23:35:50--238390]9.jpg,MRKU3324814 45G1
[2015-02-09 23:35:51--252229]17.jpg,SEGU1445915 22G1
[2015-02-09 23:35:53--063126]recv conta req 21.jpg! 
[2015-02-09 23:35:53--637371]13.jpg,FSCU7372776 22G1
[2015-02-09 23:35:54--024702]21.jpg,TRLU8984373 22G1
[2015-02-09 23:35:57--065019]recv conta req 25.jpg! 
[2015-02-09 23:35:57--695912]25.jpg, 
[2015-02-09 23:36:01--066971]recv conta req 29.jpg! 
[2015-02-09 23:36:01--696524]29.jpg,SEGU9039975 45R1
[2015-02-09 23:36:05--070448]recv conta req 33.jpg! 
[2015-02-09 23:36:05--935503]33.jpg,PHLU2031555 22G1
[2015-02-09 23:36:09--074669]recv conta req 2.jpg! 
[2015-02-09 23:36:13--061443]2.jpg,GESU5520648 45G1
[2015-02-09 23:36:13--074834]recv conta req 6.jpg! 
[2015-02-09 23:36:15--535083]6.jpg,MRKU8566960 22G1
[2015-02-09 23:36:17--081459]recv conta req 10.jpg! 
[2015-02-09 23:36:21--080028]recv conta req 14.jpg! 
[2015-02-09 23:36:25--082655]recv conta req 18.jpg! 
[2015-02-09 23:36:26--945694]18.jpg,CRXU1866805 22G1
[2015-02-09 23:36:27--155539]10.jpg,CSLU1475718 22G1
[2015-02-09 23:36:29--047100]14.jpg,MRKU9670500 22G1
[2015-02-09 23:36:29--084304]recv conta req 22.jpg! 
[2015-02-09 23:36:29--695408]22.jpg,TCLU2873584 22G1
[2015-02-09 23:36:33--087481]recv conta req 26.jpg! 
[2015-02-09 23:36:33--831158]26.jpg,CRSU9147318 45G1
[2015-02-09 23:36:37--089994]recv conta req 30.jpg! 
[2015-02-09 23:36:37--687331]30.jpg,CMAU4559732 45G1
[2015-02-09 23:36:41--092606]recv conta req 34.jpg! 
[2015-02-09 23:36:41--817127]34.jpg,CMAU4555275 45G1
[2015-02-09 23:36:45--094321]recv conta req 3.jpg! 
[2015-02-09 23:36:48--881137]3.jpg,EITU1067234 45G1
[2015-02-09 23:36:49--102474]recv conta req 7.jpg! 
[2015-02-09 23:36:53--104021]recv conta req 11.jpg! 
[2015-02-09 23:36:57--103745]recv conta req 15.jpg! 
[2015-02-09 23:37:01--104305]recv conta req 19.jpg! 
[2015-02-09 23:37:02--580497]15.jpg,MAXU2423284 
[2015-02-09 23:37:02--765374]11.jpg,MSKU0004911 45G1
[2015-02-09 23:37:02--998197]19.jpg,MSKU1685954 45G1
[2015-02-09 23:37:03--355914]7.jpg, 
[2015-02-09 23:37:05--106382]recv conta req 23.jpg! 
[2015-02-09 23:37:05--729930]23.jpg,APHU6639762 45G1
[2015-02-09 23:37:09--108762]recv conta req 27.jpg! 
[2015-02-09 23:37:09--908975]27.jpg,MRKU0995640 42G1
[2015-02-09 23:37:13--111897]recv conta req 31.jpg! 
[2015-02-09 23:37:13--838688]31.jpg,WSDU4921322 45G1
[2015-02-09 23:37:17--114349]recv conta req 35.jpg! 
[2015-02-09 23:37:17--881511]35.jpg,WSDU4920250 45G1
[2015-02-09 23:37:21--116784]recv conta req 4.jpg! 
[2015-02-09 23:37:22--603822]4.jpg,MSKU4011903 22G1
[2015-02-09 23:37:25--122498]recv conta req 8.jpg! 
[2015-02-09 23:37:29--122734]recv conta req 12.jpg! 
[2015-02-09 23:37:32--048785]8.jpg,CCLU6287245 45G1
[2015-02-09 23:37:33--123430]recv conta req 16.jpg! 
[2015-02-09 23:37:34--720430]16.jpg,TEMU3075040 22G1
[2015-02-09 23:37:37--127401]recv conta req 20.jpg! 
[2015-02-09 23:37:38--706274]20.jpg,FCIU4591874 22G1
[2015-02-09 23:37:39--183002]12.jpg,MEDU1861156 22G1
[2015-02-09 23:37:41--129163]recv conta req 24.jpg! 
[2015-02-09 23:37:41--794966]24.jpg,SEGU1904022 22G1
[2015-02-09 23:37:45--131635]recv conta req 28.jpg! 
[2015-02-09 23:37:45--920477]28.jpg,FCIU8609740 45G1
[2015-02-09 23:37:49--133285]recv conta req 32.jpg! 
[2015-02-09 23:37:49--810323]32.jpg,CITU1173790 45G1
[2015-02-09 23:37:53--136901]recv conta req 1.jpg! 
[2015-02-09 23:37:54--897423]1.jpg,MSKU9550132 45G1
[2015-02-09 23:37:57--138361]recv conta req 5.jpg! 
[2015-02-09 23:38:00--002955]5.jpg,IIIU7???46? 22G1
[2015-02-09 23:38:01--143118]recv conta req 9.jpg! 
[2015-02-09 23:38:05--145127]recv conta req 13.jpg! 
[2015-02-09 23:38:09--148148]recv conta req 17.jpg! 
[2015-02-09 23:38:10--914999]9.jpg,MRKU3324814 45G1
[2015-02-09 23:38:11--393305]17.jpg,SEGU1445915 22G1
[2015-02-09 23:38:13--148662]recv conta req 21.jpg! 
[2015-02-09 23:38:14--050968]13.jpg,FSCU7372776 22G1
[2015-02-09 23:38:14--335589]21.jpg,TRLU8984373 22G1
[2015-02-09 23:38:17--150171]recv conta req 25.jpg! 
[2015-02-09 23:38:17--790918]25.jpg, 
[2015-02-09 23:38:21--152951]recv conta req 29.jpg! 
[2015-02-09 23:38:21--782695]29.jpg,SEGU9039975 45R1
[2015-02-09 23:38:25--156738]recv conta req 33.jpg! 
[2015-02-09 23:38:26--038951]33.jpg,PHLU2031555 22G1
[2015-02-09 23:38:29--159039]recv conta req 2.jpg! 
[2015-02-09 23:38:33--069359]2.jpg,GESU5520648 45G1
[2015-02-09 23:38:33--160592]recv conta req 6.jpg! 
[2015-02-09 23:38:35--580971]6.jpg,MRKU8566960 22G1
[2015-02-09 23:38:37--165469]recv conta req 10.jpg! 
[2015-02-09 23:38:41--167241]recv conta req 14.jpg! 
[2015-02-09 23:38:45--169682]recv conta req 18.jpg! 
[2015-02-09 23:38:45--723116]10.jpg,CSLU1475718 22G1
[2015-02-09 23:38:46--255055]18.jpg,CRXU1866805 22G1
[2015-02-09 23:38:49--000468]14.jpg,MRKU9670500 22G1
[2015-02-09 23:38:49--170427]recv conta req 22.jpg! 
[2015-02-09 23:38:49--823588]22.jpg,TCLU2873584 22G1
[2015-02-09 23:38:53--173354]recv conta req 26.jpg! 
[2015-02-09 23:38:53--908364]26.jpg,CRSU9147318 45G1
[2015-02-09 23:38:57--175768]recv conta req 30.jpg! 
[2015-02-09 23:38:57--836713]30.jpg,CMAU4559732 45G1
[2015-02-09 23:39:01--178357]recv conta req 34.jpg! 
[2015-02-09 23:39:01--916683]34.jpg,CMAU4555275 45G1
[2015-02-09 23:39:05--180211]recv conta req 3.jpg! 
[2015-02-09 23:39:09--037236]3.jpg,EITU1067234 45G1
[2015-02-09 23:39:09--185111]recv conta req 7.jpg! 
[2015-02-09 23:39:13--186337]recv conta req 11.jpg! 
[2015-02-09 23:39:17--192260]recv conta req 15.jpg! 
[2015-02-09 23:39:21--189905]recv conta req 19.jpg! 
[2015-02-09 23:39:21--298868]7.jpg, 
[2015-02-09 23:39:22--397215]11.jpg,MSKU0004911 45G1
[2015-02-09 23:39:22--605128]19.jpg,MSKU1685954 45G1
[2015-02-09 23:39:23--812187]15.jpg,MAXU2423284 
[2015-02-09 23:39:25--192355]recv conta req 23.jpg! 
[2015-02-09 23:39:25--840793]23.jpg,APHU6639762 45G1
[2015-02-09 23:39:29--194772]recv conta req 27.jpg! 
[2015-02-09 23:39:30--009333]27.jpg,MRKU0995640 42G1
[2015-02-09 23:39:33--197825]recv conta req 31.jpg! 
[2015-02-09 23:39:33--946001]31.jpg,WSDU4921322 45G1
[2015-02-09 23:39:37--200349]recv conta req 35.jpg! 
[2015-02-09 23:39:38--082395]35.jpg,WSDU4920250 45G1
[2015-02-09 23:39:41--202882]recv conta req 4.jpg! 
[2015-02-09 23:39:42--742165]4.jpg,MSKU4011903 22G1
[2015-02-09 23:39:45--206914]recv conta req 8.jpg! 
[2015-02-09 23:39:49--208429]recv conta req 12.jpg! 
[2015-02-09 23:39:51--696023]8.jpg,CCLU6287245 45G1
[2015-02-09 23:39:53--209459]recv conta req 16.jpg! 
[2015-02-09 23:39:55--209730]16.jpg,TEMU3075040 22G1
[2015-02-09 23:39:57--212457]recv conta req 20.jpg! 
[2015-02-09 23:39:58--811615]20.jpg,FCIU4591874 22G1
[2015-02-09 23:39:59--319332]12.jpg,MEDU1861156 22G1
[2015-02-09 23:40:01--214983]recv conta req 24.jpg! 
[2015-02-09 23:40:01--905214]24.jpg,SEGU1904022 22G1
[2015-02-09 23:40:05--217509]recv conta req 28.jpg! 
[2015-02-09 23:40:06--036178]28.jpg,FCIU8609740 45G1
[2015-02-09 23:40:09--219190]recv conta req 32.jpg! 
[2015-02-09 23:40:09--922217]32.jpg,CITU1173790 45G1
[2015-02-09 23:40:13--222676]recv conta req 1.jpg! 
[2015-02-09 23:40:14--986180]1.jpg,MSKU9550132 45G1
[2015-02-09 23:40:17--224298]recv conta req 5.jpg! 
[2015-02-09 23:40:20--008412]5.jpg,IIIU7???46? 22G1
[2015-02-09 23:40:21--229426]recv conta req 9.jpg! 
[2015-02-09 23:40:25--231838]recv conta req 13.jpg! 
[2015-02-09 23:40:29--231905]recv conta req 17.jpg! 
[2015-02-09 23:40:30--865518]9.jpg,MRKU3324814 45G1
[2015-02-09 23:40:32--089607]17.jpg,SEGU1445915 22G1
[2015-02-09 23:40:33--234684]recv conta req 21.jpg! 
[2015-02-09 23:40:34--275798]13.jpg,FSCU7372776 22G1
[2015-02-09 23:40:34--376475]21.jpg,TRLU8984373 22G1
[2015-02-09 23:40:37--236671]recv conta req 25.jpg! 
[2015-02-09 23:40:37--896336]25.jpg, 
[2015-02-09 23:40:41--238711]recv conta req 29.jpg! 
[2015-02-09 23:40:41--882777]29.jpg,SEGU9039975 45R1
[2015-02-09 23:40:45--242104]recv conta req 33.jpg! 
[2015-02-09 23:40:46--140619]33.jpg,PHLU2031555 22G1
[2015-02-09 23:40:49--244876]recv conta req 2.jpg! 
[2015-02-09 23:40:53--121912]2.jpg,GESU5520648 45G1
[2015-02-09 23:40:53--247758]recv conta req 6.jpg! 
[2015-02-09 23:40:55--662555]6.jpg,MRKU8566960 22G1
[2015-02-09 23:40:57--251164]recv conta req 10.jpg! 
[2015-02-09 23:41:01--253099]recv conta req 14.jpg! 
[2015-02-09 23:41:05--254017]recv conta req 18.jpg! 
[2015-02-09 23:41:06--882813]18.jpg,CRXU1866805 22G1
[2015-02-09 23:41:08--705141]10.jpg,CSLU1475718 22G1
[2015-02-09 23:41:09--115072]14.jpg,MRKU9670500 22G1
[2015-02-09 23:41:09--255771]recv conta req 22.jpg! 
[2015-02-09 23:41:09--938995]22.jpg,TCLU2873584 22G1
[2015-02-09 23:41:13--259697]recv conta req 26.jpg! 
[2015-02-09 23:41:14--053375]26.jpg,CRSU9147318 45G1
[2015-02-09 23:41:17--261549]recv conta req 30.jpg! 
[2015-02-09 23:41:17--908782]30.jpg,CMAU4559732 45G1
[2015-02-09 23:41:21--264155]recv conta req 34.jpg! 
[2015-02-09 23:41:22--006710]34.jpg,CMAU4555275 45G1
[2015-02-09 23:41:25--266608]recv conta req 3.jpg! 
[2015-02-09 23:41:29--029526]3.jpg,EITU1067234 45G1
[2015-02-09 23:41:29--271174]recv conta req 7.jpg! 
[2015-02-09 23:41:33--274270]recv conta req 11.jpg! 
[2015-02-09 23:41:37--275087]recv conta req 15.jpg! 
[2015-02-09 23:41:41--275784]recv conta req 19.jpg! 
[2015-02-09 23:41:42--400412]7.jpg, 
[2015-02-09 23:41:43--053794]19.jpg,MSKU1685954 45G1
[2015-02-09 23:41:43--320147]15.jpg,MAXU2423284 
[2015-02-09 23:41:43--751381]11.jpg,MSKU0004911 45G1
[2015-02-09 23:41:45--278253]recv conta req 23.jpg! 
[2015-02-09 23:41:45--921627]23.jpg,APHU6639762 45G1
[2015-02-09 23:41:49--280755]recv conta req 27.jpg! 
[2015-02-09 23:41:50--080889]27.jpg,MRKU0995640 42G1
[2015-02-09 23:41:53--284923]recv conta req 31.jpg! 
[2015-02-09 23:41:53--968885]31.jpg,WSDU4921322 45G1
[2015-02-09 23:41:57--286007]recv conta req 35.jpg! 
[2015-02-09 23:41:58--034381]35.jpg,WSDU4920250 45G1
[2015-02-09 23:42:01--287777]recv conta req 4.jpg! 
[2015-02-09 23:42:02--892012]4.jpg,MSKU4011903 22G1
[2015-02-09 23:42:05--291984]recv conta req 8.jpg! 
[2015-02-09 23:42:09--294997]recv conta req 12.jpg! 
[2015-02-09 23:42:13--296194]recv conta req 16.jpg! 
[2015-02-09 23:42:13--412590]8.jpg,CCLU6287245 45G1
[2015-02-09 23:42:15--348927]16.jpg,TEMU3075040 22G1
[2015-02-09 23:42:17--298415]recv conta req 20.jpg! 
[2015-02-09 23:42:18--845857]20.jpg,FCIU4591874 22G1
[2015-02-09 23:42:20--467401]12.jpg,MEDU1861156 22G1
[2015-02-09 23:42:21--300856]recv conta req 24.jpg! 
[2015-02-09 23:42:21--971832]24.jpg,SEGU1904022 22G1
[2015-02-09 23:42:25--303245]recv conta req 28.jpg! 
[2015-02-09 23:42:26--109889]28.jpg,FCIU8609740 45G1
[2015-02-09 23:42:29--305001]recv conta req 32.jpg! 
[2015-02-09 23:42:29--992271]32.jpg,CITU1173790 45G1
[2015-02-09 23:42:33--308543]recv conta req 1.jpg! 
[2015-02-09 23:42:35--083044]1.jpg,MSKU9550132 45G1
[2015-02-09 23:42:37--309994]recv conta req 5.jpg! 
[2015-02-09 23:42:40--211828]5.jpg,IIIU7???46? 22G1
[2015-02-09 23:42:41--314736]recv conta req 9.jpg! 
[2015-02-09 23:42:45--319429]recv conta req 13.jpg! 
[2015-02-09 23:42:49--320970]recv conta req 17.jpg! 
[2015-02-09 23:42:51--742834]17.jpg,SEGU1445915 22G1
[2015-02-09 23:42:51--766018]9.jpg,MRKU3324814 45G1
[2015-02-09 23:42:53--325544]recv conta req 21.jpg! 
[2015-02-09 23:42:53--937662]13.jpg,FSCU7372776 22G1
[2015-02-09 23:42:54--540494]21.jpg,TRLU8984373 22G1
[2015-02-09 23:42:57--329268]recv conta req 25.jpg! 
[2015-02-09 23:42:57--976047]25.jpg, 
[2015-02-09 23:43:01--332497]recv conta req 29.jpg! 
[2015-02-09 23:43:01--968480]29.jpg,SEGU9039975 45R1
[2015-02-09 23:43:05--337739]recv conta req 33.jpg! 
[2015-02-09 23:43:06--249452]33.jpg,PHLU2031555 22G1
[2015-02-09 23:43:09--342418]recv conta req 2.jpg! 
[2015-02-09 23:43:13--232595]2.jpg,GESU5520648 45G1
[2015-02-09 23:43:13--345599]recv conta req 6.jpg! 
[2015-02-09 23:43:15--831646]6.jpg,MRKU8566960 22G1
[2015-02-09 23:43:17--350741]recv conta req 10.jpg! 
[2015-02-09 23:43:21--354539]recv conta req 14.jpg! 
[2015-02-09 23:43:25--357143]recv conta req 18.jpg! 
[2015-02-09 23:43:27--520203]18.jpg,CRXU1866805 22G1
[2015-02-09 23:43:27--944707]10.jpg,CSLU1475718 22G1
[2015-02-09 23:43:29--351367]14.jpg,MRKU9670500 22G1
[2015-02-09 23:43:29--359630]recv conta req 22.jpg! 
[2015-02-09 23:43:30--000571]22.jpg,TCLU2873584 22G1
[2015-02-09 23:43:33--364300]recv conta req 26.jpg! 
[2015-02-09 23:43:34--083268]26.jpg,CRSU9147318 45G1
[2015-02-09 23:43:37--368669]recv conta req 30.jpg! 
[2015-02-09 23:43:38--013014]30.jpg,CMAU4559732 45G1
[2015-02-09 23:43:41--373566]recv conta req 34.jpg! 
[2015-02-09 23:43:42--132106]34.jpg,CMAU4555275 45G1
[2015-02-09 23:43:45--379031]recv conta req 3.jpg! 
[2015-02-09 23:43:49--252396]3.jpg,EITU1067234 45G1
[2015-02-09 23:43:49--384592]recv conta req 7.jpg! 
[2015-02-09 23:43:53--389212]recv conta req 11.jpg! 
[2015-02-09 23:43:57--396627]recv conta req 15.jpg! 
[2015-02-09 23:44:01--396710]recv conta req 19.jpg! 
[2015-02-09 23:44:01--672104]7.jpg, 
[2015-02-09 23:44:02--957567]11.jpg,MSKU0004911 45G1
[2015-02-09 23:44:02--978455]15.jpg,MAXU2423284 
[2015-02-09 23:44:03--071400]19.jpg,MSKU1685954 45G1
[2015-02-09 23:44:05--397941]recv conta req 23.jpg! 
[2015-02-09 23:44:06--028688]23.jpg,APHU6639762 45G1
[2015-02-09 23:44:09--401790]recv conta req 27.jpg! 
[2015-02-09 23:44:10--218737]27.jpg,MRKU0995640 42G1
[2015-02-09 23:44:13--407796]recv conta req 31.jpg! 
[2015-02-09 23:44:14--134983]31.jpg,WSDU4921322 45G1
[2015-02-09 23:44:17--410757]recv conta req 35.jpg! 
[2015-02-09 23:44:18--198596]35.jpg,WSDU4920250 45G1
[2015-02-09 23:44:21--413955]recv conta req 4.jpg! 
[2015-02-09 23:44:22--957658]4.jpg,MSKU4011903 22G1
[2015-02-09 23:44:25--422290]recv conta req 8.jpg! 
[2015-02-09 23:44:29--426506]recv conta req 12.jpg! 
[2015-02-09 23:44:30--695904]8.jpg,CCLU6287245 45G1
[2015-02-09 23:44:33--424909]recv conta req 16.jpg! 
[2015-02-09 23:44:34--921679]16.jpg,TEMU3075040 22G1
[2015-02-09 23:44:37--430520]recv conta req 20.jpg! 
[2015-02-09 23:44:39--045620]20.jpg,FCIU4591874 22G1
[2015-02-09 23:44:39--274831]12.jpg,MEDU1861156 22G1
[2015-02-09 23:44:41--432136]recv conta req 24.jpg! 
[2015-02-09 23:44:42--249206]24.jpg,SEGU1904022 22G1
[2015-02-09 23:44:45--436290]recv conta req 28.jpg! 
[2015-02-09 23:44:46--210711]28.jpg,FCIU8609740 45G1
[2015-02-09 23:44:49--439666]recv conta req 32.jpg! 
[2015-02-09 23:44:50--135089]32.jpg,CITU1173790 45G1
[2015-02-09 23:44:53--444784]recv conta req 1.jpg! 
[2015-02-09 23:44:55--200086]1.jpg,MSKU9550132 45G1
[2015-02-09 23:44:57--448236]recv conta req 5.jpg! 
[2015-02-09 23:45:00--253481]5.jpg,IIIU7???46? 22G1
[2015-02-09 23:45:01--457144]recv conta req 9.jpg! 
[2015-02-09 23:45:05--478258]recv conta req 13.jpg! 
[2015-02-09 23:45:09--479447]recv conta req 17.jpg! 
[2015-02-09 23:45:10--342885]9.jpg,MRKU3324814 45G1
[2015-02-09 23:45:12--009865]17.jpg,SEGU1445915 22G1
[2015-02-09 23:45:13--484725]recv conta req 21.jpg! 
[2015-02-09 23:45:14--415534]13.jpg,FSCU7372776 22G1
[2015-02-09 23:45:14--439199]21.jpg,TRLU8984373 22G1
[2015-02-09 23:45:17--486941]recv conta req 25.jpg! 
[2015-02-09 23:45:18--136286]25.jpg, 
[2015-02-09 23:45:21--490945]recv conta req 29.jpg! 
[2015-02-09 23:45:22--121029]29.jpg,SEGU9039975 45R1
[2015-02-09 23:45:25--495420]recv conta req 33.jpg! 
[2015-02-09 23:45:26--407979]33.jpg,PHLU2031555 22G1
[2015-02-09 23:45:29--500153]recv conta req 2.jpg! 
[2015-02-09 23:45:33--479070]2.jpg,GESU5520648 45G1
[2015-02-09 23:45:33--502772]recv conta req 6.jpg! 
[2015-02-09 23:45:35--944607]6.jpg,MRKU8566960 22G1
[2015-02-09 23:45:37--510337]recv conta req 10.jpg! 
[2015-02-09 23:45:41--514881]recv conta req 14.jpg! 
[2015-02-09 23:45:45--517325]recv conta req 18.jpg! 
[2015-02-09 23:45:47--255005]10.jpg,CSLU1475718 22G1
[2015-02-09 23:45:47--280758]18.jpg,CRXU1866805 22G1
[2015-02-09 23:45:49--520379]recv conta req 22.jpg! 
[2015-02-09 23:45:49--581885]14.jpg,MRKU9670500 22G1
[2015-02-09 23:45:50--192745]22.jpg,TCLU2873584 22G1
[2015-02-09 23:45:53--526226]recv conta req 26.jpg! 
[2015-02-09 23:45:54--309171]26.jpg,CRSU9147318 45G1
[2015-02-09 23:45:57--531195]recv conta req 30.jpg! 
[2015-02-09 23:45:58--138439]30.jpg,CMAU4559732 45G1
[2015-02-09 23:46:01--534758]recv conta req 34.jpg! 
[2015-02-09 23:46:02--261525]34.jpg,CMAU4555275 45G1
[2015-02-09 23:46:05--538734]recv conta req 3.jpg! 
[2015-02-09 23:46:09--337441]3.jpg,EITU1067234 45G1
[2015-02-09 23:46:09--544002]recv conta req 7.jpg! 
[2015-02-09 23:46:13--552091]recv conta req 11.jpg! 
[2015-02-09 23:46:17--554300]recv conta req 15.jpg! 
[2015-02-09 23:46:21--545912]11.jpg,MSKU0004911 45G1
[2015-02-09 23:46:21--555834]recv conta req 19.jpg! 
[2015-02-09 23:46:23--079184]19.jpg,MSKU1685954 45G1
[2015-02-09 23:46:23--106677]15.jpg,MAXU2423284 
[2015-02-09 23:46:23--903756]7.jpg, 
[2015-02-09 23:46:25--560371]recv conta req 23.jpg! 
[2015-02-09 23:46:26--197199]23.jpg,APHU6639762 45G1
[2015-02-09 23:46:29--563221]recv conta req 27.jpg! 
[2015-02-09 23:46:30--365770]27.jpg,MRKU0995640 42G1
[2015-02-09 23:46:33--569058]recv conta req 31.jpg! 
[2015-02-09 23:46:34--233059]31.jpg,WSDU4921322 45G1
[2015-02-09 23:46:37--570394]recv conta req 35.jpg! 
[2015-02-09 23:46:38--326873]35.jpg,WSDU4920250 45G1
[2015-02-09 23:46:41--573162]recv conta req 4.jpg! 
[2015-02-09 23:46:43--035110]4.jpg,MSKU4011903 22G1
[2015-02-09 23:46:45--579587]recv conta req 8.jpg! 
[2015-02-09 23:46:49--583960]recv conta req 12.jpg! 
[2015-02-09 23:46:51--840424]8.jpg,CCLU6287245 45G1
[2015-02-09 23:46:53--586835]recv conta req 16.jpg! 
[2015-02-09 23:46:55--331956]16.jpg,TEMU3075040 22G1
[2015-02-09 23:46:57--587897]recv conta req 20.jpg! 
[2015-02-09 23:46:59--185589]20.jpg,FCIU4591874 22G1
[2015-02-09 23:47:00--358243]12.jpg,MEDU1861156 22G1
[2015-02-09 23:47:01--590284]recv conta req 24.jpg! 
[2015-02-09 23:47:02--227819]24.jpg,SEGU1904022 22G1
[2015-02-09 23:47:05--593005]recv conta req 28.jpg! 
[2015-02-09 23:47:06--441208]28.jpg,FCIU8609740 45G1
[2015-02-09 23:47:09--597409]recv conta req 32.jpg! 
[2015-02-09 23:47:10--254445]32.jpg,CITU1173790 45G1
[2015-02-09 23:47:13--602521]recv conta req 1.jpg! 
[2015-02-09 23:47:15--284211]1.jpg,MSKU9550132 45G1
[2015-02-09 23:47:17--608691]recv conta req 5.jpg! 
[2015-02-09 23:47:20--431879]5.jpg,IIIU7???46? 22G1
[2015-02-09 23:47:21--612318]recv conta req 9.jpg! 
[2015-02-09 23:47:25--615378]recv conta req 13.jpg! 
[2015-02-09 23:47:29--617222]recv conta req 17.jpg! 
[2015-02-09 23:47:30--666897]9.jpg,MRKU3324814 45G1
[2015-02-09 23:47:31--565093]17.jpg,SEGU1445915 22G1
[2015-02-09 23:47:33--620130]recv conta req 21.jpg! 
[2015-02-09 23:47:34--110956]13.jpg,FSCU7372776 22G1
[2015-02-09 23:47:34--635043]21.jpg,TRLU8984373 22G1
[2015-02-09 23:47:37--623514]recv conta req 25.jpg! 
[2015-02-09 23:47:38--226473]25.jpg, 
[2015-02-09 23:47:41--628914]recv conta req 29.jpg! 
[2015-02-09 23:47:42--238551]29.jpg,SEGU9039975 45R1
[2015-02-09 23:47:45--632335]recv conta req 33.jpg! 
[2015-02-09 23:47:46--537483]33.jpg,PHLU2031555 22G1
[2015-02-09 23:47:49--638147]recv conta req 2.jpg! 
[2015-02-09 23:47:53--447836]2.jpg,GESU5520648 45G1
[2015-02-09 23:47:53--643065]recv conta req 6.jpg! 
[2015-02-09 23:47:56--002156]6.jpg,MRKU8566960 22G1
[2015-02-09 23:47:57--651179]recv conta req 10.jpg! 
[2015-02-09 23:48:01--653963]recv conta req 14.jpg! 
[2015-02-09 23:48:05--654170]recv conta req 18.jpg! 
[2015-02-09 23:48:07--932653]18.jpg,CRXU1866805 22G1
[2015-02-09 23:48:08--166169]10.jpg,CSLU1475718 22G1
[2015-02-09 23:48:09--512039]14.jpg,MRKU9670500 22G1
[2015-02-09 23:48:09--657402]recv conta req 22.jpg! 
[2015-02-09 23:48:10--301155]22.jpg,TCLU2873584 22G1
[2015-02-09 23:48:13--662210]recv conta req 26.jpg! 
[2015-02-09 23:48:14--524679]26.jpg,CRSU9147318 45G1
[2015-02-09 23:48:17--665898]recv conta req 30.jpg! 
[2015-02-09 23:48:18--248905]30.jpg,CMAU4559732 45G1
[2015-02-09 23:48:21--670690]recv conta req 34.jpg! 
[2015-02-09 23:48:22--421092]34.jpg,CMAU4555275 45G1
[2015-02-09 23:48:25--675781]recv conta req 3.jpg! 
[2015-02-09 23:48:29--404900]3.jpg,EITU1067234 45G1
[2015-02-09 23:48:29--682643]recv conta req 7.jpg! 
[2015-02-09 23:48:33--684928]recv conta req 11.jpg! 
[2015-02-09 23:48:37--689530]recv conta req 15.jpg! 
[2015-02-09 23:48:41--692259]recv conta req 19.jpg! 
[2015-02-09 23:48:42--291609]11.jpg,MSKU0004911 45G1
[2015-02-09 23:48:43--134373]15.jpg,MAXU2423284 
[2015-02-09 23:48:43--423309]7.jpg, 
[2015-02-09 23:48:43--443611]19.jpg,MSKU1685954 45G1
[2015-02-09 23:48:45--697197]recv conta req 23.jpg! 
[2015-02-09 23:48:46--450001]23.jpg,APHU6639762 45G1
[2015-02-09 23:48:49--700222]recv conta req 27.jpg! 
[2015-02-09 23:48:50--613993]27.jpg,MRKU0995640 42G1
[2015-02-09 23:48:53--703571]recv conta req 31.jpg! 
[2015-02-09 23:48:54--478599]31.jpg,WSDU4921322 45G1
[2015-02-09 23:48:57--708074]recv conta req 35.jpg! 
[2015-02-09 23:48:58--461423]35.jpg,WSDU4920250 45G1
[2015-02-09 23:49:01--711707]recv conta req 4.jpg! 
[2015-02-09 23:49:03--085346]4.jpg,MSKU4011903 22G1
[2015-02-09 23:49:05--718982]recv conta req 8.jpg! 
[2015-02-09 23:49:09--722896]recv conta req 12.jpg! 
[2015-02-09 23:49:11--065537]8.jpg,CCLU6287245 45G1
[2015-02-09 23:49:13--724692]recv conta req 16.jpg! 
[2015-02-09 23:49:15--342651]16.jpg,TEMU3075040 22G1
[2015-02-09 23:49:17--729178]recv conta req 20.jpg! 
[2015-02-09 23:49:18--774378]20.jpg,FCIU4591874 22G1
[2015-02-09 23:49:19--972759]12.jpg,MEDU1861156 22G1
[2015-02-09 23:49:21--732718]recv conta req 24.jpg! 
[2015-02-09 23:49:22--463160]24.jpg,SEGU1904022 22G1
[2015-02-09 23:49:25--736250]recv conta req 28.jpg! 
[2015-02-09 23:49:26--476168]28.jpg,FCIU8609740 45G1
[2015-02-09 23:49:29--740400]recv conta req 32.jpg! 
[2015-02-09 23:49:30--413213]32.jpg,CITU1173790 45G1
[2015-02-09 23:49:33--745551]recv conta req 1.jpg! 
[2015-02-09 23:49:35--393377]1.jpg,MSKU9550132 45G1
[2015-02-09 23:49:37--749793]recv conta req 5.jpg! 
[2015-02-09 23:49:40--388553]5.jpg,IIIU7???46? 22G1
[2015-02-09 23:49:41--755016]recv conta req 9.jpg! 
[2015-02-09 23:49:45--758350]recv conta req 13.jpg! 
[2015-02-09 23:49:49--761417]recv conta req 17.jpg! 
[2015-02-09 23:49:50--244184]9.jpg,MRKU3324814 45G1
[2015-02-09 23:49:51--351331]17.jpg,SEGU1445915 22G1
[2015-02-09 23:49:53--764379]recv conta req 21.jpg! 
[2015-02-09 23:49:53--992106]13.jpg,FSCU7372776 22G1
[2015-02-09 23:49:54--435985]21.jpg,TRLU8984373 22G1
[2015-02-09 23:49:57--769073]recv conta req 25.jpg! 
[2015-02-09 23:49:58--372173]25.jpg, 
[2015-02-09 23:50:01--772551]recv conta req 29.jpg! 
[2015-02-09 23:50:02--354951]29.jpg,SEGU9039975 45R1
[2015-02-09 23:50:05--776938]recv conta req 33.jpg! 
[2015-02-09 23:50:06--654529]33.jpg,PHLU2031555 22G1
[2015-02-09 23:50:09--782423]recv conta req 2.jpg! 
[2015-02-09 23:50:13--633736]2.jpg,GESU5520648 45G1
[2015-02-09 23:50:13--786244]recv conta req 6.jpg! 
[2015-02-09 23:50:16--024173]6.jpg,MRKU8566960 22G1
[2015-02-09 23:50:17--796448]recv conta req 10.jpg! 
[2015-02-09 23:50:21--795689]recv conta req 14.jpg! 
[2015-02-09 23:50:25--798182]recv conta req 18.jpg! 
[2015-02-09 23:50:27--066198]10.jpg,CSLU1475718 22G1
[2015-02-09 23:50:27--673172]18.jpg,CRXU1866805 22G1
[2015-02-09 23:50:28--439962]14.jpg,MRKU9670500 22G1
[2015-02-09 23:50:29--801676]recv conta req 22.jpg! 
[2015-02-09 23:50:30--383465]22.jpg,TCLU2873584 22G1
[2015-02-09 23:50:33--805663]recv conta req 26.jpg! 
[2015-02-09 23:50:34--518413]26.jpg,CRSU9147318 45G1
[2015-02-09 23:50:37--809028]recv conta req 30.jpg! 
[2015-02-09 23:50:38--379745]30.jpg,CMAU4559732 45G1
[2015-02-09 23:50:41--812565]recv conta req 34.jpg! 
[2015-02-09 23:50:42--500613]34.jpg,CMAU4555275 45G1
[2015-02-09 23:50:45--817110]recv conta req 3.jpg! 
[2015-02-09 23:50:49--445480]3.jpg,EITU1067234 45G1
[2015-02-09 23:50:49--821055]recv conta req 7.jpg! 
[2015-02-09 23:50:53--824248]recv conta req 11.jpg! 
[2015-02-09 23:50:57--828650]recv conta req 15.jpg! 
[2015-02-09 23:51:01--829735]recv conta req 19.jpg! 
[2015-02-09 23:51:02--094627]11.jpg,MSKU0004911 45G1
[2015-02-09 23:51:02--777323]19.jpg,MSKU1685954 45G1
[2015-02-09 23:51:03--126898]15.jpg,MAXU2423284 
[2015-02-09 23:51:04--112994]7.jpg, 
[2015-02-09 23:51:05--833729]recv conta req 23.jpg! 
[2015-02-09 23:51:06--454916]23.jpg,APHU6639762 45G1
[2015-02-09 23:51:09--836901]recv conta req 27.jpg! 
[2015-02-09 23:51:10--650702]27.jpg,MRKU0995640 42G1
[2015-02-09 23:51:13--839030]recv conta req 31.jpg! 
[2015-02-09 23:51:14--495493]31.jpg,WSDU4921322 45G1
[2015-02-09 23:51:17--842167]recv conta req 35.jpg! 
[2015-02-09 23:51:18--604175]35.jpg,WSDU4920250 45G1
[2015-02-09 23:51:21--844559]recv conta req 4.jpg! 
[2015-02-09 23:51:23--247952]4.jpg,MSKU4011903 22G1
[2015-02-09 23:51:25--850456]recv conta req 8.jpg! 
[2015-02-09 23:51:29--853200]recv conta req 12.jpg! 
[2015-02-09 23:51:30--904404]8.jpg,CCLU6287245 45G1
[2015-02-09 23:51:33--856491]recv conta req 16.jpg! 
[2015-02-09 23:51:35--270533]16.jpg,TEMU3075040 22G1
[2015-02-09 23:51:37--858760]recv conta req 20.jpg! 
[2015-02-09 23:51:38--753664]20.jpg,FCIU4591874 22G1
[2015-02-09 23:51:40--513294]12.jpg,MEDU1861156 22G1
[2015-02-09 23:51:41--860952]recv conta req 24.jpg! 
[2015-02-09 23:51:42--490470]24.jpg,SEGU1904022 22G1
[2015-02-09 23:51:45--865025]recv conta req 28.jpg! 
[2015-02-09 23:51:46--868380]28.jpg,FCIU8609740 45G1
[2015-02-09 23:51:49--867040]recv conta req 32.jpg! 
[2015-02-09 23:51:50--504919]32.jpg,CITU1173790 45G1
[2015-02-09 23:51:53--873237]recv conta req 1.jpg! 
[2015-02-09 23:51:55--627634]1.jpg,MSKU9550132 45G1
[2015-02-09 23:51:57--874012]recv conta req 5.jpg! 
[2015-02-09 23:52:00--610824]5.jpg,IIIU7???46? 22G1
[2015-02-09 23:52:01--877805]recv conta req 9.jpg! 
[2015-02-09 23:52:05--882477]recv conta req 13.jpg! 
[2015-02-09 23:52:09--884398]recv conta req 17.jpg! 
[2015-02-09 23:52:11--722785]17.jpg,SEGU1445915 22G1
[2015-02-09 23:52:12--031129]9.jpg,MRKU3324814 45G1
[2015-02-09 23:52:13--887192]recv conta req 21.jpg! 
[2015-02-09 23:52:14--185692]13.jpg,FSCU7372776 22G1
[2015-02-09 23:52:14--680783]21.jpg,TRLU8984373 22G1
[2015-02-09 23:52:17--890594]recv conta req 25.jpg! 
[2015-02-09 23:52:18--504546]25.jpg, 
[2015-02-09 23:52:21--896608]recv conta req 29.jpg! 
[2015-02-09 23:52:22--781764]29.jpg,SEGU9039975 45R1
[2015-02-09 23:52:25--896424]recv conta req 33.jpg! 
[2015-02-09 23:52:26--749919]33.jpg,PHLU2031555 22G1
[2015-02-09 23:52:29--900871]recv conta req 2.jpg! 
[2015-02-09 23:52:33--649800]2.jpg,GESU5520648 45G1
[2015-02-09 23:52:33--902794]recv conta req 6.jpg! 
[2015-02-09 23:52:36--181892]6.jpg,MRKU8566960 22G1
[2015-02-09 23:52:37--907694]recv conta req 10.jpg! 
[2015-02-09 23:52:41--910468]recv conta req 14.jpg! 
[2015-02-09 23:52:45--910932]recv conta req 18.jpg! 
[2015-02-09 23:52:47--396605]18.jpg,CRXU1866805 22G1
[2015-02-09 23:52:47--847550]10.jpg,CSLU1475718 22G1
[2015-02-09 23:52:49--511951]14.jpg,MRKU9670500 22G1
[2015-02-09 23:52:49--914006]recv conta req 22.jpg! 
[2015-02-09 23:52:50--515556]22.jpg,TCLU2873584 22G1
[2015-02-09 23:52:53--917352]recv conta req 26.jpg! 
[2015-02-09 23:52:54--809688]26.jpg,CRSU9147318 45G1
[2015-02-09 23:52:57--919431]recv conta req 30.jpg! 
[2015-02-09 23:52:58--515364]30.jpg,CMAU4559732 45G1
