[2015-02-09 22:31:33--005397]recv conta req 14.jpg! 
[2015-02-09 22:31:37--007117]recv conta req 18.jpg! 
[2015-02-09 22:31:38--842892]10.jpg,CSLU1475718 22G1
[2015-02-09 22:31:39--192131]18.jpg,CRXU1866805 22G1
[2015-02-09 22:31:41--009861]recv conta req 22.jpg! 
[2015-02-09 22:31:41--109300]14.jpg,MRKU9670500 22G1
[2015-02-09 22:31:41--618348]22.jpg,TCLU2873584 22G1
[2015-02-09 22:31:45--012414]recv conta req 26.jpg! 
[2015-02-09 22:31:45--712746]26.jpg,CRSU9147318 45G1
[2015-02-09 22:31:49--014628]recv conta req 30.jpg! 
[2015-02-09 22:31:49--617009]30.jpg,CMAU4559732 45G1
[2015-02-09 22:31:53--017230]recv conta req 34.jpg! 
[2015-02-09 22:31:53--731427]34.jpg,CMAU4555275 45G1
[2015-02-09 22:31:57--019162]recv conta req 3.jpg! 
[2015-02-09 22:32:00--818074]3.jpg,EITU1067234 45G1
[2015-02-09 22:32:01--024188]recv conta req 7.jpg! 
[2015-02-09 22:32:05--026289]recv conta req 11.jpg! 
[2015-02-09 22:32:09--027925]recv conta req 15.jpg! 
[2015-02-09 22:32:13--029540]recv conta req 19.jpg! 
[2015-02-09 22:32:14--131599]11.jpg,MSKU0?0491? 45G1
[2015-02-09 22:32:14--161879]15.jpg,MAXU2421281 
[2015-02-09 22:32:14--238668]7.jpg, 
[2015-02-09 22:32:14--716181]19.jpg,MSKU1685954 45G1
[2015-02-09 22:32:17--031433]recv conta req 23.jpg! 
[2015-02-09 22:32:17--688803]23.jpg,APHU6639762 45G1
[2015-02-09 22:32:21--033659]recv conta req 27.jpg! 
[2015-02-09 22:32:21--829933]27.jpg,MRKU0995640 42G1
[2015-02-09 22:32:25--036795]recv conta req 31.jpg! 
[2015-02-09 22:32:25--738278]31.jpg,WSDU4921322 45G1
[2015-02-09 22:32:29--039027]recv conta req 35.jpg! 
[2015-02-09 22:32:29--801168]35.jpg,WSDU4920250 45G1
[2015-02-09 22:32:33--041691]recv conta req 4.jpg! 
[2015-02-09 22:32:34--655959]4.jpg,MSKU4011903 22G1
[2015-02-09 22:32:37--045013]recv conta req 8.jpg! 
[2015-02-09 22:32:41--049199]recv conta req 12.jpg! 
[2015-02-09 22:32:42--815098]8.jpg,CCLU6287245 45G1
[2015-02-09 22:32:45--048821]recv conta req 16.jpg! 
[2015-02-09 22:32:47--194700]16.jpg,TEMU3075040 22G1
[2015-02-09 22:32:49--051864]recv conta req 20.jpg! 
[2015-02-09 22:32:50--779527]20.jpg,FCIU4591874 22G1
[2015-02-09 22:32:51--822779]12.jpg,MEDU1861156 22G1
[2015-02-09 22:32:53--054488]recv conta req 24.jpg! 
[2015-02-09 22:32:53--719601]24.jpg,SEGU1904022 22G1
[2015-02-09 22:32:57--057561]recv conta req 28.jpg! 
[2015-02-09 22:32:57--845018]28.jpg,FCIU8609740 45G1
[2015-02-09 22:33:01--058628]recv conta req 32.jpg! 
[2015-02-09 22:33:01--721748]32.jpg,CITU1173790 45G1
[2015-02-09 22:33:05--061309]recv conta req 1.jpg! 
[2015-02-09 22:33:06--783393]1.jpg,MSKU9550132 45G1
[2015-02-09 22:33:09--063527]recv conta req 5.jpg! 
[2015-02-09 22:33:11--969994]5.jpg,IIIU7???46? 22G1
[2015-02-09 22:33:13--068372]recv conta req 9.jpg! 
[2015-02-09 22:33:17--070840]recv conta req 13.jpg! 
[2015-02-09 22:33:20--859790]9.jpg,MRKU3324814 45G1
[2015-02-09 22:33:21--071478]recv conta req 17.jpg! 
[2015-02-09 22:33:23--166149]17.jpg,SEGU1445915 22G1
[2015-02-09 22:33:25--073881]recv conta req 21.jpg! 
[2015-02-09 22:33:26--136950]21.jpg,TRLU8984373 22G1
[2015-02-09 22:33:26--156604]13.jpg,FSCU7372776 22G1
[2015-02-09 22:33:29--076120]recv conta req 25.jpg! 
[2015-02-09 22:33:29--716044]25.jpg, 
[2015-02-09 22:33:33--078096]recv conta req 29.jpg! 
[2015-02-09 22:33:33--706958]29.jpg,SEGU9039975 45R1
[2015-02-09 22:33:37--082361]recv conta req 33.jpg! 
[2015-02-09 22:33:37--921562]33.jpg,PHLU2031555 22G1
[2015-02-09 22:33:41--084392]recv conta req 2.jpg! 
[2015-02-09 22:33:45--049910]2.jpg,GESU5520648 45G1
[2015-02-09 22:33:45--086141]recv conta req 6.jpg! 
[2015-02-09 22:33:47--602217]6.jpg,MRKU8566960 22G1
[2015-02-09 22:33:49--089616]recv conta req 10.jpg! 
[2015-02-09 22:33:53--093178]recv conta req 14.jpg! 
[2015-02-09 22:33:57--095184]recv conta req 18.jpg! 
[2015-02-09 22:33:58--338838]10.jpg,CSLU1475718 22G1
[2015-02-09 22:33:59--178082]18.jpg,CRXU1866805 22G1
[2015-02-09 22:34:01--096348]recv conta req 22.jpg! 
[2015-02-09 22:34:01--307339]14.jpg,MRKU9670500 22G1
[2015-02-09 22:34:01--797924]22.jpg,TCLU2873584 22G1
[2015-02-09 22:34:05--098942]recv conta req 26.jpg! 
[2015-02-09 22:34:05--815680]26.jpg,CRSU9147318 45G1
[2015-02-09 22:34:09--101366]recv conta req 30.jpg! 
[2015-02-09 22:34:09--708942]30.jpg,CMAU4559732 45G1
[2015-02-09 22:34:13--104709]recv conta req 34.jpg! 
[2015-02-09 22:34:13--836762]34.jpg,CMAU4555275 45G1
[2015-02-09 22:34:17--106426]recv conta req 3.jpg! 
[2015-02-09 22:34:20--909240]3.jpg,EITU1067234 45G1
[2015-02-09 22:34:21--111031]recv conta req 7.jpg! 
[2015-02-09 22:34:25--115679]recv conta req 11.jpg! 
[2015-02-09 22:34:29--116924]recv conta req 15.jpg! 
[2015-02-09 22:34:33--116269]recv conta req 19.jpg! 
[2015-02-09 22:34:34--116062]7.jpg, 
[2015-02-09 22:34:34--620605]19.jpg,MSKU1685954 45G1
[2015-02-09 22:34:34--661762]11.jpg,MSKU0004911 45G1
[2015-02-09 22:34:35--172663]15.jpg,MAXU2423284 
[2015-02-09 22:34:37--118871]recv conta req 23.jpg! 
[2015-02-09 22:34:37--774899]23.jpg,APHU6639762 45G1
[2015-02-09 22:34:41--120813]recv conta req 27.jpg! 
[2015-02-09 22:34:41--911186]27.jpg,MRKU0995640 42G1
[2015-02-09 22:34:45--124186]recv conta req 31.jpg! 
[2015-02-09 22:34:45--822580]31.jpg,WSDU4921322 45G1
[2015-02-09 22:34:49--126564]recv conta req 35.jpg! 
[2015-02-09 22:34:49--913230]35.jpg,WSDU4920250 45G1
[2015-02-09 22:34:53--128320]recv conta req 4.jpg! 
[2015-02-09 22:34:54--720923]4.jpg,MSKU4011903 22G1
[2015-02-09 22:34:57--133473]recv conta req 8.jpg! 
[2015-02-09 22:35:01--134851]recv conta req 12.jpg! 
[2015-02-09 22:35:02--754383]8.jpg,CCLU6287245 45G1
[2015-02-09 22:35:05--135453]recv conta req 16.jpg! 
[2015-02-09 22:35:06--899413]16.jpg,TEMU3075040 22G1
[2015-02-09 22:35:09--138842]recv conta req 20.jpg! 
[2015-02-09 22:35:10--541643]20.jpg,FCIU4591874 22G1
[2015-02-09 22:35:11--791160]12.jpg,MEDU1861156 22G1
[2015-02-09 22:35:13--141174]recv conta req 24.jpg! 
[2015-02-09 22:35:13--812650]24.jpg,SEGU1904022 22G1
[2015-02-09 22:35:17--144649]recv conta req 28.jpg! 
[2015-02-09 22:35:18--064542]28.jpg,FCIU8609740 45G1
[2015-02-09 22:35:21--145486]recv conta req 32.jpg! 
[2015-02-09 22:35:21--829065]32.jpg,CITU1173790 45G1
[2015-02-09 22:35:25--148991]recv conta req 1.jpg! 
[2015-02-09 22:35:26--920552]1.jpg,MSKU9550132 45G1
[2015-02-09 22:35:29--151114]recv conta req 5.jpg! 
[2015-02-09 22:35:32--018422]5.jpg,IIIU7???46? 22G1
[2015-02-09 22:35:33--153621]recv conta req 9.jpg! 
[2015-02-09 22:35:37--156746]recv conta req 13.jpg! 
[2015-02-09 22:35:39--403752]9.jpg,MRKU3324814 45G1
[2015-02-09 22:35:41--158449]recv conta req 17.jpg! 
[2015-02-09 22:35:43--939577]17.jpg,SEGU1445915 22G1
[2015-02-09 22:35:45--160926]recv conta req 21.jpg! 
[2015-02-09 22:35:46--066433]13.jpg,FSCU7372776 22G1
[2015-02-09 22:35:46--112813]21.jpg,TRLU8984373 22G1
[2015-02-09 22:35:49--162990]recv conta req 25.jpg! 
[2015-02-09 22:35:49--820900]25.jpg, 
[2015-02-09 22:35:53--165030]recv conta req 29.jpg! 
[2015-02-09 22:35:53--805085]29.jpg,SEGU9039975 45R1
[2015-02-09 22:35:57--168154]recv conta req 33.jpg! 
[2015-02-09 22:35:58--174296]33.jpg,PHLU2031555 22G1
[2015-02-09 22:36:01--171228]recv conta req 2.jpg! 
[2015-02-09 22:36:05--062879]2.jpg,GESU5520648 45G1
[2015-02-09 22:36:05--173166]recv conta req 6.jpg! 
[2015-02-09 22:36:07--650375]6.jpg,MRKU8566960 22G1
[2015-02-09 22:36:09--176340]recv conta req 10.jpg! 
[2015-02-09 22:36:13--189609]recv conta req 14.jpg! 
[2015-02-09 22:36:17--191369]recv conta req 18.jpg! 
[2015-02-09 22:36:19--080831]18.jpg,CRXU1866805 22G1
[2015-02-09 22:36:20--055023]10.jpg,CSLU1475718 22G1
[2015-02-09 22:36:21--193322]recv conta req 22.jpg! 
[2015-02-09 22:36:21--221134]14.jpg,MRKU9670500 22G1
[2015-02-09 22:36:21--832214]22.jpg,TCLU2873584 22G1
[2015-02-09 22:36:25--196572]recv conta req 26.jpg! 
[2015-02-09 22:36:25--965434]26.jpg,CRSU9147318 45G1
[2015-02-09 22:36:29--198916]recv conta req 30.jpg! 
[2015-02-09 22:36:29--840903]30.jpg,CMAU4559732 45G1
[2015-02-09 22:36:33--201416]recv conta req 34.jpg! 
[2015-02-09 22:36:33--958838]34.jpg,CMAU4555275 45G1
[2015-02-09 22:36:37--203250]recv conta req 3.jpg! 
[2015-02-09 22:36:41--074130]3.jpg,EITU1067234 45G1
[2015-02-09 22:36:41--208435]recv conta req 7.jpg! 
[2015-02-09 22:36:45--212158]recv conta req 11.jpg! 
[2015-02-09 22:36:49--212694]recv conta req 15.jpg! 
[2015-02-09 22:36:53--213743]recv conta req 19.jpg! 
[2015-02-09 22:36:54--381471]7.jpg, 
[2015-02-09 22:36:54--458778]11.jpg,MSKU0004911 45G1
[2015-02-09 22:36:54--650449]15.jpg,MAXU2423284 
[2015-02-09 22:36:54--734814]19.jpg,MSKU1685954 45G1
[2015-02-09 22:36:57--215510]recv conta req 23.jpg! 
[2015-02-09 22:36:57--880881]23.jpg,APHU6639762 45G1
[2015-02-09 22:37:01--218237]recv conta req 27.jpg! 
[2015-02-09 22:37:02--026739]27.jpg,MRKU0995640 42G1
[2015-02-09 22:37:05--221415]recv conta req 31.jpg! 
[2015-02-09 22:37:05--943436]31.jpg,WSDU4921322 45G1
[2015-02-09 22:37:09--223793]recv conta req 35.jpg! 
[2015-02-09 22:37:10--007574]35.jpg,WSDU4920250 45G1
[2015-02-09 22:37:13--226491]recv conta req 4.jpg! 
[2015-02-09 22:37:14--818928]4.jpg,MSKU4011903 22G1
[2015-02-09 22:37:17--231479]recv conta req 8.jpg! 
[2015-02-09 22:37:21--231984]recv conta req 12.jpg! 
[2015-02-09 22:37:24--545708]8.jpg,CCLU6287245 45G1
[2015-02-09 22:37:25--232749]recv conta req 16.jpg! 
[2015-02-09 22:37:26--763850]16.jpg,TEMU3075040 22G1
[2015-02-09 22:37:29--236211]recv conta req 20.jpg! 
[2015-02-09 22:37:30--706173]20.jpg,FCIU4591874 22G1
[2015-02-09 22:37:32--286089]12.jpg,MEDU1861156 22G1
[2015-02-09 22:37:33--239093]recv conta req 24.jpg! 
[2015-02-09 22:37:33--930772]24.jpg,SEGU1904022 22G1
[2015-02-09 22:37:37--241579]recv conta req 28.jpg! 
[2015-02-09 22:37:38--081213]28.jpg,FCIU8609740 45G1
[2015-02-09 22:37:41--243081]recv conta req 32.jpg! 
[2015-02-09 22:37:41--924152]32.jpg,CITU1173790 45G1
[2015-02-09 22:37:45--246669]recv conta req 1.jpg! 
[2015-02-09 22:37:46--982039]1.jpg,MSKU9550132 45G1
[2015-02-09 22:37:49--248388]recv conta req 5.jpg! 
[2015-02-09 22:37:52--260572]5.jpg,IIIU7???46? 22G1
[2015-02-09 22:37:53--253422]recv conta req 9.jpg! 
[2015-02-09 22:37:57--255287]recv conta req 13.jpg! 
[2015-02-09 22:38:00--830737]9.jpg,MRKU3324814 45G1
[2015-02-09 22:38:01--256570]recv conta req 17.jpg! 
[2015-02-09 22:38:03--228019]17.jpg,SEGU1445915 22G1
[2015-02-09 22:38:05--259189]recv conta req 21.jpg! 
[2015-02-09 22:38:05--913721]13.jpg,FSCU7372776 22G1
[2015-02-09 22:38:06--399694]21.jpg,TRLU8984373 22G1
[2015-02-09 22:38:09--261841]recv conta req 25.jpg! 
[2015-02-09 22:38:09--928553]25.jpg, 
[2015-02-09 22:38:13--262748]recv conta req 29.jpg! 
[2015-02-09 22:38:13--898174]29.jpg,SEGU9039975 45R1
[2015-02-09 22:38:17--266516]recv conta req 33.jpg! 
[2015-02-09 22:38:18--152324]33.jpg,PHLU2031555 22G1
[2015-02-09 22:38:21--269822]recv conta req 2.jpg! 
[2015-02-09 22:38:25--173969]2.jpg,GESU5520648 45G1
[2015-02-09 22:38:25--270394]recv conta req 6.jpg! 
[2015-02-09 22:38:27--776152]6.jpg,MRKU8566960 22G1
[2015-02-09 22:38:29--275421]recv conta req 10.jpg! 
[2015-02-09 22:38:33--276573]recv conta req 14.jpg! 
[2015-02-09 22:38:37--278050]recv conta req 18.jpg! 
[2015-02-09 22:38:39--180656]18.jpg,CRXU1866805 22G1
[2015-02-09 22:38:40--066283]10.jpg,CSLU1475718 22G1
[2015-02-09 22:38:41--103481]14.jpg,MRKU9670500 22G1
[2015-02-09 22:38:41--280314]recv conta req 22.jpg! 
[2015-02-09 22:38:41--954768]22.jpg,TCLU2873584 22G1
[2015-02-09 22:38:45--283195]recv conta req 26.jpg! 
[2015-02-09 22:38:46--036638]26.jpg,CRSU9147318 45G1
[2015-02-09 22:38:49--286286]recv conta req 30.jpg! 
[2015-02-09 22:38:49--938540]30.jpg,CMAU4559732 45G1
[2015-02-09 22:38:53--288176]recv conta req 34.jpg! 
[2015-02-09 22:38:54--073540]34.jpg,CMAU4555275 45G1
[2015-02-09 22:38:57--290901]recv conta req 3.jpg! 
[2015-02-09 22:39:01--198611]3.jpg,EITU1067234 45G1
[2015-02-09 22:39:01--299003]recv conta req 7.jpg! 
[2015-02-09 22:39:05--299891]recv conta req 11.jpg! 
[2015-02-09 22:39:09--302751]recv conta req 15.jpg! 
[2015-02-09 22:39:13--303728]recv conta req 19.jpg! 
[2015-02-09 22:39:14--196531]15.jpg,MAXU2423284 
[2015-02-09 22:39:14--598654]7.jpg, 
[2015-02-09 22:39:15--049590]11.jpg,MSKU0004911 45G1
[2015-02-09 22:39:15--178653]19.jpg,MSKU1685954 45G1
[2015-02-09 22:39:17--307286]recv conta req 23.jpg! 
[2015-02-09 22:39:17--941952]23.jpg,APHU6639762 45G1
[2015-02-09 22:39:21--310405]recv conta req 27.jpg! 
[2015-02-09 22:39:22--120462]27.jpg,MRKU0995640 42G1
[2015-02-09 22:39:25--315318]recv conta req 31.jpg! 
[2015-02-09 22:39:26--036082]31.jpg,WSDU4921322 45G1
[2015-02-09 22:39:29--319607]recv conta req 35.jpg! 
[2015-02-09 22:39:30--085088]35.jpg,WSDU4920250 45G1
[2015-02-09 22:39:33--323177]recv conta req 4.jpg! 
[2015-02-09 22:39:35--015425]4.jpg,MSKU4011903 22G1
[2015-02-09 22:39:37--329846]recv conta req 8.jpg! 
[2015-02-09 22:39:41--333796]recv conta req 12.jpg! 
[2015-02-09 22:39:43--971452]8.jpg,CCLU6287245 45G1
[2015-02-09 22:39:45--334146]recv conta req 16.jpg! 
[2015-02-09 22:39:47--263919]16.jpg,TEMU3075040 22G1
[2015-02-09 22:39:49--338051]recv conta req 20.jpg! 
[2015-02-09 22:39:50--772969]20.jpg,FCIU4591874 22G1
[2015-02-09 22:39:52--286835]12.jpg,MEDU1861156 22G1
[2015-02-09 22:39:53--340653]recv conta req 24.jpg! 
[2015-02-09 22:39:54--031609]24.jpg,SEGU1904022 22G1
[2015-02-09 22:39:57--345237]recv conta req 28.jpg! 
[2015-02-09 22:39:58--109270]28.jpg,FCIU8609740 45G1
[2015-02-09 22:40:01--348802]recv conta req 32.jpg! 
[2015-02-09 22:40:02--023390]32.jpg,CITU1173790 45G1
[2015-02-09 22:40:05--355224]recv conta req 1.jpg! 
[2015-02-09 22:40:07--096201]1.jpg,MSKU9550132 45G1
[2015-02-09 22:40:09--357322]recv conta req 5.jpg! 
[2015-02-09 22:40:12--221624]5.jpg,IIIU7???46? 22G1
[2015-02-09 22:40:13--364654]recv conta req 9.jpg! 
[2015-02-09 22:40:17--367611]recv conta req 13.jpg! 
[2015-02-09 22:40:21--373815]recv conta req 17.jpg! 
[2015-02-09 22:40:24--016950]17.jpg,SEGU1445915 22G1
[2015-02-09 22:40:24--099242]9.jpg,MRKU3324814 45G1
[2015-02-09 22:40:25--375436]recv conta req 21.jpg! 
[2015-02-09 22:40:26--199347]21.jpg,TRLU8984373 22G1
[2015-02-09 22:40:26--216220]13.jpg,FSCU7372776 22G1
[2015-02-09 22:40:29--378685]recv conta req 25.jpg! 
[2015-02-09 22:40:30--017523]25.jpg, 
[2015-02-09 22:40:33--381917]recv conta req 29.jpg! 
[2015-02-09 22:40:34--012202]29.jpg,SEGU9039975 45R1
[2015-02-09 22:40:37--387785]recv conta req 33.jpg! 
[2015-02-09 22:40:38--226172]33.jpg,PHLU2031555 22G1
[2015-02-09 22:40:41--392428]recv conta req 2.jpg! 
[2015-02-09 22:40:45--227587]2.jpg,GESU5520648 45G1
[2015-02-09 22:40:45--394780]recv conta req 6.jpg! 
[2015-02-09 22:40:47--823156]6.jpg,MRKU8566960 22G1
[2015-02-09 22:40:49--400107]recv conta req 10.jpg! 
[2015-02-09 22:40:53--405263]recv conta req 14.jpg! 
[2015-02-09 22:40:57--406254]recv conta req 18.jpg! 
[2015-02-09 22:40:59--476002]18.jpg,CRXU1866805 22G1
[2015-02-09 22:40:59--768723]10.jpg,CSLU1475718 22G1
[2015-02-09 22:41:00--817174]14.jpg,MRKU9670500 22G1
[2015-02-09 22:41:01--408086]recv conta req 22.jpg! 
[2015-02-09 22:41:02--062101]22.jpg,TCLU2873584 22G1
[2015-02-09 22:41:05--412474]recv conta req 26.jpg! 
[2015-02-09 22:41:06--131325]26.jpg,CRSU9147318 45G1
[2015-02-09 22:41:09--417610]recv conta req 30.jpg! 
[2015-02-09 22:41:10--057721]30.jpg,CMAU4559732 45G1
[2015-02-09 22:41:13--421322]recv conta req 34.jpg! 
[2015-02-09 22:41:14--168566]34.jpg,CMAU4555275 45G1
[2015-02-09 22:41:17--425489]recv conta req 3.jpg! 
[2015-02-09 22:41:21--243104]3.jpg,EITU1067234 45G1
[2015-02-09 22:41:21--431366]recv conta req 7.jpg! 
[2015-02-09 22:41:25--433650]recv conta req 11.jpg! 
[2015-02-09 22:41:29--439593]recv conta req 15.jpg! 
[2015-02-09 22:41:33--102405]11.jpg,MSKU0004911 45G1
[2015-02-09 22:41:33--439151]recv conta req 19.jpg! 
[2015-02-09 22:41:33--776182]7.jpg, 
[2015-02-09 22:41:34--754692]15.jpg,MAXU2423284 
[2015-02-09 22:41:34--987641]19.jpg,MSKU1685954 45G1
[2015-02-09 22:41:37--442600]recv conta req 23.jpg! 
[2015-02-09 22:41:38--083994]23.jpg,APHU6639762 45G1
[2015-02-09 22:41:41--445370]recv conta req 27.jpg! 
[2015-02-09 22:41:42--263742]27.jpg,MRKU0995640 42G1
[2015-02-09 22:41:45--450330]recv conta req 31.jpg! 
[2015-02-09 22:41:46--141124]31.jpg,WSDU4921322 45G1
[2015-02-09 22:41:49--454378]recv conta req 35.jpg! 
[2015-02-09 22:41:50--213952]35.jpg,WSDU4920250 45G1
[2015-02-09 22:41:53--459813]recv conta req 4.jpg! 
[2015-02-09 22:41:54--953811]4.jpg,MSKU4011903 22G1
[2015-02-09 22:41:57--466489]recv conta req 8.jpg! 
[2015-02-09 22:42:01--475527]recv conta req 12.jpg! 
[2015-02-09 22:42:04--476966]8.jpg,CCLU6287245 45G1
[2015-02-09 22:42:05--471734]recv conta req 16.jpg! 
[2015-02-09 22:42:07--589765]16.jpg,TEMU3075040 22G1
[2015-02-09 22:42:09--476626]recv conta req 20.jpg! 
[2015-02-09 22:42:11--047551]20.jpg,FCIU4591874 22G1
[2015-02-09 22:42:12--170183]12.jpg,MEDU1861156 22G1
[2015-02-09 22:42:13--482226]recv conta req 24.jpg! 
[2015-02-09 22:42:14--192775]24.jpg,SEGU1904022 22G1
[2015-02-09 22:42:17--487168]recv conta req 28.jpg! 
[2015-02-09 22:42:18--306917]28.jpg,FCIU8609740 45G1
[2015-02-09 22:42:21--492772]recv conta req 32.jpg! 
[2015-02-09 22:42:22--184695]32.jpg,CITU1173790 45G1
[2015-02-09 22:42:25--497925]recv conta req 1.jpg! 
[2015-02-09 22:42:27--185066]1.jpg,MSKU9550132 45G1
[2015-02-09 22:42:29--500468]recv conta req 5.jpg! 
[2015-02-09 22:42:32--325232]5.jpg,IIIU7???46? 22G1
[2015-02-09 22:42:33--507835]recv conta req 9.jpg! 
[2015-02-09 22:42:37--512808]recv conta req 13.jpg! 
[2015-02-09 22:42:41--515536]recv conta req 17.jpg! 
[2015-02-09 22:42:42--625910]9.jpg,MRKU3324814 45G1
[2015-02-09 22:42:43--858969]17.jpg,SEGU1445915 22G1
[2015-02-09 22:42:45--521601]recv conta req 21.jpg! 
[2015-02-09 22:42:46--195461]13.jpg,FSCU7372776 22G1
[2015-02-09 22:42:46--382671]21.jpg,TRLU8984373 22G1
[2015-02-09 22:42:49--523014]recv conta req 25.jpg! 
[2015-02-09 22:42:50--151855]25.jpg, 
[2015-02-09 22:42:53--526490]recv conta req 29.jpg! 
[2015-02-09 22:42:54--155986]29.jpg,SEGU9039975 45R1
[2015-02-09 22:42:57--531313]recv conta req 33.jpg! 
[2015-02-09 22:42:58--435552]33.jpg,PHLU2031555 22G1
[2015-02-09 22:43:01--539143]recv conta req 2.jpg! 
[2015-02-09 22:43:05--341049]2.jpg,GESU5520648 45G1
[2015-02-09 22:43:05--539669]recv conta req 6.jpg! 
[2015-02-09 22:43:07--990621]6.jpg,MRKU8566960 22G1
[2015-02-09 22:43:09--546745]recv conta req 10.jpg! 
[2015-02-09 22:43:13--549564]recv conta req 14.jpg! 
[2015-02-09 22:43:17--552215]recv conta req 18.jpg! 
[2015-02-09 22:43:19--696278]18.jpg,CRXU1866805 22G1
[2015-02-09 22:43:20--127797]10.jpg,CSLU1475718 22G1
[2015-02-09 22:43:21--557012]recv conta req 22.jpg! 
[2015-02-09 22:43:21--618964]14.jpg,MRKU9670500 22G1
[2015-02-09 22:43:22--212806]22.jpg,TCLU2873584 22G1
[2015-02-09 22:43:25--556126]recv conta req 26.jpg! 
[2015-02-09 22:43:26--305206]26.jpg,CRSU9147318 45G1
[2015-02-09 22:43:29--559276]recv conta req 30.jpg! 
[2015-02-09 22:43:30--213304]30.jpg,CMAU4559732 45G1
[2015-02-09 22:43:33--561097]recv conta req 34.jpg! 
[2015-02-09 22:43:34--290658]34.jpg,CMAU4555275 45G1
[2015-02-09 22:43:37--564354]recv conta req 3.jpg! 
[2015-02-09 22:43:41--320756]3.jpg,EITU1067234 45G1
[2015-02-09 22:43:41--568520]recv conta req 7.jpg! 
[2015-02-09 22:43:45--572590]recv conta req 11.jpg! 
[2015-02-09 22:43:49--598701]recv conta req 15.jpg! 
[2015-02-09 22:43:53--578570]recv conta req 19.jpg! 
[2015-02-09 22:43:54--863315]11.jpg,MSKU0004911 45G1
[2015-02-09 22:43:55--067172]19.jpg,MSKU1685954 45G1
[2015-02-09 22:43:55--693457]7.jpg, 
[2015-02-09 22:43:55--713585]15.jpg,MAXU2423284 
[2015-02-09 22:43:57--583566]recv conta req 23.jpg! 
[2015-02-09 22:43:58--196036]23.jpg,APHU6639762 45G1
[2015-02-09 22:44:01--587281]recv conta req 27.jpg! 
[2015-02-09 22:44:02--394509]27.jpg,MRKU0995640 42G1
[2015-02-09 22:44:05--590252]recv conta req 31.jpg! 
[2015-02-09 22:44:06--299396]31.jpg,WSDU4921322 45G1
[2015-02-09 22:44:09--593259]recv conta req 35.jpg! 
[2015-02-09 22:44:10--344011]35.jpg,WSDU4920250 45G1
[2015-02-09 22:44:13--597303]recv conta req 4.jpg! 
[2015-02-09 22:44:15--146041]4.jpg,MSKU4011903 22G1
[2015-02-09 22:44:17--603251]recv conta req 8.jpg! 
[2015-02-09 22:44:21--608828]recv conta req 12.jpg! 
[2015-02-09 22:44:24--475336]8.jpg,CCLU6287245 45G1
[2015-02-09 22:44:25--608437]recv conta req 16.jpg! 
[2015-02-09 22:44:27--551644]16.jpg,TEMU3075040 22G1
[2015-02-09 22:44:29--612278]recv conta req 20.jpg! 
[2015-02-09 22:44:30--962021]20.jpg,FCIU4591874 22G1
[2015-02-09 22:44:31--553852]12.jpg,MEDU1861156 22G1
[2015-02-09 22:44:33--614382]recv conta req 24.jpg! 
[2015-02-09 22:44:34--287914]24.jpg,SEGU1904022 22G1
[2015-02-09 22:44:37--617061]recv conta req 28.jpg! 
[2015-02-09 22:44:38--450572]28.jpg,FCIU8609740 45G1
[2015-02-09 22:44:41--620127]recv conta req 32.jpg! 
[2015-02-09 22:44:42--287013]32.jpg,CITU1173790 45G1
[2015-02-09 22:44:45--623785]recv conta req 1.jpg! 
[2015-02-09 22:44:47--326551]1.jpg,MSKU9550132 45G1
[2015-02-09 22:44:49--626451]recv conta req 5.jpg! 
[2015-02-09 22:44:52--442300]5.jpg,IIIU7???46? 22G1
[2015-02-09 22:44:53--631645]recv conta req 9.jpg! 
[2015-02-09 22:44:57--636799]recv conta req 13.jpg! 
[2015-02-09 22:45:01--637436]recv conta req 17.jpg! 
[2015-02-09 22:45:03--093233]9.jpg,MRKU3324814 45G1
[2015-02-09 22:45:03--843003]17.jpg,SEGU1445915 22G1
[2015-02-09 22:45:05--641731]recv conta req 21.jpg! 
[2015-02-09 22:45:06--110304]13.jpg,FSCU7372776 22G1
[2015-02-09 22:45:06--580226]21.jpg,TRLU8984373 22G1
[2015-02-09 22:45:09--645470]recv conta req 25.jpg! 
[2015-02-09 22:45:10--260787]25.jpg, 
[2015-02-09 22:45:13--649871]recv conta req 29.jpg! 
[2015-02-09 22:45:14--253080]29.jpg,SEGU9039975 45R1
[2015-02-09 22:45:17--655649]recv conta req 33.jpg! 
[2015-02-09 22:45:18--555557]33.jpg,PHLU2031555 22G1
[2015-02-09 22:45:21--662029]recv conta req 2.jpg! 
[2015-02-09 22:45:25--592402]2.jpg,GESU5520648 45G1
[2015-02-09 22:45:25--664356]recv conta req 6.jpg! 
[2015-02-09 22:45:28--106332]6.jpg,MRKU8566960 22G1
[2015-02-09 22:45:29--670452]recv conta req 10.jpg! 
[2015-02-09 22:45:33--674566]recv conta req 14.jpg! 
[2015-02-09 22:45:37--675876]recv conta req 18.jpg! 
[2015-02-09 22:45:39--147100]10.jpg,CSLU1475718 22G1
[2015-02-09 22:45:39--340015]18.jpg,CRXU1866805 22G1
[2015-02-09 22:45:40--978494]14.jpg,MRKU9670500 22G1
[2015-02-09 22:45:41--679892]recv conta req 22.jpg! 
[2015-02-09 22:45:42--259955]22.jpg,TCLU2873584 22G1
[2015-02-09 22:45:45--682915]recv conta req 26.jpg! 
[2015-02-09 22:45:46--353615]26.jpg,CRSU9147318 45G1
[2015-02-09 22:45:49--687877]recv conta req 30.jpg! 
[2015-02-09 22:45:50--275418]30.jpg,CMAU4559732 45G1
[2015-02-09 22:45:53--692205]recv conta req 34.jpg! 
[2015-02-09 22:45:54--397469]34.jpg,CMAU4555275 45G1
[2015-02-09 22:45:57--697268]recv conta req 3.jpg! 
[2015-02-09 22:46:01--394407]3.jpg,EITU1067234 45G1
[2015-02-09 22:46:01--703295]recv conta req 7.jpg! 
[2015-02-09 22:46:05--706057]recv conta req 11.jpg! 
[2015-02-09 22:46:09--711072]recv conta req 15.jpg! 
[2015-02-09 22:46:13--713455]recv conta req 19.jpg! 
[2015-02-09 22:46:14--411283]7.jpg, 
[2015-02-09 22:46:14--915080]11.jpg,MSKU0004911 45G1
[2015-02-09 22:46:15--282667]19.jpg,MSKU1685954 45G1
[2015-02-09 22:46:15--313913]15.jpg,MAXU2423284 
[2015-02-09 22:46:17--717402]recv conta req 23.jpg! 
[2015-02-09 22:46:18--308537]23.jpg,APHU6639762 45G1
[2015-02-09 22:46:21--721304]recv conta req 27.jpg! 
[2015-02-09 22:46:22--531575]27.jpg,MRKU0995640 42G1
[2015-02-09 22:46:25--724387]recv conta req 31.jpg! 
[2015-02-09 22:46:26--389393]31.jpg,WSDU4921322 45G1
[2015-02-09 22:46:29--729130]recv conta req 35.jpg! 
[2015-02-09 22:46:30--491915]35.jpg,WSDU4920250 45G1
[2015-02-09 22:46:33--733640]recv conta req 4.jpg! 
[2015-02-09 22:46:35--113499]4.jpg,MSKU4011903 22G1
[2015-02-09 22:46:37--738148]recv conta req 8.jpg! 
[2015-02-09 22:46:41--741079]recv conta req 12.jpg! 
[2015-02-09 22:46:43--417851]8.jpg,CCLU6287245 45G1
[2015-02-09 22:46:45--742919]recv conta req 16.jpg! 
[2015-02-09 22:46:47--103335]16.jpg,TEMU3075040 22G1
[2015-02-09 22:46:49--745237]recv conta req 20.jpg! 
[2015-02-09 22:46:50--645046]12.jpg,MEDU1861156 22G1
[2015-02-09 22:46:51--008402]20.jpg,FCIU4591874 22G1
[2015-02-09 22:46:53--749195]recv conta req 24.jpg! 
[2015-02-09 22:46:54--425234]24.jpg,SEGU1904022 22G1
[2015-02-09 22:46:57--752608]recv conta req 28.jpg! 
[2015-02-09 22:46:58--577872]28.jpg,FCIU8609740 45G1
[2015-02-09 22:47:01--757499]recv conta req 32.jpg! 
[2015-02-09 22:47:02--407373]32.jpg,CITU1173790 45G1
[2015-02-09 22:47:05--761543]recv conta req 1.jpg! 
[2015-02-09 22:47:07--465589]1.jpg,MSKU9550132 45G1
[2015-02-09 22:47:09--765524]recv conta req 5.jpg! 
[2015-02-09 22:47:12--518690]5.jpg,IIIU7???46? 22G1
[2015-02-09 22:47:13--771321]recv conta req 9.jpg! 
[2015-02-09 22:47:17--779116]recv conta req 13.jpg! 
[2015-02-09 22:47:21--777071]recv conta req 17.jpg! 
[2015-02-09 22:47:23--621836]9.jpg,MRKU3324814 45G1
[2015-02-09 22:47:24--141342]17.jpg,SEGU1445915 22G1
[2015-02-09 22:47:25--780653]recv conta req 21.jpg! 
[2015-02-09 22:47:26--399340]13.jpg,FSCU7372776 22G1
[2015-02-09 22:47:26--556577]21.jpg,TRLU8984373 22G1
[2015-02-09 22:47:29--784421]recv conta req 25.jpg! 
[2015-02-09 22:47:30--382764]25.jpg, 
[2015-02-09 22:47:33--789954]recv conta req 29.jpg! 
[2015-02-09 22:47:34--478500]29.jpg,SEGU9039975 45R1
[2015-02-09 22:47:37--792324]recv conta req 33.jpg! 
[2015-02-09 22:47:38--674150]33.jpg,PHLU2031555 22G1
[2015-02-09 22:47:41--798583]recv conta req 2.jpg! 
[2015-02-09 22:47:45--581871]2.jpg,GESU5520648 45G1
[2015-02-09 22:47:45--799802]recv conta req 6.jpg! 
[2015-02-09 22:47:48--040997]6.jpg,MRKU8566960 22G1
[2015-02-09 22:47:49--805926]recv conta req 10.jpg! 
[2015-02-09 22:47:53--810261]recv conta req 14.jpg! 
[2015-02-09 22:47:57--809642]recv conta req 18.jpg! 
[2015-02-09 22:47:59--604017]18.jpg,CRXU1866805 22G1
[2015-02-09 22:47:59--709675]10.jpg,CSLU1475718 22G1
[2015-02-09 22:48:01--222809]14.jpg,MRKU9670500 22G1
[2015-02-09 22:48:01--812545]recv conta req 22.jpg! 
[2015-02-09 22:48:02--383280]22.jpg,TCLU2873584 22G1
[2015-02-09 22:48:05--815223]recv conta req 26.jpg! 
[2015-02-09 22:48:06--550678]26.jpg,CRSU9147318 45G1
[2015-02-09 22:48:09--817642]recv conta req 30.jpg! 
[2015-02-09 22:48:10--389198]30.jpg,CMAU4559732 45G1
[2015-02-09 22:48:13--820699]recv conta req 34.jpg! 
[2015-02-09 22:48:14--515405]34.jpg,CMAU4555275 45G1
[2015-02-09 22:48:17--823934]recv conta req 3.jpg! 
[2015-02-09 22:48:21--482003]3.jpg,EITU1067234 45G1
[2015-02-09 22:48:21--828816]recv conta req 7.jpg! 
[2015-02-09 22:48:25--831454]recv conta req 11.jpg! 
[2015-02-09 22:48:29--835723]recv conta req 15.jpg! 
[2015-02-09 22:48:33--547216]11.jpg,MSKU0004911 45G1
[2015-02-09 22:48:33--835874]recv conta req 19.jpg! 
[2015-02-09 22:48:35--112818]19.jpg,MSKU1685954 45G1
[2015-02-09 22:48:35--144474]15.jpg,MAXU2423284 
[2015-02-09 22:48:35--348710]7.jpg, 
[2015-02-09 22:48:37--838786]recv conta req 23.jpg! 
[2015-02-09 22:48:38--430976]23.jpg,APHU6639762 45G1
[2015-02-09 22:48:41--842220]recv conta req 27.jpg! 
[2015-02-09 22:48:42--710120]27.jpg,MRKU0995640 42G1
[2015-02-09 22:48:45--843904]recv conta req 31.jpg! 
[2015-02-09 22:48:46--715749]31.jpg,WSDU4921322 45G1
[2015-02-09 22:48:49--847346]recv conta req 35.jpg! 
[2015-02-09 22:48:50--558668]35.jpg,WSDU4920250 45G1
[2015-02-09 22:48:53--849648]recv conta req 4.jpg! 
[2015-02-09 22:48:55--198260]4.jpg,MSKU4011903 22G1
[2015-02-09 22:48:57--854246]recv conta req 8.jpg! 
[2015-02-09 22:49:01--861267]recv conta req 12.jpg! 
[2015-02-09 22:49:04--215188]8.jpg,CCLU6287245 45G1
[2015-02-09 22:49:05--860401]recv conta req 16.jpg! 
[2015-02-09 22:49:07--702297]16.jpg,TEMU3075040 22G1
[2015-02-09 22:49:09--862928]recv conta req 20.jpg! 
[2015-02-09 22:49:11--034298]20.jpg,FCIU4591874 22G1
[2015-02-09 22:49:12--067755]12.jpg,MEDU1861156 22G1
[2015-02-09 22:49:13--865708]recv conta req 24.jpg! 
[2015-02-09 22:49:14--477947]24.jpg,SEGU1904022 22G1
[2015-02-09 22:49:17--868619]recv conta req 28.jpg! 
[2015-02-09 22:49:18--706751]28.jpg,FCIU8609740 45G1
[2015-02-09 22:49:21--872521]recv conta req 32.jpg! 
[2015-02-09 22:49:22--799840]32.jpg,CITU1173790 45G1
[2015-02-09 22:49:25--873919]recv conta req 1.jpg! 
[2015-02-09 22:49:27--547275]1.jpg,MSKU9550132 45G1
[2015-02-09 22:49:29--876259]recv conta req 5.jpg! 
[2015-02-09 22:49:32--671574]5.jpg,IIIU7???46? 22G1
[2015-02-09 22:49:33--879249]recv conta req 9.jpg! 
[2015-02-09 22:49:37--882655]recv conta req 13.jpg! 
[2015-02-09 22:49:41--883494]recv conta req 17.jpg! 
[2015-02-09 22:49:42--024817]9.jpg,MRKU3324814 45G1
[2015-02-09 22:49:43--125984]17.jpg,SEGU1445915 22G1
[2015-02-09 22:49:45--885093]recv conta req 21.jpg! 
[2015-02-09 22:49:46--101975]13.jpg,FSCU7372776 22G1
[2015-02-09 22:49:46--629757]21.jpg,TRLU8984373 22G1
[2015-02-09 22:49:49--887779]recv conta req 25.jpg! 
[2015-02-09 22:49:50--484966]25.jpg, 
[2015-02-09 22:49:53--891379]recv conta req 29.jpg! 
[2015-02-09 22:49:54--762432]29.jpg,SEGU9039975 45R1
[2015-02-09 22:49:57--896107]recv conta req 33.jpg! 
[2015-02-09 22:49:59--083034]33.jpg,PHLU2031555 22G1
[2015-02-09 22:50:01--896726]recv conta req 2.jpg! 
[2015-02-09 22:50:05--556635]2.jpg,GESU5520648 45G1
[2015-02-09 22:50:05--899584]recv conta req 6.jpg! 
[2015-02-09 22:50:08--146446]6.jpg,MRKU8566960 22G1
[2015-02-09 22:50:09--903729]recv conta req 10.jpg! 
[2015-02-09 22:50:13--906239]recv conta req 14.jpg! 
[2015-02-09 22:50:17--906080]recv conta req 18.jpg! 
[2015-02-09 22:50:19--175608]10.jpg,CSLU1475718 22G1
[2015-02-09 22:50:19--836755]18.jpg,CRXU1866805 22G1
[2015-02-09 22:50:21--222195]14.jpg,MRKU9670500 22G1
[2015-02-09 22:50:21--909799]recv conta req 22.jpg! 
[2015-02-09 22:50:22--491744]22.jpg,TCLU2873584 22G1
[2015-02-09 22:50:25--912034]recv conta req 26.jpg! 
[2015-02-09 22:50:26--599843]26.jpg,CRSU9147318 45G1
[2015-02-09 22:50:29--916857]recv conta req 30.jpg! 
[2015-02-09 22:50:30--839702]30.jpg,CMAU4559732 45G1
[2015-02-09 22:50:33--917614]recv conta req 34.jpg! 
[2015-02-09 22:50:34--777447]34.jpg,CMAU4555275 45G1
[2015-02-09 22:50:37--921228]recv conta req 3.jpg! 
[2015-02-09 22:50:41--600496]3.jpg,EITU1067234 45G1
[2015-02-09 22:50:41--925233]recv conta req 7.jpg! 
[2015-02-09 22:50:45--928168]recv conta req 11.jpg! 
[2015-02-09 22:50:49--930332]recv conta req 15.jpg! 
[2015-02-09 22:50:50--921839]7.jpg, 
[2015-02-09 22:50:53--073163]11.jpg,MSKU0004911 45G1
[2015-02-09 22:50:53--930710]recv conta req 19.jpg! 
[2015-02-09 22:50:54--784605]15.jpg,MAXU2423284 
[2015-02-09 22:50:55--224967]19.jpg,MSKU1685954 45G1
[2015-02-09 22:50:57--934098]recv conta req 23.jpg! 
[2015-02-09 22:50:58--539962]23.jpg,APHU6639762 45G1
[2015-02-09 22:51:01--937226]recv conta req 27.jpg! 
[2015-02-09 22:51:02--712455]27.jpg,MRKU0995640 42G1
[2015-02-09 22:51:05--940900]recv conta req 31.jpg! 
[2015-02-09 22:51:06--791965]31.jpg,WSDU4921322 45G1
[2015-02-09 22:51:09--942533]recv conta req 35.jpg! 
[2015-02-09 22:51:10--658383]35.jpg,WSDU4920250 45G1
[2015-02-09 22:51:13--945128]recv conta req 4.jpg! 
[2015-02-09 22:51:15--363507]4.jpg,MSKU4011903 22G1
[2015-02-09 22:51:17--949258]recv conta req 8.jpg! 
[2015-02-09 22:51:21--952175]recv conta req 12.jpg! 
[2015-02-09 22:51:24--269194]8.jpg,CCLU6287245 45G1
[2015-02-09 22:51:25--954843]recv conta req 16.jpg! 
[2015-02-09 22:51:28--008714]16.jpg,TEMU3075040 22G1
[2015-02-09 22:51:29--955416]recv conta req 20.jpg! 
[2015-02-09 22:51:30--972407]20.jpg,FCIU4591874 22G1
[2015-02-09 22:51:32--616683]12.jpg,MEDU1861156 22G1
[2015-02-09 22:51:33--957869]recv conta req 24.jpg! 
[2015-02-09 22:51:34--586974]24.jpg,SEGU1904022 22G1
[2015-02-09 22:51:37--961641]recv conta req 28.jpg! 
[2015-02-09 22:51:38--800476]28.jpg,FCIU8609740 45G1
[2015-02-09 22:51:41--965369]recv conta req 32.jpg! 
[2015-02-09 22:51:42--719325]32.jpg,CITU1173790 45G1
[2015-02-09 22:51:45--966984]recv conta req 1.jpg! 
[2015-02-09 22:51:47--677829]1.jpg,MSKU9550132 45G1
[2015-02-09 22:51:49--970011]recv conta req 5.jpg! 
[2015-02-09 22:51:52--824475]5.jpg,IIIU7???46? 22G1
[2015-02-09 22:51:53--973848]recv conta req 9.jpg! 
[2015-02-09 22:51:57--976146]recv conta req 13.jpg! 
[2015-02-09 22:52:01--757791]9.jpg,MRKU3324814 45G1
[2015-02-09 22:52:01--977037]recv conta req 17.jpg! 
[2015-02-09 22:52:04--050862]17.jpg,SEGU1445915 22G1
[2015-02-09 22:52:05--979201]recv conta req 21.jpg! 
[2015-02-09 22:52:06--253134]13.jpg,FSCU7372776 22G1
[2015-02-09 22:52:06--782916]21.jpg,TRLU8984373 22G1
[2015-02-09 22:52:09--981830]recv conta req 25.jpg! 
[2015-02-09 22:52:10--580254]25.jpg, 
[2015-02-09 22:52:13--988509]recv conta req 29.jpg! 
[2015-02-09 22:52:14--912018]29.jpg,SEGU9039975 45R1
[2015-02-09 22:52:17--990113]recv conta req 33.jpg! 
[2015-02-09 22:52:19--128725]33.jpg,PHLU2031555 22G1
[2015-02-09 22:52:21--990115]recv conta req 2.jpg! 
[2015-02-09 22:52:25--695807]2.jpg,GESU5520648 45G1
[2015-02-09 22:52:25--993062]recv conta req 6.jpg! 
[2015-02-09 22:52:28--242598]6.jpg,MRKU8566960 22G1
[2015-02-09 22:52:29--996989]recv conta req 10.jpg! 
[2015-02-09 22:52:33--998551]recv conta req 14.jpg! 
[2015-02-09 22:52:38--001630]recv conta req 18.jpg! 
[2015-02-09 22:52:39--607898]18.jpg,CRXU1866805 22G1
[2015-02-09 22:52:40--034388]10.jpg,CSLU1475718 22G1
[2015-02-09 22:52:41--725332]14.jpg,MRKU9670500 22G1
[2015-02-09 22:52:42--003838]recv conta req 22.jpg! 
[2015-02-09 22:52:42--610195]22.jpg,TCLU2873584 22G1
[2015-02-09 22:52:46--006522]recv conta req 26.jpg! 
[2015-02-09 22:52:46--703885]26.jpg,CRSU9147318 45G1
[2015-02-09 22:52:50--012609]recv conta req 30.jpg! 
[2015-02-09 22:52:50--883951]30.jpg,CMAU4559732 45G1
[2015-02-09 22:52:54--014000]recv conta req 34.jpg! 
[2015-02-09 22:52:54--986393]34.jpg,CMAU4555275 45G1
[2015-02-09 22:52:58--014700]recv conta req 3.jpg! 
[2015-02-09 22:53:01--784370]3.jpg,EITU1067234 45G1
[2015-02-09 22:53:02--019086]recv conta req 7.jpg! 
[2015-02-09 22:53:06--025479]recv conta req 11.jpg! 
[2015-02-09 22:53:10--023199]recv conta req 15.jpg! 
[2015-02-09 22:53:13--208674]7.jpg, 
[2015-02-09 22:53:14--023873]recv conta req 19.jpg! 
[2015-02-09 22:53:14--332052]11.jpg,MSKU0004911 45G1
[2015-02-09 22:53:15--040077]15.jpg,MAXU2423284 
[2015-02-09 22:53:15--285618]19.jpg,MSKU1685954 45G1
[2015-02-09 22:53:18--026854]recv conta req 23.jpg! 
[2015-02-09 22:53:18--636572]23.jpg,APHU6639762 45G1
[2015-02-09 22:53:22--029589]recv conta req 27.jpg! 
[2015-02-09 22:53:22--872033]27.jpg,MRKU0995640 42G1
[2015-02-09 22:53:26--034621]recv conta req 31.jpg! 
[2015-02-09 22:53:26--946399]31.jpg,WSDU4921322 45G1
[2015-02-09 22:53:30--033889]recv conta req 35.jpg! 
[2015-02-09 22:53:30--752359]35.jpg,WSDU4920250 45G1
[2015-02-09 22:53:34--036734]recv conta req 4.jpg! 
[2015-02-09 22:53:35--544879]4.jpg,MSKU4011903 22G1
[2015-02-09 22:53:38--041692]recv conta req 8.jpg! 
[2015-02-09 22:53:42--044260]recv conta req 12.jpg! 
[2015-02-09 22:53:43--735120]8.jpg,CCLU6287245 45G1
[2015-02-09 22:53:46--044856]recv conta req 16.jpg! 
[2015-02-09 22:53:47--858082]16.jpg,TEMU3075040 22G1
[2015-02-09 22:53:50--047019]recv conta req 20.jpg! 
[2015-02-09 22:53:51--123500]20.jpg,FCIU4591874 22G1
[2015-02-09 22:53:52--038067]12.jpg,MEDU1861156 22G1
[2015-02-09 22:53:54--049082]recv conta req 24.jpg! 
[2015-02-09 22:53:54--683268]24.jpg,SEGU1904022 22G1
[2015-02-09 22:53:58--052817]recv conta req 28.jpg! 
[2015-02-09 22:53:58--881583]28.jpg,FCIU8609740 45G1
[2015-02-09 22:54:02--058055]recv conta req 32.jpg! 
[2015-02-09 22:54:03--045510]32.jpg,CITU1173790 45G1
[2015-02-09 22:54:06--057237]recv conta req 1.jpg! 
[2015-02-09 22:54:07--756672]1.jpg,MSKU9550132 45G1
[2015-02-09 22:54:10--060128]recv conta req 5.jpg! 
[2015-02-09 22:54:12--829744]5.jpg,IIIU7???46? 22G1
[2015-02-09 22:54:14--064004]recv conta req 9.jpg! 
[2015-02-09 22:54:18--066853]recv conta req 13.jpg! 
[2015-02-09 22:54:22--067242]recv conta req 17.jpg! 
[2015-02-09 22:54:23--115185]9.jpg,MRKU3324814 45G1
[2015-02-09 22:54:24--116539]17.jpg,SEGU1445915 22G1
[2015-02-09 22:54:26--070346]recv conta req 21.jpg! 
[2015-02-09 22:54:26--338786]13.jpg,FSCU7372776 22G1
[2015-02-09 22:54:26--768027]21.jpg,TRLU8984373 22G1
[2015-02-09 22:54:30--072634]recv conta req 25.jpg! 
[2015-02-09 22:54:30--784261]25.jpg, 
[2015-02-09 22:54:34--077964]recv conta req 29.jpg! 
[2015-02-09 22:54:34--944542]29.jpg,SEGU9039975 45R1
[2015-02-09 22:54:38--079675]recv conta req 33.jpg! 
[2015-02-09 22:54:39--316920]33.jpg,PHLU2031555 22G1
[2015-02-09 22:54:42--081296]recv conta req 2.jpg! 
[2015-02-09 22:54:45--905209]2.jpg,GESU5520648 45G1
[2015-02-09 22:54:46--121781]recv conta req 6.jpg! 
[2015-02-09 22:54:48--547459]6.jpg,MRKU8566960 22G1
[2015-02-09 22:54:50--087391]recv conta req 10.jpg! 
[2015-02-09 22:54:54--089420]recv conta req 14.jpg! 
[2015-02-09 22:54:58--089883]recv conta req 18.jpg! 
[2015-02-09 22:54:59--272651]10.jpg,CSLU1475718 22G1
[2015-02-09 22:55:00--130736]18.jpg,CRXU1866805 22G1
[2015-02-09 22:55:01--681717]14.jpg,MRKU9670500 22G1
[2015-02-09 22:55:02--096004]recv conta req 22.jpg! 
[2015-02-09 22:55:02--945724]22.jpg,TCLU2873584 22G1
[2015-02-09 22:55:06--095701]recv conta req 26.jpg! 
[2015-02-09 22:55:06--817712]26.jpg,CRSU9147318 45G1
[2015-02-09 22:55:10--100656]recv conta req 30.jpg! 
[2015-02-09 22:55:10--951786]30.jpg,CMAU4559732 45G1
[2015-02-09 22:55:14--101272]recv conta req 34.jpg! 
[2015-02-09 22:55:14--817792]34.jpg,CMAU4555275 45G1
[2015-02-09 22:55:18--104946]recv conta req 3.jpg! 
[2015-02-09 22:55:21--869889]3.jpg,EITU1067234 45G1
[2015-02-09 22:55:22--109240]recv conta req 7.jpg! 
[2015-02-09 22:55:26--111417]recv conta req 11.jpg! 
[2015-02-09 22:55:30--113661]recv conta req 15.jpg! 
[2015-02-09 22:55:34--113506]recv conta req 19.jpg! 
[2015-02-09 22:55:35--044287]11.jpg,MSKU0004911 45G1
[2015-02-09 22:55:35--318840]15.jpg,MAXU2423284 
[2015-02-09 22:55:35--624602]19.jpg,MSKU1685954 45G1
[2015-02-09 22:55:36--238445]7.jpg, 
[2015-02-09 22:55:38--117246]recv conta req 23.jpg! 
[2015-02-09 22:55:38--740096]23.jpg,APHU6639762 45G1
[2015-02-09 22:55:42--120650]recv conta req 27.jpg! 
[2015-02-09 22:55:42--973972]27.jpg,MRKU0995640 42G1
[2015-02-09 22:55:46--124453]recv conta req 31.jpg! 
[2015-02-09 22:55:47--082189]31.jpg,WSDU4921322 45G1
[2015-02-09 22:55:50--125337]recv conta req 35.jpg! 
[2015-02-09 22:55:50--886654]35.jpg,WSDU4920250 45G1
[2015-02-09 22:55:54--129126]recv conta req 4.jpg! 
[2015-02-09 22:55:55--668624]4.jpg,MSKU4011903 22G1
[2015-02-09 22:55:58--132454]recv conta req 8.jpg! 
[2015-02-09 22:56:02--134875]recv conta req 12.jpg! 
[2015-02-09 22:56:03--997291]8.jpg,CCLU6287245 45G1
[2015-02-09 22:56:06--135733]recv conta req 16.jpg! 
[2015-02-09 22:56:07--886652]16.jpg,TEMU3075040 22G1
[2015-02-09 22:56:10--139067]recv conta req 20.jpg! 
[2015-02-09 22:56:11--424950]20.jpg,FCIU4591874 22G1
[2015-02-09 22:56:12--403716]12.jpg,MEDU1861156 22G1
[2015-02-09 22:56:14--141450]recv conta req 24.jpg! 
[2015-02-09 22:56:14--796671]24.jpg,SEGU1904022 22G1
[2015-02-09 22:56:18--147365]recv conta req 28.jpg! 
[2015-02-09 22:56:19--222595]28.jpg,FCIU8609740 45G1
[2015-02-09 22:56:22--148923]recv conta req 32.jpg! 
[2015-02-09 22:56:23--110953]32.jpg,CITU1173790 45G1
[2015-02-09 22:56:26--150804]recv conta req 1.jpg! 
[2015-02-09 22:56:27--868200]1.jpg,MSKU9550132 45G1
[2015-02-09 22:56:30--152523]recv conta req 5.jpg! 
[2015-02-09 22:56:32--985080]5.jpg,IIIU7???46? 22G1
[2015-02-09 22:56:34--157240]recv conta req 9.jpg! 
[2015-02-09 22:56:38--157896]recv conta req 13.jpg! 
[2015-02-09 22:56:42--133771]9.jpg,MRKU3324814 45G1
[2015-02-09 22:56:42--160169]recv conta req 17.jpg! 
[2015-02-09 22:56:43--995491]17.jpg,SEGU1445915 22G1
[2015-02-09 22:56:46--162543]recv conta req 21.jpg! 
[2015-02-09 22:56:46--551200]13.jpg,FSCU7372776 22G1
[2015-02-09 22:56:47--071765]21.jpg,TRLU8984373 22G1
[2015-02-09 22:56:50--166343]recv conta req 25.jpg! 
[2015-02-09 22:56:50--820832]25.jpg, 
[2015-02-09 22:56:54--170705]recv conta req 29.jpg! 
[2015-02-09 22:56:55--025882]29.jpg,SEGU9039975 45R1
[2015-02-09 22:56:58--174683]recv conta req 33.jpg! 
[2015-02-09 22:56:59--319645]33.jpg,PHLU2031555 22G1
[2015-02-09 22:57:02--175834]recv conta req 2.jpg! 
[2015-02-09 22:57:05--943948]2.jpg,GESU5520648 45G1
[2015-02-09 22:57:06--177247]recv conta req 6.jpg! 
[2015-02-09 22:57:08--572435]6.jpg,MRKU8566960 22G1
[2015-02-09 22:57:10--181508]recv conta req 10.jpg! 
[2015-02-09 22:57:14--182564]recv conta req 14.jpg! 
[2015-02-09 22:57:18--184746]recv conta req 18.jpg! 
[2015-02-09 22:57:19--839730]18.jpg,CRXU1866805 22G1
[2015-02-09 22:57:20--747383]10.jpg,CSLU1475718 22G1
[2015-02-09 22:57:21--472342]14.jpg,MRKU9670500 22G1
[2015-02-09 22:57:22--186192]recv conta req 22.jpg! 
[2015-02-09 22:57:22--825359]22.jpg,TCLU2873584 22G1
[2015-02-09 22:57:26--191036]recv conta req 26.jpg! 
[2015-02-09 22:57:26--930728]26.jpg,CRSU9147318 45G1
[2015-02-09 22:57:30--196467]recv conta req 30.jpg! 
[2015-02-09 22:57:31--057599]30.jpg,CMAU4559732 45G1
[2015-02-09 22:57:34--196067]recv conta req 34.jpg! 
[2015-02-09 22:57:34--953616]34.jpg,CMAU4555275 45G1
[2015-02-09 22:57:38--198998]recv conta req 3.jpg! 
[2015-02-09 22:57:41--989166]3.jpg,EITU1067234 45G1
[2015-02-09 22:57:42--203730]recv conta req 7.jpg! 
[2015-02-09 22:57:46--206873]recv conta req 11.jpg! 
[2015-02-09 22:57:50--208797]recv conta req 15.jpg! 
[2015-02-09 22:57:54--211479]recv conta req 19.jpg! 
[2015-02-09 22:57:54--492493]7.jpg, 
[2015-02-09 22:57:55--531414]15.jpg,MAXU2423284 
[2015-02-09 22:57:55--866844]19.jpg,MSKU1685954 45G1
[2015-02-09 22:57:56--052326]11.jpg,MSKU0004911 45G1
[2015-02-09 22:57:58--213765]recv conta req 23.jpg! 
[2015-02-09 22:57:58--863201]23.jpg,APHU6639762 45G1
[2015-02-09 22:58:02--217203]recv conta req 27.jpg! 
[2015-02-09 22:58:03--065460]27.jpg,MRKU0995640 42G1
[2015-02-09 22:58:06--220533]recv conta req 31.jpg! 
[2015-02-09 22:58:06--971841]31.jpg,WSDU4921322 45G1
[2015-02-09 22:58:10--222058]recv conta req 35.jpg! 
[2015-02-09 22:58:10--970615]35.jpg,WSDU4920250 45G1
[2015-02-09 22:58:14--224867]recv conta req 4.jpg! 
[2015-02-09 22:58:15--844543]4.jpg,MSKU4011903 22G1
[2015-02-09 22:58:18--228404]recv conta req 8.jpg! 
[2015-02-09 22:58:22--231367]recv conta req 12.jpg! 
[2015-02-09 22:58:24--065622]8.jpg,CCLU6287245 45G1
[2015-02-09 22:58:26--231358]recv conta req 16.jpg! 
[2015-02-09 22:58:28--443809]16.jpg,TEMU3075040 22G1
[2015-02-09 22:58:30--234718]recv conta req 20.jpg! 
[2015-02-09 22:58:31--598173]20.jpg,FCIU4591874 22G1
[2015-02-09 22:58:32--660682]12.jpg,MEDU1861156 22G1
[2015-02-09 22:58:34--236984]recv conta req 24.jpg! 
[2015-02-09 22:58:34--906405]24.jpg,SEGU1904022 22G1
[2015-02-09 22:58:38--239410]recv conta req 28.jpg! 
[2015-02-09 22:58:39--042757]28.jpg,FCIU8609740 45G1
[2015-02-09 22:58:42--241025]recv conta req 32.jpg! 
[2015-02-09 22:58:42--952422]32.jpg,CITU1173790 45G1
[2015-02-09 22:58:46--244780]recv conta req 1.jpg! 
[2015-02-09 22:58:48--002200]1.jpg,MSKU9550132 45G1
[2015-02-09 22:58:50--246090]recv conta req 5.jpg! 
[2015-02-09 22:58:53--099182]5.jpg,IIIU7???46? 22G1
[2015-02-09 22:58:54--251178]recv conta req 9.jpg! 
[2015-02-09 22:58:58--252380]recv conta req 13.jpg! 
[2015-02-09 22:59:01--889308]9.jpg,MRKU3324814 45G1
[2015-02-09 22:59:02--254615]recv conta req 17.jpg! 
[2015-02-09 22:59:04--983231]17.jpg,SEGU1445915 22G1
[2015-02-09 22:59:06--257032]recv conta req 21.jpg! 
[2015-02-09 22:59:06--778845]13.jpg,FSCU7372776 22G1
[2015-02-09 22:59:07--283670]21.jpg,TRLU8984373 22G1
[2015-02-09 22:59:10--259637]recv conta req 25.jpg! 
[2015-02-09 22:59:10--916571]25.jpg, 
[2015-02-09 22:59:14--261733]recv conta req 29.jpg! 
[2015-02-09 22:59:14--892801]29.jpg,SEGU9039975 45R1
[2015-02-09 22:59:18--267262]recv conta req 33.jpg! 
[2015-02-09 22:59:19--327998]33.jpg,PHLU2031555 22G1
[2015-02-09 22:59:22--269231]recv conta req 2.jpg! 
[2015-02-09 22:59:26--112627]2.jpg,GESU5520648 45G1
[2015-02-09 22:59:26--270603]recv conta req 6.jpg! 
[2015-02-09 22:59:28--752306]6.jpg,MRKU8566960 22G1
[2015-02-09 22:59:30--274076]recv conta req 10.jpg! 
[2015-02-09 22:59:34--275606]recv conta req 14.jpg! 
[2015-02-09 22:59:38--277600]recv conta req 18.jpg! 
[2015-02-09 22:59:39--909855]18.jpg,CRXU1866805 22G1
[2015-02-09 22:59:40--040743]10.jpg,CSLU1475718 22G1
[2015-02-09 22:59:41--261120]14.jpg,MRKU9670500 22G1
[2015-02-09 22:59:42--280093]recv conta req 22.jpg! 
[2015-02-09 22:59:42--952201]22.jpg,TCLU2873584 22G1
[2015-02-09 22:59:46--283271]recv conta req 26.jpg! 
[2015-02-09 22:59:47--054511]26.jpg,CRSU9147318 45G1
[2015-02-09 22:59:50--285726]recv conta req 30.jpg! 
[2015-02-09 22:59:50--936478]30.jpg,CMAU4559732 45G1
[2015-02-09 22:59:54--288910]recv conta req 34.jpg! 
[2015-02-09 22:59:55--201731]34.jpg,CMAU4555275 45G1
[2015-02-09 22:59:58--290617]recv conta req 3.jpg! 
[2015-02-09 23:00:02--184066]3.jpg,EITU1067234 45G1
[2015-02-09 23:00:02--295455]recv conta req 7.jpg! 
[2015-02-09 23:00:06--300983]recv conta req 11.jpg! 
[2015-02-09 23:00:10--300053]recv conta req 15.jpg! 
[2015-02-09 23:00:14--300462]recv conta req 19.jpg! 
[2015-02-09 23:00:14--520479]15.jpg,MAXU2423284 
[2015-02-09 23:00:14--745780]11.jpg,MSKU0004911 45G1
[2015-02-09 23:00:15--348237]19.jpg,MSKU1685954 45G1
[2015-02-09 23:00:17--257895]7.jpg, 
[2015-02-09 23:00:18--303668]recv conta req 23.jpg! 
[2015-02-09 23:00:18--949739]23.jpg,APHU6639762 45G1
[2015-02-09 23:00:22--307284]recv conta req 27.jpg! 
[2015-02-09 23:00:23--129139]27.jpg,MRKU0995640 42G1
[2015-02-09 23:00:26--311051]recv conta req 31.jpg! 
[2015-02-09 23:00:27--053892]31.jpg,WSDU4921322 45G1
[2015-02-09 23:00:30--316195]recv conta req 35.jpg! 
[2015-02-09 23:00:31--099786]35.jpg,WSDU4920250 45G1
[2015-02-09 23:00:34--319743]recv conta req 4.jpg! 
[2015-02-09 23:00:35--927041]4.jpg,MSKU4011903 22G1
[2015-02-09 23:00:38--327186]recv conta req 8.jpg! 
[2015-02-09 23:00:42--332219]recv conta req 12.jpg! 
[2015-02-09 23:00:44--785535]8.jpg,CCLU6287245 45G1
[2015-02-09 23:00:46--333135]recv conta req 16.jpg! 
[2015-02-09 23:00:48--194235]16.jpg,TEMU3075040 22G1
[2015-02-09 23:00:50--337299]recv conta req 20.jpg! 
[2015-02-09 23:00:51--821383]20.jpg,FCIU4591874 22G1
[2015-02-09 23:00:52--978525]12.jpg,MEDU1861156 22G1
[2015-02-09 23:00:54--341529]recv conta req 24.jpg! 
[2015-02-09 23:00:55--015555]24.jpg,SEGU1904022 22G1
[2015-02-09 23:00:58--344503]recv conta req 28.jpg! 
[2015-02-09 23:00:59--165846]28.jpg,FCIU8609740 45G1
[2015-02-09 23:01:02--348081]recv conta req 32.jpg! 
[2015-02-09 23:01:03--047067]32.jpg,CITU1173790 45G1
[2015-02-09 23:01:06--353773]recv conta req 1.jpg! 
[2015-02-09 23:01:08--082665]1.jpg,MSKU9550132 45G1
[2015-02-09 23:01:10--358545]recv conta req 5.jpg! 
[2015-02-09 23:01:13--334606]5.jpg,IIIU7???46? 22G1
[2015-02-09 23:01:14--363356]recv conta req 9.jpg! 
[2015-02-09 23:01:18--365915]recv conta req 13.jpg! 
[2015-02-09 23:01:22--370511]recv conta req 17.jpg! 
[2015-02-09 23:01:24--158130]9.jpg,MRKU3324814 45G1
[2015-02-09 23:01:24--927298]17.jpg,SEGU1445915 22G1
[2015-02-09 23:01:26--378930]recv conta req 21.jpg! 
[2015-02-09 23:01:27--512014]21.jpg,TRLU8984373 22G1
[2015-02-09 23:01:27--825598]13.jpg,FSCU7372776 22G1
[2015-02-09 23:01:30--377183]recv conta req 25.jpg! 
[2015-02-09 23:01:31--025677]25.jpg, 
[2015-02-09 23:01:34--380715]recv conta req 29.jpg! 
[2015-02-09 23:01:35--022355]29.jpg,SEGU9039975 45R1
[2015-02-09 23:01:38--385451]recv conta req 33.jpg! 
[2015-02-09 23:01:39--212009]33.jpg,PHLU2031555 22G1
[2015-02-09 23:01:42--391915]recv conta req 2.jpg! 
[2015-02-09 23:01:46--234271]2.jpg,GESU5520648 45G1
[2015-02-09 23:01:46--393747]recv conta req 6.jpg! 
[2015-02-09 23:01:48--890613]6.jpg,MRKU8566960 22G1
[2015-02-09 23:01:50--403917]recv conta req 10.jpg! 
[2015-02-09 23:01:54--404847]recv conta req 14.jpg! 
[2015-02-09 23:01:58--406016]recv conta req 18.jpg! 
[2015-02-09 23:02:00--230736]18.jpg,CRXU1866805 22G1
[2015-02-09 23:02:01--273527]10.jpg,CSLU1475718 22G1
[2015-02-09 23:02:02--341179]14.jpg,MRKU9670500 22G1
[2015-02-09 23:02:02--408743]recv conta req 22.jpg! 
[2015-02-09 23:02:03--054903]22.jpg,TCLU2873584 22G1
[2015-02-09 23:02:06--413635]recv conta req 26.jpg! 
[2015-02-09 23:02:07--200403]26.jpg,CRSU9147318 45G1
[2015-02-09 23:02:10--417816]recv conta req 30.jpg! 
[2015-02-09 23:02:11--055207]30.jpg,CMAU4559732 45G1
[2015-02-09 23:02:14--422830]recv conta req 34.jpg! 
[2015-02-09 23:02:15--161557]34.jpg,CMAU4555275 45G1
[2015-02-09 23:02:18--426302]recv conta req 3.jpg! 
[2015-02-09 23:02:22--280061]3.jpg,EITU1067234 45G1
[2015-02-09 23:02:22--432769]recv conta req 7.jpg! 
[2015-02-09 23:02:26--435191]recv conta req 11.jpg! 
[2015-02-09 23:02:30--438801]recv conta req 15.jpg! 
[2015-02-09 23:02:34--441671]recv conta req 19.jpg! 
[2015-02-09 23:02:36--254973]15.jpg,MAXU2423284 
[2015-02-09 23:02:36--398953]19.jpg,MSKU1685954 45G1
[2015-02-09 23:02:36--539292]7.jpg, 
[2015-02-09 23:02:36--829675]11.jpg,MSKU0004911 45G1
[2015-02-09 23:02:38--445327]recv conta req 23.jpg! 
[2015-02-09 23:02:39--096755]23.jpg,APHU6639762 45G1
[2015-02-09 23:02:42--448767]recv conta req 27.jpg! 
[2015-02-09 23:02:43--275693]27.jpg,MRKU0995640 42G1
[2015-02-09 23:02:46--453036]recv conta req 31.jpg! 
[2015-02-09 23:02:47--154319]31.jpg,WSDU4921322 45G1
[2015-02-09 23:02:50--455933]recv conta req 35.jpg! 
[2015-02-09 23:02:51--209131]35.jpg,WSDU4920250 45G1
[2015-02-09 23:02:54--459163]recv conta req 4.jpg! 
[2015-02-09 23:02:56--058755]4.jpg,MSKU4011903 22G1
[2015-02-09 23:02:58--462682]recv conta req 8.jpg! 
[2015-02-09 23:03:02--466160]recv conta req 12.jpg! 
[2015-02-09 23:03:05--282706]8.jpg,CCLU6287245 45G1
[2015-02-09 23:03:06--468893]recv conta req 16.jpg! 
[2015-02-09 23:03:08--756611]16.jpg,TEMU3075040 22G1
[2015-02-09 23:03:10--472955]recv conta req 20.jpg! 
[2015-02-09 23:03:12--009044]20.jpg,FCIU4591874 22G1
[2015-02-09 23:03:13--194739]12.jpg,MEDU1861156 22G1
[2015-02-09 23:03:14--477007]recv conta req 24.jpg! 
[2015-02-09 23:03:15--138812]24.jpg,SEGU1904022 22G1
[2015-02-09 23:03:18--480596]recv conta req 28.jpg! 
[2015-02-09 23:03:19--281765]28.jpg,FCIU8609740 45G1
[2015-02-09 23:03:22--484134]recv conta req 32.jpg! 
[2015-02-09 23:03:23--208795]32.jpg,CITU1173790 45G1
[2015-02-09 23:03:26--489512]recv conta req 1.jpg! 
[2015-02-09 23:03:28--177100]1.jpg,MSKU9550132 45G1
[2015-02-09 23:03:30--493480]recv conta req 5.jpg! 
[2015-02-09 23:03:33--469062]5.jpg,IIIU7???46? 22G1
[2015-02-09 23:03:34--500543]recv conta req 9.jpg! 
[2015-02-09 23:03:38--505231]recv conta req 13.jpg! 
[2015-02-09 23:03:42--508646]recv conta req 17.jpg! 
[2015-02-09 23:03:43--401778]9.jpg,MRKU3324814 45G1
[2015-02-09 23:03:44--802884]17.jpg,SEGU1445915 22G1
[2015-02-09 23:03:46--513413]recv conta req 21.jpg! 
[2015-02-09 23:03:47--348392]13.jpg,FSCU7372776 22G1
[2015-02-09 23:03:47--503394]21.jpg,TRLU8984373 22G1
[2015-02-09 23:03:50--516926]recv conta req 25.jpg! 
[2015-02-09 23:03:51--138481]25.jpg, 
[2015-02-09 23:03:54--520694]recv conta req 29.jpg! 
[2015-02-09 23:03:55--162309]29.jpg,SEGU9039975 45R1
[2015-02-09 23:03:58--525448]recv conta req 33.jpg! 
[2015-02-09 23:03:59--409095]33.jpg,PHLU2031555 22G1
[2015-02-09 23:04:02--531181]recv conta req 2.jpg! 
[2015-02-09 23:04:06--363939]2.jpg,GESU5520648 45G1
[2015-02-09 23:04:06--533598]recv conta req 6.jpg! 
[2015-02-09 23:04:09--003555]6.jpg,MRKU8566960 22G1
[2015-02-09 23:04:10--538774]recv conta req 10.jpg! 
[2015-02-09 23:04:14--542551]recv conta req 14.jpg! 
[2015-02-09 23:04:18--545478]recv conta req 18.jpg! 
[2015-02-09 23:04:20--479338]18.jpg,CRXU1866805 22G1
[2015-02-09 23:04:21--952265]10.jpg,CSLU1475718 22G1
[2015-02-09 23:04:22--025533]14.jpg,MRKU9670500 22G1
[2015-02-09 23:04:22--548440]recv conta req 22.jpg! 
[2015-02-09 23:04:23--176225]22.jpg,TCLU2873584 22G1
[2015-02-09 23:04:26--553044]recv conta req 26.jpg! 
[2015-02-09 23:04:27--292672]26.jpg,CRSU9147318 45G1
[2015-02-09 23:04:30--556716]recv conta req 30.jpg! 
[2015-02-09 23:04:31--169260]30.jpg,CMAU4559732 45G1
[2015-02-09 23:04:34--561194]recv conta req 34.jpg! 
[2015-02-09 23:04:35--278736]34.jpg,CMAU4555275 45G1
[2015-02-09 23:04:38--566228]recv conta req 3.jpg! 
[2015-02-09 23:04:42--445531]3.jpg,EITU1067234 45G1
[2015-02-09 23:04:42--571848]recv conta req 7.jpg! 
[2015-02-09 23:04:46--575853]recv conta req 11.jpg! 
[2015-02-09 23:04:50--577698]recv conta req 15.jpg! 
[2015-02-09 23:04:54--302407]11.jpg,MSKU0004911 45G1
[2015-02-09 23:04:54--580785]recv conta req 19.jpg! 
[2015-02-09 23:04:56--260422]19.jpg,MSKU1685954 45G1
[2015-02-09 23:04:56--928216]15.jpg,MAXU2423284 
[2015-02-09 23:04:56--955167]7.jpg, 
[2015-02-09 23:04:58--587011]recv conta req 23.jpg! 
[2015-02-09 23:04:59--300457]23.jpg,APHU6639762 45G1
[2015-02-09 23:05:02--588683]recv conta req 27.jpg! 
[2015-02-09 23:05:03--415254]27.jpg,MRKU0995640 42G1
[2015-02-09 23:05:06--592944]recv conta req 31.jpg! 
[2015-02-09 23:05:07--257651]31.jpg,WSDU4921322 45G1
[2015-02-09 23:05:10--597116]recv conta req 35.jpg! 
[2015-02-09 23:05:11--383753]35.jpg,WSDU4920250 45G1
[2015-02-09 23:05:14--601794]recv conta req 4.jpg! 
[2015-02-09 23:05:16--119509]4.jpg,MSKU4011903 22G1
[2015-02-09 23:05:18--608443]recv conta req 8.jpg! 
[2015-02-09 23:05:22--614414]recv conta req 12.jpg! 
[2015-02-09 23:05:24--272077]8.jpg,CCLU6287245 45G1
[2015-02-09 23:05:26--612618]recv conta req 16.jpg! 
[2015-02-09 23:05:28--546932]16.jpg,TEMU3075040 22G1
[2015-02-09 23:05:30--616453]recv conta req 20.jpg! 
[2015-02-09 23:05:32--036227]20.jpg,FCIU4591874 22G1
[2015-02-09 23:05:33--052732]12.jpg,MEDU1861156 22G1
[2015-02-09 23:05:34--619414]recv conta req 24.jpg! 
[2015-02-09 23:05:35--279586]24.jpg,SEGU1904022 22G1
[2015-02-09 23:05:38--624325]recv conta req 28.jpg! 
[2015-02-09 23:05:39--429392]28.jpg,FCIU8609740 45G1
[2015-02-09 23:05:42--627254]recv conta req 32.jpg! 
[2015-02-09 23:05:43--277901]32.jpg,CITU1173790 45G1
[2015-02-09 23:05:46--631682]recv conta req 1.jpg! 
[2015-02-09 23:05:48--298769]1.jpg,MSKU9550132 45G1
[2015-02-09 23:05:50--636024]recv conta req 5.jpg! 
[2015-02-09 23:05:53--434768]5.jpg,IIIU7???46? 22G1
[2015-02-09 23:05:54--641236]recv conta req 9.jpg! 
[2015-02-09 23:05:58--644519]recv conta req 13.jpg! 
[2015-02-09 23:06:02--647041]recv conta req 17.jpg! 
[2015-02-09 23:06:02--966330]9.jpg,MRKU3324814 45G1
[2015-02-09 23:06:04--666817]17.jpg,SEGU1445915 22G1
[2015-02-09 23:06:06--649995]recv conta req 21.jpg! 
[2015-02-09 23:06:06--917295]13.jpg,FSCU7372776 22G1
[2015-02-09 23:06:07--472292]21.jpg,TRLU8984373 22G1
[2015-02-09 23:06:10--654677]recv conta req 25.jpg! 
[2015-02-09 23:06:11--264152]25.jpg, 
[2015-02-09 23:06:14--658018]recv conta req 29.jpg! 
[2015-02-09 23:06:15--265642]29.jpg,SEGU9039975 45R1
[2015-02-09 23:06:18--664264]recv conta req 33.jpg! 
[2015-02-09 23:06:19--557530]33.jpg,PHLU2031555 22G1
[2015-02-09 23:06:22--669580]recv conta req 2.jpg! 
[2015-02-09 23:06:26--512081]2.jpg,GESU5520648 45G1
[2015-02-09 23:06:26--676503]recv conta req 6.jpg! 
[2015-02-09 23:06:29--088274]6.jpg,MRKU8566960 22G1
[2015-02-09 23:06:30--682155]recv conta req 10.jpg! 
[2015-02-09 23:06:34--682775]recv conta req 14.jpg! 
[2015-02-09 23:06:38--685804]recv conta req 18.jpg! 
[2015-02-09 23:06:39--623544]10.jpg,CSLU1475718 22G1
[2015-02-09 23:06:40--522510]18.jpg,CRXU1866805 22G1
[2015-02-09 23:06:41--660233]14.jpg,MRKU9670500 22G1
[2015-02-09 23:06:42--690350]recv conta req 22.jpg! 
[2015-02-09 23:06:43--298091]22.jpg,TCLU2873584 22G1
[2015-02-09 23:06:46--695170]recv conta req 26.jpg! 
[2015-02-09 23:06:47--417097]26.jpg,CRSU9147318 45G1
[2015-02-09 23:06:50--698570]recv conta req 30.jpg! 
[2015-02-09 23:06:51--278475]30.jpg,CMAU4559732 45G1
[2015-02-09 23:06:54--703160]recv conta req 34.jpg! 
[2015-02-09 23:06:55--396917]34.jpg,CMAU4555275 45G1
[2015-02-09 23:06:58--707522]recv conta req 3.jpg! 
[2015-02-09 23:07:02--441740]3.jpg,EITU1067234 45G1
[2015-02-09 23:07:02--712937]recv conta req 7.jpg! 
[2015-02-09 23:07:06--720444]recv conta req 11.jpg! 
[2015-02-09 23:07:10--720464]recv conta req 15.jpg! 
[2015-02-09 23:07:14--724517]recv conta req 19.jpg! 
[2015-02-09 23:07:16--216346]15.jpg,MAXU2423284 
[2015-02-09 23:07:16--281221]7.jpg, 
[2015-02-09 23:07:16--658029]11.jpg,MSKU0004911 45G1
[2015-02-09 23:07:16--691217]19.jpg,MSKU1685954 45G1
[2015-02-09 23:07:18--727741]recv conta req 23.jpg! 
[2015-02-09 23:07:19--344207]23.jpg,APHU6639762 45G1
[2015-02-09 23:07:22--731764]recv conta req 27.jpg! 
[2015-02-09 23:07:23--551270]27.jpg,MRKU0995640 42G1
[2015-02-09 23:07:26--737191]recv conta req 31.jpg! 
[2015-02-09 23:07:27--406245]31.jpg,WSDU4921322 45G1
[2015-02-09 23:07:30--740869]recv conta req 35.jpg! 
[2015-02-09 23:07:31--470736]35.jpg,WSDU4920250 45G1
[2015-02-09 23:07:34--746043]recv conta req 4.jpg! 
[2015-02-09 23:07:36--260007]4.jpg,MSKU4011903 22G1
[2015-02-09 23:07:38--750324]recv conta req 8.jpg! 
[2015-02-09 23:07:42--754307]recv conta req 12.jpg! 
[2015-02-09 23:07:44--599085]8.jpg,CCLU6287245 45G1
[2015-02-09 23:07:46--757760]recv conta req 16.jpg! 
[2015-02-09 23:07:48--725677]16.jpg,TEMU3075040 22G1
[2015-02-09 23:07:50--761658]recv conta req 20.jpg! 
[2015-02-09 23:07:52--119231]20.jpg,FCIU4591874 22G1
[2015-02-09 23:07:53--871515]12.jpg,MEDU1861156 22G1
[2015-02-09 23:07:54--764310]recv conta req 24.jpg! 
[2015-02-09 23:07:55--400393]24.jpg,SEGU1904022 22G1
[2015-02-09 23:07:58--768722]recv conta req 28.jpg! 
[2015-02-09 23:07:59--542992]28.jpg,FCIU8609740 45G1
[2015-02-09 23:08:02--772059]recv conta req 32.jpg! 
[2015-02-09 23:08:03--438738]32.jpg,CITU1173790 45G1
[2015-02-09 23:08:06--776978]recv conta req 1.jpg! 
[2015-02-09 23:08:08--419009]1.jpg,MSKU9550132 45G1
[2015-02-09 23:08:10--781014]recv conta req 5.jpg! 
[2015-02-09 23:08:13--516866]5.jpg,IIIU7???46? 22G1
[2015-02-09 23:08:14--785931]recv conta req 9.jpg! 
[2015-02-09 23:08:18--792201]recv conta req 13.jpg! 
[2015-02-09 23:08:22--794343]recv conta req 17.jpg! 
[2015-02-09 23:08:24--784509]9.jpg,MRKU3324814 45G1
[2015-02-09 23:08:25--513119]17.jpg,SEGU1445915 22G1
[2015-02-09 23:08:26--797523]recv conta req 21.jpg! 
[2015-02-09 23:08:27--618822]13.jpg,FSCU7372776 22G1
[2015-02-09 23:08:27--734262]21.jpg,TRLU8984373 22G1
[2015-02-09 23:08:30--800164]recv conta req 25.jpg! 
[2015-02-09 23:08:31--409780]25.jpg, 
[2015-02-09 23:08:34--803684]recv conta req 29.jpg! 
[2015-02-09 23:08:35--402941]29.jpg,SEGU9039975 45R1
[2015-02-09 23:08:38--807901]recv conta req 33.jpg! 
[2015-02-09 23:08:39--664262]33.jpg,PHLU2031555 22G1
[2015-02-09 23:08:42--813004]recv conta req 2.jpg! 
[2015-02-09 23:08:46--564362]2.jpg,GESU5520648 45G1
[2015-02-09 23:08:46--816382]recv conta req 6.jpg! 
[2015-02-09 23:08:49--105689]6.jpg,MRKU8566960 22G1
[2015-02-09 23:08:50--821189]recv conta req 10.jpg! 
[2015-02-09 23:08:54--822669]recv conta req 14.jpg! 
[2015-02-09 23:08:58--826124]recv conta req 18.jpg! 
[2015-02-09 23:09:00--968523]18.jpg,CRXU1866805 22G1
[2015-02-09 23:09:01--750733]10.jpg,CSLU1475718 22G1
[2015-02-09 23:09:02--792169]14.jpg,MRKU9670500 22G1
[2015-02-09 23:09:02--827518]recv conta req 22.jpg! 
[2015-02-09 23:09:03--405444]22.jpg,TCLU2873584 22G1
[2015-02-09 23:09:06--831024]recv conta req 26.jpg! 
[2015-02-09 23:09:07--561697]26.jpg,CRSU9147318 45G1
[2015-02-09 23:09:10--833258]recv conta req 30.jpg! 
[2015-02-09 23:09:11--426124]30.jpg,CMAU4559732 45G1
[2015-02-09 23:09:14--836368]recv conta req 34.jpg! 
[2015-02-09 23:09:15--542075]34.jpg,CMAU4555275 45G1
[2015-02-09 23:09:18--839965]recv conta req 3.jpg! 
[2015-02-09 23:09:22--616094]3.jpg,EITU1067234 45G1
[2015-02-09 23:09:22--842939]recv conta req 7.jpg! 
[2015-02-09 23:09:26--846547]recv conta req 11.jpg! 
[2015-02-09 23:09:30--849956]recv conta req 15.jpg! 
[2015-02-09 23:09:34--850807]recv conta req 19.jpg! 
[2015-02-09 23:09:35--159428]7.jpg, 
[2015-02-09 23:09:36--022380]19.jpg,MSKU1685954 45G1
[2015-02-09 23:09:36--302044]15.jpg,MAXU2423284 
[2015-02-09 23:09:36--807268]11.jpg,MSKU0004911 45G1
[2015-02-09 23:09:38--852944]recv conta req 23.jpg! 
[2015-02-09 23:09:39--446380]23.jpg,APHU6639762 45G1
[2015-02-09 23:09:42--855755]recv conta req 27.jpg! 
[2015-02-09 23:09:43--657296]27.jpg,MRKU0995640 42G1
[2015-02-09 23:09:46--860151]recv conta req 31.jpg! 
[2015-02-09 23:09:47--535698]31.jpg,WSDU4921322 45G1
[2015-02-09 23:09:50--862653]recv conta req 35.jpg! 
[2015-02-09 23:09:51--590503]35.jpg,WSDU4920250 45G1
[2015-02-09 23:09:54--864719]recv conta req 4.jpg! 
[2015-02-09 23:09:56--332355]4.jpg,MSKU4011903 22G1
[2015-02-09 23:09:58--870131]recv conta req 8.jpg! 
[2015-02-09 23:10:02--871751]recv conta req 12.jpg! 
[2015-02-09 23:10:04--273791]8.jpg,CCLU6287245 45G1
[2015-02-09 23:10:06--874920]recv conta req 16.jpg! 
[2015-02-09 23:10:08--997117]16.jpg,TEMU3075040 22G1
[2015-02-09 23:10:10--878169]recv conta req 20.jpg! 
[2015-02-09 23:10:12--069722]20.jpg,FCIU4591874 22G1
[2015-02-09 23:10:13--140734]12.jpg,MEDU1861156 22G1
[2015-02-09 23:10:14--879828]recv conta req 24.jpg! 
[2015-02-09 23:10:15--501947]24.jpg,SEGU1904022 22G1
[2015-02-09 23:10:18--882040]recv conta req 28.jpg! 
[2015-02-09 23:10:19--669808]28.jpg,FCIU8609740 45G1
[2015-02-09 23:10:22--884497]recv conta req 32.jpg! 
[2015-02-09 23:10:23--537568]32.jpg,CITU1173790 45G1
[2015-02-09 23:10:26--888588]recv conta req 1.jpg! 
[2015-02-09 23:10:28--595970]1.jpg,MSKU9550132 45G1
[2015-02-09 23:10:30--891413]recv conta req 5.jpg! 
[2015-02-09 23:10:33--702345]5.jpg,IIIU7???46? 22G1
[2015-02-09 23:10:34--893145]recv conta req 9.jpg! 
[2015-02-09 23:10:38--902884]recv conta req 13.jpg! 
[2015-02-09 23:10:41--921032]9.jpg,MRKU3324814 45G1
[2015-02-09 23:10:42--900782]recv conta req 17.jpg! 
[2015-02-09 23:10:45--028539]17.jpg,SEGU1445915 22G1
[2015-02-09 23:10:46--901096]recv conta req 21.jpg! 
[2015-02-09 23:10:47--382254]13.jpg,FSCU7372776 22G1
[2015-02-09 23:10:47--655005]21.jpg,TRLU8984373 22G1
[2015-02-09 23:10:50--903309]recv conta req 25.jpg! 
[2015-02-09 23:10:51--532491]25.jpg, 
[2015-02-09 23:10:54--905772]recv conta req 29.jpg! 
[2015-02-09 23:10:55--516500]29.jpg,SEGU9039975 45R1
[2015-02-09 23:10:58--909064]recv conta req 33.jpg! 
[2015-02-09 23:10:59--767896]33.jpg,PHLU2031555 22G1
[2015-02-09 23:11:02--912690]recv conta req 2.jpg! 
[2015-02-09 23:11:06--758342]2.jpg,GESU5520648 45G1
[2015-02-09 23:11:06--912804]recv conta req 6.jpg! 
[2015-02-09 23:11:09--230358]6.jpg,MRKU8566960 22G1
[2015-02-09 23:11:10--918706]recv conta req 10.jpg! 
[2015-02-09 23:11:14--920189]recv conta req 14.jpg! 
[2015-02-09 23:11:18--920601]recv conta req 18.jpg! 
[2015-02-09 23:11:20--543173]18.jpg,CRXU1866805 22G1
[2015-02-09 23:11:21--912982]14.jpg,MRKU9670500 22G1
[2015-02-09 23:11:22--204176]10.jpg,CSLU1475718 22G1
[2015-02-09 23:11:22--923397]recv conta req 22.jpg! 
[2015-02-09 23:11:23--523064]22.jpg,TCLU2873584 22G1
[2015-02-09 23:11:26--926198]recv conta req 26.jpg! 
[2015-02-09 23:11:27--654587]26.jpg,CRSU9147318 45G1
[2015-02-09 23:11:30--928689]recv conta req 30.jpg! 
[2015-02-09 23:11:31--525888]30.jpg,CMAU4559732 45G1
[2015-02-09 23:11:34--931236]recv conta req 34.jpg! 
[2015-02-09 23:11:35--626616]34.jpg,CMAU4555275 45G1
[2015-02-09 23:11:38--933133]recv conta req 3.jpg! 
[2015-02-09 23:11:42--920283]3.jpg,EITU1067234 45G1
[2015-02-09 23:11:42--938467]recv conta req 7.jpg! 
[2015-02-09 23:11:46--944341]recv conta req 11.jpg! 
[2015-02-09 23:11:50--941905]recv conta req 15.jpg! 
[2015-02-09 23:11:54--942890]recv conta req 19.jpg! 
[2015-02-09 23:11:55--069775]11.jpg,MSKU0004911 45G1
[2015-02-09 23:11:56--510433]19.jpg,MSKU1685954 45G1
[2015-02-09 23:11:57--245465]15.jpg,MAXU2423284 
[2015-02-09 23:11:57--964145]7.jpg, 
[2015-02-09 23:11:58--945442]recv conta req 23.jpg! 
[2015-02-09 23:11:59--555700]23.jpg,APHU6639762 45G1
[2015-02-09 23:12:02--947477]recv conta req 27.jpg! 
[2015-02-09 23:12:03--734738]27.jpg,MRKU0995640 42G1
[2015-02-09 23:12:06--950962]recv conta req 31.jpg! 
[2015-02-09 23:12:07--621407]31.jpg,WSDU4921322 45G1
[2015-02-09 23:12:10--952809]recv conta req 35.jpg! 
[2015-02-09 23:12:11--705008]35.jpg,WSDU4920250 45G1
[2015-02-09 23:12:14--956473]recv conta req 4.jpg! 
[2015-02-09 23:12:16--447211]4.jpg,MSKU4011903 22G1
[2015-02-09 23:12:18--960470]recv conta req 8.jpg! 
[2015-02-09 23:12:22--965007]recv conta req 12.jpg! 
[2015-02-09 23:12:25--513388]8.jpg,CCLU6287245 45G1
[2015-02-09 23:12:26--962206]recv conta req 16.jpg! 
[2015-02-09 23:12:29--039424]16.jpg,TEMU3075040 22G1
[2015-02-09 23:12:30--965915]recv conta req 20.jpg! 
[2015-02-09 23:12:31--970054]20.jpg,FCIU4591874 22G1
[2015-02-09 23:12:33--864376]12.jpg,MEDU1861156 22G1
[2015-02-09 23:12:34--968313]recv conta req 24.jpg! 
[2015-02-09 23:12:35--650747]24.jpg,SEGU1904022 22G1
[2015-02-09 23:12:38--971305]recv conta req 28.jpg! 
[2015-02-09 23:12:39--793614]28.jpg,FCIU8609740 45G1
[2015-02-09 23:12:42--972538]recv conta req 32.jpg! 
[2015-02-09 23:12:43--630572]32.jpg,CITU1173790 45G1
[2015-02-09 23:12:46--976161]recv conta req 1.jpg! 
[2015-02-09 23:12:48--657428]1.jpg,MSKU9550132 45G1
[2015-02-09 23:12:50--977429]recv conta req 5.jpg! 
[2015-02-09 23:12:53--844408]5.jpg,IIIU7???46? 22G1
[2015-02-09 23:12:54--981408]recv conta req 9.jpg! 
[2015-02-09 23:12:58--983719]recv conta req 13.jpg! 
[2015-02-09 23:13:02--985927]recv conta req 17.jpg! 
[2015-02-09 23:13:04--165929]9.jpg,MRKU3324814 45G1
[2015-02-09 23:13:05--823710]17.jpg,SEGU1445915 22G1
[2015-02-09 23:13:06--987865]recv conta req 21.jpg! 
[2015-02-09 23:13:08--015140]21.jpg,TRLU8984373 22G1
[2015-02-09 23:13:08--424402]13.jpg,FSCU7372776 22G1
[2015-02-09 23:13:10--990245]recv conta req 25.jpg! 
[2015-02-09 23:13:11--599502]25.jpg, 
[2015-02-09 23:13:14--992252]recv conta req 29.jpg! 
[2015-02-09 23:13:15--626203]29.jpg,SEGU9039975 45R1
[2015-02-09 23:13:18--995615]recv conta req 33.jpg! 
[2015-02-09 23:13:19--796848]33.jpg,PHLU2031555 22G1
[2015-02-09 23:13:22--998278]recv conta req 2.jpg! 
[2015-02-09 23:13:26--907866]2.jpg,GESU5520648 45G1
[2015-02-09 23:13:26--999926]recv conta req 6.jpg! 
[2015-02-09 23:13:29--356313]6.jpg,MRKU8566960 22G1
[2015-02-09 23:13:31--003467]recv conta req 10.jpg! 
[2015-02-09 23:13:35--005952]recv conta req 14.jpg! 
[2015-02-09 23:13:39--007622]recv conta req 18.jpg! 
[2015-02-09 23:13:41--065777]18.jpg,CRXU1866805 22G1
[2015-02-09 23:13:42--310455]10.jpg,CSLU1475718 22G1
[2015-02-09 23:13:42--864115]14.jpg,MRKU9670500 22G1
[2015-02-09 23:13:43--009895]recv conta req 22.jpg! 
[2015-02-09 23:13:43--596338]22.jpg,TCLU2873584 22G1
[2015-02-09 23:13:47--012667]recv conta req 26.jpg! 
[2015-02-09 23:13:47--714451]26.jpg,CRSU9147318 45G1
[2015-02-09 23:13:51--014945]recv conta req 30.jpg! 
[2015-02-09 23:13:51--710788]30.jpg,CMAU4559732 45G1
[2015-02-09 23:13:55--017594]recv conta req 34.jpg! 
[2015-02-09 23:13:55--755655]34.jpg,CMAU4555275 45G1
[2015-02-09 23:13:59--020050]recv conta req 3.jpg! 
[2015-02-09 23:14:02--747187]3.jpg,EITU1067234 45G1
[2015-02-09 23:14:03--024605]recv conta req 7.jpg! 
[2015-02-09 23:14:07--028811]recv conta req 11.jpg! 
[2015-02-09 23:14:11--028849]recv conta req 15.jpg! 
[2015-02-09 23:14:15--029479]recv conta req 19.jpg! 
[2015-02-09 23:14:15--377301]7.jpg, 
[2015-02-09 23:14:16--261618]11.jpg,MSKU0004911 45G1
[2015-02-09 23:14:16--592411]19.jpg,MSKU1685954 45G1
[2015-02-09 23:14:16--718099]15.jpg,MAXU2423284 
[2015-02-09 23:14:19--031784]recv conta req 23.jpg! 
[2015-02-09 23:14:19--649788]23.jpg,APHU6639762 45G1
[2015-02-09 23:14:23--033975]recv conta req 27.jpg! 
[2015-02-09 23:14:23--832413]27.jpg,MRKU0995640 42G1
[2015-02-09 23:14:27--037199]recv conta req 31.jpg! 
[2015-02-09 23:14:27--710576]31.jpg,WSDU4921322 45G1
[2015-02-09 23:14:31--040620]recv conta req 35.jpg! 
[2015-02-09 23:14:31--848627]35.jpg,WSDU4920250 45G1
[2015-02-09 23:14:35--042479]recv conta req 4.jpg! 
[2015-02-09 23:14:36--511489]4.jpg,MSKU4011903 22G1
[2015-02-09 23:14:39--046173]recv conta req 8.jpg! 
[2015-02-09 23:14:43--049194]recv conta req 12.jpg! 
[2015-02-09 23:14:45--112736]8.jpg,CCLU6287245 45G1
[2015-02-09 23:14:47--048857]recv conta req 16.jpg! 
[2015-02-09 23:14:48--895015]16.jpg,TEMU3075040 22G1
[2015-02-09 23:14:51--052643]recv conta req 20.jpg! 
[2015-02-09 23:14:52--510675]20.jpg,FCIU4591874 22G1
[2015-02-09 23:14:53--724596]12.jpg,MEDU1861156 22G1
[2015-02-09 23:14:55--054890]recv conta req 24.jpg! 
[2015-02-09 23:14:55--689869]24.jpg,SEGU1904022 22G1
[2015-02-09 23:14:59--057068]recv conta req 28.jpg! 
[2015-02-09 23:14:59--843831]28.jpg,FCIU8609740 45G1
[2015-02-09 23:15:03--059637]recv conta req 32.jpg! 
[2015-02-09 23:15:03--827798]32.jpg,CITU1173790 45G1
[2015-02-09 23:15:07--062514]recv conta req 1.jpg! 
[2015-02-09 23:15:08--799861]1.jpg,MSKU9550132 45G1
[2015-02-09 23:15:11--063907]recv conta req 5.jpg! 
[2015-02-09 23:15:13--897150]5.jpg,IIIU7???46? 22G1
[2015-02-09 23:15:15--069477]recv conta req 9.jpg! 
[2015-02-09 23:15:19--071340]recv conta req 13.jpg! 
[2015-02-09 23:15:23--073268]recv conta req 17.jpg! 
[2015-02-09 23:15:24--157837]9.jpg,MRKU3324814 45G1
[2015-02-09 23:15:25--361129]17.jpg,SEGU1445915 22G1
[2015-02-09 23:15:27--075484]recv conta req 21.jpg! 
[2015-02-09 23:15:27--953301]13.jpg,FSCU7372776 22G1
[2015-02-09 23:15:27--964191]21.jpg,TRLU8984373 22G1
[2015-02-09 23:15:31--077358]recv conta req 25.jpg! 
[2015-02-09 23:15:31--722071]25.jpg, 
[2015-02-09 23:15:35--079534]recv conta req 29.jpg! 
[2015-02-09 23:15:35--704671]29.jpg,SEGU9039975 45R1
[2015-02-09 23:15:39--082677]recv conta req 33.jpg! 
[2015-02-09 23:15:39--946075]33.jpg,PHLU2031555 22G1
[2015-02-09 23:15:43--085538]recv conta req 2.jpg! 
[2015-02-09 23:15:46--906804]2.jpg,GESU5520648 45G1
[2015-02-09 23:15:47--087202]recv conta req 6.jpg! 
[2015-02-09 23:15:49--544414]6.jpg,MRKU8566960 22G1
[2015-02-09 23:15:51--091996]recv conta req 10.jpg! 
[2015-02-09 23:15:55--093770]recv conta req 14.jpg! 
[2015-02-09 23:15:59--095948]recv conta req 18.jpg! 
[2015-02-09 23:16:01--203939]18.jpg,CRXU1866805 22G1
[2015-02-09 23:16:01--667397]10.jpg,CSLU1475718 22G1
[2015-02-09 23:16:02--968704]14.jpg,MRKU9670500 22G1
[2015-02-09 23:16:03--097175]recv conta req 22.jpg! 
[2015-02-09 23:16:03--745186]22.jpg,TCLU2873584 22G1
[2015-02-09 23:16:07--100488]recv conta req 26.jpg! 
[2015-02-09 23:16:07--865897]26.jpg,CRSU9147318 45G1
[2015-02-09 23:16:11--102890]recv conta req 30.jpg! 
[2015-02-09 23:16:11--738352]30.jpg,CMAU4559732 45G1
[2015-02-09 23:16:15--105394]recv conta req 34.jpg! 
[2015-02-09 23:16:15--839948]34.jpg,CMAU4555275 45G1
[2015-02-09 23:16:19--107398]recv conta req 3.jpg! 
[2015-02-09 23:16:22--890364]3.jpg,EITU1067234 45G1
[2015-02-09 23:16:23--112348]recv conta req 7.jpg! 
[2015-02-09 23:16:27--114539]recv conta req 11.jpg! 
[2015-02-09 23:16:31--117469]recv conta req 15.jpg! 
[2015-02-09 23:16:32--938394]7.jpg, 
[2015-02-09 23:16:35--117027]recv conta req 19.jpg! 
[2015-02-09 23:16:36--491218]15.jpg,MAXU2423284 
[2015-02-09 23:16:36--857957]19.jpg,MSKU1685954 45G1
[2015-02-09 23:16:37--593373]11.jpg,MSKU0004911 45G1
[2015-02-09 23:16:39--119640]recv conta req 23.jpg! 
[2015-02-09 23:16:39--757228]23.jpg,APHU6639762 45G1
[2015-02-09 23:16:43--121874]recv conta req 27.jpg! 
[2015-02-09 23:16:43--932986]27.jpg,MRKU0995640 42G1
[2015-02-09 23:16:47--124326]recv conta req 31.jpg! 
[2015-02-09 23:16:47--831575]31.jpg,WSDU4921322 45G1
[2015-02-09 23:16:51--127278]recv conta req 35.jpg! 
[2015-02-09 23:16:51--884846]35.jpg,WSDU4920250 45G1
[2015-02-09 23:16:55--129643]recv conta req 4.jpg! 
[2015-02-09 23:16:56--721265]4.jpg,MSKU4011903 22G1
[2015-02-09 23:16:59--133933]recv conta req 8.jpg! 
[2015-02-09 23:17:03--136535]recv conta req 12.jpg! 
[2015-02-09 23:17:05--652580]8.jpg,CCLU6287245 45G1
[2015-02-09 23:17:07--136303]recv conta req 16.jpg! 
[2015-02-09 23:17:09--276960]16.jpg,TEMU3075040 22G1
[2015-02-09 23:17:11--139635]recv conta req 20.jpg! 
[2015-02-09 23:17:12--467959]20.jpg,FCIU4591874 22G1
[2015-02-09 23:17:14--066267]12.jpg,MEDU1861156 22G1
[2015-02-09 23:17:15--142043]recv conta req 24.jpg! 
[2015-02-09 23:17:15--816179]24.jpg,SEGU1904022 22G1
[2015-02-09 23:17:19--144495]recv conta req 28.jpg! 
[2015-02-09 23:17:19--946751]28.jpg,FCIU8609740 45G1
[2015-02-09 23:17:23--146304]recv conta req 32.jpg! 
[2015-02-09 23:17:23--815473]32.jpg,CITU1173790 45G1
[2015-02-09 23:17:27--149818]recv conta req 1.jpg! 
[2015-02-09 23:17:28--889504]1.jpg,MSKU9550132 45G1
[2015-02-09 23:17:31--152661]recv conta req 5.jpg! 
[2015-02-09 23:17:34--017317]5.jpg,IIIU7???46? 22G1
[2015-02-09 23:17:35--156404]recv conta req 9.jpg! 
[2015-02-09 23:17:39--160884]recv conta req 13.jpg! 
[2015-02-09 23:17:43--159256]recv conta req 17.jpg! 
[2015-02-09 23:17:43--822886]9.jpg,MRKU3324814 45G1
[2015-02-09 23:17:45--539732]17.jpg,SEGU1445915 22G1
[2015-02-09 23:17:47--161804]recv conta req 21.jpg! 
[2015-02-09 23:17:48--079213]21.jpg,TRLU8984373 22G1
[2015-02-09 23:17:48--292605]13.jpg,FSCU7372776 22G1
[2015-02-09 23:17:51--163828]recv conta req 25.jpg! 
[2015-02-09 23:17:51--816029]25.jpg, 
[2015-02-09 23:17:55--165992]recv conta req 29.jpg! 
[2015-02-09 23:17:55--820290]29.jpg,SEGU9039975 45R1
[2015-02-09 23:17:59--172786]recv conta req 33.jpg! 
[2015-02-09 23:18:00--154293]33.jpg,PHLU2031555 22G1
[2015-02-09 23:18:03--172186]recv conta req 2.jpg! 
[2015-02-09 23:18:07--026596]2.jpg,GESU5520648 45G1
[2015-02-09 23:18:07--175074]recv conta req 6.jpg! 
[2015-02-09 23:18:09--585159]6.jpg,MRKU8566960 22G1
[2015-02-09 23:18:11--178627]recv conta req 10.jpg! 
[2015-02-09 23:18:15--179702]recv conta req 14.jpg! 
[2015-02-09 23:18:19--182152]recv conta req 18.jpg! 
[2015-02-09 23:18:20--964976]18.jpg,CRXU1866805 22G1
[2015-02-09 23:18:21--471668]10.jpg,CSLU1475718 22G1
[2015-02-09 23:18:22--921437]14.jpg,MRKU9670500 22G1
[2015-02-09 23:18:23--183840]recv conta req 22.jpg! 
[2015-02-09 23:18:23--813449]22.jpg,TCLU2873584 22G1
[2015-02-09 23:18:27--188319]recv conta req 26.jpg! 
[2015-02-09 23:18:27--893648]26.jpg,CRSU9147318 45G1
[2015-02-09 23:18:31--194437]recv conta req 30.jpg! 
[2015-02-09 23:18:32--012258]30.jpg,CMAU4559732 45G1
[2015-02-09 23:18:35--198209]recv conta req 34.jpg! 
[2015-02-09 23:18:36--167754]34.jpg,CMAU4555275 45G1
[2015-02-09 23:18:39--197795]recv conta req 3.jpg! 
[2015-02-09 23:18:42--998648]3.jpg,EITU1067234 45G1
[2015-02-09 23:18:43--201152]recv conta req 7.jpg! 
[2015-02-09 23:18:47--203231]recv conta req 11.jpg! 
[2015-02-09 23:18:51--206720]recv conta req 15.jpg! 
[2015-02-09 23:18:55--206897]recv conta req 19.jpg! 
[2015-02-09 23:18:56--070847]7.jpg, 
[2015-02-09 23:18:56--537809]11.jpg,MSKU0004911 45G1
[2015-02-09 23:18:56--947320]19.jpg,MSKU1685954 45G1
[2015-02-09 23:18:57--181309]15.jpg,MAXU2423284 
[2015-02-09 23:18:59--212309]recv conta req 23.jpg! 
[2015-02-09 23:19:00--117209]23.jpg,APHU6639762 45G1
[2015-02-09 23:19:03--213645]recv conta req 27.jpg! 
[2015-02-09 23:19:04--031228]27.jpg,MRKU0995640 42G1
[2015-02-09 23:19:07--220522]recv conta req 31.jpg! 
[2015-02-09 23:19:08--196668]31.jpg,WSDU4921322 45G1
[2015-02-09 23:19:11--223708]recv conta req 35.jpg! 
[2015-02-09 23:19:12--233572]35.jpg,WSDU4920250 45G1
[2015-02-09 23:19:15--223233]recv conta req 4.jpg! 
[2015-02-09 23:19:16--743014]4.jpg,MSKU4011903 22G1
[2015-02-09 23:19:19--227679]recv conta req 8.jpg! 
[2015-02-09 23:19:23--229255]recv conta req 12.jpg! 
[2015-02-09 23:19:24--577405]8.jpg,CCLU6287245 45G1
[2015-02-09 23:19:27--229851]recv conta req 16.jpg! 
[2015-02-09 23:19:29--081864]16.jpg,TEMU3075040 22G1
[2015-02-09 23:19:31--233129]recv conta req 20.jpg! 
[2015-02-09 23:19:32--107379]20.jpg,FCIU4591874 22G1
[2015-02-09 23:19:33--691278]12.jpg,MEDU1861156 22G1
[2015-02-09 23:19:35--235440]recv conta req 24.jpg! 
[2015-02-09 23:19:35--918773]24.jpg,SEGU1904022 22G1
[2015-02-09 23:19:39--239075]recv conta req 28.jpg! 
[2015-02-09 23:19:40--148727]28.jpg,FCIU8609740 45G1
[2015-02-09 23:19:43--243180]recv conta req 32.jpg! 
[2015-02-09 23:19:44--174124]32.jpg,CITU1173790 45G1
[2015-02-09 23:19:47--245217]recv conta req 1.jpg! 
[2015-02-09 23:19:48--975676]1.jpg,MSKU9550132 45G1
[2015-02-09 23:19:51--246938]recv conta req 5.jpg! 
[2015-02-09 23:19:54--025406]5.jpg,IIIU7???46? 22G1
[2015-02-09 23:19:55--252140]recv conta req 9.jpg! 
[2015-02-09 23:19:59--253723]recv conta req 13.jpg! 
[2015-02-09 23:20:03--254664]recv conta req 17.jpg! 
[2015-02-09 23:20:05--192662]9.jpg,MRKU3324814 45G1
[2015-02-09 23:20:05--434556]17.jpg,SEGU1445915 22G1
[2015-02-09 23:20:07--257222]recv conta req 21.jpg! 
[2015-02-09 23:20:08--053223]21.jpg,TRLU8984373 22G1
[2015-02-09 23:20:08--407277]13.jpg,FSCU7372776 22G1
[2015-02-09 23:20:11--260624]recv conta req 25.jpg! 
[2015-02-09 23:20:12--035112]25.jpg, 
[2015-02-09 23:20:15--262351]recv conta req 29.jpg! 
[2015-02-09 23:20:15--894971]29.jpg,SEGU9039975 45R1
[2015-02-09 23:20:19--269207]recv conta req 33.jpg! 
[2015-02-09 23:20:20--341941]33.jpg,PHLU2031555 22G1
[2015-02-09 23:20:23--269499]recv conta req 2.jpg! 
[2015-02-09 23:20:27--124395]2.jpg,GESU5520648 45G1
[2015-02-09 23:20:27--270628]recv conta req 6.jpg! 
[2015-02-09 23:20:29--668280]6.jpg,MRKU8566960 22G1
[2015-02-09 23:20:31--274701]recv conta req 10.jpg! 
[2015-02-09 23:20:35--276905]recv conta req 14.jpg! 
[2015-02-09 23:20:39--278802]recv conta req 18.jpg! 
[2015-02-09 23:20:41--237937]18.jpg,CRXU1866805 22G1
[2015-02-09 23:20:41--873213]14.jpg,MRKU9670500 22G1
[2015-02-09 23:20:42--338819]10.jpg,CSLU1475718 22G1
[2015-02-09 23:20:43--280822]recv conta req 22.jpg! 
[2015-02-09 23:20:43--918091]22.jpg,TCLU2873584 22G1
[2015-02-09 23:20:47--284068]recv conta req 26.jpg! 
[2015-02-09 23:20:48--009837]26.jpg,CRSU9147318 45G1
[2015-02-09 23:20:51--290505]recv conta req 30.jpg! 
[2015-02-09 23:20:52--144825]30.jpg,CMAU4559732 45G1
[2015-02-09 23:20:55--290183]recv conta req 34.jpg! 
[2015-02-09 23:20:56--370257]34.jpg,CMAU4555275 45G1
[2015-02-09 23:20:59--293431]recv conta req 3.jpg! 
[2015-02-09 23:21:03--127088]3.jpg,EITU1067234 45G1
[2015-02-09 23:21:03--297540]recv conta req 7.jpg! 
[2015-02-09 23:21:07--299676]recv conta req 11.jpg! 
[2015-02-09 23:21:11--300262]recv conta req 15.jpg! 
[2015-02-09 23:21:15--302508]recv conta req 19.jpg! 
[2015-02-09 23:21:15--996086]11.jpg,MSKU0004911 45G1
[2015-02-09 23:21:16--277875]15.jpg,MAXU2423284 
[2015-02-09 23:21:16--737027]7.jpg, 
[2015-02-09 23:21:16--857682]19.jpg,MSKU1685954 45G1
[2015-02-09 23:21:19--310957]recv conta req 23.jpg! 
[2015-02-09 23:21:20--277580]23.jpg,APHU6639762 45G1
[2015-02-09 23:21:23--309204]recv conta req 27.jpg! 
[2015-02-09 23:21:24--112435]27.jpg,MRKU0995640 42G1
[2015-02-09 23:21:27--317495]recv conta req 31.jpg! 
[2015-02-09 23:21:28--227158]31.jpg,WSDU4921322 45G1
[2015-02-09 23:21:31--321748]recv conta req 35.jpg! 
[2015-02-09 23:21:32--330200]35.jpg,WSDU4920250 45G1
[2015-02-09 23:21:35--322809]recv conta req 4.jpg! 
[2015-02-09 23:21:36--845802]4.jpg,MSKU4011903 22G1
[2015-02-09 23:21:39--329054]recv conta req 8.jpg! 
[2015-02-09 23:21:43--338127]recv conta req 12.jpg! 
[2015-02-09 23:21:45--728253]8.jpg,CCLU6287245 45G1
[2015-02-09 23:21:47--334538]recv conta req 16.jpg! 
[2015-02-09 23:21:49--280288]16.jpg,TEMU3075040 22G1
[2015-02-09 23:21:51--338793]recv conta req 20.jpg! 
[2015-02-09 23:21:51--696095]12.jpg,MEDU1861156 22G1
[2015-02-09 23:21:52--441229]20.jpg,FCIU4591874 22G1
[2015-02-09 23:21:55--341679]recv conta req 24.jpg! 
[2015-02-09 23:21:56--004961]24.jpg,SEGU1904022 22G1
[2015-02-09 23:21:59--346132]recv conta req 28.jpg! 
[2015-02-09 23:22:00--160040]28.jpg,FCIU8609740 45G1
[2015-02-09 23:22:03--349661]recv conta req 32.jpg! 
[2015-02-09 23:22:04--126337]32.jpg,CITU1173790 45G1
[2015-02-09 23:22:07--354657]recv conta req 1.jpg! 
[2015-02-09 23:22:09--086145]1.jpg,MSKU9550132 45G1
[2015-02-09 23:22:11--357792]recv conta req 5.jpg! 
[2015-02-09 23:22:14--170584]5.jpg,IIIU7???46? 22G1
[2015-02-09 23:22:15--364197]recv conta req 9.jpg! 
[2015-02-09 23:22:19--367931]recv conta req 13.jpg! 
[2015-02-09 23:22:23--370940]recv conta req 17.jpg! 
[2015-02-09 23:22:24--152410]9.jpg,MRKU3324814 45G1
[2015-02-09 23:22:25--403848]17.jpg,SEGU1445915 22G1
[2015-02-09 23:22:27--373181]recv conta req 21.jpg! 
[2015-02-09 23:22:27--569280]13.jpg,FSCU7372776 22G1
[2015-02-09 23:22:28--181714]21.jpg,TRLU8984373 22G1
[2015-02-09 23:22:31--377370]recv conta req 25.jpg! 
[2015-02-09 23:22:32--041594]25.jpg, 
[2015-02-09 23:22:35--381366]recv conta req 29.jpg! 
[2015-02-09 23:22:36--017040]29.jpg,SEGU9039975 45R1
[2015-02-09 23:22:39--387332]recv conta req 33.jpg! 
[2015-02-09 23:22:40--393400]33.jpg,PHLU2031555 22G1
[2015-02-09 23:22:43--391125]recv conta req 2.jpg! 
[2015-02-09 23:22:47--181262]2.jpg,GESU5520648 45G1
[2015-02-09 23:22:47--393941]recv conta req 6.jpg! 
[2015-02-09 23:22:49--798967]6.jpg,MRKU8566960 22G1
[2015-02-09 23:22:51--401244]recv conta req 10.jpg! 
[2015-02-09 23:22:55--404900]recv conta req 14.jpg! 
[2015-02-09 23:22:59--407231]recv conta req 18.jpg! 
[2015-02-09 23:23:00--794139]10.jpg,CSLU1475718 22G1
[2015-02-09 23:23:01--191362]18.jpg,CRXU1866805 22G1
[2015-02-09 23:23:02--985660]14.jpg,MRKU9670500 22G1
[2015-02-09 23:23:03--410375]recv conta req 22.jpg! 
[2015-02-09 23:23:04--058363]22.jpg,TCLU2873584 22G1
[2015-02-09 23:23:07--415334]recv conta req 26.jpg! 
[2015-02-09 23:23:08--124650]26.jpg,CRSU9147318 45G1
[2015-02-09 23:23:11--422255]recv conta req 30.jpg! 
[2015-02-09 23:23:12--285191]30.jpg,CMAU4559732 45G1
[2015-02-09 23:23:15--422937]recv conta req 34.jpg! 
[2015-02-09 23:23:16--162211]34.jpg,CMAU4555275 45G1
[2015-02-09 23:23:19--426988]recv conta req 3.jpg! 
[2015-02-09 23:23:23--230261]3.jpg,EITU1067234 45G1
[2015-02-09 23:23:23--431795]recv conta req 7.jpg! 
[2015-02-09 23:23:27--436224]recv conta req 11.jpg! 
[2015-02-09 23:23:31--440037]recv conta req 15.jpg! 
[2015-02-09 23:23:35--442112]recv conta req 19.jpg! 
[2015-02-09 23:23:35--679317]11.jpg,MSKU0004911 45G1
[2015-02-09 23:23:36--282729]7.jpg, 
[2015-02-09 23:23:36--476652]19.jpg,MSKU1685954 45G1
[2015-02-09 23:23:37--178017]15.jpg,MAXU2423284 
[2015-02-09 23:23:39--447923]recv conta req 23.jpg! 
[2015-02-09 23:23:40--304321]23.jpg,APHU6639762 45G1
[2015-02-09 23:23:43--449629]recv conta req 27.jpg! 
[2015-02-09 23:23:44--454576]27.jpg,MRKU0995640 42G1
[2015-02-09 23:23:47--455151]recv conta req 31.jpg! 
[2015-02-09 23:23:48--432697]31.jpg,WSDU4921322 45G1
[2015-02-09 23:23:51--456175]recv conta req 35.jpg! 
[2015-02-09 23:23:52--233000]35.jpg,WSDU4920250 45G1
[2015-02-09 23:23:55--461389]recv conta req 4.jpg! 
[2015-02-09 23:23:56--983309]4.jpg,MSKU4011903 22G1
[2015-02-09 23:23:59--465554]recv conta req 8.jpg! 
[2015-02-09 23:24:03--470018]recv conta req 12.jpg! 
[2015-02-09 23:24:04--632768]8.jpg,CCLU6287245 45G1
[2015-02-09 23:24:07--469579]recv conta req 16.jpg! 
[2015-02-09 23:24:09--470123]16.jpg,TEMU3075040 22G1
[2015-02-09 23:24:11--472450]recv conta req 20.jpg! 
[2015-02-09 23:24:12--590924]20.jpg,FCIU4591874 22G1
[2015-02-09 23:24:13--950436]12.jpg,MEDU1861156 22G1
[2015-02-09 23:24:15--479258]recv conta req 24.jpg! 
[2015-02-09 23:24:16--306459]24.jpg,SEGU1904022 22G1
[2015-02-09 23:24:19--482274]recv conta req 28.jpg! 
[2015-02-09 23:24:20--528507]28.jpg,FCIU8609740 45G1
[2015-02-09 23:24:23--485418]recv conta req 32.jpg! 
[2015-02-09 23:24:24--246667]32.jpg,CITU1173790 45G1
[2015-02-09 23:24:27--491981]recv conta req 1.jpg! 
[2015-02-09 23:24:29--157768]1.jpg,MSKU9550132 45G1
[2015-02-09 23:24:31--496027]recv conta req 5.jpg! 
[2015-02-09 23:24:34--202439]5.jpg,IIIU7???46? 22G1
[2015-02-09 23:24:35--504542]recv conta req 9.jpg! 
[2015-02-09 23:24:39--508703]recv conta req 13.jpg! 
[2015-02-09 23:24:43--510955]recv conta req 17.jpg! 
[2015-02-09 23:24:44--710450]9.jpg,MRKU3324814 45G1
[2015-02-09 23:24:45--851576]17.jpg,SEGU1445915 22G1
[2015-02-09 23:24:47--516330]recv conta req 21.jpg! 
[2015-02-09 23:24:48--006240]13.jpg,FSCU7372776 22G1
[2015-02-09 23:24:48--409383]21.jpg,TRLU8984373 22G1
[2015-02-09 23:24:51--518846]recv conta req 25.jpg! 
[2015-02-09 23:24:52--139846]25.jpg, 
[2015-02-09 23:24:55--523408]recv conta req 29.jpg! 
[2015-02-09 23:24:56--181554]29.jpg,SEGU9039975 45R1
[2015-02-09 23:24:59--528224]recv conta req 33.jpg! 
[2015-02-09 23:25:00--466630]33.jpg,PHLU2031555 22G1
[2015-02-09 23:25:03--532868]recv conta req 2.jpg! 
[2015-02-09 23:25:07--286426]2.jpg,GESU5520648 45G1
[2015-02-09 23:25:07--534971]recv conta req 6.jpg! 
[2015-02-09 23:25:09--883998]6.jpg,MRKU8566960 22G1
[2015-02-09 23:25:11--542474]recv conta req 10.jpg! 
[2015-02-09 23:25:15--544596]recv conta req 14.jpg! 
[2015-02-09 23:25:19--546874]recv conta req 18.jpg! 
[2015-02-09 23:25:21--210883]18.jpg,CRXU1866805 22G1
[2015-02-09 23:25:21--318216]10.jpg,CSLU1475718 22G1
[2015-02-09 23:25:22--816281]14.jpg,MRKU9670500 22G1
[2015-02-09 23:25:23--549320]recv conta req 22.jpg! 
[2015-02-09 23:25:24--197371]22.jpg,TCLU2873584 22G1
[2015-02-09 23:25:27--554647]recv conta req 26.jpg! 
[2015-02-09 23:25:28--291496]26.jpg,CRSU9147318 45G1
[2015-02-09 23:25:31--562764]recv conta req 30.jpg! 
[2015-02-09 23:25:32--426379]30.jpg,CMAU4559732 45G1
[2015-02-09 23:25:35--563679]recv conta req 34.jpg! 
[2015-02-09 23:25:36--328375]34.jpg,CMAU4555275 45G1
[2015-02-09 23:25:39--567962]recv conta req 3.jpg! 
[2015-02-09 23:25:43--202814]3.jpg,EITU1067234 45G1
[2015-02-09 23:25:43--573427]recv conta req 7.jpg! 
[2015-02-09 23:25:47--576984]recv conta req 11.jpg! 
[2015-02-09 23:25:51--579384]recv conta req 15.jpg! 
[2015-02-09 23:25:55--581879]recv conta req 19.jpg! 
[2015-02-09 23:25:55--867138]11.jpg,MSKU0004911 45G1
[2015-02-09 23:25:56--356862]15.jpg,MAXU2423284 
[2015-02-09 23:25:56--939645]7.jpg, 
[2015-02-09 23:25:56--964867]19.jpg,MSKU1685954 45G1
[2015-02-09 23:25:59--588153]recv conta req 23.jpg! 
[2015-02-09 23:26:00--372528]23.jpg,APHU6639762 45G1
[2015-02-09 23:26:03--589467]recv conta req 27.jpg! 
[2015-02-09 23:26:04--398864]27.jpg,MRKU0995640 42G1
[2015-02-09 23:26:07--594835]recv conta req 31.jpg! 
[2015-02-09 23:26:08--367965]31.jpg,WSDU4921322 45G1
[2015-02-09 23:26:11--597889]recv conta req 35.jpg! 
[2015-02-09 23:26:12--358172]35.jpg,WSDU4920250 45G1
[2015-02-09 23:26:15--600522]recv conta req 4.jpg! 
[2015-02-09 23:26:17--005153]4.jpg,MSKU4011903 22G1
[2015-02-09 23:26:19--607346]recv conta req 8.jpg! 
[2015-02-09 23:26:23--613842]recv conta req 12.jpg! 
[2015-02-09 23:26:25--011929]8.jpg,CCLU6287245 45G1
[2015-02-09 23:26:27--610928]recv conta req 16.jpg! 
[2015-02-09 23:26:29--031901]16.jpg,TEMU3075040 22G1
[2015-02-09 23:26:31--616034]recv conta req 20.jpg! 
[2015-02-09 23:26:32--807838]20.jpg,FCIU4591874 22G1
[2015-02-09 23:26:33--563408]12.jpg,MEDU1861156 22G1
[2015-02-09 23:26:35--618954]recv conta req 24.jpg! 
[2015-02-09 23:26:36--247916]24.jpg,SEGU1904022 22G1
[2015-02-09 23:26:39--623329]recv conta req 28.jpg! 
[2015-02-09 23:26:40--370711]28.jpg,FCIU8609740 45G1
[2015-02-09 23:26:43--626683]recv conta req 32.jpg! 
[2015-02-09 23:26:44--406841]32.jpg,CITU1173790 45G1
[2015-02-09 23:26:47--630894]recv conta req 1.jpg! 
[2015-02-09 23:26:49--403365]1.jpg,MSKU9550132 45G1
[2015-02-09 23:26:51--633585]recv conta req 5.jpg! 
[2015-02-09 23:26:54--426620]5.jpg,IIIU7???46? 22G1
[2015-02-09 23:26:55--638345]recv conta req 9.jpg! 
[2015-02-09 23:26:59--646778]recv conta req 13.jpg! 
[2015-02-09 23:27:03--081612]9.jpg,MRKU3324814 45G1
[2015-02-09 23:27:03--650117]recv conta req 17.jpg! 
[2015-02-09 23:27:05--958840]17.jpg,SEGU1445915 22G1
[2015-02-09 23:27:07--654419]recv conta req 21.jpg! 
[2015-02-09 23:27:08--668565]13.jpg,FSCU7372776 22G1
[2015-02-09 23:27:08--779176]21.jpg,TRLU8984373 22G1
[2015-02-09 23:27:11--656183]recv conta req 25.jpg! 
[2015-02-09 23:27:12--268622]25.jpg, 
[2015-02-09 23:27:15--659951]recv conta req 29.jpg! 
[2015-02-09 23:27:16--257361]29.jpg,SEGU9039975 45R1
[2015-02-09 23:27:19--664383]recv conta req 33.jpg! 
[2015-02-09 23:27:20--630822]33.jpg,PHLU2031555 22G1
[2015-02-09 23:27:23--670416]recv conta req 2.jpg! 
[2015-02-09 23:27:27--438658]2.jpg,GESU5520648 45G1
[2015-02-09 23:27:27--674020]recv conta req 6.jpg! 
[2015-02-09 23:27:29--998198]6.jpg,MRKU8566960 22G1
[2015-02-09 23:27:31--680092]recv conta req 10.jpg! 
[2015-02-09 23:27:35--684144]recv conta req 14.jpg! 
[2015-02-09 23:27:39--684701]recv conta req 18.jpg! 
[2015-02-09 23:27:41--256105]10.jpg,CSLU1475718 22G1
[2015-02-09 23:27:41--289060]18.jpg,CRXU1866805 22G1
[2015-02-09 23:27:43--124904]14.jpg,MRKU9670500 22G1
[2015-02-09 23:27:43--689045]recv conta req 22.jpg! 
[2015-02-09 23:27:44--284006]22.jpg,TCLU2873584 22G1
[2015-02-09 23:27:47--693614]recv conta req 26.jpg! 
[2015-02-09 23:27:48--376541]26.jpg,CRSU9147318 45G1
[2015-02-09 23:27:51--700730]recv conta req 30.jpg! 
[2015-02-09 23:27:52--473596]30.jpg,CMAU4559732 45G1
[2015-02-09 23:27:55--703300]recv conta req 34.jpg! 
[2015-02-09 23:27:56--410045]34.jpg,CMAU4555275 45G1
[2015-02-09 23:27:59--706769]recv conta req 3.jpg! 
[2015-02-09 23:28:03--397148]3.jpg,EITU1067234 45G1
[2015-02-09 23:28:03--712267]recv conta req 7.jpg! 
[2015-02-09 23:28:07--715538]recv conta req 11.jpg! 
[2015-02-09 23:28:11--718824]recv conta req 15.jpg! 
[2015-02-09 23:28:14--484858]11.jpg,MSKU0004911 45G1
[2015-02-09 23:28:15--565113]7.jpg, 
[2015-02-09 23:28:15--722288]recv conta req 19.jpg! 
[2015-02-09 23:28:16--983346]19.jpg,MSKU1685954 45G1
[2015-02-09 23:28:17--252403]15.jpg,MAXU2423284 
[2015-02-09 23:28:19--726152]recv conta req 23.jpg! 
[2015-02-09 23:28:20--318668]23.jpg,APHU6639762 45G1
[2015-02-09 23:28:23--730015]recv conta req 27.jpg! 
[2015-02-09 23:28:24--553788]27.jpg,MRKU0995640 42G1
[2015-02-09 23:28:27--734271]recv conta req 31.jpg! 
[2015-02-09 23:28:28--399765]31.jpg,WSDU4921322 45G1
[2015-02-09 23:28:31--738498]recv conta req 35.jpg! 
[2015-02-09 23:28:32--499928]35.jpg,WSDU4920250 45G1
[2015-02-09 23:28:35--743013]recv conta req 4.jpg! 
[2015-02-09 23:28:37--243799]4.jpg,MSKU4011903 22G1
[2015-02-09 23:28:39--749793]recv conta req 8.jpg! 
[2015-02-09 23:28:43--756489]recv conta req 12.jpg! 
[2015-02-09 23:28:45--371670]8.jpg,CCLU6287245 45G1
[2015-02-09 23:28:47--753456]recv conta req 16.jpg! 
[2015-02-09 23:28:49--345556]16.jpg,TEMU3075040 22G1
[2015-02-09 23:28:51--758778]recv conta req 20.jpg! 
[2015-02-09 23:28:53--187210]20.jpg,FCIU4591874 22G1
[2015-02-09 23:28:54--085360]12.jpg,MEDU1861156 22G1
[2015-02-09 23:28:55--761974]recv conta req 24.jpg! 
[2015-02-09 23:28:56--405196]24.jpg,SEGU1904022 22G1
[2015-02-09 23:28:59--766320]recv conta req 28.jpg! 
[2015-02-09 23:29:00--592004]28.jpg,FCIU8609740 45G1
[2015-02-09 23:29:03--769314]recv conta req 32.jpg! 
[2015-02-09 23:29:04--413604]32.jpg,CITU1173790 45G1
[2015-02-09 23:29:07--774394]recv conta req 1.jpg! 
[2015-02-09 23:29:09--441055]1.jpg,MSKU9550132 45G1
[2015-02-09 23:29:11--777319]recv conta req 5.jpg! 
[2015-02-09 23:29:14--482345]5.jpg,IIIU7???46? 22G1
[2015-02-09 23:29:15--783670]recv conta req 9.jpg! 
[2015-02-09 23:29:19--786974]recv conta req 13.jpg! 
[2015-02-09 23:29:23--790750]recv conta req 17.jpg! 
[2015-02-09 23:29:24--728428]9.jpg,MRKU3324814 45G1
[2015-02-09 23:29:25--503738]17.jpg,SEGU1445915 22G1
[2015-02-09 23:29:27--793586]recv conta req 21.jpg! 
[2015-02-09 23:29:28--256427]13.jpg,FSCU7372776 22G1
[2015-02-09 23:29:28--543755]21.jpg,TRLU8984373 22G1
[2015-02-09 23:29:31--797144]recv conta req 25.jpg! 
[2015-02-09 23:29:32--390312]25.jpg, 
[2015-02-09 23:29:35--800677]recv conta req 29.jpg! 
[2015-02-09 23:29:36--400905]29.jpg,SEGU9039975 45R1
[2015-02-09 23:29:39--805340]recv conta req 33.jpg! 
[2015-02-09 23:29:40--674607]33.jpg,PHLU2031555 22G1
[2015-02-09 23:29:43--810420]recv conta req 2.jpg! 
[2015-02-09 23:29:47--674495]2.jpg,GESU5520648 45G1
[2015-02-09 23:29:47--811583]recv conta req 6.jpg! 
[2015-02-09 23:29:50--175904]6.jpg,MRKU8566960 22G1
[2015-02-09 23:29:51--818301]recv conta req 10.jpg! 
[2015-02-09 23:29:55--821121]recv conta req 14.jpg! 
[2015-02-09 23:29:59--823741]recv conta req 18.jpg! 
[2015-02-09 23:30:01--359501]18.jpg,CRXU1866805 22G1
[2015-02-09 23:30:03--544195]10.jpg,CSLU1475718 22G1
[2015-02-09 23:30:03--633291]14.jpg,MRKU9670500 22G1
[2015-02-09 23:30:03--827483]recv conta req 22.jpg! 
[2015-02-09 23:30:04--461168]22.jpg,TCLU2873584 22G1
[2015-02-09 23:30:07--829799]recv conta req 26.jpg! 
[2015-02-09 23:30:08--580727]26.jpg,CRSU9147318 45G1
[2015-02-09 23:30:11--833795]recv conta req 30.jpg! 
[2015-02-09 23:30:12--428807]30.jpg,CMAU4559732 45G1
[2015-02-09 23:30:15--837788]recv conta req 34.jpg! 
[2015-02-09 23:30:16--577063]34.jpg,CMAU4555275 45G1
[2015-02-09 23:30:19--841085]recv conta req 3.jpg! 
[2015-02-09 23:30:23--629632]3.jpg,EITU1067234 45G1
[2015-02-09 23:30:23--847084]recv conta req 7.jpg! 
[2015-02-09 23:30:27--849342]recv conta req 11.jpg! 
[2015-02-09 23:30:31--854516]recv conta req 15.jpg! 
[2015-02-09 23:30:35--854644]recv conta req 19.jpg! 
[2015-02-09 23:30:37--060327]7.jpg, 
[2015-02-09 23:30:37--483433]19.jpg,MSKU1685954 45G1
[2015-02-09 23:30:37--710721]15.jpg,MAXU2423284 
[2015-02-09 23:30:37--979078]11.jpg,MSKU0004911 45G1
[2015-02-09 23:30:39--858477]recv conta req 23.jpg! 
[2015-02-09 23:30:40--485136]23.jpg,APHU6639762 45G1
[2015-02-09 23:30:43--861660]recv conta req 27.jpg! 
[2015-02-09 23:30:44--657467]27.jpg,MRKU0995640 42G1
[2015-02-09 23:30:47--864964]recv conta req 31.jpg! 
[2015-02-09 23:30:48--517725]31.jpg,WSDU4921322 45G1
[2015-02-09 23:30:51--867874]recv conta req 35.jpg! 
[2015-02-09 23:30:52--629782]35.jpg,WSDU4920250 45G1
[2015-02-09 23:30:55--871385]recv conta req 4.jpg! 
[2015-02-09 23:30:57--392260]4.jpg,MSKU4011903 22G1
[2015-02-09 23:30:59--875540]recv conta req 8.jpg! 
[2015-02-09 23:31:03--879256]recv conta req 12.jpg! 
[2015-02-09 23:31:05--294837]8.jpg,CCLU6287245 45G1
[2015-02-09 23:31:07--880468]recv conta req 16.jpg! 
[2015-02-09 23:31:09--690371]16.jpg,TEMU3075040 22G1
[2015-02-09 23:31:11--886427]recv conta req 20.jpg! 
[2015-02-09 23:31:13--182158]20.jpg,FCIU4591874 22G1
[2015-02-09 23:31:14--066686]12.jpg,MEDU1861156 22G1
[2015-02-09 23:31:15--886704]recv conta req 24.jpg! 
[2015-02-09 23:31:16--511464]24.jpg,SEGU1904022 22G1
[2015-02-09 23:31:19--889029]recv conta req 28.jpg! 
[2015-02-09 23:31:20--710099]28.jpg,FCIU8609740 45G1
[2015-02-09 23:31:23--890808]recv conta req 32.jpg! 
[2015-02-09 23:31:24--537561]32.jpg,CITU1173790 45G1
[2015-02-09 23:31:27--894346]recv conta req 1.jpg! 
[2015-02-09 23:31:29--591948]1.jpg,MSKU9550132 45G1
[2015-02-09 23:31:31--895981]recv conta req 5.jpg! 
