[2015-02-10 01:53:01--215655]16.jpg,TEMU3075040 22G1
[2015-02-10 01:53:03--713976]recv conta req 20.jpg! 
[2015-02-10 01:53:04--675507]20.jpg,FCIU4591874 22G1
[2015-02-10 01:53:06--473980]12.jpg,MEDU1861156 22G1
[2015-02-10 01:53:07--717142]recv conta req 24.jpg! 
[2015-02-10 01:53:08--334898]24.jpg,SEGU1904022 22G1
[2015-02-10 01:53:11--721605]recv conta req 28.jpg! 
[2015-02-10 01:53:12--512906]28.jpg,FCIU8609740 45G1
[2015-02-10 01:53:15--725442]recv conta req 32.jpg! 
[2015-02-10 01:53:16--373145]32.jpg,CITU1173790 45G1
[2015-02-10 01:53:19--731286]recv conta req 1.jpg! 
[2015-02-10 01:53:21--376479]1.jpg,MSKU9550132 45G1
[2015-02-10 01:53:23--734435]recv conta req 5.jpg! 
[2015-02-10 01:53:26--478475]5.jpg,IIIU7???46? 22G1
[2015-02-10 01:53:27--740626]recv conta req 9.jpg! 
[2015-02-10 01:53:31--746323]recv conta req 13.jpg! 
[2015-02-10 01:53:35--716449]9.jpg,MRKU3324814 45G1
[2015-02-10 01:53:35--747337]recv conta req 17.jpg! 
[2015-02-10 01:53:37--349306]17.jpg,SEGU1445915 22G1
[2015-02-10 01:53:39--753309]recv conta req 21.jpg! 
[2015-02-10 01:53:40--122418]13.jpg,FSCU7372776 22G1
[2015-02-10 01:53:40--478935]21.jpg,TRLU8984373 22G1
[2015-02-10 01:53:43--755299]recv conta req 25.jpg! 
[2015-02-10 01:53:44--348375]25.jpg, 
[2015-02-10 01:53:47--758059]recv conta req 29.jpg! 
[2015-02-10 01:53:48--339135]29.jpg,SEGU9039975 45R1
[2015-02-10 01:53:51--763080]recv conta req 33.jpg! 
[2015-02-10 01:53:52--632913]33.jpg,PHLU2031555 22G1
[2015-02-10 01:53:55--768296]recv conta req 2.jpg! 
[2015-02-10 01:53:59--503299]2.jpg,GESU5520648 45G1
[2015-02-10 01:53:59--771286]recv conta req 6.jpg! 
[2015-02-10 01:54:02--088040]6.jpg,MRKU8566960 22G1
[2015-02-10 01:54:03--776903]recv conta req 10.jpg! 
[2015-02-10 01:54:07--782604]recv conta req 14.jpg! 
[2015-02-10 01:54:11--781947]recv conta req 18.jpg! 
[2015-02-10 01:54:13--455669]10.jpg,CSLU1475718 22G1
[2015-02-10 01:54:13--764811]18.jpg,CRXU1866805 22G1
[2015-02-10 01:54:15--095543]14.jpg,MRKU9670500 22G1
[2015-02-10 01:54:15--784625]recv conta req 22.jpg! 
[2015-02-10 01:54:16--381183]22.jpg,TCLU2873584 22G1
[2015-02-10 01:54:19--790152]recv conta req 26.jpg! 
[2015-02-10 01:54:20--474362]26.jpg,CRSU9147318 45G1
[2015-02-10 01:54:23--792931]recv conta req 30.jpg! 
[2015-02-10 01:54:24--414374]30.jpg,CMAU4559732 45G1
[2015-02-10 01:54:27--797103]recv conta req 34.jpg! 
[2015-02-10 01:54:28--487586]34.jpg,CMAU4555275 45G1
[2015-02-10 01:54:31--801396]recv conta req 3.jpg! 
[2015-02-10 01:54:35--436848]3.jpg,EITU1067234 45G1
[2015-02-10 01:54:35--806607]recv conta req 7.jpg! 
[2015-02-10 01:54:39--809410]recv conta req 11.jpg! 
[2015-02-10 01:54:43--812765]recv conta req 15.jpg! 
[2015-02-10 01:54:47--815415]recv conta req 19.jpg! 
[2015-02-10 01:54:49--269714]11.jpg,MSKU0004911 45G1
[2015-02-10 01:54:49--345148]7.jpg, 
[2015-02-10 01:54:49--420757]19.jpg,MSKU1685954 45G1
[2015-02-10 01:54:49--453634]15.jpg,MAXU2423284 
[2015-02-10 01:54:51--818247]recv conta req 23.jpg! 
[2015-02-10 01:54:52--495152]23.jpg,APHU6639762 45G1
[2015-02-10 01:54:55--822464]recv conta req 27.jpg! 
[2015-02-10 01:54:56--670061]27.jpg,MRKU0995640 42G1
[2015-02-10 01:54:59--826767]recv conta req 31.jpg! 
[2015-02-10 01:55:00--550424]31.jpg,WSDU4921322 45G1
[2015-02-10 01:55:03--831090]recv conta req 35.jpg! 
[2015-02-10 01:55:04--587308]35.jpg,WSDU4920250 45G1
[2015-02-10 01:55:07--834934]recv conta req 4.jpg! 
[2015-02-10 01:55:09--234543]4.jpg,MSKU4011903 22G1
[2015-02-10 01:55:11--840510]recv conta req 8.jpg! 
[2015-02-10 01:55:15--843767]recv conta req 12.jpg! 
[2015-02-10 01:55:17--552014]8.jpg,CCLU6287245 45G1
[2015-02-10 01:55:19--845611]recv conta req 16.jpg! 
[2015-02-10 01:55:21--341887]16.jpg,TEMU3075040 22G1
[2015-02-10 01:55:23--851283]recv conta req 20.jpg! 
[2015-02-10 01:55:24--974828]20.jpg,FCIU4591874 22G1
[2015-02-10 01:55:25--893717]12.jpg,MEDU1861156 22G1
[2015-02-10 01:55:27--855267]recv conta req 24.jpg! 
[2015-02-10 01:55:28--536883]24.jpg,SEGU1904022 22G1
[2015-02-10 01:55:31--857920]recv conta req 28.jpg! 
[2015-02-10 01:55:32--679003]28.jpg,FCIU8609740 45G1
[2015-02-10 01:55:35--861630]recv conta req 32.jpg! 
[2015-02-10 01:55:36--500450]32.jpg,CITU1173790 45G1
[2015-02-10 01:55:39--867340]recv conta req 1.jpg! 
[2015-02-10 01:55:41--512925]1.jpg,MSKU9550132 45G1
[2015-02-10 01:55:43--868663]recv conta req 5.jpg! 
[2015-02-10 01:55:46--659859]5.jpg,IIIU7???46? 22G1
[2015-02-10 01:55:47--875349]recv conta req 9.jpg! 
[2015-02-10 01:55:51--879313]recv conta req 13.jpg! 
[2015-02-10 01:55:54--701745]9.jpg,MRKU3324814 45G1
[2015-02-10 01:55:55--881242]recv conta req 17.jpg! 
[2015-02-10 01:55:58--058517]17.jpg,SEGU1445915 22G1
[2015-02-10 01:55:59--884698]recv conta req 21.jpg! 
[2015-02-10 01:55:59--894900]13.jpg,FSCU7372776 22G1
[2015-02-10 01:56:00--537635]21.jpg,TRLU8984373 22G1
[2015-02-10 01:56:03--887453]recv conta req 25.jpg! 
[2015-02-10 01:56:04--487031]25.jpg, 
[2015-02-10 01:56:07--889489]recv conta req 29.jpg! 
[2015-02-10 01:56:08--486673]29.jpg,SEGU9039975 45R1
[2015-02-10 01:56:11--893166]recv conta req 33.jpg! 
[2015-02-10 01:56:12--768552]33.jpg,PHLU2031555 22G1
[2015-02-10 01:56:15--897375]recv conta req 2.jpg! 
[2015-02-10 01:56:19--674551]2.jpg,GESU5520648 45G1
[2015-02-10 01:56:19--898892]recv conta req 6.jpg! 
[2015-02-10 01:56:22--165373]6.jpg,MRKU8566960 22G1
[2015-02-10 01:56:23--903994]recv conta req 10.jpg! 
[2015-02-10 01:56:27--908504]recv conta req 14.jpg! 
[2015-02-10 01:56:31--909445]recv conta req 18.jpg! 
[2015-02-10 01:56:32--865434]10.jpg,CSLU1475718 22G1
[2015-02-10 01:56:33--192542]18.jpg,CRXU1866805 22G1
[2015-02-10 01:56:35--297137]14.jpg,MRKU9670500 22G1
[2015-02-10 01:56:35--950848]recv conta req 22.jpg! 
[2015-02-10 01:56:36--524560]22.jpg,TCLU2873584 22G1
[2015-02-10 01:56:39--915363]recv conta req 26.jpg! 
[2015-02-10 01:56:40--591273]26.jpg,CRSU9147318 45G1
[2015-02-10 01:56:43--917926]recv conta req 30.jpg! 
[2015-02-10 01:56:44--498177]30.jpg,CMAU4559732 45G1
[2015-02-10 01:56:47--920935]recv conta req 34.jpg! 
[2015-02-10 01:56:48--613045]34.jpg,CMAU4555275 45G1
[2015-02-10 01:56:51--923831]recv conta req 3.jpg! 
[2015-02-10 01:56:55--605113]3.jpg,EITU1067234 45G1
