[2015-02-10 00:31:34--809512]recv conta req 35.jpg! 
[2015-02-10 00:31:35--581145]35.jpg,WSDU4920250 45G1
[2015-02-10 00:31:38--813959]recv conta req 4.jpg! 
[2015-02-10 00:31:40--280941]4.jpg,MSKU4011903 22G1
[2015-02-10 00:31:42--819864]recv conta req 8.jpg! 
[2015-02-10 00:31:46--825067]recv conta req 12.jpg! 
[2015-02-10 00:31:48--282110]8.jpg,CCLU6287245 45G1
[2015-02-10 00:31:50--826264]recv conta req 16.jpg! 
[2015-02-10 00:31:52--577237]16.jpg,TEMU3075040 22G1
[2015-02-10 00:31:54--828615]recv conta req 20.jpg! 
[2015-02-10 00:31:56--580813]20.jpg,FCIU4591874 22G1
[2015-02-10 00:31:57--379737]12.jpg,MEDU1861156 22G1
[2015-02-10 00:31:58--831006]recv conta req 24.jpg! 
[2015-02-10 00:31:59--493338]24.jpg,SEGU1904022 22G1
[2015-02-10 00:32:02--834042]recv conta req 28.jpg! 
[2015-02-10 00:32:03--659342]28.jpg,FCIU8609740 45G1
[2015-02-10 00:32:06--838367]recv conta req 32.jpg! 
[2015-02-10 00:32:07--505640]32.jpg,CITU1173790 45G1
[2015-02-10 00:32:10--842242]recv conta req 1.jpg! 
[2015-02-10 00:32:12--502600]1.jpg,MSKU9550132 45G1
[2015-02-10 00:32:14--846664]recv conta req 5.jpg! 
[2015-02-10 00:32:17--600525]5.jpg,IIIU7???46? 22G1
[2015-02-10 00:32:18--850832]recv conta req 9.jpg! 
[2015-02-10 00:32:22--853901]recv conta req 13.jpg! 
[2015-02-10 00:32:26--859765]recv conta req 17.jpg! 
[2015-02-10 00:32:29--053623]17.jpg,SEGU1445915 22G1
[2015-02-10 00:32:29--385328]9.jpg,MRKU3324814 45G1
[2015-02-10 00:32:30--861038]recv conta req 21.jpg! 
[2015-02-10 00:32:31--219630]13.jpg,FSCU7372776 22G1
[2015-02-10 00:32:31--839390]21.jpg,TRLU8984373 22G1
[2015-02-10 00:32:34--863118]recv conta req 25.jpg! 
[2015-02-10 00:32:35--486526]25.jpg, 
[2015-02-10 00:32:38--866167]recv conta req 29.jpg! 
[2015-02-10 00:32:39--454522]29.jpg,SEGU9039975 45R1
[2015-02-10 00:32:42--869765]recv conta req 33.jpg! 
[2015-02-10 00:32:43--753832]33.jpg,PHLU2031555 22G1
[2015-02-10 00:32:46--874599]recv conta req 2.jpg! 
[2015-02-10 00:32:50--686745]2.jpg,GESU5520648 45G1
[2015-02-10 00:32:50--915407]recv conta req 6.jpg! 
[2015-02-10 00:32:53--220944]6.jpg,MRKU8566960 22G1
[2015-02-10 00:32:54--881640]recv conta req 10.jpg! 
[2015-02-10 00:32:58--883596]recv conta req 14.jpg! 
[2015-02-10 00:33:02--887243]recv conta req 18.jpg! 
[2015-02-10 00:33:05--071936]18.jpg,CRXU1866805 22G1
[2015-02-10 00:33:05--316597]10.jpg,CSLU1475718 22G1
[2015-02-10 00:33:06--136508]14.jpg,MRKU9670500 22G1
[2015-02-10 00:33:06--888662]recv conta req 22.jpg! 
[2015-02-10 00:33:07--493074]22.jpg,TCLU2873584 22G1
[2015-02-10 00:33:10--892711]recv conta req 26.jpg! 
[2015-02-10 00:33:11--639170]26.jpg,CRSU9147318 45G1
[2015-02-10 00:33:14--895456]recv conta req 30.jpg! 
[2015-02-10 00:33:15--493751]30.jpg,CMAU4559732 45G1
[2015-02-10 00:33:18--897775]recv conta req 34.jpg! 
[2015-02-10 00:33:19--662979]34.jpg,CMAU4555275 45G1
[2015-02-10 00:33:22--899977]recv conta req 3.jpg! 
[2015-02-10 00:33:26--648203]3.jpg,EITU1067234 45G1
[2015-02-10 00:33:26--904968]recv conta req 7.jpg! 
[2015-02-10 00:33:30--907794]recv conta req 11.jpg! 
[2015-02-10 00:33:34--909570]recv conta req 15.jpg! 
[2015-02-10 00:33:38--912170]recv conta req 19.jpg! 
[2015-02-10 00:33:40--018217]7.jpg, 
[2015-02-10 00:33:40--397375]15.jpg,MAXU2423284 
[2015-02-10 00:33:40--645612]11.jpg,MSKU0004911 45G1
[2015-02-10 00:33:40--722300]19.jpg,MSKU1685954 45G1
[2015-02-10 00:33:42--915173]recv conta req 23.jpg! 
[2015-02-10 00:33:43--557206]23.jpg,APHU6639762 45G1
[2015-02-10 00:33:46--917221]recv conta req 27.jpg! 
[2015-02-10 00:33:47--714320]27.jpg,MRKU0995640 42G1
[2015-02-10 00:33:50--920352]recv conta req 31.jpg! 
[2015-02-10 00:33:51--586004]31.jpg,WSDU4921322 45G1
[2015-02-10 00:33:54--922772]recv conta req 35.jpg! 
[2015-02-10 00:33:55--672874]35.jpg,WSDU4920250 45G1
[2015-02-10 00:33:58--925981]recv conta req 4.jpg! 
[2015-02-10 00:34:00--277268]4.jpg,MSKU4011903 22G1
[2015-02-10 00:34:02--928029]recv conta req 8.jpg! 
[2015-02-10 00:34:06--931020]recv conta req 12.jpg! 
[2015-02-10 00:34:09--862292]8.jpg,CCLU6287245 45G1
[2015-02-10 00:34:10--933972]recv conta req 16.jpg! 
[2015-02-10 00:34:13--040599]16.jpg,TEMU3075040 22G1
[2015-02-10 00:34:14--936569]recv conta req 20.jpg! 
[2015-02-10 00:34:16--398017]20.jpg,FCIU4591874 22G1
[2015-02-10 00:34:17--705193]12.jpg,MEDU1861156 22G1
[2015-02-10 00:34:18--938602]recv conta req 24.jpg! 
[2015-02-10 00:34:19--579926]24.jpg,SEGU1904022 22G1
[2015-02-10 00:34:22--941062]recv conta req 28.jpg! 
[2015-02-10 00:34:23--766965]28.jpg,FCIU8609740 45G1
[2015-02-10 00:34:26--942738]recv conta req 32.jpg! 
[2015-02-10 00:34:27--599533]32.jpg,CITU1173790 45G1
[2015-02-10 00:34:30--946435]recv conta req 1.jpg! 
[2015-02-10 00:34:32--632112]1.jpg,MSKU9550132 45G1
[2015-02-10 00:34:34--947831]recv conta req 5.jpg! 
[2015-02-10 00:34:37--735270]5.jpg,IIIU7???46? 22G1
[2015-02-10 00:34:38--952678]recv conta req 9.jpg! 
[2015-02-10 00:34:42--953153]recv conta req 13.jpg! 
[2015-02-10 00:34:46--957013]recv conta req 17.jpg! 
[2015-02-10 00:34:47--742565]9.jpg,MRKU3324814 45G1
[2015-02-10 00:34:49--555825]17.jpg,SEGU1445915 22G1
[2015-02-10 00:34:50--959797]recv conta req 21.jpg! 
[2015-02-10 00:34:51--640631]13.jpg,FSCU7372776 22G1
[2015-02-10 00:34:52--060261]21.jpg,TRLU8984373 22G1
[2015-02-10 00:34:54--960782]recv conta req 25.jpg! 
[2015-02-10 00:34:55--579922]25.jpg, 
[2015-02-10 00:34:58--962837]recv conta req 29.jpg! 
[2015-02-10 00:34:59--562679]29.jpg,SEGU9039975 45R1
[2015-02-10 00:35:02--966164]recv conta req 33.jpg! 
[2015-02-10 00:35:03--842862]33.jpg,PHLU2031555 22G1
[2015-02-10 00:35:06--968794]recv conta req 2.jpg! 
[2015-02-10 00:35:10--789385]2.jpg,GESU5520648 45G1
[2015-02-10 00:35:10--970359]recv conta req 6.jpg! 
[2015-02-10 00:35:13--223533]6.jpg,MRKU8566960 22G1
[2015-02-10 00:35:14--974387]recv conta req 10.jpg! 
[2015-02-10 00:35:18--978157]recv conta req 14.jpg! 
[2015-02-10 00:35:22--979150]recv conta req 18.jpg! 
[2015-02-10 00:35:24--888313]18.jpg,CRXU1866805 22G1
[2015-02-10 00:35:25--832354]10.jpg,CSLU1475718 22G1
[2015-02-10 00:35:26--786976]14.jpg,MRKU9670500 22G1
[2015-02-10 00:35:26--980841]recv conta req 22.jpg! 
[2015-02-10 00:35:27--596931]22.jpg,TCLU2873584 22G1
[2015-02-10 00:35:30--983467]recv conta req 26.jpg! 
[2015-02-10 00:35:31--716588]26.jpg,CRSU9147318 45G1
[2015-02-10 00:35:34--986763]recv conta req 30.jpg! 
[2015-02-10 00:35:35--596345]30.jpg,CMAU4559732 45G1
[2015-02-10 00:35:38--989445]recv conta req 34.jpg! 
[2015-02-10 00:35:39--734817]34.jpg,CMAU4555275 45G1
[2015-02-10 00:35:42--991672]recv conta req 3.jpg! 
[2015-02-10 00:35:46--753972]3.jpg,EITU1067234 45G1
[2015-02-10 00:35:46--995318]recv conta req 7.jpg! 
[2015-02-10 00:35:50--998734]recv conta req 11.jpg! 
[2015-02-10 00:35:55--000871]recv conta req 15.jpg! 
[2015-02-10 00:35:59--001485]recv conta req 19.jpg! 
[2015-02-10 00:35:59--170512]11.jpg,MSKU0004911 45G1
[2015-02-10 00:36:00--565754]15.jpg,MAXU2423284 
[2015-02-10 00:36:00--575950]19.jpg,MSKU1685954 45G1
[2015-02-10 00:36:01--526609]7.jpg, 
[2015-02-10 00:36:03--004299]recv conta req 23.jpg! 
[2015-02-10 00:36:03--607348]23.jpg,APHU6639762 45G1
[2015-02-10 00:36:07--005985]recv conta req 27.jpg! 
[2015-02-10 00:36:07--800859]27.jpg,MRKU0995640 42G1
[2015-02-10 00:36:11--009277]recv conta req 31.jpg! 
[2015-02-10 00:36:11--682333]31.jpg,WSDU4921322 45G1
[2015-02-10 00:36:15--011667]recv conta req 35.jpg! 
[2015-02-10 00:36:15--778313]35.jpg,WSDU4920250 45G1
[2015-02-10 00:36:19--014124]recv conta req 4.jpg! 
[2015-02-10 00:36:20--456618]4.jpg,MSKU4011903 22G1
[2015-02-10 00:36:23--018822]recv conta req 8.jpg! 
[2015-02-10 00:36:27--020968]recv conta req 12.jpg! 
[2015-02-10 00:36:29--629767]8.jpg,CCLU6287245 45G1
[2015-02-10 00:36:31--020842]recv conta req 16.jpg! 
[2015-02-10 00:36:32--990814]16.jpg,TEMU3075040 22G1
[2015-02-10 00:36:35--025272]recv conta req 20.jpg! 
[2015-02-10 00:36:36--169998]20.jpg,FCIU4591874 22G1
[2015-02-10 00:36:37--836620]12.jpg,MEDU1861156 22G1
[2015-02-10 00:36:39--027934]recv conta req 24.jpg! 
[2015-02-10 00:36:39--889103]24.jpg,SEGU1904022 22G1
[2015-02-10 00:36:43--028802]recv conta req 28.jpg! 
[2015-02-10 00:36:43--834215]28.jpg,FCIU8609740 45G1
[2015-02-10 00:36:47--030397]recv conta req 32.jpg! 
[2015-02-10 00:36:47--697652]32.jpg,CITU1173790 45G1
[2015-02-10 00:36:51--034891]recv conta req 1.jpg! 
[2015-02-10 00:36:52--781878]1.jpg,MSKU9550132 45G1
[2015-02-10 00:36:55--035700]recv conta req 5.jpg! 
[2015-02-10 00:36:57--876213]5.jpg,IIIU7???46? 22G1
[2015-02-10 00:36:59--040182]recv conta req 9.jpg! 
[2015-02-10 00:37:03--042499]recv conta req 13.jpg! 
[2015-02-10 00:37:05--217151]9.jpg,MRKU3324814 45G1
[2015-02-10 00:37:07--044174]recv conta req 17.jpg! 
[2015-02-10 00:37:09--201295]17.jpg,SEGU1445915 22G1
[2015-02-10 00:37:11--045947]recv conta req 21.jpg! 
[2015-02-10 00:37:11--398213]13.jpg,FSCU7372776 22G1
[2015-02-10 00:37:11--990437]21.jpg,TRLU8984373 22G1
[2015-02-10 00:37:15--048048]recv conta req 25.jpg! 
[2015-02-10 00:37:15--671199]25.jpg, 
[2015-02-10 00:37:19--050763]recv conta req 29.jpg! 
[2015-02-10 00:37:19--659448]29.jpg,SEGU9039975 45R1
[2015-02-10 00:37:23--053402]recv conta req 33.jpg! 
[2015-02-10 00:37:23--927632]33.jpg,PHLU2031555 22G1
[2015-02-10 00:37:27--055421]recv conta req 2.jpg! 
[2015-02-10 00:37:31--019583]2.jpg,GESU5520648 45G1
[2015-02-10 00:37:31--057983]recv conta req 6.jpg! 
[2015-02-10 00:37:33--459542]6.jpg,MRKU8566960 22G1
[2015-02-10 00:37:35--062973]recv conta req 10.jpg! 
[2015-02-10 00:37:39--063681]recv conta req 14.jpg! 
[2015-02-10 00:37:43--065456]recv conta req 18.jpg! 
[2015-02-10 00:37:44--547969]18.jpg,CRXU1866805 22G1
[2015-02-10 00:37:46--367349]10.jpg,CSLU1475718 22G1
[2015-02-10 00:37:46--504259]14.jpg,MRKU9670500 22G1
[2015-02-10 00:37:47--067443]recv conta req 22.jpg! 
[2015-02-10 00:37:47--679620]22.jpg,TCLU2873584 22G1
[2015-02-10 00:37:51--070531]recv conta req 26.jpg! 
[2015-02-10 00:37:51--805201]26.jpg,CRSU9147318 45G1
[2015-02-10 00:37:55--073008]recv conta req 30.jpg! 
[2015-02-10 00:37:55--680196]30.jpg,CMAU4559732 45G1
[2015-02-10 00:37:59--075586]recv conta req 34.jpg! 
[2015-02-10 00:37:59--798571]34.jpg,CMAU4555275 45G1
[2015-02-10 00:38:03--077603]recv conta req 3.jpg! 
[2015-02-10 00:38:06--964618]3.jpg,EITU1067234 45G1
[2015-02-10 00:38:07--081678]recv conta req 7.jpg! 
[2015-02-10 00:38:11--084802]recv conta req 11.jpg! 
[2015-02-10 00:38:15--086632]recv conta req 15.jpg! 
[2015-02-10 00:38:19--087364]recv conta req 19.jpg! 
[2015-02-10 00:38:20--108052]11.jpg,MSKU0004911 45G1
[2015-02-10 00:38:20--196960]7.jpg, 
[2015-02-10 00:38:20--347109]15.jpg,MAXU2423284 
[2015-02-10 00:38:20--917598]19.jpg,MSKU1685954 45G1
[2015-02-10 00:38:23--089770]recv conta req 23.jpg! 
[2015-02-10 00:38:23--735200]23.jpg,APHU6639762 45G1
[2015-02-10 00:38:27--093297]recv conta req 27.jpg! 
[2015-02-10 00:38:28--053909]27.jpg,MRKU0995640 42G1
[2015-02-10 00:38:31--095042]recv conta req 31.jpg! 
[2015-02-10 00:38:31--784727]31.jpg,WSDU4921322 45G1
[2015-02-10 00:38:35--098419]recv conta req 35.jpg! 
[2015-02-10 00:38:35--884402]35.jpg,WSDU4920250 45G1
[2015-02-10 00:38:39--099907]recv conta req 4.jpg! 
[2015-02-10 00:38:40--674606]4.jpg,MSKU4011903 22G1
[2015-02-10 00:38:43--103994]recv conta req 8.jpg! 
[2015-02-10 00:38:47--106716]recv conta req 12.jpg! 
[2015-02-10 00:38:49--974881]8.jpg,CCLU6287245 45G1
[2015-02-10 00:38:51--108109]recv conta req 16.jpg! 
[2015-02-10 00:38:52--846576]16.jpg,TEMU3075040 22G1
[2015-02-10 00:38:55--111600]recv conta req 20.jpg! 
[2015-02-10 00:38:56--170224]20.jpg,FCIU4591874 22G1
[2015-02-10 00:38:57--024887]12.jpg,MEDU1861156 22G1
[2015-02-10 00:38:59--114108]recv conta req 24.jpg! 
[2015-02-10 00:38:59--922780]24.jpg,SEGU1904022 22G1
[2015-02-10 00:39:03--115112]recv conta req 28.jpg! 
[2015-02-10 00:39:03--918194]28.jpg,FCIU8609740 45G1
[2015-02-10 00:39:07--116939]recv conta req 32.jpg! 
[2015-02-10 00:39:07--791159]32.jpg,CITU1173790 45G1
[2015-02-10 00:39:11--120845]recv conta req 1.jpg! 
[2015-02-10 00:39:12--835481]1.jpg,MSKU9550132 45G1
[2015-02-10 00:39:15--122031]recv conta req 5.jpg! 
[2015-02-10 00:39:17--908141]5.jpg,IIIU7???46? 22G1
[2015-02-10 00:39:19--126018]recv conta req 9.jpg! 
[2015-02-10 00:39:23--127496]recv conta req 13.jpg! 
[2015-02-10 00:39:27--130022]recv conta req 17.jpg! 
[2015-02-10 00:39:29--598267]17.jpg,SEGU1445915 22G1
[2015-02-10 00:39:30--009391]9.jpg,MRKU3324814 45G1
[2015-02-10 00:39:31--132246]recv conta req 21.jpg! 
[2015-02-10 00:39:31--990097]21.jpg,TRLU8984373 22G1
[2015-02-10 00:39:32--120804]13.jpg,FSCU7372776 22G1
[2015-02-10 00:39:35--134460]recv conta req 25.jpg! 
[2015-02-10 00:39:35--766264]25.jpg, 
[2015-02-10 00:39:39--136465]recv conta req 29.jpg! 
[2015-02-10 00:39:39--750600]29.jpg,SEGU9039975 45R1
[2015-02-10 00:39:43--139705]recv conta req 33.jpg! 
[2015-02-10 00:39:43--942791]33.jpg,PHLU2031555 22G1
[2015-02-10 00:39:47--142668]recv conta req 2.jpg! 
[2015-02-10 00:39:51--116291]2.jpg,GESU5520648 45G1
[2015-02-10 00:39:51--144274]recv conta req 6.jpg! 
[2015-02-10 00:39:53--602516]6.jpg,MRKU8566960 22G1
[2015-02-10 00:39:55--149176]recv conta req 10.jpg! 
[2015-02-10 00:39:59--149524]recv conta req 14.jpg! 
[2015-02-10 00:40:03--152929]recv conta req 18.jpg! 
[2015-02-10 00:40:05--313499]18.jpg,CRXU1866805 22G1
[2015-02-10 00:40:06--026556]10.jpg,CSLU1475718 22G1
[2015-02-10 00:40:07--153580]recv conta req 22.jpg! 
[2015-02-10 00:40:07--591353]14.jpg,MRKU9670500 22G1
[2015-02-10 00:40:07--809693]22.jpg,TCLU2873584 22G1
[2015-02-10 00:40:11--156854]recv conta req 26.jpg! 
[2015-02-10 00:40:11--866356]26.jpg,CRSU9147318 45G1
[2015-02-10 00:40:15--159370]recv conta req 30.jpg! 
[2015-02-10 00:40:15--777349]30.jpg,CMAU4559732 45G1
[2015-02-10 00:40:19--162009]recv conta req 34.jpg! 
[2015-02-10 00:40:19--918858]34.jpg,CMAU4555275 45G1
[2015-02-10 00:40:23--163882]recv conta req 3.jpg! 
[2015-02-10 00:40:26--972332]3.jpg,EITU1067234 45G1
[2015-02-10 00:40:27--168206]recv conta req 7.jpg! 
[2015-02-10 00:40:31--169893]recv conta req 11.jpg! 
[2015-02-10 00:40:35--172758]recv conta req 15.jpg! 
[2015-02-10 00:40:39--173791]recv conta req 19.jpg! 
[2015-02-10 00:40:39--387427]7.jpg, 
[2015-02-10 00:40:40--219801]11.jpg,MSKU0004911 45G1
[2015-02-10 00:40:40--639951]19.jpg,MSKU1685954 45G1
[2015-02-10 00:40:40--805539]15.jpg,MAXU2423284 
[2015-02-10 00:40:43--176013]recv conta req 23.jpg! 
[2015-02-10 00:40:43--825423]23.jpg,APHU6639762 45G1
[2015-02-10 00:40:47--178110]recv conta req 27.jpg! 
[2015-02-10 00:40:47--972639]27.jpg,MRKU0995640 42G1
[2015-02-10 00:40:51--181411]recv conta req 31.jpg! 
[2015-02-10 00:40:51--886761]31.jpg,WSDU4921322 45G1
[2015-02-10 00:40:55--183653]recv conta req 35.jpg! 
[2015-02-10 00:40:55--931732]35.jpg,WSDU4920250 45G1
[2015-02-10 00:40:59--186086]recv conta req 4.jpg! 
[2015-02-10 00:41:00--680039]4.jpg,MSKU4011903 22G1
[2015-02-10 00:41:03--190867]recv conta req 8.jpg! 
[2015-02-10 00:41:07--192457]recv conta req 12.jpg! 
[2015-02-10 00:41:09--426215]8.jpg,CCLU6287245 45G1
[2015-02-10 00:41:11--192925]recv conta req 16.jpg! 
[2015-02-10 00:41:13--155447]16.jpg,TEMU3075040 22G1
[2015-02-10 00:41:15--198210]recv conta req 20.jpg! 
[2015-02-10 00:41:16--197895]20.jpg,FCIU4591874 22G1
[2015-02-10 00:41:17--863695]12.jpg,MEDU1861156 22G1
[2015-02-10 00:41:19--198511]recv conta req 24.jpg! 
[2015-02-10 00:41:19--853386]24.jpg,SEGU1904022 22G1
[2015-02-10 00:41:23--201002]recv conta req 28.jpg! 
[2015-02-10 00:41:23--995207]28.jpg,FCIU8609740 45G1
[2015-02-10 00:41:27--202679]recv conta req 32.jpg! 
[2015-02-10 00:41:27--892529]32.jpg,CITU1173790 45G1
[2015-02-10 00:41:31--208071]recv conta req 1.jpg! 
[2015-02-10 00:41:33--074819]1.jpg,MSKU9550132 45G1
[2015-02-10 00:41:35--208472]recv conta req 5.jpg! 
[2015-02-10 00:41:38--015821]5.jpg,IIIU7???46? 22G1
[2015-02-10 00:41:39--213266]recv conta req 9.jpg! 
[2015-02-10 00:41:43--216271]recv conta req 13.jpg! 
[2015-02-10 00:41:47--216697]recv conta req 17.jpg! 
[2015-02-10 00:41:49--161579]9.jpg,MRKU3324814 45G1
[2015-02-10 00:41:49--695753]17.jpg,SEGU1445915 22G1
[2015-02-10 00:41:51--218750]recv conta req 21.jpg! 
[2015-02-10 00:41:52--166180]21.jpg,TRLU8984373 22G1
[2015-02-10 00:41:52--654896]13.jpg,FSCU7372776 22G1
[2015-02-10 00:41:55--220839]recv conta req 25.jpg! 
[2015-02-10 00:41:55--877825]25.jpg, 
[2015-02-10 00:41:59--222892]recv conta req 29.jpg! 
[2015-02-10 00:41:59--872365]29.jpg,SEGU9039975 45R1
[2015-02-10 00:42:03--225904]recv conta req 33.jpg! 
[2015-02-10 00:42:04--044805]33.jpg,PHLU2031555 22G1
[2015-02-10 00:42:07--228617]recv conta req 2.jpg! 
[2015-02-10 00:42:11--163520]2.jpg,GESU5520648 45G1
[2015-02-10 00:42:11--230482]recv conta req 6.jpg! 
[2015-02-10 00:42:13--663230]6.jpg,MRKU8566960 22G1
[2015-02-10 00:42:15--235008]recv conta req 10.jpg! 
[2015-02-10 00:42:19--239155]recv conta req 14.jpg! 
[2015-02-10 00:42:23--238190]recv conta req 18.jpg! 
[2015-02-10 00:42:25--139115]10.jpg,CSLU1475718 22G1
[2015-02-10 00:42:25--343322]18.jpg,CRXU1866805 22G1
[2015-02-10 00:42:27--240371]recv conta req 22.jpg! 
[2015-02-10 00:42:27--312246]14.jpg,MRKU9670500 22G1
[2015-02-10 00:42:27--912324]22.jpg,TCLU2873584 22G1
[2015-02-10 00:42:31--243279]recv conta req 26.jpg! 
[2015-02-10 00:42:31--986875]26.jpg,CRSU9147318 45G1
[2015-02-10 00:42:35--246769]recv conta req 30.jpg! 
[2015-02-10 00:42:35--899182]30.jpg,CMAU4559732 45G1
[2015-02-10 00:42:39--248756]recv conta req 34.jpg! 
[2015-02-10 00:42:40--026919]34.jpg,CMAU4555275 45G1
[2015-02-10 00:42:43--250628]recv conta req 3.jpg! 
[2015-02-10 00:42:47--116521]3.jpg,EITU1067234 45G1
[2015-02-10 00:42:47--255921]recv conta req 7.jpg! 
[2015-02-10 00:42:51--262442]recv conta req 11.jpg! 
[2015-02-10 00:42:55--260278]recv conta req 15.jpg! 
[2015-02-10 00:42:59--260957]recv conta req 19.jpg! 
[2015-02-10 00:43:00--283607]15.jpg,MAXU2423284 
[2015-02-10 00:43:00--630503]11.jpg,MSKU0004911 45G1
[2015-02-10 00:43:01--093950]19.jpg,MSKU1685954 45G1
[2015-02-10 00:43:01--328340]7.jpg, 
[2015-02-10 00:43:03--263440]recv conta req 23.jpg! 
[2015-02-10 00:43:04--007515]23.jpg,APHU6639762 45G1
[2015-02-10 00:43:07--265643]recv conta req 27.jpg! 
[2015-02-10 00:43:08--155635]27.jpg,MRKU0995640 42G1
[2015-02-10 00:43:11--268221]recv conta req 31.jpg! 
[2015-02-10 00:43:11--984523]31.jpg,WSDU4921322 45G1
[2015-02-10 00:43:15--270575]recv conta req 35.jpg! 
[2015-02-10 00:43:16--053174]35.jpg,WSDU4920250 45G1
[2015-02-10 00:43:19--273161]recv conta req 4.jpg! 
[2015-02-10 00:43:20--725473]4.jpg,MSKU4011903 22G1
[2015-02-10 00:43:23--277595]recv conta req 8.jpg! 
[2015-02-10 00:43:27--279631]recv conta req 12.jpg! 
[2015-02-10 00:43:30--799838]8.jpg,CCLU6287245 45G1
[2015-02-10 00:43:31--279738]recv conta req 16.jpg! 
[2015-02-10 00:43:33--179125]16.jpg,TEMU3075040 22G1
[2015-02-10 00:43:35--282762]recv conta req 20.jpg! 
[2015-02-10 00:43:36--918021]20.jpg,FCIU4591874 22G1
[2015-02-10 00:43:38--162985]12.jpg,MEDU1861156 22G1
[2015-02-10 00:43:39--284663]recv conta req 24.jpg! 
[2015-02-10 00:43:40--025141]24.jpg,SEGU1904022 22G1
[2015-02-10 00:43:43--287774]recv conta req 28.jpg! 
[2015-02-10 00:43:44--133580]28.jpg,FCIU8609740 45G1
[2015-02-10 00:43:47--289491]recv conta req 32.jpg! 
[2015-02-10 00:43:47--969041]32.jpg,CITU1173790 45G1
[2015-02-10 00:43:51--293155]recv conta req 1.jpg! 
[2015-02-10 00:43:53--058190]1.jpg,MSKU9550132 45G1
[2015-02-10 00:43:55--294754]recv conta req 5.jpg! 
[2015-02-10 00:43:58--116282]5.jpg,IIIU7???46? 22G1
[2015-02-10 00:43:59--299531]recv conta req 9.jpg! 
[2015-02-10 00:44:03--300101]recv conta req 13.jpg! 
[2015-02-10 00:44:07--303233]recv conta req 17.jpg! 
[2015-02-10 00:44:09--448835]17.jpg,SEGU1445915 22G1
[2015-02-10 00:44:09--930036]9.jpg,MRKU3324814 45G1
[2015-02-10 00:44:11--311323]recv conta req 21.jpg! 
[2015-02-10 00:44:12--017244]13.jpg,FSCU7372776 22G1
[2015-02-10 00:44:12--276221]21.jpg,TRLU8984373 22G1
[2015-02-10 00:44:15--312725]recv conta req 25.jpg! 
[2015-02-10 00:44:15--973352]25.jpg, 
[2015-02-10 00:44:19--314779]recv conta req 29.jpg! 
[2015-02-10 00:44:19--964372]29.jpg,SEGU9039975 45R1
[2015-02-10 00:44:23--317811]recv conta req 33.jpg! 
[2015-02-10 00:44:24--200545]33.jpg,PHLU2031555 22G1
[2015-02-10 00:44:27--320645]recv conta req 2.jpg! 
[2015-02-10 00:44:31--197454]2.jpg,GESU5520648 45G1
[2015-02-10 00:44:31--323264]recv conta req 6.jpg! 
[2015-02-10 00:44:33--764681]6.jpg,MRKU8566960 22G1
[2015-02-10 00:44:35--326983]recv conta req 10.jpg! 
[2015-02-10 00:44:39--328882]recv conta req 14.jpg! 
[2015-02-10 00:44:43--330025]recv conta req 18.jpg! 
[2015-02-10 00:44:45--127233]18.jpg,CRXU1866805 22G1
[2015-02-10 00:44:46--817176]10.jpg,CSLU1475718 22G1
[2015-02-10 00:44:47--331623]recv conta req 22.jpg! 
[2015-02-10 00:44:47--458780]14.jpg,MRKU9670500 22G1
[2015-02-10 00:44:48--018257]22.jpg,TCLU2873584 22G1
[2015-02-10 00:44:51--335124]recv conta req 26.jpg! 
[2015-02-10 00:44:52--048856]26.jpg,CRSU9147318 45G1
[2015-02-10 00:44:55--337869]recv conta req 30.jpg! 
[2015-02-10 00:44:55--972070]30.jpg,CMAU4559732 45G1
[2015-02-10 00:44:59--340931]recv conta req 34.jpg! 
[2015-02-10 00:45:00--133396]34.jpg,CMAU4555275 45G1
[2015-02-10 00:45:03--345577]recv conta req 3.jpg! 
[2015-02-10 00:45:07--282628]3.jpg,EITU1067234 45G1
[2015-02-10 00:45:07--352295]recv conta req 7.jpg! 
[2015-02-10 00:45:11--354720]recv conta req 11.jpg! 
[2015-02-10 00:45:15--357456]recv conta req 15.jpg! 
[2015-02-10 00:45:19--359289]recv conta req 19.jpg! 
[2015-02-10 00:45:20--804034]11.jpg,MSKU0004911 45G1
[2015-02-10 00:45:20--821477]19.jpg,MSKU1685954 45G1
[2015-02-10 00:45:21--130806]15.jpg,MAXU2423284 
[2015-02-10 00:45:21--920581]7.jpg, 
[2015-02-10 00:45:23--361913]recv conta req 23.jpg! 
[2015-02-10 00:45:24--003491]23.jpg,APHU6639762 45G1
[2015-02-10 00:45:27--365902]recv conta req 27.jpg! 
[2015-02-10 00:45:28--196241]27.jpg,MRKU0995640 42G1
[2015-02-10 00:45:31--370057]recv conta req 31.jpg! 
[2015-02-10 00:45:32--065058]31.jpg,WSDU4921322 45G1
[2015-02-10 00:45:35--373882]recv conta req 35.jpg! 
[2015-02-10 00:45:36--144663]35.jpg,WSDU4920250 45G1
[2015-02-10 00:45:39--378843]recv conta req 4.jpg! 
[2015-02-10 00:45:40--906277]4.jpg,MSKU4011903 22G1
[2015-02-10 00:45:43--386733]recv conta req 8.jpg! 
[2015-02-10 00:45:47--388758]recv conta req 12.jpg! 
[2015-02-10 00:45:49--033591]8.jpg,CCLU6287245 45G1
[2015-02-10 00:45:51--391143]recv conta req 16.jpg! 
[2015-02-10 00:45:53--259945]16.jpg,TEMU3075040 22G1
[2015-02-10 00:45:55--394165]recv conta req 20.jpg! 
[2015-02-10 00:45:56--907798]20.jpg,FCIU4591874 22G1
[2015-02-10 00:45:58--692890]12.jpg,MEDU1861156 22G1
[2015-02-10 00:45:59--397916]recv conta req 24.jpg! 
[2015-02-10 00:46:00--090204]24.jpg,SEGU1904022 22G1
[2015-02-10 00:46:03--400772]recv conta req 28.jpg! 
[2015-02-10 00:46:04--320259]28.jpg,FCIU8609740 45G1
[2015-02-10 00:46:07--404447]recv conta req 32.jpg! 
[2015-02-10 00:46:08--079620]32.jpg,CITU1173790 45G1
[2015-02-10 00:46:11--411138]recv conta req 1.jpg! 
[2015-02-10 00:46:13--167499]1.jpg,MSKU9550132 45G1
[2015-02-10 00:46:15--413065]recv conta req 5.jpg! 
[2015-02-10 00:46:18--287561]5.jpg,IIIU7???46? 22G1
[2015-02-10 00:46:19--420537]recv conta req 9.jpg! 
[2015-02-10 00:46:23--423847]recv conta req 13.jpg! 
[2015-02-10 00:46:27--423562]recv conta req 17.jpg! 
[2015-02-10 00:46:29--031295]9.jpg,MRKU3324814 45G1
[2015-02-10 00:46:29--244229]17.jpg,SEGU1445915 22G1
[2015-02-10 00:46:31--428639]recv conta req 21.jpg! 
[2015-02-10 00:46:32--285123]21.jpg,TRLU8984373 22G1
[2015-02-10 00:46:32--314085]13.jpg,FSCU7372776 22G1
[2015-02-10 00:46:35--430274]recv conta req 25.jpg! 
[2015-02-10 00:46:36--076494]25.jpg, 
[2015-02-10 00:46:39--433307]recv conta req 29.jpg! 
[2015-02-10 00:46:40--056418]29.jpg,SEGU9039975 45R1
[2015-02-10 00:46:43--438421]recv conta req 33.jpg! 
[2015-02-10 00:46:44--263009]33.jpg,PHLU2031555 22G1
[2015-02-10 00:46:47--444138]recv conta req 2.jpg! 
[2015-02-10 00:46:51--447501]recv conta req 6.jpg! 
[2015-02-10 00:46:51--453030]2.jpg,GESU5520648 45G1
[2015-02-10 00:46:53--908863]6.jpg,MRKU8566960 22G1
[2015-02-10 00:46:55--450267]recv conta req 10.jpg! 
[2015-02-10 00:46:59--453714]recv conta req 14.jpg! 
[2015-02-10 00:47:03--455173]recv conta req 18.jpg! 
[2015-02-10 00:47:04--704382]10.jpg,CSLU1475718 22G1
[2015-02-10 00:47:05--346072]18.jpg,CRXU1866805 22G1
[2015-02-10 00:47:07--103428]14.jpg,MRKU9670500 22G1
[2015-02-10 00:47:07--497302]recv conta req 22.jpg! 
[2015-02-10 00:47:08--166366]22.jpg,TCLU2873584 22G1
[2015-02-10 00:47:11--463142]recv conta req 26.jpg! 
[2015-02-10 00:47:12--178579]26.jpg,CRSU9147318 45G1
[2015-02-10 00:47:15--466957]recv conta req 30.jpg! 
[2015-02-10 00:47:16--093536]30.jpg,CMAU4559732 45G1
[2015-02-10 00:47:19--473410]recv conta req 34.jpg! 
[2015-02-10 00:47:20--270930]34.jpg,CMAU4555275 45G1
[2015-02-10 00:47:23--476224]recv conta req 3.jpg! 
[2015-02-10 00:47:27--372648]3.jpg,EITU1067234 45G1
[2015-02-10 00:47:27--481983]recv conta req 7.jpg! 
[2015-02-10 00:47:31--485082]recv conta req 11.jpg! 
[2015-02-10 00:47:35--490233]recv conta req 15.jpg! 
[2015-02-10 00:47:39--489081]recv conta req 19.jpg! 
[2015-02-10 00:47:40--870341]11.jpg,MSKU0004911 45G1
[2015-02-10 00:47:41--281739]7.jpg, 
[2015-02-10 00:47:41--381182]15.jpg,MAXU2423284 
[2015-02-10 00:47:41--436441]19.jpg,MSKU1685954 45G1
[2015-02-10 00:47:43--492291]recv conta req 23.jpg! 
[2015-02-10 00:47:44--124509]23.jpg,APHU6639762 45G1
[2015-02-10 00:47:47--495779]recv conta req 27.jpg! 
[2015-02-10 00:47:48--340253]27.jpg,MRKU0995640 42G1
[2015-02-10 00:47:51--500158]recv conta req 31.jpg! 
[2015-02-10 00:47:52--216632]31.jpg,WSDU4921322 45G1
[2015-02-10 00:47:55--504694]recv conta req 35.jpg! 
[2015-02-10 00:47:56--297988]35.jpg,WSDU4920250 45G1
[2015-02-10 00:47:59--509245]recv conta req 4.jpg! 
[2015-02-10 00:48:00--953211]4.jpg,MSKU4011903 22G1
[2015-02-10 00:48:03--515530]recv conta req 8.jpg! 
[2015-02-10 00:48:07--521675]recv conta req 12.jpg! 
[2015-02-10 00:48:08--971269]8.jpg,CCLU6287245 45G1
[2015-02-10 00:48:11--521227]recv conta req 16.jpg! 
[2015-02-10 00:48:13--432532]16.jpg,TEMU3075040 22G1
[2015-02-10 00:48:15--526252]recv conta req 20.jpg! 
[2015-02-10 00:48:16--945361]20.jpg,FCIU4591874 22G1
[2015-02-10 00:48:18--109981]12.jpg,MEDU1861156 22G1
[2015-02-10 00:48:19--528530]recv conta req 24.jpg! 
[2015-02-10 00:48:20--285577]24.jpg,SEGU1904022 22G1
[2015-02-10 00:48:23--532622]recv conta req 28.jpg! 
[2015-02-10 00:48:24--374165]28.jpg,FCIU8609740 45G1
[2015-02-10 00:48:27--536440]recv conta req 32.jpg! 
[2015-02-10 00:48:28--228608]32.jpg,CITU1173790 45G1
[2015-02-10 00:48:31--542973]recv conta req 1.jpg! 
[2015-02-10 00:48:33--237011]1.jpg,MSKU9550132 45G1
[2015-02-10 00:48:35--544751]recv conta req 5.jpg! 
[2015-02-10 00:48:38--325459]5.jpg,IIIU7???46? 22G1
[2015-02-10 00:48:39--549972]recv conta req 9.jpg! 
[2015-02-10 00:48:43--555080]recv conta req 13.jpg! 
[2015-02-10 00:48:47--559799]recv conta req 17.jpg! 
[2015-02-10 00:48:49--016772]9.jpg,MRKU3324814 45G1
[2015-02-10 00:48:49--643847]17.jpg,SEGU1445915 22G1
[2015-02-10 00:48:51--561842]recv conta req 21.jpg! 
[2015-02-10 00:48:51--975657]13.jpg,FSCU7372776 22G1
[2015-02-10 00:48:52--325374]21.jpg,TRLU8984373 22G1
[2015-02-10 00:48:55--566679]recv conta req 25.jpg! 
[2015-02-10 00:48:56--221749]25.jpg, 
[2015-02-10 00:48:59--569772]recv conta req 29.jpg! 
[2015-02-10 00:49:00--181609]29.jpg,SEGU9039975 45R1
[2015-02-10 00:49:03--575086]recv conta req 33.jpg! 
[2015-02-10 00:49:04--477655]33.jpg,PHLU2031555 22G1
[2015-02-10 00:49:07--580296]recv conta req 2.jpg! 
[2015-02-10 00:49:11--408589]2.jpg,GESU5520648 45G1
[2015-02-10 00:49:11--582921]recv conta req 6.jpg! 
[2015-02-10 00:49:13--923408]6.jpg,MRKU8566960 22G1
[2015-02-10 00:49:15--589611]recv conta req 10.jpg! 
[2015-02-10 00:49:19--592521]recv conta req 14.jpg! 
[2015-02-10 00:49:23--594991]recv conta req 18.jpg! 
[2015-02-10 00:49:25--202960]18.jpg,CRXU1866805 22G1
[2015-02-10 00:49:25--889580]10.jpg,CSLU1475718 22G1
[2015-02-10 00:49:26--696889]14.jpg,MRKU9670500 22G1
[2015-02-10 00:49:27--597323]recv conta req 22.jpg! 
[2015-02-10 00:49:28--214397]22.jpg,TCLU2873584 22G1
[2015-02-10 00:49:31--604759]recv conta req 26.jpg! 
[2015-02-10 00:49:32--549345]26.jpg,CRSU9147318 45G1
[2015-02-10 00:49:35--609992]recv conta req 30.jpg! 
[2015-02-10 00:49:36--327409]30.jpg,CMAU4559732 45G1
[2015-02-10 00:49:39--611619]recv conta req 34.jpg! 
[2015-02-10 00:49:40--363677]34.jpg,CMAU4555275 45G1
[2015-02-10 00:49:43--615017]recv conta req 3.jpg! 
[2015-02-10 00:49:47--363853]3.jpg,EITU1067234 45G1
[2015-02-10 00:49:47--622078]recv conta req 7.jpg! 
[2015-02-10 00:49:51--624446]recv conta req 11.jpg! 
[2015-02-10 00:49:55--629026]recv conta req 15.jpg! 
[2015-02-10 00:49:59--478017]11.jpg,MSKU0004911 45G1
[2015-02-10 00:49:59--630191]recv conta req 19.jpg! 
[2015-02-10 00:50:01--126664]19.jpg,MSKU1685954 45G1
[2015-02-10 00:50:01--269904]15.jpg,MAXU2423284 
[2015-02-10 00:50:01--289839]7.jpg, 
[2015-02-10 00:50:03--634334]recv conta req 23.jpg! 
[2015-02-10 00:50:04--417659]23.jpg,APHU6639762 45G1
[2015-02-10 00:50:07--636836]recv conta req 27.jpg! 
[2015-02-10 00:50:08--426104]27.jpg,MRKU0995640 42G1
[2015-02-10 00:50:11--641170]recv conta req 31.jpg! 
[2015-02-10 00:50:12--405475]31.jpg,WSDU4921322 45G1
[2015-02-10 00:50:15--645107]recv conta req 35.jpg! 
[2015-02-10 00:50:16--401261]35.jpg,WSDU4920250 45G1
[2015-02-10 00:50:19--648582]recv conta req 4.jpg! 
[2015-02-10 00:50:20--998977]4.jpg,MSKU4011903 22G1
[2015-02-10 00:50:23--652123]recv conta req 8.jpg! 
[2015-02-10 00:50:27--657295]recv conta req 12.jpg! 
[2015-02-10 00:50:30--406858]8.jpg,CCLU6287245 45G1
[2015-02-10 00:50:31--658146]recv conta req 16.jpg! 
[2015-02-10 00:50:33--427125]16.jpg,TEMU3075040 22G1
[2015-02-10 00:50:35--662330]recv conta req 20.jpg! 
[2015-02-10 00:50:37--063630]20.jpg,FCIU4591874 22G1
[2015-02-10 00:50:37--610221]12.jpg,MEDU1861156 22G1
[2015-02-10 00:50:39--667866]recv conta req 24.jpg! 
[2015-02-10 00:50:40--481950]24.jpg,SEGU1904022 22G1
[2015-02-10 00:50:43--668718]recv conta req 28.jpg! 
[2015-02-10 00:50:44--668811]28.jpg,FCIU8609740 45G1
[2015-02-10 00:50:47--672091]recv conta req 32.jpg! 
[2015-02-10 00:50:48--327943]32.jpg,CITU1173790 45G1
[2015-02-10 00:50:51--677211]recv conta req 1.jpg! 
[2015-02-10 00:50:53--328031]1.jpg,MSKU9550132 45G1
[2015-02-10 00:50:55--681361]recv conta req 5.jpg! 
[2015-02-10 00:50:58--442998]5.jpg,IIIU7???46? 22G1
[2015-02-10 00:50:59--689370]recv conta req 9.jpg! 
[2015-02-10 00:51:03--688649]recv conta req 13.jpg! 
[2015-02-10 00:51:07--691461]recv conta req 17.jpg! 
[2015-02-10 00:51:09--273012]9.jpg,MRKU3324814 45G1
[2015-02-10 00:51:09--630717]17.jpg,SEGU1445915 22G1
[2015-02-10 00:51:11--694266]recv conta req 21.jpg! 
[2015-02-10 00:51:12--006552]13.jpg,FSCU7372776 22G1
[2015-02-10 00:51:12--381385]21.jpg,TRLU8984373 22G1
[2015-02-10 00:51:15--699104]recv conta req 25.jpg! 
[2015-02-10 00:51:16--456549]25.jpg, 
[2015-02-10 00:51:19--702970]recv conta req 29.jpg! 
[2015-02-10 00:51:20--290153]29.jpg,SEGU9039975 45R1
[2015-02-10 00:51:23--709079]recv conta req 33.jpg! 
[2015-02-10 00:51:24--604642]33.jpg,PHLU2031555 22G1
[2015-02-10 00:51:27--714292]recv conta req 2.jpg! 
[2015-02-10 00:51:31--480289]2.jpg,GESU5520648 45G1
[2015-02-10 00:51:31--717080]recv conta req 6.jpg! 
[2015-02-10 00:51:33--986591]6.jpg,MRKU8566960 22G1
[2015-02-10 00:51:35--726552]recv conta req 10.jpg! 
[2015-02-10 00:51:39--730043]recv conta req 14.jpg! 
[2015-02-10 00:51:43--732745]recv conta req 18.jpg! 
[2015-02-10 00:51:45--333550]18.jpg,CRXU1866805 22G1
[2015-02-10 00:51:46--573806]10.jpg,CSLU1475718 22G1
[2015-02-10 00:51:47--315722]14.jpg,MRKU9670500 22G1
[2015-02-10 00:51:47--734239]recv conta req 22.jpg! 
[2015-02-10 00:51:48--329537]22.jpg,TCLU2873584 22G1
[2015-02-10 00:51:51--739596]recv conta req 26.jpg! 
[2015-02-10 00:51:52--425268]26.jpg,CRSU9147318 45G1
[2015-02-10 00:51:55--743452]recv conta req 30.jpg! 
[2015-02-10 00:51:56--331569]30.jpg,CMAU4559732 45G1
[2015-02-10 00:51:59--746385]recv conta req 34.jpg! 
[2015-02-10 00:52:00--476980]34.jpg,CMAU4555275 45G1
[2015-02-10 00:52:03--749801]recv conta req 3.jpg! 
[2015-02-10 00:52:07--488437]3.jpg,EITU1067234 45G1
[2015-02-10 00:52:07--756949]recv conta req 7.jpg! 
[2015-02-10 00:52:11--760165]recv conta req 11.jpg! 
[2015-02-10 00:52:15--764713]recv conta req 15.jpg! 
[2015-02-10 00:52:19--766443]recv conta req 19.jpg! 
[2015-02-10 00:52:19--805902]7.jpg, 
[2015-02-10 00:52:20--943625]19.jpg,MSKU1685954 45G1
[2015-02-10 00:52:20--978124]15.jpg,MAXU2423284 
[2015-02-10 00:52:21--688158]11.jpg,MSKU0004911 45G1
[2015-02-10 00:52:23--770165]recv conta req 23.jpg! 
[2015-02-10 00:52:24--364261]23.jpg,APHU6639762 45G1
[2015-02-10 00:52:27--774145]recv conta req 27.jpg! 
[2015-02-10 00:52:28--571234]27.jpg,MRKU0995640 42G1
[2015-02-10 00:52:31--779090]recv conta req 31.jpg! 
[2015-02-10 00:52:32--459657]31.jpg,WSDU4921322 45G1
[2015-02-10 00:52:35--783020]recv conta req 35.jpg! 
[2015-02-10 00:52:36--530772]35.jpg,WSDU4920250 45G1
[2015-02-10 00:52:39--786611]recv conta req 4.jpg! 
[2015-02-10 00:52:41--249977]4.jpg,MSKU4011903 22G1
[2015-02-10 00:52:43--791857]recv conta req 8.jpg! 
[2015-02-10 00:52:47--796958]recv conta req 12.jpg! 
[2015-02-10 00:52:49--444473]8.jpg,CCLU6287245 45G1
[2015-02-10 00:52:51--798439]recv conta req 16.jpg! 
[2015-02-10 00:52:53--372508]16.jpg,TEMU3075040 22G1
[2015-02-10 00:52:55--802075]recv conta req 20.jpg! 
[2015-02-10 00:52:57--004470]20.jpg,FCIU4591874 22G1
[2015-02-10 00:52:57--950963]12.jpg,MEDU1861156 22G1
[2015-02-10 00:52:59--804327]recv conta req 24.jpg! 
[2015-02-10 00:53:00--414562]24.jpg,SEGU1904022 22G1
[2015-02-10 00:53:03--807747]recv conta req 28.jpg! 
[2015-02-10 00:53:04--638209]28.jpg,FCIU8609740 45G1
[2015-02-10 00:53:07--810265]recv conta req 32.jpg! 
[2015-02-10 00:53:08--453964]32.jpg,CITU1173790 45G1
[2015-02-10 00:53:11--815551]recv conta req 1.jpg! 
[2015-02-10 00:53:13--445317]1.jpg,MSKU9550132 45G1
[2015-02-10 00:53:15--817860]recv conta req 5.jpg! 
[2015-02-10 00:53:18--485855]5.jpg,IIIU7???46? 22G1
[2015-02-10 00:53:19--824119]recv conta req 9.jpg! 
[2015-02-10 00:53:23--829903]recv conta req 13.jpg! 
[2015-02-10 00:53:27--828658]recv conta req 17.jpg! 
[2015-02-10 00:53:28--239251]9.jpg,MRKU3324814 45G1
[2015-02-10 00:53:29--956187]17.jpg,SEGU1445915 22G1
[2015-02-10 00:53:31--667033]13.jpg,FSCU7372776 22G1
[2015-02-10 00:53:31--832056]recv conta req 21.jpg! 
[2015-02-10 00:53:32--510644]21.jpg,TRLU8984373 22G1
[2015-02-10 00:53:35--834865]recv conta req 25.jpg! 
[2015-02-10 00:53:36--425077]25.jpg, 
[2015-02-10 00:53:39--839574]recv conta req 29.jpg! 
[2015-02-10 00:53:40--421310]29.jpg,SEGU9039975 45R1
[2015-02-10 00:53:43--843264]recv conta req 33.jpg! 
[2015-02-10 00:53:44--698929]33.jpg,PHLU2031555 22G1
[2015-02-10 00:53:47--846798]recv conta req 2.jpg! 
[2015-02-10 00:53:51--723413]2.jpg,GESU5520648 45G1
[2015-02-10 00:53:51--850796]recv conta req 6.jpg! 
[2015-02-10 00:53:54--144171]6.jpg,MRKU8566960 22G1
[2015-02-10 00:53:55--858520]recv conta req 10.jpg! 
[2015-02-10 00:53:59--861694]recv conta req 14.jpg! 
[2015-02-10 00:54:03--860651]recv conta req 18.jpg! 
[2015-02-10 00:54:05--720538]18.jpg,CRXU1866805 22G1
[2015-02-10 00:54:07--148369]10.jpg,CSLU1475718 22G1
[2015-02-10 00:54:07--862765]recv conta req 22.jpg! 
[2015-02-10 00:54:07--910083]14.jpg,MRKU9670500 22G1
[2015-02-10 00:54:08--446734]22.jpg,TCLU2873584 22G1
[2015-02-10 00:54:11--866128]recv conta req 26.jpg! 
[2015-02-10 00:54:12--548418]26.jpg,CRSU9147318 45G1
[2015-02-10 00:54:15--868902]recv conta req 30.jpg! 
[2015-02-10 00:54:16--456508]30.jpg,CMAU4559732 45G1
[2015-02-10 00:54:19--871893]recv conta req 34.jpg! 
[2015-02-10 00:54:20--583403]34.jpg,CMAU4555275 45G1
[2015-02-10 00:54:23--875196]recv conta req 3.jpg! 
[2015-02-10 00:54:27--661596]3.jpg,EITU1067234 45G1
[2015-02-10 00:54:27--878192]recv conta req 7.jpg! 
[2015-02-10 00:54:31--883822]recv conta req 11.jpg! 
[2015-02-10 00:54:35--887024]recv conta req 15.jpg! 
[2015-02-10 00:54:38--996614]7.jpg, 
[2015-02-10 00:54:39--889080]recv conta req 19.jpg! 
[2015-02-10 00:54:41--389407]19.jpg,MSKU1685954 45G1
[2015-02-10 00:54:41--660687]15.jpg,MAXU2423284 
[2015-02-10 00:54:41--691487]11.jpg,MSKU0004911 45G1
[2015-02-10 00:54:43--891539]recv conta req 23.jpg! 
[2015-02-10 00:54:44--487496]23.jpg,APHU6639762 45G1
[2015-02-10 00:54:47--895078]recv conta req 27.jpg! 
[2015-02-10 00:54:49--030076]27.jpg,MRKU0995640 42G1
[2015-02-10 00:54:51--898244]recv conta req 31.jpg! 
[2015-02-10 00:54:52--553772]31.jpg,WSDU4921322 45G1
[2015-02-10 00:54:55--900706]recv conta req 35.jpg! 
[2015-02-10 00:54:56--645195]35.jpg,WSDU4920250 45G1
[2015-02-10 00:54:59--902597]recv conta req 4.jpg! 
[2015-02-10 00:55:01--264366]4.jpg,MSKU4011903 22G1
[2015-02-10 00:55:03--908337]recv conta req 8.jpg! 
[2015-02-10 00:55:07--911851]recv conta req 12.jpg! 
[2015-02-10 00:55:10--981808]8.jpg,CCLU6287245 45G1
[2015-02-10 00:55:11--913254]recv conta req 16.jpg! 
[2015-02-10 00:55:13--749604]16.jpg,TEMU3075040 22G1
[2015-02-10 00:55:15--915907]recv conta req 20.jpg! 
[2015-02-10 00:55:16--801163]20.jpg,FCIU4591874 22G1
[2015-02-10 00:55:17--204360]12.jpg,MEDU1861156 22G1
[2015-02-10 00:55:19--919136]recv conta req 24.jpg! 
[2015-02-10 00:55:20--688371]24.jpg,SEGU1904022 22G1
[2015-02-10 00:55:23--923639]recv conta req 28.jpg! 
[2015-02-10 00:55:25--082402]28.jpg,FCIU8609740 45G1
[2015-02-10 00:55:27--923259]recv conta req 32.jpg! 
[2015-02-10 00:55:28--584756]32.jpg,CITU1173790 45G1
[2015-02-10 00:55:31--927281]recv conta req 1.jpg! 
[2015-02-10 00:55:33--961605]1.jpg,MSKU9550132 45G1
[2015-02-10 00:55:35--928801]recv conta req 5.jpg! 
[2015-02-10 00:55:38--642463]5.jpg,IIIU7???46? 22G1
[2015-02-10 00:55:39--933969]recv conta req 9.jpg! 
[2015-02-10 00:55:43--935146]recv conta req 13.jpg! 
[2015-02-10 00:55:47--289565]9.jpg,MRKU3324814 45G1
[2015-02-10 00:55:47--936681]recv conta req 17.jpg! 
[2015-02-10 00:55:50--330939]17.jpg,SEGU1445915 22G1
[2015-02-10 00:55:51--939909]recv conta req 21.jpg! 
[2015-02-10 00:55:52--208038]13.jpg,FSCU7372776 22G1
[2015-02-10 00:55:52--760101]21.jpg,TRLU8984373 22G1
[2015-02-10 00:55:55--942370]recv conta req 25.jpg! 
[2015-02-10 00:55:56--702404]25.jpg, 
[2015-02-10 00:55:59--943841]recv conta req 29.jpg! 
[2015-02-10 00:56:00--588287]29.jpg,SEGU9039975 45R1
[2015-02-10 00:56:03--947029]recv conta req 33.jpg! 
[2015-02-10 00:56:04--823445]33.jpg,PHLU2031555 22G1
[2015-02-10 00:56:07--952648]recv conta req 2.jpg! 
[2015-02-10 00:56:11--789989]2.jpg,GESU5520648 45G1
[2015-02-10 00:56:11--953106]recv conta req 6.jpg! 
[2015-02-10 00:56:14--225106]6.jpg,MRKU8566960 22G1
[2015-02-10 00:56:15--957881]recv conta req 10.jpg! 
[2015-02-10 00:56:19--959035]recv conta req 14.jpg! 
[2015-02-10 00:56:23--961016]recv conta req 18.jpg! 
[2015-02-10 00:56:25--000317]10.jpg,CSLU1475718 22G1
[2015-02-10 00:56:25--961049]18.jpg,CRXU1866805 22G1
[2015-02-10 00:56:27--816693]14.jpg,MRKU9670500 22G1
[2015-02-10 00:56:27--962684]recv conta req 22.jpg! 
[2015-02-10 00:56:28--538268]22.jpg,TCLU2873584 22G1
[2015-02-10 00:56:31--967918]recv conta req 26.jpg! 
[2015-02-10 00:56:32--740036]26.jpg,CRSU9147318 45G1
[2015-02-10 00:56:35--969764]recv conta req 30.jpg! 
[2015-02-10 00:56:36--568502]30.jpg,CMAU4559732 45G1
[2015-02-10 00:56:39--974262]recv conta req 34.jpg! 
[2015-02-10 00:56:40--805745]34.jpg,CMAU4555275 45G1
[2015-02-10 00:56:43--975796]recv conta req 3.jpg! 
[2015-02-10 00:56:47--734156]3.jpg,EITU1067234 45G1
[2015-02-10 00:56:47--982084]recv conta req 7.jpg! 
[2015-02-10 00:56:51--982426]recv conta req 11.jpg! 
[2015-02-10 00:56:55--983953]recv conta req 15.jpg! 
[2015-02-10 00:56:59--985866]recv conta req 19.jpg! 
[2015-02-10 00:57:00--453548]7.jpg, 
[2015-02-10 00:57:01--255655]11.jpg,MSKU0004911 45G1
[2015-02-10 00:57:01--518125]19.jpg,MSKU1685954 45G1
[2015-02-10 00:57:01--616322]15.jpg,MAXU2423284 
[2015-02-10 00:57:03--990813]recv conta req 23.jpg! 
[2015-02-10 00:57:04--874512]23.jpg,APHU6639762 45G1
[2015-02-10 00:57:07--993394]recv conta req 27.jpg! 
[2015-02-10 00:57:09--046919]27.jpg,MRKU0995640 42G1
[2015-02-10 00:57:11--994845]recv conta req 31.jpg! 
[2015-02-10 00:57:12--675231]31.jpg,WSDU4921322 45G1
[2015-02-10 00:57:16--000969]recv conta req 35.jpg! 
[2015-02-10 00:57:17--027933]35.jpg,WSDU4920250 45G1
[2015-02-10 00:57:20--000507]recv conta req 4.jpg! 
[2015-02-10 00:57:21--326084]4.jpg,MSKU4011903 22G1
[2015-02-10 00:57:24--004795]recv conta req 8.jpg! 
[2015-02-10 00:57:28--006728]recv conta req 12.jpg! 
[2015-02-10 00:57:31--773302]8.jpg,CCLU6287245 45G1
[2015-02-10 00:57:32--007323]recv conta req 16.jpg! 
[2015-02-10 00:57:33--486582]16.jpg,TEMU3075040 22G1
[2015-02-10 00:57:36--011268]recv conta req 20.jpg! 
[2015-02-10 00:57:36--963883]20.jpg,FCIU4591874 22G1
[2015-02-10 00:57:38--207066]12.jpg,MEDU1861156 22G1
[2015-02-10 00:57:40--014741]recv conta req 24.jpg! 
[2015-02-10 00:57:40--829779]24.jpg,SEGU1904022 22G1
[2015-02-10 00:57:44--020251]recv conta req 28.jpg! 
[2015-02-10 00:57:45--083816]28.jpg,FCIU8609740 45G1
[2015-02-10 00:57:48--018352]recv conta req 32.jpg! 
[2015-02-10 00:57:48--797556]32.jpg,CITU1173790 45G1
[2015-02-10 00:57:52--023031]recv conta req 1.jpg! 
[2015-02-10 00:57:53--824414]1.jpg,MSKU9550132 45G1
[2015-02-10 00:57:56--023120]recv conta req 5.jpg! 
[2015-02-10 00:57:58--760192]5.jpg,IIIU7???46? 22G1
[2015-02-10 00:58:00--027686]recv conta req 9.jpg! 
[2015-02-10 00:58:04--029482]recv conta req 13.jpg! 
[2015-02-10 00:58:08--031739]recv conta req 17.jpg! 
[2015-02-10 00:58:09--088376]9.jpg,MRKU3324814 45G1
[2015-02-10 00:58:10--086586]17.jpg,SEGU1445915 22G1
[2015-02-10 00:58:12--033792]recv conta req 21.jpg! 
[2015-02-10 00:58:12--460472]13.jpg,FSCU7372776 22G1
[2015-02-10 00:58:12--760957]21.jpg,TRLU8984373 22G1
[2015-02-10 00:58:16--038442]recv conta req 25.jpg! 
[2015-02-10 00:58:16--927304]25.jpg, 
[2015-02-10 00:58:20--037685]recv conta req 29.jpg! 
[2015-02-10 00:58:20--635354]29.jpg,SEGU9039975 45R1
[2015-02-10 00:58:24--041469]recv conta req 33.jpg! 
[2015-02-10 00:58:25--124885]33.jpg,PHLU2031555 22G1
[2015-02-10 00:58:28--044926]recv conta req 2.jpg! 
[2015-02-10 00:58:32--044135]2.jpg,GESU5520648 45G1
[2015-02-10 00:58:32--046905]recv conta req 6.jpg! 
[2015-02-10 00:58:34--367983]6.jpg,MRKU8566960 22G1
[2015-02-10 00:58:36--050580]recv conta req 10.jpg! 
[2015-02-10 00:58:40--052544]recv conta req 14.jpg! 
[2015-02-10 00:58:44--054158]recv conta req 18.jpg! 
[2015-02-10 00:58:45--598383]18.jpg,CRXU1866805 22G1
[2015-02-10 00:58:46--326792]10.jpg,CSLU1475718 22G1
[2015-02-10 00:58:47--260123]14.jpg,MRKU9670500 22G1
[2015-02-10 00:58:48--056319]recv conta req 22.jpg! 
[2015-02-10 00:58:48--664398]22.jpg,TCLU2873584 22G1
[2015-02-10 00:58:52--059078]recv conta req 26.jpg! 
[2015-02-10 00:58:52--746956]26.jpg,CRSU9147318 45G1
[2015-02-10 00:58:56--061218]recv conta req 30.jpg! 
[2015-02-10 00:58:56--680665]30.jpg,CMAU4559732 45G1
[2015-02-10 00:59:00--063237]recv conta req 34.jpg! 
[2015-02-10 00:59:00--774868]34.jpg,CMAU4555275 45G1
[2015-02-10 00:59:04--066202]recv conta req 3.jpg! 
[2015-02-10 00:59:07--841782]3.jpg,EITU1067234 45G1
[2015-02-10 00:59:08--070064]recv conta req 7.jpg! 
[2015-02-10 00:59:12--072719]recv conta req 11.jpg! 
[2015-02-10 00:59:16--074550]recv conta req 15.jpg! 
[2015-02-10 00:59:20--078736]recv conta req 19.jpg! 
[2015-02-10 00:59:21--461895]15.jpg,MAXU2423284 
[2015-02-10 00:59:21--524647]11.jpg,MSKU0004911 45G1
[2015-02-10 00:59:21--624689]7.jpg, 
[2015-02-10 00:59:21--856889]19.jpg,MSKU1685954 45G1
[2015-02-10 00:59:24--078959]recv conta req 23.jpg! 
[2015-02-10 00:59:24--692005]23.jpg,APHU6639762 45G1
[2015-02-10 00:59:28--081348]recv conta req 27.jpg! 
[2015-02-10 00:59:28--866879]27.jpg,MRKU0995640 42G1
[2015-02-10 00:59:32--084758]recv conta req 31.jpg! 
[2015-02-10 00:59:32--761266]31.jpg,WSDU4921322 45G1
[2015-02-10 00:59:36--087053]recv conta req 35.jpg! 
[2015-02-10 00:59:36--858249]35.jpg,WSDU4920250 45G1
[2015-02-10 00:59:40--089488]recv conta req 4.jpg! 
[2015-02-10 00:59:41--592864]4.jpg,MSKU4011903 22G1
[2015-02-10 00:59:44--093967]recv conta req 8.jpg! 
[2015-02-10 00:59:48--096434]recv conta req 12.jpg! 
[2015-02-10 00:59:49--512943]8.jpg,CCLU6287245 45G1
[2015-02-10 00:59:52--096133]recv conta req 16.jpg! 
[2015-02-10 00:59:53--729171]16.jpg,TEMU3075040 22G1
[2015-02-10 00:59:56--099013]recv conta req 20.jpg! 
[2015-02-10 00:59:57--622039]20.jpg,FCIU4591874 22G1
[2015-02-10 00:59:58--715465]12.jpg,MEDU1861156 22G1
[2015-02-10 01:00:00--101827]recv conta req 24.jpg! 
[2015-02-10 01:00:00--779057]24.jpg,SEGU1904022 22G1
[2015-02-10 01:00:04--104191]recv conta req 28.jpg! 
[2015-02-10 01:00:04--899507]28.jpg,FCIU8609740 45G1
[2015-02-10 01:00:08--105830]recv conta req 32.jpg! 
[2015-02-10 01:00:08--776920]32.jpg,CITU1173790 45G1
[2015-02-10 01:00:12--111326]recv conta req 1.jpg! 
[2015-02-10 01:00:14--041725]1.jpg,MSKU9550132 45G1
[2015-02-10 01:00:16--111012]recv conta req 5.jpg! 
[2015-02-10 01:00:18--871618]5.jpg,IIIU7???46? 22G1
[2015-02-10 01:00:20--115231]recv conta req 9.jpg! 
[2015-02-10 01:00:24--117151]recv conta req 13.jpg! 
[2015-02-10 01:00:28--118899]recv conta req 17.jpg! 
[2015-02-10 01:00:30--079001]9.jpg,MRKU3324814 45G1
[2015-02-10 01:00:30--961192]17.jpg,SEGU1445915 22G1
[2015-02-10 01:00:32--122151]recv conta req 21.jpg! 
[2015-02-10 01:00:33--103800]21.jpg,TRLU8984373 22G1
[2015-02-10 01:00:33--258523]13.jpg,FSCU7372776 22G1
[2015-02-10 01:00:36--123289]recv conta req 25.jpg! 
[2015-02-10 01:00:36--811581]25.jpg, 
[2015-02-10 01:00:40--125654]recv conta req 29.jpg! 
[2015-02-10 01:00:40--759336]29.jpg,SEGU9039975 45R1
[2015-02-10 01:00:44--128811]recv conta req 33.jpg! 
[2015-02-10 01:00:44--938645]33.jpg,PHLU2031555 22G1
[2015-02-10 01:00:48--131552]recv conta req 2.jpg! 
[2015-02-10 01:00:52--101646]2.jpg,GESU5520648 45G1
[2015-02-10 01:00:52--133217]recv conta req 6.jpg! 
[2015-02-10 01:00:54--570591]6.jpg,MRKU8566960 22G1
[2015-02-10 01:00:56--139415]recv conta req 10.jpg! 
[2015-02-10 01:01:00--140595]recv conta req 14.jpg! 
[2015-02-10 01:01:04--142385]recv conta req 18.jpg! 
[2015-02-10 01:01:05--887191]10.jpg,CSLU1475718 22G1
[2015-02-10 01:01:06--286275]18.jpg,CRXU1866805 22G1
[2015-02-10 01:01:08--121594]14.jpg,MRKU9670500 22G1
[2015-02-10 01:01:08--144205]recv conta req 22.jpg! 
[2015-02-10 01:01:08--779117]22.jpg,TCLU2873584 22G1
[2015-02-10 01:01:12--147549]recv conta req 26.jpg! 
[2015-02-10 01:01:12--886424]26.jpg,CRSU9147318 45G1
[2015-02-10 01:01:16--149791]recv conta req 30.jpg! 
[2015-02-10 01:01:16--772952]30.jpg,CMAU4559732 45G1
[2015-02-10 01:01:20--152359]recv conta req 34.jpg! 
[2015-02-10 01:01:20--897278]34.jpg,CMAU4555275 45G1
[2015-02-10 01:01:24--154328]recv conta req 3.jpg! 
[2015-02-10 01:01:27--999813]3.jpg,EITU1067234 45G1
[2015-02-10 01:01:28--159329]recv conta req 7.jpg! 
[2015-02-10 01:01:32--161402]recv conta req 11.jpg! 
[2015-02-10 01:01:36--165893]recv conta req 15.jpg! 
[2015-02-10 01:01:40--164173]recv conta req 19.jpg! 
[2015-02-10 01:01:41--072642]11.jpg,MSKU0004911 45G1
[2015-02-10 01:01:41--521316]15.jpg,MAXU2423284 
[2015-02-10 01:01:42--089492]19.jpg,MSKU1685954 45G1
[2015-02-10 01:01:43--403522]7.jpg, 
[2015-02-10 01:01:44--166696]recv conta req 23.jpg! 
[2015-02-10 01:01:44--821190]23.jpg,APHU6639762 45G1
[2015-02-10 01:01:48--168711]recv conta req 27.jpg! 
[2015-02-10 01:01:48--969432]27.jpg,MRKU0995640 42G1
[2015-02-10 01:01:52--171989]recv conta req 31.jpg! 
[2015-02-10 01:01:52--872902]31.jpg,WSDU4921322 45G1
[2015-02-10 01:01:56--174303]recv conta req 35.jpg! 
[2015-02-10 01:01:56--940235]35.jpg,WSDU4920250 45G1
[2015-02-10 01:02:00--176770]recv conta req 4.jpg! 
[2015-02-10 01:02:01--587963]4.jpg,MSKU4011903 22G1
[2015-02-10 01:02:04--181365]recv conta req 8.jpg! 
[2015-02-10 01:02:08--183511]recv conta req 12.jpg! 
[2015-02-10 01:02:10--120720]8.jpg,CCLU6287245 45G1
[2015-02-10 01:02:12--183173]recv conta req 16.jpg! 
[2015-02-10 01:02:14--142705]16.jpg,TEMU3075040 22G1
[2015-02-10 01:02:16--187671]recv conta req 20.jpg! 
[2015-02-10 01:02:17--578804]20.jpg,FCIU4591874 22G1
[2015-02-10 01:02:18--967136]12.jpg,MEDU1861156 22G1
[2015-02-10 01:02:20--189378]recv conta req 24.jpg! 
[2015-02-10 01:02:20--912859]24.jpg,SEGU1904022 22G1
[2015-02-10 01:02:24--191522]recv conta req 28.jpg! 
[2015-02-10 01:02:25--003593]28.jpg,FCIU8609740 45G1
[2015-02-10 01:02:28--193144]recv conta req 32.jpg! 
[2015-02-10 01:02:28--871475]32.jpg,CITU1173790 45G1
[2015-02-10 01:02:32--196748]recv conta req 1.jpg! 
[2015-02-10 01:02:33--982359]1.jpg,MSKU9550132 45G1
[2015-02-10 01:02:36--198427]recv conta req 5.jpg! 
[2015-02-10 01:02:39--054201]5.jpg,IIIU7???46? 22G1
[2015-02-10 01:02:40--203384]recv conta req 9.jpg! 
[2015-02-10 01:02:44--207791]recv conta req 13.jpg! 
[2015-02-10 01:02:48--075712]9.jpg,MRKU3324814 45G1
[2015-02-10 01:02:48--206068]recv conta req 17.jpg! 
[2015-02-10 01:02:50--366544]17.jpg,SEGU1445915 22G1
[2015-02-10 01:02:52--208883]recv conta req 21.jpg! 
[2015-02-10 01:02:53--027756]13.jpg,FSCU7372776 22G1
[2015-02-10 01:02:53--276119]21.jpg,TRLU8984373 22G1
[2015-02-10 01:02:56--211320]recv conta req 25.jpg! 
[2015-02-10 01:02:56--875705]25.jpg, 
[2015-02-10 01:03:00--212747]recv conta req 29.jpg! 
[2015-02-10 01:03:00--833448]29.jpg,SEGU9039975 45R1
[2015-02-10 01:03:04--216450]recv conta req 33.jpg! 
[2015-02-10 01:03:05--073928]33.jpg,PHLU2031555 22G1
[2015-02-10 01:03:08--217993]recv conta req 2.jpg! 
[2015-02-10 01:03:12--111364]2.jpg,GESU5520648 45G1
[2015-02-10 01:03:12--220380]recv conta req 6.jpg! 
[2015-02-10 01:03:14--643356]6.jpg,MRKU8566960 22G1
[2015-02-10 01:03:16--225049]recv conta req 10.jpg! 
[2015-02-10 01:03:20--252773]recv conta req 14.jpg! 
[2015-02-10 01:03:24--253196]recv conta req 18.jpg! 
[2015-02-10 01:03:26--153159]10.jpg,CSLU1475718 22G1
[2015-02-10 01:03:26--529012]18.jpg,CRXU1866805 22G1
[2015-02-10 01:03:28--254856]recv conta req 22.jpg! 
[2015-02-10 01:03:28--788787]14.jpg,MRKU9670500 22G1
[2015-02-10 01:03:28--953006]22.jpg,TCLU2873584 22G1
[2015-02-10 01:03:32--258731]recv conta req 26.jpg! 
[2015-02-10 01:03:33--203551]26.jpg,CRSU9147318 45G1
[2015-02-10 01:03:36--260709]recv conta req 30.jpg! 
[2015-02-10 01:03:36--896847]30.jpg,CMAU4559732 45G1
[2015-02-10 01:03:40--263249]recv conta req 34.jpg! 
[2015-02-10 01:03:41--013332]34.jpg,CMAU4555275 45G1
[2015-02-10 01:03:44--265287]recv conta req 3.jpg! 
[2015-02-10 01:03:48--160338]3.jpg,EITU1067234 45G1
[2015-02-10 01:03:48--270174]recv conta req 7.jpg! 
[2015-02-10 01:03:52--274475]recv conta req 11.jpg! 
[2015-02-10 01:03:56--273841]recv conta req 15.jpg! 
[2015-02-10 01:04:00--274788]recv conta req 19.jpg! 
[2015-02-10 01:04:01--677844]7.jpg, 
[2015-02-10 01:04:01--717277]11.jpg,MSKU0004911 45G1
[2015-02-10 01:04:02--027295]15.jpg,MAXU2423284 
[2015-02-10 01:04:02--120597]19.jpg,MSKU1685954 45G1
[2015-02-10 01:04:04--277392]recv conta req 23.jpg! 
[2015-02-10 01:04:04--927437]23.jpg,APHU6639762 45G1
[2015-02-10 01:04:08--279694]recv conta req 27.jpg! 
[2015-02-10 01:04:09--098333]27.jpg,MRKU0995640 42G1
[2015-02-10 01:04:12--282909]recv conta req 31.jpg! 
[2015-02-10 01:04:12--985445]31.jpg,WSDU4921322 45G1
[2015-02-10 01:04:16--284448]recv conta req 35.jpg! 
[2015-02-10 01:04:17--067470]35.jpg,WSDU4920250 45G1
[2015-02-10 01:04:20--287537]recv conta req 4.jpg! 
[2015-02-10 01:04:21--844231]4.jpg,MSKU4011903 22G1
[2015-02-10 01:04:24--292092]recv conta req 8.jpg! 
[2015-02-10 01:04:28--294227]recv conta req 12.jpg! 
[2015-02-10 01:04:30--570298]8.jpg,CCLU6287245 45G1
[2015-02-10 01:04:32--294271]recv conta req 16.jpg! 
[2015-02-10 01:04:34--315992]16.jpg,TEMU3075040 22G1
[2015-02-10 01:04:36--299448]recv conta req 20.jpg! 
[2015-02-10 01:04:37--723352]20.jpg,FCIU4591874 22G1
[2015-02-10 01:04:38--777634]12.jpg,MEDU1861156 22G1
[2015-02-10 01:04:40--300021]recv conta req 24.jpg! 
[2015-02-10 01:04:41--010914]24.jpg,SEGU1904022 22G1
[2015-02-10 01:04:44--302339]recv conta req 28.jpg! 
[2015-02-10 01:04:45--138138]28.jpg,FCIU8609740 45G1
[2015-02-10 01:04:48--304024]recv conta req 32.jpg! 
[2015-02-10 01:04:48--989330]32.jpg,CITU1173790 45G1
[2015-02-10 01:04:52--307626]recv conta req 1.jpg! 
[2015-02-10 01:04:54--065180]1.jpg,MSKU9550132 45G1
[2015-02-10 01:04:56--309289]recv conta req 5.jpg! 
[2015-02-10 01:04:59--174512]5.jpg,IIIU7???46? 22G1
[2015-02-10 01:05:00--313737]recv conta req 9.jpg! 
[2015-02-10 01:05:04--317239]recv conta req 13.jpg! 
[2015-02-10 01:05:08--317697]recv conta req 17.jpg! 
[2015-02-10 01:05:10--182164]9.jpg,MRKU3324814 45G1
[2015-02-10 01:05:10--754908]17.jpg,SEGU1445915 22G1
[2015-02-10 01:05:12--320645]recv conta req 21.jpg! 
[2015-02-10 01:05:12--840650]13.jpg,FSCU7372776 22G1
[2015-02-10 01:05:13--320345]21.jpg,TRLU8984373 22G1
[2015-02-10 01:05:16--322089]recv conta req 25.jpg! 
[2015-02-10 01:05:16--998989]25.jpg, 
[2015-02-10 01:05:20--324403]recv conta req 29.jpg! 
[2015-02-10 01:05:20--976154]29.jpg,SEGU9039975 45R1
[2015-02-10 01:05:24--327511]recv conta req 33.jpg! 
[2015-02-10 01:05:25--228262]33.jpg,PHLU2031555 22G1
[2015-02-10 01:05:28--330293]recv conta req 2.jpg! 
[2015-02-10 01:05:32--270135]2.jpg,GESU5520648 45G1
[2015-02-10 01:05:32--331878]recv conta req 6.jpg! 
[2015-02-10 01:05:34--803504]6.jpg,MRKU8566960 22G1
[2015-02-10 01:05:36--336562]recv conta req 10.jpg! 
[2015-02-10 01:05:40--337807]recv conta req 14.jpg! 
[2015-02-10 01:05:44--340061]recv conta req 18.jpg! 
[2015-02-10 01:05:46--255507]18.jpg,CRXU1866805 22G1
[2015-02-10 01:05:47--130142]10.jpg,CSLU1475718 22G1
[2015-02-10 01:05:47--937467]14.jpg,MRKU9670500 22G1
[2015-02-10 01:05:48--342740]recv conta req 22.jpg! 
[2015-02-10 01:05:49--026859]22.jpg,TCLU2873584 22G1
[2015-02-10 01:05:52--344830]recv conta req 26.jpg! 
[2015-02-10 01:05:53--124025]26.jpg,CRSU9147318 45G1
[2015-02-10 01:05:56--349002]recv conta req 30.jpg! 
[2015-02-10 01:05:57--006471]30.jpg,CMAU4559732 45G1
[2015-02-10 01:06:00--353219]recv conta req 34.jpg! 
[2015-02-10 01:06:01--140984]34.jpg,CMAU4555275 45G1
[2015-02-10 01:06:04--356939]recv conta req 3.jpg! 
[2015-02-10 01:06:08--197973]3.jpg,EITU1067234 45G1
[2015-02-10 01:06:08--364106]recv conta req 7.jpg! 
[2015-02-10 01:06:12--367721]recv conta req 11.jpg! 
[2015-02-10 01:06:16--371227]recv conta req 15.jpg! 
[2015-02-10 01:06:20--178424]11.jpg,MSKU0004911 45G1
[2015-02-10 01:06:20--372710]recv conta req 19.jpg! 
[2015-02-10 01:06:22--071768]19.jpg,MSKU1685954 45G1
[2015-02-10 01:06:22--209053]15.jpg,MAXU2423284 
[2015-02-10 01:06:22--683568]7.jpg, 
[2015-02-10 01:06:24--377557]recv conta req 23.jpg! 
[2015-02-10 01:06:25--067260]23.jpg,APHU6639762 45G1
[2015-02-10 01:06:28--381486]recv conta req 27.jpg! 
[2015-02-10 01:06:29--191682]27.jpg,MRKU0995640 42G1
[2015-02-10 01:06:32--386299]recv conta req 31.jpg! 
[2015-02-10 01:06:33--082538]31.jpg,WSDU4921322 45G1
[2015-02-10 01:06:36--390472]recv conta req 35.jpg! 
[2015-02-10 01:06:37--146279]35.jpg,WSDU4920250 45G1
[2015-02-10 01:06:40--394665]recv conta req 4.jpg! 
[2015-02-10 01:06:41--959267]4.jpg,MSKU4011903 22G1
[2015-02-10 01:06:44--401138]recv conta req 8.jpg! 
[2015-02-10 01:06:48--404665]recv conta req 12.jpg! 
[2015-02-10 01:06:50--145075]8.jpg,CCLU6287245 45G1
[2015-02-10 01:06:52--407540]recv conta req 16.jpg! 
[2015-02-10 01:06:54--460321]16.jpg,TEMU3075040 22G1
[2015-02-10 01:06:56--412207]recv conta req 20.jpg! 
[2015-02-10 01:06:58--161607]20.jpg,FCIU4591874 22G1
[2015-02-10 01:06:59--564769]12.jpg,MEDU1861156 22G1
[2015-02-10 01:07:00--414961]recv conta req 24.jpg! 
[2015-02-10 01:07:01--086388]24.jpg,SEGU1904022 22G1
[2015-02-10 01:07:04--417850]recv conta req 28.jpg! 
[2015-02-10 01:07:05--235742]28.jpg,FCIU8609740 45G1
[2015-02-10 01:07:08--420934]recv conta req 32.jpg! 
[2015-02-10 01:07:09--105904]32.jpg,CITU1173790 45G1
[2015-02-10 01:07:12--426540]recv conta req 1.jpg! 
[2015-02-10 01:07:14--186691]1.jpg,MSKU9550132 45G1
[2015-02-10 01:07:16--428710]recv conta req 5.jpg! 
[2015-02-10 01:07:19--323455]5.jpg,IIIU7???46? 22G1
[2015-02-10 01:07:20--435313]recv conta req 9.jpg! 
[2015-02-10 01:07:24--438888]recv conta req 13.jpg! 
[2015-02-10 01:07:28--443153]recv conta req 17.jpg! 
[2015-02-10 01:07:30--845324]17.jpg,SEGU1445915 22G1
[2015-02-10 01:07:31--338188]9.jpg,MRKU3324814 45G1
[2015-02-10 01:07:32--448712]recv conta req 21.jpg! 
[2015-02-10 01:07:32--688911]13.jpg,FSCU7372776 22G1
[2015-02-10 01:07:33--381050]21.jpg,TRLU8984373 22G1
[2015-02-10 01:07:36--449783]recv conta req 25.jpg! 
[2015-02-10 01:07:37--112346]25.jpg, 
[2015-02-10 01:07:40--453356]recv conta req 29.jpg! 
[2015-02-10 01:07:41--077844]29.jpg,SEGU9039975 45R1
[2015-02-10 01:07:44--458318]recv conta req 33.jpg! 
[2015-02-10 01:07:45--396672]33.jpg,PHLU2031555 22G1
[2015-02-10 01:07:48--463168]recv conta req 2.jpg! 
[2015-02-10 01:07:52--297247]2.jpg,GESU5520648 45G1
[2015-02-10 01:07:52--468157]recv conta req 6.jpg! 
[2015-02-10 01:07:54--945487]6.jpg,MRKU8566960 22G1
[2015-02-10 01:07:56--474709]recv conta req 10.jpg! 
[2015-02-10 01:08:00--477371]recv conta req 14.jpg! 
[2015-02-10 01:08:04--483653]recv conta req 18.jpg! 
[2015-02-10 01:08:06--105415]18.jpg,CRXU1866805 22G1
[2015-02-10 01:08:07--856992]10.jpg,CSLU1475718 22G1
[2015-02-10 01:08:08--483372]recv conta req 22.jpg! 
[2015-02-10 01:08:08--801300]14.jpg,MRKU9670500 22G1
[2015-02-10 01:08:09--185582]22.jpg,TCLU2873584 22G1
[2015-02-10 01:08:12--488369]recv conta req 26.jpg! 
[2015-02-10 01:08:13--213766]26.jpg,CRSU9147318 45G1
[2015-02-10 01:08:16--491229]recv conta req 30.jpg! 
[2015-02-10 01:08:17--129567]30.jpg,CMAU4559732 45G1
[2015-02-10 01:08:20--493764]recv conta req 34.jpg! 
[2015-02-10 01:08:21--227293]34.jpg,CMAU4555275 45G1
[2015-02-10 01:08:24--497340]recv conta req 3.jpg! 
[2015-02-10 01:08:28--260743]3.jpg,EITU1067234 45G1
[2015-02-10 01:08:28--504236]recv conta req 7.jpg! 
[2015-02-10 01:08:32--505530]recv conta req 11.jpg! 
[2015-02-10 01:08:36--507719]recv conta req 15.jpg! 
[2015-02-10 01:08:40--518188]recv conta req 19.jpg! 
[2015-02-10 01:08:40--961954]7.jpg, 
[2015-02-10 01:08:42--144348]15.jpg,MAXU2423284 
[2015-02-10 01:08:42--155109]11.jpg,MSKU0004911 45G1
[2015-02-10 01:08:42--155898]19.jpg,MSKU1685954 45G1
[2015-02-10 01:08:44--513120]recv conta req 23.jpg! 
[2015-02-10 01:08:45--151777]23.jpg,APHU6639762 45G1
[2015-02-10 01:08:48--517194]recv conta req 27.jpg! 
[2015-02-10 01:08:49--404244]27.jpg,MRKU0995640 42G1
[2015-02-10 01:08:52--522765]recv conta req 31.jpg! 
[2015-02-10 01:08:53--270106]31.jpg,WSDU4921322 45G1
[2015-02-10 01:08:56--527077]recv conta req 35.jpg! 
[2015-02-10 01:08:57--301987]35.jpg,WSDU4920250 45G1
[2015-02-10 01:09:00--532166]recv conta req 4.jpg! 
[2015-02-10 01:09:02--082310]4.jpg,MSKU4011903 22G1
[2015-02-10 01:09:04--542790]recv conta req 8.jpg! 
[2015-02-10 01:09:08--544352]recv conta req 12.jpg! 
[2015-02-10 01:09:10--385695]8.jpg,CCLU6287245 45G1
[2015-02-10 01:09:12--545728]recv conta req 16.jpg! 
[2015-02-10 01:09:14--405549]16.jpg,TEMU3075040 22G1
[2015-02-10 01:09:16--550995]recv conta req 20.jpg! 
[2015-02-10 01:09:17--655818]20.jpg,FCIU4591874 22G1
[2015-02-10 01:09:19--226603]12.jpg,MEDU1861156 22G1
[2015-02-10 01:09:20--554123]recv conta req 24.jpg! 
[2015-02-10 01:09:21--215570]24.jpg,SEGU1904022 22G1
[2015-02-10 01:09:24--558359]recv conta req 28.jpg! 
[2015-02-10 01:09:25--372479]28.jpg,FCIU8609740 45G1
[2015-02-10 01:09:28--561335]recv conta req 32.jpg! 
[2015-02-10 01:09:29--243532]32.jpg,CITU1173790 45G1
[2015-02-10 01:09:32--566788]recv conta req 1.jpg! 
[2015-02-10 01:09:34--271266]1.jpg,MSKU9550132 45G1
[2015-02-10 01:09:36--569434]recv conta req 5.jpg! 
[2015-02-10 01:09:39--333079]5.jpg,IIIU7???46? 22G1
[2015-02-10 01:09:40--577639]recv conta req 9.jpg! 
[2015-02-10 01:09:44--579728]recv conta req 13.jpg! 
[2015-02-10 01:09:48--064859]9.jpg,MRKU3324814 45G1
[2015-02-10 01:09:48--581767]recv conta req 17.jpg! 
[2015-02-10 01:09:50--629666]17.jpg,SEGU1445915 22G1
[2015-02-10 01:09:52--585938]recv conta req 21.jpg! 
[2015-02-10 01:09:53--267043]13.jpg,FSCU7372776 22G1
[2015-02-10 01:09:53--543143]21.jpg,TRLU8984373 22G1
[2015-02-10 01:09:56--588619]recv conta req 25.jpg! 
[2015-02-10 01:09:57--215699]25.jpg, 
[2015-02-10 01:10:00--591587]recv conta req 29.jpg! 
[2015-02-10 01:10:01--215519]29.jpg,SEGU9039975 45R1
[2015-02-10 01:10:04--596261]recv conta req 33.jpg! 
[2015-02-10 01:10:05--528925]33.jpg,PHLU2031555 22G1
[2015-02-10 01:10:08--600764]recv conta req 2.jpg! 
[2015-02-10 01:10:12--449707]2.jpg,GESU5520648 45G1
[2015-02-10 01:10:12--604645]recv conta req 6.jpg! 
[2015-02-10 01:10:15--057333]6.jpg,MRKU8566960 22G1
[2015-02-10 01:10:16--610315]recv conta req 10.jpg! 
[2015-02-10 01:10:20--612268]recv conta req 14.jpg! 
[2015-02-10 01:10:24--615808]recv conta req 18.jpg! 
[2015-02-10 01:10:26--116613]18.jpg,CRXU1866805 22G1
[2015-02-10 01:10:26--345649]10.jpg,CSLU1475718 22G1
[2015-02-10 01:10:28--299832]14.jpg,MRKU9670500 22G1
[2015-02-10 01:10:28--618101]recv conta req 22.jpg! 
[2015-02-10 01:10:29--252898]22.jpg,TCLU2873584 22G1
[2015-02-10 01:10:32--622616]recv conta req 26.jpg! 
[2015-02-10 01:10:33--326792]26.jpg,CRSU9147318 45G1
[2015-02-10 01:10:36--626579]recv conta req 30.jpg! 
[2015-02-10 01:10:37--231815]30.jpg,CMAU4559732 45G1
[2015-02-10 01:10:40--631125]recv conta req 34.jpg! 
[2015-02-10 01:10:41--381874]34.jpg,CMAU4555275 45G1
[2015-02-10 01:10:44--634716]recv conta req 3.jpg! 
[2015-02-10 01:10:48--557317]3.jpg,EITU1067234 45G1
[2015-02-10 01:10:48--641906]recv conta req 7.jpg! 
[2015-02-10 01:10:52--645906]recv conta req 11.jpg! 
[2015-02-10 01:10:56--647089]recv conta req 15.jpg! 
[2015-02-10 01:11:00--648948]recv conta req 19.jpg! 
[2015-02-10 01:11:02--114293]7.jpg, 
[2015-02-10 01:11:02--158757]11.jpg,MSKU0004911 45G1
[2015-02-10 01:11:02--297129]19.jpg,MSKU1685954 45G1
[2015-02-10 01:11:02--465198]15.jpg,MAXU2423284 
[2015-02-10 01:11:04--653432]recv conta req 23.jpg! 
[2015-02-10 01:11:05--280815]23.jpg,APHU6639762 45G1
[2015-02-10 01:11:08--656481]recv conta req 27.jpg! 
[2015-02-10 01:11:09--510544]27.jpg,MRKU0995640 42G1
[2015-02-10 01:11:12--661107]recv conta req 31.jpg! 
[2015-02-10 01:11:13--326763]31.jpg,WSDU4921322 45G1
[2015-02-10 01:11:16--665613]recv conta req 35.jpg! 
[2015-02-10 01:11:17--453624]35.jpg,WSDU4920250 45G1
[2015-02-10 01:11:20--668600]recv conta req 4.jpg! 
[2015-02-10 01:11:22--145855]4.jpg,MSKU4011903 22G1
[2015-02-10 01:11:24--674148]recv conta req 8.jpg! 
[2015-02-10 01:11:28--678561]recv conta req 12.jpg! 
[2015-02-10 01:11:30--369812]8.jpg,CCLU6287245 45G1
[2015-02-10 01:11:32--680023]recv conta req 16.jpg! 
[2015-02-10 01:11:34--258920]16.jpg,TEMU3075040 22G1
[2015-02-10 01:11:36--683473]recv conta req 20.jpg! 
[2015-02-10 01:11:38--228414]20.jpg,FCIU4591874 22G1
[2015-02-10 01:11:39--219473]12.jpg,MEDU1861156 22G1
[2015-02-10 01:11:40--687703]recv conta req 24.jpg! 
[2015-02-10 01:11:41--373626]24.jpg,SEGU1904022 22G1
[2015-02-10 01:11:44--691125]recv conta req 28.jpg! 
[2015-02-10 01:11:45--538455]28.jpg,FCIU8609740 45G1
[2015-02-10 01:11:48--695868]recv conta req 32.jpg! 
[2015-02-10 01:11:49--381465]32.jpg,CITU1173790 45G1
[2015-02-10 01:11:52--702006]recv conta req 1.jpg! 
[2015-02-10 01:11:54--396260]1.jpg,MSKU9550132 45G1
[2015-02-10 01:11:56--705979]recv conta req 5.jpg! 
[2015-02-10 01:11:59--377039]5.jpg,IIIU7???46? 22G1
[2015-02-10 01:12:00--711738]recv conta req 9.jpg! 
[2015-02-10 01:12:04--718132]recv conta req 13.jpg! 
[2015-02-10 01:12:08--719635]recv conta req 17.jpg! 
[2015-02-10 01:12:10--866740]9.jpg,MRKU3324814 45G1
[2015-02-10 01:12:11--328456]17.jpg,SEGU1445915 22G1
[2015-02-10 01:12:12--721428]recv conta req 21.jpg! 
[2015-02-10 01:12:13--730864]21.jpg,TRLU8984373 22G1
[2015-02-10 01:12:14--170394]13.jpg,FSCU7372776 22G1
[2015-02-10 01:12:16--725997]recv conta req 25.jpg! 
[2015-02-10 01:12:17--330440]25.jpg, 
[2015-02-10 01:12:20--729483]recv conta req 29.jpg! 
[2015-02-10 01:12:21--308611]29.jpg,SEGU9039975 45R1
[2015-02-10 01:12:24--734727]recv conta req 33.jpg! 
[2015-02-10 01:12:25--525743]33.jpg,PHLU2031555 22G1
[2015-02-10 01:12:28--740033]recv conta req 2.jpg! 
[2015-02-10 01:12:32--634742]2.jpg,GESU5520648 45G1
[2015-02-10 01:12:32--743725]recv conta req 6.jpg! 
[2015-02-10 01:12:35--074041]6.jpg,MRKU8566960 22G1
[2015-02-10 01:12:36--752811]recv conta req 10.jpg! 
[2015-02-10 01:12:40--755575]recv conta req 14.jpg! 
[2015-02-10 01:12:44--757078]recv conta req 18.jpg! 
[2015-02-10 01:12:46--593412]18.jpg,CRXU1866805 22G1
[2015-02-10 01:12:48--015332]10.jpg,CSLU1475718 22G1
[2015-02-10 01:12:48--761255]recv conta req 22.jpg! 
[2015-02-10 01:12:48--912167]14.jpg,MRKU9670500 22G1
[2015-02-10 01:12:49--434025]22.jpg,TCLU2873584 22G1
[2015-02-10 01:12:52--765281]recv conta req 26.jpg! 
[2015-02-10 01:12:53--451467]26.jpg,CRSU9147318 45G1
[2015-02-10 01:12:56--769546]recv conta req 30.jpg! 
[2015-02-10 01:12:57--357767]30.jpg,CMAU4559732 45G1
[2015-02-10 01:13:00--773501]recv conta req 34.jpg! 
[2015-02-10 01:13:01--510677]34.jpg,CMAU4555275 45G1
[2015-02-10 01:13:04--778031]recv conta req 3.jpg! 
[2015-02-10 01:13:08--521176]3.jpg,EITU1067234 45G1
[2015-02-10 01:13:08--784350]recv conta req 7.jpg! 
[2015-02-10 01:13:12--789443]recv conta req 11.jpg! 
[2015-02-10 01:13:16--789845]recv conta req 15.jpg! 
[2015-02-10 01:13:20--797013]recv conta req 19.jpg! 
[2015-02-10 01:13:21--717121]15.jpg,MAXU2423284 
[2015-02-10 01:13:22--252083]19.jpg,MSKU1685954 45G1
[2015-02-10 01:13:22--425265]11.jpg,MSKU0004911 45G1
[2015-02-10 01:13:23--338732]7.jpg, 
[2015-02-10 01:13:24--798758]recv conta req 23.jpg! 
[2015-02-10 01:13:25--401151]23.jpg,APHU6639762 45G1
[2015-02-10 01:13:28--802280]recv conta req 27.jpg! 
[2015-02-10 01:13:29--592177]27.jpg,MRKU0995640 42G1
[2015-02-10 01:13:32--806463]recv conta req 31.jpg! 
[2015-02-10 01:13:33--461353]31.jpg,WSDU4921322 45G1
[2015-02-10 01:13:36--808077]recv conta req 35.jpg! 
[2015-02-10 01:13:37--552590]35.jpg,WSDU4920250 45G1
[2015-02-10 01:13:40--811797]recv conta req 4.jpg! 
[2015-02-10 01:13:42--166889]4.jpg,MSKU4011903 22G1
[2015-02-10 01:13:44--817625]recv conta req 8.jpg! 
[2015-02-10 01:13:48--821904]recv conta req 12.jpg! 
[2015-02-10 01:13:50--527414]8.jpg,CCLU6287245 45G1
[2015-02-10 01:13:52--822652]recv conta req 16.jpg! 
[2015-02-10 01:13:54--892313]16.jpg,TEMU3075040 22G1
[2015-02-10 01:13:56--826897]recv conta req 20.jpg! 
[2015-02-10 01:13:58--168814]20.jpg,FCIU4591874 22G1
[2015-02-10 01:13:59--547170]12.jpg,MEDU1861156 22G1
[2015-02-10 01:14:00--830059]recv conta req 24.jpg! 
[2015-02-10 01:14:01--439490]24.jpg,SEGU1904022 22G1
[2015-02-10 01:14:04--833792]recv conta req 28.jpg! 
[2015-02-10 01:14:05--751335]28.jpg,FCIU8609740 45G1
[2015-02-10 01:14:08--836577]recv conta req 32.jpg! 
[2015-02-10 01:14:09--491552]32.jpg,CITU1173790 45G1
[2015-02-10 01:14:12--839622]recv conta req 1.jpg! 
[2015-02-10 01:14:14--548322]1.jpg,MSKU9550132 45G1
[2015-02-10 01:14:16--843272]recv conta req 5.jpg! 
[2015-02-10 01:14:19--546280]5.jpg,IIIU7???46? 22G1
[2015-02-10 01:14:20--848851]recv conta req 9.jpg! 
[2015-02-10 01:14:24--853001]recv conta req 13.jpg! 
[2015-02-10 01:14:28--853301]recv conta req 17.jpg! 
[2015-02-10 01:14:30--528638]9.jpg,MRKU3324814 45G1
[2015-02-10 01:14:30--907505]17.jpg,SEGU1445915 22G1
[2015-02-10 01:14:32--857237]recv conta req 21.jpg! 
[2015-02-10 01:14:33--163157]13.jpg,FSCU7372776 22G1
[2015-02-10 01:14:33--776859]21.jpg,TRLU8984373 22G1
[2015-02-10 01:14:36--859271]recv conta req 25.jpg! 
[2015-02-10 01:14:37--450843]25.jpg, 
[2015-02-10 01:14:40--862171]recv conta req 29.jpg! 
[2015-02-10 01:14:41--447431]29.jpg,SEGU9039975 45R1
[2015-02-10 01:14:44--865271]recv conta req 33.jpg! 
[2015-02-10 01:14:45--763376]33.jpg,PHLU2031555 22G1
[2015-02-10 01:14:48--869910]recv conta req 2.jpg! 
[2015-02-10 01:14:52--749943]2.jpg,GESU5520648 45G1
[2015-02-10 01:14:52--873298]recv conta req 6.jpg! 
[2015-02-10 01:14:55--133831]6.jpg,MRKU8566960 22G1
[2015-02-10 01:14:56--877745]recv conta req 10.jpg! 
[2015-02-10 01:15:00--885689]recv conta req 14.jpg! 
[2015-02-10 01:15:04--884189]recv conta req 18.jpg! 
[2015-02-10 01:15:06--354936]18.jpg,CRXU1866805 22G1
[2015-02-10 01:15:07--865755]10.jpg,CSLU1475718 22G1
[2015-02-10 01:15:08--491304]14.jpg,MRKU9670500 22G1
[2015-02-10 01:15:08--925954]recv conta req 22.jpg! 
[2015-02-10 01:15:09--522378]22.jpg,TCLU2873584 22G1
[2015-02-10 01:15:12--888823]recv conta req 26.jpg! 
[2015-02-10 01:15:13--575460]26.jpg,CRSU9147318 45G1
[2015-02-10 01:15:16--891533]recv conta req 30.jpg! 
[2015-02-10 01:15:17--476264]30.jpg,CMAU4559732 45G1
[2015-02-10 01:15:20--894133]recv conta req 34.jpg! 
[2015-02-10 01:15:21--624187]34.jpg,CMAU4555275 45G1
[2015-02-10 01:15:24--897154]recv conta req 3.jpg! 
[2015-02-10 01:15:28--697176]3.jpg,EITU1067234 45G1
[2015-02-10 01:15:28--903007]recv conta req 7.jpg! 
[2015-02-10 01:15:32--907815]recv conta req 11.jpg! 
[2015-02-10 01:15:36--910958]recv conta req 15.jpg! 
[2015-02-10 01:15:40--772002]11.jpg,MSKU0004911 45G1
[2015-02-10 01:15:40--910324]recv conta req 19.jpg! 
[2015-02-10 01:15:41--223985]7.jpg, 
[2015-02-10 01:15:42--645154]15.jpg,MAXU2423284 
[2015-02-10 01:15:42--693376]19.jpg,MSKU1685954 45G1
[2015-02-10 01:15:44--913947]recv conta req 23.jpg! 
[2015-02-10 01:15:45--508006]23.jpg,APHU6639762 45G1
[2015-02-10 01:15:48--916782]recv conta req 27.jpg! 
[2015-02-10 01:15:49--723802]27.jpg,MRKU0995640 42G1
[2015-02-10 01:15:52--918770]recv conta req 31.jpg! 
[2015-02-10 01:15:53--613729]31.jpg,WSDU4921322 45G1
[2015-02-10 01:15:56--921554]recv conta req 35.jpg! 
[2015-02-10 01:15:57--678936]35.jpg,WSDU4920250 45G1
[2015-02-10 01:16:00--924087]recv conta req 4.jpg! 
[2015-02-10 01:16:02--339496]4.jpg,MSKU4011903 22G1
[2015-02-10 01:16:04--928932]recv conta req 8.jpg! 
[2015-02-10 01:16:08--933871]recv conta req 12.jpg! 
[2015-02-10 01:16:12--128033]8.jpg,CCLU6287245 45G1
[2015-02-10 01:16:12--932237]recv conta req 16.jpg! 
[2015-02-10 01:16:14--790347]16.jpg,TEMU3075040 22G1
[2015-02-10 01:16:16--936816]recv conta req 20.jpg! 
[2015-02-10 01:16:18--304301]20.jpg,FCIU4591874 22G1
[2015-02-10 01:16:19--274336]12.jpg,MEDU1861156 22G1
[2015-02-10 01:16:20--937797]recv conta req 24.jpg! 
[2015-02-10 01:16:21--582248]24.jpg,SEGU1904022 22G1
[2015-02-10 01:16:24--940768]recv conta req 28.jpg! 
[2015-02-10 01:16:25--693632]28.jpg,FCIU8609740 45G1
[2015-02-10 01:16:28--943086]recv conta req 32.jpg! 
[2015-02-10 01:16:29--609047]32.jpg,CITU1173790 45G1
[2015-02-10 01:16:32--946050]recv conta req 1.jpg! 
[2015-02-10 01:16:34--623400]1.jpg,MSKU9550132 45G1
[2015-02-10 01:16:36--949884]recv conta req 5.jpg! 
[2015-02-10 01:16:39--807826]5.jpg,IIIU7???46? 22G1
[2015-02-10 01:16:40--952548]recv conta req 9.jpg! 
[2015-02-10 01:16:44--957941]recv conta req 13.jpg! 
[2015-02-10 01:16:48--958920]recv conta req 17.jpg! 
[2015-02-10 01:16:50--208784]9.jpg,MRKU3324814 45G1
[2015-02-10 01:16:51--553166]17.jpg,SEGU1445915 22G1
[2015-02-10 01:16:52--961768]recv conta req 21.jpg! 
[2015-02-10 01:16:53--686513]13.jpg,FSCU7372776 22G1
[2015-02-10 01:16:54--036368]21.jpg,TRLU8984373 22G1
[2015-02-10 01:16:56--963216]recv conta req 25.jpg! 
[2015-02-10 01:16:57--583524]25.jpg, 
[2015-02-10 01:17:00--966324]recv conta req 29.jpg! 
[2015-02-10 01:17:01--568111]29.jpg,SEGU9039975 45R1
[2015-02-10 01:17:04--968348]recv conta req 33.jpg! 
[2015-02-10 01:17:05--856736]33.jpg,PHLU2031555 22G1
[2015-02-10 01:17:08--971851]recv conta req 2.jpg! 
[2015-02-10 01:17:12--845162]2.jpg,GESU5520648 45G1
[2015-02-10 01:17:12--974360]recv conta req 6.jpg! 
[2015-02-10 01:17:15--252229]6.jpg,MRKU8566960 22G1
[2015-02-10 01:17:16--981909]recv conta req 10.jpg! 
[2015-02-10 01:17:20--980183]recv conta req 14.jpg! 
[2015-02-10 01:17:24--983614]recv conta req 18.jpg! 
[2015-02-10 01:17:26--769979]18.jpg,CRXU1866805 22G1
[2015-02-10 01:17:28--221176]10.jpg,CSLU1475718 22G1
[2015-02-10 01:17:28--985411]recv conta req 22.jpg! 
[2015-02-10 01:17:29--117980]14.jpg,MRKU9670500 22G1
[2015-02-10 01:17:29--633349]22.jpg,TCLU2873584 22G1
[2015-02-10 01:17:32--985524]recv conta req 26.jpg! 
[2015-02-10 01:17:33--664226]26.jpg,CRSU9147318 45G1
[2015-02-10 01:17:36--988000]recv conta req 30.jpg! 
[2015-02-10 01:17:37--584622]30.jpg,CMAU4559732 45G1
[2015-02-10 01:17:40--990351]recv conta req 34.jpg! 
[2015-02-10 01:17:41--749667]34.jpg,CMAU4555275 45G1
[2015-02-10 01:17:44--993641]recv conta req 3.jpg! 
[2015-02-10 01:17:48--700596]3.jpg,EITU1067234 45G1
[2015-02-10 01:17:48--998104]recv conta req 7.jpg! 
[2015-02-10 01:17:53--000188]recv conta req 11.jpg! 
[2015-02-10 01:17:57--003512]recv conta req 15.jpg! 
[2015-02-10 01:18:01--004743]recv conta req 19.jpg! 
[2015-02-10 01:18:01--984582]7.jpg, 
[2015-02-10 01:18:02--690466]19.jpg,MSKU1685954 45G1
[2015-02-10 01:18:02--806619]11.jpg,MSKU0004911 45G1
[2015-02-10 01:18:02--934779]15.jpg,MAXU2423284 
[2015-02-10 01:18:05--007528]recv conta req 23.jpg! 
[2015-02-10 01:18:05--723313]23.jpg,APHU6639762 45G1
[2015-02-10 01:18:09--009580]recv conta req 27.jpg! 
[2015-02-10 01:18:09--808755]27.jpg,MRKU0995640 42G1
[2015-02-10 01:18:13--011623]recv conta req 31.jpg! 
[2015-02-10 01:18:13--690844]31.jpg,WSDU4921322 45G1
[2015-02-10 01:18:17--013774]recv conta req 35.jpg! 
[2015-02-10 01:18:17--757109]35.jpg,WSDU4920250 45G1
[2015-02-10 01:18:21--016444]recv conta req 4.jpg! 
[2015-02-10 01:18:22--406269]4.jpg,MSKU4011903 22G1
[2015-02-10 01:18:25--020660]recv conta req 8.jpg! 
[2015-02-10 01:18:29--026600]recv conta req 12.jpg! 
[2015-02-10 01:18:31--699764]8.jpg,CCLU6287245 45G1
[2015-02-10 01:18:33--024661]recv conta req 16.jpg! 
[2015-02-10 01:18:34--933378]16.jpg,TEMU3075040 22G1
[2015-02-10 01:18:37--026272]recv conta req 20.jpg! 
[2015-02-10 01:18:38--256361]20.jpg,FCIU4591874 22G1
[2015-02-10 01:18:39--704720]12.jpg,MEDU1861156 22G1
[2015-02-10 01:18:41--028951]recv conta req 24.jpg! 
[2015-02-10 01:18:41--703710]24.jpg,SEGU1904022 22G1
[2015-02-10 01:18:45--034898]recv conta req 28.jpg! 
[2015-02-10 01:18:46--124597]28.jpg,FCIU8609740 45G1
[2015-02-10 01:18:49--034584]recv conta req 32.jpg! 
[2015-02-10 01:18:49--682794]32.jpg,CITU1173790 45G1
[2015-02-10 01:18:53--038143]recv conta req 1.jpg! 
[2015-02-10 01:18:54--791185]1.jpg,MSKU9550132 45G1
[2015-02-10 01:18:57--040244]recv conta req 5.jpg! 
[2015-02-10 01:18:59--797521]5.jpg,IIIU7???46? 22G1
[2015-02-10 01:19:01--043547]recv conta req 9.jpg! 
[2015-02-10 01:19:05--046007]recv conta req 13.jpg! 
[2015-02-10 01:19:09--046807]recv conta req 17.jpg! 
[2015-02-10 01:19:09--303208]9.jpg,MRKU3324814 45G1
[2015-02-10 01:19:11--508476]17.jpg,SEGU1445915 22G1
[2015-02-10 01:19:13--049371]recv conta req 21.jpg! 
[2015-02-10 01:19:13--186710]13.jpg,FSCU7372776 22G1
[2015-02-10 01:19:13--814308]21.jpg,TRLU8984373 22G1
[2015-02-10 01:19:17--055520]recv conta req 25.jpg! 
[2015-02-10 01:19:18--016989]25.jpg, 
[2015-02-10 01:19:21--058979]recv conta req 29.jpg! 
[2015-02-10 01:19:22--051436]29.jpg,SEGU9039975 45R1
[2015-02-10 01:19:25--058523]recv conta req 33.jpg! 
[2015-02-10 01:19:25--903146]33.jpg,PHLU2031555 22G1
[2015-02-10 01:19:29--061469]recv conta req 2.jpg! 
[2015-02-10 01:19:32--865733]2.jpg,GESU5520648 45G1
[2015-02-10 01:19:33--064204]recv conta req 6.jpg! 
[2015-02-10 01:19:35--378490]6.jpg,MRKU8566960 22G1
[2015-02-10 01:19:37--068443]recv conta req 10.jpg! 
[2015-02-10 01:19:41--069915]recv conta req 14.jpg! 
[2015-02-10 01:19:45--072036]recv conta req 18.jpg! 
[2015-02-10 01:19:47--276984]18.jpg,CRXU1866805 22G1
[2015-02-10 01:19:48--287993]10.jpg,CSLU1475718 22G1
[2015-02-10 01:19:48--966976]14.jpg,MRKU9670500 22G1
[2015-02-10 01:19:49--073805]recv conta req 22.jpg! 
[2015-02-10 01:19:49--661635]22.jpg,TCLU2873584 22G1
[2015-02-10 01:19:53--078429]recv conta req 26.jpg! 
[2015-02-10 01:19:54--057713]26.jpg,CRSU9147318 45G1
[2015-02-10 01:19:57--078594]recv conta req 30.jpg! 
[2015-02-10 01:19:57--685381]30.jpg,CMAU4559732 45G1
[2015-02-10 01:20:01--083132]recv conta req 34.jpg! 
[2015-02-10 01:20:01--857123]34.jpg,CMAU4555275 45G1
[2015-02-10 01:20:05--085372]recv conta req 3.jpg! 
[2015-02-10 01:20:08--840508]3.jpg,EITU1067234 45G1
[2015-02-10 01:20:09--089101]recv conta req 7.jpg! 
[2015-02-10 01:20:13--091307]recv conta req 11.jpg! 
[2015-02-10 01:20:17--094173]recv conta req 15.jpg! 
[2015-02-10 01:20:21--094398]recv conta req 19.jpg! 
[2015-02-10 01:20:21--267765]11.jpg,MSKU0004911 45G1
[2015-02-10 01:20:21--870791]7.jpg, 
[2015-02-10 01:20:22--694494]19.jpg,MSKU1685954 45G1
[2015-02-10 01:20:22--729085]15.jpg,MAXU2423284 
[2015-02-10 01:20:25--097758]recv conta req 23.jpg! 
[2015-02-10 01:20:25--737624]23.jpg,APHU6639762 45G1
[2015-02-10 01:20:29--103655]recv conta req 27.jpg! 
[2015-02-10 01:20:30--182141]27.jpg,MRKU0995640 42G1
[2015-02-10 01:20:33--103555]recv conta req 31.jpg! 
[2015-02-10 01:20:33--886319]31.jpg,WSDU4921322 45G1
[2015-02-10 01:20:37--105123]recv conta req 35.jpg! 
[2015-02-10 01:20:37--872939]35.jpg,WSDU4920250 45G1
[2015-02-10 01:20:41--107798]recv conta req 4.jpg! 
[2015-02-10 01:20:42--631123]4.jpg,MSKU4011903 22G1
[2015-02-10 01:20:45--112753]recv conta req 8.jpg! 
[2015-02-10 01:20:49--115972]recv conta req 12.jpg! 
[2015-02-10 01:20:51--509179]8.jpg,CCLU6287245 45G1
[2015-02-10 01:20:53--114900]recv conta req 16.jpg! 
[2015-02-10 01:20:55--002733]16.jpg,TEMU3075040 22G1
[2015-02-10 01:20:57--117502]recv conta req 20.jpg! 
[2015-02-10 01:20:58--389318]20.jpg,FCIU4591874 22G1
[2015-02-10 01:20:58--975111]12.jpg,MEDU1861156 22G1
[2015-02-10 01:21:01--123109]recv conta req 24.jpg! 
[2015-02-10 01:21:02--028441]24.jpg,SEGU1904022 22G1
[2015-02-10 01:21:05--126791]recv conta req 28.jpg! 
[2015-02-10 01:21:06--126791]28.jpg,FCIU8609740 45G1
[2015-02-10 01:21:09--126867]recv conta req 32.jpg! 
[2015-02-10 01:21:09--798562]32.jpg,CITU1173790 45G1
[2015-02-10 01:21:13--129169]recv conta req 1.jpg! 
[2015-02-10 01:21:15--010973]1.jpg,MSKU9550132 45G1
[2015-02-10 01:21:17--131370]recv conta req 5.jpg! 
[2015-02-10 01:21:19--883932]5.jpg,IIIU7???46? 22G1
[2015-02-10 01:21:21--135852]recv conta req 9.jpg! 
[2015-02-10 01:21:25--137964]recv conta req 13.jpg! 
[2015-02-10 01:21:28--803553]9.jpg,MRKU3324814 45G1
[2015-02-10 01:21:29--138225]recv conta req 17.jpg! 
[2015-02-10 01:21:30--872722]17.jpg,SEGU1445915 22G1
[2015-02-10 01:21:33--140460]recv conta req 21.jpg! 
[2015-02-10 01:21:33--623920]13.jpg,FSCU7372776 22G1
[2015-02-10 01:21:34--003840]21.jpg,TRLU8984373 22G1
[2015-02-10 01:21:37--144314]recv conta req 25.jpg! 
[2015-02-10 01:21:37--867148]25.jpg, 
[2015-02-10 01:21:41--149781]recv conta req 29.jpg! 
[2015-02-10 01:21:42--070723]29.jpg,SEGU9039975 45R1
[2015-02-10 01:21:45--150526]recv conta req 33.jpg! 
[2015-02-10 01:21:46--011300]33.jpg,PHLU2031555 22G1
[2015-02-10 01:21:49--153894]recv conta req 2.jpg! 
[2015-02-10 01:21:52--944335]2.jpg,GESU5520648 45G1
[2015-02-10 01:21:53--155968]recv conta req 6.jpg! 
[2015-02-10 01:21:55--533190]6.jpg,MRKU8566960 22G1
[2015-02-10 01:21:57--160693]recv conta req 10.jpg! 
[2015-02-10 01:22:01--162886]recv conta req 14.jpg! 
[2015-02-10 01:22:05--163118]recv conta req 18.jpg! 
[2015-02-10 01:22:07--028698]18.jpg,CRXU1866805 22G1
[2015-02-10 01:22:07--915765]10.jpg,CSLU1475718 22G1
[2015-02-10 01:22:08--841200]14.jpg,MRKU9670500 22G1
[2015-02-10 01:22:09--166224]recv conta req 22.jpg! 
[2015-02-10 01:22:09--788371]22.jpg,TCLU2873584 22G1
[2015-02-10 01:22:13--171075]recv conta req 26.jpg! 
[2015-02-10 01:22:14--140715]26.jpg,CRSU9147318 45G1
[2015-02-10 01:22:17--171629]recv conta req 30.jpg! 
[2015-02-10 01:22:17--808204]30.jpg,CMAU4559732 45G1
[2015-02-10 01:22:21--173518]recv conta req 34.jpg! 
[2015-02-10 01:22:21--928922]34.jpg,CMAU4555275 45G1
[2015-02-10 01:22:25--176883]recv conta req 3.jpg! 
[2015-02-10 01:22:29--130102]3.jpg,EITU1067234 45G1
[2015-02-10 01:22:29--180512]recv conta req 7.jpg! 
[2015-02-10 01:22:33--182578]recv conta req 11.jpg! 
[2015-02-10 01:22:37--185213]recv conta req 15.jpg! 
[2015-02-10 01:22:40--989579]11.jpg,MSKU0004911 45G1
[2015-02-10 01:22:41--185493]recv conta req 19.jpg! 
[2015-02-10 01:22:42--585378]15.jpg,MAXU2423284 
[2015-02-10 01:22:42--594990]19.jpg,MSKU1685954 45G1
[2015-02-10 01:22:42--803330]7.jpg, 
[2015-02-10 01:22:45--189347]recv conta req 23.jpg! 
[2015-02-10 01:22:45--892331]23.jpg,APHU6639762 45G1
[2015-02-10 01:22:49--192323]recv conta req 27.jpg! 
[2015-02-10 01:22:50--158969]27.jpg,MRKU0995640 42G1
[2015-02-10 01:22:53--194053]recv conta req 31.jpg! 
[2015-02-10 01:22:53--872670]31.jpg,WSDU4921322 45G1
[2015-02-10 01:22:57--197495]recv conta req 35.jpg! 
[2015-02-10 01:22:57--951979]35.jpg,WSDU4920250 45G1
[2015-02-10 01:23:01--200059]recv conta req 4.jpg! 
[2015-02-10 01:23:02--706387]4.jpg,MSKU4011903 22G1
[2015-02-10 01:23:05--204179]recv conta req 8.jpg! 
[2015-02-10 01:23:09--207350]recv conta req 12.jpg! 
[2015-02-10 01:23:11--460196]8.jpg,CCLU6287245 45G1
[2015-02-10 01:23:13--207795]recv conta req 16.jpg! 
[2015-02-10 01:23:14--654605]16.jpg,TEMU3075040 22G1
[2015-02-10 01:23:17--210240]recv conta req 20.jpg! 
[2015-02-10 01:23:18--357050]20.jpg,FCIU4591874 22G1
[2015-02-10 01:23:19--531356]12.jpg,MEDU1861156 22G1
[2015-02-10 01:23:21--213822]recv conta req 24.jpg! 
[2015-02-10 01:23:21--950282]24.jpg,SEGU1904022 22G1
[2015-02-10 01:23:25--218486]recv conta req 28.jpg! 
[2015-02-10 01:23:26--284880]28.jpg,FCIU8609740 45G1
[2015-02-10 01:23:29--219109]recv conta req 32.jpg! 
[2015-02-10 01:23:29--904399]32.jpg,CITU1173790 45G1
[2015-02-10 01:23:33--225096]recv conta req 1.jpg! 
[2015-02-10 01:23:35--219627]1.jpg,MSKU9550132 45G1
[2015-02-10 01:23:37--224580]recv conta req 5.jpg! 
[2015-02-10 01:23:39--933818]5.jpg,IIIU7???46? 22G1
[2015-02-10 01:23:41--228819]recv conta req 9.jpg! 
[2015-02-10 01:23:45--230948]recv conta req 13.jpg! 
[2015-02-10 01:23:49--232575]recv conta req 17.jpg! 
[2015-02-10 01:23:51--617534]9.jpg,MRKU3324814 45G1
[2015-02-10 01:23:51--646829]17.jpg,SEGU1445915 22G1
[2015-02-10 01:23:53--226600]13.jpg,FSCU7372776 22G1
[2015-02-10 01:23:53--234968]recv conta req 21.jpg! 
[2015-02-10 01:23:53--984481]21.jpg,TRLU8984373 22G1
[2015-02-10 01:23:57--240536]recv conta req 25.jpg! 
[2015-02-10 01:23:58--171267]25.jpg, 
[2015-02-10 01:24:01--244532]recv conta req 29.jpg! 
[2015-02-10 01:24:02--111821]29.jpg,SEGU9039975 45R1
[2015-02-10 01:24:05--243680]recv conta req 33.jpg! 
[2015-02-10 01:24:06--128989]33.jpg,PHLU2031555 22G1
[2015-02-10 01:24:09--248396]recv conta req 2.jpg! 
[2015-02-10 01:24:13--067613]2.jpg,GESU5520648 45G1
[2015-02-10 01:24:13--250040]recv conta req 6.jpg! 
[2015-02-10 01:24:15--599459]6.jpg,MRKU8566960 22G1
[2015-02-10 01:24:17--253189]recv conta req 10.jpg! 
[2015-02-10 01:24:21--255396]recv conta req 14.jpg! 
[2015-02-10 01:24:25--256452]recv conta req 18.jpg! 
[2015-02-10 01:24:26--950297]18.jpg,CRXU1866805 22G1
[2015-02-10 01:24:27--968297]10.jpg,CSLU1475718 22G1
[2015-02-10 01:24:28--426429]14.jpg,MRKU9670500 22G1
[2015-02-10 01:24:29--258908]recv conta req 22.jpg! 
[2015-02-10 01:24:29--898556]22.jpg,TCLU2873584 22G1
[2015-02-10 01:24:33--265221]recv conta req 26.jpg! 
[2015-02-10 01:24:34--247626]26.jpg,CRSU9147318 45G1
[2015-02-10 01:24:37--265358]recv conta req 30.jpg! 
[2015-02-10 01:24:37--887845]30.jpg,CMAU4559732 45G1
[2015-02-10 01:24:41--269992]recv conta req 34.jpg! 
[2015-02-10 01:24:42--093673]34.jpg,CMAU4555275 45G1
[2015-02-10 01:24:45--272490]recv conta req 3.jpg! 
[2015-02-10 01:24:49--095471]3.jpg,EITU1067234 45G1
[2015-02-10 01:24:49--275928]recv conta req 7.jpg! 
[2015-02-10 01:24:53--278812]recv conta req 11.jpg! 
[2015-02-10 01:24:57--281175]recv conta req 15.jpg! 
[2015-02-10 01:25:01--281289]recv conta req 19.jpg! 
[2015-02-10 01:25:02--007023]11.jpg,MSKU0004911 45G1
[2015-02-10 01:25:02--088209]15.jpg,MAXU2423284 
[2015-02-10 01:25:02--452293]19.jpg,MSKU1685954 45G1
[2015-02-10 01:25:03--234215]7.jpg, 
[2015-02-10 01:25:05--285997]recv conta req 23.jpg! 
[2015-02-10 01:25:05--985201]23.jpg,APHU6639762 45G1
[2015-02-10 01:25:09--291183]recv conta req 27.jpg! 
[2015-02-10 01:25:10--476326]27.jpg,MRKU0995640 42G1
[2015-02-10 01:25:13--290544]recv conta req 31.jpg! 
[2015-02-10 01:25:14--009982]31.jpg,WSDU4921322 45G1
[2015-02-10 01:25:17--293829]recv conta req 35.jpg! 
[2015-02-10 01:25:18--065222]35.jpg,WSDU4920250 45G1
[2015-02-10 01:25:21--296216]recv conta req 4.jpg! 
[2015-02-10 01:25:22--738244]4.jpg,MSKU4011903 22G1
[2015-02-10 01:25:25--299663]recv conta req 8.jpg! 
[2015-02-10 01:25:29--303827]recv conta req 12.jpg! 
[2015-02-10 01:25:31--656380]8.jpg,CCLU6287245 45G1
[2015-02-10 01:25:33--304153]recv conta req 16.jpg! 
[2015-02-10 01:25:34--862032]16.jpg,TEMU3075040 22G1
[2015-02-10 01:25:37--307439]recv conta req 20.jpg! 
[2015-02-10 01:25:38--288178]20.jpg,FCIU4591874 22G1
[2015-02-10 01:25:39--389144]12.jpg,MEDU1861156 22G1
[2015-02-10 01:25:41--313491]recv conta req 24.jpg! 
[2015-02-10 01:25:42--218379]24.jpg,SEGU1904022 22G1
[2015-02-10 01:25:45--316216]recv conta req 28.jpg! 
[2015-02-10 01:25:46--480195]28.jpg,FCIU8609740 45G1
[2015-02-10 01:25:49--317315]recv conta req 32.jpg! 
[2015-02-10 01:25:50--026215]32.jpg,CITU1173790 45G1
[2015-02-10 01:25:53--323105]recv conta req 1.jpg! 
[2015-02-10 01:25:55--343782]1.jpg,MSKU9550132 45G1
[2015-02-10 01:25:57--325558]recv conta req 5.jpg! 
[2015-02-10 01:26:00--247091]5.jpg,IIIU7???46? 22G1
[2015-02-10 01:26:01--326261]recv conta req 9.jpg! 
[2015-02-10 01:26:05--328723]recv conta req 13.jpg! 
[2015-02-10 01:26:09--329901]recv conta req 17.jpg! 
[2015-02-10 01:26:09--499794]9.jpg,MRKU3324814 45G1
[2015-02-10 01:26:11--478995]17.jpg,SEGU1445915 22G1
[2015-02-10 01:26:13--332978]recv conta req 21.jpg! 
[2015-02-10 01:26:13--674103]13.jpg,FSCU7372776 22G1
[2015-02-10 01:26:14--177538]21.jpg,TRLU8984373 22G1
[2015-02-10 01:26:17--338815]recv conta req 25.jpg! 
[2015-02-10 01:26:18--210729]25.jpg, 
[2015-02-10 01:26:21--340651]recv conta req 29.jpg! 
[2015-02-10 01:26:22--199299]29.jpg,SEGU9039975 45R1
[2015-02-10 01:26:25--342781]recv conta req 33.jpg! 
[2015-02-10 01:26:26--436512]33.jpg,PHLU2031555 22G1
[2015-02-10 01:26:29--346208]recv conta req 2.jpg! 
[2015-02-10 01:26:33--196446]2.jpg,GESU5520648 45G1
[2015-02-10 01:26:33--347746]recv conta req 6.jpg! 
[2015-02-10 01:26:35--725376]6.jpg,MRKU8566960 22G1
[2015-02-10 01:26:37--354503]recv conta req 10.jpg! 
[2015-02-10 01:26:41--358535]recv conta req 14.jpg! 
[2015-02-10 01:26:45--357004]recv conta req 18.jpg! 
[2015-02-10 01:26:47--156819]18.jpg,CRXU1866805 22G1
[2015-02-10 01:26:48--165336]10.jpg,CSLU1475718 22G1
[2015-02-10 01:26:48--340381]14.jpg,MRKU9670500 22G1
[2015-02-10 01:26:49--360563]recv conta req 22.jpg! 
[2015-02-10 01:26:50--094662]22.jpg,TCLU2873584 22G1
[2015-02-10 01:26:53--366562]recv conta req 26.jpg! 
[2015-02-10 01:26:54--429357]26.jpg,CRSU9147318 45G1
[2015-02-10 01:26:57--368343]recv conta req 30.jpg! 
[2015-02-10 01:26:57--992861]30.jpg,CMAU4559732 45G1
[2015-02-10 01:27:01--374616]recv conta req 34.jpg! 
[2015-02-10 01:27:02--295332]34.jpg,CMAU4555275 45G1
[2015-02-10 01:27:05--376791]recv conta req 3.jpg! 
[2015-02-10 01:27:09--169905]3.jpg,EITU1067234 45G1
[2015-02-10 01:27:09--382494]recv conta req 7.jpg! 
[2015-02-10 01:27:13--386533]recv conta req 11.jpg! 
[2015-02-10 01:27:17--391463]recv conta req 15.jpg! 
[2015-02-10 01:27:21--391879]recv conta req 19.jpg! 
[2015-02-10 01:27:22--203082]15.jpg,MAXU2423284 
[2015-02-10 01:27:22--416610]11.jpg,MSKU0004911 45G1
[2015-02-10 01:27:22--783085]19.jpg,MSKU1685954 45G1
[2015-02-10 01:27:23--581619]7.jpg, 
[2015-02-10 01:27:25--395012]recv conta req 23.jpg! 
[2015-02-10 01:27:26--037252]23.jpg,APHU6639762 45G1
[2015-02-10 01:27:29--400061]recv conta req 27.jpg! 
[2015-02-10 01:27:30--395682]27.jpg,MRKU0995640 42G1
[2015-02-10 01:27:33--404041]recv conta req 31.jpg! 
[2015-02-10 01:27:34--161770]31.jpg,WSDU4921322 45G1
[2015-02-10 01:27:37--411006]recv conta req 35.jpg! 
[2015-02-10 01:27:38--446722]35.jpg,WSDU4920250 45G1
[2015-02-10 01:27:41--412131]recv conta req 4.jpg! 
[2015-02-10 01:27:42--971870]4.jpg,MSKU4011903 22G1
[2015-02-10 01:27:45--418284]recv conta req 8.jpg! 
[2015-02-10 01:27:49--421841]recv conta req 12.jpg! 
[2015-02-10 01:27:52--345667]8.jpg,CCLU6287245 45G1
[2015-02-10 01:27:53--425769]recv conta req 16.jpg! 
[2015-02-10 01:27:54--886578]16.jpg,TEMU3075040 22G1
[2015-02-10 01:27:57--429431]recv conta req 20.jpg! 
[2015-02-10 01:27:58--687485]20.jpg,FCIU4591874 22G1
[2015-02-10 01:27:59--696385]12.jpg,MEDU1861156 22G1
[2015-02-10 01:28:01--435302]recv conta req 24.jpg! 
[2015-02-10 01:28:02--304286]24.jpg,SEGU1904022 22G1
[2015-02-10 01:28:05--438930]recv conta req 28.jpg! 
[2015-02-10 01:28:06--514541]28.jpg,FCIU8609740 45G1
[2015-02-10 01:28:09--440614]recv conta req 32.jpg! 
[2015-02-10 01:28:10--126222]32.jpg,CITU1173790 45G1
[2015-02-10 01:28:13--448042]recv conta req 1.jpg! 
[2015-02-10 01:28:15--287221]1.jpg,MSKU9550132 45G1
[2015-02-10 01:28:17--447317]recv conta req 5.jpg! 
[2015-02-10 01:28:20--167950]5.jpg,IIIU7???46? 22G1
[2015-02-10 01:28:21--451843]recv conta req 9.jpg! 
[2015-02-10 01:28:25--455743]recv conta req 13.jpg! 
[2015-02-10 01:28:29--457816]recv conta req 17.jpg! 
[2015-02-10 01:28:30--166804]9.jpg,MRKU3324814 45G1
[2015-02-10 01:28:31--745045]17.jpg,SEGU1445915 22G1
[2015-02-10 01:28:33--460175]recv conta req 21.jpg! 
[2015-02-10 01:28:34--015104]13.jpg,FSCU7372776 22G1
[2015-02-10 01:28:34--217705]21.jpg,TRLU8984373 22G1
[2015-02-10 01:28:37--462847]recv conta req 25.jpg! 
[2015-02-10 01:28:38--154349]25.jpg, 
[2015-02-10 01:28:41--468467]recv conta req 29.jpg! 
[2015-02-10 01:28:42--294971]29.jpg,SEGU9039975 45R1
[2015-02-10 01:28:45--471846]recv conta req 33.jpg! 
[2015-02-10 01:28:46--368177]33.jpg,PHLU2031555 22G1
[2015-02-10 01:28:49--476702]recv conta req 2.jpg! 
[2015-02-10 01:28:53--284927]2.jpg,GESU5520648 45G1
[2015-02-10 01:28:53--478225]recv conta req 6.jpg! 
[2015-02-10 01:28:55--886422]6.jpg,MRKU8566960 22G1
[2015-02-10 01:28:57--482520]recv conta req 10.jpg! 
[2015-02-10 01:29:01--488228]recv conta req 14.jpg! 
[2015-02-10 01:29:05--490418]recv conta req 18.jpg! 
[2015-02-10 01:29:07--522898]18.jpg,CRXU1866805 22G1
[2015-02-10 01:29:08--164694]10.jpg,CSLU1475718 22G1
[2015-02-10 01:29:09--220872]14.jpg,MRKU9670500 22G1
[2015-02-10 01:29:09--531589]recv conta req 22.jpg! 
[2015-02-10 01:29:10--155254]22.jpg,TCLU2873584 22G1
[2015-02-10 01:29:13--495739]recv conta req 26.jpg! 
[2015-02-10 01:29:14--225618]26.jpg,CRSU9147318 45G1
[2015-02-10 01:29:17--499374]recv conta req 30.jpg! 
[2015-02-10 01:29:18--130169]30.jpg,CMAU4559732 45G1
[2015-02-10 01:29:21--504283]recv conta req 34.jpg! 
[2015-02-10 01:29:22--280655]34.jpg,CMAU4555275 45G1
[2015-02-10 01:29:25--506352]recv conta req 3.jpg! 
[2015-02-10 01:29:29--288443]3.jpg,EITU1067234 45G1
[2015-02-10 01:29:29--510797]recv conta req 7.jpg! 
[2015-02-10 01:29:33--515311]recv conta req 11.jpg! 
[2015-02-10 01:29:37--517565]recv conta req 15.jpg! 
[2015-02-10 01:29:41--450913]15.jpg,MAXU2423284 
[2015-02-10 01:29:41--520775]recv conta req 19.jpg! 
[2015-02-10 01:29:43--061761]19.jpg,MSKU1685954 45G1
[2015-02-10 01:29:43--186241]11.jpg,MSKU0004911 45G1
[2015-02-10 01:29:43--277710]7.jpg, 
[2015-02-10 01:29:45--522391]recv conta req 23.jpg! 
[2015-02-10 01:29:46--176791]23.jpg,APHU6639762 45G1
[2015-02-10 01:29:49--527136]recv conta req 27.jpg! 
[2015-02-10 01:29:50--347520]27.jpg,MRKU0995640 42G1
[2015-02-10 01:29:53--531601]recv conta req 31.jpg! 
[2015-02-10 01:29:54--270097]31.jpg,WSDU4921322 45G1
[2015-02-10 01:29:57--536838]recv conta req 35.jpg! 
[2015-02-10 01:29:58--306581]35.jpg,WSDU4920250 45G1
[2015-02-10 01:30:01--541303]recv conta req 4.jpg! 
[2015-02-10 01:30:03--011546]4.jpg,MSKU4011903 22G1
[2015-02-10 01:30:05--548296]recv conta req 8.jpg! 
[2015-02-10 01:30:09--568018]recv conta req 12.jpg! 
[2015-02-10 01:30:11--218095]8.jpg,CCLU6287245 45G1
[2015-02-10 01:30:13--555337]recv conta req 16.jpg! 
[2015-02-10 01:30:15--136278]16.jpg,TEMU3075040 22G1
[2015-02-10 01:30:17--559696]recv conta req 20.jpg! 
[2015-02-10 01:30:19--101475]20.jpg,FCIU4591874 22G1
[2015-02-10 01:30:20--114654]12.jpg,MEDU1861156 22G1
[2015-02-10 01:30:21--564607]recv conta req 24.jpg! 
[2015-02-10 01:30:22--243360]24.jpg,SEGU1904022 22G1
[2015-02-10 01:30:25--569154]recv conta req 28.jpg! 
[2015-02-10 01:30:26--427876]28.jpg,FCIU8609740 45G1
[2015-02-10 01:30:29--572178]recv conta req 32.jpg! 
[2015-02-10 01:30:30--241203]32.jpg,CITU1173790 45G1
[2015-02-10 01:30:33--577653]recv conta req 1.jpg! 
[2015-02-10 01:30:35--257995]1.jpg,MSKU9550132 45G1
[2015-02-10 01:30:37--579845]recv conta req 5.jpg! 
[2015-02-10 01:30:40--421919]5.jpg,IIIU7???46? 22G1
[2015-02-10 01:30:41--586535]recv conta req 9.jpg! 
[2015-02-10 01:30:45--590788]recv conta req 13.jpg! 
[2015-02-10 01:30:49--593666]recv conta req 17.jpg! 
[2015-02-10 01:30:51--428276]17.jpg,SEGU1445915 22G1
[2015-02-10 01:30:51--930623]9.jpg,MRKU3324814 45G1
[2015-02-10 01:30:53--596454]recv conta req 21.jpg! 
[2015-02-10 01:30:54--579585]13.jpg,FSCU7372776 22G1
[2015-02-10 01:30:54--726352]21.jpg,TRLU8984373 22G1
[2015-02-10 01:30:57--600591]recv conta req 25.jpg! 
[2015-02-10 01:30:58--236758]25.jpg, 
[2015-02-10 01:31:01--604657]recv conta req 29.jpg! 
[2015-02-10 01:31:02--220715]29.jpg,SEGU9039975 45R1
[2015-02-10 01:31:05--608452]recv conta req 33.jpg! 
[2015-02-10 01:31:06--519143]33.jpg,PHLU2031555 22G1
[2015-02-10 01:31:09--614122]recv conta req 2.jpg! 
[2015-02-10 01:31:13--608732]2.jpg,GESU5520648 45G1
[2015-02-10 01:31:13--617589]recv conta req 6.jpg! 
[2015-02-10 01:31:16--019016]6.jpg,MRKU8566960 22G1
[2015-02-10 01:31:17--626910]recv conta req 10.jpg! 
[2015-02-10 01:31:21--625848]recv conta req 14.jpg! 
[2015-02-10 01:31:25--629659]recv conta req 18.jpg! 
[2015-02-10 01:31:27--563915]18.jpg,CRXU1866805 22G1
[2015-02-10 01:31:27--879045]10.jpg,CSLU1475718 22G1
[2015-02-10 01:31:29--364747]14.jpg,MRKU9670500 22G1
[2015-02-10 01:31:29--630641]recv conta req 22.jpg! 
[2015-02-10 01:31:30--272971]22.jpg,TCLU2873584 22G1
[2015-02-10 01:31:33--635006]recv conta req 26.jpg! 
