[2015-02-10 01:31:34--368828]26.jpg,CRSU9147318 45G1
[2015-02-10 01:31:37--639838]recv conta req 30.jpg! 
[2015-02-10 01:31:38--244906]30.jpg,CMAU4559732 45G1
[2015-02-10 01:31:41--644218]recv conta req 34.jpg! 
[2015-02-10 01:31:42--359731]34.jpg,CMAU4555275 45G1
[2015-02-10 01:31:45--646904]recv conta req 3.jpg! 
[2015-02-10 01:31:49--582943]3.jpg,EITU1067234 45G1
[2015-02-10 01:31:49--651729]recv conta req 7.jpg! 
[2015-02-10 01:31:53--656698]recv conta req 11.jpg! 
[2015-02-10 01:31:57--661258]recv conta req 15.jpg! 
[2015-02-10 01:32:01--663284]recv conta req 19.jpg! 
[2015-02-10 01:32:02--065695]7.jpg, 
[2015-02-10 01:32:02--743337]19.jpg,MSKU1685954 45G1
[2015-02-10 01:32:03--081614]15.jpg,MAXU2423284 
[2015-02-10 01:32:03--189892]11.jpg,MSKU0004911 45G1
[2015-02-10 01:32:05--665900]recv conta req 23.jpg! 
[2015-02-10 01:32:06--321497]23.jpg,APHU6639762 45G1
[2015-02-10 01:32:09--668928]recv conta req 27.jpg! 
[2015-02-10 01:32:10--530023]27.jpg,MRKU0995640 42G1
[2015-02-10 01:32:13--672536]recv conta req 31.jpg! 
[2015-02-10 01:32:14--337795]31.jpg,WSDU4921322 45G1
[2015-02-10 01:32:17--675741]recv conta req 35.jpg! 
[2015-02-10 01:32:18--445932]35.jpg,WSDU4920250 45G1
[2015-02-10 01:32:21--680177]recv conta req 4.jpg! 
[2015-02-10 01:32:23--106609]4.jpg,MSKU4011903 22G1
[2015-02-10 01:32:25--685400]recv conta req 8.jpg! 
[2015-02-10 01:32:29--691259]recv conta req 12.jpg! 
[2015-02-10 01:32:30--809272]8.jpg,CCLU6287245 45G1
[2015-02-10 01:32:33--691388]recv conta req 16.jpg! 
[2015-02-10 01:32:35--069765]16.jpg,TEMU3075040 22G1
[2015-02-10 01:32:37--696889]recv conta req 20.jpg! 
[2015-02-10 01:32:38--860485]20.jpg,FCIU4591874 22G1
[2015-02-10 01:32:40--347492]12.jpg,MEDU1861156 22G1
[2015-02-10 01:32:41--700060]recv conta req 24.jpg! 
[2015-02-10 01:32:42--362392]24.jpg,SEGU1904022 22G1
[2015-02-10 01:32:45--703478]recv conta req 28.jpg! 
[2015-02-10 01:32:46--547252]28.jpg,FCIU8609740 45G1
[2015-02-10 01:32:49--707565]recv conta req 32.jpg! 
[2015-02-10 01:32:50--355425]32.jpg,CITU1173790 45G1
[2015-02-10 01:32:53--714779]recv conta req 1.jpg! 
[2015-02-10 01:32:55--408488]1.jpg,MSKU9550132 45G1
[2015-02-10 01:32:57--716037]recv conta req 5.jpg! 
[2015-02-10 01:33:00--342429]5.jpg,IIIU7???46? 22G1
[2015-02-10 01:33:01--724429]recv conta req 9.jpg! 
[2015-02-10 01:33:05--725829]recv conta req 13.jpg! 
[2015-02-10 01:33:09--730339]recv conta req 17.jpg! 
[2015-02-10 01:33:11--580578]17.jpg,SEGU1445915 22G1
[2015-02-10 01:33:11--797081]9.jpg,MRKU3324814 45G1
[2015-02-10 01:33:13--735075]recv conta req 21.jpg! 
[2015-02-10 01:33:14--310569]13.jpg,FSCU7372776 22G1
[2015-02-10 01:33:14--698232]21.jpg,TRLU8984373 22G1
[2015-02-10 01:33:17--737306]recv conta req 25.jpg! 
[2015-02-10 01:33:18--335470]25.jpg, 
[2015-02-10 01:33:21--741978]recv conta req 29.jpg! 
[2015-02-10 01:33:22--339434]29.jpg,SEGU9039975 45R1
[2015-02-10 01:33:25--746883]recv conta req 33.jpg! 
[2015-02-10 01:33:26--632586]33.jpg,PHLU2031555 22G1
[2015-02-10 01:33:29--752132]recv conta req 2.jpg! 
[2015-02-10 01:33:33--602606]2.jpg,GESU5520648 45G1
[2015-02-10 01:33:33--754635]recv conta req 6.jpg! 
[2015-02-10 01:33:36--154232]6.jpg,MRKU8566960 22G1
[2015-02-10 01:33:37--769469]recv conta req 10.jpg! 
[2015-02-10 01:33:41--764866]recv conta req 14.jpg! 
[2015-02-10 01:33:45--768318]recv conta req 18.jpg! 
[2015-02-10 01:33:47--727789]18.jpg,CRXU1866805 22G1
[2015-02-10 01:33:48--029688]10.jpg,CSLU1475718 22G1
[2015-02-10 01:33:48--272464]14.jpg,MRKU9670500 22G1
[2015-02-10 01:33:49--772261]recv conta req 22.jpg! 
[2015-02-10 01:33:50--362644]22.jpg,TCLU2873584 22G1
[2015-02-10 01:33:53--776334]recv conta req 26.jpg! 
[2015-02-10 01:33:54--526476]26.jpg,CRSU9147318 45G1
[2015-02-10 01:33:57--780753]recv conta req 30.jpg! 
[2015-02-10 01:33:58--371366]30.jpg,CMAU4559732 45G1
[2015-02-10 01:34:01--784525]recv conta req 34.jpg! 
[2015-02-10 01:34:02--544451]34.jpg,CMAU4555275 45G1
[2015-02-10 01:34:05--789133]recv conta req 3.jpg! 
[2015-02-10 01:34:09--623613]3.jpg,EITU1067234 45G1
[2015-02-10 01:34:09--795227]recv conta req 7.jpg! 
[2015-02-10 01:34:13--799000]recv conta req 11.jpg! 
[2015-02-10 01:34:17--799852]recv conta req 15.jpg! 
[2015-02-10 01:34:21--802410]recv conta req 19.jpg! 
[2015-02-10 01:34:22--630624]11.jpg,MSKU0004911 45G1
[2015-02-10 01:34:23--005087]15.jpg,MAXU2423284 
[2015-02-10 01:34:23--199777]19.jpg,MSKU1685954 45G1
[2015-02-10 01:34:23--788192]7.jpg, 
[2015-02-10 01:34:25--806675]recv conta req 23.jpg! 
[2015-02-10 01:34:26--422184]23.jpg,APHU6639762 45G1
[2015-02-10 01:34:29--809820]recv conta req 27.jpg! 
[2015-02-10 01:34:30--616803]27.jpg,MRKU0995640 42G1
[2015-02-10 01:34:33--814348]recv conta req 31.jpg! 
[2015-02-10 01:34:34--488433]31.jpg,WSDU4921322 45G1
[2015-02-10 01:34:37--818156]recv conta req 35.jpg! 
[2015-02-10 01:34:38--548069]35.jpg,WSDU4920250 45G1
[2015-02-10 01:34:41--823943]recv conta req 4.jpg! 
[2015-02-10 01:34:43--267749]4.jpg,MSKU4011903 22G1
[2015-02-10 01:34:45--830133]recv conta req 8.jpg! 
[2015-02-10 01:34:49--833503]recv conta req 12.jpg! 
[2015-02-10 01:34:51--787886]8.jpg,CCLU6287245 45G1
[2015-02-10 01:34:53--833604]recv conta req 16.jpg! 
[2015-02-10 01:34:55--315118]16.jpg,TEMU3075040 22G1
[2015-02-10 01:34:57--837609]recv conta req 20.jpg! 
[2015-02-10 01:34:59--170985]20.jpg,FCIU4591874 22G1
[2015-02-10 01:35:00--414706]12.jpg,MEDU1861156 22G1
[2015-02-10 01:35:01--843264]recv conta req 24.jpg! 
[2015-02-10 01:35:02--460544]24.jpg,SEGU1904022 22G1
[2015-02-10 01:35:05--845367]recv conta req 28.jpg! 
[2015-02-10 01:35:06--634597]28.jpg,FCIU8609740 45G1
[2015-02-10 01:35:09--849622]recv conta req 32.jpg! 
[2015-02-10 01:35:10--503650]32.jpg,CITU1173790 45G1
[2015-02-10 01:35:13--854103]recv conta req 1.jpg! 
[2015-02-10 01:35:15--506039]1.jpg,MSKU9550132 45G1
[2015-02-10 01:35:17--913079]recv conta req 5.jpg! 
[2015-02-10 01:35:20--708972]5.jpg,IIIU7???46? 22G1
[2015-02-10 01:35:21--921753]recv conta req 9.jpg! 
[2015-02-10 01:35:25--926034]recv conta req 13.jpg! 
[2015-02-10 01:35:29--849382]9.jpg,MRKU3324814 45G1
[2015-02-10 01:35:29--926796]recv conta req 17.jpg! 
[2015-02-10 01:35:31--924504]17.jpg,SEGU1445915 22G1
[2015-02-10 01:35:33--927902]recv conta req 21.jpg! 
[2015-02-10 01:35:34--674346]13.jpg,FSCU7372776 22G1
[2015-02-10 01:35:34--755147]21.jpg,TRLU8984373 22G1
[2015-02-10 01:35:37--930406]recv conta req 25.jpg! 
[2015-02-10 01:35:38--524089]25.jpg, 
[2015-02-10 01:35:41--932321]recv conta req 29.jpg! 
[2015-02-10 01:35:42--525077]29.jpg,SEGU9039975 45R1
[2015-02-10 01:35:45--935588]recv conta req 33.jpg! 
[2015-02-10 01:35:46--807804]33.jpg,PHLU2031555 22G1
[2015-02-10 01:35:49--938348]recv conta req 2.jpg! 
[2015-02-10 01:35:53--803194]2.jpg,GESU5520648 45G1
[2015-02-10 01:35:53--940586]recv conta req 6.jpg! 
[2015-02-10 01:35:56--225353]6.jpg,MRKU8566960 22G1
[2015-02-10 01:35:57--944980]recv conta req 10.jpg! 
[2015-02-10 01:36:01--948631]recv conta req 14.jpg! 
[2015-02-10 01:36:05--948983]recv conta req 18.jpg! 
[2015-02-10 01:36:08--207077]18.jpg,CRXU1866805 22G1
[2015-02-10 01:36:08--874571]10.jpg,CSLU1475718 22G1
[2015-02-10 01:36:09--656833]14.jpg,MRKU9670500 22G1
[2015-02-10 01:36:09--952102]recv conta req 22.jpg! 
[2015-02-10 01:36:10--535483]22.jpg,TCLU2873584 22G1
[2015-02-10 01:36:13--954668]recv conta req 26.jpg! 
[2015-02-10 01:36:14--681646]26.jpg,CRSU9147318 45G1
[2015-02-10 01:36:17--958323]recv conta req 30.jpg! 
[2015-02-10 01:36:18--539449]30.jpg,CMAU4559732 45G1
[2015-02-10 01:36:21--959737]recv conta req 34.jpg! 
[2015-02-10 01:36:22--666864]34.jpg,CMAU4555275 45G1
[2015-02-10 01:36:25--961709]recv conta req 3.jpg! 
[2015-02-10 01:36:29--757656]3.jpg,EITU1067234 45G1
[2015-02-10 01:36:29--970376]recv conta req 7.jpg! 
[2015-02-10 01:36:33--971303]recv conta req 11.jpg! 
[2015-02-10 01:36:37--974507]recv conta req 15.jpg! 
[2015-02-10 01:36:41--975885]recv conta req 19.jpg! 
[2015-02-10 01:36:43--210926]7.jpg, 
[2015-02-10 01:36:43--352000]19.jpg,MSKU1685954 45G1
[2015-02-10 01:36:43--848112]15.jpg,MAXU2423284 
[2015-02-10 01:36:44--235302]11.jpg,MSKU0004911 45G1
[2015-02-10 01:36:45--977492]recv conta req 23.jpg! 
[2015-02-10 01:36:46--600109]23.jpg,APHU6639762 45G1
[2015-02-10 01:36:49--979604]recv conta req 27.jpg! 
[2015-02-10 01:36:50--778967]27.jpg,MRKU0995640 42G1
[2015-02-10 01:36:53--982819]recv conta req 31.jpg! 
[2015-02-10 01:36:54--659836]31.jpg,WSDU4921322 45G1
[2015-02-10 01:36:57--985619]recv conta req 35.jpg! 
[2015-02-10 01:36:58--768142]35.jpg,WSDU4920250 45G1
[2015-02-10 01:37:01--987615]recv conta req 4.jpg! 
[2015-02-10 01:37:03--389210]4.jpg,MSKU4011903 22G1
[2015-02-10 01:37:05--991897]recv conta req 8.jpg! 
[2015-02-10 01:37:09--993473]recv conta req 12.jpg! 
[2015-02-10 01:37:13--072986]8.jpg,CCLU6287245 45G1
[2015-02-10 01:37:13--996096]recv conta req 16.jpg! 
[2015-02-10 01:37:15--683701]16.jpg,TEMU3075040 22G1
[2015-02-10 01:37:17--998852]recv conta req 20.jpg! 
[2015-02-10 01:37:19--283544]20.jpg,FCIU4591874 22G1
[2015-02-10 01:37:20--994146]12.jpg,MEDU1861156 22G1
[2015-02-10 01:37:22--001461]recv conta req 24.jpg! 
[2015-02-10 01:37:22--685070]24.jpg,SEGU1904022 22G1
[2015-02-10 01:37:26--003912]recv conta req 28.jpg! 
[2015-02-10 01:37:26--828277]28.jpg,FCIU8609740 45G1
[2015-02-10 01:37:30--005543]recv conta req 32.jpg! 
[2015-02-10 01:37:30--676608]32.jpg,CITU1173790 45G1
[2015-02-10 01:37:34--009289]recv conta req 1.jpg! 
[2015-02-10 01:37:35--756889]1.jpg,MSKU9550132 45G1
[2015-02-10 01:37:38--010675]recv conta req 5.jpg! 
[2015-02-10 01:37:40--685447]5.jpg,IIIU7???46? 22G1
[2015-02-10 01:37:42--014689]recv conta req 9.jpg! 
[2015-02-10 01:37:46--016664]recv conta req 13.jpg! 
[2015-02-10 01:37:49--031480]9.jpg,MRKU3324814 45G1
[2015-02-10 01:37:50--019203]recv conta req 17.jpg! 
[2015-02-10 01:37:51--778865]17.jpg,SEGU1445915 22G1
[2015-02-10 01:37:54--021318]recv conta req 21.jpg! 
[2015-02-10 01:37:54--282615]13.jpg,FSCU7372776 22G1
[2015-02-10 01:37:54--867125]21.jpg,TRLU8984373 22G1
[2015-02-10 01:37:58--023615]recv conta req 25.jpg! 
[2015-02-10 01:37:58--630988]25.jpg, 
[2015-02-10 01:38:02--025499]recv conta req 29.jpg! 
[2015-02-10 01:38:02--635993]29.jpg,SEGU9039975 45R1
[2015-02-10 01:38:06--029230]recv conta req 33.jpg! 
[2015-02-10 01:38:06--990188]33.jpg,PHLU2031555 22G1
[2015-02-10 01:38:10--032517]recv conta req 2.jpg! 
[2015-02-10 01:38:13--875675]2.jpg,GESU5520648 45G1
[2015-02-10 01:38:14--033242]recv conta req 6.jpg! 
[2015-02-10 01:38:16--362478]6.jpg,MRKU8566960 22G1
[2015-02-10 01:38:18--037939]recv conta req 10.jpg! 
[2015-02-10 01:38:22--039519]recv conta req 14.jpg! 
[2015-02-10 01:38:26--040963]recv conta req 18.jpg! 
[2015-02-10 01:38:27--452708]18.jpg,CRXU1866805 22G1
[2015-02-10 01:38:28--790721]10.jpg,CSLU1475718 22G1
[2015-02-10 01:38:29--194106]14.jpg,MRKU9670500 22G1
[2015-02-10 01:38:30--042712]recv conta req 22.jpg! 
[2015-02-10 01:38:30--673268]22.jpg,TCLU2873584 22G1
[2015-02-10 01:38:34--045316]recv conta req 26.jpg! 
[2015-02-10 01:38:34--778536]26.jpg,CRSU9147318 45G1
[2015-02-10 01:38:38--048671]recv conta req 30.jpg! 
[2015-02-10 01:38:38--658300]30.jpg,CMAU4559732 45G1
[2015-02-10 01:38:42--051085]recv conta req 34.jpg! 
[2015-02-10 01:38:42--828402]34.jpg,CMAU4555275 45G1
[2015-02-10 01:38:46--053106]recv conta req 3.jpg! 
[2015-02-10 01:38:49--933253]3.jpg,EITU1067234 45G1
[2015-02-10 01:38:50--058180]recv conta req 7.jpg! 
[2015-02-10 01:38:54--063080]recv conta req 11.jpg! 
[2015-02-10 01:38:58--062103]recv conta req 15.jpg! 
[2015-02-10 01:39:00--001565]11.jpg,MSKU0004911 45G1
[2015-02-10 01:39:02--063025]recv conta req 19.jpg! 
[2015-02-10 01:39:02--329916]15.jpg,MAXU2423284 
[2015-02-10 01:39:03--009673]7.jpg, 
[2015-02-10 01:39:03--501526]19.jpg,MSKU1685954 45G1
[2015-02-10 01:39:06--065238]recv conta req 23.jpg! 
[2015-02-10 01:39:06--694826]23.jpg,APHU6639762 45G1
[2015-02-10 01:39:10--067578]recv conta req 27.jpg! 
[2015-02-10 01:39:10--859211]27.jpg,MRKU0995640 42G1
[2015-02-10 01:39:14--071045]recv conta req 31.jpg! 
[2015-02-10 01:39:14--775005]31.jpg,WSDU4921322 45G1
[2015-02-10 01:39:18--073474]recv conta req 35.jpg! 
[2015-02-10 01:39:18--812833]35.jpg,WSDU4920250 45G1
[2015-02-10 01:39:22--076108]recv conta req 4.jpg! 
[2015-02-10 01:39:23--548310]4.jpg,MSKU4011903 22G1
[2015-02-10 01:39:26--079384]recv conta req 8.jpg! 
[2015-02-10 01:39:30--082568]recv conta req 12.jpg! 
[2015-02-10 01:39:32--359465]8.jpg,CCLU6287245 45G1
[2015-02-10 01:39:34--082786]recv conta req 16.jpg! 
[2015-02-10 01:39:36--135788]16.jpg,TEMU3075040 22G1
[2015-02-10 01:39:38--085839]recv conta req 20.jpg! 
[2015-02-10 01:39:39--410003]20.jpg,FCIU4591874 22G1
[2015-02-10 01:39:40--564189]12.jpg,MEDU1861156 22G1
[2015-02-10 01:39:42--088381]recv conta req 24.jpg! 
[2015-02-10 01:39:42--750509]24.jpg,SEGU1904022 22G1
[2015-02-10 01:39:46--090784]recv conta req 28.jpg! 
[2015-02-10 01:39:46--836068]28.jpg,FCIU8609740 45G1
[2015-02-10 01:39:50--092459]recv conta req 32.jpg! 
[2015-02-10 01:39:50--778386]32.jpg,CITU1173790 45G1
[2015-02-10 01:39:54--096491]recv conta req 1.jpg! 
[2015-02-10 01:39:55--824337]1.jpg,MSKU9550132 45G1
[2015-02-10 01:39:58--097401]recv conta req 5.jpg! 
[2015-02-10 01:40:00--877260]5.jpg,IIIU7???46? 22G1
[2015-02-10 01:40:02--102407]recv conta req 9.jpg! 
[2015-02-10 01:40:06--104435]recv conta req 13.jpg! 
[2015-02-10 01:40:10--105400]recv conta req 17.jpg! 
[2015-02-10 01:40:11--099357]9.jpg,MRKU3324814 45G1
[2015-02-10 01:40:12--094870]17.jpg,SEGU1445915 22G1
[2015-02-10 01:40:14--107882]recv conta req 21.jpg! 
[2015-02-10 01:40:14--643836]13.jpg,FSCU7372776 22G1
[2015-02-10 01:40:15--135647]21.jpg,TRLU8984373 22G1
[2015-02-10 01:40:18--110047]recv conta req 25.jpg! 
[2015-02-10 01:40:18--753740]25.jpg, 
[2015-02-10 01:40:22--112276]recv conta req 29.jpg! 
[2015-02-10 01:40:22--731246]29.jpg,SEGU9039975 45R1
[2015-02-10 01:40:26--115243]recv conta req 33.jpg! 
[2015-02-10 01:40:26--976311]33.jpg,PHLU2031555 22G1
[2015-02-10 01:40:30--118251]recv conta req 2.jpg! 
[2015-02-10 01:40:33--994222]2.jpg,GESU5520648 45G1
[2015-02-10 01:40:34--119655]recv conta req 6.jpg! 
[2015-02-10 01:40:36--494183]6.jpg,MRKU8566960 22G1
[2015-02-10 01:40:38--128913]recv conta req 10.jpg! 
[2015-02-10 01:40:42--126314]recv conta req 14.jpg! 
[2015-02-10 01:40:46--127533]recv conta req 18.jpg! 
[2015-02-10 01:40:48--098671]18.jpg,CRXU1866805 22G1
[2015-02-10 01:40:49--136432]10.jpg,CSLU1475718 22G1
[2015-02-10 01:40:50--074001]14.jpg,MRKU9670500 22G1
[2015-02-10 01:40:50--130109]recv conta req 22.jpg! 
[2015-02-10 01:40:50--784633]22.jpg,TCLU2873584 22G1
[2015-02-10 01:40:54--132354]recv conta req 26.jpg! 
[2015-02-10 01:40:54--902188]26.jpg,CRSU9147318 45G1
[2015-02-10 01:40:58--134933]recv conta req 30.jpg! 
[2015-02-10 01:40:58--745307]30.jpg,CMAU4559732 45G1
[2015-02-10 01:41:02--137242]recv conta req 34.jpg! 
[2015-02-10 01:41:02--861548]34.jpg,CMAU4555275 45G1
[2015-02-10 01:41:06--139841]recv conta req 3.jpg! 
[2015-02-10 01:41:09--994711]3.jpg,EITU1067234 45G1
[2015-02-10 01:41:10--143722]recv conta req 7.jpg! 
[2015-02-10 01:41:14--145434]recv conta req 11.jpg! 
[2015-02-10 01:41:18--148367]recv conta req 15.jpg! 
[2015-02-10 01:41:22--150689]recv conta req 19.jpg! 
[2015-02-10 01:41:22--503580]11.jpg,MSKU0004911 45G1
[2015-02-10 01:41:23--698680]19.jpg,MSKU1685954 45G1
[2015-02-10 01:41:23--784105]15.jpg,MAXU2423284 
[2015-02-10 01:41:24--394326]7.jpg, 
[2015-02-10 01:41:26--151317]recv conta req 23.jpg! 
[2015-02-10 01:41:26--817852]23.jpg,APHU6639762 45G1
[2015-02-10 01:41:30--153841]recv conta req 27.jpg! 
[2015-02-10 01:41:30--971221]27.jpg,MRKU0995640 42G1
[2015-02-10 01:41:34--157013]recv conta req 31.jpg! 
[2015-02-10 01:41:34--849575]31.jpg,WSDU4921322 45G1
[2015-02-10 01:41:38--159073]recv conta req 35.jpg! 
[2015-02-10 01:41:38--938580]35.jpg,WSDU4920250 45G1
[2015-02-10 01:41:42--161819]recv conta req 4.jpg! 
[2015-02-10 01:41:43--596286]4.jpg,MSKU4011903 22G1
[2015-02-10 01:41:46--165499]recv conta req 8.jpg! 
[2015-02-10 01:41:50--167624]recv conta req 12.jpg! 
[2015-02-10 01:41:53--454816]8.jpg,CCLU6287245 45G1
[2015-02-10 01:41:54--168574]recv conta req 16.jpg! 
[2015-02-10 01:41:55--940299]16.jpg,TEMU3075040 22G1
[2015-02-10 01:41:58--172936]recv conta req 20.jpg! 
[2015-02-10 01:41:59--857363]20.jpg,FCIU4591874 22G1
[2015-02-10 01:42:01--308383]12.jpg,MEDU1861156 22G1
[2015-02-10 01:42:02--174031]recv conta req 24.jpg! 
[2015-02-10 01:42:02--819464]24.jpg,SEGU1904022 22G1
[2015-02-10 01:42:06--177476]recv conta req 28.jpg! 
[2015-02-10 01:42:07--003056]28.jpg,FCIU8609740 45G1
[2015-02-10 01:42:10--178337]recv conta req 32.jpg! 
[2015-02-10 01:42:10--858642]32.jpg,CITU1173790 45G1
[2015-02-10 01:42:14--182506]recv conta req 1.jpg! 
[2015-02-10 01:42:15--941804]1.jpg,MSKU9550132 45G1
[2015-02-10 01:42:18--183807]recv conta req 5.jpg! 
[2015-02-10 01:42:21--151136]5.jpg,IIIU7???46? 22G1
[2015-02-10 01:42:22--187268]recv conta req 9.jpg! 
[2015-02-10 01:42:26--194720]recv conta req 13.jpg! 
[2015-02-10 01:42:30--191357]recv conta req 17.jpg! 
[2015-02-10 01:42:31--090132]9.jpg,MRKU3324814 45G1
[2015-02-10 01:42:32--619585]17.jpg,SEGU1445915 22G1
[2015-02-10 01:42:34--195868]recv conta req 21.jpg! 
[2015-02-10 01:42:34--963992]13.jpg,FSCU7372776 22G1
[2015-02-10 01:42:35--196635]21.jpg,TRLU8984373 22G1
[2015-02-10 01:42:38--196317]recv conta req 25.jpg! 
[2015-02-10 01:42:38--837988]25.jpg, 
[2015-02-10 01:42:42--197905]recv conta req 29.jpg! 
[2015-02-10 01:42:42--835960]29.jpg,SEGU9039975 45R1
[2015-02-10 01:42:46--201227]recv conta req 33.jpg! 
[2015-02-10 01:42:47--087881]33.jpg,PHLU2031555 22G1
[2015-02-10 01:42:50--204043]recv conta req 2.jpg! 
[2015-02-10 01:42:54--088066]2.jpg,GESU5520648 45G1
[2015-02-10 01:42:54--205624]recv conta req 6.jpg! 
[2015-02-10 01:42:56--704264]6.jpg,MRKU8566960 22G1
[2015-02-10 01:42:58--210038]recv conta req 10.jpg! 
[2015-02-10 01:43:02--212618]recv conta req 14.jpg! 
[2015-02-10 01:43:06--213753]recv conta req 18.jpg! 
[2015-02-10 01:43:08--150665]18.jpg,CRXU1866805 22G1
[2015-02-10 01:43:08--721398]10.jpg,CSLU1475718 22G1
[2015-02-10 01:43:10--215718]recv conta req 22.jpg! 
[2015-02-10 01:43:10--491284]14.jpg,MRKU9670500 22G1
[2015-02-10 01:43:10--925175]22.jpg,TCLU2873584 22G1
[2015-02-10 01:43:14--218615]recv conta req 26.jpg! 
[2015-02-10 01:43:14--961841]26.jpg,CRSU9147318 45G1
[2015-02-10 01:43:18--221130]recv conta req 30.jpg! 
[2015-02-10 01:43:18--857483]30.jpg,CMAU4559732 45G1
[2015-02-10 01:43:22--223711]recv conta req 34.jpg! 
[2015-02-10 01:43:22--974710]34.jpg,CMAU4555275 45G1
[2015-02-10 01:43:26--225651]recv conta req 3.jpg! 
[2015-02-10 01:43:30--137455]3.jpg,EITU1067234 45G1
[2015-02-10 01:43:30--230763]recv conta req 7.jpg! 
[2015-02-10 01:43:34--233144]recv conta req 11.jpg! 
[2015-02-10 01:43:38--235083]recv conta req 15.jpg! 
[2015-02-10 01:43:41--154056]11.jpg,MSKU0004911 45G1
[2015-02-10 01:43:42--235669]recv conta req 19.jpg! 
[2015-02-10 01:43:43--618817]15.jpg,MAXU2423284 
[2015-02-10 01:43:44--009528]19.jpg,MSKU1685954 45G1
[2015-02-10 01:43:44--488866]7.jpg, 
[2015-02-10 01:43:46--237816]recv conta req 23.jpg! 
[2015-02-10 01:43:46--888085]23.jpg,APHU6639762 45G1
[2015-02-10 01:43:50--240154]recv conta req 27.jpg! 
[2015-02-10 01:43:51--035668]27.jpg,MRKU0995640 42G1
[2015-02-10 01:43:54--243305]recv conta req 31.jpg! 
[2015-02-10 01:43:54--938073]31.jpg,WSDU4921322 45G1
[2015-02-10 01:43:58--245995]recv conta req 35.jpg! 
[2015-02-10 01:43:59--016710]35.jpg,WSDU4920250 45G1
[2015-02-10 01:44:02--250091]recv conta req 4.jpg! 
[2015-02-10 01:44:03--794902]4.jpg,MSKU4011903 22G1
[2015-02-10 01:44:06--251870]recv conta req 8.jpg! 
[2015-02-10 01:44:10--254431]recv conta req 12.jpg! 
[2015-02-10 01:44:13--191662]8.jpg,CCLU6287245 45G1
[2015-02-10 01:44:14--254727]recv conta req 16.jpg! 
[2015-02-10 01:44:15--917331]16.jpg,TEMU3075040 22G1
[2015-02-10 01:44:18--257933]recv conta req 20.jpg! 
[2015-02-10 01:44:19--734259]20.jpg,FCIU4591874 22G1
[2015-02-10 01:44:20--988877]12.jpg,MEDU1861156 22G1
[2015-02-10 01:44:22--260448]recv conta req 24.jpg! 
[2015-02-10 01:44:22--958967]24.jpg,SEGU1904022 22G1
[2015-02-10 01:44:26--262737]recv conta req 28.jpg! 
[2015-02-10 01:44:27--104983]28.jpg,FCIU8609740 45G1
[2015-02-10 01:44:30--264803]recv conta req 32.jpg! 
[2015-02-10 01:44:30--956242]32.jpg,CITU1173790 45G1
[2015-02-10 01:44:34--268140]recv conta req 1.jpg! 
[2015-02-10 01:44:36--048833]1.jpg,MSKU9550132 45G1
[2015-02-10 01:44:38--269513]recv conta req 5.jpg! 
[2015-02-10 01:44:41--092606]5.jpg,IIIU7???46? 22G1
[2015-02-10 01:44:42--274878]recv conta req 9.jpg! 
[2015-02-10 01:44:46--276378]recv conta req 13.jpg! 
[2015-02-10 01:44:48--536913]9.jpg,MRKU3324814 45G1
[2015-02-10 01:44:50--277444]recv conta req 17.jpg! 
[2015-02-10 01:44:52--204226]17.jpg,SEGU1445915 22G1
[2015-02-10 01:44:54--282008]recv conta req 21.jpg! 
[2015-02-10 01:44:55--201217]21.jpg,TRLU8984373 22G1
[2015-02-10 01:44:55--308242]13.jpg,FSCU7372776 22G1
[2015-02-10 01:44:58--284078]recv conta req 25.jpg! 
[2015-02-10 01:44:58--941435]25.jpg, 
[2015-02-10 01:45:02--286194]recv conta req 29.jpg! 
[2015-02-10 01:45:02--936636]29.jpg,SEGU9039975 45R1
[2015-02-10 01:45:06--289397]recv conta req 33.jpg! 
[2015-02-10 01:45:07--110087]33.jpg,PHLU2031555 22G1
[2015-02-10 01:45:10--293074]recv conta req 2.jpg! 
[2015-02-10 01:45:14--226015]2.jpg,GESU5520648 45G1
[2015-02-10 01:45:14--294641]recv conta req 6.jpg! 
[2015-02-10 01:45:16--752855]6.jpg,MRKU8566960 22G1
[2015-02-10 01:45:18--301044]recv conta req 10.jpg! 
[2015-02-10 01:45:22--302210]recv conta req 14.jpg! 
[2015-02-10 01:45:26--303445]recv conta req 18.jpg! 
[2015-02-10 01:45:28--667792]18.jpg,CRXU1866805 22G1
[2015-02-10 01:45:29--587385]10.jpg,CSLU1475718 22G1
[2015-02-10 01:45:30--305691]recv conta req 22.jpg! 
[2015-02-10 01:45:30--394734]14.jpg,MRKU9670500 22G1
[2015-02-10 01:45:30--972109]22.jpg,TCLU2873584 22G1
[2015-02-10 01:45:34--308554]recv conta req 26.jpg! 
[2015-02-10 01:45:35--048107]26.jpg,CRSU9147318 45G1
[2015-02-10 01:45:38--310826]recv conta req 30.jpg! 
[2015-02-10 01:45:38--961466]30.jpg,CMAU4559732 45G1
[2015-02-10 01:45:42--314206]recv conta req 34.jpg! 
[2015-02-10 01:45:43--081514]34.jpg,CMAU4555275 45G1
[2015-02-10 01:45:46--315925]recv conta req 3.jpg! 
[2015-02-10 01:45:50--205528]3.jpg,EITU1067234 45G1
[2015-02-10 01:45:50--320542]recv conta req 7.jpg! 
[2015-02-10 01:45:54--325749]recv conta req 11.jpg! 
[2015-02-10 01:45:58--324702]recv conta req 15.jpg! 
[2015-02-10 01:46:02--325264]recv conta req 19.jpg! 
[2015-02-10 01:46:03--240500]7.jpg, 
[2015-02-10 01:46:03--539936]11.jpg,MSKU0004911 45G1
[2015-02-10 01:46:03--748841]19.jpg,MSKU1685954 45G1
[2015-02-10 01:46:03--853933]15.jpg,MAXU2423284 
[2015-02-10 01:46:06--327697]recv conta req 23.jpg! 
[2015-02-10 01:46:06--979601]23.jpg,APHU6639762 45G1
[2015-02-10 01:46:10--331654]recv conta req 27.jpg! 
[2015-02-10 01:46:11--320751]27.jpg,MRKU0995640 42G1
[2015-02-10 01:46:14--333139]recv conta req 31.jpg! 
[2015-02-10 01:46:15--029499]31.jpg,WSDU4921322 45G1
[2015-02-10 01:46:18--335323]recv conta req 35.jpg! 
[2015-02-10 01:46:19--125381]35.jpg,WSDU4920250 45G1
[2015-02-10 01:46:22--338059]recv conta req 4.jpg! 
[2015-02-10 01:46:23--878451]4.jpg,MSKU4011903 22G1
[2015-02-10 01:46:26--341500]recv conta req 8.jpg! 
[2015-02-10 01:46:30--345388]recv conta req 12.jpg! 
[2015-02-10 01:46:32--749690]8.jpg,CCLU6287245 45G1
[2015-02-10 01:46:34--344590]recv conta req 16.jpg! 
[2015-02-10 01:46:35--753728]16.jpg,TEMU3075040 22G1
[2015-02-10 01:46:38--347730]recv conta req 20.jpg! 
[2015-02-10 01:46:39--822237]20.jpg,FCIU4591874 22G1
[2015-02-10 01:46:41--125316]12.jpg,MEDU1861156 22G1
[2015-02-10 01:46:42--350082]recv conta req 24.jpg! 
[2015-02-10 01:46:43--056869]24.jpg,SEGU1904022 22G1
[2015-02-10 01:46:46--352945]recv conta req 28.jpg! 
[2015-02-10 01:46:47--198663]28.jpg,FCIU8609740 45G1
[2015-02-10 01:46:50--354274]recv conta req 32.jpg! 
[2015-02-10 01:46:51--045986]32.jpg,CITU1173790 45G1
[2015-02-10 01:46:54--359903]recv conta req 1.jpg! 
[2015-02-10 01:46:56--106460]1.jpg,MSKU9550132 45G1
[2015-02-10 01:46:58--360159]recv conta req 5.jpg! 
[2015-02-10 01:47:01--194120]5.jpg,IIIU7???46? 22G1
[2015-02-10 01:47:02--365770]recv conta req 9.jpg! 
[2015-02-10 01:47:06--369408]recv conta req 13.jpg! 
[2015-02-10 01:47:10--372146]recv conta req 17.jpg! 
[2015-02-10 01:47:12--174427]17.jpg,SEGU1445915 22G1
[2015-02-10 01:47:12--256472]9.jpg,MRKU3324814 45G1
[2015-02-10 01:47:14--375649]recv conta req 21.jpg! 
[2015-02-10 01:47:15--008991]13.jpg,FSCU7372776 22G1
[2015-02-10 01:47:15--351483]21.jpg,TRLU8984373 22G1
[2015-02-10 01:47:18--378910]recv conta req 25.jpg! 
[2015-02-10 01:47:19--038644]25.jpg, 
[2015-02-10 01:47:22--382681]recv conta req 29.jpg! 
[2015-02-10 01:47:23--138592]29.jpg,SEGU9039975 45R1
[2015-02-10 01:47:26--386629]recv conta req 33.jpg! 
[2015-02-10 01:47:27--281627]33.jpg,PHLU2031555 22G1
[2015-02-10 01:47:30--391691]recv conta req 2.jpg! 
[2015-02-10 01:47:34--289743]2.jpg,GESU5520648 45G1
[2015-02-10 01:47:34--395769]recv conta req 6.jpg! 
[2015-02-10 01:47:36--872533]6.jpg,MRKU8566960 22G1
[2015-02-10 01:47:38--401772]recv conta req 10.jpg! 
[2015-02-10 01:47:42--403845]recv conta req 14.jpg! 
[2015-02-10 01:47:46--408034]recv conta req 18.jpg! 
[2015-02-10 01:47:48--039753]18.jpg,CRXU1866805 22G1
[2015-02-10 01:47:49--307923]10.jpg,CSLU1475718 22G1
[2015-02-10 01:47:50--338153]14.jpg,MRKU9670500 22G1
[2015-02-10 01:47:50--407515]recv conta req 22.jpg! 
[2015-02-10 01:47:51--065855]22.jpg,TCLU2873584 22G1
[2015-02-10 01:47:54--412924]recv conta req 26.jpg! 
[2015-02-10 01:47:55--177137]26.jpg,CRSU9147318 45G1
[2015-02-10 01:47:58--416271]recv conta req 30.jpg! 
[2015-02-10 01:47:59--046155]30.jpg,CMAU4559732 45G1
[2015-02-10 01:48:02--421085]recv conta req 34.jpg! 
[2015-02-10 01:48:03--168542]34.jpg,CMAU4555275 45G1
[2015-02-10 01:48:06--424669]recv conta req 3.jpg! 
[2015-02-10 01:48:10--221213]3.jpg,EITU1067234 45G1
[2015-02-10 01:48:10--431771]recv conta req 7.jpg! 
[2015-02-10 01:48:14--436481]recv conta req 11.jpg! 
[2015-02-10 01:48:18--438767]recv conta req 15.jpg! 
[2015-02-10 01:48:21--447863]7.jpg, 
[2015-02-10 01:48:22--288458]11.jpg,MSKU0004911 45G1
[2015-02-10 01:48:22--440969]recv conta req 19.jpg! 
[2015-02-10 01:48:23--397030]15.jpg,MAXU2423284 
[2015-02-10 01:48:24--007086]19.jpg,MSKU1685954 45G1
[2015-02-10 01:48:26--444579]recv conta req 23.jpg! 
[2015-02-10 01:48:27--088805]23.jpg,APHU6639762 45G1
[2015-02-10 01:48:30--448354]recv conta req 27.jpg! 
[2015-02-10 01:48:31--250197]27.jpg,MRKU0995640 42G1
[2015-02-10 01:48:34--453432]recv conta req 31.jpg! 
[2015-02-10 01:48:35--161460]31.jpg,WSDU4921322 45G1
[2015-02-10 01:48:38--458035]recv conta req 35.jpg! 
[2015-02-10 01:48:39--241434]35.jpg,WSDU4920250 45G1
[2015-02-10 01:48:42--461663]recv conta req 4.jpg! 
[2015-02-10 01:48:44--142937]4.jpg,MSKU4011903 22G1
[2015-02-10 01:48:46--468078]recv conta req 8.jpg! 
[2015-02-10 01:48:50--473484]recv conta req 12.jpg! 
[2015-02-10 01:48:52--311569]8.jpg,CCLU6287245 45G1
[2015-02-10 01:48:54--472443]recv conta req 16.jpg! 
[2015-02-10 01:48:56--623569]16.jpg,TEMU3075040 22G1
[2015-02-10 01:48:58--476743]recv conta req 20.jpg! 
[2015-02-10 01:48:59--948298]20.jpg,FCIU4591874 22G1
[2015-02-10 01:49:00--870811]12.jpg,MEDU1861156 22G1
[2015-02-10 01:49:02--482136]recv conta req 24.jpg! 
[2015-02-10 01:49:03--376554]24.jpg,SEGU1904022 22G1
[2015-02-10 01:49:06--484986]recv conta req 28.jpg! 
[2015-02-10 01:49:07--346693]28.jpg,FCIU8609740 45G1
[2015-02-10 01:49:10--489383]recv conta req 32.jpg! 
[2015-02-10 01:49:11--293549]32.jpg,CITU1173790 45G1
[2015-02-10 01:49:14--495466]recv conta req 1.jpg! 
[2015-02-10 01:49:16--232048]1.jpg,MSKU9550132 45G1
[2015-02-10 01:49:18--498041]recv conta req 5.jpg! 
[2015-02-10 01:49:21--173033]5.jpg,IIIU7???46? 22G1
[2015-02-10 01:49:22--502183]recv conta req 9.jpg! 
[2015-02-10 01:49:26--507682]recv conta req 13.jpg! 
[2015-02-10 01:49:30--508439]recv conta req 17.jpg! 
[2015-02-10 01:49:32--265322]9.jpg,MRKU3324814 45G1
[2015-02-10 01:49:32--876801]17.jpg,SEGU1445915 22G1
[2015-02-10 01:49:34--510351]recv conta req 21.jpg! 
[2015-02-10 01:49:35--094508]13.jpg,FSCU7372776 22G1
[2015-02-10 01:49:35--426229]21.jpg,TRLU8984373 22G1
[2015-02-10 01:49:38--516075]recv conta req 25.jpg! 
[2015-02-10 01:49:39--298456]25.jpg, 
[2015-02-10 01:49:42--517438]recv conta req 29.jpg! 
[2015-02-10 01:49:43--149318]29.jpg,SEGU9039975 45R1
[2015-02-10 01:49:46--521657]recv conta req 33.jpg! 
[2015-02-10 01:49:47--416648]33.jpg,PHLU2031555 22G1
[2015-02-10 01:49:50--526522]recv conta req 2.jpg! 
[2015-02-10 01:49:54--371942]2.jpg,GESU5520648 45G1
[2015-02-10 01:49:54--529307]recv conta req 6.jpg! 
[2015-02-10 01:49:56--952303]6.jpg,MRKU8566960 22G1
[2015-02-10 01:49:58--538407]recv conta req 10.jpg! 
[2015-02-10 01:50:02--542631]recv conta req 14.jpg! 
[2015-02-10 01:50:06--542462]recv conta req 18.jpg! 
[2015-02-10 01:50:08--520830]18.jpg,CRXU1866805 22G1
[2015-02-10 01:50:09--418020]14.jpg,MRKU9670500 22G1
[2015-02-10 01:50:09--486545]10.jpg,CSLU1475718 22G1
[2015-02-10 01:50:10--546247]recv conta req 22.jpg! 
[2015-02-10 01:50:11--182126]22.jpg,TCLU2873584 22G1
[2015-02-10 01:50:14--553394]recv conta req 26.jpg! 
[2015-02-10 01:50:15--517410]26.jpg,CRSU9147318 45G1
[2015-02-10 01:50:18--556421]recv conta req 30.jpg! 
[2015-02-10 01:50:19--351547]30.jpg,CMAU4559732 45G1
[2015-02-10 01:50:22--561967]recv conta req 34.jpg! 
[2015-02-10 01:50:23--297916]34.jpg,CMAU4555275 45G1
[2015-02-10 01:50:26--564410]recv conta req 3.jpg! 
[2015-02-10 01:50:30--260723]3.jpg,EITU1067234 45G1
[2015-02-10 01:50:30--568285]recv conta req 7.jpg! 
[2015-02-10 01:50:34--575873]recv conta req 11.jpg! 
[2015-02-10 01:50:38--578189]recv conta req 15.jpg! 
[2015-02-10 01:50:40--454787]7.jpg, 
[2015-02-10 01:50:42--581593]recv conta req 19.jpg! 
[2015-02-10 01:50:43--882290]15.jpg,MAXU2423284 
[2015-02-10 01:50:44--044575]19.jpg,MSKU1685954 45G1
[2015-02-10 01:50:44--089475]11.jpg,MSKU0004911 45G1
[2015-02-10 01:50:46--585873]recv conta req 23.jpg! 
[2015-02-10 01:50:47--280609]23.jpg,APHU6639762 45G1
[2015-02-10 01:50:50--588258]recv conta req 27.jpg! 
[2015-02-10 01:50:51--394337]27.jpg,MRKU0995640 42G1
[2015-02-10 01:50:54--594244]recv conta req 31.jpg! 
[2015-02-10 01:50:55--421334]31.jpg,WSDU4921322 45G1
[2015-02-10 01:50:58--595495]recv conta req 35.jpg! 
[2015-02-10 01:50:59--440789]35.jpg,WSDU4920250 45G1
[2015-02-10 01:51:02--599681]recv conta req 4.jpg! 
[2015-02-10 01:51:04--031743]4.jpg,MSKU4011903 22G1
[2015-02-10 01:51:06--605253]recv conta req 8.jpg! 
[2015-02-10 01:51:10--611080]recv conta req 12.jpg! 
[2015-02-10 01:51:12--099012]8.jpg,CCLU6287245 45G1
[2015-02-10 01:51:14--611215]recv conta req 16.jpg! 
[2015-02-10 01:51:16--506203]16.jpg,TEMU3075040 22G1
[2015-02-10 01:51:18--616712]recv conta req 20.jpg! 
[2015-02-10 01:51:19--729302]20.jpg,FCIU4591874 22G1
[2015-02-10 01:51:21--199723]12.jpg,MEDU1861156 22G1
[2015-02-10 01:51:22--620105]recv conta req 24.jpg! 
[2015-02-10 01:51:23--375100]24.jpg,SEGU1904022 22G1
[2015-02-10 01:51:26--623433]recv conta req 28.jpg! 
[2015-02-10 01:51:27--541591]28.jpg,FCIU8609740 45G1
[2015-02-10 01:51:30--627608]recv conta req 32.jpg! 
[2015-02-10 01:51:31--426350]32.jpg,CITU1173790 45G1
[2015-02-10 01:51:34--630915]recv conta req 1.jpg! 
[2015-02-10 01:51:36--287780]1.jpg,MSKU9550132 45G1
[2015-02-10 01:51:38--633904]recv conta req 5.jpg! 
[2015-02-10 01:51:41--412652]5.jpg,IIIU7???46? 22G1
[2015-02-10 01:51:42--639830]recv conta req 9.jpg! 
[2015-02-10 01:51:46--643103]recv conta req 13.jpg! 
[2015-02-10 01:51:50--647997]recv conta req 17.jpg! 
[2015-02-10 01:51:51--897601]9.jpg,MRKU3324814 45G1
[2015-02-10 01:51:52--989080]17.jpg,SEGU1445915 22G1
[2015-02-10 01:51:54--650570]recv conta req 21.jpg! 
[2015-02-10 01:51:55--142242]13.jpg,FSCU7372776 22G1
[2015-02-10 01:51:55--482687]21.jpg,TRLU8984373 22G1
[2015-02-10 01:51:58--656601]recv conta req 25.jpg! 
[2015-02-10 01:51:59--444769]25.jpg, 
[2015-02-10 01:52:02--657874]recv conta req 29.jpg! 
[2015-02-10 01:52:03--328176]29.jpg,SEGU9039975 45R1
[2015-02-10 01:52:06--662952]recv conta req 33.jpg! 
[2015-02-10 01:52:07--585180]33.jpg,PHLU2031555 22G1
[2015-02-10 01:52:10--668464]recv conta req 2.jpg! 
[2015-02-10 01:52:14--486897]2.jpg,GESU5520648 45G1
[2015-02-10 01:52:14--669330]recv conta req 6.jpg! 
[2015-02-10 01:52:16--993467]6.jpg,MRKU8566960 22G1
[2015-02-10 01:52:18--677284]recv conta req 10.jpg! 
[2015-02-10 01:52:22--679371]recv conta req 14.jpg! 
[2015-02-10 01:52:26--682012]recv conta req 18.jpg! 
[2015-02-10 01:52:27--294008]10.jpg,CSLU1475718 22G1
[2015-02-10 01:52:28--497323]18.jpg,CRXU1866805 22G1
[2015-02-10 01:52:29--221187]14.jpg,MRKU9670500 22G1
[2015-02-10 01:52:30--682653]recv conta req 22.jpg! 
[2015-02-10 01:52:31--286800]22.jpg,TCLU2873584 22G1
[2015-02-10 01:52:34--689069]recv conta req 26.jpg! 
[2015-02-10 01:52:35--413504]26.jpg,CRSU9147318 45G1
[2015-02-10 01:52:38--692167]recv conta req 30.jpg! 
[2015-02-10 01:52:39--278785]30.jpg,CMAU4559732 45G1
[2015-02-10 01:52:42--694877]recv conta req 34.jpg! 
[2015-02-10 01:52:43--446228]34.jpg,CMAU4555275 45G1
[2015-02-10 01:52:46--697878]recv conta req 3.jpg! 
[2015-02-10 01:52:50--540400]3.jpg,EITU1067234 45G1
[2015-02-10 01:52:50--703157]recv conta req 7.jpg! 
[2015-02-10 01:52:54--706385]recv conta req 11.jpg! 
[2015-02-10 01:52:58--712445]recv conta req 15.jpg! 
[2015-02-10 01:53:02--712555]recv conta req 19.jpg! 
[2015-02-10 01:53:04--130138]19.jpg,MSKU1685954 45G1
[2015-02-10 01:53:04--200669]11.jpg,MSKU0004911 45G1
[2015-02-10 01:53:04--202814]15.jpg,MAXU2423284 
[2015-02-10 01:53:04--230505]7.jpg, 
[2015-02-10 01:53:06--715542]recv conta req 23.jpg! 
[2015-02-10 01:53:07--314355]23.jpg,APHU6639762 45G1
[2015-02-10 01:53:10--719187]recv conta req 27.jpg! 
[2015-02-10 01:53:11--525948]27.jpg,MRKU0995640 42G1
[2015-02-10 01:53:14--724439]recv conta req 31.jpg! 
[2015-02-10 01:53:15--423707]31.jpg,WSDU4921322 45G1
[2015-02-10 01:53:18--728735]recv conta req 35.jpg! 
[2015-02-10 01:53:19--474511]35.jpg,WSDU4920250 45G1
[2015-02-10 01:53:22--733401]recv conta req 4.jpg! 
[2015-02-10 01:53:24--117638]4.jpg,MSKU4011903 22G1
[2015-02-10 01:53:26--740430]recv conta req 8.jpg! 
[2015-02-10 01:53:30--746661]recv conta req 12.jpg! 
[2015-02-10 01:53:32--951971]8.jpg,CCLU6287245 45G1
[2015-02-10 01:53:34--746049]recv conta req 16.jpg! 
[2015-02-10 01:53:36--045768]16.jpg,TEMU3075040 22G1
[2015-02-10 01:53:38--751488]recv conta req 20.jpg! 
[2015-02-10 01:53:39--818271]20.jpg,FCIU4591874 22G1
[2015-02-10 01:53:41--099963]12.jpg,MEDU1861156 22G1
[2015-02-10 01:53:42--754617]recv conta req 24.jpg! 
[2015-02-10 01:53:43--480400]24.jpg,SEGU1904022 22G1
[2015-02-10 01:53:46--758400]recv conta req 28.jpg! 
[2015-02-10 01:53:47--606123]28.jpg,FCIU8609740 45G1
[2015-02-10 01:53:50--761184]recv conta req 32.jpg! 
[2015-02-10 01:53:51--408718]32.jpg,CITU1173790 45G1
[2015-02-10 01:53:54--767163]recv conta req 1.jpg! 
[2015-02-10 01:53:56--426767]1.jpg,MSKU9550132 45G1
[2015-02-10 01:53:58--769533]recv conta req 5.jpg! 
[2015-02-10 01:54:01--484020]5.jpg,IIIU7???46? 22G1
[2015-02-10 01:54:02--776065]recv conta req 9.jpg! 
[2015-02-10 01:54:06--778400]recv conta req 13.jpg! 
[2015-02-10 01:54:10--329636]9.jpg,MRKU3324814 45G1
[2015-02-10 01:54:10--780543]recv conta req 17.jpg! 
[2015-02-10 01:54:12--758951]17.jpg,SEGU1445915 22G1
[2015-02-10 01:54:14--785029]recv conta req 21.jpg! 
[2015-02-10 01:54:15--283101]13.jpg,FSCU7372776 22G1
[2015-02-10 01:54:15--517829]21.jpg,TRLU8984373 22G1
[2015-02-10 01:54:18--788396]recv conta req 25.jpg! 
[2015-02-10 01:54:19--386067]25.jpg, 
[2015-02-10 01:54:22--791963]recv conta req 29.jpg! 
[2015-02-10 01:54:23--368087]29.jpg,SEGU9039975 45R1
[2015-02-10 01:54:26--796076]recv conta req 33.jpg! 
[2015-02-10 01:54:27--685037]33.jpg,PHLU2031555 22G1
[2015-02-10 01:54:30--801428]recv conta req 2.jpg! 
[2015-02-10 01:54:34--507465]2.jpg,GESU5520648 45G1
[2015-02-10 01:54:34--802710]recv conta req 6.jpg! 
[2015-02-10 01:54:37--103606]6.jpg,MRKU8566960 22G1
[2015-02-10 01:54:38--807343]recv conta req 10.jpg! 
[2015-02-10 01:54:42--812194]recv conta req 14.jpg! 
[2015-02-10 01:54:46--814987]recv conta req 18.jpg! 
[2015-02-10 01:54:47--900348]10.jpg,CSLU1475718 22G1
[2015-02-10 01:54:48--350016]18.jpg,CRXU1866805 22G1
[2015-02-10 01:54:49--774329]14.jpg,MRKU9670500 22G1
[2015-02-10 01:54:50--817784]recv conta req 22.jpg! 
[2015-02-10 01:54:51--388071]22.jpg,TCLU2873584 22G1
[2015-02-10 01:54:54--821811]recv conta req 26.jpg! 
[2015-02-10 01:54:55--661240]26.jpg,CRSU9147318 45G1
[2015-02-10 01:54:58--826189]recv conta req 30.jpg! 
[2015-02-10 01:54:59--400254]30.jpg,CMAU4559732 45G1
[2015-02-10 01:55:02--830211]recv conta req 34.jpg! 
[2015-02-10 01:55:03--587971]34.jpg,CMAU4555275 45G1
[2015-02-10 01:55:06--833650]recv conta req 3.jpg! 
[2015-02-10 01:55:10--600223]3.jpg,EITU1067234 45G1
[2015-02-10 01:55:10--838733]recv conta req 7.jpg! 
[2015-02-10 01:55:14--843081]recv conta req 11.jpg! 
[2015-02-10 01:55:18--846606]recv conta req 15.jpg! 
[2015-02-10 01:55:22--478934]7.jpg, 
[2015-02-10 01:55:22--850260]recv conta req 19.jpg! 
[2015-02-10 01:55:23--667010]15.jpg,MAXU2423284 
[2015-02-10 01:55:24--230647]19.jpg,MSKU1685954 45G1
[2015-02-10 01:55:24--340830]11.jpg,MSKU0004911 45G1
[2015-02-10 01:55:26--854182]recv conta req 23.jpg! 
[2015-02-10 01:55:27--693877]23.jpg,APHU6639762 45G1
[2015-02-10 01:55:30--856771]recv conta req 27.jpg! 
[2015-02-10 01:55:31--647459]27.jpg,MRKU0995640 42G1
[2015-02-10 01:55:34--861686]recv conta req 31.jpg! 
[2015-02-10 01:55:35--514572]31.jpg,WSDU4921322 45G1
[2015-02-10 01:55:38--865254]recv conta req 35.jpg! 
[2015-02-10 01:55:39--612951]35.jpg,WSDU4920250 45G1
[2015-02-10 01:55:42--868848]recv conta req 4.jpg! 
[2015-02-10 01:55:44--213162]4.jpg,MSKU4011903 22G1
[2015-02-10 01:55:46--875781]recv conta req 8.jpg! 
[2015-02-10 01:55:50--879574]recv conta req 12.jpg! 
[2015-02-10 01:55:53--214094]8.jpg,CCLU6287245 45G1
[2015-02-10 01:55:54--879447]recv conta req 16.jpg! 
[2015-02-10 01:55:56--285265]16.jpg,TEMU3075040 22G1
[2015-02-10 01:55:58--883141]recv conta req 20.jpg! 
[2015-02-10 01:56:00--035956]20.jpg,FCIU4591874 22G1
[2015-02-10 01:56:00--804563]12.jpg,MEDU1861156 22G1
[2015-02-10 01:56:02--887473]recv conta req 24.jpg! 
[2015-02-10 01:56:03--571132]24.jpg,SEGU1904022 22G1
[2015-02-10 01:56:06--889371]recv conta req 28.jpg! 
[2015-02-10 01:56:07--695807]28.jpg,FCIU8609740 45G1
[2015-02-10 01:56:10--891655]recv conta req 32.jpg! 
[2015-02-10 01:56:11--556977]32.jpg,CITU1173790 45G1
[2015-02-10 01:56:14--896154]recv conta req 1.jpg! 
[2015-02-10 01:56:16--683116]1.jpg,MSKU9550132 45G1
[2015-02-10 01:56:18--897702]recv conta req 5.jpg! 
[2015-02-10 01:56:21--521201]5.jpg,IIIU7???46? 22G1
[2015-02-10 01:56:22--902764]recv conta req 9.jpg! 
[2015-02-10 01:56:26--906933]recv conta req 13.jpg! 
[2015-02-10 01:56:30--216494]9.jpg,MRKU3324814 45G1
[2015-02-10 01:56:30--908507]recv conta req 17.jpg! 
[2015-02-10 01:56:32--388148]17.jpg,SEGU1445915 22G1
[2015-02-10 01:56:34--847251]13.jpg,FSCU7372776 22G1
[2015-02-10 01:56:34--912563]recv conta req 21.jpg! 
[2015-02-10 01:56:35--584411]21.jpg,TRLU8984373 22G1
[2015-02-10 01:56:38--914144]recv conta req 25.jpg! 
[2015-02-10 01:56:39--508745]25.jpg, 
[2015-02-10 01:56:42--915709]recv conta req 29.jpg! 
[2015-02-10 01:56:43--622867]29.jpg,SEGU9039975 45R1
[2015-02-10 01:56:46--920023]recv conta req 33.jpg! 
[2015-02-10 01:56:47--788131]33.jpg,PHLU2031555 22G1
[2015-02-10 01:56:50--923487]recv conta req 2.jpg! 
[2015-02-10 01:56:54--771150]2.jpg,GESU5520648 45G1
