[2015-02-09 23:53:01--923386]recv conta req 34.jpg! 
[2015-02-09 23:53:02--663271]34.jpg,CMAU4555275 45G1
[2015-02-09 23:53:05--926261]recv conta req 3.jpg! 
[2015-02-09 23:53:09--656860]3.jpg,EITU1067234 45G1
[2015-02-09 23:53:09--933347]recv conta req 7.jpg! 
[2015-02-09 23:53:13--932633]recv conta req 11.jpg! 
[2015-02-09 23:53:17--934065]recv conta req 15.jpg! 
[2015-02-09 23:53:21--935374]recv conta req 19.jpg! 
[2015-02-09 23:53:22--122068]11.jpg,MSKU0004911 45G1
[2015-02-09 23:53:23--141602]15.jpg,MAXU2423284 
[2015-02-09 23:53:23--259824]19.jpg,MSKU1685954 45G1
[2015-02-09 23:53:23--532670]7.jpg, 
[2015-02-09 23:53:25--938486]recv conta req 23.jpg! 
[2015-02-09 23:53:26--558616]23.jpg,APHU6639762 45G1
[2015-02-09 23:53:29--942633]recv conta req 27.jpg! 
[2015-02-09 23:53:31--066179]27.jpg,MRKU0995640 42G1
[2015-02-09 23:53:33--943514]recv conta req 31.jpg! 
[2015-02-09 23:53:34--615223]31.jpg,WSDU4921322 45G1
[2015-02-09 23:53:37--949068]recv conta req 35.jpg! 
[2015-02-09 23:53:38--977905]35.jpg,WSDU4920250 45G1
[2015-02-09 23:53:41--949373]recv conta req 4.jpg! 
[2015-02-09 23:53:43--316356]4.jpg,MSKU4011903 22G1
[2015-02-09 23:53:45--954541]recv conta req 8.jpg! 
[2015-02-09 23:53:49--957407]recv conta req 12.jpg! 
[2015-02-09 23:53:52--525377]8.jpg,CCLU6287245 45G1
[2015-02-09 23:53:53--957293]recv conta req 16.jpg! 
[2015-02-09 23:53:55--434904]16.jpg,TEMU3075040 22G1
[2015-02-09 23:53:57--959244]recv conta req 20.jpg! 
[2015-02-09 23:53:59--058705]20.jpg,FCIU4591874 22G1
[2015-02-09 23:54:00--070128]12.jpg,MEDU1861156 22G1
[2015-02-09 23:54:01--963561]recv conta req 24.jpg! 
[2015-02-09 23:54:02--902298]24.jpg,SEGU1904022 22G1
[2015-02-09 23:54:05--967181]recv conta req 28.jpg! 
[2015-02-09 23:54:07--132794]28.jpg,FCIU8609740 45G1
[2015-02-09 23:54:09--968608]recv conta req 32.jpg! 
[2015-02-09 23:54:10--647051]32.jpg,CITU1173790 45G1
[2015-02-09 23:54:13--974413]recv conta req 1.jpg! 
[2015-02-09 23:54:15--980468]1.jpg,MSKU9550132 45G1
[2015-02-09 23:54:17--974702]recv conta req 5.jpg! 
[2015-02-09 23:54:20--632311]5.jpg,IIIU7???46? 22G1
[2015-02-09 23:54:21--978043]recv conta req 9.jpg! 
[2015-02-09 23:54:25--980602]recv conta req 13.jpg! 
[2015-02-09 23:54:29--981279]recv conta req 17.jpg! 
[2015-02-09 23:54:30--134528]9.jpg,MRKU3324814 45G1
[2015-02-09 23:54:31--933789]17.jpg,SEGU1445915 22G1
[2015-02-09 23:54:33--509643]13.jpg,FSCU7372776 22G1
[2015-02-09 23:54:33--983977]recv conta req 21.jpg! 
[2015-02-09 23:54:34--733111]21.jpg,TRLU8984373 22G1
[2015-02-09 23:54:37--988215]recv conta req 25.jpg! 
[2015-02-09 23:54:38--877402]25.jpg, 
[2015-02-09 23:54:41--989252]recv conta req 29.jpg! 
[2015-02-09 23:54:42--576557]29.jpg,SEGU9039975 45R1
[2015-02-09 23:54:45--992810]recv conta req 33.jpg! 
[2015-02-09 23:54:46--911233]33.jpg,PHLU2031555 22G1
[2015-02-09 23:54:49--996134]recv conta req 2.jpg! 
[2015-02-09 23:54:53--842909]2.jpg,GESU5520648 45G1
[2015-02-09 23:54:54--037075]recv conta req 6.jpg! 
[2015-02-09 23:54:56--312073]6.jpg,MRKU8566960 22G1
[2015-02-09 23:54:58--003470]recv conta req 10.jpg! 
[2015-02-09 23:55:02--004917]recv conta req 14.jpg! 
[2015-02-09 23:55:06--007348]recv conta req 18.jpg! 
[2015-02-09 23:55:07--003031]18.jpg,CRXU1866805 22G1
[2015-02-09 23:55:08--637437]10.jpg,CSLU1475718 22G1
[2015-02-09 23:55:09--141360]14.jpg,MRKU9670500 22G1
[2015-02-09 23:55:10--007828]recv conta req 22.jpg! 
[2015-02-09 23:55:10--593838]22.jpg,TCLU2873584 22G1
[2015-02-09 23:55:14--012060]recv conta req 26.jpg! 
[2015-02-09 23:55:15--049401]26.jpg,CRSU9147318 45G1
[2015-02-09 23:55:18--012856]recv conta req 30.jpg! 
[2015-02-09 23:55:18--607273]30.jpg,CMAU4559732 45G1
[2015-02-09 23:55:22--016953]recv conta req 34.jpg! 
[2015-02-09 23:55:22--804845]34.jpg,CMAU4555275 45G1
[2015-02-09 23:55:26--019489]recv conta req 3.jpg! 
[2015-02-09 23:55:29--716176]3.jpg,EITU1067234 45G1
[2015-02-09 23:55:30--022162]recv conta req 7.jpg! 
[2015-02-09 23:55:34--025133]recv conta req 11.jpg! 
[2015-02-09 23:55:38--027168]recv conta req 15.jpg! 
[2015-02-09 23:55:42--028179]recv conta req 19.jpg! 
[2015-02-09 23:55:43--277696]15.jpg,MAXU2423284 
[2015-02-09 23:55:43--317750]19.jpg,MSKU1685954 45G1
[2015-02-09 23:55:44--018657]11.jpg,MSKU0004911 45G1
[2015-02-09 23:55:44--072564]7.jpg, 
[2015-02-09 23:55:46--032312]recv conta req 23.jpg! 
[2015-02-09 23:55:46--699760]23.jpg,APHU6639762 45G1
[2015-02-09 23:55:50--037440]recv conta req 27.jpg! 
[2015-02-09 23:55:51--077491]27.jpg,MRKU0995640 42G1
[2015-02-09 23:55:54--037492]recv conta req 31.jpg! 
[2015-02-09 23:55:54--735767]31.jpg,WSDU4921322 45G1
[2015-02-09 23:55:58--042236]recv conta req 35.jpg! 
[2015-02-09 23:55:59--025076]35.jpg,WSDU4920250 45G1
[2015-02-09 23:56:02--042308]recv conta req 4.jpg! 
[2015-02-09 23:56:03--418805]4.jpg,MSKU4011903 22G1
[2015-02-09 23:56:06--046316]recv conta req 8.jpg! 
[2015-02-09 23:56:10--048738]recv conta req 12.jpg! 
[2015-02-09 23:56:11--221697]8.jpg,CCLU6287245 45G1
[2015-02-09 23:56:14--050015]recv conta req 16.jpg! 
[2015-02-09 23:56:15--770734]16.jpg,TEMU3075040 22G1
[2015-02-09 23:56:18--054732]recv conta req 20.jpg! 
[2015-02-09 23:56:19--637877]20.jpg,FCIU4591874 22G1
[2015-02-09 23:56:19--749937]12.jpg,MEDU1861156 22G1
[2015-02-09 23:56:22--058432]recv conta req 24.jpg! 
[2015-02-09 23:56:22--959847]24.jpg,SEGU1904022 22G1
[2015-02-09 23:56:26--060988]recv conta req 28.jpg! 
[2015-02-09 23:56:27--154807]28.jpg,FCIU8609740 45G1
[2015-02-09 23:56:30--061869]recv conta req 32.jpg! 
[2015-02-09 23:56:30--724140]32.jpg,CITU1173790 45G1
[2015-02-09 23:56:34--066224]recv conta req 1.jpg! 
[2015-02-09 23:56:35--944079]1.jpg,MSKU9550132 45G1
[2015-02-09 23:56:38--068045]recv conta req 5.jpg! 
[2015-02-09 23:56:40--916001]5.jpg,IIIU7???46? 22G1
[2015-02-09 23:56:42--072779]recv conta req 9.jpg! 
[2015-02-09 23:56:46--074794]recv conta req 13.jpg! 
[2015-02-09 23:56:48--601422]9.jpg,MRKU3324814 45G1
[2015-02-09 23:56:50--075199]recv conta req 17.jpg! 
[2015-02-09 23:56:51--929761]17.jpg,SEGU1445915 22G1
[2015-02-09 23:56:54--077468]recv conta req 21.jpg! 
[2015-02-09 23:56:54--842452]13.jpg,FSCU7372776 22G1
[2015-02-09 23:56:55--014348]21.jpg,TRLU8984373 22G1
[2015-02-09 23:56:58--082790]recv conta req 25.jpg! 
[2015-02-09 23:56:58--971540]25.jpg, 
[2015-02-09 23:57:02--084935]recv conta req 29.jpg! 
[2015-02-09 23:57:02--701761]29.jpg,SEGU9039975 45R1
[2015-02-09 23:57:06--087411]recv conta req 33.jpg! 
[2015-02-09 23:57:07--005766]33.jpg,PHLU2031555 22G1
[2015-02-09 23:57:10--091502]recv conta req 2.jpg! 
[2015-02-09 23:57:13--956062]2.jpg,GESU5520648 45G1
[2015-02-09 23:57:14--093153]recv conta req 6.jpg! 
[2015-02-09 23:57:16--385176]6.jpg,MRKU8566960 22G1
[2015-02-09 23:57:18--097472]recv conta req 10.jpg! 
[2015-02-09 23:57:22--101803]recv conta req 14.jpg! 
[2015-02-09 23:57:26--102179]recv conta req 18.jpg! 
[2015-02-09 23:57:27--836438]18.jpg,CRXU1866805 22G1
[2015-02-09 23:57:29--250637]10.jpg,CSLU1475718 22G1
[2015-02-09 23:57:29--685063]14.jpg,MRKU9670500 22G1
[2015-02-09 23:57:30--105015]recv conta req 22.jpg! 
[2015-02-09 23:57:30--730935]22.jpg,TCLU2873584 22G1
[2015-02-09 23:57:34--110043]recv conta req 26.jpg! 
[2015-02-09 23:57:35--022484]26.jpg,CRSU9147318 45G1
[2015-02-09 23:57:38--110142]recv conta req 30.jpg! 
[2015-02-09 23:57:38--725082]30.jpg,CMAU4559732 45G1
[2015-02-09 23:57:42--114079]recv conta req 34.jpg! 
[2015-02-09 23:57:42--911687]34.jpg,CMAU4555275 45G1
[2015-02-09 23:57:46--116873]recv conta req 3.jpg! 
[2015-02-09 23:57:49--901826]3.jpg,EITU1067234 45G1
[2015-02-09 23:57:50--120168]recv conta req 7.jpg! 
[2015-02-09 23:57:54--126466]recv conta req 11.jpg! 
[2015-02-09 23:57:58--125105]recv conta req 15.jpg! 
[2015-02-09 23:58:02--126509]recv conta req 19.jpg! 
[2015-02-09 23:58:02--766389]15.jpg,MAXU2423284 
[2015-02-09 23:58:03--538474]11.jpg,MSKU0004911 45G1
[2015-02-09 23:58:03--858026]19.jpg,MSKU1685954 45G1
[2015-02-09 23:58:03--950886]7.jpg, 
[2015-02-09 23:58:06--134491]recv conta req 23.jpg! 
[2015-02-09 23:58:07--027356]23.jpg,APHU6639762 45G1
[2015-02-09 23:58:10--134722]recv conta req 27.jpg! 
[2015-02-09 23:58:11--176018]27.jpg,MRKU0995640 42G1
[2015-02-09 23:58:14--135112]recv conta req 31.jpg! 
[2015-02-09 23:58:14--871791]31.jpg,WSDU4921322 45G1
[2015-02-09 23:58:18--141457]recv conta req 35.jpg! 
[2015-02-09 23:58:19--106162]35.jpg,WSDU4920250 45G1
[2015-02-09 23:58:22--141792]recv conta req 4.jpg! 
[2015-02-09 23:58:23--730031]4.jpg,MSKU4011903 22G1
[2015-02-09 23:58:26--145231]recv conta req 8.jpg! 
[2015-02-09 23:58:30--146842]recv conta req 12.jpg! 
[2015-02-09 23:58:33--839442]8.jpg,CCLU6287245 45G1
[2015-02-09 23:58:34--147719]recv conta req 16.jpg! 
[2015-02-09 23:58:35--668231]16.jpg,TEMU3075040 22G1
[2015-02-09 23:58:38--151577]recv conta req 20.jpg! 
[2015-02-09 23:58:39--483626]20.jpg,FCIU4591874 22G1
[2015-02-09 23:58:40--637810]12.jpg,MEDU1861156 22G1
[2015-02-09 23:58:42--153670]recv conta req 24.jpg! 
[2015-02-09 23:58:42--818641]24.jpg,SEGU1904022 22G1
[2015-02-09 23:58:46--155955]recv conta req 28.jpg! 
[2015-02-09 23:58:46--985766]28.jpg,FCIU8609740 45G1
[2015-02-09 23:58:50--157709]recv conta req 32.jpg! 
[2015-02-09 23:58:50--845617]32.jpg,CITU1173790 45G1
[2015-02-09 23:58:54--161272]recv conta req 1.jpg! 
[2015-02-09 23:58:55--915794]1.jpg,MSKU9550132 45G1
[2015-02-09 23:58:58--162806]recv conta req 5.jpg! 
[2015-02-09 23:59:01--015762]5.jpg,IIIU7???46? 22G1
[2015-02-09 23:59:02--167758]recv conta req 9.jpg! 
[2015-02-09 23:59:06--171735]recv conta req 13.jpg! 
[2015-02-09 23:59:10--170735]recv conta req 17.jpg! 
[2015-02-09 23:59:10--216357]9.jpg,MRKU3324814 45G1
[2015-02-09 23:59:12--097876]17.jpg,SEGU1445915 22G1
[2015-02-09 23:59:14--174065]recv conta req 21.jpg! 
[2015-02-09 23:59:15--206614]21.jpg,TRLU8984373 22G1
[2015-02-09 23:59:15--251518]13.jpg,FSCU7372776 22G1
[2015-02-09 23:59:18--175204]recv conta req 25.jpg! 
[2015-02-09 23:59:18--822821]25.jpg, 
[2015-02-09 23:59:22--177401]recv conta req 29.jpg! 
[2015-02-09 23:59:22--823209]29.jpg,SEGU9039975 45R1
[2015-02-09 23:59:26--181233]recv conta req 33.jpg! 
[2015-02-09 23:59:27--018231]33.jpg,PHLU2031555 22G1
[2015-02-09 23:59:30--183655]recv conta req 2.jpg! 
[2015-02-09 23:59:34--130045]2.jpg,GESU5520648 45G1
[2015-02-09 23:59:34--186609]recv conta req 6.jpg! 
[2015-02-09 23:59:36--646285]6.jpg,MRKU8566960 22G1
[2015-02-09 23:59:38--189932]recv conta req 10.jpg! 
[2015-02-09 23:59:42--191288]recv conta req 14.jpg! 
[2015-02-09 23:59:46--193612]recv conta req 18.jpg! 
[2015-02-09 23:59:46--598659]10.jpg,CSLU1475718 22G1
[2015-02-09 23:59:48--181606]18.jpg,CRXU1866805 22G1
[2015-02-09 23:59:49--956000]14.jpg,MRKU9670500 22G1
[2015-02-09 23:59:50--194830]recv conta req 22.jpg! 
[2015-02-09 23:59:50--869600]22.jpg,TCLU2873584 22G1
[2015-02-09 23:59:54--199274]recv conta req 26.jpg! 
[2015-02-09 23:59:55--039547]26.jpg,CRSU9147318 45G1
[2015-02-09 23:59:58--200892]recv conta req 30.jpg! 
[2015-02-09 23:59:58--836222]30.jpg,CMAU4559732 45G1
[2015-02-10 00:00:02--203260]recv conta req 34.jpg! 
[2015-02-10 00:00:02--938658]34.jpg,CMAU4555275 45G1
[2015-02-10 00:00:06--205698]recv conta req 3.jpg! 
[2015-02-10 00:00:10--098627]3.jpg,EITU1067234 45G1
[2015-02-10 00:00:10--210040]recv conta req 7.jpg! 
[2015-02-10 00:00:14--213929]recv conta req 11.jpg! 
[2015-02-10 00:00:18--214696]recv conta req 15.jpg! 
[2015-02-10 00:00:22--216569]recv conta req 19.jpg! 
[2015-02-10 00:00:23--983627]15.jpg,MAXU2423284 
[2015-02-10 00:00:24--095892]19.jpg,MSKU1685954 45G1
[2015-02-10 00:00:24--688651]7.jpg, 
[2015-02-10 00:00:24--754865]11.jpg,MSKU0004911 45G1
[2015-02-10 00:00:26--217494]recv conta req 23.jpg! 
[2015-02-10 00:00:26--870534]23.jpg,APHU6639762 45G1
[2015-02-10 00:00:30--219622]recv conta req 27.jpg! 
[2015-02-10 00:00:31--014488]27.jpg,MRKU0995640 42G1
[2015-02-10 00:00:34--222949]recv conta req 31.jpg! 
[2015-02-10 00:00:34--920060]31.jpg,WSDU4921322 45G1
[2015-02-10 00:00:38--225311]recv conta req 35.jpg! 
[2015-02-10 00:00:38--992497]35.jpg,WSDU4920250 45G1
[2015-02-10 00:00:42--227914]recv conta req 4.jpg! 
[2015-02-10 00:00:43--758678]4.jpg,MSKU4011903 22G1
[2015-02-10 00:00:46--231056]recv conta req 8.jpg! 
[2015-02-10 00:00:50--233367]recv conta req 12.jpg! 
[2015-02-10 00:00:52--385499]8.jpg,CCLU6287245 45G1
[2015-02-10 00:00:54--234416]recv conta req 16.jpg! 
[2015-02-10 00:00:56--112444]16.jpg,TEMU3075040 22G1
[2015-02-10 00:00:58--237549]recv conta req 20.jpg! 
[2015-02-10 00:00:59--793760]20.jpg,FCIU4591874 22G1
[2015-02-10 00:01:00--429941]12.jpg,MEDU1861156 22G1
[2015-02-10 00:01:02--239681]recv conta req 24.jpg! 
[2015-02-10 00:01:03--145670]24.jpg,SEGU1904022 22G1
[2015-02-10 00:01:06--243960]recv conta req 28.jpg! 
[2015-02-10 00:01:07--436511]28.jpg,FCIU8609740 45G1
[2015-02-10 00:01:10--244297]recv conta req 32.jpg! 
[2015-02-10 00:01:10--933790]32.jpg,CITU1173790 45G1
[2015-02-10 00:01:14--248540]recv conta req 1.jpg! 
[2015-02-10 00:01:15--992357]1.jpg,MSKU9550132 45G1
[2015-02-10 00:01:18--249421]recv conta req 5.jpg! 
[2015-02-10 00:01:21--175698]5.jpg,IIIU7???46? 22G1
[2015-02-10 00:01:22--254233]recv conta req 9.jpg! 
[2015-02-10 00:01:26--256185]recv conta req 13.jpg! 
[2015-02-10 00:01:30--257698]recv conta req 17.jpg! 
[2015-02-10 00:01:31--728297]9.jpg,MRKU3324814 45G1
[2015-02-10 00:01:32--607520]17.jpg,SEGU1445915 22G1
[2015-02-10 00:01:34--260848]recv conta req 21.jpg! 
[2015-02-10 00:01:34--984323]13.jpg,FSCU7372776 22G1
[2015-02-10 00:01:35--304775]21.jpg,TRLU8984373 22G1
[2015-02-10 00:01:38--262719]recv conta req 25.jpg! 
[2015-02-10 00:01:38--919687]25.jpg, 
[2015-02-10 00:01:42--264814]recv conta req 29.jpg! 
[2015-02-10 00:01:42--905926]29.jpg,SEGU9039975 45R1
[2015-02-10 00:01:46--268009]recv conta req 33.jpg! 
[2015-02-10 00:01:47--153010]33.jpg,PHLU2031555 22G1
[2015-02-10 00:01:50--271768]recv conta req 2.jpg! 
[2015-02-10 00:01:54--114181]2.jpg,GESU5520648 45G1
[2015-02-10 00:01:54--272395]recv conta req 6.jpg! 
[2015-02-10 00:01:56--708275]6.jpg,MRKU8566960 22G1
[2015-02-10 00:01:58--276982]recv conta req 10.jpg! 
[2015-02-10 00:02:02--280092]recv conta req 14.jpg! 
[2015-02-10 00:02:06--280094]recv conta req 18.jpg! 
[2015-02-10 00:02:08--332760]18.jpg,CRXU1866805 22G1
[2015-02-10 00:02:09--190318]14.jpg,MRKU9670500 22G1
[2015-02-10 00:02:09--426736]10.jpg,CSLU1475718 22G1
[2015-02-10 00:02:10--282165]recv conta req 22.jpg! 
[2015-02-10 00:02:10--939024]22.jpg,TCLU2873584 22G1
[2015-02-10 00:02:14--285188]recv conta req 26.jpg! 
[2015-02-10 00:02:15--000151]26.jpg,CRSU9147318 45G1
[2015-02-10 00:02:18--287456]recv conta req 30.jpg! 
[2015-02-10 00:02:18--950709]30.jpg,CMAU4559732 45G1
[2015-02-10 00:02:22--290377]recv conta req 34.jpg! 
[2015-02-10 00:02:23--053801]34.jpg,CMAU4555275 45G1
[2015-02-10 00:02:26--292251]recv conta req 3.jpg! 
[2015-02-10 00:02:30--298553]recv conta req 7.jpg! 
[2015-02-10 00:02:30--305211]3.jpg,EITU1067234 45G1
[2015-02-10 00:02:34--298149]recv conta req 11.jpg! 
[2015-02-10 00:02:38--301493]recv conta req 15.jpg! 
[2015-02-10 00:02:40--960556]7.jpg, 
[2015-02-10 00:02:42--302227]recv conta req 19.jpg! 
[2015-02-10 00:02:43--388461]19.jpg,MSKU1685954 45G1
[2015-02-10 00:02:44--168190]15.jpg,MAXU2423284 
[2015-02-10 00:02:44--712915]11.jpg,MSKU0004911 45G1
[2015-02-10 00:02:46--304957]recv conta req 23.jpg! 
[2015-02-10 00:02:46--971321]23.jpg,APHU6639762 45G1
[2015-02-10 00:02:50--307083]recv conta req 27.jpg! 
[2015-02-10 00:02:51--097973]27.jpg,MRKU0995640 42G1
[2015-02-10 00:02:54--309489]recv conta req 31.jpg! 
[2015-02-10 00:02:55--026752]31.jpg,WSDU4921322 45G1
[2015-02-10 00:02:58--312450]recv conta req 35.jpg! 
[2015-02-10 00:02:59--103222]35.jpg,WSDU4920250 45G1
[2015-02-10 00:03:02--314942]recv conta req 4.jpg! 
[2015-02-10 00:03:03--837743]4.jpg,MSKU4011903 22G1
[2015-02-10 00:03:06--320824]recv conta req 8.jpg! 
[2015-02-10 00:03:10--323127]recv conta req 12.jpg! 
[2015-02-10 00:03:12--046530]8.jpg,CCLU6287245 45G1
[2015-02-10 00:03:14--321671]recv conta req 16.jpg! 
[2015-02-10 00:03:16--192051]16.jpg,TEMU3075040 22G1
[2015-02-10 00:03:18--325585]recv conta req 20.jpg! 
[2015-02-10 00:03:19--906508]20.jpg,FCIU4591874 22G1
[2015-02-10 00:03:20--657602]12.jpg,MEDU1861156 22G1
[2015-02-10 00:03:22--329036]recv conta req 24.jpg! 
[2015-02-10 00:03:23--014092]24.jpg,SEGU1904022 22G1
[2015-02-10 00:03:26--332666]recv conta req 28.jpg! 
[2015-02-10 00:03:27--174280]28.jpg,FCIU8609740 45G1
[2015-02-10 00:03:30--335796]recv conta req 32.jpg! 
[2015-02-10 00:03:31--019125]32.jpg,CITU1173790 45G1
[2015-02-10 00:03:34--342263]recv conta req 1.jpg! 
[2015-02-10 00:03:36--187710]1.jpg,MSKU9550132 45G1
[2015-02-10 00:03:38--344419]recv conta req 5.jpg! 
[2015-02-10 00:03:41--264292]5.jpg,IIIU7???46? 22G1
[2015-02-10 00:03:42--352682]recv conta req 9.jpg! 
[2015-02-10 00:03:46--354620]recv conta req 13.jpg! 
[2015-02-10 00:03:50--356106]recv conta req 17.jpg! 
[2015-02-10 00:03:52--605694]17.jpg,SEGU1445915 22G1
[2015-02-10 00:03:52--689419]9.jpg,MRKU3324814 45G1
[2015-02-10 00:03:54--360336]recv conta req 21.jpg! 
[2015-02-10 00:03:55--115850]13.jpg,FSCU7372776 22G1
[2015-02-10 00:03:55--424010]21.jpg,TRLU8984373 22G1
[2015-02-10 00:03:58--362886]recv conta req 25.jpg! 
[2015-02-10 00:03:59--024145]25.jpg, 
[2015-02-10 00:04:02--367324]recv conta req 29.jpg! 
[2015-02-10 00:04:03--012600]29.jpg,SEGU9039975 45R1
[2015-02-10 00:04:06--372313]recv conta req 33.jpg! 
[2015-02-10 00:04:07--273065]33.jpg,PHLU2031555 22G1
[2015-02-10 00:04:10--377612]recv conta req 2.jpg! 
[2015-02-10 00:04:14--213591]2.jpg,GESU5520648 45G1
[2015-02-10 00:04:14--380513]recv conta req 6.jpg! 
[2015-02-10 00:04:16--864760]6.jpg,MRKU8566960 22G1
[2015-02-10 00:04:18--384609]recv conta req 10.jpg! 
[2015-02-10 00:04:22--388140]recv conta req 14.jpg! 
[2015-02-10 00:04:26--391648]recv conta req 18.jpg! 
[2015-02-10 00:04:26--725734]10.jpg,CSLU1475718 22G1
[2015-02-10 00:04:27--508604]18.jpg,CRXU1866805 22G1
[2015-02-10 00:04:30--209690]14.jpg,MRKU9670500 22G1
[2015-02-10 00:04:30--394438]recv conta req 22.jpg! 
[2015-02-10 00:04:31--069186]22.jpg,TCLU2873584 22G1
[2015-02-10 00:04:34--399732]recv conta req 26.jpg! 
[2015-02-10 00:04:35--220284]26.jpg,CRSU9147318 45G1
[2015-02-10 00:04:38--402980]recv conta req 30.jpg! 
[2015-02-10 00:04:39--031668]30.jpg,CMAU4559732 45G1
[2015-02-10 00:04:42--406494]recv conta req 34.jpg! 
[2015-02-10 00:04:43--127119]34.jpg,CMAU4555275 45G1
[2015-02-10 00:04:46--410780]recv conta req 3.jpg! 
[2015-02-10 00:04:50--304304]3.jpg,EITU1067234 45G1
[2015-02-10 00:04:50--417916]recv conta req 7.jpg! 
[2015-02-10 00:04:54--420166]recv conta req 11.jpg! 
[2015-02-10 00:04:58--423156]recv conta req 15.jpg! 
[2015-02-10 00:05:02--422768]recv conta req 19.jpg! 
[2015-02-10 00:05:03--143527]7.jpg, 
[2015-02-10 00:05:03--841842]15.jpg,MAXU2423284 
[2015-02-10 00:05:04--211147]19.jpg,MSKU1685954 45G1
[2015-02-10 00:05:04--449607]11.jpg,MSKU0004911 45G1
[2015-02-10 00:05:06--426523]recv conta req 23.jpg! 
[2015-02-10 00:05:07--065276]23.jpg,APHU6639762 45G1
[2015-02-10 00:05:10--432287]recv conta req 27.jpg! 
[2015-02-10 00:05:11--419425]27.jpg,MRKU0995640 42G1
[2015-02-10 00:05:14--434309]recv conta req 31.jpg! 
[2015-02-10 00:05:15--153039]31.jpg,WSDU4921322 45G1
[2015-02-10 00:05:18--438857]recv conta req 35.jpg! 
[2015-02-10 00:05:19--230073]35.jpg,WSDU4920250 45G1
[2015-02-10 00:05:22--442263]recv conta req 4.jpg! 
[2015-02-10 00:05:23--977027]4.jpg,MSKU4011903 22G1
[2015-02-10 00:05:26--449203]recv conta req 8.jpg! 
[2015-02-10 00:05:30--452458]recv conta req 12.jpg! 
[2015-02-10 00:05:33--915740]8.jpg,CCLU6287245 45G1
[2015-02-10 00:05:34--453525]recv conta req 16.jpg! 
[2015-02-10 00:05:36--465194]16.jpg,TEMU3075040 22G1
[2015-02-10 00:05:38--456853]recv conta req 20.jpg! 
[2015-02-10 00:05:40--054780]20.jpg,FCIU4591874 22G1
[2015-02-10 00:05:40--974137]12.jpg,MEDU1861156 22G1
[2015-02-10 00:05:42--459219]recv conta req 24.jpg! 
[2015-02-10 00:05:43--137276]24.jpg,SEGU1904022 22G1
[2015-02-10 00:05:46--461937]recv conta req 28.jpg! 
[2015-02-10 00:05:47--301399]28.jpg,FCIU8609740 45G1
[2015-02-10 00:05:50--464890]recv conta req 32.jpg! 
[2015-02-10 00:05:51--149366]32.jpg,CITU1173790 45G1
[2015-02-10 00:05:54--470864]recv conta req 1.jpg! 
[2015-02-10 00:05:56--178083]1.jpg,MSKU9550132 45G1
[2015-02-10 00:05:58--472456]recv conta req 5.jpg! 
[2015-02-10 00:06:01--366394]5.jpg,IIIU7???46? 22G1
[2015-02-10 00:06:02--477109]recv conta req 9.jpg! 
[2015-02-10 00:06:06--480494]recv conta req 13.jpg! 
[2015-02-10 00:06:10--483595]recv conta req 17.jpg! 
[2015-02-10 00:06:10--551099]9.jpg,MRKU3324814 45G1
[2015-02-10 00:06:12--396003]17.jpg,SEGU1445915 22G1
[2015-02-10 00:06:14--486521]recv conta req 21.jpg! 
[2015-02-10 00:06:15--050124]13.jpg,FSCU7372776 22G1
[2015-02-10 00:06:15--580700]21.jpg,TRLU8984373 22G1
[2015-02-10 00:06:18--490180]recv conta req 25.jpg! 
[2015-02-10 00:06:19--123053]25.jpg, 
[2015-02-10 00:06:22--494054]recv conta req 29.jpg! 
[2015-02-10 00:06:23--138203]29.jpg,SEGU9039975 45R1
[2015-02-10 00:06:26--497949]recv conta req 33.jpg! 
[2015-02-10 00:06:27--394897]33.jpg,PHLU2031555 22G1
[2015-02-10 00:06:30--503837]recv conta req 2.jpg! 
[2015-02-10 00:06:34--360923]2.jpg,GESU5520648 45G1
[2015-02-10 00:06:34--507338]recv conta req 6.jpg! 
[2015-02-10 00:06:36--949443]6.jpg,MRKU8566960 22G1
[2015-02-10 00:06:38--516411]recv conta req 10.jpg! 
[2015-02-10 00:06:42--520688]recv conta req 14.jpg! 
[2015-02-10 00:06:46--527157]recv conta req 18.jpg! 
[2015-02-10 00:06:48--873567]18.jpg,CRXU1866805 22G1
[2015-02-10 00:06:49--062308]10.jpg,CSLU1475718 22G1
[2015-02-10 00:06:50--529984]recv conta req 22.jpg! 
[2015-02-10 00:06:50--653561]14.jpg,MRKU9670500 22G1
[2015-02-10 00:06:51--169901]22.jpg,TCLU2873584 22G1
[2015-02-10 00:06:54--534625]recv conta req 26.jpg! 
[2015-02-10 00:06:55--246141]26.jpg,CRSU9147318 45G1
[2015-02-10 00:06:58--538972]recv conta req 30.jpg! 
[2015-02-10 00:06:59--153557]30.jpg,CMAU4559732 45G1
[2015-02-10 00:07:02--542467]recv conta req 34.jpg! 
[2015-02-10 00:07:03--285730]34.jpg,CMAU4555275 45G1
[2015-02-10 00:07:06--546681]recv conta req 3.jpg! 
[2015-02-10 00:07:10--432340]3.jpg,EITU1067234 45G1
[2015-02-10 00:07:10--554749]recv conta req 7.jpg! 
[2015-02-10 00:07:14--556921]recv conta req 11.jpg! 
[2015-02-10 00:07:18--560691]recv conta req 15.jpg! 
[2015-02-10 00:07:22--534038]15.jpg,MAXU2423284 
[2015-02-10 00:07:22--562718]recv conta req 19.jpg! 
[2015-02-10 00:07:23--916536]19.jpg,MSKU1685954 45G1
[2015-02-10 00:07:25--062386]7.jpg, 
[2015-02-10 00:07:25--171656]11.jpg,MSKU0004911 45G1
[2015-02-10 00:07:26--564238]recv conta req 23.jpg! 
[2015-02-10 00:07:27--182664]23.jpg,APHU6639762 45G1
[2015-02-10 00:07:30--567525]recv conta req 27.jpg! 
[2015-02-10 00:07:31--380338]27.jpg,MRKU0995640 42G1
[2015-02-10 00:07:34--573347]recv conta req 31.jpg! 
[2015-02-10 00:07:35--291175]31.jpg,WSDU4921322 45G1
[2015-02-10 00:07:38--576777]recv conta req 35.jpg! 
[2015-02-10 00:07:39--321218]35.jpg,WSDU4920250 45G1
[2015-02-10 00:07:42--580827]recv conta req 4.jpg! 
[2015-02-10 00:07:44--014297]4.jpg,MSKU4011903 22G1
[2015-02-10 00:07:46--587176]recv conta req 8.jpg! 
[2015-02-10 00:07:50--590349]recv conta req 12.jpg! 
[2015-02-10 00:07:54--489255]8.jpg,CCLU6287245 45G1
[2015-02-10 00:07:54--592844]recv conta req 16.jpg! 
[2015-02-10 00:07:56--497468]16.jpg,TEMU3075040 22G1
[2015-02-10 00:07:58--598169]recv conta req 20.jpg! 
[2015-02-10 00:07:59--743390]20.jpg,FCIU4591874 22G1
[2015-02-10 00:08:01--430159]12.jpg,MEDU1861156 22G1
[2015-02-10 00:08:02--600381]recv conta req 24.jpg! 
[2015-02-10 00:08:03--262290]24.jpg,SEGU1904022 22G1
[2015-02-10 00:08:06--605668]recv conta req 28.jpg! 
[2015-02-10 00:08:07--494654]28.jpg,FCIU8609740 45G1
[2015-02-10 00:08:10--608132]recv conta req 32.jpg! 
[2015-02-10 00:08:11--283354]32.jpg,CITU1173790 45G1
[2015-02-10 00:08:14--613376]recv conta req 1.jpg! 
[2015-02-10 00:08:16--315433]1.jpg,MSKU9550132 45G1
[2015-02-10 00:08:18--616097]recv conta req 5.jpg! 
[2015-02-10 00:08:21--374214]5.jpg,IIIU7???46? 22G1
[2015-02-10 00:08:22--623271]recv conta req 9.jpg! 
[2015-02-10 00:08:26--630015]recv conta req 13.jpg! 
[2015-02-10 00:08:30--629026]recv conta req 17.jpg! 
[2015-02-10 00:08:33--314878]17.jpg,SEGU1445915 22G1
[2015-02-10 00:08:33--615609]9.jpg,MRKU3324814 45G1
[2015-02-10 00:08:34--631901]recv conta req 21.jpg! 
[2015-02-10 00:08:35--297298]13.jpg,FSCU7372776 22G1
[2015-02-10 00:08:35--376208]21.jpg,TRLU8984373 22G1
[2015-02-10 00:08:38--635106]recv conta req 25.jpg! 
[2015-02-10 00:08:39--253808]25.jpg, 
[2015-02-10 00:08:42--638159]recv conta req 29.jpg! 
[2015-02-10 00:08:43--242677]29.jpg,SEGU9039975 45R1
[2015-02-10 00:08:46--642570]recv conta req 33.jpg! 
[2015-02-10 00:08:47--536082]33.jpg,PHLU2031555 22G1
[2015-02-10 00:08:50--647832]recv conta req 2.jpg! 
[2015-02-10 00:08:54--473229]2.jpg,GESU5520648 45G1
[2015-02-10 00:08:54--652380]recv conta req 6.jpg! 
[2015-02-10 00:08:57--014084]6.jpg,MRKU8566960 22G1
[2015-02-10 00:08:58--657110]recv conta req 10.jpg! 
[2015-02-10 00:09:02--661665]recv conta req 14.jpg! 
[2015-02-10 00:09:06--663793]recv conta req 18.jpg! 
[2015-02-10 00:09:07--881862]10.jpg,CSLU1475718 22G1
[2015-02-10 00:09:08--476832]18.jpg,CRXU1866805 22G1
[2015-02-10 00:09:10--667600]recv conta req 22.jpg! 
[2015-02-10 00:09:10--718799]14.jpg,MRKU9670500 22G1
[2015-02-10 00:09:11--294566]22.jpg,TCLU2873584 22G1
[2015-02-10 00:09:14--671229]recv conta req 26.jpg! 
[2015-02-10 00:09:15--354108]26.jpg,CRSU9147318 45G1
[2015-02-10 00:09:18--675817]recv conta req 30.jpg! 
[2015-02-10 00:09:19--282005]30.jpg,CMAU4559732 45G1
[2015-02-10 00:09:22--680350]recv conta req 34.jpg! 
[2015-02-10 00:09:23--385613]34.jpg,CMAU4555275 45G1
[2015-02-10 00:09:26--684260]recv conta req 3.jpg! 
[2015-02-10 00:09:30--403855]3.jpg,EITU1067234 45G1
[2015-02-10 00:09:30--690854]recv conta req 7.jpg! 
[2015-02-10 00:09:34--695604]recv conta req 11.jpg! 
[2015-02-10 00:09:38--701141]recv conta req 15.jpg! 
[2015-02-10 00:09:41--191060]7.jpg, 
[2015-02-10 00:09:42--700454]recv conta req 19.jpg! 
[2015-02-10 00:09:43--981255]15.jpg,MAXU2423284 
[2015-02-10 00:09:44--188532]19.jpg,MSKU1685954 45G1
[2015-02-10 00:09:44--686749]11.jpg,MSKU0004911 45G1
[2015-02-10 00:09:46--704571]recv conta req 23.jpg! 
[2015-02-10 00:09:47--313189]23.jpg,APHU6639762 45G1
[2015-02-10 00:09:50--708953]recv conta req 27.jpg! 
[2015-02-10 00:09:51--507221]27.jpg,MRKU0995640 42G1
[2015-02-10 00:09:54--713379]recv conta req 31.jpg! 
[2015-02-10 00:09:55--364052]31.jpg,WSDU4921322 45G1
[2015-02-10 00:09:58--719463]recv conta req 35.jpg! 
[2015-02-10 00:09:59--494633]35.jpg,WSDU4920250 45G1
[2015-02-10 00:10:02--721682]recv conta req 4.jpg! 
[2015-02-10 00:10:04--171831]4.jpg,MSKU4011903 22G1
[2015-02-10 00:10:06--730642]recv conta req 8.jpg! 
[2015-02-10 00:10:10--732025]recv conta req 12.jpg! 
[2015-02-10 00:10:12--468773]8.jpg,CCLU6287245 45G1
[2015-02-10 00:10:14--735318]recv conta req 16.jpg! 
[2015-02-10 00:10:16--162859]16.jpg,TEMU3075040 22G1
[2015-02-10 00:10:18--738822]recv conta req 20.jpg! 
[2015-02-10 00:10:20--384785]20.jpg,FCIU4591874 22G1
[2015-02-10 00:10:20--856049]12.jpg,MEDU1861156 22G1
[2015-02-10 00:10:22--743171]recv conta req 24.jpg! 
[2015-02-10 00:10:23--363833]24.jpg,SEGU1904022 22G1
[2015-02-10 00:10:26--746371]recv conta req 28.jpg! 
[2015-02-10 00:10:27--565824]28.jpg,FCIU8609740 45G1
[2015-02-10 00:10:30--749266]recv conta req 32.jpg! 
[2015-02-10 00:10:31--429322]32.jpg,CITU1173790 45G1
[2015-02-10 00:10:34--755351]recv conta req 1.jpg! 
[2015-02-10 00:10:36--426293]1.jpg,MSKU9550132 45G1
[2015-02-10 00:10:38--757194]recv conta req 5.jpg! 
[2015-02-10 00:10:41--498382]5.jpg,IIIU7???46? 22G1
[2015-02-10 00:10:42--768427]recv conta req 9.jpg! 
[2015-02-10 00:10:46--770297]recv conta req 13.jpg! 
[2015-02-10 00:10:50--770934]recv conta req 17.jpg! 
[2015-02-10 00:10:50--922353]9.jpg,MRKU3324814 45G1
[2015-02-10 00:10:51--686084]17.jpg,SEGU1445915 22G1
[2015-02-10 00:10:54--773220]recv conta req 21.jpg! 
[2015-02-10 00:10:55--343887]13.jpg,FSCU7372776 22G1
[2015-02-10 00:10:55--582509]21.jpg,TRLU8984373 22G1
[2015-02-10 00:10:58--775708]recv conta req 25.jpg! 
[2015-02-10 00:10:59--368653]25.jpg, 
[2015-02-10 00:11:02--780528]recv conta req 29.jpg! 
[2015-02-10 00:11:03--370365]29.jpg,SEGU9039975 45R1
[2015-02-10 00:11:06--785382]recv conta req 33.jpg! 
[2015-02-10 00:11:07--676067]33.jpg,PHLU2031555 22G1
[2015-02-10 00:11:10--790610]recv conta req 2.jpg! 
[2015-02-10 00:11:14--613717]2.jpg,GESU5520648 45G1
[2015-02-10 00:11:14--794877]recv conta req 6.jpg! 
[2015-02-10 00:11:17--152485]6.jpg,MRKU8566960 22G1
[2015-02-10 00:11:18--800133]recv conta req 10.jpg! 
[2015-02-10 00:11:22--804054]recv conta req 14.jpg! 
[2015-02-10 00:11:26--808177]recv conta req 18.jpg! 
[2015-02-10 00:11:29--013846]18.jpg,CRXU1866805 22G1
[2015-02-10 00:11:29--885040]10.jpg,CSLU1475718 22G1
[2015-02-10 00:11:30--405285]14.jpg,MRKU9670500 22G1
[2015-02-10 00:11:30--807306]recv conta req 22.jpg! 
[2015-02-10 00:11:31--410359]22.jpg,TCLU2873584 22G1
[2015-02-10 00:11:34--812037]recv conta req 26.jpg! 
[2015-02-10 00:11:35--490431]26.jpg,CRSU9147318 45G1
[2015-02-10 00:11:38--816446]recv conta req 30.jpg! 
[2015-02-10 00:11:39--400590]30.jpg,CMAU4559732 45G1
[2015-02-10 00:11:42--819442]recv conta req 34.jpg! 
[2015-02-10 00:11:43--559232]34.jpg,CMAU4555275 45G1
[2015-02-10 00:11:46--824349]recv conta req 3.jpg! 
[2015-02-10 00:11:50--586831]3.jpg,EITU1067234 45G1
[2015-02-10 00:11:50--829873]recv conta req 7.jpg! 
[2015-02-10 00:11:54--835782]recv conta req 11.jpg! 
[2015-02-10 00:11:58--839078]recv conta req 15.jpg! 
[2015-02-10 00:12:02--839603]recv conta req 19.jpg! 
[2015-02-10 00:12:03--558999]11.jpg,MSKU0004911 45G1
[2015-02-10 00:12:04--237713]15.jpg,MAXU2423284 
[2015-02-10 00:12:04--490663]7.jpg, 
[2015-02-10 00:12:04--616606]19.jpg,MSKU1685954 45G1
[2015-02-10 00:12:06--842229]recv conta req 23.jpg! 
[2015-02-10 00:12:07--442823]23.jpg,APHU6639762 45G1
[2015-02-10 00:12:10--845498]recv conta req 27.jpg! 
[2015-02-10 00:12:11--633424]27.jpg,MRKU0995640 42G1
[2015-02-10 00:12:14--850043]recv conta req 31.jpg! 
[2015-02-10 00:12:15--511522]31.jpg,WSDU4921322 45G1
[2015-02-10 00:12:18--852399]recv conta req 35.jpg! 
[2015-02-10 00:12:19--596556]35.jpg,WSDU4920250 45G1
[2015-02-10 00:12:22--858060]recv conta req 4.jpg! 
[2015-02-10 00:12:24--280101]4.jpg,MSKU4011903 22G1
[2015-02-10 00:12:26--863754]recv conta req 8.jpg! 
[2015-02-10 00:12:30--865368]recv conta req 12.jpg! 
[2015-02-10 00:12:32--054653]8.jpg,CCLU6287245 45G1
[2015-02-10 00:12:34--866884]recv conta req 16.jpg! 
[2015-02-10 00:12:36--802512]16.jpg,TEMU3075040 22G1
[2015-02-10 00:12:38--872601]recv conta req 20.jpg! 
[2015-02-10 00:12:40--038665]20.jpg,FCIU4591874 22G1
[2015-02-10 00:12:41--298091]12.jpg,MEDU1861156 22G1
[2015-02-10 00:12:42--874143]recv conta req 24.jpg! 
[2015-02-10 00:12:43--522831]24.jpg,SEGU1904022 22G1
[2015-02-10 00:12:46--876501]recv conta req 28.jpg! 
[2015-02-10 00:12:47--623047]28.jpg,FCIU8609740 45G1
[2015-02-10 00:12:50--879046]recv conta req 32.jpg! 
[2015-02-10 00:12:51--560036]32.jpg,CITU1173790 45G1
[2015-02-10 00:12:54--883631]recv conta req 1.jpg! 
[2015-02-10 00:12:56--603897]1.jpg,MSKU9550132 45G1
[2015-02-10 00:12:58--884328]recv conta req 5.jpg! 
[2015-02-10 00:13:01--634894]5.jpg,IIIU7???46? 22G1
[2015-02-10 00:13:02--890970]recv conta req 9.jpg! 
[2015-02-10 00:13:06--893582]recv conta req 13.jpg! 
[2015-02-10 00:13:10--896585]recv conta req 17.jpg! 
[2015-02-10 00:13:13--160557]9.jpg,MRKU3324814 45G1
[2015-02-10 00:13:13--331056]17.jpg,SEGU1445915 22G1
[2015-02-10 00:13:14--899162]recv conta req 21.jpg! 
[2015-02-10 00:13:15--194309]13.jpg,FSCU7372776 22G1
[2015-02-10 00:13:15--612991]21.jpg,TRLU8984373 22G1
[2015-02-10 00:13:18--901452]recv conta req 25.jpg! 
[2015-02-10 00:13:19--532668]25.jpg, 
[2015-02-10 00:13:22--903993]recv conta req 29.jpg! 
[2015-02-10 00:13:23--491575]29.jpg,SEGU9039975 45R1
[2015-02-10 00:13:26--907530]recv conta req 33.jpg! 
[2015-02-10 00:13:27--779949]33.jpg,PHLU2031555 22G1
[2015-02-10 00:13:30--909845]recv conta req 2.jpg! 
[2015-02-10 00:13:34--759755]2.jpg,GESU5520648 45G1
[2015-02-10 00:13:34--914107]recv conta req 6.jpg! 
[2015-02-10 00:13:37--194923]6.jpg,MRKU8566960 22G1
[2015-02-10 00:13:38--918776]recv conta req 10.jpg! 
[2015-02-10 00:13:42--919878]recv conta req 14.jpg! 
[2015-02-10 00:13:46--920896]recv conta req 18.jpg! 
[2015-02-10 00:13:48--922277]18.jpg,CRXU1866805 22G1
[2015-02-10 00:13:49--398517]10.jpg,CSLU1475718 22G1
[2015-02-10 00:13:50--131296]14.jpg,MRKU9670500 22G1
[2015-02-10 00:13:50--922875]recv conta req 22.jpg! 
[2015-02-10 00:13:51--546510]22.jpg,TCLU2873584 22G1
[2015-02-10 00:13:54--925681]recv conta req 26.jpg! 
[2015-02-10 00:13:55--658295]26.jpg,CRSU9147318 45G1
[2015-02-10 00:13:58--928264]recv conta req 30.jpg! 
[2015-02-10 00:13:59--531183]30.jpg,CMAU4559732 45G1
[2015-02-10 00:14:02--930742]recv conta req 34.jpg! 
[2015-02-10 00:14:03--632745]34.jpg,CMAU4555275 45G1
[2015-02-10 00:14:06--933215]recv conta req 3.jpg! 
[2015-02-10 00:14:10--659781]3.jpg,EITU1067234 45G1
[2015-02-10 00:14:10--937674]recv conta req 7.jpg! 
[2015-02-10 00:14:14--940672]recv conta req 11.jpg! 
[2015-02-10 00:14:18--941717]recv conta req 15.jpg! 
[2015-02-10 00:14:22--942690]recv conta req 19.jpg! 
[2015-02-10 00:14:24--105429]15.jpg,MAXU2423284 
[2015-02-10 00:14:24--152669]7.jpg, 
[2015-02-10 00:14:24--575202]19.jpg,MSKU1685954 45G1
[2015-02-10 00:14:24--693074]11.jpg,MSKU0004911 45G1
[2015-02-10 00:14:26--944864]recv conta req 23.jpg! 
[2015-02-10 00:14:27--585423]23.jpg,APHU6639762 45G1
[2015-02-10 00:14:30--947160]recv conta req 27.jpg! 
[2015-02-10 00:14:31--749260]27.jpg,MRKU0995640 42G1
[2015-02-10 00:14:34--950312]recv conta req 31.jpg! 
[2015-02-10 00:14:35--614403]31.jpg,WSDU4921322 45G1
[2015-02-10 00:14:38--952582]recv conta req 35.jpg! 
[2015-02-10 00:14:39--702049]35.jpg,WSDU4920250 45G1
[2015-02-10 00:14:42--955029]recv conta req 4.jpg! 
[2015-02-10 00:14:44--333863]4.jpg,MSKU4011903 22G1
[2015-02-10 00:14:46--957927]recv conta req 8.jpg! 
[2015-02-10 00:14:50--960841]recv conta req 12.jpg! 
[2015-02-10 00:14:52--107377]8.jpg,CCLU6287245 45G1
[2015-02-10 00:14:54--961788]recv conta req 16.jpg! 
[2015-02-10 00:14:56--686038]16.jpg,TEMU3075040 22G1
[2015-02-10 00:14:58--967531]recv conta req 20.jpg! 
[2015-02-10 00:15:00--155384]20.jpg,FCIU4591874 22G1
[2015-02-10 00:15:01--840731]12.jpg,MEDU1861156 22G1
[2015-02-10 00:15:02--967574]recv conta req 24.jpg! 
[2015-02-10 00:15:03--635652]24.jpg,SEGU1904022 22G1
[2015-02-10 00:15:06--969913]recv conta req 28.jpg! 
[2015-02-10 00:15:07--776424]28.jpg,FCIU8609740 45G1
[2015-02-10 00:15:10--971587]recv conta req 32.jpg! 
[2015-02-10 00:15:11--618623]32.jpg,CITU1173790 45G1
[2015-02-10 00:15:14--975187]recv conta req 1.jpg! 
[2015-02-10 00:15:16--666192]1.jpg,MSKU9550132 45G1
[2015-02-10 00:15:18--976540]recv conta req 5.jpg! 
[2015-02-10 00:15:21--666757]5.jpg,IIIU7???46? 22G1
[2015-02-10 00:15:22--979920]recv conta req 9.jpg! 
[2015-02-10 00:15:26--985157]recv conta req 13.jpg! 
[2015-02-10 00:15:30--984586]recv conta req 17.jpg! 
[2015-02-10 00:15:31--494308]9.jpg,MRKU3324814 45G1
[2015-02-10 00:15:33--242836]17.jpg,SEGU1445915 22G1
[2015-02-10 00:15:34--987626]recv conta req 21.jpg! 
[2015-02-10 00:15:35--007840]13.jpg,FSCU7372776 22G1
[2015-02-10 00:15:35--717757]21.jpg,TRLU8984373 22G1
[2015-02-10 00:15:38--989683]recv conta req 25.jpg! 
[2015-02-10 00:15:39--598455]25.jpg, 
[2015-02-10 00:15:42--991806]recv conta req 29.jpg! 
[2015-02-10 00:15:43--603051]29.jpg,SEGU9039975 45R1
[2015-02-10 00:15:46--995014]recv conta req 33.jpg! 
[2015-02-10 00:15:47--846265]33.jpg,PHLU2031555 22G1
[2015-02-10 00:15:50--997810]recv conta req 2.jpg! 
[2015-02-10 00:15:54--838874]2.jpg,GESU5520648 45G1
[2015-02-10 00:15:54--999344]recv conta req 6.jpg! 
[2015-02-10 00:15:57--322478]6.jpg,MRKU8566960 22G1
[2015-02-10 00:15:59--004080]recv conta req 10.jpg! 
[2015-02-10 00:16:03--006735]recv conta req 14.jpg! 
[2015-02-10 00:16:07--007731]recv conta req 18.jpg! 
[2015-02-10 00:16:08--674334]18.jpg,CRXU1866805 22G1
[2015-02-10 00:16:09--002548]10.jpg,CSLU1475718 22G1
[2015-02-10 00:16:11--009409]recv conta req 22.jpg! 
[2015-02-10 00:16:11--023453]14.jpg,MRKU9670500 22G1
[2015-02-10 00:16:11--597725]22.jpg,TCLU2873584 22G1
[2015-02-10 00:16:15--013271]recv conta req 26.jpg! 
[2015-02-10 00:16:15--748580]26.jpg,CRSU9147318 45G1
[2015-02-10 00:16:19--015056]recv conta req 30.jpg! 
[2015-02-10 00:16:19--599196]30.jpg,CMAU4559732 45G1
[2015-02-10 00:16:23--017539]recv conta req 34.jpg! 
[2015-02-10 00:16:23--717332]34.jpg,CMAU4555275 45G1
[2015-02-10 00:16:27--019575]recv conta req 3.jpg! 
[2015-02-10 00:16:30--852282]3.jpg,EITU1067234 45G1
[2015-02-10 00:16:31--024918]recv conta req 7.jpg! 
[2015-02-10 00:16:35--026032]recv conta req 11.jpg! 
[2015-02-10 00:16:39--027565]recv conta req 15.jpg! 
[2015-02-10 00:16:43--029334]recv conta req 19.jpg! 
[2015-02-10 00:16:44--026068]15.jpg,MAXU2423284 
[2015-02-10 00:16:44--412585]19.jpg,MSKU1685954 45G1
[2015-02-10 00:16:45--091643]11.jpg,MSKU0004911 45G1
[2015-02-10 00:16:45--892303]7.jpg, 
[2015-02-10 00:16:47--032240]recv conta req 23.jpg! 
[2015-02-10 00:16:47--662370]23.jpg,APHU6639762 45G1
[2015-02-10 00:16:51--033897]recv conta req 27.jpg! 
[2015-02-10 00:16:51--830736]27.jpg,MRKU0995640 42G1
[2015-02-10 00:16:55--037000]recv conta req 31.jpg! 
[2015-02-10 00:16:55--694939]31.jpg,WSDU4921322 45G1
[2015-02-10 00:16:59--039383]recv conta req 35.jpg! 
[2015-02-10 00:16:59--769920]35.jpg,WSDU4920250 45G1
[2015-02-10 00:17:03--041878]recv conta req 4.jpg! 
[2015-02-10 00:17:04--413775]4.jpg,MSKU4011903 22G1
[2015-02-10 00:17:07--048429]recv conta req 8.jpg! 
[2015-02-10 00:17:11--048241]recv conta req 12.jpg! 
[2015-02-10 00:17:14--649067]8.jpg,CCLU6287245 45G1
[2015-02-10 00:17:15--049366]recv conta req 16.jpg! 
[2015-02-10 00:17:16--502089]16.jpg,TEMU3075040 22G1
[2015-02-10 00:17:18--118054]12.jpg,MEDU1861156 22G1
[2015-02-10 00:17:19--054652]recv conta req 20.jpg! 
[2015-02-10 00:17:20--424173]20.jpg,FCIU4591874 22G1
[2015-02-10 00:17:23--055413]recv conta req 24.jpg! 
[2015-02-10 00:17:23--674332]24.jpg,SEGU1904022 22G1
[2015-02-10 00:17:27--057725]recv conta req 28.jpg! 
[2015-02-10 00:17:27--858060]28.jpg,FCIU8609740 45G1
[2015-02-10 00:17:31--059478]recv conta req 32.jpg! 
[2015-02-10 00:17:31--719260]32.jpg,CITU1173790 45G1
[2015-02-10 00:17:35--063096]recv conta req 1.jpg! 
[2015-02-10 00:17:36--817894]1.jpg,MSKU9550132 45G1
[2015-02-10 00:17:39--064641]recv conta req 5.jpg! 
[2015-02-10 00:17:41--861311]5.jpg,IIIU7???46? 22G1
[2015-02-10 00:17:43--068307]recv conta req 9.jpg! 
[2015-02-10 00:17:47--070025]recv conta req 13.jpg! 
[2015-02-10 00:17:51--072251]recv conta req 17.jpg! 
[2015-02-10 00:17:52--460545]9.jpg,MRKU3324814 45G1
[2015-02-10 00:17:53--523631]17.jpg,SEGU1445915 22G1
[2015-02-10 00:17:55--075125]recv conta req 21.jpg! 
[2015-02-10 00:17:55--969250]13.jpg,FSCU7372776 22G1
[2015-02-10 00:17:55--979178]21.jpg,TRLU8984373 22G1
[2015-02-10 00:17:59--077076]recv conta req 25.jpg! 
[2015-02-10 00:17:59--693234]25.jpg, 
[2015-02-10 00:18:03--079059]recv conta req 29.jpg! 
[2015-02-10 00:18:03--689610]29.jpg,SEGU9039975 45R1
[2015-02-10 00:18:07--082277]recv conta req 33.jpg! 
[2015-02-10 00:18:07--953266]33.jpg,PHLU2031555 22G1
[2015-02-10 00:18:11--085233]recv conta req 2.jpg! 
[2015-02-10 00:18:14--967285]2.jpg,GESU5520648 45G1
[2015-02-10 00:18:15--086652]recv conta req 6.jpg! 
[2015-02-10 00:18:17--500329]6.jpg,MRKU8566960 22G1
[2015-02-10 00:18:19--090460]recv conta req 10.jpg! 
[2015-02-10 00:18:23--092763]recv conta req 14.jpg! 
[2015-02-10 00:18:27--094437]recv conta req 18.jpg! 
[2015-02-10 00:18:28--796475]18.jpg,CRXU1866805 22G1
[2015-02-10 00:18:28--857082]10.jpg,CSLU1475718 22G1
[2015-02-10 00:18:30--152024]14.jpg,MRKU9670500 22G1
[2015-02-10 00:18:31--096247]recv conta req 22.jpg! 
[2015-02-10 00:18:31--699487]22.jpg,TCLU2873584 22G1
[2015-02-10 00:18:35--103226]recv conta req 26.jpg! 
[2015-02-10 00:18:36--133501]26.jpg,CRSU9147318 45G1
[2015-02-10 00:18:39--102368]recv conta req 30.jpg! 
[2015-02-10 00:18:39--739866]30.jpg,CMAU4559732 45G1
[2015-02-10 00:18:43--106640]recv conta req 34.jpg! 
[2015-02-10 00:18:43--899565]34.jpg,CMAU4555275 45G1
[2015-02-10 00:18:47--107950]recv conta req 3.jpg! 
[2015-02-10 00:18:50--851339]3.jpg,EITU1067234 45G1
[2015-02-10 00:18:51--111860]recv conta req 7.jpg! 
[2015-02-10 00:18:55--114693]recv conta req 11.jpg! 
[2015-02-10 00:18:59--118007]recv conta req 15.jpg! 
[2015-02-10 00:19:03--118605]recv conta req 19.jpg! 
[2015-02-10 00:19:04--117098]11.jpg,MSKU0004911 45G1
[2015-02-10 00:19:04--385673]15.jpg,MAXU2423284 
[2015-02-10 00:19:04--601378]19.jpg,MSKU1685954 45G1
[2015-02-10 00:19:04--882575]7.jpg, 
[2015-02-10 00:19:07--121852]recv conta req 23.jpg! 
[2015-02-10 00:19:07--807087]23.jpg,APHU6639762 45G1
[2015-02-10 00:19:11--126020]recv conta req 27.jpg! 
[2015-02-10 00:19:12--066907]27.jpg,MRKU0995640 42G1
[2015-02-10 00:19:15--127428]recv conta req 31.jpg! 
[2015-02-10 00:19:15--850058]31.jpg,WSDU4921322 45G1
[2015-02-10 00:19:19--131301]recv conta req 35.jpg! 
[2015-02-10 00:19:19--891186]35.jpg,WSDU4920250 45G1
[2015-02-10 00:19:23--133153]recv conta req 4.jpg! 
[2015-02-10 00:19:24--565663]4.jpg,MSKU4011903 22G1
[2015-02-10 00:19:27--137086]recv conta req 8.jpg! 
[2015-02-10 00:19:31--140103]recv conta req 12.jpg! 
[2015-02-10 00:19:32--483439]8.jpg,CCLU6287245 45G1
[2015-02-10 00:19:35--139818]recv conta req 16.jpg! 
[2015-02-10 00:19:36--622103]16.jpg,TEMU3075040 22G1
[2015-02-10 00:19:39--143874]recv conta req 20.jpg! 
[2015-02-10 00:19:40--092380]20.jpg,FCIU4591874 22G1
[2015-02-10 00:19:40--772489]12.jpg,MEDU1861156 22G1
[2015-02-10 00:19:43--149708]recv conta req 24.jpg! 
[2015-02-10 00:19:44--044706]24.jpg,SEGU1904022 22G1
[2015-02-10 00:19:47--152873]recv conta req 28.jpg! 
[2015-02-10 00:19:48--254351]28.jpg,FCIU8609740 45G1
[2015-02-10 00:19:51--151835]recv conta req 32.jpg! 
[2015-02-10 00:19:51--825951]32.jpg,CITU1173790 45G1
[2015-02-10 00:19:55--159512]recv conta req 1.jpg! 
[2015-02-10 00:19:57--213557]1.jpg,MSKU9550132 45G1
[2015-02-10 00:19:59--157688]recv conta req 5.jpg! 
[2015-02-10 00:20:01--992923]5.jpg,IIIU7???46? 22G1
[2015-02-10 00:20:03--162727]recv conta req 9.jpg! 
[2015-02-10 00:20:07--164516]recv conta req 13.jpg! 
[2015-02-10 00:20:11--165645]recv conta req 17.jpg! 
[2015-02-10 00:20:12--110155]9.jpg,MRKU3324814 45G1
[2015-02-10 00:20:13--434102]17.jpg,SEGU1445915 22G1
[2015-02-10 00:20:15--167983]recv conta req 21.jpg! 
[2015-02-10 00:20:15--492008]13.jpg,FSCU7372776 22G1
[2015-02-10 00:20:16--073244]21.jpg,TRLU8984373 22G1
[2015-02-10 00:20:19--173783]recv conta req 25.jpg! 
[2015-02-10 00:20:20--051953]25.jpg, 
[2015-02-10 00:20:23--175428]recv conta req 29.jpg! 
[2015-02-10 00:20:24--034720]29.jpg,SEGU9039975 45R1
[2015-02-10 00:20:27--176529]recv conta req 33.jpg! 
[2015-02-10 00:20:28--046911]33.jpg,PHLU2031555 22G1
[2015-02-10 00:20:31--179182]recv conta req 2.jpg! 
[2015-02-10 00:20:35--128748]2.jpg,GESU5520648 45G1
[2015-02-10 00:20:35--181471]recv conta req 6.jpg! 
[2015-02-10 00:20:37--659276]6.jpg,MRKU8566960 22G1
[2015-02-10 00:20:39--185922]recv conta req 10.jpg! 
[2015-02-10 00:20:43--187683]recv conta req 14.jpg! 
[2015-02-10 00:20:47--188664]recv conta req 18.jpg! 
[2015-02-10 00:20:48--500721]10.jpg,CSLU1475718 22G1
[2015-02-10 00:20:48--958091]18.jpg,CRXU1866805 22G1
[2015-02-10 00:20:51--190444]recv conta req 22.jpg! 
[2015-02-10 00:20:51--195269]14.jpg,MRKU9670500 22G1
[2015-02-10 00:20:51--797079]22.jpg,TCLU2873584 22G1
[2015-02-10 00:20:55--196948]recv conta req 26.jpg! 
[2015-02-10 00:20:56--145399]26.jpg,CRSU9147318 45G1
[2015-02-10 00:20:59--196560]recv conta req 30.jpg! 
[2015-02-10 00:20:59--818396]30.jpg,CMAU4559732 45G1
[2015-02-10 00:21:03--200030]recv conta req 34.jpg! 
[2015-02-10 00:21:03--970330]34.jpg,CMAU4555275 45G1
[2015-02-10 00:21:07--201513]recv conta req 3.jpg! 
[2015-02-10 00:21:11--026849]3.jpg,EITU1067234 45G1
[2015-02-10 00:21:11--206131]recv conta req 7.jpg! 
[2015-02-10 00:21:15--208127]recv conta req 11.jpg! 
[2015-02-10 00:21:19--210995]recv conta req 15.jpg! 
[2015-02-10 00:21:22--173782]7.jpg, 
[2015-02-10 00:21:23--212765]recv conta req 19.jpg! 
[2015-02-10 00:21:23--987225]11.jpg,MSKU0004911 45G1
[2015-02-10 00:21:24--582035]19.jpg,MSKU1685954 45G1
[2015-02-10 00:21:24--600981]15.jpg,MAXU2423284 
[2015-02-10 00:21:27--218171]recv conta req 23.jpg! 
[2015-02-10 00:21:28--084868]23.jpg,APHU6639762 45G1
[2015-02-10 00:21:31--218844]recv conta req 27.jpg! 
[2015-02-10 00:21:32--064176]27.jpg,MRKU0995640 42G1
[2015-02-10 00:21:35--223677]recv conta req 31.jpg! 
[2015-02-10 00:21:36--072568]31.jpg,WSDU4921322 45G1
[2015-02-10 00:21:39--227871]recv conta req 35.jpg! 
[2015-02-10 00:21:40--237747]35.jpg,WSDU4920250 45G1
[2015-02-10 00:21:43--226831]recv conta req 4.jpg! 
[2015-02-10 00:21:44--692007]4.jpg,MSKU4011903 22G1
[2015-02-10 00:21:47--232148]recv conta req 8.jpg! 
[2015-02-10 00:21:51--233205]recv conta req 12.jpg! 
[2015-02-10 00:21:53--605873]8.jpg,CCLU6287245 45G1
[2015-02-10 00:21:55--234348]recv conta req 16.jpg! 
[2015-02-10 00:21:57--137800]16.jpg,TEMU3075040 22G1
[2015-02-10 00:21:59--237500]recv conta req 20.jpg! 
[2015-02-10 00:22:00--471345]20.jpg,FCIU4591874 22G1
[2015-02-10 00:22:01--641432]12.jpg,MEDU1861156 22G1
[2015-02-10 00:22:03--243456]recv conta req 24.jpg! 
[2015-02-10 00:22:04--152335]24.jpg,SEGU1904022 22G1
[2015-02-10 00:22:07--245118]recv conta req 28.jpg! 
[2015-02-10 00:22:08--359998]28.jpg,FCIU8609740 45G1
[2015-02-10 00:22:11--246000]recv conta req 32.jpg! 
[2015-02-10 00:22:11--915010]32.jpg,CITU1173790 45G1
[2015-02-10 00:22:15--253881]recv conta req 1.jpg! 
[2015-02-10 00:22:17--315831]1.jpg,MSKU9550132 45G1
[2015-02-10 00:22:19--252122]recv conta req 5.jpg! 
[2015-02-10 00:22:22--053443]5.jpg,IIIU7???46? 22G1
[2015-02-10 00:22:23--257136]recv conta req 9.jpg! 
[2015-02-10 00:22:27--258374]recv conta req 13.jpg! 
[2015-02-10 00:22:31--259961]recv conta req 17.jpg! 
[2015-02-10 00:22:33--804600]17.jpg,SEGU1445915 22G1
[2015-02-10 00:22:34--241407]9.jpg,MRKU3324814 45G1
[2015-02-10 00:22:35--262738]recv conta req 21.jpg! 
[2015-02-10 00:22:35--804582]13.jpg,FSCU7372776 22G1
[2015-02-10 00:22:36--311432]21.jpg,TRLU8984373 22G1
[2015-02-10 00:22:39--265405]recv conta req 25.jpg! 
[2015-02-10 00:22:39--981219]25.jpg, 
[2015-02-10 00:22:43--268239]recv conta req 29.jpg! 
[2015-02-10 00:22:44--030984]29.jpg,SEGU9039975 45R1
[2015-02-10 00:22:47--271785]recv conta req 33.jpg! 
[2015-02-10 00:22:48--170184]33.jpg,PHLU2031555 22G1
[2015-02-10 00:22:51--276346]recv conta req 2.jpg! 
[2015-02-10 00:22:55--277464]recv conta req 6.jpg! 
[2015-02-10 00:22:55--520975]2.jpg,GESU5520648 45G1
[2015-02-10 00:22:57--832516]6.jpg,MRKU8566960 22G1
[2015-02-10 00:22:59--280147]recv conta req 10.jpg! 
[2015-02-10 00:23:03--284688]recv conta req 14.jpg! 
[2015-02-10 00:23:07--287517]recv conta req 18.jpg! 
[2015-02-10 00:23:10--493944]18.jpg,CRXU1866805 22G1
[2015-02-10 00:23:11--291211]recv conta req 22.jpg! 
[2015-02-10 00:23:12--699657]10.jpg,CSLU1475718 22G1
[2015-02-10 00:23:13--378264]22.jpg,TCLU2873584 22G1
[2015-02-10 00:23:13--715403]14.jpg,MRKU9670500 22G1
[2015-02-10 00:23:15--295879]recv conta req 26.jpg! 
[2015-02-10 00:23:16--174921]26.jpg,CRSU9147318 45G1
[2015-02-10 00:23:19--300301]recv conta req 30.jpg! 
[2015-02-10 00:23:20--094160]30.jpg,CMAU4559732 45G1
[2015-02-10 00:23:23--302749]recv conta req 34.jpg! 
[2015-02-10 00:23:24--244698]34.jpg,CMAU4555275 45G1
[2015-02-10 00:23:27--307573]recv conta req 3.jpg! 
[2015-02-10 00:23:31--312847]recv conta req 7.jpg! 
[2015-02-10 00:23:31--899651]3.jpg,EITU1067234 45G1
[2015-02-10 00:23:35--317284]recv conta req 11.jpg! 
[2015-02-10 00:23:39--321175]recv conta req 15.jpg! 
[2015-02-10 00:23:43--322088]recv conta req 19.jpg! 
[2015-02-10 00:23:45--963494]15.jpg,MAXU2423284 
[2015-02-10 00:23:46--275910]19.jpg,MSKU1685954 45G1
[2015-02-10 00:23:47--326139]recv conta req 23.jpg! 
[2015-02-10 00:23:48--460619]7.jpg, 
[2015-02-10 00:23:49--263090]23.jpg,APHU6639762 45G1
[2015-02-10 00:23:49--298982]11.jpg,MSKU0004911 45G1
[2015-02-10 00:23:51--329737]recv conta req 27.jpg! 
[2015-02-10 00:23:52--155467]27.jpg,MRKU0995640 42G1
[2015-02-10 00:23:55--335131]recv conta req 31.jpg! 
[2015-02-10 00:23:56--057968]31.jpg,WSDU4921322 45G1
[2015-02-10 00:23:59--337947]recv conta req 35.jpg! 
[2015-02-10 00:24:00--116537]35.jpg,WSDU4920250 45G1
[2015-02-10 00:24:03--344738]recv conta req 4.jpg! 
[2015-02-10 00:24:04--970644]4.jpg,MSKU4011903 22G1
[2015-02-10 00:24:07--351930]recv conta req 8.jpg! 
[2015-02-10 00:24:11--354394]recv conta req 12.jpg! 
[2015-02-10 00:24:14--250088]8.jpg,CCLU6287245 45G1
[2015-02-10 00:24:15--357255]recv conta req 16.jpg! 
[2015-02-10 00:24:16--901717]16.jpg,TEMU3075040 22G1
[2015-02-10 00:24:19--361486]recv conta req 20.jpg! 
[2015-02-10 00:24:20--677972]20.jpg,FCIU4591874 22G1
[2015-02-10 00:24:22--568307]12.jpg,MEDU1861156 22G1
[2015-02-10 00:24:23--364275]recv conta req 24.jpg! 
[2015-02-10 00:24:24--070350]24.jpg,SEGU1904022 22G1
[2015-02-10 00:24:27--369827]recv conta req 28.jpg! 
[2015-02-10 00:24:28--228521]28.jpg,FCIU8609740 45G1
[2015-02-10 00:24:31--372132]recv conta req 32.jpg! 
[2015-02-10 00:24:32--057892]32.jpg,CITU1173790 45G1
[2015-02-10 00:24:35--379443]recv conta req 1.jpg! 
[2015-02-10 00:24:37--265479]1.jpg,MSKU9550132 45G1
[2015-02-10 00:24:39--379174]recv conta req 5.jpg! 
[2015-02-10 00:24:42--348401]5.jpg,IIIU7???46? 22G1
[2015-02-10 00:24:43--387124]recv conta req 9.jpg! 
[2015-02-10 00:24:47--389515]recv conta req 13.jpg! 
[2015-02-10 00:24:51--392432]recv conta req 17.jpg! 
[2015-02-10 00:24:54--764371]17.jpg,SEGU1445915 22G1
[2015-02-10 00:24:54--884211]9.jpg,MRKU3324814 45G1
[2015-02-10 00:24:55--398997]recv conta req 21.jpg! 
[2015-02-10 00:24:57--495494]21.jpg,TRLU8984373 22G1
[2015-02-10 00:24:59--197631]13.jpg,FSCU7372776 22G1
[2015-02-10 00:24:59--402827]recv conta req 25.jpg! 
[2015-02-10 00:25:00--255760]25.jpg, 
[2015-02-10 00:25:03--404414]recv conta req 29.jpg! 
[2015-02-10 00:25:04--167902]29.jpg,SEGU9039975 45R1
[2015-02-10 00:25:07--409939]recv conta req 33.jpg! 
[2015-02-10 00:25:08--380150]33.jpg,PHLU2031555 22G1
[2015-02-10 00:25:11--417286]recv conta req 2.jpg! 
[2015-02-10 00:25:15--422232]recv conta req 6.jpg! 
[2015-02-10 00:25:16--101054]2.jpg,GESU5520648 45G1
[2015-02-10 00:25:18--375607]6.jpg,MRKU8566960 22G1
[2015-02-10 00:25:19--427681]recv conta req 10.jpg! 
[2015-02-10 00:25:23--430573]recv conta req 14.jpg! 
[2015-02-10 00:25:27--433886]recv conta req 18.jpg! 
[2015-02-10 00:25:29--590099]18.jpg,CRXU1866805 22G1
[2015-02-10 00:25:31--311120]14.jpg,MRKU9670500 22G1
[2015-02-10 00:25:31--434315]recv conta req 22.jpg! 
[2015-02-10 00:25:32--296295]22.jpg,TCLU2873584 22G1
[2015-02-10 00:25:32--571131]10.jpg,CSLU1475718 22G1
[2015-02-10 00:25:35--442778]recv conta req 26.jpg! 
[2015-02-10 00:25:36--431902]26.jpg,CRSU9147318 45G1
[2015-02-10 00:25:39--444026]recv conta req 30.jpg! 
[2015-02-10 00:25:40--092108]30.jpg,CMAU4559732 45G1
[2015-02-10 00:25:43--450709]recv conta req 34.jpg! 
[2015-02-10 00:25:44--234216]34.jpg,CMAU4555275 45G1
[2015-02-10 00:25:47--453660]recv conta req 3.jpg! 
[2015-02-10 00:25:51--342706]3.jpg,EITU1067234 45G1
[2015-02-10 00:25:51--465385]recv conta req 7.jpg! 
[2015-02-10 00:25:55--464668]recv conta req 11.jpg! 
[2015-02-10 00:25:59--466147]recv conta req 15.jpg! 
[2015-02-10 00:26:03--466516]recv conta req 19.jpg! 
[2015-02-10 00:26:05--513450]11.jpg,MSKU0004911 45G1
[2015-02-10 00:26:05--814473]19.jpg,MSKU1685954 45G1
[2015-02-10 00:26:06--183131]7.jpg, 
[2015-02-10 00:26:06--301363]15.jpg,MAXU2423284 
[2015-02-10 00:26:07--470093]recv conta req 23.jpg! 
[2015-02-10 00:26:08--142848]23.jpg,APHU6639762 45G1
[2015-02-10 00:26:11--476200]recv conta req 27.jpg! 
[2015-02-10 00:26:12--560101]27.jpg,MRKU0995640 42G1
[2015-02-10 00:26:15--479223]recv conta req 31.jpg! 
[2015-02-10 00:26:16--207778]31.jpg,WSDU4921322 45G1
[2015-02-10 00:26:19--486092]recv conta req 35.jpg! 
[2015-02-10 00:26:20--505893]35.jpg,WSDU4920250 45G1
[2015-02-10 00:26:23--486931]recv conta req 4.jpg! 
[2015-02-10 00:26:24--887634]4.jpg,MSKU4011903 22G1
[2015-02-10 00:26:27--494762]recv conta req 8.jpg! 
[2015-02-10 00:26:31--495673]recv conta req 12.jpg! 
[2015-02-10 00:26:33--118651]8.jpg,CCLU6287245 45G1
[2015-02-10 00:26:35--497559]recv conta req 16.jpg! 
[2015-02-10 00:26:37--267132]16.jpg,TEMU3075040 22G1
[2015-02-10 00:26:39--502287]recv conta req 20.jpg! 
[2015-02-10 00:26:40--714526]20.jpg,FCIU4591874 22G1
[2015-02-10 00:26:42--285046]12.jpg,MEDU1861156 22G1
[2015-02-10 00:26:43--507337]recv conta req 24.jpg! 
[2015-02-10 00:26:44--315045]24.jpg,SEGU1904022 22G1
[2015-02-10 00:26:47--511780]recv conta req 28.jpg! 
[2015-02-10 00:26:48--671715]28.jpg,FCIU8609740 45G1
[2015-02-10 00:26:51--513688]recv conta req 32.jpg! 
[2015-02-10 00:26:52--184956]32.jpg,CITU1173790 45G1
[2015-02-10 00:26:55--522032]recv conta req 1.jpg! 
[2015-02-10 00:26:57--231055]1.jpg,MSKU9550132 45G1
[2015-02-10 00:26:59--523165]recv conta req 5.jpg! 
[2015-02-10 00:27:02--272244]5.jpg,IIIU7???46? 22G1
[2015-02-10 00:27:03--532219]recv conta req 9.jpg! 
[2015-02-10 00:27:07--535821]recv conta req 13.jpg! 
[2015-02-10 00:27:11--538768]recv conta req 17.jpg! 
[2015-02-10 00:27:12--516782]9.jpg,MRKU3324814 45G1
[2015-02-10 00:27:13--868426]17.jpg,SEGU1445915 22G1
[2015-02-10 00:27:15--542230]recv conta req 21.jpg! 
[2015-02-10 00:27:16--280310]21.jpg,TRLU8984373 22G1
[2015-02-10 00:27:16--522541]13.jpg,FSCU7372776 22G1
[2015-02-10 00:27:19--547044]recv conta req 25.jpg! 
[2015-02-10 00:27:20--217375]25.jpg, 
[2015-02-10 00:27:23--550624]recv conta req 29.jpg! 
[2015-02-10 00:27:24--335503]29.jpg,SEGU9039975 45R1
[2015-02-10 00:27:27--554896]recv conta req 33.jpg! 
[2015-02-10 00:27:28--376513]33.jpg,PHLU2031555 22G1
[2015-02-10 00:27:31--560025]recv conta req 2.jpg! 
[2015-02-10 00:27:35--563317]recv conta req 6.jpg! 
[2015-02-10 00:27:35--567067]2.jpg,GESU5520648 45G1
[2015-02-10 00:27:37--931883]6.jpg,MRKU8566960 22G1
[2015-02-10 00:27:39--573281]recv conta req 10.jpg! 
[2015-02-10 00:27:43--572824]recv conta req 14.jpg! 
[2015-02-10 00:27:47--574484]recv conta req 18.jpg! 
[2015-02-10 00:27:49--043949]18.jpg,CRXU1866805 22G1
[2015-02-10 00:27:49--954647]10.jpg,CSLU1475718 22G1
[2015-02-10 00:27:50--342043]14.jpg,MRKU9670500 22G1
[2015-02-10 00:27:51--578551]recv conta req 22.jpg! 
[2015-02-10 00:27:52--193051]22.jpg,TCLU2873584 22G1
[2015-02-10 00:27:55--586000]recv conta req 26.jpg! 
[2015-02-10 00:27:56--471510]26.jpg,CRSU9147318 45G1
[2015-02-10 00:27:59--586936]recv conta req 30.jpg! 
[2015-02-10 00:28:00--186741]30.jpg,CMAU4559732 45G1
[2015-02-10 00:28:03--592266]recv conta req 34.jpg! 
[2015-02-10 00:28:04--329731]34.jpg,CMAU4555275 45G1
[2015-02-10 00:28:07--595581]recv conta req 3.jpg! 
[2015-02-10 00:28:11--282805]3.jpg,EITU1067234 45G1
[2015-02-10 00:28:11--601300]recv conta req 7.jpg! 
[2015-02-10 00:28:15--604453]recv conta req 11.jpg! 
[2015-02-10 00:28:19--606644]recv conta req 15.jpg! 
[2015-02-10 00:28:23--609308]recv conta req 19.jpg! 
[2015-02-10 00:28:24--227665]15.jpg,MAXU2423284 
[2015-02-10 00:28:24--809757]19.jpg,MSKU1685954 45G1
[2015-02-10 00:28:25--060718]11.jpg,MSKU0004911 45G1
[2015-02-10 00:28:25--204875]7.jpg, 
[2015-02-10 00:28:27--614853]recv conta req 23.jpg! 
[2015-02-10 00:28:28--387782]23.jpg,APHU6639762 45G1
[2015-02-10 00:28:31--618687]recv conta req 27.jpg! 
[2015-02-10 00:28:32--523902]27.jpg,MRKU0995640 42G1
[2015-02-10 00:28:35--622856]recv conta req 31.jpg! 
[2015-02-10 00:28:36--294155]31.jpg,WSDU4921322 45G1
[2015-02-10 00:28:39--626814]recv conta req 35.jpg! 
[2015-02-10 00:28:40--376851]35.jpg,WSDU4920250 45G1
[2015-02-10 00:28:43--630553]recv conta req 4.jpg! 
[2015-02-10 00:28:45--152154]4.jpg,MSKU4011903 22G1
[2015-02-10 00:28:47--636556]recv conta req 8.jpg! 
[2015-02-10 00:28:51--640454]recv conta req 12.jpg! 
[2015-02-10 00:28:53--810360]8.jpg,CCLU6287245 45G1
[2015-02-10 00:28:55--642174]recv conta req 16.jpg! 
[2015-02-10 00:28:57--604575]16.jpg,TEMU3075040 22G1
[2015-02-10 00:28:59--646336]recv conta req 20.jpg! 
[2015-02-10 00:29:00--998641]20.jpg,FCIU4591874 22G1
[2015-02-10 00:29:02--525417]12.jpg,MEDU1861156 22G1
[2015-02-10 00:29:03--649894]recv conta req 24.jpg! 
[2015-02-10 00:29:04--280803]24.jpg,SEGU1904022 22G1
[2015-02-10 00:29:07--654448]recv conta req 28.jpg! 
[2015-02-10 00:29:08--571483]28.jpg,FCIU8609740 45G1
[2015-02-10 00:29:11--656637]recv conta req 32.jpg! 
[2015-02-10 00:29:12--304591]32.jpg,CITU1173790 45G1
[2015-02-10 00:29:15--661968]recv conta req 1.jpg! 
[2015-02-10 00:29:17--334234]1.jpg,MSKU9550132 45G1
[2015-02-10 00:29:19--665103]recv conta req 5.jpg! 
[2015-02-10 00:29:22--492775]5.jpg,IIIU7???46? 22G1
[2015-02-10 00:29:23--670630]recv conta req 9.jpg! 
[2015-02-10 00:29:27--677683]recv conta req 13.jpg! 
[2015-02-10 00:29:31--682611]recv conta req 17.jpg! 
[2015-02-10 00:29:32--695660]9.jpg,MRKU3324814 45G1
[2015-02-10 00:29:33--764903]17.jpg,SEGU1445915 22G1
[2015-02-10 00:29:35--685453]recv conta req 21.jpg! 
[2015-02-10 00:29:36--246428]13.jpg,FSCU7372776 22G1
[2015-02-10 00:29:36--705295]21.jpg,TRLU8984373 22G1
[2015-02-10 00:29:39--690280]recv conta req 25.jpg! 
[2015-02-10 00:29:40--284068]25.jpg, 
[2015-02-10 00:29:43--693521]recv conta req 29.jpg! 
[2015-02-10 00:29:44--287465]29.jpg,SEGU9039975 45R1
[2015-02-10 00:29:47--698875]recv conta req 33.jpg! 
[2015-02-10 00:29:48--590866]33.jpg,PHLU2031555 22G1
[2015-02-10 00:29:51--705492]recv conta req 2.jpg! 
[2015-02-10 00:29:55--551390]2.jpg,GESU5520648 45G1
[2015-02-10 00:29:55--708292]recv conta req 6.jpg! 
[2015-02-10 00:29:58--020158]6.jpg,MRKU8566960 22G1
[2015-02-10 00:29:59--715991]recv conta req 10.jpg! 
[2015-02-10 00:30:03--719123]recv conta req 14.jpg! 
[2015-02-10 00:30:07--721663]recv conta req 18.jpg! 
[2015-02-10 00:30:09--308164]10.jpg,CSLU1475718 22G1
[2015-02-10 00:30:09--641691]18.jpg,CRXU1866805 22G1
[2015-02-10 00:30:11--162157]14.jpg,MRKU9670500 22G1
[2015-02-10 00:30:11--724125]recv conta req 22.jpg! 
[2015-02-10 00:30:12--340356]22.jpg,TCLU2873584 22G1
[2015-02-10 00:30:15--728912]recv conta req 26.jpg! 
[2015-02-10 00:30:16--410350]26.jpg,CRSU9147318 45G1
[2015-02-10 00:30:19--733356]recv conta req 30.jpg! 
[2015-02-10 00:30:20--326752]30.jpg,CMAU4559732 45G1
[2015-02-10 00:30:23--738097]recv conta req 34.jpg! 
[2015-02-10 00:30:24--474889]34.jpg,CMAU4555275 45G1
[2015-02-10 00:30:27--741417]recv conta req 3.jpg! 
[2015-02-10 00:30:31--532507]3.jpg,EITU1067234 45G1
[2015-02-10 00:30:31--751161]recv conta req 7.jpg! 
[2015-02-10 00:30:35--754025]recv conta req 11.jpg! 
[2015-02-10 00:30:39--758181]recv conta req 15.jpg! 
[2015-02-10 00:30:43--760343]recv conta req 19.jpg! 
[2015-02-10 00:30:45--205083]19.jpg,MSKU1685954 45G1
[2015-02-10 00:30:45--574142]11.jpg,MSKU0004911 45G1
[2015-02-10 00:30:45--897628]15.jpg,MAXU2423284 
[2015-02-10 00:30:46--421166]7.jpg, 
[2015-02-10 00:30:47--763574]recv conta req 23.jpg! 
[2015-02-10 00:30:48--423544]23.jpg,APHU6639762 45G1
[2015-02-10 00:30:51--767450]recv conta req 27.jpg! 
[2015-02-10 00:30:52--562354]27.jpg,MRKU0995640 42G1
[2015-02-10 00:30:55--772915]recv conta req 31.jpg! 
[2015-02-10 00:30:56--471899]31.jpg,WSDU4921322 45G1
[2015-02-10 00:30:59--776657]recv conta req 35.jpg! 
[2015-02-10 00:31:00--550763]35.jpg,WSDU4920250 45G1
[2015-02-10 00:31:03--781859]recv conta req 4.jpg! 
[2015-02-10 00:31:05--214796]4.jpg,MSKU4011903 22G1
[2015-02-10 00:31:07--790000]recv conta req 8.jpg! 
[2015-02-10 00:31:11--790713]recv conta req 12.jpg! 
[2015-02-10 00:31:13--320595]8.jpg,CCLU6287245 45G1
[2015-02-10 00:31:15--791700]recv conta req 16.jpg! 
[2015-02-10 00:31:17--878262]16.jpg,TEMU3075040 22G1
[2015-02-10 00:31:19--796125]recv conta req 20.jpg! 
[2015-02-10 00:31:21--724476]20.jpg,FCIU4591874 22G1
[2015-02-10 00:31:22--489777]12.jpg,MEDU1861156 22G1
[2015-02-10 00:31:23--799655]recv conta req 24.jpg! 
[2015-02-10 00:31:24--440833]24.jpg,SEGU1904022 22G1
[2015-02-10 00:31:27--803581]recv conta req 28.jpg! 
[2015-02-10 00:31:28--621345]28.jpg,FCIU8609740 45G1
[2015-02-10 00:31:31--807609]recv conta req 32.jpg! 
[2015-02-10 00:31:32--468548]32.jpg,CITU1173790 45G1
[2015-02-10 00:31:35--813551]recv conta req 1.jpg! 
[2015-02-10 00:31:37--565921]1.jpg,MSKU9550132 45G1
[2015-02-10 00:31:39--814828]recv conta req 5.jpg! 
[2015-02-10 00:31:42--815340]5.jpg,IIIU7???46? 22G1
[2015-02-10 00:31:43--822581]recv conta req 9.jpg! 
[2015-02-10 00:31:47--827322]recv conta req 13.jpg! 
[2015-02-10 00:31:51--827436]recv conta req 17.jpg! 
[2015-02-10 00:31:52--448661]9.jpg,MRKU3324814 45G1
[2015-02-10 00:31:53--303082]17.jpg,SEGU1445915 22G1
[2015-02-10 00:31:55--830273]recv conta req 21.jpg! 
[2015-02-10 00:31:56--830451]21.jpg,TRLU8984373 22G1
[2015-02-10 00:31:56--887314]13.jpg,FSCU7372776 22G1
[2015-02-10 00:31:59--832043]recv conta req 25.jpg! 
[2015-02-10 00:32:00--419501]25.jpg, 
[2015-02-10 00:32:03--834882]recv conta req 29.jpg! 
[2015-02-10 00:32:04--428074]29.jpg,SEGU9039975 45R1
[2015-02-10 00:32:07--838977]recv conta req 33.jpg! 
[2015-02-10 00:32:08--628086]33.jpg,PHLU2031555 22G1
[2015-02-10 00:32:11--843372]recv conta req 2.jpg! 
[2015-02-10 00:32:15--758575]2.jpg,GESU5520648 45G1
[2015-02-10 00:32:15--846374]recv conta req 6.jpg! 
[2015-02-10 00:32:18--125218]6.jpg,MRKU8566960 22G1
[2015-02-10 00:32:19--851650]recv conta req 10.jpg! 
[2015-02-10 00:32:23--854684]recv conta req 14.jpg! 
[2015-02-10 00:32:27--858281]recv conta req 18.jpg! 
[2015-02-10 00:32:29--675865]18.jpg,CRXU1866805 22G1
[2015-02-10 00:32:29--749348]10.jpg,CSLU1475718 22G1
[2015-02-10 00:32:31--819797]14.jpg,MRKU9670500 22G1
[2015-02-10 00:32:31--859850]recv conta req 22.jpg! 
[2015-02-10 00:32:32--460133]22.jpg,TCLU2873584 22G1
[2015-02-10 00:32:35--864125]recv conta req 26.jpg! 
[2015-02-10 00:32:36--549870]26.jpg,CRSU9147318 45G1
[2015-02-10 00:32:39--867884]recv conta req 30.jpg! 
[2015-02-10 00:32:40--447609]30.jpg,CMAU4559732 45G1
[2015-02-10 00:32:43--870921]recv conta req 34.jpg! 
[2015-02-10 00:32:44--592772]34.jpg,CMAU4555275 45G1
[2015-02-10 00:32:47--873934]recv conta req 3.jpg! 
[2015-02-10 00:32:51--672145]3.jpg,EITU1067234 45G1
[2015-02-10 00:32:51--879455]recv conta req 7.jpg! 
[2015-02-10 00:32:55--884779]recv conta req 11.jpg! 
[2015-02-10 00:32:59--884868]recv conta req 15.jpg! 
[2015-02-10 00:33:03--886138]recv conta req 19.jpg! 
[2015-02-10 00:33:04--711494]11.jpg,MSKU0004911 45G1
[2015-02-10 00:33:05--325535]15.jpg,MAXU2423284 
[2015-02-10 00:33:05--459534]19.jpg,MSKU1685954 45G1
[2015-02-10 00:33:05--514577]7.jpg, 
[2015-02-10 00:33:07--889709]recv conta req 23.jpg! 
[2015-02-10 00:33:08--501942]23.jpg,APHU6639762 45G1
[2015-02-10 00:33:11--892351]recv conta req 27.jpg! 
[2015-02-10 00:33:12--680023]27.jpg,MRKU0995640 42G1
[2015-02-10 00:33:15--896228]recv conta req 31.jpg! 
[2015-02-10 00:33:16--573358]31.jpg,WSDU4921322 45G1
[2015-02-10 00:33:19--898409]recv conta req 35.jpg! 
[2015-02-10 00:33:20--618421]35.jpg,WSDU4920250 45G1
[2015-02-10 00:33:23--900867]recv conta req 4.jpg! 
[2015-02-10 00:33:25--346155]4.jpg,MSKU4011903 22G1
[2015-02-10 00:33:27--908241]recv conta req 8.jpg! 
[2015-02-10 00:33:31--909392]recv conta req 12.jpg! 
[2015-02-10 00:33:33--409485]8.jpg,CCLU6287245 45G1
[2015-02-10 00:33:35--909790]recv conta req 16.jpg! 
[2015-02-10 00:33:37--590854]16.jpg,TEMU3075040 22G1
[2015-02-10 00:33:39--915394]recv conta req 20.jpg! 
[2015-02-10 00:33:40--999650]20.jpg,FCIU4591874 22G1
[2015-02-10 00:33:42--944370]12.jpg,MEDU1861156 22G1
[2015-02-10 00:33:43--915774]recv conta req 24.jpg! 
[2015-02-10 00:33:44--582545]24.jpg,SEGU1904022 22G1
[2015-02-10 00:33:47--918684]recv conta req 28.jpg! 
[2015-02-10 00:33:48--689136]28.jpg,FCIU8609740 45G1
[2015-02-10 00:33:51--920353]recv conta req 32.jpg! 
[2015-02-10 00:33:52--605722]32.jpg,CITU1173790 45G1
[2015-02-10 00:33:55--923981]recv conta req 1.jpg! 
[2015-02-10 00:33:57--618464]1.jpg,MSKU9550132 45G1
[2015-02-10 00:33:59--926368]recv conta req 5.jpg! 
[2015-02-10 00:34:02--649721]5.jpg,IIIU7???46? 22G1
[2015-02-10 00:34:03--929560]recv conta req 9.jpg! 
[2015-02-10 00:34:07--933885]recv conta req 13.jpg! 
[2015-02-10 00:34:10--237244]9.jpg,MRKU3324814 45G1
[2015-02-10 00:34:11--934777]recv conta req 17.jpg! 
[2015-02-10 00:34:14--037538]17.jpg,SEGU1445915 22G1
[2015-02-10 00:34:15--938756]recv conta req 21.jpg! 
[2015-02-10 00:34:16--493125]13.jpg,FSCU7372776 22G1
[2015-02-10 00:34:16--952336]21.jpg,TRLU8984373 22G1
[2015-02-10 00:34:19--938987]recv conta req 25.jpg! 
[2015-02-10 00:34:20--554266]25.jpg, 
[2015-02-10 00:34:23--941032]recv conta req 29.jpg! 
[2015-02-10 00:34:24--528919]29.jpg,SEGU9039975 45R1
[2015-02-10 00:34:27--944111]recv conta req 33.jpg! 
[2015-02-10 00:34:28--806855]33.jpg,PHLU2031555 22G1
[2015-02-10 00:34:31--946854]recv conta req 2.jpg! 
[2015-02-10 00:34:35--644105]2.jpg,GESU5520648 45G1
[2015-02-10 00:34:35--949229]recv conta req 6.jpg! 
[2015-02-10 00:34:38--221932]6.jpg,MRKU8566960 22G1
[2015-02-10 00:34:39--953165]recv conta req 10.jpg! 
[2015-02-10 00:34:43--954580]recv conta req 14.jpg! 
[2015-02-10 00:34:47--956613]recv conta req 18.jpg! 
[2015-02-10 00:34:49--743063]18.jpg,CRXU1866805 22G1
[2015-02-10 00:34:50--009206]10.jpg,CSLU1475718 22G1
[2015-02-10 00:34:51--958850]recv conta req 22.jpg! 
[2015-02-10 00:34:52--091782]14.jpg,MRKU9670500 22G1
[2015-02-10 00:34:52--598906]22.jpg,TCLU2873584 22G1
[2015-02-10 00:34:55--961782]recv conta req 26.jpg! 
[2015-02-10 00:34:56--651949]26.jpg,CRSU9147318 45G1
[2015-02-10 00:34:59--964319]recv conta req 30.jpg! 
[2015-02-10 00:35:00--567119]30.jpg,CMAU4559732 45G1
[2015-02-10 00:35:03--966903]recv conta req 34.jpg! 
[2015-02-10 00:35:04--693479]34.jpg,CMAU4555275 45G1
[2015-02-10 00:35:07--968784]recv conta req 3.jpg! 
[2015-02-10 00:35:11--835383]3.jpg,EITU1067234 45G1
[2015-02-10 00:35:11--972713]recv conta req 7.jpg! 
[2015-02-10 00:35:15--975064]recv conta req 11.jpg! 
[2015-02-10 00:35:19--981581]recv conta req 15.jpg! 
[2015-02-10 00:35:23--488144]11.jpg,MSKU0004911 45G1
[2015-02-10 00:35:23--979535]recv conta req 19.jpg! 
[2015-02-10 00:35:24--974039]7.jpg, 
[2015-02-10 00:35:25--812638]19.jpg,MSKU1685954 45G1
[2015-02-10 00:35:25--900633]15.jpg,MAXU2423284 
[2015-02-10 00:35:27--982040]recv conta req 23.jpg! 
[2015-02-10 00:35:28--595225]23.jpg,APHU6639762 45G1
[2015-02-10 00:35:31--984253]recv conta req 27.jpg! 
[2015-02-10 00:35:32--785367]27.jpg,MRKU0995640 42G1
[2015-02-10 00:35:35--987246]recv conta req 31.jpg! 
[2015-02-10 00:35:36--667753]31.jpg,WSDU4921322 45G1
[2015-02-10 00:35:39--989912]recv conta req 35.jpg! 
[2015-02-10 00:35:40--751330]35.jpg,WSDU4920250 45G1
[2015-02-10 00:35:43--992936]recv conta req 4.jpg! 
[2015-02-10 00:35:45--423465]4.jpg,MSKU4011903 22G1
[2015-02-10 00:35:47--996434]recv conta req 8.jpg! 
[2015-02-10 00:35:52--000384]recv conta req 12.jpg! 
[2015-02-10 00:35:55--999831]recv conta req 16.jpg! 
[2015-02-10 00:35:56--234472]8.jpg,CCLU6287245 45G1
[2015-02-10 00:35:57--562178]16.jpg,TEMU3075040 22G1
[2015-02-10 00:36:00--002302]recv conta req 20.jpg! 
[2015-02-10 00:36:01--764585]20.jpg,FCIU4591874 22G1
[2015-02-10 00:36:02--362281]12.jpg,MEDU1861156 22G1
[2015-02-10 00:36:04--004207]recv conta req 24.jpg! 
[2015-02-10 00:36:04--657017]24.jpg,SEGU1904022 22G1
[2015-02-10 00:36:08--006616]recv conta req 28.jpg! 
[2015-02-10 00:36:08--822291]28.jpg,FCIU8609740 45G1
[2015-02-10 00:36:12--009609]recv conta req 32.jpg! 
[2015-02-10 00:36:12--677893]32.jpg,CITU1173790 45G1
[2015-02-10 00:36:16--011935]recv conta req 1.jpg! 
[2015-02-10 00:36:17--761212]1.jpg,MSKU9550132 45G1
[2015-02-10 00:36:20--014939]recv conta req 5.jpg! 
[2015-02-10 00:36:22--876063]5.jpg,IIIU7???46? 22G1
[2015-02-10 00:36:24--019067]recv conta req 9.jpg! 
[2015-02-10 00:36:28--021977]recv conta req 13.jpg! 
[2015-02-10 00:36:32--023293]recv conta req 17.jpg! 
[2015-02-10 00:36:34--189059]17.jpg,SEGU1445915 22G1
[2015-02-10 00:36:34--433652]9.jpg,MRKU3324814 45G1
[2015-02-10 00:36:36--024788]recv conta req 21.jpg! 
[2015-02-10 00:36:36--478286]13.jpg,FSCU7372776 22G1
[2015-02-10 00:36:36--785050]21.jpg,TRLU8984373 22G1
[2015-02-10 00:36:40--026364]recv conta req 25.jpg! 
[2015-02-10 00:36:40--679911]25.jpg, 
[2015-02-10 00:36:44--028744]recv conta req 29.jpg! 
[2015-02-10 00:36:44--642855]29.jpg,SEGU9039975 45R1
[2015-02-10 00:36:48--031313]recv conta req 33.jpg! 
[2015-02-10 00:36:48--899821]33.jpg,PHLU2031555 22G1
[2015-02-10 00:36:52--034470]recv conta req 2.jpg! 
[2015-02-10 00:36:55--953942]2.jpg,GESU5520648 45G1
[2015-02-10 00:36:56--036887]recv conta req 6.jpg! 
[2015-02-10 00:36:58--387326]6.jpg,MRKU8566960 22G1
[2015-02-10 00:37:00--042567]recv conta req 10.jpg! 
[2015-02-10 00:37:04--043195]recv conta req 14.jpg! 
[2015-02-10 00:37:08--043582]recv conta req 18.jpg! 
[2015-02-10 00:37:09--665287]18.jpg,CRXU1866805 22G1
[2015-02-10 00:37:10--368662]10.jpg,CSLU1475718 22G1
[2015-02-10 00:37:11--339010]14.jpg,MRKU9670500 22G1
[2015-02-10 00:37:12--046226]recv conta req 22.jpg! 
[2015-02-10 00:37:12--649554]22.jpg,TCLU2873584 22G1
[2015-02-10 00:37:16--048495]recv conta req 26.jpg! 
[2015-02-10 00:37:16--734603]26.jpg,CRSU9147318 45G1
[2015-02-10 00:37:20--050861]recv conta req 30.jpg! 
[2015-02-10 00:37:20--665896]30.jpg,CMAU4559732 45G1
[2015-02-10 00:37:24--053900]recv conta req 34.jpg! 
[2015-02-10 00:37:24--759651]34.jpg,CMAU4555275 45G1
[2015-02-10 00:37:28--056455]recv conta req 3.jpg! 
[2015-02-10 00:37:32--015945]3.jpg,EITU1067234 45G1
[2015-02-10 00:37:32--060881]recv conta req 7.jpg! 
[2015-02-10 00:37:36--063001]recv conta req 11.jpg! 
[2015-02-10 00:37:40--065226]recv conta req 15.jpg! 
[2015-02-10 00:37:43--721836]7.jpg, 
[2015-02-10 00:37:44--065927]recv conta req 19.jpg! 
[2015-02-10 00:37:44--657441]11.jpg,MSKU0004911 45G1
[2015-02-10 00:37:45--125119]15.jpg,MAXU2423284 
[2015-02-10 00:37:45--613940]19.jpg,MSKU1685954 45G1
[2015-02-10 00:37:48--068877]recv conta req 23.jpg! 
[2015-02-10 00:37:48--698752]23.jpg,APHU6639762 45G1
[2015-02-10 00:37:52--070997]recv conta req 27.jpg! 
[2015-02-10 00:37:52--862080]27.jpg,MRKU0995640 42G1
[2015-02-10 00:37:56--072946]recv conta req 31.jpg! 
[2015-02-10 00:37:56--751615]31.jpg,WSDU4921322 45G1
[2015-02-10 00:38:00--075522]recv conta req 35.jpg! 
[2015-02-10 00:38:00--823229]35.jpg,WSDU4920250 45G1
[2015-02-10 00:38:04--077803]recv conta req 4.jpg! 
[2015-02-10 00:38:05--611664]4.jpg,MSKU4011903 22G1
[2015-02-10 00:38:08--082042]recv conta req 8.jpg! 
[2015-02-10 00:38:12--086515]recv conta req 12.jpg! 
[2015-02-10 00:38:13--737711]8.jpg,CCLU6287245 45G1
[2015-02-10 00:38:16--086305]recv conta req 16.jpg! 
[2015-02-10 00:38:17--257603]16.jpg,TEMU3075040 22G1
[2015-02-10 00:38:20--087866]recv conta req 20.jpg! 
[2015-02-10 00:38:21--415637]20.jpg,FCIU4591874 22G1
[2015-02-10 00:38:22--719176]12.jpg,MEDU1861156 22G1
[2015-02-10 00:38:24--090203]recv conta req 24.jpg! 
[2015-02-10 00:38:24--727532]24.jpg,SEGU1904022 22G1
[2015-02-10 00:38:28--092984]recv conta req 28.jpg! 
[2015-02-10 00:38:28--884237]28.jpg,FCIU8609740 45G1
[2015-02-10 00:38:32--095407]recv conta req 32.jpg! 
[2015-02-10 00:38:32--754669]32.jpg,CITU1173790 45G1
[2015-02-10 00:38:36--097818]recv conta req 1.jpg! 
[2015-02-10 00:38:37--853906]1.jpg,MSKU9550132 45G1
[2015-02-10 00:38:40--100994]recv conta req 5.jpg! 
[2015-02-10 00:38:42--874158]5.jpg,IIIU7???46? 22G1
[2015-02-10 00:38:44--104833]recv conta req 9.jpg! 
[2015-02-10 00:38:48--108946]recv conta req 13.jpg! 
[2015-02-10 00:38:52--107466]recv conta req 17.jpg! 
[2015-02-10 00:38:54--165320]17.jpg,SEGU1445915 22G1
[2015-02-10 00:38:54--558798]9.jpg,MRKU3324814 45G1
[2015-02-10 00:38:56--110162]recv conta req 21.jpg! 
[2015-02-10 00:38:57--040782]21.jpg,TRLU8984373 22G1
[2015-02-10 00:38:57--557030]13.jpg,FSCU7372776 22G1
[2015-02-10 00:39:00--112350]recv conta req 25.jpg! 
[2015-02-10 00:39:00--756395]25.jpg, 
[2015-02-10 00:39:04--115437]recv conta req 29.jpg! 
[2015-02-10 00:39:04--746365]29.jpg,SEGU9039975 45R1
[2015-02-10 00:39:08--117574]recv conta req 33.jpg! 
[2015-02-10 00:39:08--925397]33.jpg,PHLU2031555 22G1
[2015-02-10 00:39:12--121102]recv conta req 2.jpg! 
[2015-02-10 00:39:16--007287]2.jpg,GESU5520648 45G1
[2015-02-10 00:39:16--123471]recv conta req 6.jpg! 
[2015-02-10 00:39:18--459924]6.jpg,MRKU8566960 22G1
[2015-02-10 00:39:20--127222]recv conta req 10.jpg! 
[2015-02-10 00:39:24--128708]recv conta req 14.jpg! 
[2015-02-10 00:39:28--129795]recv conta req 18.jpg! 
[2015-02-10 00:39:30--271753]18.jpg,CRXU1866805 22G1
[2015-02-10 00:39:31--221382]10.jpg,CSLU1475718 22G1
[2015-02-10 00:39:32--056472]14.jpg,MRKU9670500 22G1
[2015-02-10 00:39:32--132750]recv conta req 22.jpg! 
[2015-02-10 00:39:32--771841]22.jpg,TCLU2873584 22G1
[2015-02-10 00:39:36--136205]recv conta req 26.jpg! 
[2015-02-10 00:39:37--009689]26.jpg,CRSU9147318 45G1
[2015-02-10 00:39:40--137136]recv conta req 30.jpg! 
[2015-02-10 00:39:40--756629]30.jpg,CMAU4559732 45G1
[2015-02-10 00:39:44--139731]recv conta req 34.jpg! 
[2015-02-10 00:39:44--855873]34.jpg,CMAU4555275 45G1
[2015-02-10 00:39:48--142861]recv conta req 3.jpg! 
[2015-02-10 00:39:51--967089]3.jpg,EITU1067234 45G1
[2015-02-10 00:39:52--147456]recv conta req 7.jpg! 
[2015-02-10 00:39:56--148571]recv conta req 11.jpg! 
[2015-02-10 00:40:00--150730]recv conta req 15.jpg! 
[2015-02-10 00:40:04--152408]recv conta req 19.jpg! 
[2015-02-10 00:40:05--580694]19.jpg,MSKU1685954 45G1
[2015-02-10 00:40:06--043037]11.jpg,MSKU0004911 45G1
[2015-02-10 00:40:06--295892]7.jpg, 
[2015-02-10 00:40:06--705751]15.jpg,MAXU2423284 
[2015-02-10 00:40:08--155114]recv conta req 23.jpg! 
[2015-02-10 00:40:08--791371]23.jpg,APHU6639762 45G1
[2015-02-10 00:40:12--157242]recv conta req 27.jpg! 
[2015-02-10 00:40:12--957582]27.jpg,MRKU0995640 42G1
[2015-02-10 00:40:16--159168]recv conta req 31.jpg! 
[2015-02-10 00:40:16--850950]31.jpg,WSDU4921322 45G1
[2015-02-10 00:40:20--161579]recv conta req 35.jpg! 
[2015-02-10 00:40:20--931368]35.jpg,WSDU4920250 45G1
[2015-02-10 00:40:24--164143]recv conta req 4.jpg! 
[2015-02-10 00:40:25--695914]4.jpg,MSKU4011903 22G1
[2015-02-10 00:40:28--167527]recv conta req 8.jpg! 
[2015-02-10 00:40:32--171641]recv conta req 12.jpg! 
[2015-02-10 00:40:33--869944]8.jpg,CCLU6287245 45G1
[2015-02-10 00:40:36--172914]recv conta req 16.jpg! 
[2015-02-10 00:40:38--087199]16.jpg,TEMU3075040 22G1
[2015-02-10 00:40:40--174528]recv conta req 20.jpg! 
[2015-02-10 00:40:41--456347]20.jpg,FCIU4591874 22G1
[2015-02-10 00:40:42--839024]12.jpg,MEDU1861156 22G1
[2015-02-10 00:40:44--176436]recv conta req 24.jpg! 
[2015-02-10 00:40:44--849155]24.jpg,SEGU1904022 22G1
[2015-02-10 00:40:48--178928]recv conta req 28.jpg! 
[2015-02-10 00:40:48--991482]28.jpg,FCIU8609740 45G1
[2015-02-10 00:40:52--181945]recv conta req 32.jpg! 
[2015-02-10 00:40:52--864201]32.jpg,CITU1173790 45G1
[2015-02-10 00:40:56--183997]recv conta req 1.jpg! 
[2015-02-10 00:40:57--942480]1.jpg,MSKU9550132 45G1
[2015-02-10 00:41:00--187014]recv conta req 5.jpg! 
[2015-02-10 00:41:02--996873]5.jpg,IIIU7???46? 22G1
[2015-02-10 00:41:04--193919]recv conta req 9.jpg! 
[2015-02-10 00:41:08--193730]recv conta req 13.jpg! 
[2015-02-10 00:41:12--194644]recv conta req 17.jpg! 
[2015-02-10 00:41:12--986375]9.jpg,MRKU3324814 45G1
[2015-02-10 00:41:14--846234]17.jpg,SEGU1445915 22G1
[2015-02-10 00:41:16--197785]recv conta req 21.jpg! 
[2015-02-10 00:41:17--024960]21.jpg,TRLU8984373 22G1
[2015-02-10 00:41:17--139532]13.jpg,FSCU7372776 22G1
[2015-02-10 00:41:20--198302]recv conta req 25.jpg! 
[2015-02-10 00:41:20--865532]25.jpg, 
[2015-02-10 00:41:24--201339]recv conta req 29.jpg! 
[2015-02-10 00:41:24--843230]29.jpg,SEGU9039975 45R1
[2015-02-10 00:41:28--203565]recv conta req 33.jpg! 
[2015-02-10 00:41:29--017569]33.jpg,PHLU2031555 22G1
[2015-02-10 00:41:32--207534]recv conta req 2.jpg! 
[2015-02-10 00:41:36--150703]2.jpg,GESU5520648 45G1
[2015-02-10 00:41:36--248180]recv conta req 6.jpg! 
[2015-02-10 00:41:38--707578]6.jpg,MRKU8566960 22G1
[2015-02-10 00:41:40--213624]recv conta req 10.jpg! 
[2015-02-10 00:41:44--215641]recv conta req 14.jpg! 
[2015-02-10 00:41:48--216095]recv conta req 18.jpg! 
[2015-02-10 00:41:50--481890]18.jpg,CRXU1866805 22G1
[2015-02-10 00:41:50--807265]10.jpg,CSLU1475718 22G1
[2015-02-10 00:41:52--219173]recv conta req 22.jpg! 
[2015-02-10 00:41:52--480089]14.jpg,MRKU9670500 22G1
[2015-02-10 00:41:52--928386]22.jpg,TCLU2873584 22G1
[2015-02-10 00:41:56--221165]recv conta req 26.jpg! 
[2015-02-10 00:41:56--952879]26.jpg,CRSU9147318 45G1
[2015-02-10 00:42:00--226003]recv conta req 30.jpg! 
[2015-02-10 00:42:00--989174]30.jpg,CMAU4559732 45G1
[2015-02-10 00:42:04--226073]recv conta req 34.jpg! 
[2015-02-10 00:42:04--973284]34.jpg,CMAU4555275 45G1
[2015-02-10 00:42:08--229143]recv conta req 3.jpg! 
[2015-02-10 00:42:12--147667]3.jpg,EITU1067234 45G1
[2015-02-10 00:42:12--233724]recv conta req 7.jpg! 
[2015-02-10 00:42:16--235565]recv conta req 11.jpg! 
[2015-02-10 00:42:20--238052]recv conta req 15.jpg! 
[2015-02-10 00:42:24--237936]recv conta req 19.jpg! 
[2015-02-10 00:42:24--956930]11.jpg,MSKU0004911 45G1
[2015-02-10 00:42:25--664590]15.jpg,MAXU2423284 
[2015-02-10 00:42:25--748865]19.jpg,MSKU1685954 45G1
[2015-02-10 00:42:26--171879]7.jpg, 
[2015-02-10 00:42:28--241571]recv conta req 23.jpg! 
[2015-02-10 00:42:28--893515]23.jpg,APHU6639762 45G1
[2015-02-10 00:42:32--243603]recv conta req 27.jpg! 
[2015-02-10 00:42:33--060357]27.jpg,MRKU0995640 42G1
[2015-02-10 00:42:36--247085]recv conta req 31.jpg! 
[2015-02-10 00:42:36--950629]31.jpg,WSDU4921322 45G1
[2015-02-10 00:42:40--248585]recv conta req 35.jpg! 
[2015-02-10 00:42:41--035061]35.jpg,WSDU4920250 45G1
[2015-02-10 00:42:44--251096]recv conta req 4.jpg! 
[2015-02-10 00:42:45--767247]4.jpg,MSKU4011903 22G1
[2015-02-10 00:42:48--257254]recv conta req 8.jpg! 
[2015-02-10 00:42:52--259004]recv conta req 12.jpg! 
[2015-02-10 00:42:53--666632]8.jpg,CCLU6287245 45G1
[2015-02-10 00:42:56--260134]recv conta req 16.jpg! 
[2015-02-10 00:42:58--311661]16.jpg,TEMU3075040 22G1
[2015-02-10 00:43:00--261273]recv conta req 20.jpg! 
[2015-02-10 00:43:01--532817]20.jpg,FCIU4591874 22G1
[2015-02-10 00:43:02--956472]12.jpg,MEDU1861156 22G1
[2015-02-10 00:43:04--263965]recv conta req 24.jpg! 
[2015-02-10 00:43:04--987395]24.jpg,SEGU1904022 22G1
[2015-02-10 00:43:08--265848]recv conta req 28.jpg! 
[2015-02-10 00:43:09--103910]28.jpg,FCIU8609740 45G1
[2015-02-10 00:43:12--268795]recv conta req 32.jpg! 
[2015-02-10 00:43:12--965058]32.jpg,CITU1173790 45G1
[2015-02-10 00:43:16--271576]recv conta req 1.jpg! 
[2015-02-10 00:43:18--010793]1.jpg,MSKU9550132 45G1
[2015-02-10 00:43:20--273880]recv conta req 5.jpg! 
[2015-02-10 00:43:23--057698]5.jpg,IIIU7???46? 22G1
[2015-02-10 00:43:24--277842]recv conta req 9.jpg! 
[2015-02-10 00:43:28--281089]recv conta req 13.jpg! 
[2015-02-10 00:43:32--280296]recv conta req 17.jpg! 
[2015-02-10 00:43:33--951558]9.jpg,MRKU3324814 45G1
[2015-02-10 00:43:34--242303]17.jpg,SEGU1445915 22G1
[2015-02-10 00:43:36--282860]recv conta req 21.jpg! 
[2015-02-10 00:43:36--932752]13.jpg,FSCU7372776 22G1
[2015-02-10 00:43:37--357675]21.jpg,TRLU8984373 22G1
[2015-02-10 00:43:40--285543]recv conta req 25.jpg! 
[2015-02-10 00:43:40--980505]25.jpg, 
[2015-02-10 00:43:44--288332]recv conta req 29.jpg! 
[2015-02-10 00:43:44--942686]29.jpg,SEGU9039975 45R1
[2015-02-10 00:43:48--290185]recv conta req 33.jpg! 
[2015-02-10 00:43:49--177195]33.jpg,PHLU2031555 22G1
[2015-02-10 00:43:52--293590]recv conta req 2.jpg! 
[2015-02-10 00:43:56--211449]2.jpg,GESU5520648 45G1
[2015-02-10 00:43:56--335067]recv conta req 6.jpg! 
[2015-02-10 00:43:58--867483]6.jpg,MRKU8566960 22G1
[2015-02-10 00:44:00--299878]recv conta req 10.jpg! 
[2015-02-10 00:44:04--301811]recv conta req 14.jpg! 
[2015-02-10 00:44:08--302539]recv conta req 18.jpg! 
[2015-02-10 00:44:10--526646]18.jpg,CRXU1866805 22G1
[2015-02-10 00:44:10--941462]10.jpg,CSLU1475718 22G1
[2015-02-10 00:44:12--311040]recv conta req 22.jpg! 
[2015-02-10 00:44:12--487334]14.jpg,MRKU9670500 22G1
[2015-02-10 00:44:13--043157]22.jpg,TCLU2873584 22G1
[2015-02-10 00:44:16--313523]recv conta req 26.jpg! 
[2015-02-10 00:44:17--096955]26.jpg,CRSU9147318 45G1
[2015-02-10 00:44:20--315261]recv conta req 30.jpg! 
[2015-02-10 00:44:20--954699]30.jpg,CMAU4559732 45G1
[2015-02-10 00:44:24--318666]recv conta req 34.jpg! 
[2015-02-10 00:44:25--056654]34.jpg,CMAU4555275 45G1
[2015-02-10 00:44:28--321186]recv conta req 3.jpg! 
[2015-02-10 00:44:32--192896]3.jpg,EITU1067234 45G1
[2015-02-10 00:44:32--324360]recv conta req 7.jpg! 
[2015-02-10 00:44:36--332135]recv conta req 11.jpg! 
[2015-02-10 00:44:40--331785]recv conta req 15.jpg! 
[2015-02-10 00:44:42--672682]7.jpg, 
[2015-02-10 00:44:44--329904]recv conta req 19.jpg! 
[2015-02-10 00:44:45--654330]15.jpg,MAXU2423284 
[2015-02-10 00:44:46--004291]11.jpg,MSKU0004911 45G1
[2015-02-10 00:44:46--005435]19.jpg,MSKU1685954 45G1
[2015-02-10 00:44:48--333912]recv conta req 23.jpg! 
[2015-02-10 00:44:48--989731]23.jpg,APHU6639762 45G1
[2015-02-10 00:44:52--335180]recv conta req 27.jpg! 
[2015-02-10 00:44:53--144978]27.jpg,MRKU0995640 42G1
[2015-02-10 00:44:56--337998]recv conta req 31.jpg! 
[2015-02-10 00:44:57--019296]31.jpg,WSDU4921322 45G1
[2015-02-10 00:45:00--341054]recv conta req 35.jpg! 
[2015-02-10 00:45:01--151241]35.jpg,WSDU4920250 45G1
[2015-02-10 00:45:04--345149]recv conta req 4.jpg! 
[2015-02-10 00:45:05--819668]4.jpg,MSKU4011903 22G1
[2015-02-10 00:45:08--352088]recv conta req 8.jpg! 
[2015-02-10 00:45:12--358329]recv conta req 12.jpg! 
[2015-02-10 00:45:14--836591]8.jpg,CCLU6287245 45G1
[2015-02-10 00:45:16--356795]recv conta req 16.jpg! 
[2015-02-10 00:45:18--394250]16.jpg,TEMU3075040 22G1
[2015-02-10 00:45:20--360562]recv conta req 20.jpg! 
[2015-02-10 00:45:22--059171]20.jpg,FCIU4591874 22G1
[2015-02-10 00:45:23--688764]12.jpg,MEDU1861156 22G1
[2015-02-10 00:45:24--362555]recv conta req 24.jpg! 
[2015-02-10 00:45:25--048386]24.jpg,SEGU1904022 22G1
[2015-02-10 00:45:28--366495]recv conta req 28.jpg! 
[2015-02-10 00:45:29--198604]28.jpg,FCIU8609740 45G1
[2015-02-10 00:45:32--371347]recv conta req 32.jpg! 
[2015-02-10 00:45:33--059058]32.jpg,CITU1173790 45G1
[2015-02-10 00:45:36--374440]recv conta req 1.jpg! 
[2015-02-10 00:45:38--108537]1.jpg,MSKU9550132 45G1
[2015-02-10 00:45:40--379914]recv conta req 5.jpg! 
[2015-02-10 00:45:43--190082]5.jpg,IIIU7???46? 22G1
[2015-02-10 00:45:44--389933]recv conta req 9.jpg! 
[2015-02-10 00:45:48--389685]recv conta req 13.jpg! 
[2015-02-10 00:45:52--391315]recv conta req 17.jpg! 
[2015-02-10 00:45:55--026353]17.jpg,SEGU1445915 22G1
[2015-02-10 00:45:55--047752]9.jpg,MRKU3324814 45G1
[2015-02-10 00:45:56--259440]13.jpg,FSCU7372776 22G1
[2015-02-10 00:45:56--395075]recv conta req 21.jpg! 
[2015-02-10 00:45:57--208659]21.jpg,TRLU8984373 22G1
[2015-02-10 00:46:00--397847]recv conta req 25.jpg! 
[2015-02-10 00:46:01--037694]25.jpg, 
[2015-02-10 00:46:04--401500]recv conta req 29.jpg! 
[2015-02-10 00:46:05--041394]29.jpg,SEGU9039975 45R1
[2015-02-10 00:46:08--405621]recv conta req 33.jpg! 
[2015-02-10 00:46:09--308380]33.jpg,PHLU2031555 22G1
[2015-02-10 00:46:12--410965]recv conta req 2.jpg! 
[2015-02-10 00:46:16--415811]recv conta req 6.jpg! 
[2015-02-10 00:46:16--525031]2.jpg,GESU5520648 45G1
[2015-02-10 00:46:18--930868]6.jpg,MRKU8566960 22G1
[2015-02-10 00:46:20--423501]recv conta req 10.jpg! 
[2015-02-10 00:46:24--423796]recv conta req 14.jpg! 
[2015-02-10 00:46:28--423557]recv conta req 18.jpg! 
[2015-02-10 00:46:30--133058]18.jpg,CRXU1866805 22G1
[2015-02-10 00:46:30--380957]10.jpg,CSLU1475718 22G1
[2015-02-10 00:46:32--428147]recv conta req 22.jpg! 
[2015-02-10 00:46:32--439745]14.jpg,MRKU9670500 22G1
[2015-02-10 00:46:33--083563]22.jpg,TCLU2873584 22G1
[2015-02-10 00:46:36--430974]recv conta req 26.jpg! 
[2015-02-10 00:46:37--151760]26.jpg,CRSU9147318 45G1
[2015-02-10 00:46:40--434833]recv conta req 30.jpg! 
[2015-02-10 00:46:41--051556]30.jpg,CMAU4559732 45G1
[2015-02-10 00:46:44--438427]recv conta req 34.jpg! 
[2015-02-10 00:46:45--215279]34.jpg,CMAU4555275 45G1
[2015-02-10 00:46:48--443056]recv conta req 3.jpg! 
[2015-02-10 00:46:52--306326]3.jpg,EITU1067234 45G1
[2015-02-10 00:46:52--448949]recv conta req 7.jpg! 
[2015-02-10 00:46:56--452323]recv conta req 11.jpg! 
[2015-02-10 00:47:00--455149]recv conta req 15.jpg! 
[2015-02-10 00:47:04--456451]recv conta req 19.jpg! 
[2015-02-10 00:47:05--822302]7.jpg, 
[2015-02-10 00:47:06--300074]15.jpg,MAXU2423284 
[2015-02-10 00:47:06--358984]19.jpg,MSKU1685954 45G1
[2015-02-10 00:47:06--689249]11.jpg,MSKU0004911 45G1
[2015-02-10 00:47:08--460186]recv conta req 23.jpg! 
[2015-02-10 00:47:09--101618]23.jpg,APHU6639762 45G1
[2015-02-10 00:47:12--463063]recv conta req 27.jpg! 
[2015-02-10 00:47:13--270947]27.jpg,MRKU0995640 42G1
[2015-02-10 00:47:16--467654]recv conta req 31.jpg! 
[2015-02-10 00:47:17--167779]31.jpg,WSDU4921322 45G1
[2015-02-10 00:47:20--472147]recv conta req 35.jpg! 
[2015-02-10 00:47:21--254236]35.jpg,WSDU4920250 45G1
[2015-02-10 00:47:24--476796]recv conta req 4.jpg! 
[2015-02-10 00:47:26--087980]4.jpg,MSKU4011903 22G1
[2015-02-10 00:47:28--483104]recv conta req 8.jpg! 
[2015-02-10 00:47:32--486446]recv conta req 12.jpg! 
[2015-02-10 00:47:35--344372]8.jpg,CCLU6287245 45G1
[2015-02-10 00:47:36--487601]recv conta req 16.jpg! 
[2015-02-10 00:47:38--433067]16.jpg,TEMU3075040 22G1
[2015-02-10 00:47:40--490997]recv conta req 20.jpg! 
[2015-02-10 00:47:41--824720]20.jpg,FCIU4591874 22G1
[2015-02-10 00:47:43--291253]12.jpg,MEDU1861156 22G1
[2015-02-10 00:47:44--493270]recv conta req 24.jpg! 
[2015-02-10 00:47:45--170529]24.jpg,SEGU1904022 22G1
[2015-02-10 00:47:48--497092]recv conta req 28.jpg! 
[2015-02-10 00:47:49--340762]28.jpg,FCIU8609740 45G1
[2015-02-10 00:47:52--500804]recv conta req 32.jpg! 
[2015-02-10 00:47:53--193722]32.jpg,CITU1173790 45G1
[2015-02-10 00:47:56--505994]recv conta req 1.jpg! 
[2015-02-10 00:47:58--242252]1.jpg,MSKU9550132 45G1
[2015-02-10 00:48:00--508501]recv conta req 5.jpg! 
[2015-02-10 00:48:03--379498]5.jpg,IIIU7???46? 22G1
[2015-02-10 00:48:04--516100]recv conta req 9.jpg! 
[2015-02-10 00:48:08--519108]recv conta req 13.jpg! 
[2015-02-10 00:48:12--522966]recv conta req 17.jpg! 
[2015-02-10 00:48:13--075525]9.jpg,MRKU3324814 45G1
[2015-02-10 00:48:14--814970]17.jpg,SEGU1445915 22G1
[2015-02-10 00:48:16--526618]recv conta req 21.jpg! 
[2015-02-10 00:48:16--907636]13.jpg,FSCU7372776 22G1
[2015-02-10 00:48:17--485965]21.jpg,TRLU8984373 22G1
[2015-02-10 00:48:20--527831]recv conta req 25.jpg! 
[2015-02-10 00:48:21--170163]25.jpg, 
[2015-02-10 00:48:24--533150]recv conta req 29.jpg! 
[2015-02-10 00:48:25--165341]29.jpg,SEGU9039975 45R1
[2015-02-10 00:48:28--538237]recv conta req 33.jpg! 
[2015-02-10 00:48:29--466535]33.jpg,PHLU2031555 22G1
[2015-02-10 00:48:32--544433]recv conta req 2.jpg! 
[2015-02-10 00:48:36--412849]2.jpg,GESU5520648 45G1
[2015-02-10 00:48:36--547895]recv conta req 6.jpg! 
[2015-02-10 00:48:38--944162]6.jpg,MRKU8566960 22G1
[2015-02-10 00:48:40--551885]recv conta req 10.jpg! 
[2015-02-10 00:48:44--559493]recv conta req 14.jpg! 
[2015-02-10 00:48:48--560383]recv conta req 18.jpg! 
[2015-02-10 00:48:50--173499]18.jpg,CRXU1866805 22G1
[2015-02-10 00:48:51--350006]14.jpg,MRKU9670500 22G1
[2015-02-10 00:48:51--548903]10.jpg,CSLU1475718 22G1
[2015-02-10 00:48:52--562072]recv conta req 22.jpg! 
[2015-02-10 00:48:53--179377]22.jpg,TCLU2873584 22G1
[2015-02-10 00:48:56--569876]recv conta req 26.jpg! 
[2015-02-10 00:48:57--515856]26.jpg,CRSU9147318 45G1
[2015-02-10 00:49:00--573269]recv conta req 30.jpg! 
[2015-02-10 00:49:01--347152]30.jpg,CMAU4559732 45G1
[2015-02-10 00:49:04--575649]recv conta req 34.jpg! 
[2015-02-10 00:49:05--289000]34.jpg,CMAU4555275 45G1
[2015-02-10 00:49:08--579937]recv conta req 3.jpg! 
[2015-02-10 00:49:12--335315]3.jpg,EITU1067234 45G1
[2015-02-10 00:49:12--585199]recv conta req 7.jpg! 
[2015-02-10 00:49:16--590391]recv conta req 11.jpg! 
[2015-02-10 00:49:20--592141]recv conta req 15.jpg! 
[2015-02-10 00:49:24--480241]7.jpg, 
[2015-02-10 00:49:24--595774]recv conta req 19.jpg! 
[2015-02-10 00:49:25--265500]11.jpg,MSKU0004911 45G1
[2015-02-10 00:49:25--791999]15.jpg,MAXU2423284 
[2015-02-10 00:49:25--937930]19.jpg,MSKU1685954 45G1
[2015-02-10 00:49:28--598967]recv conta req 23.jpg! 
[2015-02-10 00:49:29--235684]23.jpg,APHU6639762 45G1
[2015-02-10 00:49:32--603337]recv conta req 27.jpg! 
[2015-02-10 00:49:33--424668]27.jpg,MRKU0995640 42G1
[2015-02-10 00:49:36--608109]recv conta req 31.jpg! 
[2015-02-10 00:49:37--330893]31.jpg,WSDU4921322 45G1
[2015-02-10 00:49:40--612219]recv conta req 35.jpg! 
[2015-02-10 00:49:41--366953]35.jpg,WSDU4920250 45G1
[2015-02-10 00:49:44--616727]recv conta req 4.jpg! 
[2015-02-10 00:49:46--000521]4.jpg,MSKU4011903 22G1
[2015-02-10 00:49:48--623344]recv conta req 8.jpg! 
[2015-02-10 00:49:52--626699]recv conta req 12.jpg! 
[2015-02-10 00:49:54--182352]8.jpg,CCLU6287245 45G1
[2015-02-10 00:49:56--627911]recv conta req 16.jpg! 
[2015-02-10 00:49:58--431086]16.jpg,TEMU3075040 22G1
[2015-02-10 00:50:00--631233]recv conta req 20.jpg! 
[2015-02-10 00:50:01--896399]20.jpg,FCIU4591874 22G1
[2015-02-10 00:50:02--867349]12.jpg,MEDU1861156 22G1
[2015-02-10 00:50:04--634778]recv conta req 24.jpg! 
[2015-02-10 00:50:05--389715]24.jpg,SEGU1904022 22G1
[2015-02-10 00:50:08--639079]recv conta req 28.jpg! 
[2015-02-10 00:50:09--486722]28.jpg,FCIU8609740 45G1
[2015-02-10 00:50:12--641357]recv conta req 32.jpg! 
[2015-02-10 00:50:13--300097]32.jpg,CITU1173790 45G1
[2015-02-10 00:50:16--646371]recv conta req 1.jpg! 
[2015-02-10 00:50:18--320497]1.jpg,MSKU9550132 45G1
[2015-02-10 00:50:20--649219]recv conta req 5.jpg! 
[2015-02-10 00:50:23--439168]5.jpg,IIIU7???46? 22G1
[2015-02-10 00:50:24--653278]recv conta req 9.jpg! 
[2015-02-10 00:50:28--658076]recv conta req 13.jpg! 
[2015-02-10 00:50:32--658639]recv conta req 17.jpg! 
[2015-02-10 00:50:34--141623]9.jpg,MRKU3324814 45G1
[2015-02-10 00:50:34--537386]17.jpg,SEGU1445915 22G1
[2015-02-10 00:50:36--637767]13.jpg,FSCU7372776 22G1
[2015-02-10 00:50:36--662686]recv conta req 21.jpg! 
[2015-02-10 00:50:37--418036]21.jpg,TRLU8984373 22G1
[2015-02-10 00:50:40--668059]recv conta req 25.jpg! 
[2015-02-10 00:50:41--421574]25.jpg, 
[2015-02-10 00:50:44--670330]recv conta req 29.jpg! 
[2015-02-10 00:50:45--571188]29.jpg,SEGU9039975 45R1
[2015-02-10 00:50:48--674024]recv conta req 33.jpg! 
[2015-02-10 00:50:49--582456]33.jpg,PHLU2031555 22G1
[2015-02-10 00:50:52--678946]recv conta req 2.jpg! 
[2015-02-10 00:50:56--501174]2.jpg,GESU5520648 45G1
[2015-02-10 00:50:56--681039]recv conta req 6.jpg! 
[2015-02-10 00:50:58--968805]6.jpg,MRKU8566960 22G1
[2015-02-10 00:51:00--687566]recv conta req 10.jpg! 
[2015-02-10 00:51:04--688644]recv conta req 14.jpg! 
[2015-02-10 00:51:08--304301]10.jpg,CSLU1475718 22G1
[2015-02-10 00:51:08--691393]recv conta req 18.jpg! 
[2015-02-10 00:51:10--097195]18.jpg,CRXU1866805 22G1
[2015-02-10 00:51:11--594207]14.jpg,MRKU9670500 22G1
[2015-02-10 00:51:12--694934]recv conta req 22.jpg! 
[2015-02-10 00:51:13--296857]22.jpg,TCLU2873584 22G1
[2015-02-10 00:51:16--699642]recv conta req 26.jpg! 
[2015-02-10 00:51:17--431394]26.jpg,CRSU9147318 45G1
[2015-02-10 00:51:20--705569]recv conta req 30.jpg! 
[2015-02-10 00:51:21--459036]30.jpg,CMAU4559732 45G1
[2015-02-10 00:51:24--709783]recv conta req 34.jpg! 
[2015-02-10 00:51:25--442366]34.jpg,CMAU4555275 45G1
[2015-02-10 00:51:28--713697]recv conta req 3.jpg! 
[2015-02-10 00:51:32--391933]3.jpg,EITU1067234 45G1
[2015-02-10 00:51:32--722600]recv conta req 7.jpg! 
[2015-02-10 00:51:36--727894]recv conta req 11.jpg! 
[2015-02-10 00:51:40--729348]recv conta req 15.jpg! 
[2015-02-10 00:51:44--283693]15.jpg,MAXU2423284 
[2015-02-10 00:51:44--428054]11.jpg,MSKU0004911 45G1
[2015-02-10 00:51:44--731282]recv conta req 19.jpg! 
[2015-02-10 00:51:45--788511]7.jpg, 
[2015-02-10 00:51:46--109358]19.jpg,MSKU1685954 45G1
[2015-02-10 00:51:48--735553]recv conta req 23.jpg! 
[2015-02-10 00:51:49--351261]23.jpg,APHU6639762 45G1
[2015-02-10 00:51:52--740098]recv conta req 27.jpg! 
[2015-02-10 00:51:53--530742]27.jpg,MRKU0995640 42G1
[2015-02-10 00:51:56--744511]recv conta req 31.jpg! 
[2015-02-10 00:51:57--399772]31.jpg,WSDU4921322 45G1
[2015-02-10 00:52:00--747703]recv conta req 35.jpg! 
[2015-02-10 00:52:01--493245]35.jpg,WSDU4920250 45G1
[2015-02-10 00:52:04--751403]recv conta req 4.jpg! 
[2015-02-10 00:52:06--233436]4.jpg,MSKU4011903 22G1
[2015-02-10 00:52:08--757898]recv conta req 8.jpg! 
[2015-02-10 00:52:12--761260]recv conta req 12.jpg! 
[2015-02-10 00:52:13--871748]8.jpg,CCLU6287245 45G1
[2015-02-10 00:52:16--763993]recv conta req 16.jpg! 
[2015-02-10 00:52:17--955349]16.jpg,TEMU3075040 22G1
[2015-02-10 00:52:20--769226]recv conta req 20.jpg! 
[2015-02-10 00:52:21--762894]20.jpg,FCIU4591874 22G1
[2015-02-10 00:52:22--573383]12.jpg,MEDU1861156 22G1
[2015-02-10 00:52:24--771748]recv conta req 24.jpg! 
[2015-02-10 00:52:25--398799]24.jpg,SEGU1904022 22G1
[2015-02-10 00:52:28--777099]recv conta req 28.jpg! 
[2015-02-10 00:52:29--767894]28.jpg,FCIU8609740 45G1
[2015-02-10 00:52:32--779397]recv conta req 32.jpg! 
[2015-02-10 00:52:33--520312]32.jpg,CITU1173790 45G1
[2015-02-10 00:52:36--785158]recv conta req 1.jpg! 
[2015-02-10 00:52:38--430886]1.jpg,MSKU9550132 45G1
[2015-02-10 00:52:40--786290]recv conta req 5.jpg! 
[2015-02-10 00:52:43--577477]5.jpg,IIIU7???46? 22G1
[2015-02-10 00:52:44--792753]recv conta req 9.jpg! 
[2015-02-10 00:52:48--800453]recv conta req 13.jpg! 
[2015-02-10 00:52:52--428355]9.jpg,MRKU3324814 45G1
[2015-02-10 00:52:52--798738]recv conta req 17.jpg! 
[2015-02-10 00:52:54--960157]17.jpg,SEGU1445915 22G1
[2015-02-10 00:52:56--692382]13.jpg,FSCU7372776 22G1
[2015-02-10 00:52:56--801723]recv conta req 21.jpg! 
[2015-02-10 00:52:57--478167]21.jpg,TRLU8984373 22G1
[2015-02-10 00:53:00--804752]recv conta req 25.jpg! 
