[2015-02-10 00:52:44--065698]6.jpg,MRKU8566960 22G1
[2015-02-10 00:52:45--793970]recv conta req 10.jpg! 
[2015-02-10 00:52:49--796454]recv conta req 14.jpg! 
[2015-02-10 00:52:53--799771]recv conta req 18.jpg! 
[2015-02-10 00:52:55--245981]18.jpg,CRXU1866805 22G1
[2015-02-10 00:52:56--283953]10.jpg,CSLU1475718 22G1
[2015-02-10 00:52:57--199255]14.jpg,MRKU9670500 22G1
[2015-02-10 00:52:57--801916]recv conta req 22.jpg! 
[2015-02-10 00:52:58--391277]22.jpg,TCLU2873584 22G1
[2015-02-10 00:53:01--806111]recv conta req 26.jpg! 
[2015-02-10 00:53:02--503120]26.jpg,CRSU9147318 45G1
[2015-02-10 00:53:05--809372]recv conta req 30.jpg! 
[2015-02-10 00:53:06--378009]30.jpg,CMAU4559732 45G1
[2015-02-10 00:53:09--812872]recv conta req 34.jpg! 
[2015-02-10 00:53:10--526587]34.jpg,CMAU4555275 45G1
[2015-02-10 00:53:13--815854]recv conta req 3.jpg! 
[2015-02-10 00:53:17--514117]3.jpg,EITU1067234 45G1
[2015-02-10 00:53:17--819372]recv conta req 7.jpg! 
[2015-02-10 00:53:21--824896]recv conta req 11.jpg! 
[2015-02-10 00:53:25--827628]recv conta req 15.jpg! 
[2015-02-10 00:53:29--830084]recv conta req 19.jpg! 
[2015-02-10 00:53:30--853762]15.jpg,MAXU2423284 
[2015-02-10 00:53:30--938581]11.jpg,MSKU0004911 45G1
[2015-02-10 00:53:31--266052]7.jpg, 
[2015-02-10 00:53:31--324093]19.jpg,MSKU1685954 45G1
[2015-02-10 00:53:33--833867]recv conta req 23.jpg! 
[2015-02-10 00:53:34--508575]23.jpg,APHU6639762 45G1
[2015-02-10 00:53:37--836793]recv conta req 27.jpg! 
[2015-02-10 00:53:38--612189]27.jpg,MRKU0995640 42G1
[2015-02-10 00:53:41--842294]recv conta req 31.jpg! 
[2015-02-10 00:53:42--621495]31.jpg,WSDU4921322 45G1
[2015-02-10 00:53:45--845342]recv conta req 35.jpg! 
[2015-02-10 00:53:46--562294]35.jpg,WSDU4920250 45G1
[2015-02-10 00:53:49--848972]recv conta req 4.jpg! 
[2015-02-10 00:53:51--224910]4.jpg,MSKU4011903 22G1
[2015-02-10 00:53:53--855455]recv conta req 8.jpg! 
[2015-02-10 00:53:57--858097]recv conta req 12.jpg! 
[2015-02-10 00:53:59--116884]8.jpg,CCLU6287245 45G1
[2015-02-10 00:54:01--860231]recv conta req 16.jpg! 
[2015-02-10 00:54:03--934010]16.jpg,TEMU3075040 22G1
[2015-02-10 00:54:05--862235]recv conta req 20.jpg! 
[2015-02-10 00:54:06--763068]12.jpg,MEDU1861156 22G1
[2015-02-10 00:54:07--217904]20.jpg,FCIU4591874 22G1
[2015-02-10 00:54:09--864847]recv conta req 24.jpg! 
[2015-02-10 00:54:10--480386]24.jpg,SEGU1904022 22G1
[2015-02-10 00:54:13--867627]recv conta req 28.jpg! 
[2015-02-10 00:54:14--641521]28.jpg,FCIU8609740 45G1
[2015-02-10 00:54:17--870070]recv conta req 32.jpg! 
[2015-02-10 00:54:18--590931]32.jpg,CITU1173790 45G1
[2015-02-10 00:54:21--874046]recv conta req 1.jpg! 
[2015-02-10 00:54:23--520481]1.jpg,MSKU9550132 45G1
[2015-02-10 00:54:25--875867]recv conta req 5.jpg! 
[2015-02-10 00:54:28--579327]5.jpg,IIIU7???46? 22G1
[2015-02-10 00:54:29--881570]recv conta req 9.jpg! 
[2015-02-10 00:54:33--887840]recv conta req 13.jpg! 
[2015-02-10 00:54:37--623193]9.jpg,MRKU3324814 45G1
[2015-02-10 00:54:37--889169]recv conta req 17.jpg! 
[2015-02-10 00:54:40--083727]17.jpg,SEGU1445915 22G1
[2015-02-10 00:54:41--890770]recv conta req 21.jpg! 
[2015-02-10 00:54:42--244622]13.jpg,FSCU7372776 22G1
[2015-02-10 00:54:42--592733]21.jpg,TRLU8984373 22G1
[2015-02-10 00:54:45--892396]recv conta req 25.jpg! 
[2015-02-10 00:54:46--491424]25.jpg, 
[2015-02-10 00:54:49--895743]recv conta req 29.jpg! 
[2015-02-10 00:54:50--572660]29.jpg,SEGU9039975 45R1
[2015-02-10 00:54:53--899253]recv conta req 33.jpg! 
[2015-02-10 00:54:54--875077]33.jpg,PHLU2031555 22G1
[2015-02-10 00:54:57--901911]recv conta req 2.jpg! 
[2015-02-10 00:55:01--608349]2.jpg,GESU5520648 45G1
[2015-02-10 00:55:01--903668]recv conta req 6.jpg! 
[2015-02-10 00:55:04--172458]6.jpg,MRKU8566960 22G1
[2015-02-10 00:55:05--909549]recv conta req 10.jpg! 
[2015-02-10 00:55:09--914409]recv conta req 14.jpg! 
[2015-02-10 00:55:13--913388]recv conta req 18.jpg! 
[2015-02-10 00:55:15--346495]10.jpg,CSLU1475718 22G1
[2015-02-10 00:55:15--641783]18.jpg,CRXU1866805 22G1
[2015-02-10 00:55:17--756016]14.jpg,MRKU9670500 22G1
[2015-02-10 00:55:17--915690]recv conta req 22.jpg! 
[2015-02-10 00:55:18--491687]22.jpg,TCLU2873584 22G1
[2015-02-10 00:55:21--918726]recv conta req 26.jpg! 
[2015-02-10 00:55:22--599464]26.jpg,CRSU9147318 45G1
[2015-02-10 00:55:25--923187]recv conta req 30.jpg! 
[2015-02-10 00:55:26--525674]30.jpg,CMAU4559732 45G1
[2015-02-10 00:55:29--928751]recv conta req 34.jpg! 
[2015-02-10 00:55:30--919663]34.jpg,CMAU4555275 45G1
[2015-02-10 00:55:33--928077]recv conta req 3.jpg! 
[2015-02-10 00:55:37--588420]3.jpg,EITU1067234 45G1
[2015-02-10 00:55:37--932823]recv conta req 7.jpg! 
[2015-02-10 00:55:41--933814]recv conta req 11.jpg! 
[2015-02-10 00:55:45--936740]recv conta req 15.jpg! 
[2015-02-10 00:55:49--937690]recv conta req 19.jpg! 
[2015-02-10 00:55:50--599394]7.jpg, 
[2015-02-10 00:55:51--143416]15.jpg,MAXU2423284 
[2015-02-10 00:55:51--408570]19.jpg,MSKU1685954 45G1
[2015-02-10 00:55:51--731534]11.jpg,MSKU0004911 45G1
[2015-02-10 00:55:53--940177]recv conta req 23.jpg! 
[2015-02-10 00:55:54--538075]23.jpg,APHU6639762 45G1
[2015-02-10 00:55:57--943215]recv conta req 27.jpg! 
[2015-02-10 00:55:58--760525]27.jpg,MRKU0995640 42G1
[2015-02-10 00:56:01--946872]recv conta req 31.jpg! 
[2015-02-10 00:56:02--687434]31.jpg,WSDU4921322 45G1
[2015-02-10 00:56:05--948298]recv conta req 35.jpg! 
[2015-02-10 00:56:06--697586]35.jpg,WSDU4920250 45G1
[2015-02-10 00:56:09--952380]recv conta req 4.jpg! 
[2015-02-10 00:56:11--313798]4.jpg,MSKU4011903 22G1
[2015-02-10 00:56:13--957459]recv conta req 8.jpg! 
[2015-02-10 00:56:17--959198]recv conta req 12.jpg! 
[2015-02-10 00:56:19--663163]8.jpg,CCLU6287245 45G1
[2015-02-10 00:56:21--958931]recv conta req 16.jpg! 
[2015-02-10 00:56:23--437965]16.jpg,TEMU3075040 22G1
[2015-02-10 00:56:25--961981]recv conta req 20.jpg! 
[2015-02-10 00:56:27--066043]20.jpg,FCIU4591874 22G1
[2015-02-10 00:56:27--905359]12.jpg,MEDU1861156 22G1
[2015-02-10 00:56:29--964619]recv conta req 24.jpg! 
[2015-02-10 00:56:30--588804]24.jpg,SEGU1904022 22G1
[2015-02-10 00:56:33--969157]recv conta req 28.jpg! 
[2015-02-10 00:56:34--864705]28.jpg,FCIU8609740 45G1
[2015-02-10 00:56:37--971757]recv conta req 32.jpg! 
[2015-02-10 00:56:38--712084]32.jpg,CITU1173790 45G1
[2015-02-10 00:56:41--975252]recv conta req 1.jpg! 
[2015-02-10 00:56:43--642893]1.jpg,MSKU9550132 45G1
[2015-02-10 00:56:45--976778]recv conta req 5.jpg! 
[2015-02-10 00:56:48--779656]5.jpg,IIIU7???46? 22G1
[2015-02-10 00:56:49--980900]recv conta req 9.jpg! 
[2015-02-10 00:56:53--983153]recv conta req 13.jpg! 
[2015-02-10 00:56:57--985021]recv conta req 17.jpg! 
[2015-02-10 00:56:58--226497]9.jpg,MRKU3324814 45G1
[2015-02-10 00:57:00--022117]17.jpg,SEGU1445915 22G1
[2015-02-10 00:57:01--966435]13.jpg,FSCU7372776 22G1
[2015-02-10 00:57:01--987123]recv conta req 21.jpg! 
[2015-02-10 00:57:02--719614]21.jpg,TRLU8984373 22G1
[2015-02-10 00:57:05--989720]recv conta req 25.jpg! 
[2015-02-10 00:57:06--603817]25.jpg, 
[2015-02-10 00:57:09--995041]recv conta req 29.jpg! 
[2015-02-10 00:57:10--872259]29.jpg,SEGU9039975 45R1
[2015-02-10 00:57:14--000528]recv conta req 33.jpg! 
[2015-02-10 00:57:15--199901]33.jpg,PHLU2031555 22G1
[2015-02-10 00:57:18--000882]recv conta req 2.jpg! 
[2015-02-10 00:57:21--952725]2.jpg,GESU5520648 45G1
[2015-02-10 00:57:22--001585]recv conta req 6.jpg! 
[2015-02-10 00:57:24--290804]6.jpg,MRKU8566960 22G1
[2015-02-10 00:57:26--005936]recv conta req 10.jpg! 
[2015-02-10 00:57:30--009207]recv conta req 14.jpg! 
[2015-02-10 00:57:34--009343]recv conta req 18.jpg! 
[2015-02-10 00:57:35--141493]10.jpg,CSLU1475718 22G1
[2015-02-10 00:57:35--481662]18.jpg,CRXU1866805 22G1
[2015-02-10 00:57:37--560941]14.jpg,MRKU9670500 22G1
[2015-02-10 00:57:38--011970]recv conta req 22.jpg! 
[2015-02-10 00:57:38--595001]22.jpg,TCLU2873584 22G1
[2015-02-10 00:57:42--014586]recv conta req 26.jpg! 
[2015-02-10 00:57:42--681614]26.jpg,CRSU9147318 45G1
[2015-02-10 00:57:46--019540]recv conta req 30.jpg! 
[2015-02-10 00:57:46--861408]30.jpg,CMAU4559732 45G1
[2015-02-10 00:57:50--021860]recv conta req 34.jpg! 
[2015-02-10 00:57:50--919963]34.jpg,CMAU4555275 45G1
[2015-02-10 00:57:54--022645]recv conta req 3.jpg! 
[2015-02-10 00:57:57--806463]3.jpg,EITU1067234 45G1
[2015-02-10 00:57:58--026963]recv conta req 7.jpg! 
[2015-02-10 00:58:02--029198]recv conta req 11.jpg! 
[2015-02-10 00:58:06--033601]recv conta req 15.jpg! 
[2015-02-10 00:58:10--031296]recv conta req 19.jpg! 
[2015-02-10 00:58:10--320164]7.jpg, 
[2015-02-10 00:58:10--905959]11.jpg,MSKU0004911 45G1
[2015-02-10 00:58:11--571523]19.jpg,MSKU1685954 45G1
[2015-02-10 00:58:11--828144]15.jpg,MAXU2423284 
[2015-02-10 00:58:14--034740]recv conta req 23.jpg! 
[2015-02-10 00:58:14--656067]23.jpg,APHU6639762 45G1
[2015-02-10 00:58:18--037162]recv conta req 27.jpg! 
[2015-02-10 00:58:18--872804]27.jpg,MRKU0995640 42G1
[2015-02-10 00:58:22--040103]recv conta req 31.jpg! 
[2015-02-10 00:58:22--827969]31.jpg,WSDU4921322 45G1
[2015-02-10 00:58:26--041304]recv conta req 35.jpg! 
[2015-02-10 00:58:26--797419]35.jpg,WSDU4920250 45G1
[2015-02-10 00:58:30--044352]recv conta req 4.jpg! 
[2015-02-10 00:58:31--411814]4.jpg,MSKU4011903 22G1
[2015-02-10 00:58:34--048502]recv conta req 8.jpg! 
[2015-02-10 00:58:38--053106]recv conta req 12.jpg! 
[2015-02-10 00:58:40--133134]8.jpg,CCLU6287245 45G1
[2015-02-10 00:58:42--052654]recv conta req 16.jpg! 
[2015-02-10 00:58:43--742453]16.jpg,TEMU3075040 22G1
[2015-02-10 00:58:46--055638]recv conta req 20.jpg! 
[2015-02-10 00:58:47--114436]20.jpg,FCIU4591874 22G1
[2015-02-10 00:58:48--139003]12.jpg,MEDU1861156 22G1
[2015-02-10 00:58:50--057118]recv conta req 24.jpg! 
[2015-02-10 00:58:50--693249]24.jpg,SEGU1904022 22G1
[2015-02-10 00:58:54--059560]recv conta req 28.jpg! 
[2015-02-10 00:58:54--867616]28.jpg,FCIU8609740 45G1
[2015-02-10 00:58:58--063461]recv conta req 32.jpg! 
[2015-02-10 00:58:58--848063]32.jpg,CITU1173790 45G1
[2015-02-10 00:59:02--065140]recv conta req 1.jpg! 
[2015-02-10 00:59:03--797750]1.jpg,MSKU9550132 45G1
[2015-02-10 00:59:06--067342]recv conta req 5.jpg! 
[2015-02-10 00:59:08--993069]5.jpg,IIIU7???46? 22G1
[2015-02-10 00:59:10--070488]recv conta req 9.jpg! 
[2015-02-10 00:59:14--073911]recv conta req 13.jpg! 
[2015-02-10 00:59:18--074964]recv conta req 17.jpg! 
[2015-02-10 00:59:18--954349]9.jpg,MRKU3324814 45G1
[2015-02-10 00:59:20--784823]17.jpg,SEGU1445915 22G1
[2015-02-10 00:59:22--078369]recv conta req 21.jpg! 
[2015-02-10 00:59:22--838476]13.jpg,FSCU7372776 22G1
[2015-02-10 00:59:23--021879]21.jpg,TRLU8984373 22G1
[2015-02-10 00:59:26--079772]recv conta req 25.jpg! 
[2015-02-10 00:59:26--688774]25.jpg, 
[2015-02-10 00:59:30--084579]recv conta req 29.jpg! 
[2015-02-10 00:59:30--818388]29.jpg,SEGU9039975 45R1
[2015-02-10 00:59:34--085193]recv conta req 33.jpg! 
[2015-02-10 00:59:34--946530]33.jpg,PHLU2031555 22G1
[2015-02-10 00:59:38--088546]recv conta req 2.jpg! 
[2015-02-10 00:59:41--956812]2.jpg,GESU5520648 45G1
[2015-02-10 00:59:42--091327]recv conta req 6.jpg! 
[2015-02-10 00:59:44--491125]6.jpg,MRKU8566960 22G1
[2015-02-10 00:59:46--094972]recv conta req 10.jpg! 
[2015-02-10 00:59:50--096278]recv conta req 14.jpg! 
[2015-02-10 00:59:54--097322]recv conta req 18.jpg! 
[2015-02-10 00:59:55--755897]18.jpg,CRXU1866805 22G1
[2015-02-10 00:59:57--071637]10.jpg,CSLU1475718 22G1
[2015-02-10 00:59:57--831121]14.jpg,MRKU9670500 22G1
[2015-02-10 00:59:58--139090]recv conta req 22.jpg! 
[2015-02-10 00:59:58--791791]22.jpg,TCLU2873584 22G1
[2015-02-10 01:00:02--102681]recv conta req 26.jpg! 
[2015-02-10 01:00:02--787419]26.jpg,CRSU9147318 45G1
[2015-02-10 01:00:06--104730]recv conta req 30.jpg! 
[2015-02-10 01:00:06--738315]30.jpg,CMAU4559732 45G1
[2015-02-10 01:00:10--107430]recv conta req 34.jpg! 
[2015-02-10 01:00:10--860470]34.jpg,CMAU4555275 45G1
[2015-02-10 01:00:14--110652]recv conta req 3.jpg! 
[2015-02-10 01:00:17--951713]3.jpg,EITU1067234 45G1
[2015-02-10 01:00:18--114893]recv conta req 7.jpg! 
[2015-02-10 01:00:22--116674]recv conta req 11.jpg! 
[2015-02-10 01:00:26--118379]recv conta req 15.jpg! 
[2015-02-10 01:00:30--119180]recv conta req 19.jpg! 
[2015-02-10 01:00:31--144066]7.jpg, 
[2015-02-10 01:00:31--222448]11.jpg,MSKU0004911 45G1
[2015-02-10 01:00:31--913361]19.jpg,MSKU1685954 45G1
[2015-02-10 01:00:32--061378]15.jpg,MAXU2423284 
[2015-02-10 01:00:34--122802]recv conta req 23.jpg! 
[2015-02-10 01:00:34--777747]23.jpg,APHU6639762 45G1
[2015-02-10 01:00:38--125045]recv conta req 27.jpg! 
[2015-02-10 01:00:38--926505]27.jpg,MRKU0995640 42G1
[2015-02-10 01:00:42--126740]recv conta req 31.jpg! 
[2015-02-10 01:00:42--806514]31.jpg,WSDU4921322 45G1
[2015-02-10 01:00:46--129224]recv conta req 35.jpg! 
[2015-02-10 01:00:46--991676]35.jpg,WSDU4920250 45G1
[2015-02-10 01:00:50--131789]recv conta req 4.jpg! 
[2015-02-10 01:00:51--828996]4.jpg,MSKU4011903 22G1
[2015-02-10 01:00:54--136636]recv conta req 8.jpg! 
[2015-02-10 01:00:58--144275]recv conta req 12.jpg! 
[2015-02-10 01:01:01--270026]8.jpg,CCLU6287245 45G1
[2015-02-10 01:01:02--141018]recv conta req 16.jpg! 
[2015-02-10 01:01:04--105032]16.jpg,TEMU3075040 22G1
[2015-02-10 01:01:06--143193]recv conta req 20.jpg! 
[2015-02-10 01:01:07--552775]20.jpg,FCIU4591874 22G1
[2015-02-10 01:01:08--688838]12.jpg,MEDU1861156 22G1
[2015-02-10 01:01:10--145697]recv conta req 24.jpg! 
[2015-02-10 01:01:10--807137]24.jpg,SEGU1904022 22G1
[2015-02-10 01:01:14--147912]recv conta req 28.jpg! 
[2015-02-10 01:01:14--946251]28.jpg,FCIU8609740 45G1
[2015-02-10 01:01:18--151303]recv conta req 32.jpg! 
[2015-02-10 01:01:18--838031]32.jpg,CITU1173790 45G1
[2015-02-10 01:01:22--153154]recv conta req 1.jpg! 
[2015-02-10 01:01:23--877497]1.jpg,MSKU9550132 45G1
[2015-02-10 01:01:26--156066]recv conta req 5.jpg! 
[2015-02-10 01:01:29--036713]5.jpg,IIIU7???46? 22G1
[2015-02-10 01:01:30--160297]recv conta req 9.jpg! 
[2015-02-10 01:01:34--162694]recv conta req 13.jpg! 
[2015-02-10 01:01:37--507925]9.jpg,MRKU3324814 45G1
[2015-02-10 01:01:38--163317]recv conta req 17.jpg! 
[2015-02-10 01:01:40--967384]17.jpg,SEGU1445915 22G1
[2015-02-10 01:01:41--949071]13.jpg,FSCU7372776 22G1
[2015-02-10 01:01:42--165403]recv conta req 21.jpg! 
[2015-02-10 01:01:43--074182]21.jpg,TRLU8984373 22G1
[2015-02-10 01:01:46--167888]recv conta req 25.jpg! 
[2015-02-10 01:01:46--834453]25.jpg, 
[2015-02-10 01:01:50--170459]recv conta req 29.jpg! 
[2015-02-10 01:01:50--809866]29.jpg,SEGU9039975 45R1
[2015-02-10 01:01:54--172854]recv conta req 33.jpg! 
[2015-02-10 01:01:55--032888]33.jpg,PHLU2031555 22G1
[2015-02-10 01:01:58--175342]recv conta req 2.jpg! 
[2015-02-10 01:02:02--179283]recv conta req 6.jpg! 
[2015-02-10 01:02:02--183309]2.jpg,GESU5520648 45G1
[2015-02-10 01:02:04--682751]6.jpg,MRKU8566960 22G1
[2015-02-10 01:02:06--184741]recv conta req 10.jpg! 
[2015-02-10 01:02:10--184891]recv conta req 14.jpg! 
[2015-02-10 01:02:14--184774]recv conta req 18.jpg! 
[2015-02-10 01:02:14--308367]10.jpg,CSLU1475718 22G1
[2015-02-10 01:02:16--125244]18.jpg,CRXU1866805 22G1
[2015-02-10 01:02:18--187932]recv conta req 22.jpg! 
[2015-02-10 01:02:18--266049]14.jpg,MRKU9670500 22G1
[2015-02-10 01:02:18--881605]22.jpg,TCLU2873584 22G1
[2015-02-10 01:02:22--190133]recv conta req 26.jpg! 
[2015-02-10 01:02:22--904499]26.jpg,CRSU9147318 45G1
[2015-02-10 01:02:26--192020]recv conta req 30.jpg! 
[2015-02-10 01:02:26--816131]30.jpg,CMAU4559732 45G1
[2015-02-10 01:02:30--194828]recv conta req 34.jpg! 
[2015-02-10 01:02:30--933941]34.jpg,CMAU4555275 45G1
[2015-02-10 01:02:34--198717]recv conta req 3.jpg! 
[2015-02-10 01:02:38--098654]3.jpg,EITU1067234 45G1
[2015-02-10 01:02:38--201341]recv conta req 7.jpg! 
[2015-02-10 01:02:42--204478]recv conta req 11.jpg! 
[2015-02-10 01:02:46--206468]recv conta req 15.jpg! 
[2015-02-10 01:02:50--206441]recv conta req 19.jpg! 
[2015-02-10 01:02:51--101627]7.jpg, 
[2015-02-10 01:02:51--400391]15.jpg,MAXU2423284 
[2015-02-10 01:02:51--548834]11.jpg,MSKU0004911 45G1
[2015-02-10 01:02:51--987265]19.jpg,MSKU1685954 45G1
[2015-02-10 01:02:54--210035]recv conta req 23.jpg! 
[2015-02-10 01:02:54--869159]23.jpg,APHU6639762 45G1
[2015-02-10 01:02:58--212011]recv conta req 27.jpg! 
[2015-02-10 01:02:58--994708]27.jpg,MRKU0995640 42G1
[2015-02-10 01:03:02--214096]recv conta req 31.jpg! 
[2015-02-10 01:03:02--905018]31.jpg,WSDU4921322 45G1
[2015-02-10 01:03:06--216534]recv conta req 35.jpg! 
[2015-02-10 01:03:06--966897]35.jpg,WSDU4920250 45G1
[2015-02-10 01:03:10--219074]recv conta req 4.jpg! 
[2015-02-10 01:03:11--804416]4.jpg,MSKU4011903 22G1
[2015-02-10 01:03:14--223317]recv conta req 8.jpg! 
[2015-02-10 01:03:18--251532]recv conta req 12.jpg! 
[2015-02-10 01:03:20--177065]8.jpg,CCLU6287245 45G1
[2015-02-10 01:03:22--254013]recv conta req 16.jpg! 
[2015-02-10 01:03:23--818347]16.jpg,TEMU3075040 22G1
[2015-02-10 01:03:26--253727]recv conta req 20.jpg! 
[2015-02-10 01:03:28--112523]20.jpg,FCIU4591874 22G1
[2015-02-10 01:03:28--467958]12.jpg,MEDU1861156 22G1
[2015-02-10 01:03:30--256274]recv conta req 24.jpg! 
[2015-02-10 01:03:30--934855]24.jpg,SEGU1904022 22G1
[2015-02-10 01:03:34--258681]recv conta req 28.jpg! 
[2015-02-10 01:03:35--061084]28.jpg,FCIU8609740 45G1
[2015-02-10 01:03:38--261447]recv conta req 32.jpg! 
[2015-02-10 01:03:38--971100]32.jpg,CITU1173790 45G1
[2015-02-10 01:03:42--263941]recv conta req 1.jpg! 
[2015-02-10 01:03:44--040659]1.jpg,MSKU9550132 45G1
[2015-02-10 01:03:46--266892]recv conta req 5.jpg! 
[2015-02-10 01:03:49--176474]5.jpg,IIIU7???46? 22G1
[2015-02-10 01:03:50--270985]recv conta req 9.jpg! 
[2015-02-10 01:03:54--273213]recv conta req 13.jpg! 
[2015-02-10 01:03:58--274172]recv conta req 17.jpg! 
[2015-02-10 01:03:59--921938]9.jpg,MRKU3324814 45G1
[2015-02-10 01:04:00--887733]17.jpg,SEGU1445915 22G1
[2015-02-10 01:04:02--275901]recv conta req 21.jpg! 
[2015-02-10 01:04:03--208249]13.jpg,FSCU7372776 22G1
[2015-02-10 01:04:03--310920]21.jpg,TRLU8984373 22G1
[2015-02-10 01:04:06--278207]recv conta req 25.jpg! 
[2015-02-10 01:04:06--927741]25.jpg, 
[2015-02-10 01:04:10--281317]recv conta req 29.jpg! 
[2015-02-10 01:04:10--933647]29.jpg,SEGU9039975 45R1
[2015-02-10 01:04:14--284529]recv conta req 33.jpg! 
[2015-02-10 01:04:15--353777]33.jpg,PHLU2031555 22G1
[2015-02-10 01:04:18--286869]recv conta req 2.jpg! 
[2015-02-10 01:04:22--134561]2.jpg,GESU5520648 45G1
[2015-02-10 01:04:22--289011]recv conta req 6.jpg! 
[2015-02-10 01:04:24--748151]6.jpg,MRKU8566960 22G1
[2015-02-10 01:04:26--293230]recv conta req 10.jpg! 
[2015-02-10 01:04:30--295252]recv conta req 14.jpg! 
[2015-02-10 01:04:34--295519]recv conta req 18.jpg! 
[2015-02-10 01:04:36--119061]18.jpg,CRXU1866805 22G1
[2015-02-10 01:04:37--071941]10.jpg,CSLU1475718 22G1
[2015-02-10 01:04:38--298787]recv conta req 22.jpg! 
[2015-02-10 01:04:38--382155]14.jpg,MRKU9670500 22G1
[2015-02-10 01:04:38--980202]22.jpg,TCLU2873584 22G1
[2015-02-10 01:04:42--300486]recv conta req 26.jpg! 
[2015-02-10 01:04:43--059799]26.jpg,CRSU9147318 45G1
[2015-02-10 01:04:46--303691]recv conta req 30.jpg! 
[2015-02-10 01:04:46--958833]30.jpg,CMAU4559732 45G1
[2015-02-10 01:04:50--305322]recv conta req 34.jpg! 
[2015-02-10 01:04:51--074930]34.jpg,CMAU4555275 45G1
[2015-02-10 01:04:54--308571]recv conta req 3.jpg! 
[2015-02-10 01:04:58--194431]3.jpg,EITU1067234 45G1
[2015-02-10 01:04:58--313018]recv conta req 7.jpg! 
[2015-02-10 01:05:02--315624]recv conta req 11.jpg! 
[2015-02-10 01:05:06--317223]recv conta req 15.jpg! 
[2015-02-10 01:05:10--317760]recv conta req 19.jpg! 
[2015-02-10 01:05:11--810965]11.jpg,MSKU0004911 45G1
[2015-02-10 01:05:12--187145]19.jpg,MSKU1685954 45G1
[2015-02-10 01:05:12--187414]15.jpg,MAXU2423284 
[2015-02-10 01:05:12--344691]7.jpg, 
[2015-02-10 01:05:14--321468]recv conta req 23.jpg! 
[2015-02-10 01:05:14--959536]23.jpg,APHU6639762 45G1
[2015-02-10 01:05:18--323428]recv conta req 27.jpg! 
[2015-02-10 01:05:19--144104]27.jpg,MRKU0995640 42G1
[2015-02-10 01:05:22--325608]recv conta req 31.jpg! 
[2015-02-10 01:05:23--025675]31.jpg,WSDU4921322 45G1
[2015-02-10 01:05:26--327910]recv conta req 35.jpg! 
[2015-02-10 01:05:27--114407]35.jpg,WSDU4920250 45G1
[2015-02-10 01:05:30--330313]recv conta req 4.jpg! 
[2015-02-10 01:05:32--012837]4.jpg,MSKU4011903 22G1
[2015-02-10 01:05:34--333670]recv conta req 8.jpg! 
[2015-02-10 01:05:38--339590]recv conta req 12.jpg! 
[2015-02-10 01:05:41--319950]8.jpg,CCLU6287245 45G1
[2015-02-10 01:05:42--338240]recv conta req 16.jpg! 
[2015-02-10 01:05:44--173506]16.jpg,TEMU3075040 22G1
[2015-02-10 01:05:46--340634]recv conta req 20.jpg! 
[2015-02-10 01:05:47--714244]20.jpg,FCIU4591874 22G1
[2015-02-10 01:05:49--238337]12.jpg,MEDU1861156 22G1
[2015-02-10 01:05:50--342713]recv conta req 24.jpg! 
[2015-02-10 01:05:51--057882]24.jpg,SEGU1904022 22G1
[2015-02-10 01:05:54--346206]recv conta req 28.jpg! 
[2015-02-10 01:05:55--202002]28.jpg,FCIU8609740 45G1
[2015-02-10 01:05:58--350523]recv conta req 32.jpg! 
[2015-02-10 01:05:59--154261]32.jpg,CITU1173790 45G1
[2015-02-10 01:06:02--355080]recv conta req 1.jpg! 
[2015-02-10 01:06:04--095643]1.jpg,MSKU9550132 45G1
[2015-02-10 01:06:06--359505]recv conta req 5.jpg! 
[2015-02-10 01:06:09--190299]5.jpg,IIIU7???46? 22G1
[2015-02-10 01:06:10--366156]recv conta req 9.jpg! 
[2015-02-10 01:06:14--371437]recv conta req 13.jpg! 
[2015-02-10 01:06:18--371185]recv conta req 17.jpg! 
[2015-02-10 01:06:20--707713]9.jpg,MRKU3324814 45G1
[2015-02-10 01:06:20--991945]17.jpg,SEGU1445915 22G1
[2015-02-10 01:06:22--374064]recv conta req 21.jpg! 
[2015-02-10 01:06:23--198633]21.jpg,TRLU8984373 22G1
[2015-02-10 01:06:23--431321]13.jpg,FSCU7372776 22G1
[2015-02-10 01:06:26--379251]recv conta req 25.jpg! 
[2015-02-10 01:06:27--059431]25.jpg, 
[2015-02-10 01:06:30--384427]recv conta req 29.jpg! 
[2015-02-10 01:06:31--028525]29.jpg,SEGU9039975 45R1
[2015-02-10 01:06:34--387732]recv conta req 33.jpg! 
[2015-02-10 01:06:35--204729]33.jpg,PHLU2031555 22G1
[2015-02-10 01:06:38--392335]recv conta req 2.jpg! 
[2015-02-10 01:06:42--250640]2.jpg,GESU5520648 45G1
[2015-02-10 01:06:42--396426]recv conta req 6.jpg! 
[2015-02-10 01:06:44--891099]6.jpg,MRKU8566960 22G1
[2015-02-10 01:06:46--402923]recv conta req 10.jpg! 
[2015-02-10 01:06:50--407738]recv conta req 14.jpg! 
[2015-02-10 01:06:54--412918]recv conta req 18.jpg! 
[2015-02-10 01:06:55--455700]10.jpg,CSLU1475718 22G1
[2015-02-10 01:06:56--677237]18.jpg,CRXU1866805 22G1
[2015-02-10 01:06:58--268450]14.jpg,MRKU9670500 22G1
[2015-02-10 01:06:58--451567]recv conta req 22.jpg! 
[2015-02-10 01:06:59--109178]22.jpg,TCLU2873584 22G1
[2015-02-10 01:07:02--416345]recv conta req 26.jpg! 
[2015-02-10 01:07:03--243026]26.jpg,CRSU9147318 45G1
[2015-02-10 01:07:06--419210]recv conta req 30.jpg! 
[2015-02-10 01:07:07--063558]30.jpg,CMAU4559732 45G1
[2015-02-10 01:07:10--423014]recv conta req 34.jpg! 
[2015-02-10 01:07:11--172723]34.jpg,CMAU4555275 45G1
[2015-02-10 01:07:14--428466]recv conta req 3.jpg! 
[2015-02-10 01:07:18--302865]3.jpg,EITU1067234 45G1
[2015-02-10 01:07:18--435943]recv conta req 7.jpg! 
[2015-02-10 01:07:22--439961]recv conta req 11.jpg! 
[2015-02-10 01:07:26--441040]recv conta req 15.jpg! 
[2015-02-10 01:07:30--442986]recv conta req 19.jpg! 
[2015-02-10 01:07:31--106748]11.jpg,MSKU0004911 45G1
[2015-02-10 01:07:32--146555]19.jpg,MSKU1685954 45G1
[2015-02-10 01:07:32--533616]15.jpg,MAXU2423284 
[2015-02-10 01:07:32--967710]7.jpg, 
[2015-02-10 01:07:34--448440]recv conta req 23.jpg! 
[2015-02-10 01:07:35--095968]23.jpg,APHU6639762 45G1
[2015-02-10 01:07:38--451585]recv conta req 27.jpg! 
[2015-02-10 01:07:39--294123]27.jpg,MRKU0995640 42G1
[2015-02-10 01:07:42--456638]recv conta req 31.jpg! 
[2015-02-10 01:07:43--305933]31.jpg,WSDU4921322 45G1
[2015-02-10 01:07:46--459700]recv conta req 35.jpg! 
[2015-02-10 01:07:47--254962]35.jpg,WSDU4920250 45G1
[2015-02-10 01:07:50--463542]recv conta req 4.jpg! 
[2015-02-10 01:07:52--069725]4.jpg,MSKU4011903 22G1
[2015-02-10 01:07:54--472036]recv conta req 8.jpg! 
[2015-02-10 01:07:58--477020]recv conta req 12.jpg! 
[2015-02-10 01:08:00--117051]8.jpg,CCLU6287245 45G1
[2015-02-10 01:08:02--477948]recv conta req 16.jpg! 
[2015-02-10 01:08:04--123239]16.jpg,TEMU3075040 22G1
[2015-02-10 01:08:06--482221]recv conta req 20.jpg! 
[2015-02-10 01:08:07--975414]20.jpg,FCIU4591874 22G1
[2015-02-10 01:08:09--455085]12.jpg,MEDU1861156 22G1
[2015-02-10 01:08:10--485565]recv conta req 24.jpg! 
[2015-02-10 01:08:11--143668]24.jpg,SEGU1904022 22G1
[2015-02-10 01:08:14--488381]recv conta req 28.jpg! 
[2015-02-10 01:08:15--325958]28.jpg,FCIU8609740 45G1
[2015-02-10 01:08:18--491337]recv conta req 32.jpg! 
[2015-02-10 01:08:19--178067]32.jpg,CITU1173790 45G1
[2015-02-10 01:08:22--496348]recv conta req 1.jpg! 
[2015-02-10 01:08:24--222502]1.jpg,MSKU9550132 45G1
[2015-02-10 01:08:26--498528]recv conta req 5.jpg! 
[2015-02-10 01:08:29--471255]5.jpg,IIIU7???46? 22G1
[2015-02-10 01:08:30--504511]recv conta req 9.jpg! 
[2015-02-10 01:08:34--507531]recv conta req 13.jpg! 
[2015-02-10 01:08:38--508415]recv conta req 17.jpg! 
[2015-02-10 01:08:40--157248]9.jpg,MRKU3324814 45G1
[2015-02-10 01:08:40--870605]17.jpg,SEGU1445915 22G1
[2015-02-10 01:08:42--511534]recv conta req 21.jpg! 
[2015-02-10 01:08:43--092610]13.jpg,FSCU7372776 22G1
[2015-02-10 01:08:43--351032]21.jpg,TRLU8984373 22G1
[2015-02-10 01:08:46--515662]recv conta req 25.jpg! 
[2015-02-10 01:08:47--158964]25.jpg, 
[2015-02-10 01:08:50--519972]recv conta req 29.jpg! 
[2015-02-10 01:08:51--147341]29.jpg,SEGU9039975 45R1
[2015-02-10 01:08:54--524912]recv conta req 33.jpg! 
[2015-02-10 01:08:55--412568]33.jpg,PHLU2031555 22G1
[2015-02-10 01:08:58--530766]recv conta req 2.jpg! 
[2015-02-10 01:09:02--507770]2.jpg,GESU5520648 45G1
[2015-02-10 01:09:02--533467]recv conta req 6.jpg! 
[2015-02-10 01:09:05--069427]6.jpg,MRKU8566960 22G1
[2015-02-10 01:09:06--541743]recv conta req 10.jpg! 
[2015-02-10 01:09:10--549318]recv conta req 14.jpg! 
[2015-02-10 01:09:14--548870]recv conta req 18.jpg! 
[2015-02-10 01:09:16--475014]18.jpg,CRXU1866805 22G1
[2015-02-10 01:09:17--354827]10.jpg,CSLU1475718 22G1
[2015-02-10 01:09:18--524944]14.jpg,MRKU9670500 22G1
[2015-02-10 01:09:18--551540]recv conta req 22.jpg! 
[2015-02-10 01:09:19--184450]22.jpg,TCLU2873584 22G1
[2015-02-10 01:09:22--556590]recv conta req 26.jpg! 
[2015-02-10 01:09:23--258462]26.jpg,CRSU9147318 45G1
[2015-02-10 01:09:26--560125]recv conta req 30.jpg! 
[2015-02-10 01:09:27--178448]30.jpg,CMAU4559732 45G1
[2015-02-10 01:09:30--564456]recv conta req 34.jpg! 
[2015-02-10 01:09:31--302916]34.jpg,CMAU4555275 45G1
[2015-02-10 01:09:34--566879]recv conta req 3.jpg! 
[2015-02-10 01:09:38--300962]3.jpg,EITU1067234 45G1
[2015-02-10 01:09:38--574539]recv conta req 7.jpg! 
[2015-02-10 01:09:42--578067]recv conta req 11.jpg! 
[2015-02-10 01:09:46--583294]recv conta req 15.jpg! 
[2015-02-10 01:09:50--154118]11.jpg,MSKU0004911 45G1
[2015-02-10 01:09:50--582598]recv conta req 19.jpg! 
[2015-02-10 01:09:51--520402]7.jpg, 
[2015-02-10 01:09:52--069020]19.jpg,MSKU1685954 45G1
[2015-02-10 01:09:52--318298]15.jpg,MAXU2423284 
[2015-02-10 01:09:54--586577]recv conta req 23.jpg! 
[2015-02-10 01:09:55--205436]23.jpg,APHU6639762 45G1
[2015-02-10 01:09:58--590344]recv conta req 27.jpg! 
[2015-02-10 01:09:59--398646]27.jpg,MRKU0995640 42G1
[2015-02-10 01:10:02--594709]recv conta req 31.jpg! 
[2015-02-10 01:10:03--264617]31.jpg,WSDU4921322 45G1
[2015-02-10 01:10:06--597842]recv conta req 35.jpg! 
[2015-02-10 01:10:07--361106]35.jpg,WSDU4920250 45G1
[2015-02-10 01:10:10--601501]recv conta req 4.jpg! 
[2015-02-10 01:10:12--076199]4.jpg,MSKU4011903 22G1
[2015-02-10 01:10:14--607640]recv conta req 8.jpg! 
[2015-02-10 01:10:18--613935]recv conta req 12.jpg! 
[2015-02-10 01:10:20--400484]8.jpg,CCLU6287245 45G1
[2015-02-10 01:10:22--613208]recv conta req 16.jpg! 
[2015-02-10 01:10:24--525819]16.jpg,TEMU3075040 22G1
[2015-02-10 01:10:26--617635]recv conta req 20.jpg! 
[2015-02-10 01:10:27--749290]20.jpg,FCIU4591874 22G1
[2015-02-10 01:10:29--085399]12.jpg,MEDU1861156 22G1
[2015-02-10 01:10:30--620948]recv conta req 24.jpg! 
[2015-02-10 01:10:31--283037]24.jpg,SEGU1904022 22G1
[2015-02-10 01:10:34--624369]recv conta req 28.jpg! 
[2015-02-10 01:10:35--459294]28.jpg,FCIU8609740 45G1
[2015-02-10 01:10:38--628237]recv conta req 32.jpg! 
[2015-02-10 01:10:39--301460]32.jpg,CITU1173790 45G1
[2015-02-10 01:10:42--633606]recv conta req 1.jpg! 
[2015-02-10 01:10:44--307272]1.jpg,MSKU9550132 45G1
[2015-02-10 01:10:46--636183]recv conta req 5.jpg! 
[2015-02-10 01:10:49--583483]5.jpg,IIIU7???46? 22G1
[2015-02-10 01:10:50--642440]recv conta req 9.jpg! 
[2015-02-10 01:10:54--646610]recv conta req 13.jpg! 
[2015-02-10 01:10:57--930224]9.jpg,MRKU3324814 45G1
[2015-02-10 01:10:58--648512]recv conta req 17.jpg! 
[2015-02-10 01:11:00--955418]17.jpg,SEGU1445915 22G1
[2015-02-10 01:11:02--651623]recv conta req 21.jpg! 
[2015-02-10 01:11:03--266240]13.jpg,FSCU7372776 22G1
[2015-02-10 01:11:03--514166]21.jpg,TRLU8984373 22G1
[2015-02-10 01:11:06--655466]recv conta req 25.jpg! 
[2015-02-10 01:11:07--275093]25.jpg, 
[2015-02-10 01:11:10--658596]recv conta req 29.jpg! 
[2015-02-10 01:11:11--261459]29.jpg,SEGU9039975 45R1
[2015-02-10 01:11:14--664251]recv conta req 33.jpg! 
[2015-02-10 01:11:15--670761]33.jpg,PHLU2031555 22G1
[2015-02-10 01:11:18--669492]recv conta req 2.jpg! 
[2015-02-10 01:11:22--577327]2.jpg,GESU5520648 45G1
[2015-02-10 01:11:22--669769]recv conta req 6.jpg! 
[2015-02-10 01:11:25--044487]6.jpg,MRKU8566960 22G1
[2015-02-10 01:11:26--677852]recv conta req 10.jpg! 
[2015-02-10 01:11:30--679458]recv conta req 14.jpg! 
[2015-02-10 01:11:34--684315]recv conta req 18.jpg! 
[2015-02-10 01:11:36--300628]10.jpg,CSLU1475718 22G1
[2015-02-10 01:11:36--495371]18.jpg,CRXU1866805 22G1
[2015-02-10 01:11:38--610021]14.jpg,MRKU9670500 22G1
[2015-02-10 01:11:38--684836]recv conta req 22.jpg! 
[2015-02-10 01:11:39--310305]22.jpg,TCLU2873584 22G1
[2015-02-10 01:11:42--690595]recv conta req 26.jpg! 
[2015-02-10 01:11:43--403117]26.jpg,CRSU9147318 45G1
[2015-02-10 01:11:46--694532]recv conta req 30.jpg! 
[2015-02-10 01:11:47--288429]30.jpg,CMAU4559732 45G1
[2015-02-10 01:11:50--699412]recv conta req 34.jpg! 
[2015-02-10 01:11:51--483890]34.jpg,CMAU4555275 45G1
[2015-02-10 01:11:54--705224]recv conta req 3.jpg! 
[2015-02-10 01:11:58--541643]3.jpg,EITU1067234 45G1
[2015-02-10 01:11:58--708859]recv conta req 7.jpg! 
[2015-02-10 01:12:02--714448]recv conta req 11.jpg! 
[2015-02-10 01:12:06--716813]recv conta req 15.jpg! 
[2015-02-10 01:12:10--718020]recv conta req 19.jpg! 
[2015-02-10 01:12:11--617853]15.jpg,MAXU2423284 
[2015-02-10 01:12:12--548860]19.jpg,MSKU1685954 45G1
[2015-02-10 01:12:12--908963]11.jpg,MSKU0004911 45G1
[2015-02-10 01:12:13--317687]7.jpg, 
[2015-02-10 01:12:14--722955]recv conta req 23.jpg! 
[2015-02-10 01:12:15--329153]23.jpg,APHU6639762 45G1
[2015-02-10 01:12:18--727660]recv conta req 27.jpg! 
[2015-02-10 01:12:19--549809]27.jpg,MRKU0995640 42G1
[2015-02-10 01:12:22--732287]recv conta req 31.jpg! 
[2015-02-10 01:12:23--377959]31.jpg,WSDU4921322 45G1
[2015-02-10 01:12:26--736726]recv conta req 35.jpg! 
[2015-02-10 01:12:27--501713]35.jpg,WSDU4920250 45G1
[2015-02-10 01:12:30--742407]recv conta req 4.jpg! 
[2015-02-10 01:12:32--135718]4.jpg,MSKU4011903 22G1
[2015-02-10 01:12:34--751298]recv conta req 8.jpg! 
[2015-02-10 01:12:38--751474]recv conta req 12.jpg! 
[2015-02-10 01:12:40--250899]8.jpg,CCLU6287245 45G1
[2015-02-10 01:12:42--754104]recv conta req 16.jpg! 
[2015-02-10 01:12:44--626388]16.jpg,TEMU3075040 22G1
[2015-02-10 01:12:46--759903]recv conta req 20.jpg! 
[2015-02-10 01:12:48--163408]20.jpg,FCIU4591874 22G1
[2015-02-10 01:12:49--380274]12.jpg,MEDU1861156 22G1
[2015-02-10 01:12:50--763353]recv conta req 24.jpg! 
[2015-02-10 01:12:51--402300]24.jpg,SEGU1904022 22G1
[2015-02-10 01:12:54--767397]recv conta req 28.jpg! 
[2015-02-10 01:12:55--597063]28.jpg,FCIU8609740 45G1
[2015-02-10 01:12:58--770919]recv conta req 32.jpg! 
[2015-02-10 01:12:59--412859]32.jpg,CITU1173790 45G1
[2015-02-10 01:13:02--777545]recv conta req 1.jpg! 
[2015-02-10 01:13:04--418793]1.jpg,MSKU9550132 45G1
[2015-02-10 01:13:06--780103]recv conta req 5.jpg! 
[2015-02-10 01:13:09--528731]5.jpg,IIIU7???46? 22G1
[2015-02-10 01:13:10--786381]recv conta req 9.jpg! 
[2015-02-10 01:13:14--792143]recv conta req 13.jpg! 
[2015-02-10 01:13:17--743298]9.jpg,MRKU3324814 45G1
[2015-02-10 01:13:18--793286]recv conta req 17.jpg! 
[2015-02-10 01:13:20--865372]17.jpg,SEGU1445915 22G1
[2015-02-10 01:13:22--798204]recv conta req 21.jpg! 
[2015-02-10 01:13:23--471849]13.jpg,FSCU7372776 22G1
[2015-02-10 01:13:23--777490]21.jpg,TRLU8984373 22G1
[2015-02-10 01:13:26--800564]recv conta req 25.jpg! 
[2015-02-10 01:13:27--388651]25.jpg, 
[2015-02-10 01:13:30--803803]recv conta req 29.jpg! 
[2015-02-10 01:13:31--395781]29.jpg,SEGU9039975 45R1
[2015-02-10 01:13:34--807839]recv conta req 33.jpg! 
[2015-02-10 01:13:35--692845]33.jpg,PHLU2031555 22G1
[2015-02-10 01:13:38--810866]recv conta req 2.jpg! 
[2015-02-10 01:13:42--535028]2.jpg,GESU5520648 45G1
[2015-02-10 01:13:42--815125]recv conta req 6.jpg! 
[2015-02-10 01:13:45--134563]6.jpg,MRKU8566960 22G1
[2015-02-10 01:13:46--821500]recv conta req 10.jpg! 
[2015-02-10 01:13:50--823797]recv conta req 14.jpg! 
[2015-02-10 01:13:54--824897]recv conta req 18.jpg! 
[2015-02-10 01:13:56--623702]18.jpg,CRXU1866805 22G1
[2015-02-10 01:13:57--379405]10.jpg,CSLU1475718 22G1
[2015-02-10 01:13:58--246119]14.jpg,MRKU9670500 22G1
[2015-02-10 01:13:58--827490]recv conta req 22.jpg! 
[2015-02-10 01:13:59--399524]22.jpg,TCLU2873584 22G1
[2015-02-10 01:14:02--833169]recv conta req 26.jpg! 
[2015-02-10 01:14:03--524671]26.jpg,CRSU9147318 45G1
[2015-02-10 01:14:06--835320]recv conta req 30.jpg! 
[2015-02-10 01:14:07--423815]30.jpg,CMAU4559732 45G1
[2015-02-10 01:14:10--838165]recv conta req 34.jpg! 
[2015-02-10 01:14:11--589447]34.jpg,CMAU4555275 45G1
[2015-02-10 01:14:14--841604]recv conta req 3.jpg! 
[2015-02-10 01:14:18--635505]3.jpg,EITU1067234 45G1
[2015-02-10 01:14:18--846123]recv conta req 7.jpg! 
[2015-02-10 01:14:22--850836]recv conta req 11.jpg! 
[2015-02-10 01:14:26--854673]recv conta req 15.jpg! 
[2015-02-10 01:14:30--855502]recv conta req 19.jpg! 
[2015-02-10 01:14:31--787978]11.jpg,MSKU0004911 45G1
[2015-02-10 01:14:32--307053]19.jpg,MSKU1685954 45G1
[2015-02-10 01:14:33--003912]15.jpg,MAXU2423284 
[2015-02-10 01:14:33--082455]7.jpg, 
[2015-02-10 01:14:34--858128]recv conta req 23.jpg! 
[2015-02-10 01:14:35--445263]23.jpg,APHU6639762 45G1
[2015-02-10 01:14:38--859874]recv conta req 27.jpg! 
[2015-02-10 01:14:39--647381]27.jpg,MRKU0995640 42G1
[2015-02-10 01:14:42--864911]recv conta req 31.jpg! 
[2015-02-10 01:14:43--656909]31.jpg,WSDU4921322 45G1
[2015-02-10 01:14:46--867801]recv conta req 35.jpg! 
[2015-02-10 01:14:47--629795]35.jpg,WSDU4920250 45G1
[2015-02-10 01:14:50--872437]recv conta req 4.jpg! 
[2015-02-10 01:14:52--310378]4.jpg,MSKU4011903 22G1
[2015-02-10 01:14:54--877258]recv conta req 8.jpg! 
[2015-02-10 01:14:58--880382]recv conta req 12.jpg! 
[2015-02-10 01:15:02--064196]8.jpg,CCLU6287245 45G1
[2015-02-10 01:15:02--882764]recv conta req 16.jpg! 
[2015-02-10 01:15:04--639931]16.jpg,TEMU3075040 22G1
[2015-02-10 01:15:06--885725]recv conta req 20.jpg! 
[2015-02-10 01:15:07--869291]20.jpg,FCIU4591874 22G1
[2015-02-10 01:15:09--808313]12.jpg,MEDU1861156 22G1
[2015-02-10 01:15:10--889865]recv conta req 24.jpg! 
[2015-02-10 01:15:11--513844]24.jpg,SEGU1904022 22G1
[2015-02-10 01:15:14--891069]recv conta req 28.jpg! 
[2015-02-10 01:15:15--715790]28.jpg,FCIU8609740 45G1
[2015-02-10 01:15:18--892968]recv conta req 32.jpg! 
[2015-02-10 01:15:19--551779]32.jpg,CITU1173790 45G1
[2015-02-10 01:15:22--897185]recv conta req 1.jpg! 
[2015-02-10 01:15:24--622823]1.jpg,MSKU9550132 45G1
[2015-02-10 01:15:26--898124]recv conta req 5.jpg! 
[2015-02-10 01:15:29--762070]5.jpg,IIIU7???46? 22G1
[2015-02-10 01:15:30--903070]recv conta req 9.jpg! 
[2015-02-10 01:15:34--907693]recv conta req 13.jpg! 
[2015-02-10 01:15:38--909919]recv conta req 17.jpg! 
[2015-02-10 01:15:41--290656]9.jpg,MRKU3324814 45G1
[2015-02-10 01:15:41--382083]17.jpg,SEGU1445915 22G1
[2015-02-10 01:15:42--913282]recv conta req 21.jpg! 
[2015-02-10 01:15:43--314689]13.jpg,FSCU7372776 22G1
[2015-02-10 01:15:43--849090]21.jpg,TRLU8984373 22G1
[2015-02-10 01:15:46--915247]recv conta req 25.jpg! 
[2015-02-10 01:15:47--520902]25.jpg, 
[2015-02-10 01:15:50--917741]recv conta req 29.jpg! 
[2015-02-10 01:15:51--518804]29.jpg,SEGU9039975 45R1
[2015-02-10 01:15:54--922073]recv conta req 33.jpg! 
[2015-02-10 01:15:55--954158]33.jpg,PHLU2031555 22G1
[2015-02-10 01:15:58--924090]recv conta req 2.jpg! 
[2015-02-10 01:16:02--686280]2.jpg,GESU5520648 45G1
[2015-02-10 01:16:02--925617]recv conta req 6.jpg! 
[2015-02-10 01:16:05--249323]6.jpg,MRKU8566960 22G1
[2015-02-10 01:16:06--929966]recv conta req 10.jpg! 
[2015-02-10 01:16:10--932526]recv conta req 14.jpg! 
[2015-02-10 01:16:14--934590]recv conta req 18.jpg! 
[2015-02-10 01:16:16--947528]18.jpg,CRXU1866805 22G1
[2015-02-10 01:16:17--336224]10.jpg,CSLU1475718 22G1
[2015-02-10 01:16:18--593152]14.jpg,MRKU9670500 22G1
[2015-02-10 01:16:18--975876]recv conta req 22.jpg! 
[2015-02-10 01:16:19--583991]22.jpg,TCLU2873584 22G1
[2015-02-10 01:16:22--940666]recv conta req 26.jpg! 
[2015-02-10 01:16:23--617229]26.jpg,CRSU9147318 45G1
[2015-02-10 01:16:26--942643]recv conta req 30.jpg! 
[2015-02-10 01:16:27--545379]30.jpg,CMAU4559732 45G1
[2015-02-10 01:16:30--945331]recv conta req 34.jpg! 
[2015-02-10 01:16:31--660170]34.jpg,CMAU4555275 45G1
[2015-02-10 01:16:34--947129]recv conta req 3.jpg! 
[2015-02-10 01:16:38--635892]3.jpg,EITU1067234 45G1
[2015-02-10 01:16:38--951476]recv conta req 7.jpg! 
[2015-02-10 01:16:42--954478]recv conta req 11.jpg! 
[2015-02-10 01:16:46--958841]recv conta req 15.jpg! 
[2015-02-10 01:16:50--962284]recv conta req 19.jpg! 
[2015-02-10 01:16:52--274958]11.jpg,MSKU0004911 45G1
[2015-02-10 01:16:52--314174]7.jpg, 
[2015-02-10 01:16:52--783259]15.jpg,MAXU2423284 
[2015-02-10 01:16:52--984949]19.jpg,MSKU1685954 45G1
[2015-02-10 01:16:54--962356]recv conta req 23.jpg! 
[2015-02-10 01:16:55--592107]23.jpg,APHU6639762 45G1
[2015-02-10 01:16:58--964523]recv conta req 27.jpg! 
[2015-02-10 01:16:59--780000]27.jpg,MRKU0995640 42G1
[2015-02-10 01:17:02--967867]recv conta req 31.jpg! 
[2015-02-10 01:17:03--612433]31.jpg,WSDU4921322 45G1
[2015-02-10 01:17:06--970165]recv conta req 35.jpg! 
[2015-02-10 01:17:07--717838]35.jpg,WSDU4920250 45G1
[2015-02-10 01:17:10--972056]recv conta req 4.jpg! 
[2015-02-10 01:17:12--391109]4.jpg,MSKU4011903 22G1
[2015-02-10 01:17:14--977350]recv conta req 8.jpg! 
[2015-02-10 01:17:18--979342]recv conta req 12.jpg! 
[2015-02-10 01:17:21--331402]8.jpg,CCLU6287245 45G1
[2015-02-10 01:17:22--980732]recv conta req 16.jpg! 
[2015-02-10 01:17:25--000004]16.jpg,TEMU3075040 22G1
[2015-02-10 01:17:26--982278]recv conta req 20.jpg! 
[2015-02-10 01:17:28--320415]20.jpg,FCIU4591874 22G1
[2015-02-10 01:17:29--581718]12.jpg,MEDU1861156 22G1
[2015-02-10 01:17:30--985090]recv conta req 24.jpg! 
[2015-02-10 01:17:31--609796]24.jpg,SEGU1904022 22G1
[2015-02-10 01:17:34--987591]recv conta req 28.jpg! 
[2015-02-10 01:17:35--812474]28.jpg,FCIU8609740 45G1
[2015-02-10 01:17:38--989256]recv conta req 32.jpg! 
[2015-02-10 01:17:39--629497]32.jpg,CITU1173790 45G1
[2015-02-10 01:17:42--993610]recv conta req 1.jpg! 
[2015-02-10 01:17:44--666453]1.jpg,MSKU9550132 45G1
[2015-02-10 01:17:46--995454]recv conta req 5.jpg! 
[2015-02-10 01:17:49--878732]5.jpg,IIIU7???46? 22G1
[2015-02-10 01:17:50--998917]recv conta req 9.jpg! 
[2015-02-10 01:17:55--003597]recv conta req 13.jpg! 
[2015-02-10 01:17:59--003801]recv conta req 17.jpg! 
[2015-02-10 01:17:59--767162]9.jpg,MRKU3324814 45G1
[2015-02-10 01:18:01--069942]17.jpg,SEGU1445915 22G1
[2015-02-10 01:18:03--005828]recv conta req 21.jpg! 
[2015-02-10 01:18:03--845923]13.jpg,FSCU7372776 22G1
[2015-02-10 01:18:03--929525]21.jpg,TRLU8984373 22G1
[2015-02-10 01:18:07--008232]recv conta req 25.jpg! 
[2015-02-10 01:18:07--623662]25.jpg, 
[2015-02-10 01:18:11--010195]recv conta req 29.jpg! 
[2015-02-10 01:18:11--605325]29.jpg,SEGU9039975 45R1
[2015-02-10 01:18:15--013419]recv conta req 33.jpg! 
[2015-02-10 01:18:16--031892]33.jpg,PHLU2031555 22G1
[2015-02-10 01:18:19--016211]recv conta req 2.jpg! 
[2015-02-10 01:18:22--834693]2.jpg,GESU5520648 45G1
[2015-02-10 01:18:23--018383]recv conta req 6.jpg! 
[2015-02-10 01:18:25--441301]6.jpg,MRKU8566960 22G1
[2015-02-10 01:18:27--023350]recv conta req 10.jpg! 
[2015-02-10 01:18:31--023592]recv conta req 14.jpg! 
[2015-02-10 01:18:34--825259]10.jpg,CSLU1475718 22G1
[2015-02-10 01:18:35--025400]recv conta req 18.jpg! 
[2015-02-10 01:18:36--535230]18.jpg,CRXU1866805 22G1
[2015-02-10 01:18:38--962460]14.jpg,MRKU9670500 22G1
[2015-02-10 01:18:39--027158]recv conta req 22.jpg! 
[2015-02-10 01:18:39--624006]22.jpg,TCLU2873584 22G1
[2015-02-10 01:18:43--030634]recv conta req 26.jpg! 
[2015-02-10 01:18:43--734832]26.jpg,CRSU9147318 45G1
[2015-02-10 01:18:47--036135]recv conta req 30.jpg! 
[2015-02-10 01:18:47--902715]30.jpg,CMAU4559732 45G1
[2015-02-10 01:18:51--036947]recv conta req 34.jpg! 
[2015-02-10 01:18:51--787366]34.jpg,CMAU4555275 45G1
[2015-02-10 01:18:55--039041]recv conta req 3.jpg! 
[2015-02-10 01:18:58--730245]3.jpg,EITU1067234 45G1
[2015-02-10 01:18:59--042359]recv conta req 7.jpg! 
[2015-02-10 01:19:03--045480]recv conta req 11.jpg! 
[2015-02-10 01:19:07--047658]recv conta req 15.jpg! 
[2015-02-10 01:19:11--048260]recv conta req 19.jpg! 
[2015-02-10 01:19:11--750086]11.jpg,MSKU0004911 45G1
[2015-02-10 01:19:12--318207]15.jpg,MAXU2423284 
[2015-02-10 01:19:12--335427]7.jpg, 
[2015-02-10 01:19:12--603709]19.jpg,MSKU1685954 45G1
[2015-02-10 01:19:15--053689]recv conta req 23.jpg! 
[2015-02-10 01:19:15--879977]23.jpg,APHU6639762 45G1
[2015-02-10 01:19:19--054748]recv conta req 27.jpg! 
[2015-02-10 01:19:19--854721]27.jpg,MRKU0995640 42G1
[2015-02-10 01:19:23--060990]recv conta req 31.jpg! 
[2015-02-10 01:19:23--997623]31.jpg,WSDU4921322 45G1
[2015-02-10 01:19:27--063658]recv conta req 35.jpg! 
[2015-02-10 01:19:28--145230]35.jpg,WSDU4920250 45G1
[2015-02-10 01:19:31--062191]recv conta req 4.jpg! 
[2015-02-10 01:19:32--522034]4.jpg,MSKU4011903 22G1
[2015-02-10 01:19:35--067503]recv conta req 8.jpg! 
[2015-02-10 01:19:39--069584]recv conta req 12.jpg! 
[2015-02-10 01:19:41--549035]8.jpg,CCLU6287245 45G1
[2015-02-10 01:19:43--069528]recv conta req 16.jpg! 
[2015-02-10 01:19:44--484062]16.jpg,TEMU3075040 22G1
[2015-02-10 01:19:47--072694]recv conta req 20.jpg! 
[2015-02-10 01:19:47--588579]12.jpg,MEDU1861156 22G1
[2015-02-10 01:19:48--211245]20.jpg,FCIU4591874 22G1
[2015-02-10 01:19:51--075215]recv conta req 24.jpg! 
[2015-02-10 01:19:51--748227]24.jpg,SEGU1904022 22G1
[2015-02-10 01:19:55--077912]recv conta req 28.jpg! 
[2015-02-10 01:19:55--885808]28.jpg,FCIU8609740 45G1
[2015-02-10 01:19:59--083361]recv conta req 32.jpg! 
[2015-02-10 01:20:00--001233]32.jpg,CITU1173790 45G1
[2015-02-10 01:20:03--086311]recv conta req 1.jpg! 
[2015-02-10 01:20:04--942470]1.jpg,MSKU9550132 45G1
[2015-02-10 01:20:07--086188]recv conta req 5.jpg! 
[2015-02-10 01:20:09--914062]5.jpg,IIIU7???46? 22G1
[2015-02-10 01:20:11--090286]recv conta req 9.jpg! 
[2015-02-10 01:20:15--093064]recv conta req 13.jpg! 
[2015-02-10 01:20:17--955233]9.jpg,MRKU3324814 45G1
[2015-02-10 01:20:19--093870]recv conta req 17.jpg! 
[2015-02-10 01:20:21--204066]17.jpg,SEGU1445915 22G1
[2015-02-10 01:20:23--073078]13.jpg,FSCU7372776 22G1
[2015-02-10 01:20:23--096361]recv conta req 21.jpg! 
[2015-02-10 01:20:23--789618]21.jpg,TRLU8984373 22G1
[2015-02-10 01:20:27--098786]recv conta req 25.jpg! 
[2015-02-10 01:20:27--703700]25.jpg, 
[2015-02-10 01:20:31--101585]recv conta req 29.jpg! 
[2015-02-10 01:20:31--713213]29.jpg,SEGU9039975 45R1
[2015-02-10 01:20:35--105597]recv conta req 33.jpg! 
[2015-02-10 01:20:36--263624]33.jpg,PHLU2031555 22G1
[2015-02-10 01:20:39--109038]recv conta req 2.jpg! 
[2015-02-10 01:20:43--080600]2.jpg,GESU5520648 45G1
[2015-02-10 01:20:43--109129]recv conta req 6.jpg! 
[2015-02-10 01:20:45--460249]6.jpg,MRKU8566960 22G1
[2015-02-10 01:20:47--113772]recv conta req 10.jpg! 
[2015-02-10 01:20:51--115115]recv conta req 14.jpg! 
[2015-02-10 01:20:55--116857]recv conta req 18.jpg! 
[2015-02-10 01:20:56--203619]10.jpg,CSLU1475718 22G1
[2015-02-10 01:20:56--927827]18.jpg,CRXU1866805 22G1
[2015-02-10 01:20:58--568482]14.jpg,MRKU9670500 22G1
[2015-02-10 01:20:59--120902]recv conta req 22.jpg! 
[2015-02-10 01:20:59--967287]22.jpg,TCLU2873584 22G1
[2015-02-10 01:21:03--122436]recv conta req 26.jpg! 
[2015-02-10 01:21:03--848564]26.jpg,CRSU9147318 45G1
[2015-02-10 01:21:07--128298]recv conta req 30.jpg! 
[2015-02-10 01:21:07--992262]30.jpg,CMAU4559732 45G1
[2015-02-10 01:21:11--130764]recv conta req 34.jpg! 
[2015-02-10 01:21:12--082141]34.jpg,CMAU4555275 45G1
[2015-02-10 01:21:15--130403]recv conta req 3.jpg! 
[2015-02-10 01:21:18--812872]3.jpg,EITU1067234 45G1
[2015-02-10 01:21:19--134929]recv conta req 7.jpg! 
[2015-02-10 01:21:23--136208]recv conta req 11.jpg! 
[2015-02-10 01:21:27--138302]recv conta req 15.jpg! 
[2015-02-10 01:21:31--139650]recv conta req 19.jpg! 
[2015-02-10 01:21:32--063733]7.jpg, 
[2015-02-10 01:21:32--320886]15.jpg,MAXU2423284 
[2015-02-10 01:21:32--723177]11.jpg,MSKU0004911 45G1
[2015-02-10 01:21:32--784195]19.jpg,MSKU1685954 45G1
[2015-02-10 01:21:35--145532]recv conta req 23.jpg! 
[2015-02-10 01:21:36--123619]23.jpg,APHU6639762 45G1
[2015-02-10 01:21:39--145206]recv conta req 27.jpg! 
[2015-02-10 01:21:39--930373]27.jpg,MRKU0995640 42G1
[2015-02-10 01:21:43--152043]recv conta req 31.jpg! 
[2015-02-10 01:21:44--168033]31.jpg,WSDU4921322 45G1
[2015-02-10 01:21:47--155432]recv conta req 35.jpg! 
[2015-02-10 01:21:48--224570]35.jpg,WSDU4920250 45G1
[2015-02-10 01:21:51--155129]recv conta req 4.jpg! 
[2015-02-10 01:21:52--625452]4.jpg,MSKU4011903 22G1
[2015-02-10 01:21:55--157930]recv conta req 8.jpg! 
[2015-02-10 01:21:59--160318]recv conta req 12.jpg! 
[2015-02-10 01:22:00--377666]8.jpg,CCLU6287245 45G1
[2015-02-10 01:22:03--162649]recv conta req 16.jpg! 
[2015-02-10 01:22:04--940434]16.jpg,TEMU3075040 22G1
[2015-02-10 01:22:07--165079]recv conta req 20.jpg! 
[2015-02-10 01:22:08--400175]20.jpg,FCIU4591874 22G1
[2015-02-10 01:22:08--986092]12.jpg,MEDU1861156 22G1
[2015-02-10 01:22:11--167591]recv conta req 24.jpg! 
[2015-02-10 01:22:11--901626]24.jpg,SEGU1904022 22G1
[2015-02-10 01:22:15--170900]recv conta req 28.jpg! 
[2015-02-10 01:22:16--072384]28.jpg,FCIU8609740 45G1
[2015-02-10 01:22:19--174927]recv conta req 32.jpg! 
[2015-02-10 01:22:20--103862]32.jpg,CITU1173790 45G1
[2015-02-10 01:22:23--175870]recv conta req 1.jpg! 
[2015-02-10 01:22:24--913076]1.jpg,MSKU9550132 45G1
[2015-02-10 01:22:27--177259]recv conta req 5.jpg! 
[2015-02-10 01:22:29--949132]5.jpg,IIIU7???46? 22G1
[2015-02-10 01:22:31--181450]recv conta req 9.jpg! 
[2015-02-10 01:22:35--183551]recv conta req 13.jpg! 
[2015-02-10 01:22:39--185192]recv conta req 17.jpg! 
[2015-02-10 01:22:41--111338]9.jpg,MRKU3324814 45G1
[2015-02-10 01:22:41--768673]17.jpg,SEGU1445915 22G1
[2015-02-10 01:22:43--187557]recv conta req 21.jpg! 
[2015-02-10 01:22:43--243989]13.jpg,FSCU7372776 22G1
[2015-02-10 01:22:43--935054]21.jpg,TRLU8984373 22G1
[2015-02-10 01:22:47--189852]recv conta req 25.jpg! 
[2015-02-10 01:22:47--835359]25.jpg, 
[2015-02-10 01:22:51--193557]recv conta req 29.jpg! 
[2015-02-10 01:22:51--888661]29.jpg,SEGU9039975 45R1
[2015-02-10 01:22:55--200166]recv conta req 33.jpg! 
[2015-02-10 01:22:56--452195]33.jpg,PHLU2031555 22G1
[2015-02-10 01:22:59--199722]recv conta req 2.jpg! 
[2015-02-10 01:23:03--020835]2.jpg,GESU5520648 45G1
[2015-02-10 01:23:03--202073]recv conta req 6.jpg! 
[2015-02-10 01:23:05--634547]6.jpg,MRKU8566960 22G1
[2015-02-10 01:23:07--206273]recv conta req 10.jpg! 
[2015-02-10 01:23:11--208261]recv conta req 14.jpg! 
[2015-02-10 01:23:15--209286]recv conta req 18.jpg! 
[2015-02-10 01:23:16--881947]18.jpg,CRXU1866805 22G1
[2015-02-10 01:23:18--098627]10.jpg,CSLU1475718 22G1
[2015-02-10 01:23:18--678991]14.jpg,MRKU9670500 22G1
[2015-02-10 01:23:19--211334]recv conta req 22.jpg! 
[2015-02-10 01:23:19--837103]22.jpg,TCLU2873584 22G1
[2015-02-10 01:23:23--215299]recv conta req 26.jpg! 
[2015-02-10 01:23:23--925377]26.jpg,CRSU9147318 45G1
[2015-02-10 01:23:27--220940]recv conta req 30.jpg! 
[2015-02-10 01:23:28--085434]30.jpg,CMAU4559732 45G1
[2015-02-10 01:23:31--224164]recv conta req 34.jpg! 
[2015-02-10 01:23:32--250365]34.jpg,CMAU4555275 45G1
[2015-02-10 01:23:35--224287]recv conta req 3.jpg! 
[2015-02-10 01:23:39--009975]3.jpg,EITU1067234 45G1
[2015-02-10 01:23:39--228008]recv conta req 7.jpg! 
[2015-02-10 01:23:43--229774]recv conta req 11.jpg! 
[2015-02-10 01:23:47--231418]recv conta req 15.jpg! 
[2015-02-10 01:23:50--641682]7.jpg, 
[2015-02-10 01:23:51--233341]recv conta req 19.jpg! 
[2015-02-10 01:23:52--590207]11.jpg,MSKU0004911 45G1
[2015-02-10 01:23:52--662830]15.jpg,MAXU2423284 
[2015-02-10 01:23:52--829548]19.jpg,MSKU1685954 45G1
[2015-02-10 01:23:55--238853]recv conta req 23.jpg! 
[2015-02-10 01:23:56--210059]23.jpg,APHU6639762 45G1
[2015-02-10 01:23:59--239683]recv conta req 27.jpg! 
[2015-02-10 01:24:00--035758]27.jpg,MRKU0995640 42G1
[2015-02-10 01:24:03--246712]recv conta req 31.jpg! 
[2015-02-10 01:24:04--161731]31.jpg,WSDU4921322 45G1
[2015-02-10 01:24:07--248931]recv conta req 35.jpg! 
[2015-02-10 01:24:08--284912]35.jpg,WSDU4920250 45G1
[2015-02-10 01:24:11--247923]recv conta req 4.jpg! 
[2015-02-10 01:24:12--735686]4.jpg,MSKU4011903 22G1
[2015-02-10 01:24:15--253152]recv conta req 8.jpg! 
[2015-02-10 01:24:19--254292]recv conta req 12.jpg! 
[2015-02-10 01:24:20--415261]8.jpg,CCLU6287245 45G1
[2015-02-10 01:24:23--255150]recv conta req 16.jpg! 
[2015-02-10 01:24:25--212724]16.jpg,TEMU3075040 22G1
[2015-02-10 01:24:27--258394]recv conta req 20.jpg! 
[2015-02-10 01:24:28--311317]20.jpg,FCIU4591874 22G1
[2015-02-10 01:24:29--875773]12.jpg,MEDU1861156 22G1
[2015-02-10 01:24:31--264346]recv conta req 24.jpg! 
[2015-02-10 01:24:32--178937]24.jpg,SEGU1904022 22G1
[2015-02-10 01:24:35--264898]recv conta req 28.jpg! 
[2015-02-10 01:24:36--075230]28.jpg,FCIU8609740 45G1
[2015-02-10 01:24:39--269616]recv conta req 32.jpg! 
[2015-02-10 01:24:40--193166]32.jpg,CITU1173790 45G1
[2015-02-10 01:24:43--271816]recv conta req 1.jpg! 
[2015-02-10 01:24:45--018991]1.jpg,MSKU9550132 45G1
[2015-02-10 01:24:47--273147]recv conta req 5.jpg! 
[2015-02-10 01:24:50--058053]5.jpg,IIIU7???46? 22G1
[2015-02-10 01:24:51--278181]recv conta req 9.jpg! 
[2015-02-10 01:24:55--279321]recv conta req 13.jpg! 
[2015-02-10 01:24:58--623291]9.jpg,MRKU3324814 45G1
[2015-02-10 01:24:59--280993]recv conta req 17.jpg! 
[2015-02-10 01:25:01--222422]17.jpg,SEGU1445915 22G1
[2015-02-10 01:25:03--283455]recv conta req 21.jpg! 
[2015-02-10 01:25:03--993713]21.jpg,TRLU8984373 22G1
[2015-02-10 01:25:04--072522]13.jpg,FSCU7372776 22G1
[2015-02-10 01:25:07--286078]recv conta req 25.jpg! 
[2015-02-10 01:25:07--941554]25.jpg, 
[2015-02-10 01:25:11--289314]recv conta req 29.jpg! 
[2015-02-10 01:25:11--927906]29.jpg,SEGU9039975 45R1
[2015-02-10 01:25:15--296445]recv conta req 33.jpg! 
[2015-02-10 01:25:16--364824]33.jpg,PHLU2031555 22G1
[2015-02-10 01:25:19--296183]recv conta req 2.jpg! 
[2015-02-10 01:25:23--149728]2.jpg,GESU5520648 45G1
[2015-02-10 01:25:23--298264]recv conta req 6.jpg! 
[2015-02-10 01:25:25--732380]6.jpg,MRKU8566960 22G1
[2015-02-10 01:25:27--301695]recv conta req 10.jpg! 
[2015-02-10 01:25:31--304073]recv conta req 14.jpg! 
[2015-02-10 01:25:35--305530]recv conta req 18.jpg! 
[2015-02-10 01:25:37--277472]18.jpg,CRXU1866805 22G1
[2015-02-10 01:25:38--296216]10.jpg,CSLU1475718 22G1
[2015-02-10 01:25:39--137587]14.jpg,MRKU9670500 22G1
[2015-02-10 01:25:39--309657]recv conta req 22.jpg! 
[2015-02-10 01:25:39--940881]22.jpg,TCLU2873584 22G1
[2015-02-10 01:25:43--312867]recv conta req 26.jpg! 
[2015-02-10 01:25:44--024617]26.jpg,CRSU9147318 45G1
[2015-02-10 01:25:47--335353]recv conta req 30.jpg! 
[2015-02-10 01:25:48--170819]30.jpg,CMAU4559732 45G1
[2015-02-10 01:25:51--323322]recv conta req 34.jpg! 
[2015-02-10 01:25:52--334888]34.jpg,CMAU4555275 45G1
[2015-02-10 01:25:55--322379]recv conta req 3.jpg! 
[2015-02-10 01:25:59--127922]3.jpg,EITU1067234 45G1
[2015-02-10 01:25:59--325838]recv conta req 7.jpg! 
[2015-02-10 01:26:03--327543]recv conta req 11.jpg! 
[2015-02-10 01:26:07--329806]recv conta req 15.jpg! 
[2015-02-10 01:26:11--331336]recv conta req 19.jpg! 
[2015-02-10 01:26:11--921734]7.jpg, 
[2015-02-10 01:26:12--615110]19.jpg,MSKU1685954 45G1
[2015-02-10 01:26:12--694219]11.jpg,MSKU0004911 45G1
[2015-02-10 01:26:12--904372]15.jpg,MAXU2423284 
[2015-02-10 01:26:15--337586]recv conta req 23.jpg! 
[2015-02-10 01:26:16--204474]23.jpg,APHU6639762 45G1
[2015-02-10 01:26:19--337783]recv conta req 27.jpg! 
[2015-02-10 01:26:20--215971]27.jpg,MRKU0995640 42G1
[2015-02-10 01:26:23--344592]recv conta req 31.jpg! 
[2015-02-10 01:26:24--266588]31.jpg,WSDU4921322 45G1
[2015-02-10 01:26:27--347233]recv conta req 35.jpg! 
[2015-02-10 01:26:28--437673]35.jpg,WSDU4920250 45G1
[2015-02-10 01:26:31--346956]recv conta req 4.jpg! 
[2015-02-10 01:26:32--875587]4.jpg,MSKU4011903 22G1
[2015-02-10 01:26:35--351571]recv conta req 8.jpg! 
[2015-02-10 01:26:39--356524]recv conta req 12.jpg! 
[2015-02-10 01:26:40--981350]8.jpg,CCLU6287245 45G1
[2015-02-10 01:26:43--355975]recv conta req 16.jpg! 
[2015-02-10 01:26:44--889660]16.jpg,TEMU3075040 22G1
[2015-02-10 01:26:47--358817]recv conta req 20.jpg! 
[2015-02-10 01:26:48--658682]20.jpg,FCIU4591874 22G1
[2015-02-10 01:26:49--237457]12.jpg,MEDU1861156 22G1
[2015-02-10 01:26:51--363286]recv conta req 24.jpg! 
[2015-02-10 01:26:52--055335]24.jpg,SEGU1904022 22G1
[2015-02-10 01:26:55--369146]recv conta req 28.jpg! 
[2015-02-10 01:26:56--437742]28.jpg,FCIU8609740 45G1
[2015-02-10 01:26:59--372921]recv conta req 32.jpg! 
[2015-02-10 01:27:00--348163]32.jpg,CITU1173790 45G1
[2015-02-10 01:27:03--376277]recv conta req 1.jpg! 
[2015-02-10 01:27:05--090663]1.jpg,MSKU9550132 45G1
[2015-02-10 01:27:07--378186]recv conta req 5.jpg! 
[2015-02-10 01:27:10--217061]5.jpg,IIIU7???46? 22G1
[2015-02-10 01:27:11--384942]recv conta req 9.jpg! 
[2015-02-10 01:27:15--388473]recv conta req 13.jpg! 
[2015-02-10 01:27:19--392337]recv conta req 17.jpg! 
[2015-02-10 01:27:21--015714]9.jpg,MRKU3324814 45G1
[2015-02-10 01:27:21--699798]17.jpg,SEGU1445915 22G1
[2015-02-10 01:27:23--393786]recv conta req 21.jpg! 
[2015-02-10 01:27:24--078123]13.jpg,FSCU7372776 22G1
[2015-02-10 01:27:24--166104]21.jpg,TRLU8984373 22G1
[2015-02-10 01:27:27--397051]recv conta req 25.jpg! 
[2015-02-10 01:27:28--040251]25.jpg, 
[2015-02-10 01:27:31--400440]recv conta req 29.jpg! 
[2015-02-10 01:27:32--029964]29.jpg,SEGU9039975 45R1
[2015-02-10 01:27:35--408643]recv conta req 33.jpg! 
[2015-02-10 01:27:36--577716]33.jpg,PHLU2031555 22G1
[2015-02-10 01:27:39--410508]recv conta req 2.jpg! 
[2015-02-10 01:27:43--204947]2.jpg,GESU5520648 45G1
[2015-02-10 01:27:43--415894]recv conta req 6.jpg! 
[2015-02-10 01:27:45--863690]6.jpg,MRKU8566960 22G1
[2015-02-10 01:27:47--419821]recv conta req 10.jpg! 
[2015-02-10 01:27:51--423466]recv conta req 14.jpg! 
[2015-02-10 01:27:55--427142]recv conta req 18.jpg! 
[2015-02-10 01:27:57--293066]18.jpg,CRXU1866805 22G1
[2015-02-10 01:27:57--856890]10.jpg,CSLU1475718 22G1
[2015-02-10 01:27:59--119118]14.jpg,MRKU9670500 22G1
[2015-02-10 01:27:59--430504]recv conta req 22.jpg! 
[2015-02-10 01:28:00--087767]22.jpg,TCLU2873584 22G1
[2015-02-10 01:28:03--436357]recv conta req 26.jpg! 
[2015-02-10 01:28:04--352066]26.jpg,CRSU9147318 45G1
[2015-02-10 01:28:07--441863]recv conta req 30.jpg! 
[2015-02-10 01:28:08--293893]30.jpg,CMAU4559732 45G1
[2015-02-10 01:28:11--444365]recv conta req 34.jpg! 
[2015-02-10 01:28:12--197977]34.jpg,CMAU4555275 45G1
[2015-02-10 01:28:15--446580]recv conta req 3.jpg! 
[2015-02-10 01:28:19--214721]3.jpg,EITU1067234 45G1
[2015-02-10 01:28:19--452125]recv conta req 7.jpg! 
[2015-02-10 01:28:23--454287]recv conta req 11.jpg! 
[2015-02-10 01:28:27--456630]recv conta req 15.jpg! 
[2015-02-10 01:28:31--458810]recv conta req 19.jpg! 
[2015-02-10 01:28:31--844047]11.jpg,MSKU0004911 45G1
[2015-02-10 01:28:32--607176]15.jpg,MAXU2423284 
[2015-02-10 01:28:33--007567]19.jpg,MSKU1685954 45G1
[2015-02-10 01:28:33--189630]7.jpg, 
[2015-02-10 01:28:35--463103]recv conta req 23.jpg! 
[2015-02-10 01:28:36--302861]23.jpg,APHU6639762 45G1
[2015-02-10 01:28:39--464919]recv conta req 27.jpg! 
[2015-02-10 01:28:40--263621]27.jpg,MRKU0995640 42G1
[2015-02-10 01:28:43--472353]recv conta req 31.jpg! 
[2015-02-10 01:28:44--438473]31.jpg,WSDU4921322 45G1
[2015-02-10 01:28:47--475940]recv conta req 35.jpg! 
[2015-02-10 01:28:48--493321]35.jpg,WSDU4920250 45G1
[2015-02-10 01:28:51--477091]recv conta req 4.jpg! 
[2015-02-10 01:28:52--996011]4.jpg,MSKU4011903 22G1
[2015-02-10 01:28:55--480819]recv conta req 8.jpg! 
[2015-02-10 01:28:59--486300]recv conta req 12.jpg! 
[2015-02-10 01:29:02--560286]8.jpg,CCLU6287245 45G1
[2015-02-10 01:29:03--487272]recv conta req 16.jpg! 
[2015-02-10 01:29:05--182618]16.jpg,TEMU3075040 22G1
[2015-02-10 01:29:07--493050]recv conta req 20.jpg! 
[2015-02-10 01:29:08--551011]20.jpg,FCIU4591874 22G1
[2015-02-10 01:29:10--196585]12.jpg,MEDU1861156 22G1
[2015-02-10 01:29:11--494699]recv conta req 24.jpg! 
[2015-02-10 01:29:12--161314]24.jpg,SEGU1904022 22G1
[2015-02-10 01:29:15--499454]recv conta req 28.jpg! 
[2015-02-10 01:29:16--364118]28.jpg,FCIU8609740 45G1
[2015-02-10 01:29:19--500223]recv conta req 32.jpg! 
[2015-02-10 01:29:20--194417]32.jpg,CITU1173790 45G1
[2015-02-10 01:29:23--505964]recv conta req 1.jpg! 
[2015-02-10 01:29:25--212846]1.jpg,MSKU9550132 45G1
[2015-02-10 01:29:27--508251]recv conta req 5.jpg! 
[2015-02-10 01:29:30--332280]5.jpg,IIIU7???46? 22G1
[2015-02-10 01:29:31--512693]recv conta req 9.jpg! 
[2015-02-10 01:29:35--518280]recv conta req 13.jpg! 
[2015-02-10 01:29:38--370796]9.jpg,MRKU3324814 45G1
[2015-02-10 01:29:39--517568]recv conta req 17.jpg! 
[2015-02-10 01:29:42--066669]17.jpg,SEGU1445915 22G1
[2015-02-10 01:29:43--520303]recv conta req 21.jpg! 
[2015-02-10 01:29:44--072478]13.jpg,FSCU7372776 22G1
[2015-02-10 01:29:44--491533]21.jpg,TRLU8984373 22G1
[2015-02-10 01:29:47--524174]recv conta req 25.jpg! 
[2015-02-10 01:29:48--184716]25.jpg, 
[2015-02-10 01:29:51--529888]recv conta req 29.jpg! 
[2015-02-10 01:29:52--184132]29.jpg,SEGU9039975 45R1
[2015-02-10 01:29:55--534393]recv conta req 33.jpg! 
[2015-02-10 01:29:56--450540]33.jpg,PHLU2031555 22G1
[2015-02-10 01:29:59--540644]recv conta req 2.jpg! 
[2015-02-10 01:30:03--313351]2.jpg,GESU5520648 45G1
[2015-02-10 01:30:03--543367]recv conta req 6.jpg! 
[2015-02-10 01:30:06--015293]6.jpg,MRKU8566960 22G1
[2015-02-10 01:30:07--551668]recv conta req 10.jpg! 
[2015-02-10 01:30:11--557332]recv conta req 14.jpg! 
[2015-02-10 01:30:15--557587]recv conta req 18.jpg! 
[2015-02-10 01:30:17--347415]18.jpg,CRXU1866805 22G1
[2015-02-10 01:30:18--321115]10.jpg,CSLU1475718 22G1
[2015-02-10 01:30:19--561604]recv conta req 22.jpg! 
[2015-02-10 01:30:19--761284]14.jpg,MRKU9670500 22G1
[2015-02-10 01:30:20--210110]22.jpg,TCLU2873584 22G1
[2015-02-10 01:30:23--566426]recv conta req 26.jpg! 
[2015-02-10 01:30:24--280191]26.jpg,CRSU9147318 45G1
[2015-02-10 01:30:27--570573]recv conta req 30.jpg! 
[2015-02-10 01:30:28--192071]30.jpg,CMAU4559732 45G1
[2015-02-10 01:30:31--574472]recv conta req 34.jpg! 
[2015-02-10 01:30:32--307677]34.jpg,CMAU4555275 45G1
[2015-02-10 01:30:35--578717]recv conta req 3.jpg! 
[2015-02-10 01:30:39--353693]3.jpg,EITU1067234 45G1
[2015-02-10 01:30:39--586140]recv conta req 7.jpg! 
[2015-02-10 01:30:43--587821]recv conta req 11.jpg! 
[2015-02-10 01:30:47--593255]recv conta req 15.jpg! 
[2015-02-10 01:30:50--314736]11.jpg,MSKU0004911 45G1
[2015-02-10 01:30:51--597321]recv conta req 19.jpg! 
[2015-02-10 01:30:53--017995]19.jpg,MSKU1685954 45G1
[2015-02-10 01:30:53--113224]15.jpg,MAXU2423284 
[2015-02-10 01:30:54--164077]7.jpg, 
[2015-02-10 01:30:55--598387]recv conta req 23.jpg! 
[2015-02-10 01:30:56--227913]23.jpg,APHU6639762 45G1
[2015-02-10 01:30:59--602635]recv conta req 27.jpg! 
[2015-02-10 01:31:00--408470]27.jpg,MRKU0995640 42G1
[2015-02-10 01:31:03--607095]recv conta req 31.jpg! 
[2015-02-10 01:31:04--274095]31.jpg,WSDU4921322 45G1
[2015-02-10 01:31:07--610716]recv conta req 35.jpg! 
[2015-02-10 01:31:08--380521]35.jpg,WSDU4920250 45G1
[2015-02-10 01:31:11--615294]recv conta req 4.jpg! 
[2015-02-10 01:31:13--102289]4.jpg,MSKU4011903 22G1
[2015-02-10 01:31:15--621325]recv conta req 8.jpg! 
[2015-02-10 01:31:19--628407]recv conta req 12.jpg! 
[2015-02-10 01:31:21--465209]8.jpg,CCLU6287245 45G1
[2015-02-10 01:31:23--626753]recv conta req 16.jpg! 
[2015-02-10 01:31:25--704612]16.jpg,TEMU3075040 22G1
[2015-02-10 01:31:27--630834]recv conta req 20.jpg! 
[2015-02-10 01:31:28--793120]20.jpg,FCIU4591874 22G1
[2015-02-10 01:31:30--499528]12.jpg,MEDU1861156 22G1
[2015-02-10 01:31:31--633345]recv conta req 24.jpg! 
[2015-02-10 01:31:32--281318]24.jpg,SEGU1904022 22G1
[2015-02-10 01:31:35--637460]recv conta req 28.jpg! 
[2015-02-10 01:31:36--470912]28.jpg,FCIU8609740 45G1
[2015-02-10 01:31:39--640160]recv conta req 32.jpg! 
[2015-02-10 01:31:40--307801]32.jpg,CITU1173790 45G1
[2015-02-10 01:31:43--645872]recv conta req 1.jpg! 
[2015-02-10 01:31:45--298889]1.jpg,MSKU9550132 45G1
[2015-02-10 01:31:47--649231]recv conta req 5.jpg! 
[2015-02-10 01:31:50--547639]5.jpg,IIIU7???46? 22G1
[2015-02-10 01:31:51--653764]recv conta req 9.jpg! 
[2015-02-10 01:31:55--657639]recv conta req 13.jpg! 
[2015-02-10 01:31:59--015641]9.jpg,MRKU3324814 45G1
[2015-02-10 01:31:59--662722]recv conta req 17.jpg! 
[2015-02-10 01:32:01--689323]17.jpg,SEGU1445915 22G1
[2015-02-10 01:32:03--666497]recv conta req 21.jpg! 
[2015-02-10 01:32:04--387844]13.jpg,FSCU7372776 22G1
[2015-02-10 01:32:04--573390]21.jpg,TRLU8984373 22G1
[2015-02-10 01:32:07--668698]recv conta req 25.jpg! 
[2015-02-10 01:32:08--271598]25.jpg, 
[2015-02-10 01:32:11--670927]recv conta req 29.jpg! 
[2015-02-10 01:32:12--274153]29.jpg,SEGU9039975 45R1
[2015-02-10 01:32:15--674211]recv conta req 33.jpg! 
[2015-02-10 01:32:16--579225]33.jpg,PHLU2031555 22G1
[2015-02-10 01:32:19--678437]recv conta req 2.jpg! 
[2015-02-10 01:32:23--400813]2.jpg,GESU5520648 45G1
[2015-02-10 01:32:23--681513]recv conta req 6.jpg! 
[2015-02-10 01:32:26--093788]6.jpg,MRKU8566960 22G1
[2015-02-10 01:32:27--690655]recv conta req 10.jpg! 
[2015-02-10 01:32:31--694334]recv conta req 14.jpg! 
[2015-02-10 01:32:35--367482]10.jpg,CSLU1475718 22G1
[2015-02-10 01:32:35--693411]recv conta req 18.jpg! 
[2015-02-10 01:32:37--614519]18.jpg,CRXU1866805 22G1
[2015-02-10 01:32:39--100474]14.jpg,MRKU9670500 22G1
[2015-02-10 01:32:39--736726]recv conta req 22.jpg! 
[2015-02-10 01:32:40--328465]22.jpg,TCLU2873584 22G1
[2015-02-10 01:32:43--702293]recv conta req 26.jpg! 
[2015-02-10 01:32:44--404883]26.jpg,CRSU9147318 45G1
[2015-02-10 01:32:47--706228]recv conta req 30.jpg! 
[2015-02-10 01:32:48--284227]30.jpg,CMAU4559732 45G1
[2015-02-10 01:32:51--710613]recv conta req 34.jpg! 
[2015-02-10 01:32:52--464831]34.jpg,CMAU4555275 45G1
[2015-02-10 01:32:55--715507]recv conta req 3.jpg! 
[2015-02-10 01:32:59--527621]3.jpg,EITU1067234 45G1
[2015-02-10 01:32:59--724074]recv conta req 7.jpg! 
[2015-02-10 01:33:03--739278]recv conta req 11.jpg! 
[2015-02-10 01:33:07--728173]recv conta req 15.jpg! 
[2015-02-10 01:33:11--734117]recv conta req 19.jpg! 
[2015-02-10 01:33:13--000248]7.jpg, 
[2015-02-10 01:33:13--287067]15.jpg,MAXU2423284 
[2015-02-10 01:33:13--452476]19.jpg,MSKU1685954 45G1
[2015-02-10 01:33:13--465064]11.jpg,MSKU0004911 45G1
[2015-02-10 01:33:15--735957]recv conta req 23.jpg! 
[2015-02-10 01:33:16--346834]23.jpg,APHU6639762 45G1
[2015-02-10 01:33:19--739069]recv conta req 27.jpg! 
[2015-02-10 01:33:20--533853]27.jpg,MRKU0995640 42G1
[2015-02-10 01:33:23--744977]recv conta req 31.jpg! 
[2015-02-10 01:33:24--411090]31.jpg,WSDU4921322 45G1
[2015-02-10 01:33:27--749444]recv conta req 35.jpg! 
[2015-02-10 01:33:28--499398]35.jpg,WSDU4920250 45G1
[2015-02-10 01:33:31--751883]recv conta req 4.jpg! 
[2015-02-10 01:33:33--240157]4.jpg,MSKU4011903 22G1
[2015-02-10 01:33:35--759394]recv conta req 8.jpg! 
[2015-02-10 01:33:39--763440]recv conta req 12.jpg! 
[2015-02-10 01:33:42--979486]8.jpg,CCLU6287245 45G1
[2015-02-10 01:33:43--766732]recv conta req 16.jpg! 
[2015-02-10 01:33:45--787274]16.jpg,TEMU3075040 22G1
[2015-02-10 01:33:47--770918]recv conta req 20.jpg! 
[2015-02-10 01:33:48--916092]20.jpg,FCIU4591874 22G1
[2015-02-10 01:33:50--220297]12.jpg,MEDU1861156 22G1
[2015-02-10 01:33:51--774446]recv conta req 24.jpg! 
[2015-02-10 01:33:52--419611]24.jpg,SEGU1904022 22G1
[2015-02-10 01:33:55--779224]recv conta req 28.jpg! 
[2015-02-10 01:33:56--606936]28.jpg,FCIU8609740 45G1
[2015-02-10 01:33:59--782031]recv conta req 32.jpg! 
[2015-02-10 01:34:00--439505]32.jpg,CITU1173790 45G1
[2015-02-10 01:34:03--788033]recv conta req 1.jpg! 
[2015-02-10 01:34:05--453188]1.jpg,MSKU9550132 45G1
[2015-02-10 01:34:07--789798]recv conta req 5.jpg! 
[2015-02-10 01:34:10--506297]5.jpg,IIIU7???46? 22G1
[2015-02-10 01:34:11--796511]recv conta req 9.jpg! 
[2015-02-10 01:34:15--800812]recv conta req 13.jpg! 
[2015-02-10 01:34:19--801020]recv conta req 17.jpg! 
[2015-02-10 01:34:21--244694]9.jpg,MRKU3324814 45G1
[2015-02-10 01:34:22--498064]17.jpg,SEGU1445915 22G1
[2015-02-10 01:34:23--805047]recv conta req 21.jpg! 
[2015-02-10 01:34:24--533804]13.jpg,FSCU7372776 22G1
[2015-02-10 01:34:24--630281]21.jpg,TRLU8984373 22G1
[2015-02-10 01:34:27--808661]recv conta req 25.jpg! 
[2015-02-10 01:34:28--416975]25.jpg, 
[2015-02-10 01:34:31--811953]recv conta req 29.jpg! 
[2015-02-10 01:34:32--413070]29.jpg,SEGU9039975 45R1
[2015-02-10 01:34:35--816264]recv conta req 33.jpg! 
[2015-02-10 01:34:36--680148]33.jpg,PHLU2031555 22G1
[2015-02-10 01:34:39--822081]recv conta req 2.jpg! 
[2015-02-10 01:34:43--615191]2.jpg,GESU5520648 45G1
[2015-02-10 01:34:43--825204]recv conta req 6.jpg! 
[2015-02-10 01:34:46--174902]6.jpg,MRKU8566960 22G1
[2015-02-10 01:34:47--829933]recv conta req 10.jpg! 
[2015-02-10 01:34:51--834446]recv conta req 14.jpg! 
[2015-02-10 01:34:55--835811]recv conta req 18.jpg! 
[2015-02-10 01:34:57--768429]18.jpg,CRXU1866805 22G1
[2015-02-10 01:34:58--493297]10.jpg,CSLU1475718 22G1
[2015-02-10 01:34:59--585781]14.jpg,MRKU9670500 22G1
[2015-02-10 01:34:59--838393]recv conta req 22.jpg! 
[2015-02-10 01:35:00--429749]22.jpg,TCLU2873584 22G1
[2015-02-10 01:35:03--843467]recv conta req 26.jpg! 
[2015-02-10 01:35:04--576904]26.jpg,CRSU9147318 45G1
[2015-02-10 01:35:07--847369]recv conta req 30.jpg! 
[2015-02-10 01:35:08--423766]30.jpg,CMAU4559732 45G1
[2015-02-10 01:35:11--852010]recv conta req 34.jpg! 
[2015-02-10 01:35:12--553622]34.jpg,CMAU4555275 45G1
[2015-02-10 01:35:15--855096]recv conta req 3.jpg! 
[2015-02-10 01:35:19--634932]3.jpg,EITU1067234 45G1
[2015-02-10 01:35:19--917113]recv conta req 7.jpg! 
[2015-02-10 01:35:23--924836]recv conta req 11.jpg! 
[2015-02-10 01:35:27--925835]recv conta req 15.jpg! 
[2015-02-10 01:35:31--323516]11.jpg,MSKU0004911 45G1
[2015-02-10 01:35:31--927985]recv conta req 19.jpg! 
[2015-02-10 01:35:32--931743]15.jpg,MAXU2423284 
[2015-02-10 01:35:33--445466]19.jpg,MSKU1685954 45G1
[2015-02-10 01:35:33--775351]7.jpg, 
[2015-02-10 01:35:35--929775]recv conta req 23.jpg! 
[2015-02-10 01:35:36--555315]23.jpg,APHU6639762 45G1
[2015-02-10 01:35:39--931208]recv conta req 27.jpg! 
[2015-02-10 01:35:40--738752]27.jpg,MRKU0995640 42G1
[2015-02-10 01:35:43--934350]recv conta req 31.jpg! 
[2015-02-10 01:35:44--583270]31.jpg,WSDU4921322 45G1
[2015-02-10 01:35:47--936724]recv conta req 35.jpg! 
[2015-02-10 01:35:48--657972]35.jpg,WSDU4920250 45G1
[2015-02-10 01:35:51--939132]recv conta req 4.jpg! 
[2015-02-10 01:35:53--385891]4.jpg,MSKU4011903 22G1
[2015-02-10 01:35:55--943693]recv conta req 8.jpg! 
[2015-02-10 01:35:59--951394]recv conta req 12.jpg! 
[2015-02-10 01:36:02--573381]8.jpg,CCLU6287245 45G1
[2015-02-10 01:36:03--948112]recv conta req 16.jpg! 
[2015-02-10 01:36:05--611917]16.jpg,TEMU3075040 22G1
[2015-02-10 01:36:07--950808]recv conta req 20.jpg! 
[2015-02-10 01:36:09--205122]20.jpg,FCIU4591874 22G1
[2015-02-10 01:36:09--947604]12.jpg,MEDU1861156 22G1
[2015-02-10 01:36:11--953403]recv conta req 24.jpg! 
[2015-02-10 01:36:12--594173]24.jpg,SEGU1904022 22G1
[2015-02-10 01:36:15--956041]recv conta req 28.jpg! 
[2015-02-10 01:36:16--740435]28.jpg,FCIU8609740 45G1
[2015-02-10 01:36:19--957468]recv conta req 32.jpg! 
[2015-02-10 01:36:20--620211]32.jpg,CITU1173790 45G1
[2015-02-10 01:36:23--961258]recv conta req 1.jpg! 
[2015-02-10 01:36:25--641790]1.jpg,MSKU9550132 45G1
[2015-02-10 01:36:27--964631]recv conta req 5.jpg! 
[2015-02-10 01:36:30--931417]5.jpg,IIIU7???46? 22G1
[2015-02-10 01:36:31--970593]recv conta req 9.jpg! 
[2015-02-10 01:36:35--973271]recv conta req 13.jpg! 
[2015-02-10 01:36:39--974083]recv conta req 17.jpg! 
[2015-02-10 01:36:40--917933]9.jpg,MRKU3324814 45G1
[2015-02-10 01:36:42--293856]17.jpg,SEGU1445915 22G1
[2015-02-10 01:36:43--976949]recv conta req 21.jpg! 
[2015-02-10 01:36:44--741750]21.jpg,TRLU8984373 22G1
[2015-02-10 01:36:45--026888]13.jpg,FSCU7372776 22G1
[2015-02-10 01:36:47--978793]recv conta req 25.jpg! 
[2015-02-10 01:36:48--583551]25.jpg, 
[2015-02-10 01:36:51--980868]recv conta req 29.jpg! 
[2015-02-10 01:36:52--594464]29.jpg,SEGU9039975 45R1
[2015-02-10 01:36:55--984032]recv conta req 33.jpg! 
[2015-02-10 01:36:56--776236]33.jpg,PHLU2031555 22G1
[2015-02-10 01:36:59--987581]recv conta req 2.jpg! 
[2015-02-10 01:37:03--891107]2.jpg,GESU5520648 45G1
[2015-02-10 01:37:03--988986]recv conta req 6.jpg! 
[2015-02-10 01:37:06--363910]6.jpg,MRKU8566960 22G1
[2015-02-10 01:37:07--993167]recv conta req 10.jpg! 
[2015-02-10 01:37:11--993710]recv conta req 14.jpg! 
[2015-02-10 01:37:15--997781]recv conta req 18.jpg! 
[2015-02-10 01:37:17--971673]18.jpg,CRXU1866805 22G1
[2015-02-10 01:37:19--114674]10.jpg,CSLU1475718 22G1
[2015-02-10 01:37:19--816715]14.jpg,MRKU9670500 22G1
[2015-02-10 01:37:19--999211]recv conta req 22.jpg! 
[2015-02-10 01:37:20--614190]22.jpg,TCLU2873584 22G1
[2015-02-10 01:37:24--002710]recv conta req 26.jpg! 
[2015-02-10 01:37:24--692714]26.jpg,CRSU9147318 45G1
[2015-02-10 01:37:28--005209]recv conta req 30.jpg! 
[2015-02-10 01:37:28--593174]30.jpg,CMAU4559732 45G1
[2015-02-10 01:37:32--007632]recv conta req 34.jpg! 
[2015-02-10 01:37:32--718100]34.jpg,CMAU4555275 45G1
[2015-02-10 01:37:36--010220]recv conta req 3.jpg! 
[2015-02-10 01:37:39--798669]3.jpg,EITU1067234 45G1
[2015-02-10 01:37:40--012826]recv conta req 7.jpg! 
[2015-02-10 01:37:44--016277]recv conta req 11.jpg! 
[2015-02-10 01:37:48--021092]recv conta req 15.jpg! 
[2015-02-10 01:37:52--019970]recv conta req 19.jpg! 
[2015-02-10 01:37:52--865079]7.jpg, 
[2015-02-10 01:37:53--342346]11.jpg,MSKU0004911 45G1
[2015-02-10 01:37:53--582211]15.jpg,MAXU2423284 
[2015-02-10 01:37:53--725656]19.jpg,MSKU1685954 45G1
[2015-02-10 01:37:56--022343]recv conta req 23.jpg! 
[2015-02-10 01:37:56--624531]23.jpg,APHU6639762 45G1
[2015-02-10 01:38:00--024397]recv conta req 27.jpg! 
[2015-02-10 01:38:00--815392]27.jpg,MRKU0995640 42G1
[2015-02-10 01:38:04--027880]recv conta req 31.jpg! 
[2015-02-10 01:38:04--794670]31.jpg,WSDU4921322 45G1
[2015-02-10 01:38:08--030118]recv conta req 35.jpg! 
[2015-02-10 01:38:08--789791]35.jpg,WSDU4920250 45G1
[2015-02-10 01:38:12--032399]recv conta req 4.jpg! 
[2015-02-10 01:38:13--548536]4.jpg,MSKU4011903 22G1
[2015-02-10 01:38:16--037059]recv conta req 8.jpg! 
[2015-02-10 01:38:20--038274]recv conta req 12.jpg! 
[2015-02-10 01:38:21--560599]8.jpg,CCLU6287245 45G1
[2015-02-10 01:38:24--039277]recv conta req 16.jpg! 
[2015-02-10 01:38:25--701658]16.jpg,TEMU3075040 22G1
[2015-02-10 01:38:28--044971]recv conta req 20.jpg! 
[2015-02-10 01:38:29--418673]20.jpg,FCIU4591874 22G1
[2015-02-10 01:38:30--680837]12.jpg,MEDU1861156 22G1
[2015-02-10 01:38:32--044913]recv conta req 24.jpg! 
[2015-02-10 01:38:32--674599]24.jpg,SEGU1904022 22G1
[2015-02-10 01:38:36--047407]recv conta req 28.jpg! 
[2015-02-10 01:38:36--821403]28.jpg,FCIU8609740 45G1
[2015-02-10 01:38:40--049148]recv conta req 32.jpg! 
[2015-02-10 01:38:40--710351]32.jpg,CITU1173790 45G1
[2015-02-10 01:38:44--052613]recv conta req 1.jpg! 
[2015-02-10 01:38:45--767649]1.jpg,MSKU9550132 45G1
[2015-02-10 01:38:48--054221]recv conta req 5.jpg! 
[2015-02-10 01:38:50--908768]5.jpg,IIIU7???46? 22G1
[2015-02-10 01:38:52--059034]recv conta req 9.jpg! 
[2015-02-10 01:38:56--061117]recv conta req 13.jpg! 
[2015-02-10 01:39:00--063253]recv conta req 17.jpg! 
[2015-02-10 01:39:00--339996]9.jpg,MRKU3324814 45G1
[2015-02-10 01:39:02--381111]17.jpg,SEGU1445915 22G1
[2015-02-10 01:39:04--064706]recv conta req 21.jpg! 
[2015-02-10 01:39:04--365980]13.jpg,FSCU7372776 22G1
[2015-02-10 01:39:04--848271]21.jpg,TRLU8984373 22G1
[2015-02-10 01:39:08--066629]recv conta req 25.jpg! 
[2015-02-10 01:39:08--687366]25.jpg, 
[2015-02-10 01:39:12--069266]recv conta req 29.jpg! 
[2015-02-10 01:39:12--699830]29.jpg,SEGU9039975 45R1
[2015-02-10 01:39:16--073076]recv conta req 33.jpg! 
[2015-02-10 01:39:16--936620]33.jpg,PHLU2031555 22G1
[2015-02-10 01:39:20--075298]recv conta req 2.jpg! 
[2015-02-10 01:39:23--869767]2.jpg,GESU5520648 45G1
[2015-02-10 01:39:24--077401]recv conta req 6.jpg! 
[2015-02-10 01:39:26--377933]6.jpg,MRKU8566960 22G1
[2015-02-10 01:39:28--081453]recv conta req 10.jpg! 
[2015-02-10 01:39:32--083428]recv conta req 14.jpg! 
[2015-02-10 01:39:36--084552]recv conta req 18.jpg! 
[2015-02-10 01:39:37--858409]18.jpg,CRXU1866805 22G1
[2015-02-10 01:39:38--199905]10.jpg,CSLU1475718 22G1
[2015-02-10 01:39:39--394926]14.jpg,MRKU9670500 22G1
[2015-02-10 01:39:40--086235]recv conta req 22.jpg! 
[2015-02-10 01:39:40--688631]22.jpg,TCLU2873584 22G1
[2015-02-10 01:39:44--089544]recv conta req 26.jpg! 
[2015-02-10 01:39:44--805903]26.jpg,CRSU9147318 45G1
[2015-02-10 01:39:48--091953]recv conta req 30.jpg! 
[2015-02-10 01:39:48--703760]30.jpg,CMAU4559732 45G1
[2015-02-10 01:39:52--095761]recv conta req 34.jpg! 
[2015-02-10 01:39:52--954571]34.jpg,CMAU4555275 45G1
[2015-02-10 01:39:56--096936]recv conta req 3.jpg! 
[2015-02-10 01:39:59--890832]3.jpg,EITU1067234 45G1
[2015-02-10 01:40:00--101036]recv conta req 7.jpg! 
[2015-02-10 01:40:04--103253]recv conta req 11.jpg! 
[2015-02-10 01:40:08--104732]recv conta req 15.jpg! 
[2015-02-10 01:40:12--106883]recv conta req 19.jpg! 
[2015-02-10 01:40:12--331250]7.jpg, 
[2015-02-10 01:40:13--495878]19.jpg,MSKU1685954 45G1
[2015-02-10 01:40:13--623829]15.jpg,MAXU2423284 
[2015-02-10 01:40:14--212860]11.jpg,MSKU0004911 45G1
[2015-02-10 01:40:16--109047]recv conta req 23.jpg! 
[2015-02-10 01:40:16--743555]23.jpg,APHU6639762 45G1
[2015-02-10 01:40:20--110864]recv conta req 27.jpg! 
[2015-02-10 01:40:20--911453]27.jpg,MRKU0995640 42G1
[2015-02-10 01:40:24--114193]recv conta req 31.jpg! 
[2015-02-10 01:40:24--783394]31.jpg,WSDU4921322 45G1
[2015-02-10 01:40:28--116228]recv conta req 35.jpg! 
[2015-02-10 01:40:28--943256]35.jpg,WSDU4920250 45G1
[2015-02-10 01:40:32--118869]recv conta req 4.jpg! 
[2015-02-10 01:40:33--581680]4.jpg,MSKU4011903 22G1
[2015-02-10 01:40:36--123418]recv conta req 8.jpg! 
[2015-02-10 01:40:40--125735]recv conta req 12.jpg! 
[2015-02-10 01:40:41--198337]8.jpg,CCLU6287245 45G1
[2015-02-10 01:40:44--125421]recv conta req 16.jpg! 
[2015-02-10 01:40:45--673501]16.jpg,TEMU3075040 22G1
[2015-02-10 01:40:48--129106]recv conta req 20.jpg! 
[2015-02-10 01:40:49--407666]20.jpg,FCIU4591874 22G1
[2015-02-10 01:40:50--450844]12.jpg,MEDU1861156 22G1
[2015-02-10 01:40:52--131257]recv conta req 24.jpg! 
[2015-02-10 01:40:52--802777]24.jpg,SEGU1904022 22G1
[2015-02-10 01:40:56--133558]recv conta req 28.jpg! 
[2015-02-10 01:40:56--953661]28.jpg,FCIU8609740 45G1
[2015-02-10 01:41:00--135330]recv conta req 32.jpg! 
[2015-02-10 01:41:00--810436]32.jpg,CITU1173790 45G1
[2015-02-10 01:41:04--141031]recv conta req 1.jpg! 
[2015-02-10 01:41:06--046495]1.jpg,MSKU9550132 45G1
[2015-02-10 01:41:08--140389]recv conta req 5.jpg! 
[2015-02-10 01:41:10--952271]5.jpg,IIIU7???46? 22G1
[2015-02-10 01:41:12--143555]recv conta req 9.jpg! 
[2015-02-10 01:41:16--147350]recv conta req 13.jpg! 
[2015-02-10 01:41:20--148451]recv conta req 17.jpg! 
[2015-02-10 01:41:20--271716]9.jpg,MRKU3324814 45G1
[2015-02-10 01:41:22--577146]17.jpg,SEGU1445915 22G1
[2015-02-10 01:41:24--150610]recv conta req 21.jpg! 
[2015-02-10 01:41:24--486200]13.jpg,FSCU7372776 22G1
[2015-02-10 01:41:25--130930]21.jpg,TRLU8984373 22G1
[2015-02-10 01:41:28--152986]recv conta req 25.jpg! 
[2015-02-10 01:41:28--779467]25.jpg, 
[2015-02-10 01:41:32--155065]recv conta req 29.jpg! 
[2015-02-10 01:41:32--769449]29.jpg,SEGU9039975 45R1
[2015-02-10 01:41:36--158088]recv conta req 33.jpg! 
[2015-02-10 01:41:37--017738]33.jpg,PHLU2031555 22G1
[2015-02-10 01:41:40--160811]recv conta req 2.jpg! 
[2015-02-10 01:41:44--041016]2.jpg,GESU5520648 45G1
[2015-02-10 01:41:44--162494]recv conta req 6.jpg! 
[2015-02-10 01:41:46--617821]6.jpg,MRKU8566960 22G1
[2015-02-10 01:41:48--167780]recv conta req 10.jpg! 
[2015-02-10 01:41:52--172435]recv conta req 14.jpg! 
[2015-02-10 01:41:56--170464]recv conta req 18.jpg! 
[2015-02-10 01:41:58--382680]18.jpg,CRXU1866805 22G1
[2015-02-10 01:41:59--554458]10.jpg,CSLU1475718 22G1
[2015-02-10 01:42:00--172548]recv conta req 22.jpg! 
[2015-02-10 01:42:00--198118]14.jpg,MRKU9670500 22G1
[2015-02-10 01:42:00--800951]22.jpg,TCLU2873584 22G1
[2015-02-10 01:42:04--175884]recv conta req 26.jpg! 
[2015-02-10 01:42:04--941475]26.jpg,CRSU9147318 45G1
[2015-02-10 01:42:08--177747]recv conta req 30.jpg! 
[2015-02-10 01:42:08--791788]30.jpg,CMAU4559732 45G1
[2015-02-10 01:42:12--180264]recv conta req 34.jpg! 
[2015-02-10 01:42:12--911865]34.jpg,CMAU4555275 45G1
[2015-02-10 01:42:16--182658]recv conta req 3.jpg! 
[2015-02-10 01:42:19--984300]3.jpg,EITU1067234 45G1
[2015-02-10 01:42:20--187944]recv conta req 7.jpg! 
[2015-02-10 01:42:24--189840]recv conta req 11.jpg! 
[2015-02-10 01:42:28--193350]recv conta req 15.jpg! 
[2015-02-10 01:42:32--192160]recv conta req 19.jpg! 
[2015-02-10 01:42:33--297360]7.jpg, 
[2015-02-10 01:42:33--828088]11.jpg,MSKU0004911 45G1
[2015-02-10 01:42:33--927386]19.jpg,MSKU1685954 45G1
[2015-02-10 01:42:34--096392]15.jpg,MAXU2423284 
[2015-02-10 01:42:36--194731]recv conta req 23.jpg! 
[2015-02-10 01:42:36--858815]23.jpg,APHU6639762 45G1
[2015-02-10 01:42:40--196484]recv conta req 27.jpg! 
[2015-02-10 01:42:40--995826]27.jpg,MRKU0995640 42G1
[2015-02-10 01:42:44--199784]recv conta req 31.jpg! 
[2015-02-10 01:42:44--880791]31.jpg,WSDU4921322 45G1
[2015-02-10 01:42:48--202320]recv conta req 35.jpg! 
[2015-02-10 01:42:48--971009]35.jpg,WSDU4920250 45G1
[2015-02-10 01:42:52--204816]recv conta req 4.jpg! 
[2015-02-10 01:42:53--866686]4.jpg,MSKU4011903 22G1
[2015-02-10 01:42:56--209275]recv conta req 8.jpg! 
[2015-02-10 01:43:00--211195]recv conta req 12.jpg! 
[2015-02-10 01:43:03--920236]8.jpg,CCLU6287245 45G1
[2015-02-10 01:43:04--212506]recv conta req 16.jpg! 
[2015-02-10 01:43:06--491026]16.jpg,TEMU3075040 22G1
[2015-02-10 01:43:08--215508]recv conta req 20.jpg! 
[2015-02-10 01:43:09--470874]20.jpg,FCIU4591874 22G1
[2015-02-10 01:43:11--095518]12.jpg,MEDU1861156 22G1
[2015-02-10 01:43:12--217485]recv conta req 24.jpg! 
[2015-02-10 01:43:12--879248]24.jpg,SEGU1904022 22G1
[2015-02-10 01:43:16--220043]recv conta req 28.jpg! 
[2015-02-10 01:43:17--058871]28.jpg,FCIU8609740 45G1
[2015-02-10 01:43:20--221773]recv conta req 32.jpg! 
[2015-02-10 01:43:20--904362]32.jpg,CITU1173790 45G1
[2015-02-10 01:43:24--225257]recv conta req 1.jpg! 
[2015-02-10 01:43:25--989060]1.jpg,MSKU9550132 45G1
[2015-02-10 01:43:28--226919]recv conta req 5.jpg! 
[2015-02-10 01:43:31--133714]5.jpg,IIIU7???46? 22G1
[2015-02-10 01:43:32--230865]recv conta req 9.jpg! 
[2015-02-10 01:43:36--232760]recv conta req 13.jpg! 
[2015-02-10 01:43:40--234445]recv conta req 17.jpg! 
[2015-02-10 01:43:42--377697]17.jpg,SEGU1445915 22G1
[2015-02-10 01:43:43--372896]9.jpg,MRKU3324814 45G1
[2015-02-10 01:43:44--236292]recv conta req 21.jpg! 
[2015-02-10 01:43:44--773593]13.jpg,FSCU7372776 22G1
[2015-02-10 01:43:45--157198]21.jpg,TRLU8984373 22G1
[2015-02-10 01:43:48--239156]recv conta req 25.jpg! 
[2015-02-10 01:43:48--879785]25.jpg, 
[2015-02-10 01:43:52--241336]recv conta req 29.jpg! 
[2015-02-10 01:43:52--892467]29.jpg,SEGU9039975 45R1
[2015-02-10 01:43:56--245013]recv conta req 33.jpg! 
[2015-02-10 01:43:57--126683]33.jpg,PHLU2031555 22G1
[2015-02-10 01:44:00--247337]recv conta req 2.jpg! 
[2015-02-10 01:44:04--110880]2.jpg,GESU5520648 45G1
[2015-02-10 01:44:04--250397]recv conta req 6.jpg! 
[2015-02-10 01:44:06--782367]6.jpg,MRKU8566960 22G1
[2015-02-10 01:44:08--253359]recv conta req 10.jpg! 
[2015-02-10 01:44:12--254910]recv conta req 14.jpg! 
[2015-02-10 01:44:16--258665]recv conta req 18.jpg! 
[2015-02-10 01:44:18--392700]18.jpg,CRXU1866805 22G1
[2015-02-10 01:44:18--844182]10.jpg,CSLU1475718 22G1
[2015-02-10 01:44:20--098049]14.jpg,MRKU9670500 22G1
[2015-02-10 01:44:20--258406]recv conta req 22.jpg! 
[2015-02-10 01:44:20--898409]22.jpg,TCLU2873584 22G1
[2015-02-10 01:44:24--261613]recv conta req 26.jpg! 
[2015-02-10 01:44:24--986375]26.jpg,CRSU9147318 45G1
[2015-02-10 01:44:28--265543]recv conta req 30.jpg! 
[2015-02-10 01:44:29--020935]30.jpg,CMAU4559732 45G1
[2015-02-10 01:44:32--266659]recv conta req 34.jpg! 
[2015-02-10 01:44:33--027485]34.jpg,CMAU4555275 45G1
[2015-02-10 01:44:36--268519]recv conta req 3.jpg! 
[2015-02-10 01:44:40--172345]3.jpg,EITU1067234 45G1
[2015-02-10 01:44:40--273270]recv conta req 7.jpg! 
[2015-02-10 01:44:44--275422]recv conta req 11.jpg! 
[2015-02-10 01:44:48--276942]recv conta req 15.jpg! 
[2015-02-10 01:44:52--103371]11.jpg,MSKU0004911 45G1
[2015-02-10 01:44:52--278795]recv conta req 19.jpg! 
[2015-02-10 01:44:52--639740]7.jpg, 
[2015-02-10 01:44:53--466883]19.jpg,MSKU1685954 45G1
[2015-02-10 01:44:54--194464]15.jpg,MAXU2423284 
[2015-02-10 01:44:56--282721]recv conta req 23.jpg! 
[2015-02-10 01:44:56--943845]23.jpg,APHU6639762 45G1
[2015-02-10 01:45:00--285130]recv conta req 27.jpg! 
[2015-02-10 01:45:01--081302]27.jpg,MRKU0995640 42G1
[2015-02-10 01:45:04--288138]recv conta req 31.jpg! 
[2015-02-10 01:45:05--012018]31.jpg,WSDU4921322 45G1
[2015-02-10 01:45:08--290496]recv conta req 35.jpg! 
[2015-02-10 01:45:09--055475]35.jpg,WSDU4920250 45G1
[2015-02-10 01:45:12--292431]recv conta req 4.jpg! 
[2015-02-10 01:45:14--041036]4.jpg,MSKU4011903 22G1
[2015-02-10 01:45:16--302392]recv conta req 8.jpg! 
[2015-02-10 01:45:20--299917]recv conta req 12.jpg! 
[2015-02-10 01:45:22--018894]8.jpg,CCLU6287245 45G1
[2015-02-10 01:45:24--303307]recv conta req 16.jpg! 
[2015-02-10 01:45:26--120875]16.jpg,TEMU3075040 22G1
[2015-02-10 01:45:28--304987]recv conta req 20.jpg! 
[2015-02-10 01:45:29--533122]20.jpg,FCIU4591874 22G1
[2015-02-10 01:45:31--374115]12.jpg,MEDU1861156 22G1
[2015-02-10 01:45:32--307255]recv conta req 24.jpg! 
[2015-02-10 01:45:32--983458]24.jpg,SEGU1904022 22G1
[2015-02-10 01:45:36--309909]recv conta req 28.jpg! 
[2015-02-10 01:45:37--122032]28.jpg,FCIU8609740 45G1
[2015-02-10 01:45:40--311467]recv conta req 32.jpg! 
[2015-02-10 01:45:40--985286]32.jpg,CITU1173790 45G1
[2015-02-10 01:45:44--315775]recv conta req 1.jpg! 
[2015-02-10 01:45:46--045315]1.jpg,MSKU9550132 45G1
[2015-02-10 01:45:48--317110]recv conta req 5.jpg! 
[2015-02-10 01:45:51--235323]5.jpg,IIIU7???46? 22G1
[2015-02-10 01:45:52--321547]recv conta req 9.jpg! 
[2015-02-10 01:45:56--323467]recv conta req 13.jpg! 
[2015-02-10 01:46:00--324370]recv conta req 17.jpg! 
[2015-02-10 01:46:01--318594]9.jpg,MRKU3324814 45G1
[2015-02-10 01:46:02--538044]17.jpg,SEGU1445915 22G1
[2015-02-10 01:46:04--327311]recv conta req 21.jpg! 
[2015-02-10 01:46:05--170593]21.jpg,TRLU8984373 22G1
[2015-02-10 01:46:05--521258]13.jpg,FSCU7372776 22G1
[2015-02-10 01:46:08--328956]recv conta req 25.jpg! 
[2015-02-10 01:46:09--000618]25.jpg, 
[2015-02-10 01:46:12--331133]recv conta req 29.jpg! 
[2015-02-10 01:46:12--973424]29.jpg,SEGU9039975 45R1
[2015-02-10 01:46:16--334355]recv conta req 33.jpg! 
[2015-02-10 01:46:17--143852]33.jpg,PHLU2031555 22G1
[2015-02-10 01:46:20--338795]recv conta req 2.jpg! 
[2015-02-10 01:46:24--340094]recv conta req 6.jpg! 
[2015-02-10 01:46:24--386093]2.jpg,GESU5520648 45G1
[2015-02-10 01:46:26--885864]6.jpg,MRKU8566960 22G1
[2015-02-10 01:46:28--342609]recv conta req 10.jpg! 
[2015-02-10 01:46:32--345952]recv conta req 14.jpg! 
[2015-02-10 01:46:36--346520]recv conta req 18.jpg! 
[2015-02-10 01:46:36--787840]10.jpg,CSLU1475718 22G1
[2015-02-10 01:46:38--197471]18.jpg,CRXU1866805 22G1
[2015-02-10 01:46:40--348424]recv conta req 22.jpg! 
[2015-02-10 01:46:40--912934]14.jpg,MRKU9670500 22G1
[2015-02-10 01:46:41--041949]22.jpg,TCLU2873584 22G1
[2015-02-10 01:46:44--351552]recv conta req 26.jpg! 
[2015-02-10 01:46:45--088986]26.jpg,CRSU9147318 45G1
[2015-02-10 01:46:48--353796]recv conta req 30.jpg! 
[2015-02-10 01:46:48--985778]30.jpg,CMAU4559732 45G1
[2015-02-10 01:46:52--356570]recv conta req 34.jpg! 
[2015-02-10 01:46:53--194478]34.jpg,CMAU4555275 45G1
[2015-02-10 01:46:56--358396]recv conta req 3.jpg! 
[2015-02-10 01:47:00--176170]3.jpg,EITU1067234 45G1
[2015-02-10 01:47:00--363217]recv conta req 7.jpg! 
[2015-02-10 01:47:04--367460]recv conta req 11.jpg! 
[2015-02-10 01:47:08--374595]recv conta req 15.jpg! 
[2015-02-10 01:47:12--374008]recv conta req 19.jpg! 
[2015-02-10 01:47:13--579657]7.jpg, 
[2015-02-10 01:47:14--076389]19.jpg,MSKU1685954 45G1
[2015-02-10 01:47:14--077778]11.jpg,MSKU0004911 45G1
[2015-02-10 01:47:14--309487]15.jpg,MAXU2423284 
[2015-02-10 01:47:16--376818]recv conta req 23.jpg! 
[2015-02-10 01:47:17--025700]23.jpg,APHU6639762 45G1
[2015-02-10 01:47:20--380088]recv conta req 27.jpg! 
[2015-02-10 01:47:21--202443]27.jpg,MRKU0995640 42G1
[2015-02-10 01:47:24--384586]recv conta req 31.jpg! 
[2015-02-10 01:47:25--092839]31.jpg,WSDU4921322 45G1
[2015-02-10 01:47:28--389245]recv conta req 35.jpg! 
[2015-02-10 01:47:29--214417]35.jpg,WSDU4920250 45G1
[2015-02-10 01:47:32--393361]recv conta req 4.jpg! 
[2015-02-10 01:47:34--004739]4.jpg,MSKU4011903 22G1
[2015-02-10 01:47:36--399149]recv conta req 8.jpg! 
[2015-02-10 01:47:40--402784]recv conta req 12.jpg! 
[2015-02-10 01:47:42--981343]8.jpg,CCLU6287245 45G1
[2015-02-10 01:47:44--404432]recv conta req 16.jpg! 
[2015-02-10 01:47:46--363078]16.jpg,TEMU3075040 22G1
[2015-02-10 01:47:48--407200]recv conta req 20.jpg! 
[2015-02-10 01:47:49--915098]20.jpg,FCIU4591874 22G1
[2015-02-10 01:47:51--086398]12.jpg,MEDU1861156 22G1
[2015-02-10 01:47:52--410797]recv conta req 24.jpg! 
[2015-02-10 01:47:53--107015]24.jpg,SEGU1904022 22G1
[2015-02-10 01:47:56--414764]recv conta req 28.jpg! 
[2015-02-10 01:47:57--256160]28.jpg,FCIU8609740 45G1
[2015-02-10 01:48:00--417787]recv conta req 32.jpg! 
[2015-02-10 01:48:01--090624]32.jpg,CITU1173790 45G1
[2015-02-10 01:48:04--425394]recv conta req 1.jpg! 
[2015-02-10 01:48:06--257400]1.jpg,MSKU9550132 45G1
[2015-02-10 01:48:08--426950]recv conta req 5.jpg! 
[2015-02-10 01:48:11--273413]5.jpg,IIIU7???46? 22G1
[2015-02-10 01:48:12--432722]recv conta req 9.jpg! 
[2015-02-10 01:48:16--436804]recv conta req 13.jpg! 
[2015-02-10 01:48:20--439955]recv conta req 17.jpg! 
[2015-02-10 01:48:22--599662]17.jpg,SEGU1445915 22G1
[2015-02-10 01:48:22--727333]9.jpg,MRKU3324814 45G1
[2015-02-10 01:48:24--442617]recv conta req 21.jpg! 
[2015-02-10 01:48:25--068453]13.jpg,FSCU7372776 22G1
[2015-02-10 01:48:25--317604]21.jpg,TRLU8984373 22G1
[2015-02-10 01:48:28--445671]recv conta req 25.jpg! 
[2015-02-10 01:48:29--086265]25.jpg, 
[2015-02-10 01:48:32--450239]recv conta req 29.jpg! 
[2015-02-10 01:48:33--087896]29.jpg,SEGU9039975 45R1
[2015-02-10 01:48:36--455793]recv conta req 33.jpg! 
[2015-02-10 01:48:37--376048]33.jpg,PHLU2031555 22G1
[2015-02-10 01:48:40--460670]recv conta req 2.jpg! 
[2015-02-10 01:48:44--395582]2.jpg,GESU5520648 45G1
[2015-02-10 01:48:44--463368]recv conta req 6.jpg! 
[2015-02-10 01:48:46--944945]6.jpg,MRKU8566960 22G1
[2015-02-10 01:48:48--470227]recv conta req 10.jpg! 
[2015-02-10 01:48:52--472480]recv conta req 14.jpg! 
[2015-02-10 01:48:56--476162]recv conta req 18.jpg! 
[2015-02-10 01:48:57--924935]18.jpg,CRXU1866805 22G1
[2015-02-10 01:48:58--568129]10.jpg,CSLU1475718 22G1
[2015-02-10 01:48:58--776645]14.jpg,MRKU9670500 22G1
[2015-02-10 01:49:00--477522]recv conta req 22.jpg! 
[2015-02-10 01:49:01--122108]22.jpg,TCLU2873584 22G1
[2015-02-10 01:49:04--482101]recv conta req 26.jpg! 
[2015-02-10 01:49:05--241026]26.jpg,CRSU9147318 45G1
[2015-02-10 01:49:08--487126]recv conta req 30.jpg! 
[2015-02-10 01:49:09--149921]30.jpg,CMAU4559732 45G1
[2015-02-10 01:49:12--491313]recv conta req 34.jpg! 
[2015-02-10 01:49:13--244142]34.jpg,CMAU4555275 45G1
[2015-02-10 01:49:16--495244]recv conta req 3.jpg! 
[2015-02-10 01:49:20--221812]3.jpg,EITU1067234 45G1
[2015-02-10 01:49:20--500570]recv conta req 7.jpg! 
[2015-02-10 01:49:24--503493]recv conta req 11.jpg! 
[2015-02-10 01:49:28--510011]recv conta req 15.jpg! 
[2015-02-10 01:49:31--808134]7.jpg, 
[2015-02-10 01:49:32--508571]recv conta req 19.jpg! 
[2015-02-10 01:49:33--193383]11.jpg,MSKU0004911 45G1
[2015-02-10 01:49:34--007446]15.jpg,MAXU2423284 
[2015-02-10 01:49:34--195560]19.jpg,MSKU1685954 45G1
[2015-02-10 01:49:36--514548]recv conta req 23.jpg! 
[2015-02-10 01:49:37--318296]23.jpg,APHU6639762 45G1
[2015-02-10 01:49:40--515763]recv conta req 27.jpg! 
[2015-02-10 01:49:41--312907]27.jpg,MRKU0995640 42G1
[2015-02-10 01:49:44--520228]recv conta req 31.jpg! 
[2015-02-10 01:49:45--339752]31.jpg,WSDU4921322 45G1
[2015-02-10 01:49:48--526038]recv conta req 35.jpg! 
[2015-02-10 01:49:49--607629]35.jpg,WSDU4920250 45G1
[2015-02-10 01:49:52--528379]recv conta req 4.jpg! 
[2015-02-10 01:49:54--061447]4.jpg,MSKU4011903 22G1
[2015-02-10 01:49:56--534264]recv conta req 8.jpg! 
[2015-02-10 01:50:00--541515]recv conta req 12.jpg! 
[2015-02-10 01:50:02--431137]8.jpg,CCLU6287245 45G1
[2015-02-10 01:50:04--540431]recv conta req 16.jpg! 
[2015-02-10 01:50:06--401783]16.jpg,TEMU3075040 22G1
[2015-02-10 01:50:08--544226]recv conta req 20.jpg! 
[2015-02-10 01:50:09--529813]20.jpg,FCIU4591874 22G1
[2015-02-10 01:50:11--135615]12.jpg,MEDU1861156 22G1
[2015-02-10 01:50:12--550155]recv conta req 24.jpg! 
[2015-02-10 01:50:13--390197]24.jpg,SEGU1904022 22G1
[2015-02-10 01:50:16--553776]recv conta req 28.jpg! 
[2015-02-10 01:50:17--301714]28.jpg,FCIU8609740 45G1
[2015-02-10 01:50:20--560280]recv conta req 32.jpg! 
[2015-02-10 01:50:21--453705]32.jpg,CITU1173790 45G1
[2015-02-10 01:50:24--564647]recv conta req 1.jpg! 
[2015-02-10 01:50:26--465914]1.jpg,MSKU9550132 45G1
[2015-02-10 01:50:28--567316]recv conta req 5.jpg! 
[2015-02-10 01:50:31--357995]5.jpg,IIIU7???46? 22G1
[2015-02-10 01:50:32--571855]recv conta req 9.jpg! 
[2015-02-10 01:50:36--576573]recv conta req 13.jpg! 
[2015-02-10 01:50:40--579411]recv conta req 17.jpg! 
[2015-02-10 01:50:42--459425]17.jpg,SEGU1445915 22G1
[2015-02-10 01:50:42--547759]9.jpg,MRKU3324814 45G1
[2015-02-10 01:50:44--584260]recv conta req 21.jpg! 
[2015-02-10 01:50:45--084940]13.jpg,FSCU7372776 22G1
[2015-02-10 01:50:45--291134]21.jpg,TRLU8984373 22G1
[2015-02-10 01:50:48--586449]recv conta req 25.jpg! 
[2015-02-10 01:50:49--211971]25.jpg, 
[2015-02-10 01:50:52--592153]recv conta req 29.jpg! 
[2015-02-10 01:50:53--272979]29.jpg,SEGU9039975 45R1
[2015-02-10 01:50:56--594821]recv conta req 33.jpg! 
[2015-02-10 01:50:57--591086]33.jpg,PHLU2031555 22G1
[2015-02-10 01:51:00--597758]recv conta req 2.jpg! 
[2015-02-10 01:51:04--271522]2.jpg,GESU5520648 45G1
[2015-02-10 01:51:04--601840]recv conta req 6.jpg! 
[2015-02-10 01:51:06--937180]6.jpg,MRKU8566960 22G1
[2015-02-10 01:51:08--607058]recv conta req 10.jpg! 
[2015-02-10 01:51:12--610414]recv conta req 14.jpg! 
[2015-02-10 01:51:16--612430]recv conta req 18.jpg! 
[2015-02-10 01:51:17--971921]10.jpg,CSLU1475718 22G1
[2015-02-10 01:51:18--106643]18.jpg,CRXU1866805 22G1
[2015-02-10 01:51:19--616166]14.jpg,MRKU9670500 22G1
[2015-02-10 01:51:20--655539]recv conta req 22.jpg! 
[2015-02-10 01:51:21--258997]22.jpg,TCLU2873584 22G1
[2015-02-10 01:51:24--620436]recv conta req 26.jpg! 
[2015-02-10 01:51:25--316850]26.jpg,CRSU9147318 45G1
[2015-02-10 01:51:28--625671]recv conta req 30.jpg! 
[2015-02-10 01:51:29--377150]30.jpg,CMAU4559732 45G1
[2015-02-10 01:51:32--629983]recv conta req 34.jpg! 
[2015-02-10 01:51:33--540591]34.jpg,CMAU4555275 45G1
[2015-02-10 01:51:36--632972]recv conta req 3.jpg! 
[2015-02-10 01:51:40--351297]3.jpg,EITU1067234 45G1
[2015-02-10 01:51:40--636613]recv conta req 7.jpg! 
[2015-02-10 01:51:44--641778]recv conta req 11.jpg! 
[2015-02-10 01:51:48--647211]recv conta req 15.jpg! 
[2015-02-10 01:51:52--648481]recv conta req 19.jpg! 
[2015-02-10 01:51:52--734079]7.jpg, 
[2015-02-10 01:51:53--207203]11.jpg,MSKU0004911 45G1
[2015-02-10 01:51:54--019985]19.jpg,MSKU1685954 45G1
[2015-02-10 01:51:54--160114]15.jpg,MAXU2423284 
[2015-02-10 01:51:56--655097]recv conta req 23.jpg! 
[2015-02-10 01:51:57--445385]23.jpg,APHU6639762 45G1
[2015-02-10 01:52:00--655803]recv conta req 27.jpg! 
[2015-02-10 01:52:01--453322]27.jpg,MRKU0995640 42G1
[2015-02-10 01:52:04--660492]recv conta req 31.jpg! 
[2015-02-10 01:52:05--426486]31.jpg,WSDU4921322 45G1
[2015-02-10 01:52:08--663658]recv conta req 35.jpg! 
[2015-02-10 01:52:09--464970]35.jpg,WSDU4920250 45G1
[2015-02-10 01:52:12--668808]recv conta req 4.jpg! 
[2015-02-10 01:52:14--107563]4.jpg,MSKU4011903 22G1
[2015-02-10 01:52:16--673688]recv conta req 8.jpg! 
[2015-02-10 01:52:20--678761]recv conta req 12.jpg! 
[2015-02-10 01:52:22--359368]8.jpg,CCLU6287245 45G1
[2015-02-10 01:52:24--679473]recv conta req 16.jpg! 
[2015-02-10 01:52:26--686252]16.jpg,TEMU3075040 22G1
[2015-02-10 01:52:28--682056]recv conta req 20.jpg! 
[2015-02-10 01:52:29--820596]20.jpg,FCIU4591874 22G1
[2015-02-10 01:52:31--397941]12.jpg,MEDU1861156 22G1
[2015-02-10 01:52:32--685181]recv conta req 24.jpg! 
[2015-02-10 01:52:33--317506]24.jpg,SEGU1904022 22G1
[2015-02-10 01:52:36--690006]recv conta req 28.jpg! 
[2015-02-10 01:52:37--494075]28.jpg,FCIU8609740 45G1
[2015-02-10 01:52:40--694316]recv conta req 32.jpg! 
[2015-02-10 01:52:41--397659]32.jpg,CITU1173790 45G1
