[2015-03-20 16:10:50--771086]recv conta req 2015-01-10_16-39-23_710_10924! 
[2015-03-20 16:10:50--788119]recv conta req 2015-01-10_16-25-47_690_10903! 
[2015-03-20 16:10:50--793258]recv conta req 2015-01-10_16-39-19_021_10919! 
[2015-03-20 16:10:51--718663]2015-01-10_16-25-47_690_10903, 
[2015-03-20 16:10:51--749260]2015-01-10_16-39-23_710_10924, 
[2015-03-20 16:10:51--760355]2015-01-10_16-39-19_021_10919,OOLU1829190 22G1
[2015-03-20 16:11:09--830598]recv conta req 2015-01-10_16-39-23_710_10924! 
[2015-03-20 16:11:09--852031]recv conta req 2015-01-10_16-25-47_690_10903! 
[2015-03-20 16:11:09--913499]recv conta req 2015-01-10_16-39-19_021_10919! 
[2015-03-20 16:11:10--820181]2015-01-10_16-39-19_021_10919,OOLU1829190 22G1
[2015-03-20 16:11:10--839512]2015-01-10_16-25-47_690_10903, 
[2015-03-20 16:11:10--873140]2015-01-10_16-39-23_710_10924, 
[2015-03-20 16:11:20--770440]recv conta req 2015-01-10_16-39-23_710_10924! 
[2015-03-20 16:11:20--801294]recv conta req 2015-01-10_16-25-47_690_10903! 
[2015-03-20 16:11:20--807575]recv conta req 2015-01-10_16-39-19_021_10919! 
[2015-03-20 16:11:21--703524]2015-01-10_16-39-23_710_10924, 
[2015-03-20 16:11:21--704217]2015-01-10_16-39-19_021_10919,OOLU1829190 22G1
[2015-03-20 16:11:21--740201]2015-01-10_16-25-47_690_10903, 
[2015-03-20 16:11:35--816341]recv conta req 2015-01-10_16-39-23_710_10924! 
[2015-03-20 16:11:35--824104]recv conta req 2015-01-10_16-25-47_690_10903! 
[2015-03-20 16:11:35--833531]recv conta req 2015-01-10_16-39-19_021_10919! 
[2015-03-20 16:11:36--694658]2015-01-10_16-39-23_710_10924, 
[2015-03-20 16:11:36--703131]2015-01-10_16-39-19_021_10919,OOLU1829190 22G1
[2015-03-20 16:11:36--769239]2015-01-10_16-25-47_690_10903, 
[2015-03-20 16:11:50--766124]recv conta req 2015-01-10_16-39-23_710_10924! 
[2015-03-20 16:11:50--775568]recv conta req 2015-01-10_16-25-47_690_10903! 
[2015-03-20 16:11:50--796308]recv conta req 2015-01-10_16-39-19_021_10919! 
[2015-03-20 16:11:51--686169]2015-01-10_16-39-23_710_10924, 
[2015-03-20 16:11:51--721892]2015-01-10_16-25-47_690_10903, 
[2015-03-20 16:11:51--772174]2015-01-10_16-39-19_021_10919,OOLU1829190 22G1
[2015-03-20 16:12:05--826474]recv conta req 2015-01-10_16-39-23_710_10924! 
[2015-03-20 16:12:05--848499]recv conta req 2015-01-10_16-25-47_690_10903! 
[2015-03-20 16:12:05--859025]recv conta req 2015-01-10_16-39-19_021_10919! 
[2015-03-20 16:12:06--715024]2015-01-10_16-39-23_710_10924, 
[2015-03-20 16:12:06--747403]2015-01-10_16-25-47_690_10903, 
[2015-03-20 16:12:06--812765]2015-01-10_16-39-19_021_10919,OOLU1829190 22G1
[2015-03-20 16:12:20--806457]recv conta req 2015-01-10_16-39-23_710_10924! 
[2015-03-20 16:12:20--820535]recv conta req 2015-01-10_16-25-47_690_10903! 
[2015-03-20 16:12:20--828323]recv conta req 2015-01-10_16-39-19_021_10919! 
[2015-03-20 16:12:21--689019]2015-01-10_16-25-47_690_10903, 
[2015-03-20 16:12:21--733096]2015-01-10_16-39-19_021_10919,OOLU1829190 22G1
[2015-03-20 16:12:21--784980]2015-01-10_16-39-23_710_10924, 
[2015-03-20 16:12:35--855260]recv conta req 2015-01-10_16-39-23_710_10924! 
[2015-03-20 16:12:35--856402]recv conta req 2015-01-10_16-25-47_690_10903! 
[2015-03-20 16:12:35--866720]recv conta req 2015-01-10_16-39-19_021_10919! 
[2015-03-20 16:12:36--745662]2015-01-10_16-39-19_021_10919,OOLU1829190 22G1
[2015-03-20 16:12:36--778337]2015-01-10_16-25-47_690_10903, 
[2015-03-20 16:12:36--789485]2015-01-10_16-39-23_710_10924, 
[2015-03-20 16:12:50--743652]recv conta req 2015-01-10_16-39-23_710_10924! 
[2015-03-20 16:12:50--762229]recv conta req 2015-01-10_16-25-47_690_10903! 
[2015-03-20 16:12:50--809186]recv conta req 2015-01-10_16-39-19_021_10919! 
[2015-03-20 16:12:51--575677]2015-01-10_16-39-23_710_10924, 
[2015-03-20 16:12:51--586869]2015-01-10_16-25-47_690_10903, 
[2015-03-20 16:12:51--668981]2015-01-10_16-39-19_021_10919,OOLU1829190 22G1
[2015-03-20 16:13:05--826307]recv conta req 2015-01-10_16-39-23_710_10924! 
[2015-03-20 16:13:05--836367]recv conta req 2015-01-10_16-25-47_690_10903! 
[2015-03-20 16:13:05--874449]recv conta req 2015-01-10_16-39-19_021_10919! 
[2015-03-20 16:13:06--677557]2015-01-10_16-25-47_690_10903, 
[2015-03-20 16:13:06--744938]2015-01-10_16-39-23_710_10924, 
[2015-03-20 16:13:06--799176]2015-01-10_16-39-19_021_10919,OOLU1829190 22G1
[2015-03-20 16:13:20--779375]recv conta req 2015-01-10_16-39-23_710_10924! 
[2015-03-20 16:13:20--792682]recv conta req 2015-01-10_16-25-47_690_10903! 
[2015-03-20 16:13:20--803367]recv conta req 2015-01-10_16-39-19_021_10919! 
[2015-03-20 16:13:21--646612]2015-01-10_16-39-23_710_10924, 
[2015-03-20 16:13:21--656612]2015-01-10_16-25-47_690_10903, 
[2015-03-20 16:13:21--752184]2015-01-10_16-39-19_021_10919,OOLU1829190 22G1
[2015-03-20 16:13:35--831255]recv conta req 2015-01-10_16-39-23_710_10924! 
[2015-03-20 16:13:35--850495]recv conta req 2015-01-10_16-25-47_690_10903! 
[2015-03-20 16:13:35--857164]recv conta req 2015-01-10_16-39-19_021_10919! 
[2015-03-20 16:13:36--727595]2015-01-10_16-39-23_710_10924, 
[2015-03-20 16:13:36--769325]2015-01-10_16-25-47_690_10903, 
[2015-03-20 16:13:36--783156]2015-01-10_16-39-19_021_10919,OOLU1829190 22G1
[2015-03-20 16:13:50--841285]recv conta req 2015-01-10_16-39-23_710_10924! 
[2015-03-20 16:13:50--846437]recv conta req 2015-01-10_16-25-47_690_10903! 
[2015-03-20 16:13:50--857296]recv conta req 2015-01-10_16-39-19_021_10919! 
[2015-03-20 16:13:51--728231]2015-01-10_16-25-47_690_10903, 
[2015-03-20 16:13:51--779484]2015-01-10_16-39-23_710_10924, 
[2015-03-20 16:13:51--797196]2015-01-10_16-39-19_021_10919,OOLU1829190 22G1
[2015-03-20 16:14:05--778499]recv conta req 2015-01-10_16-39-23_710_10924! 
[2015-03-20 16:14:05--783955]recv conta req 2015-01-10_16-25-47_690_10903! 
[2015-03-20 16:14:05--790163]recv conta req 2015-01-10_16-39-19_021_10919! 
[2015-03-20 16:14:06--804368]2015-01-10_16-39-19_021_10919,OOLU1829190 22G1
[2015-03-20 16:14:06--848497]2015-01-10_16-39-23_710_10924, 
[2015-03-20 16:14:06--854107]2015-01-10_16-25-47_690_10903, 
[2015-03-20 16:14:20--808970]recv conta req 2015-01-10_16-39-23_710_10924! 
[2015-03-20 16:14:20--820050]recv conta req 2015-01-10_16-25-47_690_10903! 
[2015-03-20 16:14:20--832476]recv conta req 2015-01-10_16-39-19_021_10919! 
[2015-03-20 16:14:21--712616]2015-01-10_16-39-23_710_10924, 
[2015-03-20 16:14:21--781430]2015-01-10_16-25-47_690_10903, 
[2015-03-20 16:14:21--797705]2015-01-10_16-39-19_021_10919,OOLU1829190 22G1
[2015-03-20 16:14:35--851016]recv conta req 2015-01-10_16-39-23_710_10924! 
[2015-03-20 16:14:35--856125]recv conta req 2015-01-10_16-25-47_690_10903! 
[2015-03-20 16:14:35--935302]recv conta req 2015-01-10_16-39-19_021_10919! 
[2015-03-20 16:14:36--748230]2015-01-10_16-25-47_690_10903, 
[2015-03-20 16:14:36--801533]2015-01-10_16-39-23_710_10924, 
[2015-03-20 16:14:36--807037]2015-01-10_16-39-19_021_10919,OOLU1829190 22G1
[2015-03-20 16:14:50--778737]recv conta req 2015-01-10_16-39-23_710_10924! 
[2015-03-20 16:14:50--789279]recv conta req 2015-01-10_16-25-47_690_10903! 
[2015-03-20 16:14:50--799620]recv conta req 2015-01-10_16-39-19_021_10919! 
[2015-03-20 16:14:51--736288]2015-01-10_16-39-19_021_10919,OOLU1829190 22G1
[2015-03-20 16:14:51--736970]2015-01-10_16-25-47_690_10903, 
[2015-03-20 16:14:51--743481]2015-01-10_16-39-23_710_10924, 
[2015-03-20 16:15:05--774226]recv conta req 2015-01-10_16-39-23_710_10924! 
[2015-03-20 16:15:05--782982]recv conta req 2015-01-10_16-25-47_690_10903! 
[2015-03-20 16:15:05--796624]recv conta req 2015-01-10_16-39-19_021_10919! 
[2015-03-20 16:15:06--702406]2015-01-10_16-39-23_710_10924, 
[2015-03-20 16:15:06--714427]2015-01-10_16-39-19_021_10919,OOLU1829190 22G1
[2015-03-20 16:15:06--745218]2015-01-10_16-25-47_690_10903, 
[2015-03-20 16:15:20--781108]recv conta req 2015-01-10_16-39-23_710_10924! 
[2015-03-20 16:15:20--792893]recv conta req 2015-01-10_16-25-47_690_10903! 
[2015-03-20 16:15:20--803791]recv conta req 2015-01-10_16-39-19_021_10919! 
[2015-03-20 16:15:21--654378]2015-01-10_16-25-47_690_10903, 
[2015-03-20 16:15:21--661298]2015-01-10_16-39-19_021_10919,OOLU1829190 22G1
[2015-03-20 16:15:21--708140]2015-01-10_16-39-23_710_10924, 
[2015-03-20 16:15:35--819174]recv conta req 2015-01-10_16-39-23_710_10924! 
[2015-03-20 16:15:35--829136]recv conta req 2015-01-10_16-25-47_690_10903! 
[2015-03-20 16:15:35--847328]recv conta req 2015-01-10_16-39-19_021_10919! 
[2015-03-20 16:15:36--697637]2015-01-10_16-39-23_710_10924, 
[2015-03-20 16:15:36--735178]2015-01-10_16-25-47_690_10903, 
[2015-03-20 16:15:36--786529]2015-01-10_16-39-19_021_10919,OOLU1829190 22G1
[2015-03-20 16:15:50--801076]recv conta req 2015-01-10_16-39-23_710_10924! 
[2015-03-20 16:15:50--814955]recv conta req 2015-01-10_16-25-47_690_10903! 
[2015-03-20 16:15:50--820341]recv conta req 2015-01-10_16-39-19_021_10919! 
[2015-03-20 16:15:51--744047]2015-01-10_16-39-23_710_10924, 
[2015-03-20 16:15:51--777807]2015-01-10_16-25-47_690_10903, 
[2015-03-20 16:15:51--795564]2015-01-10_16-39-19_021_10919,OOLU1829190 22G1
[2015-03-20 16:16:05--759600]recv conta req 2015-01-10_16-39-23_710_10924! 
[2015-03-20 16:16:05--767969]recv conta req 2015-01-10_16-25-47_690_10903! 
[2015-03-20 16:16:05--773655]recv conta req 2015-01-10_16-39-19_021_10919! 
[2015-03-20 16:16:06--647927]2015-01-10_16-25-47_690_10903, 
[2015-03-20 16:16:06--690595]2015-01-10_16-39-23_710_10924, 
[2015-03-20 16:16:06--709284]2015-01-10_16-39-19_021_10919,OGLU1829194 22G1
[2015-03-20 16:16:20--822956]recv conta req 2015-01-10_16-39-23_710_10924! 
[2015-03-20 16:16:20--835148]recv conta req 2015-01-10_16-25-47_690_10903! 
[2015-03-20 16:16:20--875839]recv conta req 2015-01-10_16-39-19_021_10919! 
[2015-03-20 16:16:21--750590]2015-01-10_16-39-19_021_10919,OOLU1829190 22G1
[2015-03-20 16:16:21--792442]2015-01-10_16-25-47_690_10903, 
[2015-03-20 16:16:21--793180]2015-01-10_16-39-23_710_10924, 
[2015-03-20 16:16:35--764907]recv conta req 2015-01-10_16-39-23_710_10924! 
[2015-03-20 16:16:35--768214]recv conta req 2015-01-10_16-25-47_690_10903! 
[2015-03-20 16:16:35--783767]recv conta req 2015-01-10_16-39-19_021_10919! 
[2015-03-20 16:16:36--615810]2015-01-10_16-39-23_710_10924, 
[2015-03-20 16:16:36--709374]2015-01-10_16-25-47_690_10903, 
[2015-03-20 16:16:36--732757]2015-01-10_16-39-19_021_10919,OOLU1829190 22G1
[2015-03-20 16:16:50--819378]recv conta req 2015-01-10_16-39-23_710_10924! 
[2015-03-20 16:16:50--827468]recv conta req 2015-01-10_16-25-47_690_10903! 
[2015-03-20 16:16:50--850254]recv conta req 2015-01-10_16-39-19_021_10919! 
[2015-03-20 16:16:51--713072]2015-01-10_16-39-19_021_10919,OOLU1829190 22G1
[2015-03-20 16:16:51--752909]2015-01-10_16-39-23_710_10924, 
[2015-03-20 16:16:51--758815]2015-01-10_16-25-47_690_10903, 
[2015-03-20 16:17:05--759223]recv conta req 2015-01-10_16-39-23_710_10924! 
[2015-03-20 16:17:05--770370]recv conta req 2015-01-10_16-25-47_690_10903! 
[2015-03-20 16:17:05--783122]recv conta req 2015-01-10_16-39-19_021_10919! 
[2015-03-20 16:17:06--599994]2015-01-10_16-25-47_690_10903, 
[2015-03-20 16:17:06--671778]2015-01-10_16-39-19_021_10919,OOLU1829190 22G1
[2015-03-20 16:17:06--685988]2015-01-10_16-39-23_710_10924, 
[2015-03-20 16:17:20--826093]recv conta req 2015-01-10_16-39-23_710_10924! 
[2015-03-20 16:17:20--843525]recv conta req 2015-01-10_16-25-47_690_10903! 
[2015-03-20 16:17:20--850767]recv conta req 2015-01-10_16-39-19_021_10919! 
[2015-03-20 16:17:21--769464]2015-01-10_16-39-19_021_10919,OOLU1829190 22G1
[2015-03-20 16:17:21--791379]2015-01-10_16-39-23_710_10924, 
[2015-03-20 16:17:21--825217]2015-01-10_16-25-47_690_10903, 
[2015-03-20 16:17:35--837725]recv conta req 2015-01-10_16-39-23_710_10924! 
[2015-03-20 16:17:35--848617]recv conta req 2015-01-10_16-25-47_690_10903! 
[2015-03-20 16:17:35--854674]recv conta req 2015-01-10_16-39-19_021_10919! 
[2015-03-20 16:17:36--736914]2015-01-10_16-39-19_021_10919,OOLU1829190 22G1
[2015-03-20 16:17:36--775780]2015-01-10_16-39-23_710_10924, 
[2015-03-20 16:17:36--808589]2015-01-10_16-25-47_690_10903, 
[2015-03-20 16:17:50--785331]recv conta req 2015-01-10_16-39-23_710_10924! 
[2015-03-20 16:17:50--796081]recv conta req 2015-01-10_16-25-47_690_10903! 
[2015-03-20 16:17:50--855870]recv conta req 2015-01-10_16-39-19_021_10919! 
[2015-03-20 16:17:51--748303]2015-01-10_16-25-47_690_10903, 
[2015-03-20 16:17:51--761471]2015-01-10_16-39-23_710_10924, 
[2015-03-20 16:17:51--852582]2015-01-10_16-39-19_021_10919,OOLU1829190 22G1
[2015-03-20 16:18:05--780524]recv conta req 2015-01-10_16-39-23_710_10924! 
[2015-03-20 16:18:05--795156]recv conta req 2015-01-10_16-25-47_690_10903! 
[2015-03-20 16:18:05--850321]recv conta req 2015-01-10_16-39-19_021_10919! 
[2015-03-20 16:18:06--779625]2015-01-10_16-39-23_710_10924, 
[2015-03-20 16:18:06--785136]2015-01-10_16-25-47_690_10903, 
[2015-03-20 16:18:06--824833]2015-01-10_16-39-19_021_10919,OOLU1829190 22G1
[2015-03-20 16:18:20--777345]recv conta req 2015-01-10_16-39-23_710_10924! 
[2015-03-20 16:18:20--790612]recv conta req 2015-01-10_16-25-47_690_10903! 
[2015-03-20 16:18:20--813742]recv conta req 2015-01-10_16-39-19_021_10919! 
[2015-03-20 16:18:21--702561]2015-01-10_16-39-19_021_10919,OOLU1829190 22G1
[2015-03-20 16:18:21--736213]2015-01-10_16-25-47_690_10903, 
[2015-03-20 16:18:21--796561]2015-01-10_16-39-23_710_10924, 
[2015-03-20 16:18:35--829797]recv conta req 2015-01-10_16-39-23_710_10924! 
[2015-03-20 16:18:35--844877]recv conta req 2015-01-10_16-25-47_690_10903! 
[2015-03-20 16:18:35--851615]recv conta req 2015-01-10_16-39-19_021_10919! 
[2015-03-20 16:18:36--865632]2015-01-10_16-25-47_690_10903, 
[2015-03-20 16:18:36--874027]2015-01-10_16-39-19_021_10919,OOLU1829190 22G1
[2015-03-20 16:18:36--883024]2015-01-10_16-39-23_710_10924, 
[2015-03-20 16:18:50--743293]recv conta req 2015-01-10_16-39-23_710_10924! 
[2015-03-20 16:18:50--759991]recv conta req 2015-01-10_16-25-47_690_10903! 
[2015-03-20 16:18:50--770203]recv conta req 2015-01-10_16-39-19_021_10919! 
[2015-03-20 16:18:51--648804]2015-01-10_16-39-19_021_10919,OOLU1829190 22G1
[2015-03-20 16:18:51--704564]2015-01-10_16-25-47_690_10903, 
[2015-03-20 16:18:51--759594]2015-01-10_16-39-23_710_10924, 
[2015-03-20 16:19:05--828498]recv conta req 2015-01-10_16-39-23_710_10924! 
[2015-03-20 16:19:05--836484]recv conta req 2015-01-10_16-25-47_690_10903! 
[2015-03-20 16:19:05--844779]recv conta req 2015-01-10_16-39-19_021_10919! 
[2015-03-20 16:19:06--678235]2015-01-10_16-25-47_690_10903, 
[2015-03-20 16:19:06--769913]2015-01-10_16-39-19_021_10919,OOLU1829190 22G1
[2015-03-20 16:19:06--773830]2015-01-10_16-39-23_710_10924, 
[2015-03-20 16:19:20--767559]recv conta req 2015-01-10_16-39-23_710_10924! 
[2015-03-20 16:19:20--784920]recv conta req 2015-01-10_16-25-47_690_10903! 
[2015-03-20 16:19:20--787400]recv conta req 2015-01-10_16-39-19_021_10919! 
[2015-03-20 16:19:21--665395]2015-01-10_16-39-23_710_10924, 
[2015-03-20 16:19:21--713640]2015-01-10_16-39-19_021_10919,OOLU1829190 22G1
[2015-03-20 16:19:21--750873]2015-01-10_16-25-47_690_10903, 
[2015-03-20 16:19:35--822893]recv conta req 2015-01-10_16-39-23_710_10924! 
[2015-03-20 16:19:35--830352]recv conta req 2015-01-10_16-25-47_690_10903! 
[2015-03-20 16:19:35--839513]recv conta req 2015-01-10_16-39-19_021_10919! 
[2015-03-20 16:19:36--733380]2015-01-10_16-25-47_690_10903, 
[2015-03-20 16:19:36--738264]2015-01-10_16-39-23_710_10924, 
[2015-03-20 16:19:36--760387]2015-01-10_16-39-19_021_10919,OOLU1829190 22G1
[2015-03-20 16:19:50--783370]recv conta req 2015-01-10_16-39-23_710_10924! 
[2015-03-20 16:19:50--793169]recv conta req 2015-01-10_16-25-47_690_10903! 
[2015-03-20 16:19:50--805906]recv conta req 2015-01-10_16-39-19_021_10919! 
[2015-03-20 16:19:51--632092]2015-01-10_16-25-47_690_10903, 
[2015-03-20 16:19:51--635973]2015-01-10_16-39-19_021_10919,OOLU1829190 22G1
[2015-03-20 16:19:51--669884]2015-01-10_16-39-23_710_10924, 
[2015-03-20 16:20:05--825744]recv conta req 2015-01-10_16-39-23_710_10924! 
[2015-03-20 16:20:05--836833]recv conta req 2015-01-10_16-25-47_690_10903! 
[2015-03-20 16:20:05--850944]recv conta req 2015-01-10_16-39-19_021_10919! 
[2015-03-20 16:20:06--748458]2015-01-10_16-39-19_021_10919,OOLU1829190 22G1
[2015-03-20 16:20:06--801060]2015-01-10_16-25-47_690_10903, 
[2015-03-20 16:20:06--810554]2015-01-10_16-39-23_710_10924, 
[2015-03-20 16:20:20--791309]recv conta req 2015-01-10_16-39-23_710_10924! 
[2015-03-20 16:20:20--813946]recv conta req 2015-01-10_16-25-47_690_10903! 
[2015-03-20 16:20:20--853335]recv conta req 2015-01-10_16-39-19_021_10919! 
[2015-03-20 16:20:21--709804]2015-01-10_16-25-47_690_10903, 
[2015-03-20 16:20:21--713146]2015-01-10_16-39-23_710_10924, 
[2015-03-20 16:20:21--725759]2015-01-10_16-39-19_021_10919,OOLU1829190 22G1
[2015-03-20 16:20:35--796126]recv conta req 2015-01-10_16-39-23_710_10924! 
[2015-03-20 16:20:35--802447]recv conta req 2015-01-10_16-25-47_690_10903! 
[2015-03-20 16:20:35--808345]recv conta req 2015-01-10_16-39-19_021_10919! 
[2015-03-20 16:20:36--678140]2015-01-10_16-25-47_690_10903, 
[2015-03-20 16:20:36--777860]2015-01-10_16-39-19_021_10919,OOLU1829190 22G1
[2015-03-20 16:20:36--822548]2015-01-10_16-39-23_710_10924, 
[2015-03-20 16:20:50--809074]recv conta req 2015-01-10_16-39-23_710_10924! 
[2015-03-20 16:20:50--811992]recv conta req 2015-01-10_16-25-47_690_10903! 
[2015-03-20 16:20:50--818121]recv conta req 2015-01-10_16-39-19_021_10919! 
[2015-03-20 16:20:51--691364]2015-01-10_16-25-47_690_10903, 
[2015-03-20 16:20:51--748077]2015-01-10_16-39-23_710_10924, 
[2015-03-20 16:20:51--760993]2015-01-10_16-39-19_021_10919,OGLU1829194 22G1
[2015-03-20 16:21:05--817665]recv conta req 2015-01-10_16-39-23_710_10924! 
[2015-03-20 16:21:05--831498]recv conta req 2015-01-10_16-25-47_690_10903! 
[2015-03-20 16:21:05--836821]recv conta req 2015-01-10_16-39-19_021_10919! 
[2015-03-20 16:21:06--739889]2015-01-10_16-39-19_021_10919,OOLU1829190 22G1
[2015-03-20 16:21:06--748379]2015-01-10_16-25-47_690_10903, 
[2015-03-20 16:21:06--784393]2015-01-10_16-39-23_710_10924, 
[2015-03-20 16:21:20--840904]recv conta req 2015-01-10_16-39-23_710_10924! 
[2015-03-20 16:21:20--858514]recv conta req 2015-01-10_16-25-47_690_10903! 
[2015-03-20 16:21:20--884367]recv conta req 2015-01-10_16-39-19_021_10919! 
[2015-03-20 16:21:21--876271]2015-01-10_16-25-47_690_10903, 
[2015-03-20 16:21:21--887769]2015-01-10_16-39-23_710_10924, 
[2015-03-20 16:21:21--888376]2015-01-10_16-39-19_021_10919,OOLU1829190 22G1
[2015-03-20 16:21:35--787861]recv conta req 2015-01-10_16-39-23_710_10924! 
[2015-03-20 16:21:35--797910]recv conta req 2015-01-10_16-25-47_690_10903! 
[2015-03-20 16:21:35--836607]recv conta req 2015-01-10_16-39-19_021_10919! 
[2015-03-20 16:21:36--788509]2015-01-10_16-39-19_021_10919,OOLU1829190 22G1
[2015-03-20 16:21:36--802517]2015-01-10_16-25-47_690_10903, 
[2015-03-20 16:21:36--854706]2015-01-10_16-39-23_710_10924, 
[2015-03-20 16:21:50--801850]recv conta req 2015-01-10_16-39-23_710_10924! 
[2015-03-20 16:21:50--821984]recv conta req 2015-01-10_16-25-47_690_10903! 
[2015-03-20 16:21:50--845901]recv conta req 2015-01-10_16-39-19_021_10919! 
[2015-03-20 16:21:51--736845]2015-01-10_16-39-19_021_10919,OOLU1829190 22G1
[2015-03-20 16:21:51--768397]2015-01-10_16-25-47_690_10903, 
[2015-03-20 16:21:51--816878]2015-01-10_16-39-23_710_10924, 
[2015-03-20 16:22:05--762924]recv conta req 2015-01-10_16-39-23_710_10924! 
[2015-03-20 16:22:05--777768]recv conta req 2015-01-10_16-25-47_690_10903! 
[2015-03-20 16:22:05--803904]recv conta req 2015-01-10_16-39-19_021_10919! 
[2015-03-20 16:22:06--709304]2015-01-10_16-39-23_710_10924, 
[2015-03-20 16:22:06--783966]2015-01-10_16-25-47_690_10903, 
[2015-03-20 16:22:06--787606]2015-01-10_16-39-19_021_10919,OOLU1829190 22G1
[2015-03-20 16:22:20--752482]recv conta req 2015-01-10_16-39-23_710_10924! 
[2015-03-20 16:22:20--763944]recv conta req 2015-01-10_16-25-47_690_10903! 
[2015-03-20 16:22:20--770377]recv conta req 2015-01-10_16-39-19_021_10919! 
[2015-03-20 16:22:21--625378]2015-01-10_16-25-47_690_10903, 
[2015-03-20 16:22:21--635931]2015-01-10_16-39-23_710_10924, 
[2015-03-20 16:22:21--683292]2015-01-10_16-39-19_021_10919,OOLU1829190 22G1
[2015-03-20 16:22:35--790336]recv conta req 2015-01-10_16-39-23_710_10924! 
[2015-03-20 16:22:35--795264]recv conta req 2015-01-10_16-25-47_690_10903! 
[2015-03-20 16:22:35--815728]recv conta req 2015-01-10_16-39-19_021_10919! 
[2015-03-20 16:22:36--705967]2015-01-10_16-25-47_690_10903, 
[2015-03-20 16:22:36--727215]2015-01-10_16-39-23_710_10924, 
[2015-03-20 16:22:36--752714]2015-01-10_16-39-19_021_10919,OOLU1829190 22G1
[2015-03-20 16:22:50--870736]recv conta req 2015-01-10_16-39-23_710_10924! 
[2015-03-20 16:22:50--883515]recv conta req 2015-01-10_16-25-47_690_10903! 
[2015-03-20 16:22:50--892153]recv conta req 2015-01-10_16-39-19_021_10919! 
[2015-03-20 16:22:51--709394]2015-01-10_16-39-23_710_10924, 
[2015-03-20 16:22:51--787124]2015-01-10_16-25-47_690_10903, 
[2015-03-20 16:22:51--814942]2015-01-10_16-39-19_021_10919,OOLU1829190 22G1
[2015-03-20 16:23:05--805086]recv conta req 2015-01-10_16-39-23_710_10924! 
[2015-03-20 16:23:05--813381]recv conta req 2015-01-10_16-25-47_690_10903! 
[2015-03-20 16:23:05--825577]recv conta req 2015-01-10_16-39-19_021_10919! 
[2015-03-20 16:23:06--712824]2015-01-10_16-25-47_690_10903, 
[2015-03-20 16:23:06--750997]2015-01-10_16-39-23_710_10924, 
[2015-03-20 16:23:06--754826]2015-01-10_16-39-19_021_10919,OOLU1829190 22G1
[2015-03-20 16:23:20--799911]recv conta req 2015-01-10_16-39-23_710_10924! 
[2015-03-20 16:23:20--809963]recv conta req 2015-01-10_16-25-47_690_10903! 
[2015-03-20 16:23:20--820750]recv conta req 2015-01-10_16-39-19_021_10919! 
[2015-03-20 16:23:21--717026]2015-01-10_16-39-23_710_10924, 
[2015-03-20 16:23:21--721552]2015-01-10_16-39-19_021_10919,OOLU1829190 22G1
[2015-03-20 16:23:21--756024]2015-01-10_16-25-47_690_10903, 
[2015-03-20 16:23:35--786909]recv conta req 2015-01-10_16-39-23_710_10924! 
[2015-03-20 16:23:35--795563]recv conta req 2015-01-10_16-25-47_690_10903! 
[2015-03-20 16:23:35--852557]recv conta req 2015-01-10_16-39-19_021_10919! 
[2015-03-20 16:23:36--682233]2015-01-10_16-39-23_710_10924, 
[2015-03-20 16:23:36--746780]2015-01-10_16-25-47_690_10903, 
[2015-03-20 16:23:36--828001]2015-01-10_16-39-19_021_10919,OOLU1829190 22G1
[2015-03-20 16:23:50--751913]recv conta req 2015-01-10_16-39-23_710_10924! 
[2015-03-20 16:23:50--761126]recv conta req 2015-01-10_16-25-47_690_10903! 
[2015-03-20 16:23:50--765151]recv conta req 2015-01-10_16-39-19_021_10919! 
[2015-03-20 16:23:51--587116]2015-01-10_16-25-47_690_10903, 
[2015-03-20 16:23:51--693182]2015-01-10_16-39-23_710_10924, 
[2015-03-20 16:23:51--707530]2015-01-10_16-39-19_021_10919,OOLU1829190 22G1
[2015-03-20 16:24:05--771489]recv conta req 2015-01-10_16-39-23_710_10924! 
[2015-03-20 16:24:05--784416]recv conta req 2015-01-10_16-25-47_690_10903! 
[2015-03-20 16:24:05--805060]recv conta req 2015-01-10_16-39-19_021_10919! 
[2015-03-20 16:24:06--698948]2015-01-10_16-25-47_690_10903, 
[2015-03-20 16:24:06--717732]2015-01-10_16-39-19_021_10919,OOLU1829190 22G1
[2015-03-20 16:24:06--718355]2015-01-10_16-39-23_710_10924, 
[2015-03-20 16:24:20--773997]recv conta req 2015-01-10_16-39-23_710_10924! 
[2015-03-20 16:24:20--801315]recv conta req 2015-01-10_16-25-47_690_10903! 
[2015-03-20 16:24:20--846088]recv conta req 2015-01-10_16-39-19_021_10919! 
[2015-03-20 16:24:21--668584]2015-01-10_16-25-47_690_10903, 
[2015-03-20 16:24:21--759941]2015-01-10_16-39-19_021_10919,OOLU1829190 22G1
[2015-03-20 16:24:21--768686]2015-01-10_16-39-23_710_10924, 
[2015-03-20 16:24:35--811897]recv conta req 2015-01-10_16-39-23_710_10924! 
[2015-03-20 16:24:35--820510]recv conta req 2015-01-10_16-25-47_690_10903! 
[2015-03-20 16:24:35--840708]recv conta req 2015-01-10_16-39-19_021_10919! 
[2015-03-20 16:24:36--845410]2015-01-10_16-25-47_690_10903, 
[2015-03-20 16:24:36--922332]2015-01-10_16-39-23_710_10924, 
[2015-03-20 16:24:36--944139]2015-01-10_16-39-19_021_10919,OOLU1829190 22G1
[2015-03-20 16:24:50--787519]recv conta req 2015-01-10_16-39-23_710_10924! 
[2015-03-20 16:24:50--810284]recv conta req 2015-01-10_16-25-47_690_10903! 
[2015-03-20 16:24:50--863653]recv conta req 2015-01-10_16-39-19_021_10919! 
[2015-03-20 16:24:51--704200]2015-01-10_16-39-19_021_10919,OOLU1829190 22G1
[2015-03-20 16:24:51--705012]2015-01-10_16-39-23_710_10924, 
[2015-03-20 16:24:51--706023]2015-01-10_16-25-47_690_10903, 
[2015-03-20 16:25:05--829927]recv conta req 2015-01-10_16-39-23_710_10924! 
[2015-03-20 16:25:05--844258]recv conta req 2015-01-10_16-25-47_690_10903! 
[2015-03-20 16:25:05--849150]recv conta req 2015-01-10_16-39-19_021_10919! 
[2015-03-20 16:25:06--722546]2015-01-10_16-25-47_690_10903, 
[2015-03-20 16:25:06--821298]2015-01-10_16-39-23_710_10924, 
[2015-03-20 16:25:06--863986]2015-01-10_16-39-19_021_10919,OOLU1829190 22G1
[2015-03-20 16:25:20--807429]recv conta req 2015-01-10_16-39-23_710_10924! 
[2015-03-20 16:25:20--817081]recv conta req 2015-01-10_16-25-47_690_10903! 
[2015-03-20 16:25:20--830316]recv conta req 2015-01-10_16-39-19_021_10919! 
[2015-03-20 16:25:21--729722]2015-01-10_16-25-47_690_10903, 
[2015-03-20 16:25:21--764426]2015-01-10_16-39-23_710_10924, 
[2015-03-20 16:25:21--789538]2015-01-10_16-39-19_021_10919,OOLU1829190 22G1
[2015-03-20 16:25:35--816603]recv conta req 2015-01-10_16-39-23_710_10924! 
[2015-03-20 16:25:35--818965]recv conta req 2015-01-10_16-25-47_690_10903! 
[2015-03-20 16:25:35--860846]recv conta req 2015-01-10_16-39-19_021_10919! 
[2015-03-20 16:25:36--751559]2015-01-10_16-39-23_710_10924, 
[2015-03-20 16:25:36--785349]2015-01-10_16-25-47_690_10903, 
[2015-03-20 16:25:36--821526]2015-01-10_16-39-19_021_10919,OOLU1829190 22G1
[2015-03-20 16:25:50--786080]recv conta req 2015-01-10_16-39-23_710_10924! 
[2015-03-20 16:25:50--800879]recv conta req 2015-01-10_16-25-47_690_10903! 
[2015-03-20 16:25:50--839866]recv conta req 2015-01-10_16-39-19_021_10919! 
[2015-03-20 16:25:51--678884]2015-01-10_16-25-47_690_10903, 
[2015-03-20 16:25:51--753751]2015-01-10_16-39-23_710_10924, 
[2015-03-20 16:25:51--772200]2015-01-10_16-39-19_021_10919,OGLU1829194 22G1
[2015-03-20 16:26:05--843868]recv conta req 2015-01-10_16-39-23_710_10924! 
[2015-03-20 16:26:05--850250]recv conta req 2015-01-10_16-25-47_690_10903! 
[2015-03-20 16:26:05--869317]recv conta req 2015-01-10_16-39-19_021_10919! 
[2015-03-20 16:26:06--725737]2015-01-10_16-25-47_690_10903, 
[2015-03-20 16:26:06--778395]2015-01-10_16-39-23_710_10924, 
[2015-03-20 16:26:06--779071]2015-01-10_16-39-19_021_10919,OOLU1829190 22G1
[2015-03-20 16:26:20--756330]recv conta req 2015-01-10_16-39-23_710_10924! 
[2015-03-20 16:26:20--772236]recv conta req 2015-01-10_16-25-47_690_10903! 
[2015-03-20 16:26:20--776303]recv conta req 2015-01-10_16-39-19_021_10919! 
[2015-03-20 16:26:21--716929]2015-01-10_16-25-47_690_10903, 
[2015-03-20 16:26:21--751891]2015-01-10_16-39-23_710_10924, 
[2015-03-20 16:26:21--777171]2015-01-10_16-39-19_021_10919,OOLU1829190 22G1
[2015-03-20 16:26:35--796899]recv conta req 2015-01-10_16-39-23_710_10924! 
[2015-03-20 16:26:35--808273]recv conta req 2015-01-10_16-25-47_690_10903! 
[2015-03-20 16:26:35--818511]recv conta req 2015-01-10_16-39-19_021_10919! 
[2015-03-20 16:26:36--694770]2015-01-10_16-25-47_690_10903, 
[2015-03-20 16:26:36--708607]2015-01-10_16-39-23_710_10924, 
[2015-03-20 16:26:36--782275]2015-01-10_16-39-19_021_10919,OOLU1829190 22G1
[2015-03-20 16:26:50--822386]recv conta req 2015-01-10_16-39-23_710_10924! 
[2015-03-20 16:26:50--829141]recv conta req 2015-01-10_16-25-47_690_10903! 
[2015-03-20 16:26:50--880010]recv conta req 2015-01-10_16-39-19_021_10919! 
[2015-03-20 16:26:51--820479]2015-01-10_16-39-23_710_10924, 
[2015-03-20 16:26:51--831619]2015-01-10_16-25-47_690_10903, 
[2015-03-20 16:26:51--956862]2015-01-10_16-39-19_021_10919,OOLU1829190 22G1
[2015-03-20 16:27:05--752750]recv conta req 2015-01-10_16-39-23_710_10924! 
[2015-03-20 16:27:05--759754]recv conta req 2015-01-10_16-25-47_690_10903! 
[2015-03-20 16:27:05--776541]recv conta req 2015-01-10_16-39-19_021_10919! 
[2015-03-20 16:27:06--632568]2015-01-10_16-25-47_690_10903, 
[2015-03-20 16:27:06--683395]2015-01-10_16-39-19_021_10919,OOLU1829190 22G1
[2015-03-20 16:27:06--713615]2015-01-10_16-39-23_710_10924, 
[2015-03-20 16:27:20--842117]recv conta req 2015-01-10_16-39-23_710_10924! 
[2015-03-20 16:27:20--864017]recv conta req 2015-01-10_16-25-47_690_10903! 
[2015-03-20 16:27:20--903818]recv conta req 2015-01-10_16-39-19_021_10919! 
[2015-03-20 16:27:21--778523]2015-01-10_16-25-47_690_10903, 
[2015-03-20 16:27:21--798711]2015-01-10_16-39-23_710_10924, 
[2015-03-20 16:27:21--840127]2015-01-10_16-39-19_021_10919,OOLU1829190 22G1
[2015-03-20 16:27:35--801025]recv conta req 2015-01-10_16-39-23_710_10924! 
[2015-03-20 16:27:35--812843]recv conta req 2015-01-10_16-25-47_690_10903! 
[2015-03-20 16:27:35--821911]recv conta req 2015-01-10_16-39-19_021_10919! 
[2015-03-20 16:27:36--723131]2015-01-10_16-25-47_690_10903, 
[2015-03-20 16:27:36--835521]2015-01-10_16-39-23_710_10924, 
[2015-03-20 16:27:36--840153]2015-01-10_16-39-19_021_10919,OOLU1829190 22G1
[2015-03-20 16:27:50--810232]recv conta req 2015-01-10_16-39-23_710_10924! 
[2015-03-20 16:27:50--828334]recv conta req 2015-01-10_16-25-47_690_10903! 
[2015-03-20 16:27:50--858019]recv conta req 2015-01-10_16-39-19_021_10919! 
[2015-03-20 16:27:51--789497]2015-01-10_16-39-19_021_10919,OOLU1829190 22G1
[2015-03-20 16:27:51--793623]2015-01-10_16-39-23_710_10924, 
[2015-03-20 16:27:51--799720]2015-01-10_16-25-47_690_10903, 
[2015-03-20 16:28:05--808868]recv conta req 2015-01-10_16-39-23_710_10924! 
[2015-03-20 16:28:05--818926]recv conta req 2015-01-10_16-25-47_690_10903! 
[2015-03-20 16:28:05--831835]recv conta req 2015-01-10_16-39-19_021_10919! 
[2015-03-20 16:28:06--655447]2015-01-10_16-25-47_690_10903, 
[2015-03-20 16:28:06--723070]2015-01-10_16-39-23_710_10924, 
[2015-03-20 16:28:06--748911]2015-01-10_16-39-19_021_10919,OOLU1829190 22G1
[2015-03-20 16:28:20--758838]recv conta req 2015-01-10_16-39-23_710_10924! 
[2015-03-20 16:28:20--766981]recv conta req 2015-01-10_16-25-47_690_10903! 
[2015-03-20 16:28:20--773410]recv conta req 2015-01-10_16-39-19_021_10919! 
[2015-03-20 16:28:21--772249]2015-01-10_16-39-23_710_10924, 
[2015-03-20 16:28:21--805078]2015-01-10_16-25-47_690_10903, 
[2015-03-20 16:28:21--848559]2015-01-10_16-39-19_021_10919,OOLU1829190 22G1
[2015-03-20 16:29:20--791299]recv conta req 2015-01-10_16-39-23_710_10924! 
[2015-03-20 16:29:20--811847]recv conta req 2015-01-10_16-25-47_690_10903! 
[2015-03-20 16:29:20--850529]recv conta req 2015-01-10_16-39-19_021_10919! 
[2015-03-20 16:29:21--703464]2015-01-10_16-39-23_710_10924, 
[2015-03-20 16:29:21--740254]2015-01-10_16-25-47_690_10903, 
[2015-03-20 16:29:21--790868]2015-01-10_16-39-19_021_10919,OOLU1829190 22G1
[2015-03-20 16:29:35--820944]recv conta req 2015-01-10_16-39-23_710_10924! 
[2015-03-20 16:29:35--842426]recv conta req 2015-01-10_16-25-47_690_10903! 
[2015-03-20 16:29:35--900291]recv conta req 2015-01-10_16-39-19_021_10919! 
[2015-03-20 16:29:36--805445]2015-01-10_16-25-47_690_10903, 
[2015-03-20 16:29:36--849946]2015-01-10_16-39-23_710_10924, 
[2015-03-20 16:29:36--850539]2015-01-10_16-39-19_021_10919,OOLU1829190 22G1
[2015-03-20 16:29:50--742741]recv conta req 2015-01-10_16-39-23_710_10924! 
[2015-03-20 16:29:50--761368]recv conta req 2015-01-10_16-25-47_690_10903! 
[2015-03-20 16:29:50--802586]recv conta req 2015-01-10_16-39-19_021_10919! 
[2015-03-20 16:29:51--728200]2015-01-10_16-25-47_690_10903, 
[2015-03-20 16:29:51--734318]2015-01-10_16-39-23_710_10924, 
[2015-03-20 16:29:51--753088]2015-01-10_16-39-19_021_10919,OOLU1829190 22G1
[2015-03-20 16:30:05--808664]recv conta req 2015-01-10_16-39-23_710_10924! 
[2015-03-20 16:30:05--819972]recv conta req 2015-01-10_16-25-47_690_10903! 
[2015-03-20 16:30:05--829150]recv conta req 2015-01-10_16-39-19_021_10919! 
[2015-03-20 16:30:06--697340]2015-01-10_16-25-47_690_10903, 
[2015-03-20 16:30:06--753415]2015-01-10_16-39-19_021_10919,OOLU1829190 22G1
[2015-03-20 16:30:06--762256]2015-01-10_16-39-23_710_10924, 
[2015-03-20 16:30:20--767839]recv conta req 2015-01-10_16-39-23_710_10924! 
[2015-03-20 16:30:20--776918]recv conta req 2015-01-10_16-25-47_690_10903! 
[2015-03-20 16:30:20--820287]recv conta req 2015-01-10_16-39-19_021_10919! 
[2015-03-20 16:30:21--721580]2015-01-10_16-39-23_710_10924, 
[2015-03-20 16:30:21--753584]2015-01-10_16-25-47_690_10903, 
[2015-03-20 16:30:21--818491]2015-01-10_16-39-19_021_10919,OOLU1829190 22G1
[2015-03-20 16:30:35--736245]recv conta req 2015-01-10_16-39-23_710_10924! 
[2015-03-20 16:30:35--749560]recv conta req 2015-01-10_16-25-47_690_10903! 
[2015-03-20 16:30:35--760816]recv conta req 2015-01-10_16-39-19_021_10919! 
[2015-03-20 16:30:36--694523]2015-01-10_16-25-47_690_10903, 
[2015-03-20 16:30:36--714668]2015-01-10_16-39-19_021_10919,OOLU1829190 22G1
[2015-03-20 16:30:36--717781]2015-01-10_16-39-23_710_10924, 
[2015-03-20 16:30:50--758889]recv conta req 2015-01-10_16-39-23_710_10924! 
[2015-03-20 16:30:50--770195]recv conta req 2015-01-10_16-25-47_690_10903! 
[2015-03-20 16:30:50--803995]recv conta req 2015-01-10_16-39-19_021_10919! 
[2015-03-20 16:30:51--691075]2015-01-10_16-39-23_710_10924, 
[2015-03-20 16:30:51--714543]2015-01-10_16-25-47_690_10903, 
[2015-03-20 16:30:51--724928]2015-01-10_16-39-19_021_10919,OOLU1829190 22G1
[2015-03-20 16:31:05--788982]recv conta req 2015-01-10_16-39-23_710_10924! 
[2015-03-20 16:31:05--799429]recv conta req 2015-01-10_16-25-47_690_10903! 
[2015-03-20 16:31:05--838488]recv conta req 2015-01-10_16-39-19_021_10919! 
[2015-03-20 16:31:06--718854]2015-01-10_16-25-47_690_10903, 
[2015-03-20 16:31:06--765932]2015-01-10_16-39-19_021_10919,OOLU1829190 22G1
[2015-03-20 16:31:06--771512]2015-01-10_16-39-23_710_10924, 
[2015-03-20 16:31:20--750128]recv conta req 2015-01-10_16-39-23_710_10924! 
[2015-03-20 16:31:20--759968]recv conta req 2015-01-10_16-25-47_690_10903! 
[2015-03-20 16:31:20--789028]recv conta req 2015-01-10_16-39-19_021_10919! 
[2015-03-20 16:31:21--655668]2015-01-10_16-25-47_690_10903, 
[2015-03-20 16:31:21--665338]2015-01-10_16-39-23_710_10924, 
[2015-03-20 16:31:21--717995]2015-01-10_16-39-19_021_10919,OOLU1829190 22G1
[2015-03-20 16:31:35--787386]recv conta req 2015-01-10_16-39-23_710_10924! 
[2015-03-20 16:31:35--822552]recv conta req 2015-01-10_16-25-47_690_10903! 
[2015-03-20 16:31:35--859644]recv conta req 2015-01-10_16-39-19_021_10919! 
[2015-03-20 16:31:36--747806]2015-01-10_16-25-47_690_10903, 
[2015-03-20 16:31:36--764184]2015-01-10_16-39-19_021_10919,OOLU1829190 22G1
[2015-03-20 16:31:36--868118]2015-01-10_16-39-23_710_10924, 
[2015-03-20 16:31:50--815159]recv conta req 2015-01-10_16-39-23_710_10924! 
[2015-03-20 16:31:50--829404]recv conta req 2015-01-10_16-25-47_690_10903! 
[2015-03-20 16:31:50--843739]recv conta req 2015-01-10_16-39-19_021_10919! 
[2015-03-20 16:31:51--717463]2015-01-10_16-25-47_690_10903, 
[2015-03-20 16:31:51--772658]2015-01-10_16-39-19_021_10919,OOLU1829190 22G1
[2015-03-20 16:31:51--802664]2015-01-10_16-39-23_710_10924, 
[2015-03-20 16:32:05--808760]recv conta req 2015-01-10_16-39-23_710_10924! 
[2015-03-20 16:32:05--818229]recv conta req 2015-01-10_16-25-47_690_10903! 
[2015-03-20 16:32:05--857650]recv conta req 2015-01-10_16-39-19_021_10919! 
[2015-03-20 16:32:06--727621]2015-01-10_16-39-19_021_10919,OOLU1829190 22G1
[2015-03-20 16:32:06--780424]2015-01-10_16-25-47_690_10903, 
[2015-03-20 16:32:06--810418]2015-01-10_16-39-23_710_10924, 
[2015-03-20 16:32:20--824526]recv conta req 2015-01-10_16-39-23_710_10924! 
[2015-03-20 16:32:20--865367]recv conta req 2015-01-10_16-25-47_690_10903! 
[2015-03-20 16:32:20--875020]recv conta req 2015-01-10_16-39-19_021_10919! 
[2015-03-20 16:32:21--700147]2015-01-10_16-25-47_690_10903, 
[2015-03-20 16:32:21--731404]2015-01-10_16-39-19_021_10919,OOLU1829190 22G1
[2015-03-20 16:32:21--782854]2015-01-10_16-39-23_710_10924, 
[2015-03-20 16:32:35--784451]recv conta req 2015-01-10_16-39-23_710_10924! 
[2015-03-20 16:32:35--791107]recv conta req 2015-01-10_16-25-47_690_10903! 
[2015-03-20 16:32:35--838342]recv conta req 2015-01-10_16-39-19_021_10919! 
[2015-03-20 16:32:36--691547]2015-01-10_16-25-47_690_10903, 
[2015-03-20 16:32:36--735929]2015-01-10_16-39-23_710_10924, 
[2015-03-20 16:32:36--791734]2015-01-10_16-39-19_021_10919,OOLU1829190 22G1
[2015-03-20 16:32:50--840878]recv conta req 2015-01-10_16-39-23_710_10924! 
[2015-03-20 16:32:50--851199]recv conta req 2015-01-10_16-25-47_690_10903! 
[2015-03-20 16:32:50--883886]recv conta req 2015-01-10_16-39-19_021_10919! 
[2015-03-20 16:32:51--797945]2015-01-10_16-25-47_690_10903, 
[2015-03-20 16:32:51--943924]2015-01-10_16-39-23_710_10924, 
[2015-03-20 16:32:51--993422]2015-01-10_16-39-19_021_10919,OOLU1829190 22G1
[2015-03-20 16:33:05--772593]recv conta req 2015-01-10_16-39-23_710_10924! 
[2015-03-20 16:33:05--785794]recv conta req 2015-01-10_16-25-47_690_10903! 
[2015-03-20 16:33:05--838308]recv conta req 2015-01-10_16-39-19_021_10919! 
[2015-03-20 16:33:06--830605]2015-01-10_16-39-23_710_10924, 
[2015-03-20 16:33:06--871993]2015-01-10_16-25-47_690_10903, 
[2015-03-20 16:33:06--885129]2015-01-10_16-39-19_021_10919,OOLU1829190 22G1
[2015-03-20 16:33:20--809925]recv conta req 2015-01-10_16-39-23_710_10924! 
[2015-03-20 16:33:20--813610]recv conta req 2015-01-10_16-25-47_690_10903! 
[2015-03-20 16:33:20--823262]recv conta req 2015-01-10_16-39-19_021_10919! 
[2015-03-20 16:33:21--719582]2015-01-10_16-25-47_690_10903, 
[2015-03-20 16:33:21--805380]2015-01-10_16-39-23_710_10924, 
[2015-03-20 16:33:21--805979]2015-01-10_16-39-19_021_10919,OOLU1829190 22G1
[2015-03-20 16:33:35--776887]recv conta req 2015-01-10_16-39-23_710_10924! 
[2015-03-20 16:33:35--781778]recv conta req 2015-01-10_16-25-47_690_10903! 
[2015-03-20 16:33:35--820629]recv conta req 2015-01-10_16-39-19_021_10919! 
[2015-03-20 16:33:36--675244]2015-01-10_16-25-47_690_10903, 
[2015-03-20 16:33:36--693088]2015-01-10_16-39-23_710_10924, 
[2015-03-20 16:33:36--754752]2015-01-10_16-39-19_021_10919,OOLU1829190 22G1
[2015-03-20 16:33:50--768604]recv conta req 2015-01-10_16-39-23_710_10924! 
[2015-03-20 16:33:50--781042]recv conta req 2015-01-10_16-25-47_690_10903! 
[2015-03-20 16:33:50--799071]recv conta req 2015-01-10_16-39-19_021_10919! 
[2015-03-20 16:33:51--666629]2015-01-10_16-39-19_021_10919,OOLU1829190 22G1
[2015-03-20 16:33:51--684766]2015-01-10_16-25-47_690_10903, 
[2015-03-20 16:33:51--725702]2015-01-10_16-39-23_710_10924, 
[2015-03-20 16:34:05--831093]recv conta req 2015-01-10_16-39-23_710_10924! 
[2015-03-20 16:34:05--841734]recv conta req 2015-01-10_16-25-47_690_10903! 
[2015-03-20 16:34:05--843007]recv conta req 2015-01-10_16-39-19_021_10919! 
[2015-03-20 16:34:06--752288]2015-01-10_16-25-47_690_10903, 
[2015-03-20 16:34:06--796190]2015-01-10_16-39-19_021_10919,OOLU1829190 22G1
[2015-03-20 16:34:06--801700]2015-01-10_16-39-23_710_10924, 
[2015-03-20 16:34:20--824401]recv conta req 2015-01-10_16-39-23_710_10924! 
[2015-03-20 16:34:20--830669]recv conta req 2015-01-10_16-25-47_690_10903! 
[2015-03-20 16:34:20--855727]recv conta req 2015-01-10_16-39-19_021_10919! 
[2015-03-20 16:34:21--759979]2015-01-10_16-39-23_710_10924, 
[2015-03-20 16:34:21--775621]2015-01-10_16-25-47_690_10903, 
[2015-03-20 16:34:21--850185]2015-01-10_16-39-19_021_10919,OOLU1829190 22G1
[2015-03-20 16:34:35--798715]recv conta req 2015-01-10_16-39-23_710_10924! 
[2015-03-20 16:34:35--807528]recv conta req 2015-01-10_16-25-47_690_10903! 
[2015-03-20 16:34:35--841266]recv conta req 2015-01-10_16-39-19_021_10919! 
[2015-03-20 16:34:36--707348]2015-01-10_16-39-23_710_10924, 
[2015-03-20 16:34:36--758475]2015-01-10_16-39-19_021_10919,OOLU1829190 22G1
[2015-03-20 16:34:36--758973]2015-01-10_16-25-47_690_10903, 
[2015-03-20 16:34:50--793987]recv conta req 2015-01-10_16-39-23_710_10924! 
[2015-03-20 16:34:50--799099]recv conta req 2015-01-10_16-25-47_690_10903! 
[2015-03-20 16:34:50--861395]recv conta req 2015-01-10_16-39-19_021_10919! 
[2015-03-20 16:34:51--792307]2015-01-10_16-25-47_690_10903, 
[2015-03-20 16:34:51--800943]2015-01-10_16-39-23_710_10924, 
[2015-03-20 16:34:51--809202]2015-01-10_16-39-19_021_10919,OOLU1829190 22G1
[2015-03-20 16:35:05--855975]recv conta req 2015-01-10_16-39-23_710_10924! 
[2015-03-20 16:35:05--866855]recv conta req 2015-01-10_16-25-47_690_10903! 
[2015-03-20 16:35:05--875973]recv conta req 2015-01-10_16-39-19_021_10919! 
[2015-03-20 16:35:06--888287]2015-01-10_16-25-47_690_10903, 
[2015-03-20 16:35:06--917746]2015-01-10_16-39-19_021_10919,OOLU1829190 22G1
[2015-03-20 16:35:06--918427]2015-01-10_16-39-23_710_10924, 
[2015-03-20 16:35:20--784350]recv conta req 2015-01-10_16-39-23_710_10924! 
[2015-03-20 16:35:20--793997]recv conta req 2015-01-10_16-25-47_690_10903! 
[2015-03-20 16:35:20--821296]recv conta req 2015-01-10_16-39-19_021_10919! 
[2015-03-20 16:35:21--802225]2015-01-10_16-39-19_021_10919,OOLU1829190 22G1
[2015-03-20 16:35:21--802933]2015-01-10_16-25-47_690_10903, 
[2015-03-20 16:35:21--854818]2015-01-10_16-39-23_710_10924, 
[2015-03-20 16:35:35--749026]recv conta req 2015-01-10_16-39-23_710_10924! 
[2015-03-20 16:35:35--757058]recv conta req 2015-01-10_16-25-47_690_10903! 
[2015-03-20 16:35:35--776688]recv conta req 2015-01-10_16-39-19_021_10919! 
[2015-03-20 16:35:36--649719]2015-01-10_16-39-23_710_10924, 
[2015-03-20 16:35:36--674103]2015-01-10_16-25-47_690_10903, 
[2015-03-20 16:35:36--700775]2015-01-10_16-39-19_021_10919,OOLU1829190 22G1
[2015-03-20 16:35:50--887573]recv conta req 2015-01-10_16-39-23_710_10924! 
[2015-03-20 16:35:50--892871]recv conta req 2015-01-10_16-25-47_690_10903! 
[2015-03-20 16:35:50--906466]recv conta req 2015-01-10_16-39-19_021_10919! 
[2015-03-20 16:35:51--797947]2015-01-10_16-25-47_690_10903, 
[2015-03-20 16:35:51--884889]2015-01-10_16-39-23_710_10924, 
[2015-03-20 16:35:51--916322]2015-01-10_16-39-19_021_10919,OOLU1829190 22G1
[2015-03-20 16:36:05--752826]recv conta req 2015-01-10_16-39-23_710_10924! 
[2015-03-20 16:36:05--755397]recv conta req 2015-01-10_16-25-47_690_10903! 
[2015-03-20 16:36:05--766870]recv conta req 2015-01-10_16-39-19_021_10919! 
[2015-03-20 16:36:06--596687]2015-01-10_16-25-47_690_10903, 
[2015-03-20 16:36:06--692065]2015-01-10_16-39-19_021_10919,OOLU1829190 22G1
[2015-03-20 16:36:06--699962]2015-01-10_16-39-23_710_10924, 
[2015-03-20 16:36:20--815064]recv conta req 2015-01-10_16-39-23_710_10924! 
[2015-03-20 16:36:20--827605]recv conta req 2015-01-10_16-25-47_690_10903! 
[2015-03-20 16:36:20--841896]recv conta req 2015-01-10_16-39-19_021_10919! 
[2015-03-20 16:36:21--726478]2015-01-10_16-39-23_710_10924, 
[2015-03-20 16:36:21--729142]2015-01-10_16-25-47_690_10903, 
[2015-03-20 16:36:21--778857]2015-01-10_16-39-19_021_10919,OOLU1829190 22G1
[2015-03-20 16:36:35--785651]recv conta req 2015-01-10_16-39-23_710_10924! 
[2015-03-20 16:36:35--793088]recv conta req 2015-01-10_16-25-47_690_10903! 
[2015-03-20 16:36:35--812882]recv conta req 2015-01-10_16-39-19_021_10919! 
[2015-03-20 16:36:36--715419]2015-01-10_16-25-47_690_10903, 
[2015-03-20 16:36:36--740582]2015-01-10_16-39-19_021_10919,OOLU1829190 22G1
[2015-03-20 16:36:36--741409]2015-01-10_16-39-23_710_10924, 
[2015-03-20 16:36:50--814833]recv conta req 2015-01-10_16-39-23_710_10924! 
[2015-03-20 16:36:50--825146]recv conta req 2015-01-10_16-25-47_690_10903! 
[2015-03-20 16:36:50--846087]recv conta req 2015-01-10_16-39-19_021_10919! 
[2015-03-20 16:36:51--773186]2015-01-10_16-39-23_710_10924, 
[2015-03-20 16:36:51--797657]2015-01-10_16-25-47_690_10903, 
[2015-03-20 16:36:51--810632]2015-01-10_16-39-19_021_10919,OOLU1829190 22G1
[2015-03-20 16:37:05--750055]recv conta req 2015-01-10_16-39-23_710_10924! 
[2015-03-20 16:37:05--755852]recv conta req 2015-01-10_16-25-47_690_10903! 
[2015-03-20 16:37:05--799008]recv conta req 2015-01-10_16-39-19_021_10919! 
[2015-03-20 16:37:06--657310]2015-01-10_16-39-23_710_10924, 
[2015-03-20 16:37:06--662755]2015-01-10_16-25-47_690_10903, 
[2015-03-20 16:37:06--736098]2015-01-10_16-39-19_021_10919,OOLU1829190 22G1
[2015-03-20 16:37:20--841373]recv conta req 2015-01-10_16-39-23_710_10924! 
[2015-03-20 16:37:20--853053]recv conta req 2015-01-10_16-25-47_690_10903! 
[2015-03-20 16:37:20--886622]recv conta req 2015-01-10_16-39-19_021_10919! 
[2015-03-20 16:37:21--852535]2015-01-10_16-25-47_690_10903, 
[2015-03-20 16:37:21--885356]2015-01-10_16-39-23_710_10924, 
[2015-03-20 16:37:21--907736]2015-01-10_16-39-19_021_10919,OOLU1829190 22G1
[2015-03-20 16:37:35--822903]recv conta req 2015-01-10_16-39-23_710_10924! 
[2015-03-20 16:37:35--834239]recv conta req 2015-01-10_16-25-47_690_10903! 
[2015-03-20 16:37:35--842582]recv conta req 2015-01-10_16-39-19_021_10919! 
[2015-03-20 16:37:36--727380]2015-01-10_16-39-23_710_10924, 
[2015-03-20 16:37:36--775231]2015-01-10_16-39-19_021_10919,OOLU1829190 22G1
[2015-03-20 16:37:36--863766]2015-01-10_16-25-47_690_10903, 
[2015-03-20 16:37:50--726540]recv conta req 2015-01-10_16-39-23_710_10924! 
[2015-03-20 16:37:50--739047]recv conta req 2015-01-10_16-25-47_690_10903! 
[2015-03-20 16:37:50--757304]recv conta req 2015-01-10_16-39-19_021_10919! 
[2015-03-20 16:37:51--612319]2015-01-10_16-39-19_021_10919,OOLU1829190 22G1
[2015-03-20 16:37:51--613066]2015-01-10_16-39-23_710_10924, 
[2015-03-20 16:37:51--667421]2015-01-10_16-25-47_690_10903, 
[2015-03-20 16:38:05--728969]recv conta req 2015-01-10_16-39-23_710_10924! 
[2015-03-20 16:38:05--733385]recv conta req 2015-01-10_16-25-47_690_10903! 
[2015-03-20 16:38:05--742518]recv conta req 2015-01-10_16-39-19_021_10919! 
[2015-03-20 16:38:06--717715]2015-01-10_16-25-47_690_10903, 
[2015-03-20 16:38:06--731542]2015-01-10_16-39-19_021_10919,OOLU1829190 22G1
[2015-03-20 16:38:06--732327]2015-01-10_16-39-23_710_10924, 
[2015-03-20 16:38:20--829235]recv conta req 2015-01-10_16-39-23_710_10924! 
[2015-03-20 16:38:20--838815]recv conta req 2015-01-10_16-25-47_690_10903! 
[2015-03-20 16:38:20--844545]recv conta req 2015-01-10_16-39-19_021_10919! 
[2015-03-20 16:38:21--641974]2015-01-10_16-39-19_021_10919,OOLU1829190 22G1
[2015-03-20 16:38:21--726794]2015-01-10_16-39-23_710_10924, 
[2015-03-20 16:38:21--772265]2015-01-10_16-25-47_690_10903, 
[2015-03-20 16:38:35--824575]recv conta req 2015-01-10_16-39-23_710_10924! 
[2015-03-20 16:38:35--829415]recv conta req 2015-01-10_16-25-47_690_10903! 
[2015-03-20 16:38:35--843246]recv conta req 2015-01-10_16-39-19_021_10919! 
[2015-03-20 16:38:36--900662]2015-01-10_16-25-47_690_10903, 
[2015-03-20 16:38:36--979459]2015-01-10_16-39-23_710_10924, 
[2015-03-20 16:38:37--002624]2015-01-10_16-39-19_021_10919,GOLU1829192 22G1
[2015-03-20 16:38:50--799726]recv conta req 2015-01-10_16-39-23_710_10924! 
[2015-03-20 16:38:50--813208]recv conta req 2015-01-10_16-25-47_690_10903! 
[2015-03-20 16:38:50--838549]recv conta req 2015-01-10_16-39-19_021_10919! 
[2015-03-20 16:38:51--728576]2015-01-10_16-25-47_690_10903, 
[2015-03-20 16:38:51--771412]2015-01-10_16-39-19_021_10919,OOLU1829190 22G1
[2015-03-20 16:38:51--788284]2015-01-10_16-39-23_710_10924, 
[2015-03-20 16:39:05--825036]recv conta req 2015-01-10_16-39-23_710_10924! 
[2015-03-20 16:39:05--829884]recv conta req 2015-01-10_16-25-47_690_10903! 
[2015-03-20 16:39:05--868122]recv conta req 2015-01-10_16-39-19_021_10919! 
[2015-03-20 16:39:06--705156]2015-01-10_16-39-23_710_10924, 
[2015-03-20 16:39:06--754773]2015-01-10_16-25-47_690_10903, 
[2015-03-20 16:39:06--779604]2015-01-10_16-39-19_021_10919,OOLU1829190 22G1
[2015-03-20 16:39:20--773246]recv conta req 2015-01-10_16-39-23_710_10924! 
[2015-03-20 16:39:20--781996]recv conta req 2015-01-10_16-25-47_690_10903! 
[2015-03-20 16:39:20--802043]recv conta req 2015-01-10_16-39-19_021_10919! 
[2015-03-20 16:39:21--731550]2015-01-10_16-25-47_690_10903, 
[2015-03-20 16:39:21--741288]2015-01-10_16-39-19_021_10919,OOLU1829190 22G1
[2015-03-20 16:39:21--806096]2015-01-10_16-39-23_710_10924, 
[2015-03-20 16:39:35--806412]recv conta req 2015-01-10_16-39-23_710_10924! 
[2015-03-20 16:39:35--807782]recv conta req 2015-01-10_16-25-47_690_10903! 
[2015-03-20 16:39:35--852701]recv conta req 2015-01-10_16-39-19_021_10919! 
[2015-03-20 16:39:36--710728]2015-01-10_16-25-47_690_10903, 
[2015-03-20 16:39:36--727963]2015-01-10_16-39-23_710_10924, 
[2015-03-20 16:39:36--785740]2015-01-10_16-39-19_021_10919,OOLU1829190 22G1
[2015-03-20 16:39:50--724368]recv conta req 2015-01-10_16-39-23_710_10924! 
[2015-03-20 16:39:50--739833]recv conta req 2015-01-10_16-25-47_690_10903! 
[2015-03-20 16:39:50--780969]recv conta req 2015-01-10_16-39-19_021_10919! 
[2015-03-20 16:39:51--701371]2015-01-10_16-39-23_710_10924, 
[2015-03-20 16:39:51--731059]2015-01-10_16-25-47_690_10903, 
[2015-03-20 16:39:51--766799]2015-01-10_16-39-19_021_10919,OOLU1829190 22G1
[2015-03-20 16:40:05--805896]recv conta req 2015-01-10_16-39-23_710_10924! 
[2015-03-20 16:40:05--835212]recv conta req 2015-01-10_16-25-47_690_10903! 
[2015-03-20 16:40:05--839569]recv conta req 2015-01-10_16-39-19_021_10919! 
[2015-03-20 16:40:06--686313]2015-01-10_16-39-19_021_10919,OOLU1829190 22G1
[2015-03-20 16:40:06--720423]2015-01-10_16-25-47_690_10903, 
[2015-03-20 16:40:06--766456]2015-01-10_16-39-23_710_10924, 
[2015-03-20 16:40:20--730021]recv conta req 2015-01-10_16-39-23_710_10924! 
[2015-03-20 16:40:20--744039]recv conta req 2015-01-10_16-25-47_690_10903! 
[2015-03-20 16:40:20--769226]recv conta req 2015-01-10_16-39-19_021_10919! 
[2015-03-20 16:40:21--610641]2015-01-10_16-39-23_710_10924, 
[2015-03-20 16:40:21--665216]2015-01-10_16-39-19_021_10919,OOLU1829190 22G1
[2015-03-20 16:40:21--675019]2015-01-10_16-25-47_690_10903, 
[2015-03-20 16:40:35--754294]recv conta req 2015-01-10_16-39-23_710_10924! 
[2015-03-20 16:40:35--765392]recv conta req 2015-01-10_16-25-47_690_10903! 
[2015-03-20 16:40:35--776801]recv conta req 2015-01-10_16-39-19_021_10919! 
[2015-03-20 16:40:36--647450]2015-01-10_16-39-23_710_10924, 
[2015-03-20 16:40:36--696783]2015-01-10_16-39-19_021_10919,OOLU1829190 22G1
[2015-03-20 16:40:36--697510]2015-01-10_16-25-47_690_10903, 
[2015-03-20 16:40:50--788424]recv conta req 2015-01-10_16-39-23_710_10924! 
[2015-03-20 16:40:50--794282]recv conta req 2015-01-10_16-25-47_690_10903! 
[2015-03-20 16:40:50--815401]recv conta req 2015-01-10_16-39-19_021_10919! 
[2015-03-20 16:40:51--736712]2015-01-10_16-39-23_710_10924, 
[2015-03-20 16:40:51--783928]2015-01-10_16-39-19_021_10919,OOLU1829190 22G1
[2015-03-20 16:40:51--793814]2015-01-10_16-25-47_690_10903, 
[2015-03-20 16:41:05--761060]recv conta req 2015-01-10_16-39-23_710_10924! 
[2015-03-20 16:41:05--769560]recv conta req 2015-01-10_16-25-47_690_10903! 
[2015-03-20 16:41:05--781354]recv conta req 2015-01-10_16-39-19_021_10919! 
[2015-03-20 16:41:06--623971]2015-01-10_16-25-47_690_10903, 
[2015-03-20 16:41:06--670165]2015-01-10_16-39-19_021_10919,OOLU1829190 22G1
[2015-03-20 16:41:06--680599]2015-01-10_16-39-23_710_10924, 
[2015-03-20 16:41:20--764587]recv conta req 2015-01-10_16-39-23_710_10924! 
[2015-03-20 16:41:20--771687]recv conta req 2015-01-10_16-25-47_690_10903! 
[2015-03-20 16:41:20--780085]recv conta req 2015-01-10_16-39-19_021_10919! 
[2015-03-20 16:41:21--673348]2015-01-10_16-39-23_710_10924, 
[2015-03-20 16:41:21--699281]2015-01-10_16-39-19_021_10919,OOLU1829190 22G1
[2015-03-20 16:41:21--780631]2015-01-10_16-25-47_690_10903, 
[2015-03-20 16:41:35--801962]recv conta req 2015-01-10_16-39-23_710_10924! 
[2015-03-20 16:41:35--812325]recv conta req 2015-01-10_16-25-47_690_10903! 
[2015-03-20 16:41:35--837224]recv conta req 2015-01-10_16-39-19_021_10919! 
[2015-03-20 16:41:36--790815]2015-01-10_16-25-47_690_10903, 
[2015-03-20 16:41:36--800475]2015-01-10_16-39-23_710_10924, 
[2015-03-20 16:41:36--888845]2015-01-10_16-39-19_021_10919,OOLU1829190 22G1
[2015-03-20 16:41:50--816340]recv conta req 2015-01-10_16-39-23_710_10924! 
[2015-03-20 16:41:50--822204]recv conta req 2015-01-10_16-25-47_690_10903! 
[2015-03-20 16:41:50--870865]recv conta req 2015-01-10_16-39-19_021_10919! 
[2015-03-20 16:41:51--692814]2015-01-10_16-39-23_710_10924, 
[2015-03-20 16:41:51--703808]2015-01-10_16-25-47_690_10903, 
[2015-03-20 16:41:51--873870]2015-01-10_16-39-19_021_10919,OOLU1829190 22G1
[2015-03-20 16:42:05--777610]recv conta req 2015-01-10_16-39-23_710_10924! 
[2015-03-20 16:42:05--785851]recv conta req 2015-01-10_16-25-47_690_10903! 
[2015-03-20 16:42:05--799508]recv conta req 2015-01-10_16-39-19_021_10919! 
[2015-03-20 16:42:06--733106]2015-01-10_16-25-47_690_10903, 
[2015-03-20 16:42:06--780941]2015-01-10_16-39-19_021_10919,OOLU1829190 22G1
[2015-03-20 16:42:06--784938]2015-01-10_16-39-23_710_10924, 
[2015-03-20 16:42:20--837476]recv conta req 2015-01-10_16-39-23_710_10924! 
[2015-03-20 16:42:20--850782]recv conta req 2015-01-10_16-25-47_690_10903! 
[2015-03-20 16:42:20--854346]recv conta req 2015-01-10_16-39-19_021_10919! 
[2015-03-20 16:42:21--944643]2015-01-10_16-25-47_690_10903, 
[2015-03-20 16:42:21--986672]2015-01-10_16-39-19_021_10919,OOLU1829190 22G1
[2015-03-20 16:42:21--993687]2015-01-10_16-39-23_710_10924, 
[2015-03-20 16:42:35--852733]recv conta req 2015-01-10_16-39-23_710_10924! 
[2015-03-20 16:42:35--860405]recv conta req 2015-01-10_16-25-47_690_10903! 
[2015-03-20 16:42:35--907216]recv conta req 2015-01-10_16-39-19_021_10919! 
[2015-03-20 16:42:36--752909]2015-01-10_16-25-47_690_10903, 
[2015-03-20 16:42:36--757026]2015-01-10_16-39-23_710_10924, 
[2015-03-20 16:42:36--808437]2015-01-10_16-39-19_021_10919,OOLU1829190 22G1
[2015-03-20 16:42:50--756305]recv conta req 2015-01-10_16-39-23_710_10924! 
[2015-03-20 16:42:50--763747]recv conta req 2015-01-10_16-25-47_690_10903! 
[2015-03-20 16:42:50--810456]recv conta req 2015-01-10_16-39-19_021_10919! 
[2015-03-20 16:42:51--771164]2015-01-10_16-25-47_690_10903, 
[2015-03-20 16:42:51--888678]2015-01-10_16-39-23_710_10924, 
[2015-03-20 16:42:51--910200]2015-01-10_16-39-19_021_10919,OOLU1829190 22G1
[2015-03-20 16:43:05--776357]recv conta req 2015-01-10_16-39-23_710_10924! 
[2015-03-20 16:43:05--777635]recv conta req 2015-01-10_16-25-47_690_10903! 
[2015-03-20 16:43:05--797401]recv conta req 2015-01-10_16-39-19_021_10919! 
[2015-03-20 16:43:06--705895]2015-01-10_16-39-19_021_10919,OOLU1829190 22G1
[2015-03-20 16:43:06--743194]2015-01-10_16-25-47_690_10903, 
[2015-03-20 16:43:06--754603]2015-01-10_16-39-23_710_10924, 
[2015-03-20 16:43:20--791991]recv conta req 2015-01-10_16-39-23_710_10924! 
[2015-03-20 16:43:20--795400]recv conta req 2015-01-10_16-25-47_690_10903! 
[2015-03-20 16:43:20--803311]recv conta req 2015-01-10_16-39-19_021_10919! 
[2015-03-20 16:43:21--810807]2015-01-10_16-39-19_021_10919,OOLU1829190 22G1
[2015-03-20 16:43:21--822351]2015-01-10_16-39-23_710_10924, 
[2015-03-20 16:43:21--850662]2015-01-10_16-25-47_690_10903, 
[2015-03-20 16:43:35--811622]recv conta req 2015-01-10_16-39-23_710_10924! 
[2015-03-20 16:43:35--818734]recv conta req 2015-01-10_16-25-47_690_10903! 
[2015-03-20 16:43:35--869767]recv conta req 2015-01-10_16-39-19_021_10919! 
[2015-03-20 16:43:36--748916]2015-01-10_16-39-23_710_10924, 
[2015-03-20 16:43:36--751972]2015-01-10_16-25-47_690_10903, 
[2015-03-20 16:43:36--776713]2015-01-10_16-39-19_021_10919,OOLU1829190 22G1
[2015-03-20 16:43:50--760775]recv conta req 2015-01-10_16-39-23_710_10924! 
[2015-03-20 16:43:50--769020]recv conta req 2015-01-10_16-25-47_690_10903! 
[2015-03-20 16:43:50--778676]recv conta req 2015-01-10_16-39-19_021_10919! 
[2015-03-20 16:43:51--601765]2015-01-10_16-25-47_690_10903, 
[2015-03-20 16:43:51--697432]2015-01-10_16-39-19_021_10919,OOLU1829190 22G1
[2015-03-20 16:43:51--747461]2015-01-10_16-39-23_710_10924, 
[2015-03-20 16:44:05--791439]recv conta req 2015-01-10_16-39-23_710_10924! 
[2015-03-20 16:44:05--803852]recv conta req 2015-01-10_16-25-47_690_10903! 
[2015-03-20 16:44:05--817875]recv conta req 2015-01-10_16-39-19_021_10919! 
[2015-03-20 16:44:06--841300]2015-01-10_16-25-47_690_10903, 
[2015-03-20 16:44:06--847482]2015-01-10_16-39-23_710_10924, 
[2015-03-20 16:44:06--885628]2015-01-10_16-39-19_021_10919,OOLU1829190 22G1
[2015-03-20 16:44:20--796863]recv conta req 2015-01-10_16-39-23_710_10924! 
[2015-03-20 16:44:20--812967]recv conta req 2015-01-10_16-25-47_690_10903! 
[2015-03-20 16:44:20--834224]recv conta req 2015-01-10_16-39-19_021_10919! 
[2015-03-20 16:44:21--762654]2015-01-10_16-39-23_710_10924, 
[2015-03-20 16:44:21--802552]2015-01-10_16-39-19_021_10919,OOLU1829190 22G1
[2015-03-20 16:44:21--864828]2015-01-10_16-25-47_690_10903, 
[2015-03-20 16:44:35--827728]recv conta req 2015-01-10_16-39-23_710_10924! 
[2015-03-20 16:44:35--846435]recv conta req 2015-01-10_16-25-47_690_10903! 
[2015-03-20 16:44:35--877206]recv conta req 2015-01-10_16-39-19_021_10919! 
[2015-03-20 16:44:36--732651]2015-01-10_16-39-23_710_10924, 
[2015-03-20 16:44:36--768220]2015-01-10_16-25-47_690_10903, 
[2015-03-20 16:44:36--808141]2015-01-10_16-39-19_021_10919,OOLU1829190 22G1
[2015-03-20 16:44:50--809174]recv conta req 2015-01-10_16-39-23_710_10924! 
[2015-03-20 16:44:50--817339]recv conta req 2015-01-10_16-25-47_690_10903! 
[2015-03-20 16:44:50--858205]recv conta req 2015-01-10_16-39-19_021_10919! 
[2015-03-20 16:44:51--707068]2015-01-10_16-39-23_710_10924, 
[2015-03-20 16:44:51--760499]2015-01-10_16-25-47_690_10903, 
[2015-03-20 16:44:51--864532]2015-01-10_16-39-19_021_10919,OOLU1829190 22G1
[2015-03-20 16:45:05--814251]recv conta req 2015-01-10_16-39-23_710_10924! 
[2015-03-20 16:45:05--823249]recv conta req 2015-01-10_16-25-47_690_10903! 
[2015-03-20 16:45:05--839518]recv conta req 2015-01-10_16-39-19_021_10919! 
[2015-03-20 16:45:06--873361]2015-01-10_16-25-47_690_10903, 
[2015-03-20 16:45:06--894925]2015-01-10_16-39-19_021_10919,OOLU1829190 22G1
[2015-03-20 16:45:06--900253]2015-01-10_16-39-23_710_10924, 
[2015-03-20 16:45:20--731989]recv conta req 2015-01-10_16-39-23_710_10924! 
[2015-03-20 16:45:20--752202]recv conta req 2015-01-10_16-25-47_690_10903! 
[2015-03-20 16:45:20--767049]recv conta req 2015-01-10_16-39-19_021_10919! 
[2015-03-20 16:45:21--672950]2015-01-10_16-39-23_710_10924, 
[2015-03-20 16:45:21--723915]2015-01-10_16-25-47_690_10903, 
[2015-03-20 16:45:21--775585]2015-01-10_16-39-19_021_10919,OOLU1829190 22G1
[2015-03-20 16:45:35--764961]recv conta req 2015-01-10_16-39-23_710_10924! 
[2015-03-20 16:45:35--775153]recv conta req 2015-01-10_16-25-47_690_10903! 
[2015-03-20 16:45:35--791919]recv conta req 2015-01-10_16-39-19_021_10919! 
[2015-03-20 16:45:36--699716]2015-01-10_16-39-23_710_10924, 
[2015-03-20 16:45:36--711950]2015-01-10_16-25-47_690_10903, 
[2015-03-20 16:45:36--780034]2015-01-10_16-39-19_021_10919,OOLU1829190 22G1
[2015-03-20 16:45:50--734451]recv conta req 2015-01-10_16-39-23_710_10924! 
[2015-03-20 16:45:50--742326]recv conta req 2015-01-10_16-25-47_690_10903! 
[2015-03-20 16:45:50--756775]recv conta req 2015-01-10_16-39-19_021_10919! 
[2015-03-20 16:45:51--723346]2015-01-10_16-39-23_710_10924, 
[2015-03-20 16:45:51--728096]2015-01-10_16-39-19_021_10919,OOLU1829190 22G1
[2015-03-20 16:45:51--759971]2015-01-10_16-25-47_690_10903, 
[2015-03-20 16:46:13--813611]recv conta req 2015-01-10_16-39-23_710_10924! 
[2015-03-20 16:46:13--825560]recv conta req 2015-01-10_16-25-47_690_10903! 
[2015-03-20 16:46:13--837975]recv conta req 2015-01-10_16-39-19_021_10919! 
[2015-03-20 16:46:14--714918]2015-01-10_16-25-47_690_10903, 
[2015-03-20 16:46:14--774431]2015-01-10_16-39-23_710_10924, 
[2015-03-20 16:46:14--781226]2015-01-10_16-39-19_021_10919,OOLU1829190 22G1
[2015-03-20 16:46:20--843948]recv conta req 2015-01-10_16-39-23_710_10924! 
[2015-03-20 16:46:20--859419]recv conta req 2015-01-10_16-25-47_690_10903! 
[2015-03-20 16:46:20--862593]recv conta req 2015-01-10_16-39-19_021_10919! 
[2015-03-20 16:46:21--785449]2015-01-10_16-39-23_710_10924, 
[2015-03-20 16:46:21--824005]2015-01-10_16-25-47_690_10903, 
[2015-03-20 16:46:21--835052]2015-01-10_16-39-19_021_10919,OOLU1829190 22G1
[2015-03-20 16:46:35--768420]recv conta req 2015-01-10_16-39-23_710_10924! 
[2015-03-20 16:46:35--773582]recv conta req 2015-01-10_16-25-47_690_10903! 
[2015-03-20 16:46:35--791240]recv conta req 2015-01-10_16-39-19_021_10919! 
[2015-03-20 16:46:36--691613]2015-01-10_16-25-47_690_10903, 
[2015-03-20 16:46:36--712884]2015-01-10_16-39-19_021_10919,OOLU1829190 22G1
[2015-03-20 16:46:36--742090]2015-01-10_16-39-23_710_10924, 
[2015-03-20 16:46:50--749901]recv conta req 2015-01-10_16-39-23_710_10924! 
[2015-03-20 16:46:50--762134]recv conta req 2015-01-10_16-25-47_690_10903! 
[2015-03-20 16:46:50--797241]recv conta req 2015-01-10_16-39-19_021_10919! 
[2015-03-20 16:46:51--721311]2015-01-10_16-39-23_710_10924, 
[2015-03-20 16:46:51--776331]2015-01-10_16-39-19_021_10919,OOLU1829190 22G1
[2015-03-20 16:46:51--827086]2015-01-10_16-25-47_690_10903, 
[2015-03-20 16:47:05--755639]recv conta req 2015-01-10_16-39-23_710_10924! 
[2015-03-20 16:47:05--765017]recv conta req 2015-01-10_16-25-47_690_10903! 
[2015-03-20 16:47:05--783345]recv conta req 2015-01-10_16-39-19_021_10919! 
[2015-03-20 16:47:06--749419]2015-01-10_16-25-47_690_10903, 
[2015-03-20 16:47:06--799395]2015-01-10_16-39-23_710_10924, 
[2015-03-20 16:47:06--826217]2015-01-10_16-39-19_021_10919,OOLU1829190 22G1
[2015-03-20 16:47:20--771242]recv conta req 2015-01-10_16-39-23_710_10924! 
[2015-03-20 16:47:20--789066]recv conta req 2015-01-10_16-25-47_690_10903! 
[2015-03-20 16:47:20--797915]recv conta req 2015-01-10_16-39-19_021_10919! 
[2015-03-20 16:47:21--792565]2015-01-10_16-39-19_021_10919,OOLU1829190 22G1
[2015-03-20 16:47:21--808672]2015-01-10_16-25-47_690_10903, 
[2015-03-20 16:47:21--844290]2015-01-10_16-39-23_710_10924, 
[2015-03-20 16:47:35--764481]recv conta req 2015-01-10_16-39-23_710_10924! 
[2015-03-20 16:47:35--773063]recv conta req 2015-01-10_16-25-47_690_10903! 
[2015-03-20 16:47:35--782358]recv conta req 2015-01-10_16-39-19_021_10919! 
[2015-03-20 16:47:36--762174]2015-01-10_16-39-19_021_10919,OOLU1829190 22G1
[2015-03-20 16:47:36--786935]2015-01-10_16-25-47_690_10903, 
[2015-03-20 16:47:36--829876]2015-01-10_16-39-23_710_10924, 
[2015-03-20 16:47:50--807838]recv conta req 2015-01-10_16-39-23_710_10924! 
[2015-03-20 16:47:50--816028]recv conta req 2015-01-10_16-25-47_690_10903! 
[2015-03-20 16:47:50--839540]recv conta req 2015-01-10_16-39-19_021_10919! 
[2015-03-20 16:47:51--694817]2015-01-10_16-39-19_021_10919,OOLU1829190 22G1
[2015-03-20 16:47:51--736869]2015-01-10_16-25-47_690_10903, 
[2015-03-20 16:47:51--748936]2015-01-10_16-39-23_710_10924, 
[2015-03-20 16:48:05--774692]recv conta req 2015-01-10_16-39-23_710_10924! 
[2015-03-20 16:48:05--789905]recv conta req 2015-01-10_16-25-47_690_10903! 
[2015-03-20 16:48:05--796805]recv conta req 2015-01-10_16-39-19_021_10919! 
[2015-03-20 16:48:06--666562]2015-01-10_16-39-23_710_10924, 
[2015-03-20 16:48:06--708511]2015-01-10_16-25-47_690_10903, 
[2015-03-20 16:48:06--726301]2015-01-10_16-39-19_021_10919,OOLU1829190 22G1
[2015-03-20 16:48:20--783611]recv conta req 2015-01-10_16-39-23_710_10924! 
[2015-03-20 16:48:20--796946]recv conta req 2015-01-10_16-25-47_690_10903! 
[2015-03-20 16:48:20--811094]recv conta req 2015-01-10_16-39-19_021_10919! 
[2015-03-20 16:48:21--639485]2015-01-10_16-39-23_710_10924, 
[2015-03-20 16:48:21--720982]2015-01-10_16-25-47_690_10903, 
[2015-03-20 16:48:21--725189]2015-01-10_16-39-19_021_10919,OOLU1829190 22G1
[2015-03-20 16:48:35--883896]recv conta req 2015-01-10_16-39-23_710_10924! 
[2015-03-20 16:48:35--890218]recv conta req 2015-01-10_16-25-47_690_10903! 
[2015-03-20 16:48:35--917072]recv conta req 2015-01-10_16-39-19_021_10919! 
[2015-03-20 16:48:36--781903]2015-01-10_16-25-47_690_10903, 
[2015-03-20 16:48:36--894393]2015-01-10_16-39-23_710_10924, 
[2015-03-20 16:48:36--904468]2015-01-10_16-39-19_021_10919,OOLU1829190 22G1
[2015-03-20 16:48:50--794647]recv conta req 2015-01-10_16-39-23_710_10924! 
[2015-03-20 16:48:50--812939]recv conta req 2015-01-10_16-25-47_690_10903! 
[2015-03-20 16:48:50--823787]recv conta req 2015-01-10_16-39-19_021_10919! 
[2015-03-20 16:48:51--854520]2015-01-10_16-39-23_710_10924, 
[2015-03-20 16:48:51--866237]2015-01-10_16-25-47_690_10903, 
[2015-03-20 16:48:51--943197]2015-01-10_16-39-19_021_10919,OOLU1829190 22G1
[2015-03-20 16:49:05--829787]recv conta req 2015-01-10_16-39-23_710_10924! 
[2015-03-20 16:49:05--839456]recv conta req 2015-01-10_16-25-47_690_10903! 
[2015-03-20 16:49:05--860406]recv conta req 2015-01-10_16-39-19_021_10919! 
[2015-03-20 16:49:06--724881]2015-01-10_16-25-47_690_10903, 
[2015-03-20 16:49:06--766367]2015-01-10_16-39-19_021_10919,OOLU1829190 22G1
[2015-03-20 16:49:06--770213]2015-01-10_16-39-23_710_10924, 
[2015-03-20 16:49:20--778611]recv conta req 2015-01-10_16-39-23_710_10924! 
[2015-03-20 16:49:20--791032]recv conta req 2015-01-10_16-25-47_690_10903! 
[2015-03-20 16:49:20--828866]recv conta req 2015-01-10_16-39-19_021_10919! 
[2015-03-20 16:49:21--705875]2015-01-10_16-25-47_690_10903, 
[2015-03-20 16:49:21--718857]2015-01-10_16-39-19_021_10919,OOLU1829190 22G1
[2015-03-20 16:49:21--764809]2015-01-10_16-39-23_710_10924, 
[2015-03-20 16:50:10--512980]recv conta req 2015-01-10_16-39-23_710_10924! 
[2015-03-20 16:50:10--518133]recv conta req 2015-01-10_16-25-47_690_10903! 
[2015-03-20 16:50:10--546650]recv conta req 2015-01-10_16-39-19_021_10919! 
[2015-03-20 16:50:11--451082]2015-01-10_16-39-19_021_10919,OOLU1829190 22G1
[2015-03-20 16:50:11--473997]2015-01-10_16-25-47_690_10903, 
[2015-03-20 16:50:11--474684]2015-01-10_16-39-23_710_10924, 
[2015-03-20 16:52:42--071690]recv conta req 2015-01-10_16-39-23_710_10924! 
[2015-03-20 16:52:42--080842]recv conta req 2015-01-10_16-25-47_690_10903! 
[2015-03-20 16:52:42--094379]recv conta req 2015-01-10_16-39-19_021_10919! 
[2015-03-20 16:52:43--030042]2015-01-10_16-25-47_690_10903, 
[2015-03-20 16:52:43--075411]2015-01-10_16-39-23_710_10924, 
[2015-03-20 16:52:43--118977]2015-01-10_16-39-19_021_10919,OOLU1829190 22G1
