[2015-03-20 19:11:21--977929]recv conta req 2015-01-10_16-39-23_710_10924! 
[2015-03-20 19:11:21--983071]recv conta req 2015-01-10_16-39-22_755_10922! 
[2015-03-20 19:11:21--994077]recv conta req 2015-01-10_16-25-47_690_10903! 
[2015-03-20 19:11:22--010109]recv conta req 2015-01-10_16-39-19_703_10921! 
[2015-03-20 19:11:22--012308]recv conta req 2015-01-10_16-39-19_021_10919! 
[2015-03-20 19:11:22--029583]recv conta req 2015-01-10_16-25-47_424_10902! 
[2015-03-20 19:11:22--868543]2015-01-10_16-39-19_703_10921, 
[2015-03-20 19:11:22--892594]2015-01-10_16-39-23_710_10924, 
[2015-03-20 19:11:22--925692]2015-01-10_16-25-47_690_10903, 
[2015-03-20 19:11:22--930249]2015-01-10_16-39-22_755_10922,OOLU1575959 22G7
[2015-03-20 19:11:22--957026]2015-01-10_16-25-47_424_10902, 
[2015-03-20 19:11:22--981510]2015-01-10_16-39-19_021_10919,OOLU1829190 22G1
[2015-03-20 19:11:33--046821]recv conta req 2015-01-10_16-39-23_710_10924! 
[2015-03-20 19:11:33--050165]recv conta req 2015-01-10_16-39-22_755_10922! 
[2015-03-20 19:11:33--055362]recv conta req 2015-01-10_16-25-47_690_10903! 
[2015-03-20 19:11:33--060284]recv conta req 2015-01-10_16-39-19_703_10921! 
[2015-03-20 19:11:33--102969]recv conta req 2015-01-10_16-39-19_021_10919! 
[2015-03-20 19:11:33--103955]recv conta req 2015-01-10_16-25-47_424_10902! 
[2015-03-20 19:11:33--791372]2015-01-10_16-25-47_690_10903, 
[2015-03-20 19:11:33--857043]2015-01-10_16-25-47_424_10902, 
[2015-03-20 19:11:33--890686]2015-01-10_16-39-19_021_10919,OOLU1829190 22G1
[2015-03-20 19:11:33--942911]2015-01-10_16-39-23_710_10924, 
[2015-03-20 19:11:33--975032]2015-01-10_16-39-19_703_10921, 
[2015-03-20 19:11:33--995142]2015-01-10_16-39-22_755_10922,OOLU1575959 22G7
[2015-03-20 19:11:44--004232]recv conta req 2015-01-10_16-39-23_710_10924! 
[2015-03-20 19:11:44--007004]recv conta req 2015-01-10_16-39-22_755_10922! 
[2015-03-20 19:11:44--015700]recv conta req 2015-01-10_16-25-47_690_10903! 
[2015-03-20 19:11:44--016004]recv conta req 2015-01-10_16-39-19_703_10921! 
[2015-03-20 19:11:44--022605]recv conta req 2015-01-10_16-39-19_021_10919! 
[2015-03-20 19:11:44--027512]recv conta req 2015-01-10_16-25-47_424_10902! 
[2015-03-20 19:11:44--842563]2015-01-10_16-39-19_021_10919,OOLU1829190 22G1
[2015-03-20 19:11:44--868023]2015-01-10_16-39-23_710_10924, 
[2015-03-20 19:11:44--893717]2015-01-10_16-25-47_424_10902, 
[2015-03-20 19:11:44--896478]2015-01-10_16-25-47_690_10903, 
[2015-03-20 19:11:44--911025]2015-01-10_16-39-22_755_10922,OOLU1575959 22G7
[2015-03-20 19:11:44--940332]2015-01-10_16-39-19_703_10921, 
[2015-03-20 19:11:54--983587]recv conta req 2015-01-10_16-39-23_710_10924! 
[2015-03-20 19:11:54--985719]recv conta req 2015-01-10_16-39-22_755_10922! 
[2015-03-20 19:11:54--995556]recv conta req 2015-01-10_16-39-19_703_10921! 
[2015-03-20 19:11:55--001392]recv conta req 2015-01-10_16-25-47_690_10903! 
[2015-03-20 19:11:55--004718]recv conta req 2015-01-10_16-39-19_021_10919! 
[2015-03-20 19:11:55--008851]recv conta req 2015-01-10_16-25-47_424_10902! 
[2015-03-20 19:11:55--796250]2015-01-10_16-25-47_424_10902, 
[2015-03-20 19:11:55--823581]2015-01-10_16-39-19_021_10919,OOLU1829190 22G1
[2015-03-20 19:11:55--824162]2015-01-10_16-25-47_690_10903, 
[2015-03-20 19:11:55--836649]2015-01-10_16-39-19_703_10921, 
[2015-03-20 19:11:55--881806]2015-01-10_16-39-23_710_10924, 
[2015-03-20 19:11:55--914600]2015-01-10_16-39-22_755_10922,OOLU1575959 22G7
[2015-03-20 19:12:06--048342]recv conta req 2015-01-10_16-39-23_710_10924! 
[2015-03-20 19:12:06--050836]recv conta req 2015-01-10_16-39-22_755_10922! 
[2015-03-20 19:12:06--056699]recv conta req 2015-01-10_16-25-47_690_10903! 
[2015-03-20 19:12:06--060147]recv conta req 2015-01-10_16-39-19_703_10921! 
[2015-03-20 19:12:06--067100]recv conta req 2015-01-10_16-39-19_021_10919! 
[2015-03-20 19:12:06--071984]recv conta req 2015-01-10_16-25-47_424_10902! 
[2015-03-20 19:12:06--842501]2015-01-10_16-25-47_690_10903, 
[2015-03-20 19:12:06--916866]2015-01-10_16-39-19_021_10919,OOLU1829190 22G1
[2015-03-20 19:12:06--931456]2015-01-10_16-25-47_424_10902, 
[2015-03-20 19:12:06--948260]2015-01-10_16-39-22_755_10922,OOLU1575959 22G7
[2015-03-20 19:12:06--965971]2015-01-10_16-39-23_710_10924, 
[2015-03-20 19:12:07--006075]2015-01-10_16-39-19_703_10921, 
[2015-03-20 19:12:17--045189]recv conta req 2015-01-10_16-39-23_710_10924! 
[2015-03-20 19:12:17--051193]recv conta req 2015-01-10_16-39-22_755_10922! 
[2015-03-20 19:12:17--058527]recv conta req 2015-01-10_16-39-19_703_10921! 
[2015-03-20 19:12:17--059615]recv conta req 2015-01-10_16-25-47_690_10903! 
[2015-03-20 19:12:17--080198]recv conta req 2015-01-10_16-39-19_021_10919! 
[2015-03-20 19:12:17--080328]recv conta req 2015-01-10_16-25-47_424_10902! 
[2015-03-20 19:12:17--909696]2015-01-10_16-39-23_710_10924, 
[2015-03-20 19:12:17--922396]2015-01-10_16-39-19_021_10919,OGLU1829194 22G1
[2015-03-20 19:12:17--948732]2015-01-10_16-25-47_424_10902, 
[2015-03-20 19:12:17--948798]2015-01-10_16-25-47_690_10903, 
[2015-03-20 19:12:17--997552]2015-01-10_16-39-22_755_10922,OOLU1575959 22G7
[2015-03-20 19:12:18--042732]2015-01-10_16-39-19_703_10921, 
[2015-03-20 19:12:27--941905]recv conta req 2015-01-10_16-39-23_710_10924! 
[2015-03-20 19:12:27--952029]recv conta req 2015-01-10_16-39-22_755_10922! 
[2015-03-20 19:12:27--959874]recv conta req 2015-01-10_16-25-47_690_10903! 
[2015-03-20 19:12:27--964185]recv conta req 2015-01-10_16-39-19_703_10921! 
[2015-03-20 19:12:27--988309]recv conta req 2015-01-10_16-39-19_021_10919! 
[2015-03-20 19:12:27--993630]recv conta req 2015-01-10_16-25-47_424_10902! 
[2015-03-20 19:12:28--841704]2015-01-10_16-25-47_690_10903, 
[2015-03-20 19:12:28--909801]2015-01-10_16-39-22_755_10922,OOLU1575959 22G7
[2015-03-20 19:12:28--949000]2015-01-10_16-39-19_021_10919,OOLU1829190 22G1
[2015-03-20 19:12:28--985924]2015-01-10_16-39-19_703_10921, 
[2015-03-20 19:12:28--991057]2015-01-10_16-39-23_710_10924, 
[2015-03-20 19:12:29--003135]2015-01-10_16-25-47_424_10902, 
[2015-03-20 19:12:39--015482]recv conta req 2015-01-10_16-39-23_710_10924! 
[2015-03-20 19:12:39--047264]recv conta req 2015-01-10_16-39-22_755_10922! 
[2015-03-20 19:12:39--049383]recv conta req 2015-01-10_16-25-47_690_10903! 
[2015-03-20 19:12:39--056399]recv conta req 2015-01-10_16-39-19_703_10921! 
[2015-03-20 19:12:39--056743]recv conta req 2015-01-10_16-39-19_021_10919! 
[2015-03-20 19:12:39--060832]recv conta req 2015-01-10_16-25-47_424_10902! 
[2015-03-20 19:12:39--844045]2015-01-10_16-39-23_710_10924, 
[2015-03-20 19:12:39--849595]2015-01-10_16-39-19_021_10919,OOLU1829190 22G1
[2015-03-20 19:12:39--895849]2015-01-10_16-25-47_424_10902, 
[2015-03-20 19:12:39--917239]2015-01-10_16-39-19_703_10921, 
[2015-03-20 19:12:39--926462]2015-01-10_16-25-47_690_10903, 
[2015-03-20 19:12:39--944268]2015-01-10_16-39-22_755_10922,OOLU1575959 22G7
[2015-03-20 19:12:50--004679]recv conta req 2015-01-10_16-39-23_710_10924! 
[2015-03-20 19:12:50--012086]recv conta req 2015-01-10_16-39-22_755_10922! 
[2015-03-20 19:12:50--019459]recv conta req 2015-01-10_16-25-47_690_10903! 
[2015-03-20 19:12:50--023243]recv conta req 2015-01-10_16-39-19_703_10921! 
[2015-03-20 19:12:50--071011]recv conta req 2015-01-10_16-25-47_424_10902! 
[2015-03-20 19:12:50--070110]recv conta req 2015-01-10_16-39-19_021_10919! 
[2015-03-20 19:12:50--893947]2015-01-10_16-25-47_690_10903, 
[2015-03-20 19:12:50--910232]2015-01-10_16-25-47_424_10902, 
[2015-03-20 19:12:50--917134]2015-01-10_16-39-19_021_10919,OOLU1829190 22G1
[2015-03-20 19:12:50--930872]2015-01-10_16-39-23_710_10924, 
[2015-03-20 19:12:50--967708]2015-01-10_16-39-19_703_10921, 
[2015-03-20 19:12:50--979339]2015-01-10_16-39-22_755_10922,OOLU1575959 22G7
[2015-03-20 19:13:00--964939]recv conta req 2015-01-10_16-39-23_710_10924! 
[2015-03-20 19:13:00--968509]recv conta req 2015-01-10_16-39-22_755_10922! 
[2015-03-20 19:13:00--981810]recv conta req 2015-01-10_16-25-47_690_10903! 
[2015-03-20 19:13:00--986453]recv conta req 2015-01-10_16-39-19_703_10921! 
[2015-03-20 19:13:00--988860]recv conta req 2015-01-10_16-39-19_021_10919! 
[2015-03-20 19:13:00--991333]recv conta req 2015-01-10_16-25-47_424_10902! 
[2015-03-20 19:13:01--817776]2015-01-10_16-25-47_690_10903, 
[2015-03-20 19:13:01--891472]2015-01-10_16-39-22_755_10922,OOLU1575959 22G7
[2015-03-20 19:13:01--891360]2015-01-10_16-39-19_021_10919,OOLU1829190 22G1
[2015-03-20 19:13:01--931350]2015-01-10_16-39-23_710_10924, 
[2015-03-20 19:13:01--950262]2015-01-10_16-25-47_424_10902, 
[2015-03-20 19:13:02--014948]2015-01-10_16-39-19_703_10921, 
[2015-03-20 19:13:11--986635]recv conta req 2015-01-10_16-39-23_710_10924! 
[2015-03-20 19:13:11--992780]recv conta req 2015-01-10_16-39-22_755_10922! 
[2015-03-20 19:13:12--004907]recv conta req 2015-01-10_16-25-47_690_10903! 
[2015-03-20 19:13:12--009431]recv conta req 2015-01-10_16-39-19_703_10921! 
[2015-03-20 19:13:12--014076]recv conta req 2015-01-10_16-39-19_021_10919! 
[2015-03-20 19:13:12--015067]recv conta req 2015-01-10_16-25-47_424_10902! 
[2015-03-20 19:13:12--816974]2015-01-10_16-25-47_690_10903, 
[2015-03-20 19:13:12--822573]2015-01-10_16-39-19_021_10919,OOLU1829190 22G1
[2015-03-20 19:13:12--845225]2015-01-10_16-39-23_710_10924, 
[2015-03-20 19:13:12--893167]2015-01-10_16-25-47_424_10902, 
[2015-03-20 19:13:12--929442]2015-01-10_16-39-22_755_10922,OOLU1575959 22G7
[2015-03-20 19:13:12--966235]2015-01-10_16-39-19_703_10921, 
[2015-03-20 19:13:23--008442]recv conta req 2015-01-10_16-39-23_710_10924! 
[2015-03-20 19:13:23--013217]recv conta req 2015-01-10_16-39-22_755_10922! 
[2015-03-20 19:13:23--038560]recv conta req 2015-01-10_16-25-47_690_10903! 
[2015-03-20 19:13:23--040371]recv conta req 2015-01-10_16-39-19_703_10921! 
[2015-03-20 19:13:23--044110]recv conta req 2015-01-10_16-39-19_021_10919! 
[2015-03-20 19:13:23--081751]recv conta req 2015-01-10_16-25-47_424_10902! 
[2015-03-20 19:13:23--877154]2015-01-10_16-25-47_690_10903, 
[2015-03-20 19:13:23--885591]2015-01-10_16-39-23_710_10924, 
[2015-03-20 19:13:23--966823]2015-01-10_16-39-19_021_10919,OOLU1829190 22G1
[2015-03-20 19:13:23--968016]2015-01-10_16-39-19_703_10921, 
[2015-03-20 19:13:23--974086]2015-01-10_16-25-47_424_10902, 
[2015-03-20 19:13:23--984199]2015-01-10_16-39-22_755_10922,OOLU1575959 22G7
[2015-03-20 19:13:34--038848]recv conta req 2015-01-10_16-39-23_710_10924! 
[2015-03-20 19:13:34--050033]recv conta req 2015-01-10_16-39-22_755_10922! 
[2015-03-20 19:13:34--056479]recv conta req 2015-01-10_16-25-47_690_10903! 
[2015-03-20 19:13:34--060548]recv conta req 2015-01-10_16-39-19_703_10921! 
[2015-03-20 19:13:34--066513]recv conta req 2015-01-10_16-39-19_021_10919! 
[2015-03-20 19:13:34--086712]recv conta req 2015-01-10_16-25-47_424_10902! 
[2015-03-20 19:13:34--863756]2015-01-10_16-25-47_690_10903, 
[2015-03-20 19:13:34--983145]2015-01-10_16-39-23_710_10924, 
[2015-03-20 19:13:35--011150]2015-01-10_16-39-22_755_10922,OOLU1575959 22G7
[2015-03-20 19:13:35--018115]2015-01-10_16-25-47_424_10902, 
[2015-03-20 19:13:35--018233]2015-01-10_16-39-19_703_10921, 
[2015-03-20 19:13:35--020222]2015-01-10_16-39-19_021_10919,OOLU1829190 22G1
[2015-03-20 19:13:45--012236]recv conta req 2015-01-10_16-39-23_710_10924! 
[2015-03-20 19:13:45--032092]recv conta req 2015-01-10_16-39-22_755_10922! 
[2015-03-20 19:13:45--037786]recv conta req 2015-01-10_16-25-47_690_10903! 
[2015-03-20 19:13:45--043276]recv conta req 2015-01-10_16-39-19_703_10921! 
[2015-03-20 19:13:45--047389]recv conta req 2015-01-10_16-25-47_424_10902! 
[2015-03-20 19:13:45--047386]recv conta req 2015-01-10_16-39-19_021_10919! 
[2015-03-20 19:13:45--885461]2015-01-10_16-39-19_021_10919,OOLU1829190 22G1
[2015-03-20 19:13:45--902111]2015-01-10_16-25-47_690_10903, 
[2015-03-20 19:13:45--938963]2015-01-10_16-25-47_424_10902, 
[2015-03-20 19:13:45--944671]2015-01-10_16-39-22_755_10922,OOLU1575959 22G7
[2015-03-20 19:13:45--947970]2015-01-10_16-39-19_703_10921, 
[2015-03-20 19:13:45--975648]2015-01-10_16-39-23_710_10924, 
[2015-03-20 19:13:55--943043]recv conta req 2015-01-10_16-39-23_710_10924! 
[2015-03-20 19:13:55--950532]recv conta req 2015-01-10_16-39-22_755_10922! 
[2015-03-20 19:13:55--958886]recv conta req 2015-01-10_16-25-47_690_10903! 
[2015-03-20 19:13:55--963495]recv conta req 2015-01-10_16-39-19_703_10921! 
[2015-03-20 19:13:55--992744]recv conta req 2015-01-10_16-39-19_021_10919! 
[2015-03-20 19:13:55--994222]recv conta req 2015-01-10_16-25-47_424_10902! 
[2015-03-20 19:13:56--715283]2015-01-10_16-39-23_710_10924, 
[2015-03-20 19:13:56--832060]2015-01-10_16-39-19_021_10919,OOLU1829190 22G1
[2015-03-20 19:13:56--838663]2015-01-10_16-25-47_690_10903, 
[2015-03-20 19:13:56--861849]2015-01-10_16-39-22_755_10922,OOLU1575959 22G7
[2015-03-20 19:13:56--881387]2015-01-10_16-39-19_703_10921, 
[2015-03-20 19:13:56--925188]2015-01-10_16-25-47_424_10902, 
[2015-03-20 19:14:06--945561]recv conta req 2015-01-10_16-39-23_710_10924! 
[2015-03-20 19:14:06--953015]recv conta req 2015-01-10_16-39-22_755_10922! 
[2015-03-20 19:14:06--955938]recv conta req 2015-01-10_16-25-47_690_10903! 
[2015-03-20 19:14:06--961684]recv conta req 2015-01-10_16-39-19_703_10921! 
[2015-03-20 19:14:06--970323]recv conta req 2015-01-10_16-39-19_021_10919! 
[2015-03-20 19:14:06--974091]recv conta req 2015-01-10_16-25-47_424_10902! 
[2015-03-20 19:14:07--749266]2015-01-10_16-39-19_021_10919,OOLU1829190 22G1
[2015-03-20 19:14:07--777428]2015-01-10_16-25-47_690_10903, 
[2015-03-20 19:14:07--866663]2015-01-10_16-39-23_710_10924, 
[2015-03-20 19:14:07--898670]2015-01-10_16-25-47_424_10902, 
[2015-03-20 19:14:07--911253]2015-01-10_16-39-19_703_10921, 
[2015-03-20 19:14:07--938227]2015-01-10_16-39-22_755_10922,OOLU1575959 22G7
[2015-03-20 19:14:18--040039]recv conta req 2015-01-10_16-39-23_710_10924! 
[2015-03-20 19:14:18--053197]recv conta req 2015-01-10_16-39-22_755_10922! 
[2015-03-20 19:14:18--054247]recv conta req 2015-01-10_16-25-47_690_10903! 
[2015-03-20 19:14:18--058197]recv conta req 2015-01-10_16-39-19_703_10921! 
[2015-03-20 19:14:18--062570]recv conta req 2015-01-10_16-39-19_021_10919! 
[2015-03-20 19:14:18--070437]recv conta req 2015-01-10_16-25-47_424_10902! 
[2015-03-20 19:14:18--927431]2015-01-10_16-39-19_021_10919,OOLU1829190 22G1
[2015-03-20 19:14:18--931458]2015-01-10_16-25-47_690_10903, 
[2015-03-20 19:14:18--937576]2015-01-10_16-39-23_710_10924, 
[2015-03-20 19:14:18--997932]2015-01-10_16-39-19_703_10921, 
[2015-03-20 19:14:19--000699]2015-01-10_16-25-47_424_10902, 
[2015-03-20 19:14:19--044926]2015-01-10_16-39-22_755_10922,OOLU1575959 22G7
[2015-03-20 19:14:28--968749]recv conta req 2015-01-10_16-39-23_710_10924! 
[2015-03-20 19:14:28--984229]recv conta req 2015-01-10_16-39-22_755_10922! 
[2015-03-20 19:14:28--986732]recv conta req 2015-01-10_16-25-47_690_10903! 
[2015-03-20 19:14:28--990610]recv conta req 2015-01-10_16-39-19_703_10921! 
[2015-03-20 19:14:28--995155]recv conta req 2015-01-10_16-39-19_021_10919! 
[2015-03-20 19:14:29--007751]recv conta req 2015-01-10_16-25-47_424_10902! 
[2015-03-20 19:14:29--824856]2015-01-10_16-39-23_710_10924, 
[2015-03-20 19:14:29--830084]2015-01-10_16-25-47_690_10903, 
[2015-03-20 19:14:29--867213]2015-01-10_16-39-19_703_10921, 
[2015-03-20 19:14:29--915144]2015-01-10_16-25-47_424_10902, 
[2015-03-20 19:14:29--926815]2015-01-10_16-39-22_755_10922,OOLU1575959 22G7
[2015-03-20 19:14:29--963834]2015-01-10_16-39-19_021_10919,OOLU1829190 22G1
[2015-03-20 19:14:39--984370]recv conta req 2015-01-10_16-39-23_710_10924! 
[2015-03-20 19:14:39--995180]recv conta req 2015-01-10_16-25-47_690_10903! 
[2015-03-20 19:14:39--995271]recv conta req 2015-01-10_16-39-22_755_10922! 
[2015-03-20 19:14:39--995471]recv conta req 2015-01-10_16-39-19_703_10921! 
[2015-03-20 19:14:40--006110]recv conta req 2015-01-10_16-39-19_021_10919! 
[2015-03-20 19:14:40--029943]recv conta req 2015-01-10_16-25-47_424_10902! 
[2015-03-20 19:14:40--823190]2015-01-10_16-39-19_021_10919,OOLU1829190 22G1
[2015-03-20 19:14:40--841751]2015-01-10_16-39-23_710_10924, 
[2015-03-20 19:14:40--844547]2015-01-10_16-25-47_424_10902, 
[2015-03-20 19:14:40--854041]2015-01-10_16-25-47_690_10903, 
[2015-03-20 19:14:40--874575]2015-01-10_16-39-19_703_10921, 
[2015-03-20 19:14:40--962006]2015-01-10_16-39-22_755_10922,OOLU1575959 22G7
[2015-03-20 19:14:51--022304]recv conta req 2015-01-10_16-39-23_710_10924! 
[2015-03-20 19:14:51--025460]recv conta req 2015-01-10_16-39-22_755_10922! 
[2015-03-20 19:14:51--027877]recv conta req 2015-01-10_16-25-47_690_10903! 
[2015-03-20 19:14:51--035056]recv conta req 2015-01-10_16-39-19_703_10921! 
[2015-03-20 19:14:51--035410]recv conta req 2015-01-10_16-39-19_021_10919! 
[2015-03-20 19:14:51--053611]recv conta req 2015-01-10_16-25-47_424_10902! 
[2015-03-20 19:14:51--903812]2015-01-10_16-39-19_021_10919,OOLU1829190 22G1
[2015-03-20 19:14:51--914098]2015-01-10_16-39-19_703_10921, 
[2015-03-20 19:14:52--013601]2015-01-10_16-25-47_424_10902, 
[2015-03-20 19:14:52--017662]2015-01-10_16-39-23_710_10924, 
[2015-03-20 19:14:52--018174]2015-01-10_16-25-47_690_10903, 
[2015-03-20 19:14:52--059079]2015-01-10_16-39-22_755_10922,OOLU1575959 22G7
[2015-03-20 19:15:02--054206]recv conta req 2015-01-10_16-39-23_710_10924! 
[2015-03-20 19:15:02--056759]recv conta req 2015-01-10_16-39-22_755_10922! 
[2015-03-20 19:15:02--062185]recv conta req 2015-01-10_16-25-47_690_10903! 
[2015-03-20 19:15:02--065807]recv conta req 2015-01-10_16-39-19_703_10921! 
[2015-03-20 19:15:02--072670]recv conta req 2015-01-10_16-39-19_021_10919! 
[2015-03-20 19:15:02--077445]recv conta req 2015-01-10_16-25-47_424_10902! 
[2015-03-20 19:15:02--806735]2015-01-10_16-39-19_021_10919,OOLU1829190 22G1
[2015-03-20 19:15:02--848852]2015-01-10_16-25-47_690_10903, 
[2015-03-20 19:15:02--921946]2015-01-10_16-39-19_703_10921, 
[2015-03-20 19:15:02--947308]2015-01-10_16-39-23_710_10924, 
[2015-03-20 19:15:02--959305]2015-01-10_16-39-22_755_10922,OOLU1575959 22G7
[2015-03-20 19:15:02--969283]2015-01-10_16-25-47_424_10902, 
[2015-03-20 19:15:13--034671]recv conta req 2015-01-10_16-39-23_710_10924! 
[2015-03-20 19:15:13--039180]recv conta req 2015-01-10_16-39-22_755_10922! 
[2015-03-20 19:15:13--049525]recv conta req 2015-01-10_16-25-47_690_10903! 
[2015-03-20 19:15:13--053941]recv conta req 2015-01-10_16-39-19_703_10921! 
[2015-03-20 19:15:13--058745]recv conta req 2015-01-10_16-25-47_424_10902! 
[2015-03-20 19:15:13--066817]recv conta req 2015-01-10_16-39-19_021_10919! 
[2015-03-20 19:15:13--803378]2015-01-10_16-25-47_424_10902, 
[2015-03-20 19:15:13--878018]2015-01-10_16-39-19_021_10919,OOLU1829190 22G1
[2015-03-20 19:15:13--919584]2015-01-10_16-39-19_703_10921, 
[2015-03-20 19:15:13--922962]2015-01-10_16-25-47_690_10903, 
[2015-03-20 19:15:13--968056]2015-01-10_16-39-23_710_10924, 
[2015-03-20 19:15:13--970196]2015-01-10_16-39-22_755_10922,OOLU1575959 22G7
[2015-03-20 19:15:23--944782]recv conta req 2015-01-10_16-39-23_710_10924! 
[2015-03-20 19:15:23--953570]recv conta req 2015-01-10_16-39-22_755_10922! 
[2015-03-20 19:15:23--960032]recv conta req 2015-01-10_16-39-19_703_10921! 
[2015-03-20 19:15:23--962013]recv conta req 2015-01-10_16-25-47_690_10903! 
[2015-03-20 19:15:23--995428]recv conta req 2015-01-10_16-25-47_424_10902! 
[2015-03-20 19:15:24--020132]recv conta req 2015-01-10_16-39-19_021_10919! 
[2015-03-20 19:15:24--723709]2015-01-10_16-39-19_703_10921, 
[2015-03-20 19:15:24--765982]2015-01-10_16-39-23_710_10924, 
[2015-03-20 19:15:24--789377]2015-01-10_16-25-47_690_10903, 
[2015-03-20 19:15:24--878467]2015-01-10_16-25-47_424_10902, 
[2015-03-20 19:15:24--917703]2015-01-10_16-39-22_755_10922,OOLU1575959 22G7
[2015-03-20 19:15:24--923468]2015-01-10_16-39-19_021_10919,OOLU1829190 22G1
[2015-03-20 19:15:35--040681]recv conta req 2015-01-10_16-39-23_710_10924! 
[2015-03-20 19:15:35--046434]recv conta req 2015-01-10_16-39-22_755_10922! 
[2015-03-20 19:15:35--049951]recv conta req 2015-01-10_16-25-47_690_10903! 
[2015-03-20 19:15:35--060795]recv conta req 2015-01-10_16-39-19_703_10921! 
[2015-03-20 19:15:35--092754]recv conta req 2015-01-10_16-39-19_021_10919! 
[2015-03-20 19:15:35--097018]recv conta req 2015-01-10_16-25-47_424_10902! 
[2015-03-20 19:15:35--867484]2015-01-10_16-25-47_690_10903, 
[2015-03-20 19:15:35--915392]2015-01-10_16-39-23_710_10924, 
[2015-03-20 19:15:35--941318]2015-01-10_16-25-47_424_10902, 
[2015-03-20 19:15:35--954653]2015-01-10_16-39-19_021_10919,OOLU1829190 22G1
[2015-03-20 19:15:35--974435]2015-01-10_16-39-19_703_10921, 
[2015-03-20 19:15:36--010085]2015-01-10_16-39-22_755_10922,OOLU1575959 22G7
[2015-03-20 19:15:45--972464]recv conta req 2015-01-10_16-39-23_710_10924! 
[2015-03-20 19:15:45--976764]recv conta req 2015-01-10_16-39-22_755_10922! 
[2015-03-20 19:15:45--981673]recv conta req 2015-01-10_16-25-47_690_10903! 
[2015-03-20 19:15:45--982164]recv conta req 2015-01-10_16-39-19_703_10921! 
[2015-03-20 19:15:45--997282]recv conta req 2015-01-10_16-39-19_021_10919! 
[2015-03-20 19:15:45--997994]recv conta req 2015-01-10_16-25-47_424_10902! 
[2015-03-20 19:15:46--833150]2015-01-10_16-25-47_690_10903, 
[2015-03-20 19:15:46--872673]2015-01-10_16-25-47_424_10902, 
[2015-03-20 19:15:46--873740]2015-01-10_16-39-19_021_10919,OOLU1829190 22G1
[2015-03-20 19:15:46--900317]2015-01-10_16-39-22_755_10922,OOLU1575959 22G7
[2015-03-20 19:15:46--940905]2015-01-10_16-39-23_710_10924, 
[2015-03-20 19:15:46--968207]2015-01-10_16-39-19_703_10921, 
[2015-03-20 19:15:57--034329]recv conta req 2015-01-10_16-39-23_710_10924! 
[2015-03-20 19:15:57--039662]recv conta req 2015-01-10_16-39-22_755_10922! 
[2015-03-20 19:15:57--052152]recv conta req 2015-01-10_16-25-47_690_10903! 
[2015-03-20 19:15:57--058228]recv conta req 2015-01-10_16-39-19_703_10921! 
[2015-03-20 19:15:57--060895]recv conta req 2015-01-10_16-39-19_021_10919! 
[2015-03-20 19:15:57--066225]recv conta req 2015-01-10_16-25-47_424_10902! 
[2015-03-20 19:15:57--875943]2015-01-10_16-39-23_710_10924, 
[2015-03-20 19:15:57--890143]2015-01-10_16-39-19_021_10919,OOLU1829190 22G1
[2015-03-20 19:15:57--930209]2015-01-10_16-25-47_690_10903, 
[2015-03-20 19:15:58--022198]2015-01-10_16-39-19_703_10921, 
[2015-03-20 19:15:58--030254]2015-01-10_16-25-47_424_10902, 
[2015-03-20 19:15:58--032919]2015-01-10_16-39-22_755_10922,OOLU1575959 22G7
[2015-03-20 19:16:07--988068]recv conta req 2015-01-10_16-39-23_710_10924! 
[2015-03-20 19:16:07--995876]recv conta req 2015-01-10_16-39-22_755_10922! 
[2015-03-20 19:16:08--005931]recv conta req 2015-01-10_16-25-47_690_10903! 
[2015-03-20 19:16:08--007467]recv conta req 2015-01-10_16-39-19_703_10921! 
[2015-03-20 19:16:08--020153]recv conta req 2015-01-10_16-39-19_021_10919! 
[2015-03-20 19:16:08--022422]recv conta req 2015-01-10_16-25-47_424_10902! 
[2015-03-20 19:16:08--864835]2015-01-10_16-39-23_710_10924, 
[2015-03-20 19:16:08--870590]2015-01-10_16-25-47_690_10903, 
[2015-03-20 19:16:08--899092]2015-01-10_16-25-47_424_10902, 
[2015-03-20 19:16:08--975244]2015-01-10_16-39-19_703_10921, 
[2015-03-20 19:16:09--010386]2015-01-10_16-39-19_021_10919,OOLU1829190 22G1
[2015-03-20 19:16:09--012020]2015-01-10_16-39-22_755_10922,OOLU1575959 22G7
[2015-03-20 19:16:19--073381]recv conta req 2015-01-10_16-39-23_710_10924! 
[2015-03-20 19:16:19--075872]recv conta req 2015-01-10_16-39-22_755_10922! 
[2015-03-20 19:16:19--079152]recv conta req 2015-01-10_16-25-47_690_10903! 
[2015-03-20 19:16:19--083670]recv conta req 2015-01-10_16-39-19_703_10921! 
[2015-03-20 19:16:19--085019]recv conta req 2015-01-10_16-39-19_021_10919! 
[2015-03-20 19:16:19--088082]recv conta req 2015-01-10_16-25-47_424_10902! 
[2015-03-20 19:16:19--932845]2015-01-10_16-25-47_690_10903, 
[2015-03-20 19:16:19--947173]2015-01-10_16-39-19_021_10919,OOLU1829190 22G1
[2015-03-20 19:16:19--965808]2015-01-10_16-39-19_703_10921, 
[2015-03-20 19:16:19--980956]2015-01-10_16-25-47_424_10902, 
[2015-03-20 19:16:19--982297]2015-01-10_16-39-22_755_10922,OOLU1575959 22G7
[2015-03-20 19:16:20--002563]2015-01-10_16-39-23_710_10924, 
[2015-03-20 19:16:29--942738]recv conta req 2015-01-10_16-39-23_710_10924! 
[2015-03-20 19:16:29--949991]recv conta req 2015-01-10_16-39-22_755_10922! 
[2015-03-20 19:16:29--955656]recv conta req 2015-01-10_16-25-47_690_10903! 
[2015-03-20 19:16:29--957199]recv conta req 2015-01-10_16-39-19_703_10921! 
[2015-03-20 19:16:29--963031]recv conta req 2015-01-10_16-39-19_021_10919! 
[2015-03-20 19:16:29--994596]recv conta req 2015-01-10_16-25-47_424_10902! 
[2015-03-20 19:16:30--773731]2015-01-10_16-39-23_710_10924, 
[2015-03-20 19:16:30--809419]2015-01-10_16-39-19_703_10921, 
[2015-03-20 19:16:30--823171]2015-01-10_16-39-22_755_10922,OOLU1575959 22G7
[2015-03-20 19:16:30--850524]2015-01-10_16-25-47_424_10902, 
[2015-03-20 19:16:30--859739]2015-01-10_16-25-47_690_10903, 
[2015-03-20 19:16:30--868577]2015-01-10_16-39-19_021_10919,OOLU1829190 22G1
[2015-03-20 19:16:40--989692]recv conta req 2015-01-10_16-39-23_710_10924! 
[2015-03-20 19:16:40--994323]recv conta req 2015-01-10_16-39-22_755_10922! 
[2015-03-20 19:16:41--001050]recv conta req 2015-01-10_16-25-47_690_10903! 
[2015-03-20 19:16:41--006376]recv conta req 2015-01-10_16-39-19_703_10921! 
[2015-03-20 19:16:41--012514]recv conta req 2015-01-10_16-39-19_021_10919! 
[2015-03-20 19:16:41--047493]recv conta req 2015-01-10_16-25-47_424_10902! 
[2015-03-20 19:16:41--874056]2015-01-10_16-39-23_710_10924, 
[2015-03-20 19:16:41--901846]2015-01-10_16-25-47_690_10903, 
[2015-03-20 19:16:41--969574]2015-01-10_16-25-47_424_10902, 
[2015-03-20 19:16:41--972597]2015-01-10_16-39-19_021_10919,OOLU1829190 22G1
[2015-03-20 19:16:41--989935]2015-01-10_16-39-19_703_10921, 
[2015-03-20 19:16:41--993083]2015-01-10_16-39-22_755_10922,OOLU1575959 22G7
[2015-03-20 19:16:51--959490]recv conta req 2015-01-10_16-39-23_710_10924! 
[2015-03-20 19:16:51--966347]recv conta req 2015-01-10_16-39-22_755_10922! 
[2015-03-20 19:16:51--972508]recv conta req 2015-01-10_16-25-47_690_10903! 
[2015-03-20 19:16:51--991063]recv conta req 2015-01-10_16-39-19_703_10921! 
[2015-03-20 19:16:52--004867]recv conta req 2015-01-10_16-39-19_021_10919! 
[2015-03-20 19:16:52--031569]recv conta req 2015-01-10_16-25-47_424_10902! 
[2015-03-20 19:16:52--944281]2015-01-10_16-25-47_690_10903, 
[2015-03-20 19:16:52--956016]2015-01-10_16-39-23_710_10924, 
[2015-03-20 19:16:52--962125]2015-01-10_16-39-19_703_10921, 
[2015-03-20 19:16:52--973194]2015-01-10_16-39-19_021_10919,OOLU1829190 22G1
[2015-03-20 19:16:52--992252]2015-01-10_16-25-47_424_10902, 
[2015-03-20 19:16:53--049043]2015-01-10_16-39-22_755_10922,OOLU1575959 22G7
[2015-03-20 19:17:03--037856]recv conta req 2015-01-10_16-39-23_710_10924! 
[2015-03-20 19:17:03--057087]recv conta req 2015-01-10_16-39-22_755_10922! 
[2015-03-20 19:17:03--063643]recv conta req 2015-01-10_16-25-47_690_10903! 
[2015-03-20 19:17:03--069348]recv conta req 2015-01-10_16-39-19_703_10921! 
[2015-03-20 19:17:03--079591]recv conta req 2015-01-10_16-39-19_021_10919! 
[2015-03-20 19:17:03--085503]recv conta req 2015-01-10_16-25-47_424_10902! 
[2015-03-20 19:17:03--940959]2015-01-10_16-39-23_710_10924, 
[2015-03-20 19:17:03--951104]2015-01-10_16-39-19_021_10919,OOLU1829190 22G1
[2015-03-20 19:17:04--002958]2015-01-10_16-25-47_690_10903, 
[2015-03-20 19:17:04--032958]2015-01-10_16-39-22_755_10922,OOLU1575959 22G7
[2015-03-20 19:17:04--057931]2015-01-10_16-25-47_424_10902, 
[2015-03-20 19:17:04--099435]2015-01-10_16-39-19_703_10921, 
[2015-03-20 19:17:14--031826]recv conta req 2015-01-10_16-39-23_710_10924! 
[2015-03-20 19:17:14--038319]recv conta req 2015-01-10_16-39-22_755_10922! 
[2015-03-20 19:17:14--045835]recv conta req 2015-01-10_16-25-47_690_10903! 
[2015-03-20 19:17:14--062835]recv conta req 2015-01-10_16-39-19_703_10921! 
[2015-03-20 19:17:14--076568]recv conta req 2015-01-10_16-25-47_424_10902! 
[2015-03-20 19:17:14--077145]recv conta req 2015-01-10_16-39-19_021_10919! 
[2015-03-20 19:17:14--843991]2015-01-10_16-39-23_710_10924, 
[2015-03-20 19:17:14--926386]2015-01-10_16-39-19_021_10919,OOLU1829190 22G1
[2015-03-20 19:17:14--955245]2015-01-10_16-25-47_690_10903, 
[2015-03-20 19:17:14--982785]2015-01-10_16-39-19_703_10921, 
[2015-03-20 19:17:15--002439]2015-01-10_16-39-22_755_10922,OOLU1575959 22G7
[2015-03-20 19:17:15--022300]2015-01-10_16-25-47_424_10902, 
[2015-03-20 19:17:24--954594]recv conta req 2015-01-10_16-39-23_710_10924! 
[2015-03-20 19:17:24--958863]recv conta req 2015-01-10_16-39-22_755_10922! 
[2015-03-20 19:17:24--961948]recv conta req 2015-01-10_16-25-47_690_10903! 
[2015-03-20 19:17:24--967646]recv conta req 2015-01-10_16-39-19_703_10921! 
[2015-03-20 19:17:24--968309]recv conta req 2015-01-10_16-39-19_021_10919! 
[2015-03-20 19:17:25--000335]recv conta req 2015-01-10_16-25-47_424_10902! 
[2015-03-20 19:17:25--837258]2015-01-10_16-25-47_690_10903, 
[2015-03-20 19:17:25--940471]2015-01-10_16-39-23_710_10924, 
[2015-03-20 19:17:25--947244]2015-01-10_16-39-19_021_10919,OOLU1829190 22G1
[2015-03-20 19:17:25--963074]2015-01-10_16-25-47_424_10902, 
[2015-03-20 19:17:25--980661]2015-01-10_16-39-22_755_10922,OOLU1575959 22G7
[2015-03-20 19:17:26--035933]2015-01-10_16-39-19_703_10921, 
[2015-03-20 19:17:36--000112]recv conta req 2015-01-10_16-39-23_710_10924! 
[2015-03-20 19:17:36--015056]recv conta req 2015-01-10_16-39-22_755_10922! 
[2015-03-20 19:17:36--022288]recv conta req 2015-01-10_16-25-47_690_10903! 
[2015-03-20 19:17:36--022637]recv conta req 2015-01-10_16-39-19_703_10921! 
[2015-03-20 19:17:36--058981]recv conta req 2015-01-10_16-25-47_424_10902! 
[2015-03-20 19:17:36--059504]recv conta req 2015-01-10_16-39-19_021_10919! 
[2015-03-20 19:17:36--828270]2015-01-10_16-25-47_690_10903, 
[2015-03-20 19:17:36--857752]2015-01-10_16-39-23_710_10924, 
[2015-03-20 19:17:36--897523]2015-01-10_16-39-19_021_10919,OOLU1829190 22G1
[2015-03-20 19:17:36--943034]2015-01-10_16-39-22_755_10922,OOLU1575959 22G7
[2015-03-20 19:17:36--959416]2015-01-10_16-39-19_703_10921, 
[2015-03-20 19:17:36--964888]2015-01-10_16-25-47_424_10902, 
[2015-03-20 19:17:46--988354]recv conta req 2015-01-10_16-39-23_710_10924! 
[2015-03-20 19:17:46--992618]recv conta req 2015-01-10_16-39-22_755_10922! 
[2015-03-20 19:17:47--000006]recv conta req 2015-01-10_16-25-47_690_10903! 
[2015-03-20 19:17:47--006489]recv conta req 2015-01-10_16-39-19_703_10921! 
[2015-03-20 19:17:47--049197]recv conta req 2015-01-10_16-39-19_021_10919! 
[2015-03-20 19:17:47--055513]recv conta req 2015-01-10_16-25-47_424_10902! 
[2015-03-20 19:17:47--899621]2015-01-10_16-25-47_424_10902, 
[2015-03-20 19:17:47--905204]2015-01-10_16-39-19_703_10921, 
[2015-03-20 19:17:47--952879]2015-01-10_16-39-22_755_10922,OOLU1575959 22G7
[2015-03-20 19:17:47--990670]2015-01-10_16-39-19_021_10919,OOLU1829190 22G1
[2015-03-20 19:17:47--994169]2015-01-10_16-25-47_690_10903, 
[2015-03-20 19:17:47--999729]2015-01-10_16-39-23_710_10924, 
[2015-03-20 19:17:57--980789]recv conta req 2015-01-10_16-39-23_710_10924! 
[2015-03-20 19:17:57--982778]recv conta req 2015-01-10_16-39-22_755_10922! 
[2015-03-20 19:17:57--991201]recv conta req 2015-01-10_16-25-47_690_10903! 
[2015-03-20 19:17:57--992745]recv conta req 2015-01-10_16-39-19_703_10921! 
[2015-03-20 19:17:58--023556]recv conta req 2015-01-10_16-39-19_021_10919! 
[2015-03-20 19:17:58--035941]recv conta req 2015-01-10_16-25-47_424_10902! 
[2015-03-20 19:17:58--829553]2015-01-10_16-25-47_690_10903, 
[2015-03-20 19:17:58--868211]2015-01-10_16-25-47_424_10902, 
[2015-03-20 19:17:58--878266]2015-01-10_16-39-19_703_10921, 
[2015-03-20 19:17:58--887344]2015-01-10_16-39-23_710_10924, 
[2015-03-20 19:17:58--920594]2015-01-10_16-39-22_755_10922,OOLU1575959 22G7
[2015-03-20 19:17:58--940060]2015-01-10_16-39-19_021_10919,OOLU1829190 22G1
[2015-03-20 19:18:09--047471]recv conta req 2015-01-10_16-39-23_710_10924! 
[2015-03-20 19:18:09--048817]recv conta req 2015-01-10_16-39-22_755_10922! 
[2015-03-20 19:18:09--053712]recv conta req 2015-01-10_16-25-47_690_10903! 
[2015-03-20 19:18:09--066629]recv conta req 2015-01-10_16-39-19_703_10921! 
[2015-03-20 19:18:09--066627]recv conta req 2015-01-10_16-39-19_021_10919! 
[2015-03-20 19:18:09--078071]recv conta req 2015-01-10_16-25-47_424_10902! 
[2015-03-20 19:18:09--850447]2015-01-10_16-39-23_710_10924, 
[2015-03-20 19:18:09--922209]2015-01-10_16-39-19_021_10919,OOLU1829190 22G1
[2015-03-20 19:18:09--955109]2015-01-10_16-25-47_690_10903, 
[2015-03-20 19:18:09--975351]2015-01-10_16-25-47_424_10902, 
[2015-03-20 19:18:09--986380]2015-01-10_16-39-22_755_10922,OOLU1575959 22G7
[2015-03-20 19:18:10--016951]2015-01-10_16-39-19_703_10921, 
[2015-03-20 19:18:19--961438]recv conta req 2015-01-10_16-39-23_710_10924! 
[2015-03-20 19:18:19--964749]recv conta req 2015-01-10_16-39-22_755_10922! 
[2015-03-20 19:18:19--972825]recv conta req 2015-01-10_16-25-47_690_10903! 
[2015-03-20 19:18:19--979810]recv conta req 2015-01-10_16-39-19_703_10921! 
[2015-03-20 19:18:19--982303]recv conta req 2015-01-10_16-39-19_021_10919! 
[2015-03-20 19:18:20--004783]recv conta req 2015-01-10_16-25-47_424_10902! 
[2015-03-20 19:18:20--834568]2015-01-10_16-39-23_710_10924, 
[2015-03-20 19:18:20--857318]2015-01-10_16-25-47_690_10903, 
[2015-03-20 19:18:20--883882]2015-01-10_16-39-19_021_10919,OOLU1829190 22G1
[2015-03-20 19:18:20--896596]2015-01-10_16-39-19_703_10921, 
[2015-03-20 19:18:20--903234]2015-01-10_16-25-47_424_10902, 
[2015-03-20 19:18:20--947953]2015-01-10_16-39-22_755_10922,OOLU1575959 22G7
[2015-03-20 19:18:30--979038]recv conta req 2015-01-10_16-39-23_710_10924! 
[2015-03-20 19:18:30--983722]recv conta req 2015-01-10_16-39-22_755_10922! 
[2015-03-20 19:18:30--988590]recv conta req 2015-01-10_16-25-47_690_10903! 
[2015-03-20 19:18:30--991888]recv conta req 2015-01-10_16-39-19_703_10921! 
[2015-03-20 19:18:31--001908]recv conta req 2015-01-10_16-25-47_424_10902! 
[2015-03-20 19:18:30--998879]recv conta req 2015-01-10_16-39-19_021_10919! 
[2015-03-20 19:18:31--870847]2015-01-10_16-25-47_690_10903, 
[2015-03-20 19:18:31--872036]2015-01-10_16-39-23_710_10924, 
[2015-03-20 19:18:31--899800]2015-01-10_16-25-47_424_10902, 
[2015-03-20 19:18:31--908513]2015-01-10_16-39-19_021_10919,OOLU1829190 22G1
[2015-03-20 19:18:31--945404]2015-01-10_16-39-22_755_10922,OOLU1575959 22G7
[2015-03-20 19:18:31--945988]2015-01-10_16-39-19_703_10921, 
[2015-03-20 19:18:42--024349]recv conta req 2015-01-10_16-39-23_710_10924! 
[2015-03-20 19:18:42--035736]recv conta req 2015-01-10_16-39-22_755_10922! 
[2015-03-20 19:18:42--039459]recv conta req 2015-01-10_16-25-47_690_10903! 
[2015-03-20 19:18:42--044996]recv conta req 2015-01-10_16-39-19_703_10921! 
[2015-03-20 19:18:42--055282]recv conta req 2015-01-10_16-39-19_021_10919! 
[2015-03-20 19:18:42--078831]recv conta req 2015-01-10_16-25-47_424_10902! 
[2015-03-20 19:18:42--898127]2015-01-10_16-25-47_690_10903, 
[2015-03-20 19:18:42--899119]2015-01-10_16-39-19_021_10919,OOLU1829190 22G1
[2015-03-20 19:18:42--933385]2015-01-10_16-39-23_710_10924, 
[2015-03-20 19:18:42--986017]2015-01-10_16-39-22_755_10922,OOLU1575959 22G7
[2015-03-20 19:18:42--995337]2015-01-10_16-39-19_703_10921, 
[2015-03-20 19:18:43--000929]2015-01-10_16-25-47_424_10902, 
[2015-03-20 19:18:53--025977]recv conta req 2015-01-10_16-39-23_710_10924! 
[2015-03-20 19:18:53--029603]recv conta req 2015-01-10_16-39-22_755_10922! 
[2015-03-20 19:18:53--036978]recv conta req 2015-01-10_16-25-47_690_10903! 
[2015-03-20 19:18:53--042734]recv conta req 2015-01-10_16-39-19_703_10921! 
[2015-03-20 19:18:53--069841]recv conta req 2015-01-10_16-39-19_021_10919! 
[2015-03-20 19:18:53--069821]recv conta req 2015-01-10_16-25-47_424_10902! 
[2015-03-20 19:18:53--860720]2015-01-10_16-39-19_021_10919,OOLU1829190 22G1
[2015-03-20 19:18:53--863570]2015-01-10_16-39-23_710_10924, 
[2015-03-20 19:18:53--892058]2015-01-10_16-39-19_703_10921, 
[2015-03-20 19:18:53--905915]2015-01-10_16-25-47_424_10902, 
[2015-03-20 19:18:53--914534]2015-01-10_16-25-47_690_10903, 
[2015-03-20 19:18:53--931955]2015-01-10_16-39-22_755_10922,OOLU1575959 22G7
[2015-03-20 19:19:03--962808]recv conta req 2015-01-10_16-39-23_710_10924! 
[2015-03-20 19:19:03--968749]recv conta req 2015-01-10_16-39-22_755_10922! 
[2015-03-20 19:19:04--017993]recv conta req 2015-01-10_16-39-19_703_10921! 
[2015-03-20 19:19:04--007154]recv conta req 2015-01-10_16-25-47_690_10903! 
[2015-03-20 19:19:04--035509]recv conta req 2015-01-10_16-39-19_021_10919! 
[2015-03-20 19:19:04--039566]recv conta req 2015-01-10_16-25-47_424_10902! 
[2015-03-20 19:19:04--876904]2015-01-10_16-39-23_710_10924, 
[2015-03-20 19:19:04--959733]2015-01-10_16-25-47_424_10902, 
[2015-03-20 19:19:04--988705]2015-01-10_16-39-22_755_10922,OOLU1575959 22G7
[2015-03-20 19:19:04--989018]2015-01-10_16-25-47_690_10903, 
[2015-03-20 19:19:05--002344]2015-01-10_16-39-19_021_10919,OOLU1829190 22G1
[2015-03-20 19:19:05--008406]2015-01-10_16-39-19_703_10921, 
[2015-03-20 19:19:15--018805]recv conta req 2015-01-10_16-39-23_710_10924! 
[2015-03-20 19:19:15--022212]recv conta req 2015-01-10_16-39-22_755_10922! 
[2015-03-20 19:19:15--025987]recv conta req 2015-01-10_16-25-47_690_10903! 
[2015-03-20 19:19:15--026046]recv conta req 2015-01-10_16-39-19_703_10921! 
[2015-03-20 19:19:15--041199]recv conta req 2015-01-10_16-39-19_021_10919! 
[2015-03-20 19:19:15--089144]recv conta req 2015-01-10_16-25-47_424_10902! 
[2015-03-20 19:19:15--846882]2015-01-10_16-39-19_021_10919,OOLU1829190 22G1
[2015-03-20 19:19:15--900540]2015-01-10_16-25-47_424_10902, 
[2015-03-20 19:19:15--901765]2015-01-10_16-25-47_690_10903, 
[2015-03-20 19:19:15--908101]2015-01-10_16-39-19_703_10921, 
[2015-03-20 19:19:15--908716]2015-01-10_16-39-22_755_10922,OOLU1575959 22G7
[2015-03-20 19:19:15--928285]2015-01-10_16-39-23_710_10924, 
[2015-03-20 19:19:26--019913]recv conta req 2015-01-10_16-39-23_710_10924! 
[2015-03-20 19:19:26--024167]recv conta req 2015-01-10_16-39-22_755_10922! 
[2015-03-20 19:19:26--031294]recv conta req 2015-01-10_16-25-47_690_10903! 
[2015-03-20 19:19:26--066655]recv conta req 2015-01-10_16-39-19_703_10921! 
[2015-03-20 19:19:26--074785]recv conta req 2015-01-10_16-39-19_021_10919! 
[2015-03-20 19:19:26--074764]recv conta req 2015-01-10_16-25-47_424_10902! 
[2015-03-20 19:19:26--854331]2015-01-10_16-39-23_710_10924, 
[2015-03-20 19:19:26--895719]2015-01-10_16-25-47_690_10903, 
[2015-03-20 19:19:26--939488]2015-01-10_16-39-19_021_10919,OOLU1829190 22G1
[2015-03-20 19:19:26--942286]2015-01-10_16-25-47_424_10902, 
[2015-03-20 19:19:26--981076]2015-01-10_16-39-19_703_10921, 
[2015-03-20 19:19:26--981697]2015-01-10_16-39-22_755_10922,OOLU1575959 22G7
[2015-03-20 19:21:49--619154]register succ...
[2015-03-20 19:21:50--008543]register succ...
[2015-03-20 19:22:00--020774]recv conta req 2015-01-10_16-39-23_710_10924! 
[2015-03-20 19:22:00--034317]recv conta req 2015-01-10_16-39-22_755_10922! 
[2015-03-20 19:22:00--042291]recv conta req 2015-01-10_16-25-47_690_10903! 
[2015-03-20 19:22:00--051767]recv conta req 2015-01-10_16-39-19_703_10921! 
[2015-03-20 19:22:00--078757]recv conta req 2015-01-10_16-39-19_021_10919! 
[2015-03-20 19:22:00--103741]recv conta req 2015-01-10_16-25-47_424_10902! 
[2015-03-20 19:22:00--868014]2015-01-10_16-39-23_710_10924, 
[2015-03-20 19:22:00--873105]2015-01-10_16-25-47_690_10903, 
[2015-03-20 19:22:00--906557]2015-01-10_16-39-19_021_10919,OOLU1829190 22G1
[2015-03-20 19:22:00--908103]2015-01-10_16-39-19_703_10921, 
[2015-03-20 19:22:00--928625]2015-01-10_16-25-47_424_10902, 
[2015-03-20 19:22:01--044394]2015-01-10_16-39-22_755_10922,OOLU1575959 22G7
[2015-03-20 19:22:10--940711]recv conta req 2015-01-10_16-39-23_710_10924! 
[2015-03-20 19:22:10--949782]recv conta req 2015-01-10_16-39-22_755_10922! 
[2015-03-20 19:22:10--957929]recv conta req 2015-01-10_16-25-47_690_10903! 
[2015-03-20 19:22:10--984322]recv conta req 2015-01-10_16-39-19_703_10921! 
[2015-03-20 19:22:10--990808]recv conta req 2015-01-10_16-39-19_021_10919! 
[2015-03-20 19:22:10--997126]recv conta req 2015-01-10_16-25-47_424_10902! 
[2015-03-20 19:22:11--978489]2015-01-10_16-25-47_690_10903, 
[2015-03-20 19:22:12--005150]2015-01-10_16-39-23_710_10924, 
[2015-03-20 19:22:12--005703]2015-01-10_16-39-22_755_10922,OOLU1575959 22G7
[2015-03-20 19:22:12--047968]2015-01-10_16-39-19_021_10919,OOLU1829190 22G1
[2015-03-20 19:22:12--054036]2015-01-10_16-39-19_703_10921, 
[2015-03-20 19:22:12--059134]2015-01-10_16-25-47_424_10902, 
[2015-03-20 19:22:22--004914]recv conta req 2015-01-10_16-39-23_710_10924! 
[2015-03-20 19:22:22--008206]recv conta req 2015-01-10_16-39-22_755_10922! 
[2015-03-20 19:22:22--017620]recv conta req 2015-01-10_16-25-47_690_10903! 
[2015-03-20 19:22:22--025664]recv conta req 2015-01-10_16-39-19_703_10921! 
[2015-03-20 19:22:22--034160]recv conta req 2015-01-10_16-39-19_021_10919! 
[2015-03-20 19:22:22--109342]recv conta req 2015-01-10_16-25-47_424_10902! 
[2015-03-20 19:22:22--873604]2015-01-10_16-39-19_021_10919,OOLU1829190 22G1
[2015-03-20 19:22:22--886896]2015-01-10_16-25-47_690_10903, 
[2015-03-20 19:22:22--971590]2015-01-10_16-39-23_710_10924, 
[2015-03-20 19:22:22--979952]2015-01-10_16-25-47_424_10902, 
[2015-03-20 19:22:22--986636]2015-01-10_16-39-19_703_10921, 
[2015-03-20 19:22:23--086655]2015-01-10_16-39-22_755_10922,OOLU1575959 22G7
[2015-03-20 19:22:33--059716]recv conta req 2015-01-10_16-39-23_710_10924! 
[2015-03-20 19:22:33--068289]recv conta req 2015-01-10_16-39-22_755_10922! 
[2015-03-20 19:22:33--076087]recv conta req 2015-01-10_16-25-47_690_10903! 
[2015-03-20 19:22:33--084962]recv conta req 2015-01-10_16-39-19_703_10921! 
[2015-03-20 19:22:33--090621]recv conta req 2015-01-10_16-39-19_021_10919! 
[2015-03-20 19:22:33--112932]recv conta req 2015-01-10_16-25-47_424_10902! 
[2015-03-20 19:22:33--900917]2015-01-10_16-25-47_690_10903, 
[2015-03-20 19:22:33--957931]2015-01-10_16-39-23_710_10924, 
[2015-03-20 19:22:33--964072]2015-01-10_16-39-19_703_10921, 
[2015-03-20 19:22:33--971707]2015-01-10_16-39-19_021_10919,OOLU1829190 22G1
[2015-03-20 19:22:34--020942]2015-01-10_16-25-47_424_10902, 
[2015-03-20 19:22:34--052277]2015-01-10_16-39-22_755_10922,OOLU1575959 22G7
[2015-03-20 19:22:43--945524]recv conta req 2015-01-10_16-39-23_710_10924! 
[2015-03-20 19:22:43--953368]recv conta req 2015-01-10_16-39-22_755_10922! 
[2015-03-20 19:22:43--960432]recv conta req 2015-01-10_16-25-47_690_10903! 
[2015-03-20 19:22:43--966802]recv conta req 2015-01-10_16-39-19_703_10921! 
[2015-03-20 19:22:43--975703]recv conta req 2015-01-10_16-39-19_021_10919! 
[2015-03-20 19:22:43--981733]recv conta req 2015-01-10_16-25-47_424_10902! 
[2015-03-20 19:22:44--794972]2015-01-10_16-39-23_710_10924, 
[2015-03-20 19:22:44--853390]2015-01-10_16-25-47_690_10903, 
[2015-03-20 19:22:44--856429]2015-01-10_16-25-47_424_10902, 
[2015-03-20 19:22:44--894607]2015-01-10_16-39-19_703_10921, 
[2015-03-20 19:22:44--903192]2015-01-10_16-39-22_755_10922,OOLU1575959 22G7
[2015-03-20 19:22:44--942159]2015-01-10_16-39-19_021_10919,OOLU1829190 22G1
[2015-03-20 19:22:54--927989]recv conta req 2015-01-10_16-39-23_710_10924! 
[2015-03-20 19:22:54--931348]recv conta req 2015-01-10_16-39-22_755_10922! 
[2015-03-20 19:22:54--948205]recv conta req 2015-01-10_16-25-47_690_10903! 
[2015-03-20 19:22:54--949572]recv conta req 2015-01-10_16-39-19_703_10921! 
[2015-03-20 19:22:54--954118]recv conta req 2015-01-10_16-39-19_021_10919! 
[2015-03-20 19:22:54--989731]recv conta req 2015-01-10_16-25-47_424_10902! 
[2015-03-20 19:22:55--790782]2015-01-10_16-25-47_690_10903, 
[2015-03-20 19:22:55--846693]2015-01-10_16-39-23_710_10924, 
[2015-03-20 19:22:55--868118]2015-01-10_16-39-19_021_10919,OOLU1829190 22G1
[2015-03-20 19:22:55--879680]2015-01-10_16-25-47_424_10902, 
[2015-03-20 19:22:55--933918]2015-01-10_16-39-19_703_10921, 
[2015-03-20 19:22:56--000841]2015-01-10_16-39-22_755_10922,OOLU1575959 22G7
[2015-03-20 19:23:05--995426]recv conta req 2015-01-10_16-39-23_710_10924! 
[2015-03-20 19:23:06--015414]recv conta req 2015-01-10_16-39-22_755_10922! 
[2015-03-20 19:23:06--022281]recv conta req 2015-01-10_16-25-47_690_10903! 
[2015-03-20 19:23:06--023552]recv conta req 2015-01-10_16-39-19_703_10921! 
[2015-03-20 19:23:06--033459]recv conta req 2015-01-10_16-39-19_021_10919! 
[2015-03-20 19:23:06--038364]recv conta req 2015-01-10_16-25-47_424_10902! 
[2015-03-20 19:23:06--846685]2015-01-10_16-25-47_690_10903, 
[2015-03-20 19:23:06--928328]2015-01-10_16-39-23_710_10924, 
[2015-03-20 19:23:06--939113]2015-01-10_16-39-19_021_10919,OOLU1829190 22G1
[2015-03-20 19:23:06--961540]2015-01-10_16-25-47_424_10902, 
[2015-03-20 19:23:06--965519]2015-01-10_16-39-19_703_10921, 
[2015-03-20 19:23:06--981395]2015-01-10_16-39-22_755_10922,OOLU1575959 22G7
[2015-03-20 19:23:16--996064]recv conta req 2015-01-10_16-39-23_710_10924! 
[2015-03-20 19:23:17--011770]recv conta req 2015-01-10_16-39-22_755_10922! 
[2015-03-20 19:23:17--018060]recv conta req 2015-01-10_16-25-47_690_10903! 
[2015-03-20 19:23:17--020011]recv conta req 2015-01-10_16-39-19_703_10921! 
[2015-03-20 19:23:17--043805]recv conta req 2015-01-10_16-39-19_021_10919! 
[2015-03-20 19:23:17--053285]recv conta req 2015-01-10_16-25-47_424_10902! 
[2015-03-20 19:23:17--965074]2015-01-10_16-25-47_424_10902, 
[2015-03-20 19:23:17--987739]2015-01-10_16-25-47_690_10903, 
[2015-03-20 19:23:17--990086]2015-01-10_16-39-23_710_10924, 
[2015-03-20 19:23:18--062286]2015-01-10_16-39-19_021_10919,OOLU1829190 22G1
[2015-03-20 19:23:18--096054]2015-01-10_16-39-19_703_10921, 
[2015-03-20 19:23:18--101277]2015-01-10_16-39-22_755_10922,OOLU1575959 22G7
