[2015-03-20 17:11:05--606696]register succ...
[2015-03-20 17:11:05--957588]register succ...
[2015-03-20 17:11:22--752506]recv conta req 2015-01-10_16-39-23_710_10924! 
[2015-03-20 17:11:22--756166]recv conta req 2015-01-10_16-39-22_755_10922! 
[2015-03-20 17:11:22--782410]recv conta req 2015-01-10_16-25-47_690_10903! 
[2015-03-20 17:11:22--784851]recv conta req 2015-01-10_16-39-19_703_10921! 
[2015-03-20 17:11:22--806234]recv conta req 2015-01-10_16-39-19_021_10919! 
[2015-03-20 17:11:22--817531]recv conta req 2015-01-10_16-25-47_424_10902! 
[2015-03-20 17:11:23--678833]2015-01-10_16-39-19_703_10921, 
[2015-03-20 17:11:23--799683]2015-01-10_16-39-22_755_10922,OOLU1575959 22G7
[2015-03-20 17:11:23--833107]2015-01-10_16-25-47_690_10903, 
[2015-03-20 17:11:23--833579]2015-01-10_16-25-47_424_10902, 
[2015-03-20 17:11:23--837880]2015-01-10_16-39-23_710_10924, 
[2015-03-20 17:11:23--886300]2015-01-10_16-39-19_021_10919,OOLU1829190 22G1
[2015-03-20 17:11:37--787667]recv conta req 2015-01-10_16-39-23_710_10924! 
[2015-03-20 17:11:37--791089]recv conta req 2015-01-10_16-39-22_755_10922! 
[2015-03-20 17:11:37--797009]recv conta req 2015-01-10_16-25-47_690_10903! 
[2015-03-20 17:11:37--805208]recv conta req 2015-01-10_16-39-19_703_10921! 
[2015-03-20 17:11:37--855372]recv conta req 2015-01-10_16-39-19_021_10919! 
[2015-03-20 17:11:37--858623]recv conta req 2015-01-10_16-25-47_424_10902! 
[2015-03-20 17:11:38--654645]2015-01-10_16-25-47_690_10903, 
[2015-03-20 17:11:38--659067]2015-01-10_16-39-22_755_10922,OOLU1575959 22G7
[2015-03-20 17:11:38--695048]2015-01-10_16-39-19_703_10921, 
[2015-03-20 17:11:38--718138]2015-01-10_16-39-19_021_10919,OOLU1829190 22G1
[2015-03-20 17:11:38--746095]2015-01-10_16-25-47_424_10902, 
[2015-03-20 17:11:38--756362]2015-01-10_16-39-23_710_10924, 
[2015-03-20 17:11:52--801561]recv conta req 2015-01-10_16-39-22_755_10922! 
[2015-03-20 17:11:52--804210]recv conta req 2015-01-10_16-39-23_710_10924! 
[2015-03-20 17:11:52--819627]recv conta req 2015-01-10_16-39-19_703_10921! 
[2015-03-20 17:11:52--819916]recv conta req 2015-01-10_16-25-47_690_10903! 
[2015-03-20 17:11:52--837923]recv conta req 2015-01-10_16-39-19_021_10919! 
[2015-03-20 17:11:52--838014]recv conta req 2015-01-10_16-25-47_424_10902! 
[2015-03-20 17:11:53--672632]2015-01-10_16-39-23_710_10924, 
[2015-03-20 17:11:53--695733]2015-01-10_16-39-22_755_10922,OOLU1575959 22G7
[2015-03-20 17:11:53--697111]2015-01-10_16-25-47_424_10902, 
[2015-03-20 17:11:53--714971]2015-01-10_16-25-47_690_10903, 
[2015-03-20 17:11:53--727677]2015-01-10_16-39-19_021_10919,OOLU1829190 22G1
[2015-03-20 17:11:53--805385]2015-01-10_16-39-19_703_10921, 
[2015-03-20 17:12:07--817079]recv conta req 2015-01-10_16-39-23_710_10924! 
[2015-03-20 17:12:07--821776]recv conta req 2015-01-10_16-25-47_690_10903! 
[2015-03-20 17:12:07--824077]recv conta req 2015-01-10_16-39-22_755_10922! 
[2015-03-20 17:12:07--838998]recv conta req 2015-01-10_16-39-19_703_10921! 
[2015-03-20 17:12:07--871001]recv conta req 2015-01-10_16-39-19_021_10919! 
[2015-03-20 17:12:07--875654]recv conta req 2015-01-10_16-25-47_424_10902! 
[2015-03-20 17:12:08--770852]2015-01-10_16-39-19_703_10921, 
[2015-03-20 17:12:08--840735]2015-01-10_16-39-22_755_10922,OOLU1575959 22G7
[2015-03-20 17:12:08--841839]2015-01-10_16-25-47_424_10902, 
[2015-03-20 17:12:08--864806]2015-01-10_16-39-23_710_10924, 
[2015-03-20 17:12:08--870148]2015-01-10_16-25-47_690_10903, 
[2015-03-20 17:12:08--919728]2015-01-10_16-39-19_021_10919,OOLU1829190 22G1
[2015-03-20 17:12:22--783404]recv conta req 2015-01-10_16-39-23_710_10924! 
[2015-03-20 17:12:22--791094]recv conta req 2015-01-10_16-39-22_755_10922! 
[2015-03-20 17:12:22--822126]recv conta req 2015-01-10_16-25-47_690_10903! 
[2015-03-20 17:12:22--833439]recv conta req 2015-01-10_16-39-19_021_10919! 
[2015-03-20 17:12:22--825456]recv conta req 2015-01-10_16-39-19_703_10921! 
[2015-03-20 17:12:22--836570]recv conta req 2015-01-10_16-25-47_424_10902! 
[2015-03-20 17:12:23--756630]2015-01-10_16-25-47_424_10902, 
[2015-03-20 17:12:23--763831]2015-01-10_16-25-47_690_10903, 
[2015-03-20 17:12:23--766695]2015-01-10_16-39-23_710_10924, 
[2015-03-20 17:12:23--819403]2015-01-10_16-39-22_755_10922,OOLU1575959 22G7
[2015-03-20 17:12:23--835022]2015-01-10_16-39-19_021_10919,OOLU1829190 22G1
[2015-03-20 17:12:23--862137]2015-01-10_16-39-19_703_10921, 
[2015-03-20 17:12:37--749372]recv conta req 2015-01-10_16-39-23_710_10924! 
[2015-03-20 17:12:37--756691]recv conta req 2015-01-10_16-25-47_690_10903! 
[2015-03-20 17:12:37--761398]recv conta req 2015-01-10_16-39-22_755_10922! 
[2015-03-20 17:12:37--766068]recv conta req 2015-01-10_16-39-19_021_10919! 
[2015-03-20 17:12:37--767071]recv conta req 2015-01-10_16-39-19_703_10921! 
[2015-03-20 17:12:37--790392]recv conta req 2015-01-10_16-25-47_424_10902! 
[2015-03-20 17:12:38--703431]2015-01-10_16-25-47_424_10902, 
[2015-03-20 17:12:38--747618]2015-01-10_16-39-19_703_10921, 
[2015-03-20 17:12:38--773018]2015-01-10_16-39-23_710_10924, 
[2015-03-20 17:12:38--773972]2015-01-10_16-25-47_690_10903, 
[2015-03-20 17:12:38--797503]2015-01-10_16-39-19_021_10919,OOLU1829190 22G1
[2015-03-20 17:12:38--798918]2015-01-10_16-39-22_755_10922,OOLU1575959 22G7
[2015-03-20 17:12:52--730002]recv conta req 2015-01-10_16-39-23_710_10924! 
[2015-03-20 17:12:52--735300]recv conta req 2015-01-10_16-39-22_755_10922! 
[2015-03-20 17:12:52--742685]recv conta req 2015-01-10_16-25-47_690_10903! 
[2015-03-20 17:12:52--747837]recv conta req 2015-01-10_16-39-19_703_10921! 
[2015-03-20 17:12:52--751847]recv conta req 2015-01-10_16-39-19_021_10919! 
[2015-03-20 17:12:52--756822]recv conta req 2015-01-10_16-25-47_424_10902! 
[2015-03-20 17:12:53--600083]2015-01-10_16-39-22_755_10922,OOLU1575959 22G7
[2015-03-20 17:12:53--606529]2015-01-10_16-25-47_424_10902, 
[2015-03-20 17:12:53--650451]2015-01-10_16-39-19_703_10921, 
[2015-03-20 17:12:53--674347]2015-01-10_16-25-47_690_10903, 
[2015-03-20 17:12:53--697746]2015-01-10_16-39-23_710_10924, 
[2015-03-20 17:12:53--735649]2015-01-10_16-39-19_021_10919,OOLU1829190 22G1
[2015-03-20 17:13:07--724452]recv conta req 2015-01-10_16-39-23_710_10924! 
[2015-03-20 17:13:07--727720]recv conta req 2015-01-10_16-25-47_690_10903! 
[2015-03-20 17:13:07--729740]recv conta req 2015-01-10_16-39-22_755_10922! 
[2015-03-20 17:13:07--735999]recv conta req 2015-01-10_16-39-19_703_10921! 
[2015-03-20 17:13:07--749613]recv conta req 2015-01-10_16-39-19_021_10919! 
[2015-03-20 17:13:07--752756]recv conta req 2015-01-10_16-25-47_424_10902! 
[2015-03-20 17:13:08--713323]2015-01-10_16-25-47_424_10902, 
[2015-03-20 17:13:08--725763]2015-01-10_16-39-22_755_10922,OOLU1575959 22G7
[2015-03-20 17:13:08--727093]2015-01-10_16-39-19_703_10921, 
[2015-03-20 17:13:08--748578]2015-01-10_16-25-47_690_10903, 
[2015-03-20 17:13:08--809483]2015-01-10_16-39-19_021_10919,OOLU1829190 22G1
[2015-03-20 17:13:08--825757]2015-01-10_16-39-23_710_10924, 
[2015-03-20 17:13:22--735255]recv conta req 2015-01-10_16-39-23_710_10924! 
[2015-03-20 17:13:22--742468]recv conta req 2015-01-10_16-39-22_755_10922! 
[2015-03-20 17:13:22--747007]recv conta req 2015-01-10_16-25-47_690_10903! 
[2015-03-20 17:13:22--757031]recv conta req 2015-01-10_16-39-19_703_10921! 
[2015-03-20 17:13:22--765159]recv conta req 2015-01-10_16-39-19_021_10919! 
[2015-03-20 17:13:22--791934]recv conta req 2015-01-10_16-25-47_424_10902! 
[2015-03-20 17:13:23--682211]2015-01-10_16-39-19_021_10919,OOLU1829190 22G1
[2015-03-20 17:13:23--715203]2015-01-10_16-39-22_755_10922,OOLU1575959 22G7
[2015-03-20 17:13:23--749281]2015-01-10_16-39-19_703_10921, 
[2015-03-20 17:13:23--754724]2015-01-10_16-25-47_424_10902, 
[2015-03-20 17:13:23--798949]2015-01-10_16-39-23_710_10924, 
[2015-03-20 17:13:23--799408]2015-01-10_16-25-47_690_10903, 
[2015-03-20 17:13:37--718155]recv conta req 2015-01-10_16-39-23_710_10924! 
[2015-03-20 17:13:37--727734]recv conta req 2015-01-10_16-39-22_755_10922! 
[2015-03-20 17:13:37--758660]recv conta req 2015-01-10_16-25-47_690_10903! 
[2015-03-20 17:13:37--763870]recv conta req 2015-01-10_16-39-19_703_10921! 
[2015-03-20 17:13:37--796694]recv conta req 2015-01-10_16-39-19_021_10919! 
[2015-03-20 17:13:37--798875]recv conta req 2015-01-10_16-25-47_424_10902! 
[2015-03-20 17:13:38--556376]2015-01-10_16-39-22_755_10922,OOLU1575959 22G7
[2015-03-20 17:13:38--617716]2015-01-10_16-25-47_690_10903, 
[2015-03-20 17:13:38--637490]2015-01-10_16-39-19_703_10921, 
[2015-03-20 17:13:38--645279]2015-01-10_16-25-47_424_10902, 
[2015-03-20 17:13:38--692371]2015-01-10_16-39-23_710_10924, 
[2015-03-20 17:13:38--711382]2015-01-10_16-39-19_021_10919,OOLU1829190 22G1
[2015-03-20 17:13:52--753476]recv conta req 2015-01-10_16-39-23_710_10924! 
[2015-03-20 17:13:52--757946]recv conta req 2015-01-10_16-39-22_755_10922! 
[2015-03-20 17:13:52--761709]recv conta req 2015-01-10_16-25-47_690_10903! 
[2015-03-20 17:13:52--780648]recv conta req 2015-01-10_16-39-19_703_10921! 
[2015-03-20 17:13:52--787367]recv conta req 2015-01-10_16-39-19_021_10919! 
[2015-03-20 17:13:52--791525]recv conta req 2015-01-10_16-25-47_424_10902! 
[2015-03-20 17:13:53--570551]2015-01-10_16-25-47_424_10902, 
[2015-03-20 17:13:53--654317]2015-01-10_16-39-19_703_10921, 
[2015-03-20 17:13:53--697315]2015-01-10_16-25-47_690_10903, 
[2015-03-20 17:13:53--698197]2015-01-10_16-39-23_710_10924, 
[2015-03-20 17:13:53--710432]2015-01-10_16-39-22_755_10922,OOLU1575959 22G7
[2015-03-20 17:13:53--738754]2015-01-10_16-39-19_021_10919,OOLU1829190 22G1
[2015-03-20 17:14:07--760104]recv conta req 2015-01-10_16-39-23_710_10924! 
[2015-03-20 17:14:07--763831]recv conta req 2015-01-10_16-39-22_755_10922! 
[2015-03-20 17:14:07--786256]recv conta req 2015-01-10_16-25-47_690_10903! 
[2015-03-20 17:14:07--802889]recv conta req 2015-01-10_16-39-19_703_10921! 
[2015-03-20 17:14:07--807996]recv conta req 2015-01-10_16-39-19_021_10919! 
[2015-03-20 17:14:07--813436]recv conta req 2015-01-10_16-25-47_424_10902! 
[2015-03-20 17:14:08--653823]2015-01-10_16-39-22_755_10922,OOLU1575959 22G7
[2015-03-20 17:14:08--660524]2015-01-10_16-39-19_703_10921, 
[2015-03-20 17:14:08--712589]2015-01-10_16-25-47_424_10902, 
[2015-03-20 17:14:08--737638]2015-01-10_16-25-47_690_10903, 
[2015-03-20 17:14:08--752696]2015-01-10_16-39-23_710_10924, 
[2015-03-20 17:14:08--801176]2015-01-10_16-39-19_021_10919,OOLU1829190 22G1
[2015-03-20 17:14:22--774936]recv conta req 2015-01-10_16-39-23_710_10924! 
[2015-03-20 17:14:22--783138]recv conta req 2015-01-10_16-39-22_755_10922! 
[2015-03-20 17:14:22--787460]recv conta req 2015-01-10_16-25-47_690_10903! 
[2015-03-20 17:14:22--791780]recv conta req 2015-01-10_16-39-19_703_10921! 
[2015-03-20 17:14:22--828614]recv conta req 2015-01-10_16-39-19_021_10919! 
[2015-03-20 17:14:22--831886]recv conta req 2015-01-10_16-25-47_424_10902! 
[2015-03-20 17:14:23--541084]2015-01-10_16-25-47_424_10902, 
[2015-03-20 17:14:23--606551]2015-01-10_16-39-19_703_10921, 
[2015-03-20 17:14:23--646628]2015-01-10_16-39-22_755_10922,OOLU1575959 22G7
[2015-03-20 17:14:23--682548]2015-01-10_16-25-47_690_10903, 
[2015-03-20 17:14:23--729582]2015-01-10_16-39-23_710_10924, 
[2015-03-20 17:14:23--734937]2015-01-10_16-39-19_021_10919,OOLU1829190 22G1
[2015-03-20 17:14:37--835031]recv conta req 2015-01-10_16-39-23_710_10924! 
[2015-03-20 17:14:37--837227]recv conta req 2015-01-10_16-39-22_755_10922! 
[2015-03-20 17:14:37--837777]recv conta req 2015-01-10_16-25-47_690_10903! 
[2015-03-20 17:14:37--852479]recv conta req 2015-01-10_16-39-19_703_10921! 
[2015-03-20 17:14:37--856961]recv conta req 2015-01-10_16-39-19_021_10919! 
[2015-03-20 17:14:37--860626]recv conta req 2015-01-10_16-25-47_424_10902! 
[2015-03-20 17:14:38--826538]2015-01-10_16-25-47_690_10903, 
[2015-03-20 17:14:38--830436]2015-01-10_16-25-47_424_10902, 
[2015-03-20 17:14:38--841297]2015-01-10_16-39-22_755_10922,OOLU1575959 22G7
[2015-03-20 17:14:38--844451]2015-01-10_16-39-19_703_10921, 
[2015-03-20 17:14:38--868478]2015-01-10_16-39-19_021_10919,OOLU1829190 22G1
[2015-03-20 17:14:38--912308]2015-01-10_16-39-23_710_10924, 
[2015-03-20 17:14:52--815109]recv conta req 2015-01-10_16-39-23_710_10924! 
[2015-03-20 17:14:52--822569]recv conta req 2015-01-10_16-39-22_755_10922! 
[2015-03-20 17:14:52--831068]recv conta req 2015-01-10_16-25-47_690_10903! 
[2015-03-20 17:14:52--835523]recv conta req 2015-01-10_16-39-19_703_10921! 
[2015-03-20 17:14:52--862077]recv conta req 2015-01-10_16-39-19_021_10919! 
[2015-03-20 17:14:52--866513]recv conta req 2015-01-10_16-25-47_424_10902! 
[2015-03-20 17:14:53--737793]2015-01-10_16-39-22_755_10922,OOLU1575959 22G7
[2015-03-20 17:14:53--793759]2015-01-10_16-25-47_424_10902, 
[2015-03-20 17:14:53--808001]2015-01-10_16-39-19_703_10921, 
[2015-03-20 17:14:53--840462]2015-01-10_16-39-19_021_10919,OOLU1829190 22G1
[2015-03-20 17:14:53--890444]2015-01-10_16-39-23_710_10924, 
[2015-03-20 17:14:53--899610]2015-01-10_16-25-47_690_10903, 
[2015-03-20 17:15:07--825361]recv conta req 2015-01-10_16-39-23_710_10924! 
[2015-03-20 17:15:07--830364]recv conta req 2015-01-10_16-25-47_690_10903! 
[2015-03-20 17:15:07--840946]recv conta req 2015-01-10_16-39-22_755_10922! 
[2015-03-20 17:15:07--855527]recv conta req 2015-01-10_16-39-19_703_10921! 
[2015-03-20 17:15:07--863859]recv conta req 2015-01-10_16-39-19_021_10919! 
[2015-03-20 17:15:07--867703]recv conta req 2015-01-10_16-25-47_424_10902! 
[2015-03-20 17:15:08--708930]2015-01-10_16-39-23_710_10924, 
[2015-03-20 17:15:08--744961]2015-01-10_16-39-22_755_10922,OOLU1575959 22G7
[2015-03-20 17:15:08--780189]2015-01-10_16-39-19_703_10921, 
[2015-03-20 17:15:08--787758]2015-01-10_16-25-47_424_10902, 
[2015-03-20 17:15:08--792448]2015-01-10_16-25-47_690_10903, 
[2015-03-20 17:15:08--826355]2015-01-10_16-39-19_021_10919,OOLU1829190 22G1
[2015-03-20 17:15:22--756124]recv conta req 2015-01-10_16-39-23_710_10924! 
[2015-03-20 17:15:22--762275]recv conta req 2015-01-10_16-39-22_755_10922! 
[2015-03-20 17:15:22--767629]recv conta req 2015-01-10_16-25-47_690_10903! 
[2015-03-20 17:15:22--776802]recv conta req 2015-01-10_16-39-19_703_10921! 
[2015-03-20 17:15:22--790272]recv conta req 2015-01-10_16-39-19_021_10919! 
[2015-03-20 17:15:22--824302]recv conta req 2015-01-10_16-25-47_424_10902! 
[2015-03-20 17:15:23--621289]2015-01-10_16-25-47_690_10903, 
[2015-03-20 17:15:23--690375]2015-01-10_16-39-19_021_10919,OOLU1829190 22G1
[2015-03-20 17:15:23--693194]2015-01-10_16-39-22_755_10922,OOLU1575959 22G7
[2015-03-20 17:15:23--719922]2015-01-10_16-25-47_424_10902, 
[2015-03-20 17:15:23--722693]2015-01-10_16-39-19_703_10921, 
[2015-03-20 17:15:23--753684]2015-01-10_16-39-23_710_10924, 
[2015-03-20 17:15:37--783735]recv conta req 2015-01-10_16-39-23_710_10924! 
[2015-03-20 17:15:37--789391]recv conta req 2015-01-10_16-39-22_755_10922! 
[2015-03-20 17:15:37--797535]recv conta req 2015-01-10_16-25-47_690_10903! 
[2015-03-20 17:15:37--802384]recv conta req 2015-01-10_16-39-19_703_10921! 
[2015-03-20 17:15:37--811706]recv conta req 2015-01-10_16-39-19_021_10919! 
[2015-03-20 17:15:37--845358]recv conta req 2015-01-10_16-25-47_424_10902! 
[2015-03-20 17:15:38--662400]2015-01-10_16-39-22_755_10922,OOLU1575959 22G7
[2015-03-20 17:15:38--673145]2015-01-10_16-25-47_424_10902, 
[2015-03-20 17:15:38--676409]2015-01-10_16-39-19_703_10921, 
[2015-03-20 17:15:38--719418]2015-01-10_16-25-47_690_10903, 
[2015-03-20 17:15:38--780287]2015-01-10_16-39-19_021_10919,OOLU1829190 22G1
[2015-03-20 17:15:38--823630]2015-01-10_16-39-23_710_10924, 
[2015-03-20 17:15:52--719497]recv conta req 2015-01-10_16-39-23_710_10924! 
[2015-03-20 17:15:52--723432]recv conta req 2015-01-10_16-39-22_755_10922! 
[2015-03-20 17:15:52--728318]recv conta req 2015-01-10_16-25-47_690_10903! 
[2015-03-20 17:15:52--733960]recv conta req 2015-01-10_16-39-19_703_10921! 
[2015-03-20 17:15:52--742299]recv conta req 2015-01-10_16-39-19_021_10919! 
[2015-03-20 17:15:52--748178]recv conta req 2015-01-10_16-25-47_424_10902! 
[2015-03-20 17:15:53--531656]2015-01-10_16-25-47_424_10902, 
[2015-03-20 17:15:53--631247]2015-01-10_16-25-47_690_10903, 
[2015-03-20 17:15:53--655861]2015-01-10_16-39-22_755_10922,OOLU1575959 22G7
[2015-03-20 17:15:53--670290]2015-01-10_16-39-19_703_10921, 
[2015-03-20 17:15:53--679169]2015-01-10_16-39-23_710_10924, 
[2015-03-20 17:15:53--695600]2015-01-10_16-39-19_021_10919,OOLU1829190 22G1
[2015-03-20 17:16:07--785210]recv conta req 2015-01-10_16-39-23_710_10924! 
[2015-03-20 17:16:07--786853]recv conta req 2015-01-10_16-25-47_690_10903! 
[2015-03-20 17:16:07--788043]recv conta req 2015-01-10_16-39-22_755_10922! 
[2015-03-20 17:16:07--804575]recv conta req 2015-01-10_16-39-19_703_10921! 
[2015-03-20 17:16:07--827284]recv conta req 2015-01-10_16-39-19_021_10919! 
[2015-03-20 17:16:07--836007]recv conta req 2015-01-10_16-25-47_424_10902! 
[2015-03-20 17:16:08--640349]2015-01-10_16-39-19_703_10921, 
[2015-03-20 17:16:08--654303]2015-01-10_16-25-47_424_10902, 
[2015-03-20 17:16:08--735839]2015-01-10_16-25-47_690_10903, 
[2015-03-20 17:16:08--748688]2015-01-10_16-39-23_710_10924, 
[2015-03-20 17:16:08--773859]2015-01-10_16-39-22_755_10922,OOLU1575959 22G7
[2015-03-20 17:16:08--803591]2015-01-10_16-39-19_021_10919,OOLU1829190 22G1
[2015-03-20 17:18:24--502184]recv conta req 2015-01-10_16-39-23_710_10924! 
[2015-03-20 17:18:24--507894]recv conta req 2015-01-10_16-39-22_755_10922! 
[2015-03-20 17:18:24--525011]recv conta req 2015-01-10_16-39-19_703_10921! 
[2015-03-20 17:18:24--533995]recv conta req 2015-01-10_16-25-47_690_10903! 
[2015-03-20 17:18:24--546060]recv conta req 2015-01-10_16-39-19_021_10919! 
[2015-03-20 17:18:24--563567]recv conta req 2015-01-10_16-25-47_424_10902! 
[2015-03-20 17:18:25--424679]2015-01-10_16-39-19_703_10921, 
[2015-03-20 17:18:25--468362]2015-01-10_16-39-22_755_10922,OOLU1575959 22G7
[2015-03-20 17:18:25--488096]2015-01-10_16-25-47_690_10903, 
[2015-03-20 17:18:25--490828]2015-01-10_16-39-23_710_10924, 
[2015-03-20 17:18:25--533288]2015-01-10_16-25-47_424_10902, 
[2015-03-20 17:18:25--555165]2015-01-10_16-39-19_021_10919,OOLU1829190 22G1
[2015-03-20 17:21:11--067760]recv conta req 2015-01-10_16-39-23_710_10924! 
[2015-03-20 17:21:11--074087]recv conta req 2015-01-10_16-39-22_755_10922! 
[2015-03-20 17:21:11--082851]recv conta req 2015-01-10_16-39-19_703_10921! 
[2015-03-20 17:21:11--090388]recv conta req 2015-01-10_16-25-47_690_10903! 
[2015-03-20 17:21:11--093682]recv conta req 2015-01-10_16-39-19_021_10919! 
[2015-03-20 17:21:11--099425]recv conta req 2015-01-10_16-25-47_424_10902! 
[2015-03-20 17:21:11--983844]2015-01-10_16-39-19_703_10921, 
[2015-03-20 17:21:11--990588]2015-01-10_16-25-47_424_10902, 
[2015-03-20 17:21:12--017148]2015-01-10_16-39-23_710_10924, 
[2015-03-20 17:21:12--017153]2015-01-10_16-39-22_755_10922,OOLU1575959 22G7
[2015-03-20 17:21:12--030413]2015-01-10_16-25-47_690_10903, 
[2015-03-20 17:21:12--043591]2015-01-10_16-39-19_021_10919,OOLU1829190 22G1
[2015-03-20 17:22:00--279151]recv conta req 2015-01-10_16-39-23_710_10924! 
[2015-03-20 17:22:00--285703]recv conta req 2015-01-10_16-39-22_755_10922! 
[2015-03-20 17:22:00--291677]recv conta req 2015-01-10_16-25-47_690_10903! 
[2015-03-20 17:22:00--305296]recv conta req 2015-01-10_16-39-19_703_10921! 
[2015-03-20 17:22:00--336050]recv conta req 2015-01-10_16-39-19_021_10919! 
[2015-03-20 17:22:00--340214]recv conta req 2015-01-10_16-25-47_424_10902! 
[2015-03-20 17:22:01--120540]2015-01-10_16-39-22_755_10922,OOLU1575959 22G7
[2015-03-20 17:22:01--175331]2015-01-10_16-25-47_424_10902, 
[2015-03-20 17:22:01--220530]2015-01-10_16-39-19_703_10921, 
[2015-03-20 17:22:01--242124]2015-01-10_16-25-47_690_10903, 
[2015-03-20 17:22:01--251808]2015-01-10_16-39-19_021_10919,OOLU1829190 22G1
[2015-03-20 17:22:01--286028]2015-01-10_16-39-23_710_10924, 
[2015-03-20 17:22:34--043275]recv conta req 2015-01-10_16-39-23_710_10924! 
[2015-03-20 17:22:34--051063]recv conta req 2015-01-10_16-39-22_755_10922! 
[2015-03-20 17:22:34--058238]recv conta req 2015-01-10_16-25-47_690_10903! 
[2015-03-20 17:22:34--062575]recv conta req 2015-01-10_16-39-19_703_10921! 
[2015-03-20 17:22:34--100934]recv conta req 2015-01-10_16-25-47_424_10902! 
[2015-03-20 17:22:34--102991]recv conta req 2015-01-10_16-39-19_021_10919! 
[2015-03-20 17:22:34--873702]2015-01-10_16-39-19_703_10921, 
[2015-03-20 17:22:34--932995]2015-01-10_16-39-22_755_10922,OOLU1575959 22G7
[2015-03-20 17:22:34--958216]2015-01-10_16-25-47_424_10902, 
[2015-03-20 17:22:34--962504]2015-01-10_16-25-47_690_10903, 
[2015-03-20 17:22:34--972662]2015-01-10_16-39-23_710_10924, 
[2015-03-20 17:22:35--087309]2015-01-10_16-39-19_021_10919,OOLU1829190 22G1
[2015-03-20 17:24:23--867053]recv conta req 2015-01-10_16-39-22_755_10922! 
[2015-03-20 17:24:23--872200]recv conta req 2015-01-10_16-39-19_703_10921! 
[2015-03-20 17:24:23--881907]recv conta req 2015-01-10_16-39-23_710_10924! 
[2015-03-20 17:24:23--885180]recv conta req 2015-01-10_16-25-47_424_10902! 
[2015-03-20 17:24:23--902486]recv conta req 2015-01-10_16-25-47_690_10903! 
[2015-03-20 17:24:23--905939]recv conta req 2015-01-10_16-39-19_021_10919! 
[2015-03-20 17:24:24--746909]2015-01-10_16-25-47_424_10902, 
[2015-03-20 17:24:24--813424]2015-01-10_16-25-47_690_10903, 
[2015-03-20 17:24:24--839809]2015-01-10_16-39-22_755_10922,OOLU1575959 22G7
[2015-03-20 17:24:24--851789]2015-01-10_16-39-19_021_10919,OOLU1829190 22G1
[2015-03-20 17:24:24--861714]2015-01-10_16-39-23_710_10924, 
[2015-03-20 17:24:24--872408]2015-01-10_16-39-19_703_10921, 
[2015-03-20 17:26:42--118502]recv conta req 2015-01-10_16-39-23_710_10924! 
[2015-03-20 17:26:42--123904]recv conta req 2015-01-10_16-39-22_755_10922! 
[2015-03-20 17:26:42--134494]recv conta req 2015-01-10_16-25-47_690_10903! 
[2015-03-20 17:26:42--156133]recv conta req 2015-01-10_16-39-19_703_10921! 
[2015-03-20 17:26:42--173218]recv conta req 2015-01-10_16-25-47_424_10902! 
[2015-03-20 17:26:42--208891]recv conta req 2015-01-10_16-39-19_021_10919! 
[2015-03-20 17:26:42--963154]2015-01-10_16-39-22_755_10922,OOLU1575959 22G7
[2015-03-20 17:26:43--013584]2015-01-10_16-25-47_424_10902, 
[2015-03-20 17:26:43--100660]2015-01-10_16-25-47_690_10903, 
[2015-03-20 17:26:43--110159]2015-01-10_16-39-23_710_10924, 
[2015-03-20 17:26:43--115670]2015-01-10_16-39-19_703_10921, 
[2015-03-20 17:26:43--155829]2015-01-10_16-39-19_021_10919,OOLU1829190 22G1
[2015-03-20 17:29:05--777028]recv conta req 2015-01-10_16-39-23_710_10924! 
[2015-03-20 17:29:05--785699]recv conta req 2015-01-10_16-25-47_690_10903! 
[2015-03-20 17:29:05--787028]recv conta req 2015-01-10_16-39-22_755_10922! 
[2015-03-20 17:29:05--798213]recv conta req 2015-01-10_16-39-19_021_10919! 
[2015-03-20 17:29:05--808843]recv conta req 2015-01-10_16-39-19_703_10921! 
[2015-03-20 17:29:05--812800]recv conta req 2015-01-10_16-25-47_424_10902! 
[2015-03-20 17:29:06--611853]2015-01-10_16-39-22_755_10922,OOLU1575959 22G7
[2015-03-20 17:29:06--678695]2015-01-10_16-39-19_703_10921, 
[2015-03-20 17:29:06--686393]2015-01-10_16-25-47_424_10902, 
[2015-03-20 17:29:06--711272]2015-01-10_16-25-47_690_10903, 
[2015-03-20 17:29:06--758023]2015-01-10_16-39-23_710_10924, 
[2015-03-20 17:29:06--775327]2015-01-10_16-39-19_021_10919,OOLU1829190 22G1
[2015-03-20 17:32:00--990034]recv conta req 2015-01-10_16-39-23_710_10924! 
[2015-03-20 17:32:01--000595]recv conta req 2015-01-10_16-25-47_690_10903! 
[2015-03-20 17:32:01--005600]recv conta req 2015-01-10_16-39-22_755_10922! 
[2015-03-20 17:32:01--036664]recv conta req 2015-01-10_16-39-19_703_10921! 
[2015-03-20 17:32:01--043918]recv conta req 2015-01-10_16-39-19_021_10919! 
[2015-03-20 17:32:01--050556]recv conta req 2015-01-10_16-25-47_424_10902! 
[2015-03-20 17:32:01--810111]2015-01-10_16-25-47_424_10902, 
[2015-03-20 17:32:01--875968]2015-01-10_16-39-19_021_10919,OOLU1829190 22G1
[2015-03-20 17:32:01--934632]2015-01-10_16-25-47_690_10903, 
[2015-03-20 17:32:01--935317]2015-01-10_16-39-23_710_10924, 
[2015-03-20 17:32:01--946878]2015-01-10_16-39-22_755_10922,OOLU1575959 22G7
[2015-03-20 17:32:01--960322]2015-01-10_16-39-19_703_10921, 
[2015-03-20 17:33:19--804732]recv conta req 2015-01-10_16-39-23_710_10924! 
[2015-03-20 17:33:19--821698]recv conta req 2015-01-10_16-39-22_755_10922! 
[2015-03-20 17:33:19--827464]recv conta req 2015-01-10_16-25-47_690_10903! 
[2015-03-20 17:33:19--835694]recv conta req 2015-01-10_16-39-19_703_10921! 
[2015-03-20 17:33:19--881053]recv conta req 2015-01-10_16-39-19_021_10919! 
[2015-03-20 17:33:19--882141]recv conta req 2015-01-10_16-25-47_424_10902! 
[2015-03-20 17:33:20--704071]2015-01-10_16-39-19_703_10921, 
[2015-03-20 17:33:20--721992]2015-01-10_16-39-22_755_10922,OOLU1575959 22G7
[2015-03-20 17:33:20--772097]2015-01-10_16-25-47_690_10903, 
[2015-03-20 17:33:20--827149]2015-01-10_16-25-47_424_10902, 
[2015-03-20 17:33:20--833362]2015-01-10_16-39-23_710_10924, 
[2015-03-20 17:33:20--844262]2015-01-10_16-39-19_021_10919,OOLU1829190 22G1
[2015-03-20 17:35:41--771331]recv conta req 2015-01-10_16-39-23_710_10924! 
[2015-03-20 17:35:41--777629]recv conta req 2015-01-10_16-39-22_755_10922! 
[2015-03-20 17:35:41--783406]recv conta req 2015-01-10_16-25-47_690_10903! 
[2015-03-20 17:35:41--793112]recv conta req 2015-01-10_16-39-19_703_10921! 
[2015-03-20 17:35:41--793848]recv conta req 2015-01-10_16-39-19_021_10919! 
[2015-03-20 17:35:41--805167]recv conta req 2015-01-10_16-25-47_424_10902! 
[2015-03-20 17:35:42--720493]2015-01-10_16-25-47_690_10903, 
[2015-03-20 17:35:42--724141]2015-01-10_16-25-47_424_10902, 
[2015-03-20 17:35:42--796408]2015-01-10_16-39-22_755_10922,OOLU1575959 22G7
[2015-03-20 17:35:42--797004]2015-01-10_16-39-19_703_10921, 
[2015-03-20 17:35:42--804813]2015-01-10_16-39-23_710_10924, 
[2015-03-20 17:35:42--809578]2015-01-10_16-39-19_021_10919,OOLU1829190 22G1
[2015-03-20 17:41:59--236114]recv conta req 2015-01-10_16-39-23_710_10924! 
[2015-03-20 17:41:59--237427]recv conta req 2015-01-10_16-39-22_755_10922! 
[2015-03-20 17:41:59--243317]recv conta req 2015-01-10_16-25-47_690_10903! 
[2015-03-20 17:41:59--261822]recv conta req 2015-01-10_16-39-19_703_10921! 
[2015-03-20 17:41:59--280187]recv conta req 2015-01-10_16-39-19_021_10919! 
[2015-03-20 17:41:59--280473]recv conta req 2015-01-10_16-25-47_424_10902! 
[2015-03-20 17:42:00--239116]2015-01-10_16-25-47_424_10902, 
[2015-03-20 17:42:00--283736]2015-01-10_16-39-23_710_10924, 
[2015-03-20 17:42:00--317281]2015-01-10_16-39-19_703_10921, 
[2015-03-20 17:42:00--327869]2015-01-10_16-39-22_755_10922,OOLU1575959 22G7
[2015-03-20 17:42:00--338861]2015-01-10_16-25-47_690_10903, 
[2015-03-20 17:42:00--357309]2015-01-10_16-39-19_021_10919,OOLU1829190 22G1
[2015-03-20 17:44:59--551571]recv conta req 2015-01-10_16-39-23_710_10924! 
[2015-03-20 17:44:59--559255]recv conta req 2015-01-10_16-39-22_755_10922! 
[2015-03-20 17:44:59--567211]recv conta req 2015-01-10_16-25-47_690_10903! 
[2015-03-20 17:44:59--568838]recv conta req 2015-01-10_16-39-19_703_10921! 
[2015-03-20 17:44:59--581265]recv conta req 2015-01-10_16-39-19_021_10919! 
[2015-03-20 17:44:59--581860]recv conta req 2015-01-10_16-25-47_424_10902! 
[2015-03-20 17:45:00--480608]2015-01-10_16-25-47_690_10903, 
[2015-03-20 17:45:00--511255]2015-01-10_16-25-47_424_10902, 
[2015-03-20 17:45:00--512606]2015-01-10_16-39-22_755_10922,OOLU1575959 22G7
[2015-03-20 17:45:00--521710]2015-01-10_16-39-23_710_10924, 
[2015-03-20 17:45:00--548228]2015-01-10_16-39-19_703_10921, 
[2015-03-20 17:45:00--577260]2015-01-10_16-39-19_021_10919,OOLU1829190 22G1
[2015-03-20 17:46:12--865484]recv conta req 2015-01-10_16-39-23_710_10924! 
[2015-03-20 17:46:12--872480]recv conta req 2015-01-10_16-39-22_755_10922! 
[2015-03-20 17:46:12--875337]recv conta req 2015-01-10_16-25-47_690_10903! 
[2015-03-20 17:46:12--881688]recv conta req 2015-01-10_16-39-19_703_10921! 
[2015-03-20 17:46:12--886359]recv conta req 2015-01-10_16-39-19_021_10919! 
[2015-03-20 17:46:12--898460]recv conta req 2015-01-10_16-25-47_424_10902! 
[2015-03-20 17:46:13--657764]2015-01-10_16-25-47_424_10902, 
[2015-03-20 17:46:13--700238]2015-01-10_16-39-19_703_10921, 
[2015-03-20 17:46:13--781744]2015-01-10_16-25-47_690_10903, 
[2015-03-20 17:46:13--822873]2015-01-10_16-39-22_755_10922,OOLU1575959 22G7
[2015-03-20 17:46:13--831082]2015-01-10_16-39-23_710_10924, 
[2015-03-20 17:46:13--857030]2015-01-10_16-39-19_021_10919,OOLU1829190 22G1
[2015-03-20 17:46:27--753418]recv conta req 2015-01-10_16-39-23_710_10924! 
[2015-03-20 17:46:27--767574]recv conta req 2015-01-10_16-39-22_755_10922! 
[2015-03-20 17:46:27--772795]recv conta req 2015-01-10_16-25-47_690_10903! 
[2015-03-20 17:46:27--787842]recv conta req 2015-01-10_16-39-19_703_10921! 
[2015-03-20 17:46:27--797171]recv conta req 2015-01-10_16-39-19_021_10919! 
[2015-03-20 17:46:27--814475]recv conta req 2015-01-10_16-25-47_424_10902! 
[2015-03-20 17:46:28--585761]2015-01-10_16-25-47_424_10902, 
[2015-03-20 17:46:28--620298]2015-01-10_16-39-19_703_10921, 
[2015-03-20 17:46:28--686590]2015-01-10_16-39-22_755_10922,OOLU1575959 22G7
[2015-03-20 17:46:28--686641]2015-01-10_16-39-23_710_10924, 
[2015-03-20 17:46:28--723846]2015-01-10_16-25-47_690_10903, 
[2015-03-20 17:46:28--743133]2015-01-10_16-39-19_021_10919,OOLU1829190 22G1
[2015-03-20 17:46:42--746259]recv conta req 2015-01-10_16-39-23_710_10924! 
[2015-03-20 17:46:42--762068]recv conta req 2015-01-10_16-39-22_755_10922! 
[2015-03-20 17:46:42--763826]recv conta req 2015-01-10_16-25-47_690_10903! 
[2015-03-20 17:46:42--780909]recv conta req 2015-01-10_16-39-19_703_10921! 
[2015-03-20 17:46:42--791701]recv conta req 2015-01-10_16-39-19_021_10919! 
[2015-03-20 17:46:42--799997]recv conta req 2015-01-10_16-25-47_424_10902! 
[2015-03-20 17:46:43--677960]2015-01-10_16-25-47_424_10902, 
[2015-03-20 17:46:43--743756]2015-01-10_16-39-19_703_10921, 
[2015-03-20 17:46:43--766499]2015-01-10_16-25-47_690_10903, 
[2015-03-20 17:46:43--780194]2015-01-10_16-39-23_710_10924, 
[2015-03-20 17:46:43--813224]2015-01-10_16-39-19_021_10919,OOLU1829190 22G1
[2015-03-20 17:46:43--835338]2015-01-10_16-39-22_755_10922,OOLU1575959 22G7
[2015-03-20 17:46:57--741076]recv conta req 2015-01-10_16-39-23_710_10924! 
[2015-03-20 17:46:57--746898]recv conta req 2015-01-10_16-25-47_690_10903! 
[2015-03-20 17:46:57--746899]recv conta req 2015-01-10_16-39-22_755_10922! 
[2015-03-20 17:46:57--751876]recv conta req 2015-01-10_16-39-19_703_10921! 
[2015-03-20 17:46:57--758034]recv conta req 2015-01-10_16-39-19_021_10919! 
[2015-03-20 17:46:57--761903]recv conta req 2015-01-10_16-25-47_424_10902! 
[2015-03-20 17:46:58--625157]2015-01-10_16-39-19_703_10921, 
[2015-03-20 17:46:58--635402]2015-01-10_16-25-47_424_10902, 
[2015-03-20 17:46:58--673269]2015-01-10_16-25-47_690_10903, 
[2015-03-20 17:46:58--728538]2015-01-10_16-39-23_710_10924, 
[2015-03-20 17:46:58--729187]2015-01-10_16-39-19_021_10919,OOLU1829190 22G1
[2015-03-20 17:46:58--735494]2015-01-10_16-39-22_755_10922,OOLU1575959 22G7
[2015-03-20 17:47:14--218867]recv conta req 2015-01-10_16-39-23_710_10924! 
[2015-03-20 17:47:14--233884]recv conta req 2015-01-10_16-39-22_755_10922! 
[2015-03-20 17:47:14--238864]recv conta req 2015-01-10_16-39-19_703_10921! 
[2015-03-20 17:47:14--240332]recv conta req 2015-01-10_16-25-47_690_10903! 
[2015-03-20 17:47:14--261706]recv conta req 2015-01-10_16-39-19_021_10919! 
[2015-03-20 17:47:14--266278]recv conta req 2015-01-10_16-25-47_424_10902! 
[2015-03-20 17:47:15--133507]2015-01-10_16-25-47_424_10902, 
[2015-03-20 17:47:15--179193]2015-01-10_16-39-22_755_10922,OOLU1575959 22G7
[2015-03-20 17:47:15--190783]2015-01-10_16-39-19_703_10921, 
[2015-03-20 17:47:15--194078]2015-01-10_16-39-23_710_10924, 
[2015-03-20 17:47:15--238348]2015-01-10_16-25-47_690_10903, 
[2015-03-20 17:47:15--256918]2015-01-10_16-39-19_021_10919,OOLU1829190 22G1
[2015-03-20 17:47:40--354876]recv conta req 2015-01-10_16-39-23_710_10924! 
[2015-03-20 17:47:40--356488]recv conta req 2015-01-10_16-39-22_755_10922! 
[2015-03-20 17:47:40--363361]recv conta req 2015-01-10_16-25-47_690_10903! 
[2015-03-20 17:47:40--404983]recv conta req 2015-01-10_16-39-19_703_10921! 
[2015-03-20 17:47:40--406067]recv conta req 2015-01-10_16-39-19_021_10919! 
[2015-03-20 17:47:40--410099]recv conta req 2015-01-10_16-25-47_424_10902! 
[2015-03-20 17:47:41--199825]2015-01-10_16-39-19_703_10921, 
[2015-03-20 17:47:41--247301]2015-01-10_16-25-47_424_10902, 
[2015-03-20 17:47:41--254820]2015-01-10_16-39-22_755_10922,OOLU1575959 22G7
[2015-03-20 17:47:41--304912]2015-01-10_16-39-23_710_10924, 
[2015-03-20 17:47:41--343106]2015-01-10_16-25-47_690_10903, 
[2015-03-20 17:47:41--358898]2015-01-10_16-39-19_021_10919,OOLU1829190 22G1
[2015-03-20 17:58:55--911339]recv conta req 2015-01-10_16-39-23_710_10924! 
[2015-03-20 17:58:55--921096]recv conta req 2015-01-10_16-39-22_755_10922! 
[2015-03-20 17:58:55--926897]recv conta req 2015-01-10_16-25-47_690_10903! 
[2015-03-20 17:58:55--967687]recv conta req 2015-01-10_16-39-19_021_10919! 
[2015-03-20 17:58:55--967866]recv conta req 2015-01-10_16-39-19_703_10921! 
[2015-03-20 17:58:55--979501]recv conta req 2015-01-10_16-25-47_424_10902! 
[2015-03-20 17:58:56--925236]2015-01-10_16-39-19_703_10921, 
[2015-03-20 17:58:56--989048]2015-01-10_16-39-22_755_10922,OOLU1575959 22G7
[2015-03-20 17:58:57--003853]2015-01-10_16-25-47_424_10902, 
[2015-03-20 17:58:57--020841]2015-01-10_16-25-47_690_10903, 
[2015-03-20 17:58:57--031007]2015-01-10_16-39-23_710_10924, 
[2015-03-20 17:58:57--064913]2015-01-10_16-39-19_021_10919,OOLU1829190 22G1
[2015-03-20 17:59:10--719792]recv conta req 2015-01-10_16-39-23_710_10924! 
[2015-03-20 17:59:10--725321]recv conta req 2015-01-10_16-39-22_755_10922! 
[2015-03-20 17:59:10--736550]recv conta req 2015-01-10_16-25-47_690_10903! 
[2015-03-20 17:59:10--746420]recv conta req 2015-01-10_16-39-19_703_10921! 
[2015-03-20 17:59:10--782089]recv conta req 2015-01-10_16-39-19_021_10919! 
[2015-03-20 17:59:10--790216]recv conta req 2015-01-10_16-25-47_424_10902! 
[2015-03-20 17:59:11--616551]2015-01-10_16-39-19_703_10921, 
[2015-03-20 17:59:11--650627]2015-01-10_16-39-23_710_10924, 
[2015-03-20 17:59:11--652840]2015-01-10_16-39-22_755_10922,OOLU1575959 22G7
[2015-03-20 17:59:11--688129]2015-01-10_16-39-19_021_10919,OOLU1829190 22G1
[2015-03-20 17:59:11--694716]2015-01-10_16-25-47_424_10902, 
[2015-03-20 17:59:11--709290]2015-01-10_16-25-47_690_10903, 
[2015-03-20 17:59:25--753451]recv conta req 2015-01-10_16-39-23_710_10924! 
[2015-03-20 17:59:25--760497]recv conta req 2015-01-10_16-39-22_755_10922! 
[2015-03-20 17:59:25--780454]recv conta req 2015-01-10_16-39-19_703_10921! 
[2015-03-20 17:59:25--785472]recv conta req 2015-01-10_16-25-47_690_10903! 
[2015-03-20 17:59:25--812377]recv conta req 2015-01-10_16-25-47_424_10902! 
[2015-03-20 17:59:25--820877]recv conta req 2015-01-10_16-39-19_021_10919! 
[2015-03-20 17:59:26--663176]2015-01-10_16-39-19_703_10921, 
[2015-03-20 17:59:26--727837]2015-01-10_16-25-47_424_10902, 
[2015-03-20 17:59:26--774745]2015-01-10_16-39-22_755_10922,OOLU1575959 22G7
[2015-03-20 17:59:26--825608]2015-01-10_16-39-19_021_10919,OOLU1829190 22G1
[2015-03-20 17:59:26--843070]2015-01-10_16-39-23_710_10924, 
[2015-03-20 17:59:26--875759]2015-01-10_16-25-47_690_10903, 
[2015-03-20 17:59:40--728541]recv conta req 2015-01-10_16-39-23_710_10924! 
[2015-03-20 17:59:40--744322]recv conta req 2015-01-10_16-25-47_690_10903! 
[2015-03-20 17:59:40--744591]recv conta req 2015-01-10_16-39-22_755_10922! 
[2015-03-20 17:59:40--755401]recv conta req 2015-01-10_16-39-19_703_10921! 
[2015-03-20 17:59:40--771842]recv conta req 2015-01-10_16-39-19_021_10919! 
[2015-03-20 17:59:40--783941]recv conta req 2015-01-10_16-25-47_424_10902! 
[2015-03-20 17:59:41--570196]2015-01-10_16-39-19_703_10921, 
[2015-03-20 17:59:41--637001]2015-01-10_16-39-22_755_10922,OOLU1575959 22G7
[2015-03-20 17:59:41--669156]2015-01-10_16-25-47_424_10902, 
[2015-03-20 17:59:41--701775]2015-01-10_16-25-47_690_10903, 
[2015-03-20 17:59:41--709917]2015-01-10_16-39-23_710_10924, 
[2015-03-20 17:59:41--749465]2015-01-10_16-39-19_021_10919,OOLU1829190 22G1
[2015-03-20 17:59:55--742227]recv conta req 2015-01-10_16-39-23_710_10924! 
[2015-03-20 17:59:55--751076]recv conta req 2015-01-10_16-39-22_755_10922! 
[2015-03-20 17:59:55--755946]recv conta req 2015-01-10_16-25-47_690_10903! 
[2015-03-20 17:59:55--770273]recv conta req 2015-01-10_16-39-19_703_10921! 
[2015-03-20 17:59:55--813410]recv conta req 2015-01-10_16-39-19_021_10919! 
[2015-03-20 17:59:55--816270]recv conta req 2015-01-10_16-25-47_424_10902! 
[2015-03-20 17:59:56--588830]2015-01-10_16-39-19_703_10921, 
[2015-03-20 17:59:56--605930]2015-01-10_16-39-22_755_10922,OOLU1575959 22G7
[2015-03-20 17:59:56--636541]2015-01-10_16-25-47_424_10902, 
[2015-03-20 17:59:56--697609]2015-01-10_16-39-23_710_10924, 
[2015-03-20 17:59:56--709257]2015-01-10_16-25-47_690_10903, 
[2015-03-20 17:59:56--714593]2015-01-10_16-39-19_021_10919,OOLU1829190 22G1
[2015-03-20 18:02:46--559282]recv conta req 2015-01-10_16-39-23_710_10924! 
[2015-03-20 18:02:46--566256]recv conta req 2015-01-10_16-39-22_755_10922! 
[2015-03-20 18:02:46--576368]recv conta req 2015-01-10_16-25-47_690_10903! 
[2015-03-20 18:02:46--604709]recv conta req 2015-01-10_16-39-19_703_10921! 
[2015-03-20 18:02:46--619756]recv conta req 2015-01-10_16-39-19_021_10919! 
[2015-03-20 18:02:46--633437]recv conta req 2015-01-10_16-25-47_424_10902! 
[2015-03-20 18:02:47--492126]2015-01-10_16-39-22_755_10922,OOLU1575959 22G7
[2015-03-20 18:02:47--516564]2015-01-10_16-39-23_710_10924, 
[2015-03-20 18:02:47--516393]2015-01-10_16-25-47_424_10902, 
[2015-03-20 18:02:47--526764]2015-01-10_16-39-19_703_10921, 
[2015-03-20 18:02:47--557102]2015-01-10_16-25-47_690_10903, 
[2015-03-20 18:02:47--570063]2015-01-10_16-39-19_021_10919,OOLU1829190 22G1
[2015-03-20 18:04:29--642355]recv conta req 2015-01-10_16-39-23_710_10924! 
[2015-03-20 18:04:29--651991]recv conta req 2015-01-10_16-39-22_755_10922! 
[2015-03-20 18:04:29--663356]recv conta req 2015-01-10_16-39-19_703_10921! 
[2015-03-20 18:04:29--663955]recv conta req 2015-01-10_16-25-47_690_10903! 
[2015-03-20 18:04:29--681217]recv conta req 2015-01-10_16-39-19_021_10919! 
[2015-03-20 18:04:29--690425]recv conta req 2015-01-10_16-25-47_424_10902! 
[2015-03-20 18:04:30--485329]2015-01-10_16-39-19_703_10921, 
[2015-03-20 18:04:30--526882]2015-01-10_16-39-22_755_10922,OOLU1575959 22G7
[2015-03-20 18:04:30--533331]2015-01-10_16-25-47_424_10902, 
[2015-03-20 18:04:30--561887]2015-01-10_16-39-23_710_10924, 
[2015-03-20 18:04:30--576811]2015-01-10_16-25-47_690_10903, 
[2015-03-20 18:04:30--612610]2015-01-10_16-39-19_021_10919,OOLU1829190 22G1
[2015-03-20 18:04:44--749040]recv conta req 2015-01-10_16-39-23_710_10924! 
[2015-03-20 18:04:44--766850]recv conta req 2015-01-10_16-39-22_755_10922! 
[2015-03-20 18:04:44--779770]recv conta req 2015-01-10_16-25-47_690_10903! 
[2015-03-20 18:04:44--786920]recv conta req 2015-01-10_16-39-19_703_10921! 
[2015-03-20 18:04:44--796537]recv conta req 2015-01-10_16-39-19_021_10919! 
[2015-03-20 18:04:44--797253]recv conta req 2015-01-10_16-25-47_424_10902! 
[2015-03-20 18:04:45--583299]2015-01-10_16-39-19_703_10921, 
[2015-03-20 18:04:45--637950]2015-01-10_16-39-19_021_10919,OOLU1829190 22G1
[2015-03-20 18:04:45--667270]2015-01-10_16-25-47_424_10902, 
[2015-03-20 18:04:45--680115]2015-01-10_16-39-22_755_10922,OOLU1575959 22G7
[2015-03-20 18:04:45--702073]2015-01-10_16-25-47_690_10903, 
[2015-03-20 18:04:45--706457]2015-01-10_16-39-23_710_10924, 
[2015-03-20 18:04:59--752109]recv conta req 2015-01-10_16-39-23_710_10924! 
[2015-03-20 18:04:59--774008]recv conta req 2015-01-10_16-39-22_755_10922! 
[2015-03-20 18:04:59--786865]recv conta req 2015-01-10_16-25-47_690_10903! 
[2015-03-20 18:04:59--791674]recv conta req 2015-01-10_16-39-19_703_10921! 
[2015-03-20 18:04:59--810680]recv conta req 2015-01-10_16-39-19_021_10919! 
[2015-03-20 18:04:59--819514]recv conta req 2015-01-10_16-25-47_424_10902! 
[2015-03-20 18:05:00--643883]2015-01-10_16-25-47_424_10902, 
[2015-03-20 18:05:00--644730]2015-01-10_16-39-19_703_10921, 
[2015-03-20 18:05:00--658390]2015-01-10_16-39-22_755_10922,OOLU1575959 22G7
[2015-03-20 18:05:00--666816]2015-01-10_16-25-47_690_10903, 
[2015-03-20 18:05:00--719831]2015-01-10_16-39-23_710_10924, 
[2015-03-20 18:05:00--723796]2015-01-10_16-39-19_021_10919,OOLU1829190 22G1
[2015-03-20 18:05:14--808631]recv conta req 2015-01-10_16-39-23_710_10924! 
[2015-03-20 18:05:14--813813]recv conta req 2015-01-10_16-39-22_755_10922! 
[2015-03-20 18:05:14--825111]recv conta req 2015-01-10_16-25-47_690_10903! 
[2015-03-20 18:05:14--827986]recv conta req 2015-01-10_16-39-19_703_10921! 
[2015-03-20 18:05:14--849826]recv conta req 2015-01-10_16-39-19_021_10919! 
[2015-03-20 18:05:14--863461]recv conta req 2015-01-10_16-25-47_424_10902! 
[2015-03-20 18:05:15--618110]2015-01-10_16-39-22_755_10922,OOLU1575959 22G7
[2015-03-20 18:05:15--715829]2015-01-10_16-25-47_690_10903, 
[2015-03-20 18:05:15--722205]2015-01-10_16-39-19_703_10921, 
[2015-03-20 18:05:15--726368]2015-01-10_16-25-47_424_10902, 
[2015-03-20 18:05:15--808465]2015-01-10_16-39-19_021_10919,OOLU1829190 22G1
[2015-03-20 18:05:15--814921]2015-01-10_16-39-23_710_10924, 
[2015-03-20 18:05:31--766170]recv conta req 2015-01-10_16-39-23_710_10924! 
[2015-03-20 18:05:31--768126]recv conta req 2015-01-10_16-39-22_755_10922! 
[2015-03-20 18:05:31--783572]recv conta req 2015-01-10_16-25-47_690_10903! 
[2015-03-20 18:05:31--788484]recv conta req 2015-01-10_16-39-19_703_10921! 
[2015-03-20 18:05:31--817088]recv conta req 2015-01-10_16-39-19_021_10919! 
[2015-03-20 18:05:31--820621]recv conta req 2015-01-10_16-25-47_424_10902! 
[2015-03-20 18:05:32--727099]2015-01-10_16-39-19_703_10921, 
[2015-03-20 18:05:32--782848]2015-01-10_16-25-47_424_10902, 
[2015-03-20 18:05:32--845764]2015-01-10_16-25-47_690_10903, 
[2015-03-20 18:05:32--865085]2015-01-10_16-39-19_021_10919,OOLU1829190 22G1
[2015-03-20 18:05:32--912360]2015-01-10_16-39-23_710_10924, 
[2015-03-20 18:05:32--926375]2015-01-10_16-39-22_755_10922,OOLU1575959 22G7
[2015-03-20 18:05:46--762539]recv conta req 2015-01-10_16-39-23_710_10924! 
[2015-03-20 18:05:46--768745]recv conta req 2015-01-10_16-39-22_755_10922! 
[2015-03-20 18:05:46--772742]recv conta req 2015-01-10_16-25-47_690_10903! 
[2015-03-20 18:05:46--777369]recv conta req 2015-01-10_16-39-19_703_10921! 
[2015-03-20 18:05:46--795801]recv conta req 2015-01-10_16-39-19_021_10919! 
[2015-03-20 18:05:46--808358]recv conta req 2015-01-10_16-25-47_424_10902! 
[2015-03-20 18:05:47--656381]2015-01-10_16-25-47_424_10902, 
[2015-03-20 18:05:47--667109]2015-01-10_16-39-19_703_10921, 
[2015-03-20 18:05:47--694838]2015-01-10_16-39-22_755_10922,OOLU1575959 22G7
[2015-03-20 18:05:47--697689]2015-01-10_16-39-19_021_10919,OOLU1829190 22G1
[2015-03-20 18:05:47--714655]2015-01-10_16-39-23_710_10924, 
[2015-03-20 18:05:47--736147]2015-01-10_16-25-47_690_10903, 
[2015-03-20 18:05:59--706582]recv conta req 2015-01-10_16-39-23_710_10924! 
[2015-03-20 18:05:59--708979]recv conta req 2015-01-10_16-25-47_690_10903! 
[2015-03-20 18:05:59--713487]recv conta req 2015-01-10_16-39-22_755_10922! 
[2015-03-20 18:05:59--726243]recv conta req 2015-01-10_16-39-19_703_10921! 
[2015-03-20 18:05:59--732983]recv conta req 2015-01-10_16-39-19_021_10919! 
[2015-03-20 18:05:59--753202]recv conta req 2015-01-10_16-25-47_424_10902! 
[2015-03-20 18:06:00--657715]2015-01-10_16-39-19_703_10921, 
[2015-03-20 18:06:00--682793]2015-01-10_16-39-22_755_10922,OOLU1575959 22G7
[2015-03-20 18:06:00--687190]2015-01-10_16-25-47_424_10902, 
[2015-03-20 18:06:00--696171]2015-01-10_16-39-23_710_10924, 
[2015-03-20 18:06:00--712847]2015-01-10_16-25-47_690_10903, 
[2015-03-20 18:06:00--786939]2015-01-10_16-39-19_021_10919,OOLU1829190 22G1
[2015-03-20 18:06:14--721723]recv conta req 2015-01-10_16-39-23_710_10924! 
[2015-03-20 18:06:14--728165]recv conta req 2015-01-10_16-39-22_755_10922! 
[2015-03-20 18:06:14--732101]recv conta req 2015-01-10_16-25-47_690_10903! 
[2015-03-20 18:06:14--735897]recv conta req 2015-01-10_16-39-19_703_10921! 
[2015-03-20 18:06:14--763378]recv conta req 2015-01-10_16-39-19_021_10919! 
[2015-03-20 18:06:14--764694]recv conta req 2015-01-10_16-25-47_424_10902! 
[2015-03-20 18:06:15--652202]2015-01-10_16-25-47_424_10902, 
[2015-03-20 18:06:15--658422]2015-01-10_16-39-19_703_10921, 
[2015-03-20 18:06:15--658619]2015-01-10_16-39-23_710_10924, 
[2015-03-20 18:06:15--684267]2015-01-10_16-25-47_690_10903, 
[2015-03-20 18:06:15--685246]2015-01-10_16-39-22_755_10922,OOLU1575959 22G7
[2015-03-20 18:06:15--754706]2015-01-10_16-39-19_021_10919,OOLU1829190 22G1
[2015-03-20 18:06:29--757896]recv conta req 2015-01-10_16-39-23_710_10924! 
[2015-03-20 18:06:29--762510]recv conta req 2015-01-10_16-39-22_755_10922! 
[2015-03-20 18:06:29--768002]recv conta req 2015-01-10_16-25-47_690_10903! 
[2015-03-20 18:06:29--772448]recv conta req 2015-01-10_16-39-19_703_10921! 
[2015-03-20 18:06:29--806262]recv conta req 2015-01-10_16-39-19_021_10919! 
[2015-03-20 18:06:29--807822]recv conta req 2015-01-10_16-25-47_424_10902! 
[2015-03-20 18:06:30--603659]2015-01-10_16-39-19_703_10921, 
[2015-03-20 18:06:30--676852]2015-01-10_16-39-22_755_10922,OOLU1575959 22G7
[2015-03-20 18:06:30--685006]2015-01-10_16-25-47_690_10903, 
[2015-03-20 18:06:30--719252]2015-01-10_16-39-19_021_10919,OOLU1829190 22G1
[2015-03-20 18:06:30--720068]2015-01-10_16-39-23_710_10924, 
[2015-03-20 18:06:30--732562]2015-01-10_16-25-47_424_10902, 
[2015-03-20 18:06:44--708495]recv conta req 2015-01-10_16-39-23_710_10924! 
[2015-03-20 18:06:44--713098]recv conta req 2015-01-10_16-39-22_755_10922! 
[2015-03-20 18:06:44--718646]recv conta req 2015-01-10_16-25-47_690_10903! 
[2015-03-20 18:06:44--725522]recv conta req 2015-01-10_16-39-19_703_10921! 
[2015-03-20 18:06:44--761582]recv conta req 2015-01-10_16-39-19_021_10919! 
[2015-03-20 18:06:44--761637]recv conta req 2015-01-10_16-25-47_424_10902! 
[2015-03-20 18:06:45--579550]2015-01-10_16-25-47_424_10902, 
[2015-03-20 18:06:45--591096]2015-01-10_16-39-23_710_10924, 
[2015-03-20 18:06:45--675506]2015-01-10_16-25-47_690_10903, 
[2015-03-20 18:06:45--683108]2015-01-10_16-39-19_703_10921, 
[2015-03-20 18:06:45--696416]2015-01-10_16-39-19_021_10919,OOLU1829190 22G1
[2015-03-20 18:06:45--730685]2015-01-10_16-39-22_755_10922,OOLU1575959 22G7
[2015-03-20 18:06:59--769624]recv conta req 2015-01-10_16-39-23_710_10924! 
[2015-03-20 18:06:59--778516]recv conta req 2015-01-10_16-39-22_755_10922! 
[2015-03-20 18:06:59--783997]recv conta req 2015-01-10_16-25-47_690_10903! 
[2015-03-20 18:06:59--798970]recv conta req 2015-01-10_16-39-19_703_10921! 
[2015-03-20 18:06:59--830027]recv conta req 2015-01-10_16-25-47_424_10902! 
[2015-03-20 18:06:59--826934]recv conta req 2015-01-10_16-39-19_021_10919! 
[2015-03-20 18:07:00--761543]2015-01-10_16-39-22_755_10922,OOLU1575959 22G7
[2015-03-20 18:07:00--800882]2015-01-10_16-25-47_690_10903, 
[2015-03-20 18:07:00--801369]2015-01-10_16-39-19_703_10921, 
[2015-03-20 18:07:00--819407]2015-01-10_16-25-47_424_10902, 
[2015-03-20 18:07:00--868710]2015-01-10_16-39-23_710_10924, 
[2015-03-20 18:07:00--875169]2015-01-10_16-39-19_021_10919,OOLU1829190 22G1
[2015-03-20 18:07:14--726996]recv conta req 2015-01-10_16-39-23_710_10924! 
[2015-03-20 18:07:14--732807]recv conta req 2015-01-10_16-39-22_755_10922! 
[2015-03-20 18:07:14--752120]recv conta req 2015-01-10_16-25-47_690_10903! 
[2015-03-20 18:07:14--756579]recv conta req 2015-01-10_16-39-19_703_10921! 
[2015-03-20 18:07:14--761525]recv conta req 2015-01-10_16-39-19_021_10919! 
[2015-03-20 18:07:14--769268]recv conta req 2015-01-10_16-25-47_424_10902! 
[2015-03-20 18:07:15--652597]2015-01-10_16-39-19_703_10921, 
[2015-03-20 18:07:15--773370]2015-01-10_16-39-22_755_10922,OOLU1575959 22G7
[2015-03-20 18:07:15--812485]2015-01-10_16-25-47_424_10902, 
[2015-03-20 18:07:15--837529]2015-01-10_16-39-19_021_10919,OOLU1829190 22G1
[2015-03-20 18:07:15--847229]2015-01-10_16-25-47_690_10903, 
[2015-03-20 18:07:15--851173]2015-01-10_16-39-23_710_10924, 
[2015-03-20 18:07:29--762088]recv conta req 2015-01-10_16-39-23_710_10924! 
[2015-03-20 18:07:29--767316]recv conta req 2015-01-10_16-39-22_755_10922! 
[2015-03-20 18:07:29--774504]recv conta req 2015-01-10_16-25-47_690_10903! 
[2015-03-20 18:07:29--780474]recv conta req 2015-01-10_16-39-19_703_10921! 
[2015-03-20 18:07:29--793535]recv conta req 2015-01-10_16-39-19_021_10919! 
[2015-03-20 18:07:29--798077]recv conta req 2015-01-10_16-25-47_424_10902! 
[2015-03-20 18:07:30--613559]2015-01-10_16-39-22_755_10922,OOLU1575959 22G7
[2015-03-20 18:07:30--626166]2015-01-10_16-25-47_424_10902, 
[2015-03-20 18:07:30--675913]2015-01-10_16-39-19_021_10919,OOLU1829190 22G1
[2015-03-20 18:07:30--688711]2015-01-10_16-39-19_703_10921, 
[2015-03-20 18:07:30--724558]2015-01-10_16-39-23_710_10924, 
[2015-03-20 18:07:30--727412]2015-01-10_16-25-47_690_10903, 
[2015-03-20 18:07:44--761156]recv conta req 2015-01-10_16-39-23_710_10924! 
[2015-03-20 18:07:44--771507]recv conta req 2015-01-10_16-39-22_755_10922! 
[2015-03-20 18:07:44--772026]recv conta req 2015-01-10_16-25-47_690_10903! 
[2015-03-20 18:07:44--797076]recv conta req 2015-01-10_16-39-19_703_10921! 
[2015-03-20 18:07:44--798036]recv conta req 2015-01-10_16-39-19_021_10919! 
[2015-03-20 18:07:44--802565]recv conta req 2015-01-10_16-25-47_424_10902! 
[2015-03-20 18:07:45--590498]2015-01-10_16-25-47_424_10902, 
[2015-03-20 18:07:45--680248]2015-01-10_16-39-19_703_10921, 
[2015-03-20 18:07:45--693353]2015-01-10_16-39-22_755_10922,OOLU1575959 22G7
[2015-03-20 18:07:45--698835]2015-01-10_16-25-47_690_10903, 
[2015-03-20 18:07:45--741858]2015-01-10_16-39-19_021_10919,OOLU1829190 22G1
[2015-03-20 18:07:45--758047]2015-01-10_16-39-23_710_10924, 
[2015-03-20 18:07:59--726476]recv conta req 2015-01-10_16-39-23_710_10924! 
[2015-03-20 18:07:59--734975]recv conta req 2015-01-10_16-39-22_755_10922! 
[2015-03-20 18:07:59--735062]recv conta req 2015-01-10_16-25-47_690_10903! 
[2015-03-20 18:07:59--746186]recv conta req 2015-01-10_16-39-19_703_10921! 
[2015-03-20 18:07:59--753687]recv conta req 2015-01-10_16-39-19_021_10919! 
[2015-03-20 18:07:59--759901]recv conta req 2015-01-10_16-25-47_424_10902! 
[2015-03-20 18:08:00--675234]2015-01-10_16-39-23_710_10924, 
[2015-03-20 18:08:00--682292]2015-01-10_16-25-47_690_10903, 
[2015-03-20 18:08:00--704805]2015-01-10_16-39-19_021_10919,OOLU1829190 22G1
[2015-03-20 18:08:00--706682]2015-01-10_16-39-19_703_10921, 
[2015-03-20 18:08:00--713209]2015-01-10_16-25-47_424_10902, 
[2015-03-20 18:08:00--749605]2015-01-10_16-39-22_755_10922,OOLU1575959 22G7
[2015-03-20 18:08:14--700615]recv conta req 2015-01-10_16-39-23_710_10924! 
[2015-03-20 18:08:14--712338]recv conta req 2015-01-10_16-39-22_755_10922! 
[2015-03-20 18:08:14--714507]recv conta req 2015-01-10_16-25-47_690_10903! 
[2015-03-20 18:08:14--719337]recv conta req 2015-01-10_16-39-19_703_10921! 
[2015-03-20 18:08:14--760574]recv conta req 2015-01-10_16-39-19_021_10919! 
[2015-03-20 18:08:14--763049]recv conta req 2015-01-10_16-25-47_424_10902! 
[2015-03-20 18:08:15--632650]2015-01-10_16-39-23_710_10924, 
[2015-03-20 18:08:15--633494]2015-01-10_16-25-47_690_10903, 
[2015-03-20 18:08:15--648253]2015-01-10_16-39-19_021_10919,OOLU1829190 22G1
[2015-03-20 18:08:15--666073]2015-01-10_16-25-47_424_10902, 
[2015-03-20 18:08:15--708788]2015-01-10_16-39-19_703_10921, 
[2015-03-20 18:08:15--709278]2015-01-10_16-39-22_755_10922,OOLU1575959 22G7
[2015-03-20 18:08:29--717488]recv conta req 2015-01-10_16-39-23_710_10924! 
[2015-03-20 18:08:29--723741]recv conta req 2015-01-10_16-39-22_755_10922! 
[2015-03-20 18:08:29--726980]recv conta req 2015-01-10_16-25-47_690_10903! 
[2015-03-20 18:08:29--736179]recv conta req 2015-01-10_16-39-19_703_10921! 
[2015-03-20 18:08:29--739643]recv conta req 2015-01-10_16-39-19_021_10919! 
[2015-03-20 18:08:29--755159]recv conta req 2015-01-10_16-25-47_424_10902! 
[2015-03-20 18:08:30--680300]2015-01-10_16-39-22_755_10922,OOLU1575959 22G7
[2015-03-20 18:08:30--762369]2015-01-10_16-39-19_703_10921, 
[2015-03-20 18:08:30--791775]2015-01-10_16-25-47_424_10902, 
[2015-03-20 18:08:30--798873]2015-01-10_16-25-47_690_10903, 
[2015-03-20 18:08:30--803747]2015-01-10_16-39-19_021_10919,OOLU1829190 22G1
[2015-03-20 18:08:30--896778]2015-01-10_16-39-23_710_10924, 
[2015-03-20 18:08:44--762871]recv conta req 2015-01-10_16-39-23_710_10924! 
[2015-03-20 18:08:44--770404]recv conta req 2015-01-10_16-39-22_755_10922! 
[2015-03-20 18:08:44--774396]recv conta req 2015-01-10_16-25-47_690_10903! 
[2015-03-20 18:08:44--794369]recv conta req 2015-01-10_16-39-19_703_10921! 
[2015-03-20 18:08:44--801109]recv conta req 2015-01-10_16-39-19_021_10919! 
[2015-03-20 18:08:44--805301]recv conta req 2015-01-10_16-25-47_424_10902! 
[2015-03-20 18:08:45--596765]2015-01-10_16-39-19_703_10921, 
[2015-03-20 18:08:45--617484]2015-01-10_16-25-47_424_10902, 
[2015-03-20 18:08:45--693142]2015-01-10_16-39-22_755_10922,OOLU1575959 22G7
[2015-03-20 18:08:45--718326]2015-01-10_16-39-19_021_10919,OOLU1829190 22G1
[2015-03-20 18:08:45--721395]2015-01-10_16-25-47_690_10903, 
[2015-03-20 18:08:45--763702]2015-01-10_16-39-23_710_10924, 
[2015-03-20 18:08:59--743381]recv conta req 2015-01-10_16-39-23_710_10924! 
[2015-03-20 18:08:59--747745]recv conta req 2015-01-10_16-25-47_690_10903! 
[2015-03-20 18:08:59--747894]recv conta req 2015-01-10_16-39-22_755_10922! 
[2015-03-20 18:08:59--753608]recv conta req 2015-01-10_16-39-19_703_10921! 
[2015-03-20 18:08:59--759033]recv conta req 2015-01-10_16-39-19_021_10919! 
[2015-03-20 18:08:59--764384]recv conta req 2015-01-10_16-25-47_424_10902! 
[2015-03-20 18:09:00--608922]2015-01-10_16-39-19_703_10921, 
[2015-03-20 18:09:00--646349]2015-01-10_16-25-47_690_10903, 
[2015-03-20 18:09:00--648794]2015-01-10_16-39-22_755_10922,OOLU1575959 22G7
[2015-03-20 18:09:00--653297]2015-01-10_16-39-19_021_10919,OOLU1829190 22G1
[2015-03-20 18:09:00--689473]2015-01-10_16-39-23_710_10924, 
[2015-03-20 18:09:00--709603]2015-01-10_16-25-47_424_10902, 
[2015-03-20 18:09:14--742495]recv conta req 2015-01-10_16-39-23_710_10924! 
[2015-03-20 18:09:14--752245]recv conta req 2015-01-10_16-39-22_755_10922! 
[2015-03-20 18:09:14--756826]recv conta req 2015-01-10_16-25-47_690_10903! 
[2015-03-20 18:09:14--763665]recv conta req 2015-01-10_16-39-19_703_10921! 
[2015-03-20 18:09:14--773691]recv conta req 2015-01-10_16-39-19_021_10919! 
[2015-03-20 18:09:14--799851]recv conta req 2015-01-10_16-25-47_424_10902! 
[2015-03-20 18:09:15--645330]2015-01-10_16-39-22_755_10922,OOLU1575959 22G7
[2015-03-20 18:09:15--646580]2015-01-10_16-25-47_424_10902, 
[2015-03-20 18:09:15--737300]2015-01-10_16-25-47_690_10903, 
[2015-03-20 18:09:15--738255]2015-01-10_16-39-19_703_10921, 
[2015-03-20 18:09:15--760192]2015-01-10_16-39-19_021_10919,OOLU1829190 22G1
[2015-03-20 18:09:15--776449]2015-01-10_16-39-23_710_10924, 
[2015-03-20 18:09:29--696137]recv conta req 2015-01-10_16-39-23_710_10924! 
[2015-03-20 18:09:29--702753]recv conta req 2015-01-10_16-39-22_755_10922! 
[2015-03-20 18:09:29--710881]recv conta req 2015-01-10_16-39-19_703_10921! 
[2015-03-20 18:09:29--713133]recv conta req 2015-01-10_16-25-47_690_10903! 
[2015-03-20 18:09:29--733397]recv conta req 2015-01-10_16-39-19_021_10919! 
[2015-03-20 18:09:29--734396]recv conta req 2015-01-10_16-25-47_424_10902! 
[2015-03-20 18:09:30--575984]2015-01-10_16-39-22_755_10922,OOLU1575959 22G7
[2015-03-20 18:09:30--605666]2015-01-10_16-25-47_424_10902, 
[2015-03-20 18:09:30--620333]2015-01-10_16-39-19_703_10921, 
[2015-03-20 18:09:30--634241]2015-01-10_16-25-47_690_10903, 
[2015-03-20 18:09:30--694715]2015-01-10_16-39-23_710_10924, 
[2015-03-20 18:09:30--716340]2015-01-10_16-39-19_021_10919,OOLU1829190 22G1
[2015-03-20 18:09:44--785935]recv conta req 2015-01-10_16-39-23_710_10924! 
[2015-03-20 18:09:44--787801]recv conta req 2015-01-10_16-39-22_755_10922! 
[2015-03-20 18:09:44--795239]recv conta req 2015-01-10_16-25-47_690_10903! 
[2015-03-20 18:09:44--816191]recv conta req 2015-01-10_16-39-19_703_10921! 
[2015-03-20 18:09:44--846531]recv conta req 2015-01-10_16-39-19_021_10919! 
[2015-03-20 18:09:44--851976]recv conta req 2015-01-10_16-25-47_424_10902! 
[2015-03-20 18:09:45--621953]2015-01-10_16-39-22_755_10922,OOLU1575959 22G7
[2015-03-20 18:09:45--671421]2015-01-10_16-25-47_424_10902, 
[2015-03-20 18:09:45--686271]2015-01-10_16-39-19_703_10921, 
[2015-03-20 18:09:45--744060]2015-01-10_16-25-47_690_10903, 
[2015-03-20 18:09:45--750088]2015-01-10_16-39-23_710_10924, 
[2015-03-20 18:09:45--808354]2015-01-10_16-39-19_021_10919,OOLU1829190 22G1
[2015-03-20 18:09:59--782737]recv conta req 2015-01-10_16-39-22_755_10922! 
[2015-03-20 18:09:59--793450]recv conta req 2015-01-10_16-39-23_710_10924! 
[2015-03-20 18:09:59--802288]recv conta req 2015-01-10_16-25-47_690_10903! 
[2015-03-20 18:09:59--815355]recv conta req 2015-01-10_16-39-19_703_10921! 
[2015-03-20 18:09:59--821781]recv conta req 2015-01-10_16-39-19_021_10919! 
[2015-03-20 18:09:59--859474]recv conta req 2015-01-10_16-25-47_424_10902! 
[2015-03-20 18:10:00--618393]2015-01-10_16-25-47_424_10902, 
[2015-03-20 18:10:00--637448]2015-01-10_16-39-22_755_10922,OOLU1575959 22G7
[2015-03-20 18:10:00--689770]2015-01-10_16-39-23_710_10924, 
[2015-03-20 18:10:00--762704]2015-01-10_16-39-19_703_10921, 
[2015-03-20 18:10:00--774383]2015-01-10_16-25-47_690_10903, 
[2015-03-20 18:10:00--822609]2015-01-10_16-39-19_021_10919,OOLU1829190 22G1
[2015-03-20 18:10:14--777299]recv conta req 2015-01-10_16-39-23_710_10924! 
[2015-03-20 18:10:14--781767]recv conta req 2015-01-10_16-39-22_755_10922! 
[2015-03-20 18:10:14--788366]recv conta req 2015-01-10_16-25-47_690_10903! 
[2015-03-20 18:10:14--798381]recv conta req 2015-01-10_16-39-19_703_10921! 
[2015-03-20 18:10:14--800824]recv conta req 2015-01-10_16-39-19_021_10919! 
[2015-03-20 18:10:14--810012]recv conta req 2015-01-10_16-25-47_424_10902! 
[2015-03-20 18:10:15--639713]2015-01-10_16-25-47_424_10902, 
[2015-03-20 18:10:15--692614]2015-01-10_16-39-19_703_10921, 
[2015-03-20 18:10:15--711405]2015-01-10_16-39-22_755_10922,OOLU1575959 22G7
[2015-03-20 18:10:15--761678]2015-01-10_16-39-23_710_10924, 
[2015-03-20 18:10:15--815433]2015-01-10_16-25-47_690_10903, 
[2015-03-20 18:10:15--839980]2015-01-10_16-39-19_021_10919,OOLU1829190 22G1
[2015-03-20 18:10:29--791150]recv conta req 2015-01-10_16-39-23_710_10924! 
[2015-03-20 18:10:29--796405]recv conta req 2015-01-10_16-39-22_755_10922! 
[2015-03-20 18:10:29--802386]recv conta req 2015-01-10_16-25-47_690_10903! 
[2015-03-20 18:10:29--806162]recv conta req 2015-01-10_16-39-19_703_10921! 
[2015-03-20 18:10:29--814241]recv conta req 2015-01-10_16-39-19_021_10919! 
[2015-03-20 18:10:29--865666]recv conta req 2015-01-10_16-25-47_424_10902! 
[2015-03-20 18:10:30--705157]2015-01-10_16-39-19_703_10921, 
[2015-03-20 18:10:30--740827]2015-01-10_16-39-23_710_10924, 
[2015-03-20 18:10:30--739834]2015-01-10_16-39-22_755_10922,OOLU1575959 22G7
[2015-03-20 18:10:30--774193]2015-01-10_16-25-47_424_10902, 
[2015-03-20 18:10:30--789362]2015-01-10_16-25-47_690_10903, 
[2015-03-20 18:10:30--813985]2015-01-10_16-39-19_021_10919,OOLU1829190 22G1
[2015-03-20 18:10:44--721732]recv conta req 2015-01-10_16-39-23_710_10924! 
[2015-03-20 18:10:44--725253]recv conta req 2015-01-10_16-39-22_755_10922! 
[2015-03-20 18:10:44--730487]recv conta req 2015-01-10_16-25-47_690_10903! 
[2015-03-20 18:10:44--736873]recv conta req 2015-01-10_16-39-19_703_10921! 
[2015-03-20 18:10:44--744148]recv conta req 2015-01-10_16-39-19_021_10919! 
[2015-03-20 18:10:44--785881]recv conta req 2015-01-10_16-25-47_424_10902! 
[2015-03-20 18:10:45--721798]2015-01-10_16-39-19_703_10921, 
[2015-03-20 18:10:45--737403]2015-01-10_16-25-47_424_10902, 
[2015-03-20 18:10:45--812081]2015-01-10_16-39-22_755_10922,OOLU1575959 22G7
[2015-03-20 18:10:45--828920]2015-01-10_16-39-19_021_10919,OOLU1829190 22G1
[2015-03-20 18:10:45--845879]2015-01-10_16-25-47_690_10903, 
[2015-03-20 18:10:45--861831]2015-01-10_16-39-23_710_10924, 
[2015-03-20 18:10:59--721609]recv conta req 2015-01-10_16-39-23_710_10924! 
[2015-03-20 18:10:59--727123]recv conta req 2015-01-10_16-39-22_755_10922! 
[2015-03-20 18:10:59--737651]recv conta req 2015-01-10_16-25-47_690_10903! 
[2015-03-20 18:10:59--751475]recv conta req 2015-01-10_16-39-19_703_10921! 
[2015-03-20 18:10:59--792367]recv conta req 2015-01-10_16-39-19_021_10919! 
[2015-03-20 18:10:59--808772]recv conta req 2015-01-10_16-25-47_424_10902! 
[2015-03-20 18:11:00--585852]2015-01-10_16-39-19_703_10921, 
[2015-03-20 18:11:00--592488]2015-01-10_16-25-47_424_10902, 
[2015-03-20 18:11:00--594044]2015-01-10_16-25-47_690_10903, 
[2015-03-20 18:11:00--654507]2015-01-10_16-39-22_755_10922,OOLU1575959 22G7
[2015-03-20 18:11:00--719263]2015-01-10_16-39-23_710_10924, 
[2015-03-20 18:11:00--754039]2015-01-10_16-39-19_021_10919,OOLU1829190 22G1
