[2015-02-09 23:31:34--660675]5.jpg,IIIU7???46? 22G1
[2015-02-09 23:31:35--901015]recv conta req 9.jpg! 
[2015-02-09 23:31:39--907698]recv conta req 13.jpg! 
[2015-02-09 23:31:43--906768]recv conta req 17.jpg! 
[2015-02-09 23:31:44--130157]9.jpg,MRKU3324814 45G1
[2015-02-09 23:31:46--455090]17.jpg,SEGU1445915 22G1
[2015-02-09 23:31:47--908492]recv conta req 21.jpg! 
[2015-02-09 23:31:48--899350]21.jpg,TRLU8984373 22G1
[2015-02-09 23:31:48--916631]13.jpg,FSCU7372776 22G1
[2015-02-09 23:31:51--910373]recv conta req 25.jpg! 
[2015-02-09 23:31:52--503180]25.jpg, 
[2015-02-09 23:31:55--912626]recv conta req 29.jpg! 
[2015-02-09 23:31:56--515053]29.jpg,SEGU9039975 45R1
[2015-02-09 23:31:59--915554]recv conta req 33.jpg! 
[2015-02-09 23:32:00--697021]33.jpg,PHLU2031555 22G1
[2015-02-09 23:32:03--918520]recv conta req 2.jpg! 
[2015-02-09 23:32:07--921010]recv conta req 6.jpg! 
[2015-02-09 23:32:08--117432]2.jpg,GESU5520648 45G1
[2015-02-09 23:32:10--479261]6.jpg,MRKU8566960 22G1
[2015-02-09 23:32:11--924931]recv conta req 10.jpg! 
[2015-02-09 23:32:15--927662]recv conta req 14.jpg! 
[2015-02-09 23:32:19--929607]recv conta req 18.jpg! 
[2015-02-09 23:32:21--919772]18.jpg,CRXU1866805 22G1
[2015-02-09 23:32:22--974243]10.jpg,CSLU1475718 22G1
[2015-02-09 23:32:23--298199]14.jpg,MRKU9670500 22G1
[2015-02-09 23:32:23--929509]recv conta req 22.jpg! 
[2015-02-09 23:32:24--529230]22.jpg,TCLU2873584 22G1
[2015-02-09 23:32:27--932792]recv conta req 26.jpg! 
[2015-02-09 23:32:28--618927]26.jpg,CRSU9147318 45G1
[2015-02-09 23:32:31--934667]recv conta req 30.jpg! 
[2015-02-09 23:32:32--525569]30.jpg,CMAU4559732 45G1
[2015-02-09 23:32:35--937636]recv conta req 34.jpg! 
[2015-02-09 23:32:36--647622]34.jpg,CMAU4555275 45G1
[2015-02-09 23:32:39--940820]recv conta req 3.jpg! 
[2015-02-09 23:32:43--766745]3.jpg,EITU1067234 45G1
[2015-02-09 23:32:43--944827]recv conta req 7.jpg! 
[2015-02-09 23:32:47--945933]recv conta req 11.jpg! 
[2015-02-09 23:32:51--948841]recv conta req 15.jpg! 
[2015-02-09 23:32:55--949278]recv conta req 19.jpg! 
[2015-02-09 23:32:56--719351]11.jpg,MSKU0004911 45G1
[2015-02-09 23:32:57--251332]7.jpg, 
[2015-02-09 23:32:57--393554]19.jpg,MSKU1685954 45G1
[2015-02-09 23:32:57--999126]15.jpg,MAXU2423284 
[2015-02-09 23:32:59--952807]recv conta req 23.jpg! 
[2015-02-09 23:33:00--561859]23.jpg,APHU6639762 45G1
[2015-02-09 23:33:03--955077]recv conta req 27.jpg! 
[2015-02-09 23:33:04--758428]27.jpg,MRKU0995640 42G1
[2015-02-09 23:33:07--957723]recv conta req 31.jpg! 
[2015-02-09 23:33:08--647663]31.jpg,WSDU4921322 45G1
[2015-02-09 23:33:11--960075]recv conta req 35.jpg! 
[2015-02-09 23:33:12--709357]35.jpg,WSDU4920250 45G1
[2015-02-09 23:33:15--962181]recv conta req 4.jpg! 
[2015-02-09 23:33:17--428999]4.jpg,MSKU4011903 22G1
[2015-02-09 23:33:19--967182]recv conta req 8.jpg! 
[2015-02-09 23:33:23--969471]recv conta req 12.jpg! 
[2015-02-09 23:33:27--537572]8.jpg,CCLU6287245 45G1
[2015-02-09 23:33:27--969814]recv conta req 16.jpg! 
[2015-02-09 23:33:29--961224]16.jpg,TEMU3075040 22G1
[2015-02-09 23:33:31--972970]recv conta req 20.jpg! 
[2015-02-09 23:33:33--084653]20.jpg,FCIU4591874 22G1
[2015-02-09 23:33:34--433003]12.jpg,MEDU1861156 22G1
[2015-02-09 23:33:35--975475]recv conta req 24.jpg! 
[2015-02-09 23:33:36--766050]24.jpg,SEGU1904022 22G1
[2015-02-09 23:33:39--976716]recv conta req 28.jpg! 
[2015-02-09 23:33:40--794067]28.jpg,FCIU8609740 45G1
[2015-02-09 23:33:43--979521]recv conta req 32.jpg! 
[2015-02-09 23:33:44--648080]32.jpg,CITU1173790 45G1
[2015-02-09 23:33:47--982092]recv conta req 1.jpg! 
[2015-02-09 23:33:49--842811]1.jpg,MSKU9550132 45G1
[2015-02-09 23:33:51--986382]recv conta req 5.jpg! 
[2015-02-09 23:33:54--768207]5.jpg,IIIU7???46? 22G1
[2015-02-09 23:33:55--989379]recv conta req 9.jpg! 
[2015-02-09 23:33:59--991393]recv conta req 13.jpg! 
[2015-02-09 23:34:03--993936]recv conta req 17.jpg! 
[2015-02-09 23:34:05--859768]9.jpg,MRKU3324814 45G1
[2015-02-09 23:34:06--530130]17.jpg,SEGU1445915 22G1
[2015-02-09 23:34:07--996438]recv conta req 21.jpg! 
[2015-02-09 23:34:08--925469]21.jpg,TRLU8984373 22G1
[2015-02-09 23:34:08--967381]13.jpg,FSCU7372776 22G1
[2015-02-09 23:34:11--998685]recv conta req 25.jpg! 
[2015-02-09 23:34:12--599735]25.jpg, 
[2015-02-09 23:34:16--001778]recv conta req 29.jpg! 
[2015-02-09 23:34:16--621005]29.jpg,SEGU9039975 45R1
[2015-02-09 23:34:20--003969]recv conta req 33.jpg! 
[2015-02-09 23:34:20--772149]33.jpg,PHLU2031555 22G1
[2015-02-09 23:34:24--006978]recv conta req 2.jpg! 
[2015-02-09 23:34:27--778173]2.jpg,GESU5520648 45G1
[2015-02-09 23:34:28--011239]recv conta req 6.jpg! 
[2015-02-09 23:34:30--348875]6.jpg,MRKU8566960 22G1
[2015-02-09 23:34:32--013386]recv conta req 10.jpg! 
[2015-02-09 23:34:36--017170]recv conta req 14.jpg! 
[2015-02-09 23:34:40--016715]recv conta req 18.jpg! 
[2015-02-09 23:34:41--419684]10.jpg,CSLU1475718 22G1
[2015-02-09 23:34:42--004469]18.jpg,CRXU1866805 22G1
[2015-02-09 23:34:44--000553]14.jpg,MRKU9670500 22G1
[2015-02-09 23:34:44--057773]recv conta req 22.jpg! 
[2015-02-09 23:34:44--666023]22.jpg,TCLU2873584 22G1
[2015-02-09 23:34:48--021264]recv conta req 26.jpg! 
[2015-02-09 23:34:48--736905]26.jpg,CRSU9147318 45G1
[2015-02-09 23:34:52--023986]recv conta req 30.jpg! 
[2015-02-09 23:34:52--638605]30.jpg,CMAU4559732 45G1
[2015-02-09 23:34:56--026483]recv conta req 34.jpg! 
[2015-02-09 23:34:56--754317]34.jpg,CMAU4555275 45G1
[2015-02-09 23:35:00--029702]recv conta req 3.jpg! 
[2015-02-09 23:35:03--797571]3.jpg,EITU1067234 45G1
[2015-02-09 23:35:04--034031]recv conta req 7.jpg! 
[2015-02-09 23:35:08--036089]recv conta req 11.jpg! 
[2015-02-09 23:35:12--038243]recv conta req 15.jpg! 
[2015-02-09 23:35:16--038702]recv conta req 19.jpg! 
[2015-02-09 23:35:16--966397]11.jpg,MSKU0004911 45G1
[2015-02-09 23:35:17--577019]7.jpg, 
[2015-02-09 23:35:17--946766]15.jpg,MAXU2423284 
[2015-02-09 23:35:17--988277]19.jpg,MSKU1685954 45G1
[2015-02-09 23:35:20--042619]recv conta req 23.jpg! 
[2015-02-09 23:35:20--656279]23.jpg,APHU6639762 45G1
[2015-02-09 23:35:24--044503]recv conta req 27.jpg! 
[2015-02-09 23:35:24--856571]27.jpg,MRKU0995640 42G1
[2015-02-09 23:35:28--046574]recv conta req 31.jpg! 
[2015-02-09 23:35:28--762834]31.jpg,WSDU4921322 45G1
[2015-02-09 23:35:32--048821]recv conta req 35.jpg! 
[2015-02-09 23:35:32--801322]35.jpg,WSDU4920250 45G1
[2015-02-09 23:35:36--051207]recv conta req 4.jpg! 
[2015-02-09 23:35:37--504496]4.jpg,MSKU4011903 22G1
[2015-02-09 23:35:40--055715]recv conta req 8.jpg! 
[2015-02-09 23:35:44--059665]recv conta req 12.jpg! 
[2015-02-09 23:35:45--204984]8.jpg,CCLU6287245 45G1
[2015-02-09 23:35:48--060037]recv conta req 16.jpg! 
[2015-02-09 23:35:49--853123]16.jpg,TEMU3075040 22G1
[2015-02-09 23:35:52--062406]recv conta req 20.jpg! 
[2015-02-09 23:35:53--098483]20.jpg,FCIU4591874 22G1
[2015-02-09 23:35:53--971323]12.jpg,MEDU1861156 22G1
[2015-02-09 23:35:56--064083]recv conta req 24.jpg! 
[2015-02-09 23:35:56--769861]24.jpg,SEGU1904022 22G1
[2015-02-09 23:36:00--066500]recv conta req 28.jpg! 
[2015-02-09 23:36:00--812420]28.jpg,FCIU8609740 45G1
[2015-02-09 23:36:04--069306]recv conta req 32.jpg! 
[2015-02-09 23:36:04--747981]32.jpg,CITU1173790 45G1
[2015-02-09 23:36:08--073267]recv conta req 1.jpg! 
[2015-02-09 23:36:10--164126]1.jpg,MSKU9550132 45G1
[2015-02-09 23:36:12--074632]recv conta req 5.jpg! 
[2015-02-09 23:36:14--877162]5.jpg,IIIU7???46? 22G1
[2015-02-09 23:36:16--078899]recv conta req 9.jpg! 
[2015-02-09 23:36:20--080348]recv conta req 13.jpg! 
[2015-02-09 23:36:24--082182]recv conta req 17.jpg! 
[2015-02-09 23:36:24--729130]9.jpg,MRKU3324814 45G1
[2015-02-09 23:36:26--153953]17.jpg,SEGU1445915 22G1
[2015-02-09 23:36:28--084207]recv conta req 21.jpg! 
[2015-02-09 23:36:28--945822]13.jpg,FSCU7372776 22G1
[2015-02-09 23:36:29--001208]21.jpg,TRLU8984373 22G1
[2015-02-09 23:36:32--085921]recv conta req 25.jpg! 
[2015-02-09 23:36:32--720241]25.jpg, 
[2015-02-09 23:36:36--088917]recv conta req 29.jpg! 
[2015-02-09 23:36:36--735485]29.jpg,SEGU9039975 45R1
[2015-02-09 23:36:40--091051]recv conta req 33.jpg! 
[2015-02-09 23:36:40--938509]33.jpg,PHLU2031555 22G1
[2015-02-09 23:36:44--094663]recv conta req 2.jpg! 
[2015-02-09 23:36:47--964195]2.jpg,GESU5520648 45G1
[2015-02-09 23:36:48--096828]recv conta req 6.jpg! 
[2015-02-09 23:36:50--484763]6.jpg,MRKU8566960 22G1
[2015-02-09 23:36:52--100125]recv conta req 10.jpg! 
[2015-02-09 23:36:56--104353]recv conta req 14.jpg! 
[2015-02-09 23:37:00--104843]recv conta req 18.jpg! 
[2015-02-09 23:37:02--095822]18.jpg,CRXU1866805 22G1
[2015-02-09 23:37:02--183864]10.jpg,CSLU1475718 22G1
[2015-02-09 23:37:04--106292]recv conta req 22.jpg! 
[2015-02-09 23:37:04--650414]14.jpg,MRKU9670500 22G1
[2015-02-09 23:37:04--736174]22.jpg,TCLU2873584 22G1
[2015-02-09 23:37:08--109238]recv conta req 26.jpg! 
[2015-02-09 23:37:08--881416]26.jpg,CRSU9147318 45G1
[2015-02-09 23:37:12--110730]recv conta req 30.jpg! 
[2015-02-09 23:37:12--738277]30.jpg,CMAU4559732 45G1
[2015-02-09 23:37:16--113241]recv conta req 34.jpg! 
[2015-02-09 23:37:16--888765]34.jpg,CMAU4555275 45G1
[2015-02-09 23:37:20--116472]recv conta req 3.jpg! 
[2015-02-09 23:37:24--016045]3.jpg,EITU1067234 45G1
[2015-02-09 23:37:24--120863]recv conta req 7.jpg! 
[2015-02-09 23:37:28--122229]recv conta req 11.jpg! 
[2015-02-09 23:37:32--125197]recv conta req 15.jpg! 
[2015-02-09 23:37:36--126770]recv conta req 19.jpg! 
[2015-02-09 23:37:36--846582]15.jpg,MAXU2423284 
[2015-02-09 23:37:36--988618]7.jpg, 
[2015-02-09 23:37:37--848317]19.jpg,MSKU1685954 45G1
[2015-02-09 23:37:38--694327]11.jpg,MSKU0004911 45G1
[2015-02-09 23:37:40--128586]recv conta req 23.jpg! 
[2015-02-09 23:37:40--762909]23.jpg,APHU6639762 45G1
[2015-02-09 23:37:44--130719]recv conta req 27.jpg! 
[2015-02-09 23:37:44--920375]27.jpg,MRKU0995640 42G1
[2015-02-09 23:37:48--132699]recv conta req 31.jpg! 
[2015-02-09 23:37:48--849729]31.jpg,WSDU4921322 45G1
[2015-02-09 23:37:52--135118]recv conta req 35.jpg! 
[2015-02-09 23:37:52--890895]35.jpg,WSDU4920250 45G1
[2015-02-09 23:37:56--138068]recv conta req 4.jpg! 
[2015-02-09 23:37:57--710960]4.jpg,MSKU4011903 22G1
[2015-02-09 23:38:00--142555]recv conta req 8.jpg! 
[2015-02-09 23:38:04--144971]recv conta req 12.jpg! 
[2015-02-09 23:38:05--520913]8.jpg,CCLU6287245 45G1
[2015-02-09 23:38:08--145345]recv conta req 16.jpg! 
[2015-02-09 23:38:10--161370]16.jpg,TEMU3075040 22G1
[2015-02-09 23:38:12--147233]recv conta req 20.jpg! 
[2015-02-09 23:38:13--500741]12.jpg,MEDU1861156 22G1
[2015-02-09 23:38:13--887838]20.jpg,FCIU4591874 22G1
[2015-02-09 23:38:16--150330]recv conta req 24.jpg! 
[2015-02-09 23:38:16--810126]24.jpg,SEGU1904022 22G1
[2015-02-09 23:38:20--152300]recv conta req 28.jpg! 
[2015-02-09 23:38:20--952072]28.jpg,FCIU8609740 45G1
[2015-02-09 23:38:24--157079]recv conta req 32.jpg! 
[2015-02-09 23:38:24--974419]32.jpg,CITU1173790 45G1
[2015-02-09 23:38:28--157581]recv conta req 1.jpg! 
[2015-02-09 23:38:29--923645]1.jpg,MSKU9550132 45G1
[2015-02-09 23:38:32--160435]recv conta req 5.jpg! 
[2015-02-09 23:38:35--097142]5.jpg,IIIU7???46? 22G1
[2015-02-09 23:38:36--164566]recv conta req 9.jpg! 
[2015-02-09 23:38:40--167056]recv conta req 13.jpg! 
[2015-02-09 23:38:44--166970]recv conta req 17.jpg! 
[2015-02-09 23:38:46--779972]17.jpg,SEGU1445915 22G1
[2015-02-09 23:38:46--880924]9.jpg,MRKU3324814 45G1
[2015-02-09 23:38:48--169856]recv conta req 21.jpg! 
[2015-02-09 23:38:49--126318]13.jpg,FSCU7372776 22G1
[2015-02-09 23:38:49--226007]21.jpg,TRLU8984373 22G1
[2015-02-09 23:38:52--171689]recv conta req 25.jpg! 
[2015-02-09 23:38:52--821815]25.jpg, 
[2015-02-09 23:38:56--174930]recv conta req 29.jpg! 
[2015-02-09 23:38:56--831694]29.jpg,SEGU9039975 45R1
[2015-02-09 23:39:00--176961]recv conta req 33.jpg! 
[2015-02-09 23:39:01--045908]33.jpg,PHLU2031555 22G1
[2015-02-09 23:39:04--179644]recv conta req 2.jpg! 
[2015-02-09 23:39:08--035729]2.jpg,GESU5520648 45G1
[2015-02-09 23:39:08--182519]recv conta req 6.jpg! 
[2015-02-09 23:39:10--625362]6.jpg,MRKU8566960 22G1
[2015-02-09 23:39:12--185893]recv conta req 10.jpg! 
[2015-02-09 23:39:16--189066]recv conta req 14.jpg! 
[2015-02-09 23:39:20--189277]recv conta req 18.jpg! 
[2015-02-09 23:39:22--128008]18.jpg,CRXU1866805 22G1
[2015-02-09 23:39:23--245198]10.jpg,CSLU1475718 22G1
[2015-02-09 23:39:23--980988]14.jpg,MRKU9670500 22G1
[2015-02-09 23:39:24--191981]recv conta req 22.jpg! 
[2015-02-09 23:39:24--868543]22.jpg,TCLU2873584 22G1
[2015-02-09 23:39:28--194139]recv conta req 26.jpg! 
[2015-02-09 23:39:28--965435]26.jpg,CRSU9147318 45G1
[2015-02-09 23:39:32--196543]recv conta req 30.jpg! 
[2015-02-09 23:39:32--852253]30.jpg,CMAU4559732 45G1
[2015-02-09 23:39:36--199036]recv conta req 34.jpg! 
[2015-02-09 23:39:36--934687]34.jpg,CMAU4555275 45G1
[2015-02-09 23:39:40--202196]recv conta req 3.jpg! 
[2015-02-09 23:39:44--086299]3.jpg,EITU1067234 45G1
[2015-02-09 23:39:44--205899]recv conta req 7.jpg! 
[2015-02-09 23:39:48--207837]recv conta req 11.jpg! 
[2015-02-09 23:39:52--210145]recv conta req 15.jpg! 
[2015-02-09 23:39:56--211087]recv conta req 19.jpg! 
[2015-02-09 23:39:57--106797]7.jpg, 
[2015-02-09 23:39:57--981940]15.jpg,MAXU2423284 
[2015-02-09 23:39:58--107520]19.jpg,MSKU1685954 45G1
[2015-02-09 23:39:58--465461]11.jpg,MSKU0004911 45G1
[2015-02-09 23:40:00--214389]recv conta req 23.jpg! 
[2015-02-09 23:40:00--883146]23.jpg,APHU6639762 45G1
[2015-02-09 23:40:04--216648]recv conta req 27.jpg! 
[2015-02-09 23:40:05--025488]27.jpg,MRKU0995640 42G1
[2015-02-09 23:40:08--218537]recv conta req 31.jpg! 
[2015-02-09 23:40:08--907578]31.jpg,WSDU4921322 45G1
[2015-02-09 23:40:12--221650]recv conta req 35.jpg! 
[2015-02-09 23:40:13--067978]35.jpg,WSDU4920250 45G1
[2015-02-09 23:40:16--224063]recv conta req 4.jpg! 
[2015-02-09 23:40:17--830246]4.jpg,MSKU4011903 22G1
[2015-02-09 23:40:20--228315]recv conta req 8.jpg! 
[2015-02-09 23:40:24--230844]recv conta req 12.jpg! 
[2015-02-09 23:40:27--316997]8.jpg,CCLU6287245 45G1
[2015-02-09 23:40:28--232355]recv conta req 16.jpg! 
[2015-02-09 23:40:30--092045]16.jpg,TEMU3075040 22G1
[2015-02-09 23:40:32--233766]recv conta req 20.jpg! 
[2015-02-09 23:40:33--900317]20.jpg,FCIU4591874 22G1
[2015-02-09 23:40:35--085850]12.jpg,MEDU1861156 22G1
[2015-02-09 23:40:36--235746]recv conta req 24.jpg! 
[2015-02-09 23:40:36--925634]24.jpg,SEGU1904022 22G1
[2015-02-09 23:40:40--238150]recv conta req 28.jpg! 
[2015-02-09 23:40:41--037774]28.jpg,FCIU8609740 45G1
[2015-02-09 23:40:44--241085]recv conta req 32.jpg! 
[2015-02-09 23:40:45--000940]32.jpg,CITU1173790 45G1
[2015-02-09 23:40:48--245136]recv conta req 1.jpg! 
[2015-02-09 23:40:50--088330]1.jpg,MSKU9550132 45G1
[2015-02-09 23:40:52--247788]recv conta req 5.jpg! 
[2015-02-09 23:40:55--177694]5.jpg,IIIU7???46? 22G1
[2015-02-09 23:40:56--249481]recv conta req 9.jpg! 
[2015-02-09 23:41:00--252728]recv conta req 13.jpg! 
[2015-02-09 23:41:04--252900]recv conta req 17.jpg! 
[2015-02-09 23:41:06--062916]9.jpg,MRKU3324814 45G1
[2015-02-09 23:41:06--857942]17.jpg,SEGU1445915 22G1
[2015-02-09 23:41:08--256218]recv conta req 21.jpg! 
[2015-02-09 23:41:08--929867]13.jpg,FSCU7372776 22G1
[2015-02-09 23:41:09--181353]21.jpg,TRLU8984373 22G1
[2015-02-09 23:41:12--257622]recv conta req 25.jpg! 
[2015-02-09 23:41:13--037509]25.jpg, 
[2015-02-09 23:41:16--260558]recv conta req 29.jpg! 
[2015-02-09 23:41:16--901711]29.jpg,SEGU9039975 45R1
[2015-02-09 23:41:20--262686]recv conta req 33.jpg! 
[2015-02-09 23:41:21--141388]33.jpg,PHLU2031555 22G1
[2015-02-09 23:41:24--265458]recv conta req 2.jpg! 
[2015-02-09 23:41:28--144061]2.jpg,GESU5520648 45G1
[2015-02-09 23:41:28--268648]recv conta req 6.jpg! 
[2015-02-09 23:41:30--746212]6.jpg,MRKU8566960 22G1
[2015-02-09 23:41:32--272374]recv conta req 10.jpg! 
[2015-02-09 23:41:36--273625]recv conta req 14.jpg! 
[2015-02-09 23:41:40--277452]recv conta req 18.jpg! 
[2015-02-09 23:41:42--035758]18.jpg,CRXU1866805 22G1
[2015-02-09 23:41:43--310784]10.jpg,CSLU1475718 22G1
[2015-02-09 23:41:44--278142]recv conta req 22.jpg! 
[2015-02-09 23:41:44--393062]14.jpg,MRKU9670500 22G1
[2015-02-09 23:41:44--990949]22.jpg,TCLU2873584 22G1
[2015-02-09 23:41:48--280582]recv conta req 26.jpg! 
[2015-02-09 23:41:48--989866]26.jpg,CRSU9147318 45G1
[2015-02-09 23:41:52--282442]recv conta req 30.jpg! 
[2015-02-09 23:41:52--923656]30.jpg,CMAU4559732 45G1
[2015-02-09 23:41:56--284690]recv conta req 34.jpg! 
[2015-02-09 23:41:57--017695]34.jpg,CMAU4555275 45G1
[2015-02-09 23:42:00--287920]recv conta req 3.jpg! 
[2015-02-09 23:42:04--074022]3.jpg,EITU1067234 45G1
[2015-02-09 23:42:04--292548]recv conta req 7.jpg! 
[2015-02-09 23:42:08--293648]recv conta req 11.jpg! 
[2015-02-09 23:42:12--297709]recv conta req 15.jpg! 
[2015-02-09 23:42:16--284850]11.jpg,MSKU0004911 45G1
[2015-02-09 23:42:16--297180]recv conta req 19.jpg! 
[2015-02-09 23:42:17--877434]15.jpg,MAXU2423284 
[2015-02-09 23:42:17--916577]19.jpg,MSKU1685954 45G1
[2015-02-09 23:42:18--880054]7.jpg, 
[2015-02-09 23:42:20--300795]recv conta req 23.jpg! 
[2015-02-09 23:42:20--951239]23.jpg,APHU6639762 45G1
[2015-02-09 23:42:24--302768]recv conta req 27.jpg! 
[2015-02-09 23:42:25--116686]27.jpg,MRKU0995640 42G1
[2015-02-09 23:42:28--304509]recv conta req 31.jpg! 
[2015-02-09 23:42:29--039729]31.jpg,WSDU4921322 45G1
[2015-02-09 23:42:32--307516]recv conta req 35.jpg! 
[2015-02-09 23:42:33--086651]35.jpg,WSDU4920250 45G1
[2015-02-09 23:42:36--309407]recv conta req 4.jpg! 
[2015-02-09 23:42:38--013634]4.jpg,MSKU4011903 22G1
[2015-02-09 23:42:40--315792]recv conta req 8.jpg! 
[2015-02-09 23:42:44--319022]recv conta req 12.jpg! 
[2015-02-09 23:42:47--817906]8.jpg,CCLU6287245 45G1
[2015-02-09 23:42:48--320536]recv conta req 16.jpg! 
[2015-02-09 23:42:49--987125]16.jpg,TEMU3075040 22G1
[2015-02-09 23:42:52--325118]recv conta req 20.jpg! 
[2015-02-09 23:42:54--013347]20.jpg,FCIU4591874 22G1
[2015-02-09 23:42:55--129324]12.jpg,MEDU1861156 22G1
[2015-02-09 23:42:56--327665]recv conta req 24.jpg! 
[2015-02-09 23:42:56--982605]24.jpg,SEGU1904022 22G1
[2015-02-09 23:43:00--332008]recv conta req 28.jpg! 
[2015-02-09 23:43:01--171588]28.jpg,FCIU8609740 45G1
[2015-02-09 23:43:04--336476]recv conta req 32.jpg! 
[2015-02-09 23:43:05--021338]32.jpg,CITU1173790 45G1
[2015-02-09 23:43:08--340568]recv conta req 1.jpg! 
[2015-02-09 23:43:10--081363]1.jpg,MSKU9550132 45G1
[2015-02-09 23:43:12--344850]recv conta req 5.jpg! 
[2015-02-09 23:43:15--281723]5.jpg,IIIU7???46? 22G1
[2015-02-09 23:43:16--350073]recv conta req 9.jpg! 
[2015-02-09 23:43:20--356694]recv conta req 13.jpg! 
[2015-02-09 23:43:24--355600]recv conta req 17.jpg! 
[2015-02-09 23:43:25--917624]9.jpg,MRKU3324814 45G1
[2015-02-09 23:43:26--483091]17.jpg,SEGU1445915 22G1
[2015-02-09 23:43:28--358997]recv conta req 21.jpg! 
[2015-02-09 23:43:28--915565]13.jpg,FSCU7372776 22G1
[2015-02-09 23:43:29--349617]21.jpg,TRLU8984373 22G1
[2015-02-09 23:43:32--362532]recv conta req 25.jpg! 
[2015-02-09 23:43:32--998645]25.jpg, 
[2015-02-09 23:43:36--367054]recv conta req 29.jpg! 
[2015-02-09 23:43:37--025266]29.jpg,SEGU9039975 45R1
[2015-02-09 23:43:40--371138]recv conta req 33.jpg! 
[2015-02-09 23:43:41--284016]33.jpg,PHLU2031555 22G1
[2015-02-09 23:43:44--376216]recv conta req 2.jpg! 
[2015-02-09 23:43:48--150504]2.jpg,GESU5520648 45G1
[2015-02-09 23:43:48--381165]recv conta req 6.jpg! 
[2015-02-09 23:43:50--901455]6.jpg,MRKU8566960 22G1
[2015-02-09 23:43:52--391186]recv conta req 10.jpg! 
[2015-02-09 23:43:56--392842]recv conta req 14.jpg! 
[2015-02-09 23:44:00--394208]recv conta req 18.jpg! 
[2015-02-09 23:44:02--490612]18.jpg,CRXU1866805 22G1
[2015-02-09 23:44:02--804725]10.jpg,CSLU1475718 22G1
[2015-02-09 23:44:04--396786]recv conta req 22.jpg! 
[2015-02-09 23:44:04--626568]14.jpg,MRKU9670500 22G1
[2015-02-09 23:44:05--025681]22.jpg,TCLU2873584 22G1
[2015-02-09 23:44:08--401360]recv conta req 26.jpg! 
[2015-02-09 23:44:09--138124]26.jpg,CRSU9147318 45G1
[2015-02-09 23:44:12--404636]recv conta req 30.jpg! 
[2015-02-09 23:44:13--032907]30.jpg,CMAU4559732 45G1
[2015-02-09 23:44:16--409402]recv conta req 34.jpg! 
[2015-02-09 23:44:17--202030]34.jpg,CMAU4555275 45G1
[2015-02-09 23:44:20--413814]recv conta req 3.jpg! 
[2015-02-09 23:44:24--386754]3.jpg,EITU1067234 45G1
[2015-02-09 23:44:24--419289]recv conta req 7.jpg! 
[2015-02-09 23:44:28--422484]recv conta req 11.jpg! 
[2015-02-09 23:44:32--430962]recv conta req 15.jpg! 
[2015-02-09 23:44:36--427539]recv conta req 19.jpg! 
[2015-02-09 23:44:36--600432]11.jpg,MSKU0004911 45G1
[2015-02-09 23:44:37--808864]15.jpg,MAXU2423284 
[2015-02-09 23:44:37--977880]19.jpg,MSKU1685954 45G1
[2015-02-09 23:44:39--117606]7.jpg, 
[2015-02-09 23:44:40--430545]recv conta req 23.jpg! 
[2015-02-09 23:44:41--096807]23.jpg,APHU6639762 45G1
[2015-02-09 23:44:44--435873]recv conta req 27.jpg! 
[2015-02-09 23:44:45--265985]27.jpg,MRKU0995640 42G1
[2015-02-09 23:44:48--438500]recv conta req 31.jpg! 
[2015-02-09 23:44:49--167525]31.jpg,WSDU4921322 45G1
[2015-02-09 23:44:52--442566]recv conta req 35.jpg! 
[2015-02-09 23:44:53--228169]35.jpg,WSDU4920250 45G1
[2015-02-09 23:44:56--447820]recv conta req 4.jpg! 
[2015-02-09 23:44:57--960694]4.jpg,MSKU4011903 22G1
[2015-02-09 23:45:00--454700]recv conta req 8.jpg! 
[2015-02-09 23:45:04--482701]recv conta req 12.jpg! 
[2015-02-09 23:45:06--627176]8.jpg,CCLU6287245 45G1
[2015-02-09 23:45:08--478105]recv conta req 16.jpg! 
[2015-02-09 23:45:10--292643]16.jpg,TEMU3075040 22G1
[2015-02-09 23:45:12--481611]recv conta req 20.jpg! 
[2015-02-09 23:45:14--146234]20.jpg,FCIU4591874 22G1
[2015-02-09 23:45:14--587282]12.jpg,MEDU1861156 22G1
[2015-02-09 23:45:16--486529]recv conta req 24.jpg! 
[2015-02-09 23:45:17--172385]24.jpg,SEGU1904022 22G1
[2015-02-09 23:45:20--489879]recv conta req 28.jpg! 
[2015-02-09 23:45:21--349181]28.jpg,FCIU8609740 45G1
[2015-02-09 23:45:24--493296]recv conta req 32.jpg! 
[2015-02-09 23:45:25--176403]32.jpg,CITU1173790 45G1
[2015-02-09 23:45:28--498431]recv conta req 1.jpg! 
[2015-02-09 23:45:30--187048]1.jpg,MSKU9550132 45G1
[2015-02-09 23:45:32--504177]recv conta req 5.jpg! 
[2015-02-09 23:45:35--319590]5.jpg,IIIU7???46? 22G1
[2015-02-09 23:45:36--509279]recv conta req 9.jpg! 
[2015-02-09 23:45:40--513491]recv conta req 13.jpg! 
[2015-02-09 23:45:44--517521]recv conta req 17.jpg! 
[2015-02-09 23:45:45--988054]9.jpg,MRKU3324814 45G1
[2015-02-09 23:45:46--428360]17.jpg,SEGU1445915 22G1
[2015-02-09 23:45:48--521608]recv conta req 21.jpg! 
[2015-02-09 23:45:49--365847]21.jpg,TRLU8984373 22G1
[2015-02-09 23:45:49--457542]13.jpg,FSCU7372776 22G1
[2015-02-09 23:45:52--524279]recv conta req 25.jpg! 
[2015-02-09 23:45:53--171311]25.jpg, 
[2015-02-09 23:45:56--528919]recv conta req 29.jpg! 
[2015-02-09 23:45:57--157151]29.jpg,SEGU9039975 45R1
[2015-02-09 23:46:00--533745]recv conta req 33.jpg! 
[2015-02-09 23:46:01--359383]33.jpg,PHLU2031555 22G1
[2015-02-09 23:46:04--539357]recv conta req 2.jpg! 
[2015-02-09 23:46:08--542192]recv conta req 6.jpg! 
[2015-02-09 23:46:08--567163]2.jpg,GESU5520648 45G1
[2015-02-09 23:46:10--992716]6.jpg,MRKU8566960 22G1
[2015-02-09 23:46:12--546653]recv conta req 10.jpg! 
[2015-02-09 23:46:16--551347]recv conta req 14.jpg! 
[2015-02-09 23:46:20--556068]recv conta req 18.jpg! 
[2015-02-09 23:46:22--720603]18.jpg,CRXU1866805 22G1
[2015-02-09 23:46:22--874355]10.jpg,CSLU1475718 22G1
[2015-02-09 23:46:24--070065]14.jpg,MRKU9670500 22G1
[2015-02-09 23:46:24--558383]recv conta req 22.jpg! 
[2015-02-09 23:46:25--201225]22.jpg,TCLU2873584 22G1
[2015-02-09 23:46:28--562501]recv conta req 26.jpg! 
[2015-02-09 23:46:29--246653]26.jpg,CRSU9147318 45G1
[2015-02-09 23:46:32--566561]recv conta req 30.jpg! 
[2015-02-09 23:46:33--170174]30.jpg,CMAU4559732 45G1
[2015-02-09 23:46:36--569935]recv conta req 34.jpg! 
[2015-02-09 23:46:37--346121]34.jpg,CMAU4555275 45G1
[2015-02-09 23:46:40--573277]recv conta req 3.jpg! 
[2015-02-09 23:46:44--271428]3.jpg,EITU1067234 45G1
[2015-02-09 23:46:44--577488]recv conta req 7.jpg! 
[2015-02-09 23:46:48--581163]recv conta req 11.jpg! 
[2015-02-09 23:46:52--585281]recv conta req 15.jpg! 
[2015-02-09 23:46:56--586563]recv conta req 19.jpg! 
[2015-02-09 23:46:57--269674]11.jpg,MSKU0004911 45G1
[2015-02-09 23:46:57--640988]15.jpg,MAXU2423284 
[2015-02-09 23:46:58--235660]19.jpg,MSKU1685954 45G1
[2015-02-09 23:46:58--443762]7.jpg, 
[2015-02-09 23:47:00--588986]recv conta req 23.jpg! 
[2015-02-09 23:47:01--199202]23.jpg,APHU6639762 45G1
[2015-02-09 23:47:04--591770]recv conta req 27.jpg! 
[2015-02-09 23:47:05--380146]27.jpg,MRKU0995640 42G1
[2015-02-09 23:47:08--596448]recv conta req 31.jpg! 
[2015-02-09 23:47:09--289471]31.jpg,WSDU4921322 45G1
[2015-02-09 23:47:12--600582]recv conta req 35.jpg! 
[2015-02-09 23:47:13--333563]35.jpg,WSDU4920250 45G1
[2015-02-09 23:47:16--604866]recv conta req 4.jpg! 
[2015-02-09 23:47:18--181659]4.jpg,MSKU4011903 22G1
[2015-02-09 23:47:20--611128]recv conta req 8.jpg! 
[2015-02-09 23:47:24--614009]recv conta req 12.jpg! 
[2015-02-09 23:47:27--113364]8.jpg,CCLU6287245 45G1
[2015-02-09 23:47:28--616278]recv conta req 16.jpg! 
[2015-02-09 23:47:30--387631]16.jpg,TEMU3075040 22G1
[2015-02-09 23:47:32--619646]recv conta req 20.jpg! 
[2015-02-09 23:47:34--092114]20.jpg,FCIU4591874 22G1
[2015-02-09 23:47:34--988466]12.jpg,MEDU1861156 22G1
[2015-02-09 23:47:36--623310]recv conta req 24.jpg! 
[2015-02-09 23:47:37--262076]24.jpg,SEGU1904022 22G1
[2015-02-09 23:47:40--627677]recv conta req 28.jpg! 
[2015-02-09 23:47:41--432589]28.jpg,FCIU8609740 45G1
[2015-02-09 23:47:44--631275]recv conta req 32.jpg! 
[2015-02-09 23:47:45--290802]32.jpg,CITU1173790 45G1
[2015-02-09 23:47:48--637295]recv conta req 1.jpg! 
[2015-02-09 23:47:50--308911]1.jpg,MSKU9550132 45G1
[2015-02-09 23:47:52--641105]recv conta req 5.jpg! 
[2015-02-09 23:47:55--390235]5.jpg,IIIU7???46? 22G1
[2015-02-09 23:47:56--648206]recv conta req 9.jpg! 
[2015-02-09 23:48:00--651275]recv conta req 13.jpg! 
[2015-02-09 23:48:04--654577]recv conta req 17.jpg! 
[2015-02-09 23:48:05--849341]9.jpg,MRKU3324814 45G1
[2015-02-09 23:48:07--063039]17.jpg,SEGU1445915 22G1
[2015-02-09 23:48:08--656279]recv conta req 21.jpg! 
[2015-02-09 23:48:09--607680]21.jpg,TRLU8984373 22G1
[2015-02-09 23:48:09--750512]13.jpg,FSCU7372776 22G1
[2015-02-09 23:48:12--661228]recv conta req 25.jpg! 
[2015-02-09 23:48:13--262206]25.jpg, 
[2015-02-09 23:48:16--664987]recv conta req 29.jpg! 
[2015-02-09 23:48:17--261437]29.jpg,SEGU9039975 45R1
[2015-02-09 23:48:20--670048]recv conta req 33.jpg! 
[2015-02-09 23:48:21--473823]33.jpg,PHLU2031555 22G1
[2015-02-09 23:48:24--676036]recv conta req 2.jpg! 
[2015-02-09 23:48:28--538553]2.jpg,GESU5520648 45G1
[2015-02-09 23:48:28--679543]recv conta req 6.jpg! 
[2015-02-09 23:48:30--995591]6.jpg,MRKU8566960 22G1
[2015-02-09 23:48:32--684870]recv conta req 10.jpg! 
[2015-02-09 23:48:36--687652]recv conta req 14.jpg! 
[2015-02-09 23:48:40--691471]recv conta req 18.jpg! 
[2015-02-09 23:48:42--596708]18.jpg,CRXU1866805 22G1
[2015-02-09 23:48:44--183028]10.jpg,?EIU????14? 22G1
[2015-02-09 23:48:44--184627]14.jpg,MRKU9670500 22G1
[2015-02-09 23:48:44--693931]recv conta req 22.jpg! 
[2015-02-09 23:48:45--270442]22.jpg,TCLU2873584 22G1
[2015-02-09 23:48:48--698897]recv conta req 26.jpg! 
[2015-02-09 23:48:49--397195]26.jpg,CRSU9147318 45G1
[2015-02-09 23:48:52--702921]recv conta req 30.jpg! 
[2015-02-09 23:48:53--286902]30.jpg,CMAU4559732 45G1
[2015-02-09 23:48:56--707292]recv conta req 34.jpg! 
[2015-02-09 23:48:57--462034]34.jpg,CMAU4555275 45G1
[2015-02-09 23:49:00--710850]recv conta req 3.jpg! 
[2015-02-09 23:49:04--372461]3.jpg,EITU1067234 45G1
[2015-02-09 23:49:04--717043]recv conta req 7.jpg! 
[2015-02-09 23:49:08--721826]recv conta req 11.jpg! 
[2015-02-09 23:49:12--725118]recv conta req 15.jpg! 
[2015-02-09 23:49:16--727288]recv conta req 19.jpg! 
[2015-02-09 23:49:17--020965]7.jpg, 
[2015-02-09 23:49:17--729178]11.jpg,MSKU0004911 45G1
[2015-02-09 23:49:18--061473]15.jpg,MAXU2423284 
[2015-02-09 23:49:18--062197]19.jpg,MSKU1685954 45G1
[2015-02-09 23:49:20--733027]recv conta req 23.jpg! 
[2015-02-09 23:49:21--601146]23.jpg,APHU6639762 45G1
[2015-02-09 23:49:24--734237]recv conta req 27.jpg! 
[2015-02-09 23:49:25--535179]27.jpg,MRKU0995640 42G1
[2015-02-09 23:49:28--739177]recv conta req 31.jpg! 
[2015-02-09 23:49:29--387813]31.jpg,WSDU4921322 45G1
[2015-02-09 23:49:32--743650]recv conta req 35.jpg! 
[2015-02-09 23:49:33--463506]35.jpg,WSDU4920250 45G1
[2015-02-09 23:49:36--748163]recv conta req 4.jpg! 
[2015-02-09 23:49:38--137637]4.jpg,MSKU4011903 22G1
[2015-02-09 23:49:40--756523]recv conta req 8.jpg! 
[2015-02-09 23:49:44--758037]recv conta req 12.jpg! 
[2015-02-09 23:49:46--124045]8.jpg,CCLU6287245 45G1
[2015-02-09 23:49:48--759761]recv conta req 16.jpg! 
[2015-02-09 23:49:50--414586]16.jpg,TEMU3075040 22G1
[2015-02-09 23:49:52--765814]recv conta req 20.jpg! 
[2015-02-09 23:49:53--705322]20.jpg,FCIU4591874 22G1
[2015-02-09 23:49:54--746079]12.jpg,MEDU1861156 22G1
[2015-02-09 23:49:56--768208]recv conta req 24.jpg! 
[2015-02-09 23:49:57--388045]24.jpg,SEGU1904022 22G1
[2015-02-09 23:50:00--772291]recv conta req 28.jpg! 
[2015-02-09 23:50:01--554377]28.jpg,FCIU8609740 45G1
[2015-02-09 23:50:04--775762]recv conta req 32.jpg! 
[2015-02-09 23:50:05--431810]32.jpg,CITU1173790 45G1
[2015-02-09 23:50:08--781661]recv conta req 1.jpg! 
[2015-02-09 23:50:10--440265]1.jpg,MSKU9550132 45G1
[2015-02-09 23:50:12--784114]recv conta req 5.jpg! 
[2015-02-09 23:50:15--608494]5.jpg,IIIU7???46? 22G1
[2015-02-09 23:50:16--790823]recv conta req 9.jpg! 
[2015-02-09 23:50:20--794120]recv conta req 13.jpg! 
[2015-02-09 23:50:24--677467]9.jpg,MRKU3324814 45G1
[2015-02-09 23:50:24--797867]recv conta req 17.jpg! 
[2015-02-09 23:50:26--836285]17.jpg,SEGU1445915 22G1
[2015-02-09 23:50:28--802324]recv conta req 21.jpg! 
[2015-02-09 23:50:29--364051]13.jpg,FSCU7372776 22G1
[2015-02-09 23:50:29--483177]21.jpg,TRLU8984373 22G1
[2015-02-09 23:50:32--804312]recv conta req 25.jpg! 
[2015-02-09 23:50:33--386957]25.jpg, 
[2015-02-09 23:50:36--808269]recv conta req 29.jpg! 
[2015-02-09 23:50:37--377541]29.jpg,SEGU9039975 45R1
[2015-02-09 23:50:40--812000]recv conta req 33.jpg! 
[2015-02-09 23:50:41--671600]33.jpg,PHLU2031555 22G1
[2015-02-09 23:50:44--816908]recv conta req 2.jpg! 
[2015-02-09 23:50:48--589031]2.jpg,GESU5520648 45G1
[2015-02-09 23:50:48--818614]recv conta req 6.jpg! 
[2015-02-09 23:50:51--093782]6.jpg,MRKU8566960 22G1
[2015-02-09 23:50:52--823266]recv conta req 10.jpg! 
[2015-02-09 23:50:56--826635]recv conta req 14.jpg! 
[2015-02-09 23:51:00--830117]recv conta req 18.jpg! 
[2015-02-09 23:51:02--400773]18.jpg,CRXU1866805 22G1
[2015-02-09 23:51:02--567215]10.jpg,CSLU1475718 22G1
[2015-02-09 23:51:04--093752]14.jpg,MRKU9670500 22G1
[2015-02-09 23:51:04--831838]recv conta req 22.jpg! 
[2015-02-09 23:51:05--401344]22.jpg,TCLU2873584 22G1
[2015-02-09 23:51:08--836199]recv conta req 26.jpg! 
[2015-02-09 23:51:09--562996]26.jpg,CRSU9147318 45G1
[2015-02-09 23:51:12--839238]recv conta req 30.jpg! 
[2015-02-09 23:51:13--417421]30.jpg,CMAU4559732 45G1
[2015-02-09 23:51:16--841844]recv conta req 34.jpg! 
[2015-02-09 23:51:17--538825]34.jpg,CMAU4555275 45G1
[2015-02-09 23:51:20--844661]recv conta req 3.jpg! 
[2015-02-09 23:51:24--543364]3.jpg,EITU1067234 45G1
[2015-02-09 23:51:24--850915]recv conta req 7.jpg! 
[2015-02-09 23:51:28--852231]recv conta req 11.jpg! 
[2015-02-09 23:51:32--856508]recv conta req 15.jpg! 
[2015-02-09 23:51:36--857605]recv conta req 19.jpg! 
[2015-02-09 23:51:37--079715]7.jpg, 
[2015-02-09 23:51:37--903230]11.jpg,MSKU0004911 45G1
[2015-02-09 23:51:37--919828]15.jpg,MAXU2423284 
[2015-02-09 23:51:38--067649]19.jpg,MSKU1685954 45G1
[2015-02-09 23:51:40--860376]recv conta req 23.jpg! 
[2015-02-09 23:51:41--470463]23.jpg,APHU6639762 45G1
[2015-02-09 23:51:44--863207]recv conta req 27.jpg! 
[2015-02-09 23:51:45--658117]27.jpg,MRKU0995640 42G1
[2015-02-09 23:51:48--866996]recv conta req 31.jpg! 
[2015-02-09 23:51:49--584945]31.jpg,WSDU4921322 45G1
[2015-02-09 23:51:52--869283]recv conta req 35.jpg! 
[2015-02-09 23:51:53--890457]35.jpg,WSDU4920250 45G1
[2015-02-09 23:51:56--873230]recv conta req 4.jpg! 
[2015-02-09 23:51:58--199974]4.jpg,MSKU4011903 22G1
[2015-02-09 23:52:00--877210]recv conta req 8.jpg! 
[2015-02-09 23:52:04--881462]recv conta req 12.jpg! 
[2015-02-09 23:52:06--252028]8.jpg,CCLU6287245 45G1
[2015-02-09 23:52:08--884596]recv conta req 16.jpg! 
[2015-02-09 23:52:10--350611]16.jpg,TEMU3075040 22G1
[2015-02-09 23:52:12--887725]recv conta req 20.jpg! 
[2015-02-09 23:52:14--142491]12.jpg,MEDU1861156 22G1
[2015-02-09 23:52:14--285435]20.jpg,FCIU4591874 22G1
[2015-02-09 23:52:16--891417]recv conta req 24.jpg! 
[2015-02-09 23:52:17--612638]24.jpg,SEGU1904022 22G1
[2015-02-09 23:52:20--892838]recv conta req 28.jpg! 
[2015-02-09 23:52:21--655924]28.jpg,FCIU8609740 45G1
[2015-02-09 23:52:24--896591]recv conta req 32.jpg! 
[2015-02-09 23:52:25--627973]32.jpg,CITU1173790 45G1
[2015-02-09 23:52:28--901308]recv conta req 1.jpg! 
[2015-02-09 23:52:30--798956]1.jpg,MSKU9550132 45G1
[2015-02-09 23:52:32--902425]recv conta req 5.jpg! 
[2015-02-09 23:52:35--548861]5.jpg,IIIU7???46? 22G1
[2015-02-09 23:52:36--907045]recv conta req 9.jpg! 
[2015-02-09 23:52:40--908481]recv conta req 13.jpg! 
[2015-02-09 23:52:44--911815]recv conta req 17.jpg! 
[2015-02-09 23:52:45--142555]9.jpg,MRKU3324814 45G1
[2015-02-09 23:52:46--836940]17.jpg,SEGU1445915 22G1
[2015-02-09 23:52:48--913625]recv conta req 21.jpg! 
[2015-02-09 23:52:49--135132]13.jpg,FSCU7372776 22G1
[2015-02-09 23:52:49--688334]21.jpg,TRLU8984373 22G1
[2015-02-09 23:52:52--918726]recv conta req 25.jpg! 
[2015-02-09 23:52:53--791575]25.jpg, 
[2015-02-09 23:52:56--918587]recv conta req 29.jpg! 
[2015-02-09 23:52:57--508848]29.jpg,SEGU9039975 45R1
[2015-02-09 23:53:00--923245]recv conta req 33.jpg! 
[2015-02-09 23:53:01--902555]33.jpg,PHLU2031555 22G1
[2015-02-09 23:53:04--926490]recv conta req 2.jpg! 
[2015-02-09 23:53:08--684084]2.jpg,GESU5520648 45G1
[2015-02-09 23:53:08--927371]recv conta req 6.jpg! 
[2015-02-09 23:53:11--195312]6.jpg,MRKU8566960 22G1
[2015-02-09 23:53:12--931236]recv conta req 10.jpg! 
[2015-02-09 23:53:16--933509]recv conta req 14.jpg! 
[2015-02-09 23:53:20--935132]recv conta req 18.jpg! 
[2015-02-09 23:53:22--539825]18.jpg,CRXU1866805 22G1
[2015-02-09 23:53:23--210446]10.jpg,CSLU1475718 22G1
[2015-02-09 23:53:24--316485]14.jpg,MRKU9670500 22G1
[2015-02-09 23:53:24--937127]recv conta req 22.jpg! 
[2015-02-09 23:53:25--525553]22.jpg,TCLU2873584 22G1
[2015-02-09 23:53:28--939393]recv conta req 26.jpg! 
[2015-02-09 23:53:29--781308]26.jpg,CRSU9147318 45G1
[2015-02-09 23:53:32--944144]recv conta req 30.jpg! 
[2015-02-09 23:53:33--613703]30.jpg,CMAU4559732 45G1
[2015-02-09 23:53:36--947038]recv conta req 34.jpg! 
[2015-02-09 23:53:37--753716]34.jpg,CMAU4555275 45G1
[2015-02-09 23:53:40--949736]recv conta req 3.jpg! 
[2015-02-09 23:53:44--669897]3.jpg,EITU1067234 45G1
[2015-02-09 23:53:44--954287]recv conta req 7.jpg! 
[2015-02-09 23:53:48--956226]recv conta req 11.jpg! 
[2015-02-09 23:53:52--957014]recv conta req 15.jpg! 
[2015-02-09 23:53:56--959627]recv conta req 19.jpg! 
[2015-02-09 23:53:57--884225]15.jpg,MAXU2423284 
[2015-02-09 23:53:58--188763]7.jpg, 
[2015-02-09 23:53:58--351025]19.jpg,MSKU1685954 45G1
[2015-02-09 23:53:58--663575]11.jpg,MSKU0004911 45G1
[2015-02-09 23:54:00--964293]recv conta req 23.jpg! 
[2015-02-09 23:54:01--831453]23.jpg,APHU6639762 45G1
[2015-02-09 23:54:04--964040]recv conta req 27.jpg! 
[2015-02-09 23:54:05--757589]27.jpg,MRKU0995640 42G1
[2015-02-09 23:54:08--967879]recv conta req 31.jpg! 
[2015-02-09 23:54:09--721244]31.jpg,WSDU4921322 45G1
[2015-02-09 23:54:12--972580]recv conta req 35.jpg! 
[2015-02-09 23:54:13--825532]35.jpg,WSDU4920250 45G1
[2015-02-09 23:54:16--974023]recv conta req 4.jpg! 
[2015-02-09 23:54:18--325026]4.jpg,MSKU4011903 22G1
[2015-02-09 23:54:20--978727]recv conta req 8.jpg! 
[2015-02-09 23:54:24--979697]recv conta req 12.jpg! 
[2015-02-09 23:54:26--026092]8.jpg,CCLU6287245 45G1
[2015-02-09 23:54:28--980567]recv conta req 16.jpg! 
[2015-02-09 23:54:31--189270]16.jpg,TEMU3075040 22G1
[2015-02-09 23:54:32--983208]recv conta req 20.jpg! 
[2015-02-09 23:54:34--119844]20.jpg,FCIU4591874 22G1
[2015-02-09 23:54:34--631217]12.jpg,MEDU1861156 22G1
[2015-02-09 23:54:36--987330]recv conta req 24.jpg! 
[2015-02-09 23:54:37--883306]24.jpg,SEGU1904022 22G1
[2015-02-09 23:54:40--988853]recv conta req 28.jpg! 
[2015-02-09 23:54:41--811685]28.jpg,FCIU8609740 45G1
[2015-02-09 23:54:44--992057]recv conta req 32.jpg! 
[2015-02-09 23:54:45--918906]32.jpg,CITU1173790 45G1
[2015-02-09 23:54:48--998945]recv conta req 1.jpg! 
[2015-02-09 23:54:50--988571]1.jpg,MSKU9550132 45G1
[2015-02-09 23:54:52--997362]recv conta req 5.jpg! 
[2015-02-09 23:54:55--783143]5.jpg,IIIU7???46? 22G1
[2015-02-09 23:54:57--001731]recv conta req 9.jpg! 
[2015-02-09 23:55:01--003414]recv conta req 13.jpg! 
[2015-02-09 23:55:05--005538]recv conta req 17.jpg! 
[2015-02-09 23:55:05--946207]9.jpg,MRKU3324814 45G1
[2015-02-09 23:55:06--522748]17.jpg,SEGU1445915 22G1
[2015-02-09 23:55:09--007551]recv conta req 21.jpg! 
[2015-02-09 23:55:09--201504]13.jpg,FSCU7372776 22G1
[2015-02-09 23:55:09--742030]21.jpg,TRLU8984373 22G1
[2015-02-09 23:55:13--012660]recv conta req 25.jpg! 
[2015-02-09 23:55:13--951237]25.jpg, 
[2015-02-09 23:55:17--012122]recv conta req 29.jpg! 
[2015-02-09 23:55:17--608979]29.jpg,SEGU9039975 45R1
[2015-02-09 23:55:21--019084]recv conta req 33.jpg! 
[2015-02-09 23:55:22--166492]33.jpg,PHLU2031555 22G1
[2015-02-09 23:55:25--020130]recv conta req 2.jpg! 
[2015-02-09 23:55:28--859325]2.jpg,GESU5520648 45G1
[2015-02-09 23:55:29--020857]recv conta req 6.jpg! 
[2015-02-09 23:55:31--340352]6.jpg,MRKU8566960 22G1
[2015-02-09 23:55:33--024427]recv conta req 10.jpg! 
[2015-02-09 23:55:37--026626]recv conta req 14.jpg! 
[2015-02-09 23:55:41--028388]recv conta req 18.jpg! 
[2015-02-09 23:55:42--553744]18.jpg,CRXU1866805 22G1
[2015-02-09 23:55:43--345024]10.jpg,CSLU1475718 22G1
[2015-02-09 23:55:44--601105]14.jpg,MRKU9670500 22G1
[2015-02-09 23:55:45--072231]recv conta req 22.jpg! 
[2015-02-09 23:55:45--925993]22.jpg,TCLU2873584 22G1
[2015-02-09 23:55:49--033597]recv conta req 26.jpg! 
[2015-02-09 23:55:49--751376]26.jpg,CRSU9147318 45G1
[2015-02-09 23:55:53--037812]recv conta req 30.jpg! 
[2015-02-09 23:55:53--689797]30.jpg,CMAU4559732 45G1
[2015-02-09 23:55:57--039944]recv conta req 34.jpg! 
[2015-02-09 23:55:57--758191]34.jpg,CMAU4555275 45G1
[2015-02-09 23:56:01--042410]recv conta req 3.jpg! 
[2015-02-09 23:56:04--724638]3.jpg,EITU1067234 45G1
[2015-02-09 23:56:05--046910]recv conta req 7.jpg! 
[2015-02-09 23:56:09--047975]recv conta req 11.jpg! 
[2015-02-09 23:56:13--050965]recv conta req 15.jpg! 
[2015-02-09 23:56:17--051753]recv conta req 19.jpg! 
[2015-02-09 23:56:18--087508]7.jpg, 
[2015-02-09 23:56:18--347835]11.jpg,MSKU0004911 45G1
[2015-02-09 23:56:18--738886]19.jpg,MSKU1685954 45G1
[2015-02-09 23:56:18--775494]15.jpg,MAXU2423284 
[2015-02-09 23:56:21--057596]recv conta req 23.jpg! 
[2015-02-09 23:56:21--928411]23.jpg,APHU6639762 45G1
[2015-02-09 23:56:25--057943]recv conta req 27.jpg! 
[2015-02-09 23:56:25--846981]27.jpg,MRKU0995640 42G1
[2015-02-09 23:56:29--062606]recv conta req 31.jpg! 
[2015-02-09 23:56:29--805947]31.jpg,WSDU4921322 45G1
[2015-02-09 23:56:33--068256]recv conta req 35.jpg! 
[2015-02-09 23:56:34--169020]35.jpg,WSDU4920250 45G1
[2015-02-09 23:56:37--067747]recv conta req 4.jpg! 
[2015-02-09 23:56:38--501301]4.jpg,MSKU4011903 22G1
[2015-02-09 23:56:41--072432]recv conta req 8.jpg! 
[2015-02-09 23:56:45--074582]recv conta req 12.jpg! 
[2015-02-09 23:56:47--048975]8.jpg,CCLU6287245 45G1
[2015-02-09 23:56:49--076122]recv conta req 16.jpg! 
[2015-02-09 23:56:50--859982]16.jpg,TEMU3075040 22G1
[2015-02-09 23:56:53--078379]recv conta req 20.jpg! 
[2015-02-09 23:56:54--661119]20.jpg,FCIU4591874 22G1
[2015-02-09 23:56:54--979543]12.jpg,MEDU1861156 22G1
[2015-02-09 23:56:57--083937]recv conta req 24.jpg! 
[2015-02-09 23:56:58--041559]24.jpg,SEGU1904022 22G1
[2015-02-09 23:57:01--082964]recv conta req 28.jpg! 
[2015-02-09 23:57:01--909553]28.jpg,FCIU8609740 45G1
[2015-02-09 23:57:05--088853]recv conta req 32.jpg! 
[2015-02-09 23:57:06--008796]32.jpg,CITU1173790 45G1
[2015-02-09 23:57:09--093452]recv conta req 1.jpg! 
[2015-02-09 23:57:11--098088]1.jpg,MSKU9550132 45G1
[2015-02-09 23:57:13--091812]recv conta req 5.jpg! 
[2015-02-09 23:57:15--817800]5.jpg,IIIU7???46? 22G1
[2015-02-09 23:57:17--096615]recv conta req 9.jpg! 
[2015-02-09 23:57:21--100164]recv conta req 13.jpg! 
[2015-02-09 23:57:24--155776]9.jpg,MRKU3324814 45G1
[2015-02-09 23:57:25--102918]recv conta req 17.jpg! 
[2015-02-09 23:57:27--125017]17.jpg,SEGU1445915 22G1
[2015-02-09 23:57:28--824569]13.jpg,FSCU7372776 22G1
[2015-02-09 23:57:29--105523]recv conta req 21.jpg! 
[2015-02-09 23:57:29--884829]21.jpg,TRLU8984373 22G1
[2015-02-09 23:57:33--109873]recv conta req 25.jpg! 
[2015-02-09 23:57:33--985542]25.jpg, 
[2015-02-09 23:57:37--109474]recv conta req 29.jpg! 
[2015-02-09 23:57:37--724349]29.jpg,SEGU9039975 45R1
[2015-02-09 23:57:41--116955]recv conta req 33.jpg! 
[2015-02-09 23:57:42--353461]33.jpg,PHLU2031555 22G1
[2015-02-09 23:57:45--117064]recv conta req 2.jpg! 
[2015-02-09 23:57:48--949657]2.jpg,GESU5520648 45G1
[2015-02-09 23:57:49--118056]recv conta req 6.jpg! 
[2015-02-09 23:57:51--441141]6.jpg,MRKU8566960 22G1
[2015-02-09 23:57:53--122889]recv conta req 10.jpg! 
[2015-02-09 23:57:57--123427]recv conta req 14.jpg! 
[2015-02-09 23:58:01--125746]recv conta req 18.jpg! 
[2015-02-09 23:58:03--109954]18.jpg,CRXU1866805 22G1
[2015-02-09 23:58:03--356779]10.jpg,CSLU1475718 22G1
[2015-02-09 23:58:04--757089]14.jpg,MRKU9670500 22G1
[2015-02-09 23:58:05--127828]recv conta req 22.jpg! 
[2015-02-09 23:58:05--735430]22.jpg,TCLU2873584 22G1
[2015-02-09 23:58:09--131226]recv conta req 26.jpg! 
[2015-02-09 23:58:09--890536]26.jpg,CRSU9147318 45G1
[2015-02-09 23:58:13--134469]recv conta req 30.jpg! 
[2015-02-09 23:58:13--920432]30.jpg,CMAU4559732 45G1
[2015-02-09 23:58:17--137900]recv conta req 34.jpg! 
[2015-02-09 23:58:17--976038]34.jpg,CMAU4555275 45G1
[2015-02-09 23:58:21--139780]recv conta req 3.jpg! 
[2015-02-09 23:58:25--104433]3.jpg,EITU1067234 45G1
[2015-02-09 23:58:25--144983]recv conta req 7.jpg! 
[2015-02-09 23:58:29--146066]recv conta req 11.jpg! 
[2015-02-09 23:58:33--148489]recv conta req 15.jpg! 
[2015-02-09 23:58:37--151064]recv conta req 19.jpg! 
[2015-02-09 23:58:37--576301]11.jpg,MSKU0004911 45G1
[2015-02-09 23:58:38--819848]19.jpg,MSKU1685954 45G1
[2015-02-09 23:58:38--957053]7.jpg, 
[2015-02-09 23:58:39--017690]15.jpg,MAXU2423284 
[2015-02-09 23:58:41--152927]recv conta req 23.jpg! 
[2015-02-09 23:58:41--908227]23.jpg,APHU6639762 45G1
[2015-02-09 23:58:45--154825]recv conta req 27.jpg! 
[2015-02-09 23:58:45--985907]27.jpg,MRKU0995640 42G1
[2015-02-09 23:58:49--157876]recv conta req 31.jpg! 
[2015-02-09 23:58:49--874238]31.jpg,WSDU4921322 45G1
[2015-02-09 23:58:53--161395]recv conta req 35.jpg! 
[2015-02-09 23:58:54--041942]35.jpg,WSDU4920250 45G1
[2015-02-09 23:58:57--162919]recv conta req 4.jpg! 
[2015-02-09 23:58:58--676077]4.jpg,MSKU4011903 22G1
[2015-02-09 23:59:01--169193]recv conta req 8.jpg! 
[2015-02-09 23:59:05--168507]recv conta req 12.jpg! 
[2015-02-09 23:59:07--687175]8.jpg,CCLU6287245 45G1
[2015-02-09 23:59:09--169947]recv conta req 16.jpg! 
[2015-02-09 23:59:10--968679]16.jpg,TEMU3075040 22G1
[2015-02-09 23:59:13--173726]recv conta req 20.jpg! 
[2015-02-09 23:59:15--248663]12.jpg,MEDU1861156 22G1
[2015-02-09 23:59:15--301053]20.jpg,FCIU4591874 22G1
[2015-02-09 23:59:17--174977]recv conta req 24.jpg! 
[2015-02-09 23:59:17--854370]24.jpg,SEGU1904022 22G1
[2015-02-09 23:59:21--177508]recv conta req 28.jpg! 
[2015-02-09 23:59:21--984708]28.jpg,FCIU8609740 45G1
[2015-02-09 23:59:25--181371]recv conta req 32.jpg! 
[2015-02-09 23:59:26--121514]32.jpg,CITU1173790 45G1
[2015-02-09 23:59:29--182666]recv conta req 1.jpg! 
[2015-02-09 23:59:30--917339]1.jpg,MSKU9550132 45G1
[2015-02-09 23:59:33--184367]recv conta req 5.jpg! 
[2015-02-09 23:59:35--994067]5.jpg,IIIU7???46? 22G1
[2015-02-09 23:59:37--189430]recv conta req 9.jpg! 
[2015-02-09 23:59:41--192809]recv conta req 13.jpg! 
[2015-02-09 23:59:45--192591]recv conta req 17.jpg! 
[2015-02-09 23:59:45--207826]9.jpg,MRKU3324814 45G1
[2015-02-09 23:59:47--344249]17.jpg,SEGU1445915 22G1
[2015-02-09 23:59:49--195231]recv conta req 21.jpg! 
[2015-02-09 23:59:50--119491]13.jpg,FSCU7372776 22G1
[2015-02-09 23:59:50--348881]21.jpg,TRLU8984373 22G1
[2015-02-09 23:59:53--197271]recv conta req 25.jpg! 
[2015-02-09 23:59:53--849263]25.jpg, 
[2015-02-09 23:59:57--199401]recv conta req 29.jpg! 
[2015-02-09 23:59:57--852241]29.jpg,SEGU9039975 45R1
[2015-02-10 00:00:01--202544]recv conta req 33.jpg! 
[2015-02-10 00:00:02--089552]33.jpg,PHLU2031555 22G1
[2015-02-10 00:00:05--204494]recv conta req 2.jpg! 
[2015-02-10 00:00:09--025134]2.jpg,GESU5520648 45G1
[2015-02-10 00:00:09--206838]recv conta req 6.jpg! 
[2015-02-10 00:00:11--737602]6.jpg,MRKU8566960 22G1
[2015-02-10 00:00:13--211905]recv conta req 10.jpg! 
[2015-02-10 00:00:17--213096]recv conta req 14.jpg! 
[2015-02-10 00:00:21--215337]recv conta req 18.jpg! 
[2015-02-10 00:00:22--579066]10.jpg,CSLU1475718 22G1
[2015-02-10 00:00:23--611912]18.jpg,CRXU1866805 22G1
[2015-02-10 00:00:25--216455]recv conta req 22.jpg! 
[2015-02-10 00:00:25--450758]14.jpg,MRKU9670500 22G1
[2015-02-10 00:00:26--050836]22.jpg,TCLU2873584 22G1
[2015-02-10 00:00:29--219807]recv conta req 26.jpg! 
[2015-02-10 00:00:29--928890]26.jpg,CRSU9147318 45G1
[2015-02-10 00:00:33--222155]recv conta req 30.jpg! 
[2015-02-10 00:00:33--856376]30.jpg,CMAU4559732 45G1
[2015-02-10 00:00:37--224542]recv conta req 34.jpg! 
[2015-02-10 00:00:37--994320]34.jpg,CMAU4555275 45G1
[2015-02-10 00:00:41--226791]recv conta req 3.jpg! 
[2015-02-10 00:00:45--062910]3.jpg,EITU1067234 45G1
[2015-02-10 00:00:45--230621]recv conta req 7.jpg! 
[2015-02-10 00:00:49--233856]recv conta req 11.jpg! 
[2015-02-10 00:00:53--234405]recv conta req 15.jpg! 
[2015-02-10 00:00:57--236813]recv conta req 19.jpg! 
[2015-02-10 00:00:58--015864]11.jpg,MSKU0004911 45G1
[2015-02-10 00:00:58--866437]15.jpg,MAXU2423284 
[2015-02-10 00:00:59--285641]19.jpg,MSKU1685954 45G1
[2015-02-10 00:00:59--897345]7.jpg, 
[2015-02-10 00:01:01--240474]recv conta req 23.jpg! 
[2015-02-10 00:01:02--078177]23.jpg,APHU6639762 45G1
[2015-02-10 00:01:05--240992]recv conta req 27.jpg! 
[2015-02-10 00:01:06--053619]27.jpg,MRKU0995640 42G1
[2015-02-10 00:01:09--244253]recv conta req 31.jpg! 
[2015-02-10 00:01:09--932961]31.jpg,WSDU4921322 45G1
[2015-02-10 00:01:13--246717]recv conta req 35.jpg! 
[2015-02-10 00:01:14--024311]35.jpg,WSDU4920250 45G1
[2015-02-10 00:01:17--249109]recv conta req 4.jpg! 
[2015-02-10 00:01:18--841830]4.jpg,MSKU4011903 22G1
[2015-02-10 00:01:21--253668]recv conta req 8.jpg! 
[2015-02-10 00:01:25--255832]recv conta req 12.jpg! 
[2015-02-10 00:01:27--855064]8.jpg,CCLU6287245 45G1
[2015-02-10 00:01:29--256557]recv conta req 16.jpg! 
[2015-02-10 00:01:31--118322]16.jpg,TEMU3075040 22G1
[2015-02-10 00:01:33--259820]recv conta req 20.jpg! 
[2015-02-10 00:01:34--469322]20.jpg,FCIU4591874 22G1
[2015-02-10 00:01:36--005063]12.jpg,MEDU1861156 22G1
[2015-02-10 00:01:37--262409]recv conta req 24.jpg! 
[2015-02-10 00:01:37--940766]24.jpg,SEGU1904022 22G1
[2015-02-10 00:01:41--264819]recv conta req 28.jpg! 
[2015-02-10 00:01:42--103055]28.jpg,FCIU8609740 45G1
[2015-02-10 00:01:45--266575]recv conta req 32.jpg! 
[2015-02-10 00:01:45--945234]32.jpg,CITU1173790 45G1
[2015-02-10 00:01:49--270783]recv conta req 1.jpg! 
[2015-02-10 00:01:51--030192]1.jpg,MSKU9550132 45G1
[2015-02-10 00:01:53--271655]recv conta req 5.jpg! 
[2015-02-10 00:01:56--112078]5.jpg,IIIU7???46? 22G1
[2015-02-10 00:01:57--276697]recv conta req 9.jpg! 
[2015-02-10 00:02:01--277759]recv conta req 13.jpg! 
[2015-02-10 00:02:05--279365]recv conta req 17.jpg! 
[2015-02-10 00:02:07--395137]9.jpg,MRKU3324814 45G1
[2015-02-10 00:02:07--858274]17.jpg,SEGU1445915 22G1
[2015-02-10 00:02:09--281833]recv conta req 21.jpg! 
[2015-02-10 00:02:10--049147]13.jpg,FSCU7372776 22G1
[2015-02-10 00:02:10--136446]21.jpg,TRLU8984373 22G1
[2015-02-10 00:02:13--284145]recv conta req 25.jpg! 
[2015-02-10 00:02:13--931578]25.jpg, 
[2015-02-10 00:02:17--286290]recv conta req 29.jpg! 
[2015-02-10 00:02:17--915728]29.jpg,SEGU9039975 45R1
[2015-02-10 00:02:21--289548]recv conta req 33.jpg! 
[2015-02-10 00:02:22--187336]33.jpg,PHLU2031555 22G1
[2015-02-10 00:02:25--292151]recv conta req 2.jpg! 
[2015-02-10 00:02:29--175342]2.jpg,GESU5520648 45G1
[2015-02-10 00:02:29--293668]recv conta req 6.jpg! 
[2015-02-10 00:02:31--836787]6.jpg,MRKU8566960 22G1
[2015-02-10 00:02:33--297538]recv conta req 10.jpg! 
[2015-02-10 00:02:37--299722]recv conta req 14.jpg! 
[2015-02-10 00:02:41--301825]recv conta req 18.jpg! 
[2015-02-10 00:02:43--300346]18.jpg,CRXU1866805 22G1
[2015-02-10 00:02:44--686724]10.jpg,CSLU1475718 22G1
[2015-02-10 00:02:45--027858]14.jpg,MRKU9670500 22G1
[2015-02-10 00:02:45--304038]recv conta req 22.jpg! 
[2015-02-10 00:02:45--966929]22.jpg,TCLU2873584 22G1
[2015-02-10 00:02:49--306996]recv conta req 26.jpg! 
[2015-02-10 00:02:50--053694]26.jpg,CRSU9147318 45G1
[2015-02-10 00:02:53--309118]recv conta req 30.jpg! 
[2015-02-10 00:02:53--965081]30.jpg,CMAU4559732 45G1
[2015-02-10 00:02:57--312113]recv conta req 34.jpg! 
[2015-02-10 00:02:58--038546]34.jpg,CMAU4555275 45G1
[2015-02-10 00:03:01--314663]recv conta req 3.jpg! 
[2015-02-10 00:03:05--257866]3.jpg,EITU1067234 45G1
[2015-02-10 00:03:05--318276]recv conta req 7.jpg! 
[2015-02-10 00:03:09--320901]recv conta req 11.jpg! 
[2015-02-10 00:03:13--324246]recv conta req 15.jpg! 
[2015-02-10 00:03:17--324975]recv conta req 19.jpg! 
[2015-02-10 00:03:18--599061]19.jpg,MSKU1685954 45G1
[2015-02-10 00:03:18--928652]11.jpg,MSKU0004911 45G1
[2015-02-10 00:03:19--031440]7.jpg, 
[2015-02-10 00:03:19--131512]15.jpg,MAXU2423284 
[2015-02-10 00:03:21--327169]recv conta req 23.jpg! 
[2015-02-10 00:03:21--974479]23.jpg,APHU6639762 45G1
[2015-02-10 00:03:25--330825]recv conta req 27.jpg! 
[2015-02-10 00:03:26--147378]27.jpg,MRKU0995640 42G1
[2015-02-10 00:03:29--335267]recv conta req 31.jpg! 
[2015-02-10 00:03:30--077308]31.jpg,WSDU4921322 45G1
[2015-02-10 00:03:33--339846]recv conta req 35.jpg! 
[2015-02-10 00:03:34--112833]35.jpg,WSDU4920250 45G1
[2015-02-10 00:03:37--345737]recv conta req 4.jpg! 
[2015-02-10 00:03:38--963841]4.jpg,MSKU4011903 22G1
[2015-02-10 00:03:41--349736]recv conta req 8.jpg! 
[2015-02-10 00:03:45--353484]recv conta req 12.jpg! 
[2015-02-10 00:03:47--481168]8.jpg,CCLU6287245 45G1
[2015-02-10 00:03:49--355820]recv conta req 16.jpg! 
[2015-02-10 00:03:51--137662]16.jpg,TEMU3075040 22G1
[2015-02-10 00:03:53--363345]recv conta req 20.jpg! 
[2015-02-10 00:03:54--782464]20.jpg,FCIU4591874 22G1
[2015-02-10 00:03:55--912538]12.jpg,MEDU1861156 22G1
[2015-02-10 00:03:57--362295]recv conta req 24.jpg! 
[2015-02-10 00:03:58--032077]24.jpg,SEGU1904022 22G1
[2015-02-10 00:04:01--367056]recv conta req 28.jpg! 
[2015-02-10 00:04:02--220224]28.jpg,FCIU8609740 45G1
[2015-02-10 00:04:05--370394]recv conta req 32.jpg! 
[2015-02-10 00:04:06--063049]32.jpg,CITU1173790 45G1
[2015-02-10 00:04:09--376148]recv conta req 1.jpg! 
[2015-02-10 00:04:11--098117]1.jpg,MSKU9550132 45G1
[2015-02-10 00:04:13--377673]recv conta req 5.jpg! 
[2015-02-10 00:04:16--178433]5.jpg,IIIU7???46? 22G1
[2015-02-10 00:04:17--385796]recv conta req 9.jpg! 
[2015-02-10 00:04:21--388488]recv conta req 13.jpg! 
[2015-02-10 00:04:25--396414]recv conta req 17.jpg! 
[2015-02-10 00:04:27--791632]9.jpg,MRKU3324814 45G1
[2015-02-10 00:04:28--036156]17.jpg,SEGU1445915 22G1
[2015-02-10 00:04:29--393930]recv conta req 21.jpg! 
[2015-02-10 00:04:29--996880]13.jpg,FSCU7372776 22G1
[2015-02-10 00:04:30--384349]21.jpg,TRLU8984373 22G1
[2015-02-10 00:04:33--397223]recv conta req 25.jpg! 
[2015-02-10 00:04:34--047085]25.jpg, 
[2015-02-10 00:04:37--400540]recv conta req 29.jpg! 
[2015-02-10 00:04:38--040813]29.jpg,SEGU9039975 45R1
[2015-02-10 00:04:41--405636]recv conta req 33.jpg! 
[2015-02-10 00:04:42--312070]33.jpg,PHLU2031555 22G1
[2015-02-10 00:04:45--412818]recv conta req 2.jpg! 
[2015-02-10 00:04:49--253021]2.jpg,GESU5520648 45G1
[2015-02-10 00:04:49--413208]recv conta req 6.jpg! 
[2015-02-10 00:04:51--918432]6.jpg,MRKU8566960 22G1
[2015-02-10 00:04:53--419285]recv conta req 10.jpg! 
[2015-02-10 00:04:57--422889]recv conta req 14.jpg! 
[2015-02-10 00:05:01--421951]recv conta req 18.jpg! 
[2015-02-10 00:05:03--444449]18.jpg,CRXU1866805 22G1
[2015-02-10 00:05:04--318350]10.jpg,CSLU1475718 22G1
[2015-02-10 00:05:05--422450]14.jpg,MRKU9670500 22G1
[2015-02-10 00:05:05--425862]recv conta req 22.jpg! 
[2015-02-10 00:05:06--067740]22.jpg,TCLU2873584 22G1
[2015-02-10 00:05:09--430678]recv conta req 26.jpg! 
[2015-02-10 00:05:10--214718]26.jpg,CRSU9147318 45G1
[2015-02-10 00:05:13--433196]recv conta req 30.jpg! 
[2015-02-10 00:05:14--059367]30.jpg,CMAU4559732 45G1
[2015-02-10 00:05:17--437057]recv conta req 34.jpg! 
[2015-02-10 00:05:18--169692]34.jpg,CMAU4555275 45G1
[2015-02-10 00:05:21--441817]recv conta req 3.jpg! 
[2015-02-10 00:05:25--225413]3.jpg,EITU1067234 45G1
[2015-02-10 00:05:25--447484]recv conta req 7.jpg! 
[2015-02-10 00:05:29--453671]recv conta req 11.jpg! 
[2015-02-10 00:05:33--455781]recv conta req 15.jpg! 
[2015-02-10 00:05:37--456525]recv conta req 19.jpg! 
[2015-02-10 00:05:37--792489]7.jpg, 
[2015-02-10 00:05:38--991127]11.jpg,MSKU0004911 45G1
[2015-02-10 00:05:39--004238]19.jpg,MSKU1685954 45G1
[2015-02-10 00:05:39--626825]15.jpg,MAXU2423284 
[2015-02-10 00:05:41--458338]recv conta req 23.jpg! 
[2015-02-10 00:05:42--104952]23.jpg,APHU6639762 45G1
[2015-02-10 00:05:45--460479]recv conta req 27.jpg! 
[2015-02-10 00:05:46--290193]27.jpg,MRKU0995640 42G1
[2015-02-10 00:05:49--464376]recv conta req 31.jpg! 
[2015-02-10 00:05:50--179401]31.jpg,WSDU4921322 45G1
[2015-02-10 00:05:53--468512]recv conta req 35.jpg! 
[2015-02-10 00:05:54--238237]35.jpg,WSDU4920250 45G1
[2015-02-10 00:05:57--472596]recv conta req 4.jpg! 
[2015-02-10 00:05:58--986980]4.jpg,MSKU4011903 22G1
[2015-02-10 00:06:01--477379]recv conta req 8.jpg! 
[2015-02-10 00:06:05--480192]recv conta req 12.jpg! 
[2015-02-10 00:06:08--157953]8.jpg,CCLU6287245 45G1
[2015-02-10 00:06:09--483797]recv conta req 16.jpg! 
[2015-02-10 00:06:11--194808]16.jpg,TEMU3075040 22G1
[2015-02-10 00:06:13--486862]recv conta req 20.jpg! 
[2015-02-10 00:06:15--144473]20.jpg,FCIU4591874 22G1
[2015-02-10 00:06:16--005754]12.jpg,MEDU1861156 22G1
[2015-02-10 00:06:17--490011]recv conta req 24.jpg! 
[2015-02-10 00:06:18--169944]24.jpg,SEGU1904022 22G1
[2015-02-10 00:06:21--493944]recv conta req 28.jpg! 
[2015-02-10 00:06:22--332438]28.jpg,FCIU8609740 45G1
[2015-02-10 00:06:25--496734]recv conta req 32.jpg! 
[2015-02-10 00:06:26--167190]32.jpg,CITU1173790 45G1
[2015-02-10 00:06:29--502014]recv conta req 1.jpg! 
[2015-02-10 00:06:31--207634]1.jpg,MSKU9550132 45G1
[2015-02-10 00:06:33--505451]recv conta req 5.jpg! 
[2015-02-10 00:06:36--221751]5.jpg,IIIU7???46? 22G1
[2015-02-10 00:06:37--512689]recv conta req 9.jpg! 
[2015-02-10 00:06:41--520914]recv conta req 13.jpg! 
[2015-02-10 00:06:45--523842]recv conta req 17.jpg! 
[2015-02-10 00:06:47--332930]17.jpg,SEGU1445915 22G1
[2015-02-10 00:06:48--054888]9.jpg,MRKU3324814 45G1
[2015-02-10 00:06:49--529998]recv conta req 21.jpg! 
[2015-02-10 00:06:49--833194]13.jpg,FSCU7372776 22G1
[2015-02-10 00:06:50--512575]21.jpg,TRLU8984373 22G1
[2015-02-10 00:06:53--532905]recv conta req 25.jpg! 
[2015-02-10 00:06:54--167889]25.jpg, 
[2015-02-10 00:06:57--536432]recv conta req 29.jpg! 
[2015-02-10 00:06:58--157219]29.jpg,SEGU9039975 45R1
[2015-02-10 00:07:01--541335]recv conta req 33.jpg! 
[2015-02-10 00:07:02--441778]33.jpg,PHLU2031555 22G1
[2015-02-10 00:07:05--546330]recv conta req 2.jpg! 
[2015-02-10 00:07:09--535875]2.jpg,GESU5520648 45G1
[2015-02-10 00:07:09--551416]recv conta req 6.jpg! 
[2015-02-10 00:07:11--923978]6.jpg,MRKU8566960 22G1
[2015-02-10 00:07:13--556096]recv conta req 10.jpg! 
[2015-02-10 00:07:17--560031]recv conta req 14.jpg! 
[2015-02-10 00:07:21--560762]recv conta req 18.jpg! 
[2015-02-10 00:07:23--308444]18.jpg,CRXU1866805 22G1
[2015-02-10 00:07:24--083171]10.jpg,CSLU1475718 22G1
[2015-02-10 00:07:25--038160]14.jpg,MRKU9670500 22G1
[2015-02-10 00:07:25--565765]recv conta req 22.jpg! 
[2015-02-10 00:07:26--204408]22.jpg,TCLU2873584 22G1
[2015-02-10 00:07:29--567260]recv conta req 26.jpg! 
[2015-02-10 00:07:30--299952]26.jpg,CRSU9147318 45G1
[2015-02-10 00:07:33--571672]recv conta req 30.jpg! 
[2015-02-10 00:07:34--193757]30.jpg,CMAU4559732 45G1
[2015-02-10 00:07:37--575570]recv conta req 34.jpg! 
[2015-02-10 00:07:38--358882]34.jpg,CMAU4555275 45G1
[2015-02-10 00:07:41--580301]recv conta req 3.jpg! 
[2015-02-10 00:07:45--342715]3.jpg,EITU1067234 45G1
[2015-02-10 00:07:45--586932]recv conta req 7.jpg! 
[2015-02-10 00:07:49--590586]recv conta req 11.jpg! 
[2015-02-10 00:07:53--593987]recv conta req 15.jpg! 
[2015-02-10 00:07:57--597143]recv conta req 19.jpg! 
[2015-02-10 00:07:58--138867]11.jpg,MSKU0004911 45G1
[2015-02-10 00:07:58--845374]7.jpg, 
[2015-02-10 00:07:58--906720]15.jpg,MAXU2423284 
[2015-02-10 00:07:59--176093]19.jpg,MSKU1685954 45G1
[2015-02-10 00:08:01--598933]recv conta req 23.jpg! 
[2015-02-10 00:08:02--213631]23.jpg,APHU6639762 45G1
[2015-02-10 00:08:05--603087]recv conta req 27.jpg! 
[2015-02-10 00:08:06--416207]27.jpg,MRKU0995640 42G1
[2015-02-10 00:08:09--607677]recv conta req 31.jpg! 
[2015-02-10 00:08:10--296515]31.jpg,WSDU4921322 45G1
[2015-02-10 00:08:13--611945]recv conta req 35.jpg! 
[2015-02-10 00:08:14--370462]35.jpg,WSDU4920250 45G1
[2015-02-10 00:08:17--616565]recv conta req 4.jpg! 
[2015-02-10 00:08:19--144217]4.jpg,MSKU4011903 22G1
[2015-02-10 00:08:21--622167]recv conta req 8.jpg! 
[2015-02-10 00:08:25--628778]recv conta req 12.jpg! 
[2015-02-10 00:08:27--420716]8.jpg,CCLU6287245 45G1
[2015-02-10 00:08:29--627611]recv conta req 16.jpg! 
[2015-02-10 00:08:31--670557]16.jpg,TEMU3075040 22G1
[2015-02-10 00:08:33--633064]recv conta req 20.jpg! 
[2015-02-10 00:08:34--691832]20.jpg,FCIU4591874 22G1
[2015-02-10 00:08:36--827292]12.jpg,MEDU1861156 22G1
[2015-02-10 00:08:37--634392]recv conta req 24.jpg! 
[2015-02-10 00:08:38--317303]24.jpg,SEGU1904022 22G1
[2015-02-10 00:08:41--638039]recv conta req 28.jpg! 
[2015-02-10 00:08:42--399506]28.jpg,FCIU8609740 45G1
[2015-02-10 00:08:45--640613]recv conta req 32.jpg! 
[2015-02-10 00:08:46--301964]32.jpg,CITU1173790 45G1
[2015-02-10 00:08:49--647069]recv conta req 1.jpg! 
[2015-02-10 00:08:51--344206]1.jpg,MSKU9550132 45G1
[2015-02-10 00:08:53--650770]recv conta req 5.jpg! 
[2015-02-10 00:08:56--314836]5.jpg,IIIU7???46? 22G1
[2015-02-10 00:08:57--657322]recv conta req 9.jpg! 
[2015-02-10 00:09:01--659259]recv conta req 13.jpg! 
[2015-02-10 00:09:05--666614]recv conta req 17.jpg! 
[2015-02-10 00:09:07--867761]9.jpg,MRKU3324814 45G1
[2015-02-10 00:09:08--148247]17.jpg,SEGU1445915 22G1
[2015-02-10 00:09:09--666097]recv conta req 21.jpg! 
[2015-02-10 00:09:10--149014]13.jpg,FSCU7372776 22G1
[2015-02-10 00:09:10--551858]21.jpg,TRLU8984373 22G1
[2015-02-10 00:09:13--669709]recv conta req 25.jpg! 
[2015-02-10 00:09:14--276266]25.jpg, 
[2015-02-10 00:09:17--672676]recv conta req 29.jpg! 
[2015-02-10 00:09:18--277032]29.jpg,SEGU9039975 45R1
[2015-02-10 00:09:21--680273]recv conta req 33.jpg! 
[2015-02-10 00:09:22--578048]33.jpg,PHLU2031555 22G1
[2015-02-10 00:09:25--684750]recv conta req 2.jpg! 
[2015-02-10 00:09:29--553006]2.jpg,GESU5520648 45G1
[2015-02-10 00:09:29--686723]recv conta req 6.jpg! 
[2015-02-10 00:09:32--042295]6.jpg,MRKU8566960 22G1
[2015-02-10 00:09:33--695228]recv conta req 10.jpg! 
[2015-02-10 00:09:37--700353]recv conta req 14.jpg! 
[2015-02-10 00:09:41--699189]recv conta req 18.jpg! 
[2015-02-10 00:09:43--389917]18.jpg,CRXU1866805 22G1
[2015-02-10 00:09:44--727780]10.jpg,CSLU1475718 22G1
[2015-02-10 00:09:45--703223]recv conta req 22.jpg! 
[2015-02-10 00:09:45--762189]14.jpg,MRKU9670500 22G1
[2015-02-10 00:09:46--339591]22.jpg,TCLU2873584 22G1
[2015-02-10 00:09:49--708280]recv conta req 26.jpg! 
[2015-02-10 00:09:50--450887]26.jpg,CRSU9147318 45G1
[2015-02-10 00:09:53--712423]recv conta req 30.jpg! 
[2015-02-10 00:09:54--308850]30.jpg,CMAU4559732 45G1
[2015-02-10 00:09:57--717170]recv conta req 34.jpg! 
[2015-02-10 00:09:58--407269]34.jpg,CMAU4555275 45G1
[2015-02-10 00:10:01--721367]recv conta req 3.jpg! 
[2015-02-10 00:10:05--462470]3.jpg,EITU1067234 45G1
[2015-02-10 00:10:05--726949]recv conta req 7.jpg! 
[2015-02-10 00:10:09--730667]recv conta req 11.jpg! 
[2015-02-10 00:10:13--736116]recv conta req 15.jpg! 
[2015-02-10 00:10:17--737842]recv conta req 19.jpg! 
[2015-02-10 00:10:19--270047]7.jpg, 
[2015-02-10 00:10:19--637490]11.jpg,MSKU0004911 45G1
[2015-02-10 00:10:19--703505]19.jpg,MSKU1685954 45G1
[2015-02-10 00:10:20--072493]15.jpg,MAXU2423284 
[2015-02-10 00:10:21--740815]recv conta req 23.jpg! 
[2015-02-10 00:10:22--341913]23.jpg,APHU6639762 45G1
[2015-02-10 00:10:25--744511]recv conta req 27.jpg! 
[2015-02-10 00:10:26--556179]27.jpg,MRKU0995640 42G1
[2015-02-10 00:10:29--749060]recv conta req 31.jpg! 
[2015-02-10 00:10:30--417762]31.jpg,WSDU4921322 45G1
[2015-02-10 00:10:33--753228]recv conta req 35.jpg! 
[2015-02-10 00:10:34--497448]35.jpg,WSDU4920250 45G1
[2015-02-10 00:10:37--757294]recv conta req 4.jpg! 
[2015-02-10 00:10:39--177893]4.jpg,MSKU4011903 22G1
[2015-02-10 00:10:41--765628]recv conta req 8.jpg! 
[2015-02-10 00:10:45--767676]recv conta req 12.jpg! 
[2015-02-10 00:10:49--200487]8.jpg,CCLU6287245 45G1
[2015-02-10 00:10:49--768683]recv conta req 16.jpg! 
[2015-02-10 00:10:51--698657]16.jpg,TEMU3075040 22G1
[2015-02-10 00:10:53--773148]recv conta req 20.jpg! 
[2015-02-10 00:10:55--052348]20.jpg,FCIU4591874 22G1
[2015-02-10 00:10:56--091244]12.jpg,MEDU1861156 22G1
[2015-02-10 00:10:57--776046]recv conta req 24.jpg! 
[2015-02-10 00:10:58--390062]24.jpg,SEGU1904022 22G1
[2015-02-10 00:11:01--779825]recv conta req 28.jpg! 
[2015-02-10 00:11:02--594686]28.jpg,FCIU8609740 45G1
[2015-02-10 00:11:05--783789]recv conta req 32.jpg! 
[2015-02-10 00:11:06--440532]32.jpg,CITU1173790 45G1
[2015-02-10 00:11:09--789738]recv conta req 1.jpg! 
[2015-02-10 00:11:11--441943]1.jpg,MSKU9550132 45G1
[2015-02-10 00:11:13--794159]recv conta req 5.jpg! 
[2015-02-10 00:11:16--654101]5.jpg,IIIU7???46? 22G1
[2015-02-10 00:11:17--800086]recv conta req 9.jpg! 
[2015-02-10 00:11:21--801733]recv conta req 13.jpg! 
[2015-02-10 00:11:25--805600]recv conta req 17.jpg! 
[2015-02-10 00:11:26--913449]9.jpg,MRKU3324814 45G1
[2015-02-10 00:11:27--970399]17.jpg,SEGU1445915 22G1
[2015-02-10 00:11:29--807685]recv conta req 21.jpg! 
[2015-02-10 00:11:30--095625]13.jpg,FSCU7372776 22G1
[2015-02-10 00:11:30--694649]21.jpg,TRLU8984373 22G1
[2015-02-10 00:11:33--810831]recv conta req 25.jpg! 
[2015-02-10 00:11:34--405569]25.jpg, 
[2015-02-10 00:11:37--814358]recv conta req 29.jpg! 
[2015-02-10 00:11:38--427216]29.jpg,SEGU9039975 45R1
[2015-02-10 00:11:41--818276]recv conta req 33.jpg! 
[2015-02-10 00:11:42--698731]33.jpg,PHLU2031555 22G1
[2015-02-10 00:11:45--823348]recv conta req 2.jpg! 
[2015-02-10 00:11:49--673029]2.jpg,GESU5520648 45G1
[2015-02-10 00:11:49--827278]recv conta req 6.jpg! 
[2015-02-10 00:11:52--189984]6.jpg,MRKU8566960 22G1
[2015-02-10 00:11:53--832035]recv conta req 10.jpg! 
[2015-02-10 00:11:57--836702]recv conta req 14.jpg! 
[2015-02-10 00:12:01--839333]recv conta req 18.jpg! 
[2015-02-10 00:12:03--907141]18.jpg,CRXU1866805 22G1
[2015-02-10 00:12:04--121680]10.jpg,CSLU1475718 22G1
[2015-02-10 00:12:05--713359]14.jpg,MRKU9670500 22G1
[2015-02-10 00:12:05--841325]recv conta req 22.jpg! 
[2015-02-10 00:12:06--428432]22.jpg,TCLU2873584 22G1
[2015-02-10 00:12:09--844492]recv conta req 26.jpg! 
[2015-02-10 00:12:10--573321]26.jpg,CRSU9147318 45G1
[2015-02-10 00:12:13--848184]recv conta req 30.jpg! 
[2015-02-10 00:12:14--421874]30.jpg,CMAU4559732 45G1
[2015-02-10 00:12:17--851487]recv conta req 34.jpg! 
[2015-02-10 00:12:18--595060]34.jpg,CMAU4555275 45G1
[2015-02-10 00:12:21--855993]recv conta req 3.jpg! 
[2015-02-10 00:12:25--658904]3.jpg,EITU1067234 45G1
[2015-02-10 00:12:25--860347]recv conta req 7.jpg! 
[2015-02-10 00:12:29--865386]recv conta req 11.jpg! 
[2015-02-10 00:12:33--870045]recv conta req 15.jpg! 
[2015-02-10 00:12:37--872207]recv conta req 19.jpg! 
[2015-02-10 00:12:38--299342]15.jpg,MAXU2423284 
[2015-02-10 00:12:39--161232]19.jpg,MSKU1685954 45G1
[2015-02-10 00:12:39--421824]11.jpg,MSKU0004911 45G1
[2015-02-10 00:12:39--459848]7.jpg, 
[2015-02-10 00:12:41--872606]recv conta req 23.jpg! 
[2015-02-10 00:12:42--478211]23.jpg,APHU6639762 45G1
[2015-02-10 00:12:45--874918]recv conta req 27.jpg! 
[2015-02-10 00:12:46--698563]27.jpg,MRKU0995640 42G1
[2015-02-10 00:12:49--878800]recv conta req 31.jpg! 
[2015-02-10 00:12:50--548122]31.jpg,WSDU4921322 45G1
[2015-02-10 00:12:53--881589]recv conta req 35.jpg! 
[2015-02-10 00:12:54--637675]35.jpg,WSDU4920250 45G1
[2015-02-10 00:12:57--884939]recv conta req 4.jpg! 
[2015-02-10 00:12:59--241225]4.jpg,MSKU4011903 22G1
[2015-02-10 00:13:01--888398]recv conta req 8.jpg! 
[2015-02-10 00:13:05--893312]recv conta req 12.jpg! 
[2015-02-10 00:13:07--178122]8.jpg,CCLU6287245 45G1
[2015-02-10 00:13:09--895732]recv conta req 16.jpg! 
[2015-02-10 00:13:11--851194]16.jpg,TEMU3075040 22G1
[2015-02-10 00:13:13--899652]recv conta req 20.jpg! 
[2015-02-10 00:13:14--961333]20.jpg,FCIU4591874 22G1
[2015-02-10 00:13:16--561109]12.jpg,MEDU1861156 22G1
[2015-02-10 00:13:17--901153]recv conta req 24.jpg! 
[2015-02-10 00:13:18--522119]24.jpg,SEGU1904022 22G1
[2015-02-10 00:13:21--903523]recv conta req 28.jpg! 
[2015-02-10 00:13:22--711563]28.jpg,FCIU8609740 45G1
[2015-02-10 00:13:25--906123]recv conta req 32.jpg! 
[2015-02-10 00:13:26--567702]32.jpg,CITU1173790 45G1
[2015-02-10 00:13:29--909313]recv conta req 1.jpg! 
[2015-02-10 00:13:31--584548]1.jpg,MSKU9550132 45G1
[2015-02-10 00:13:33--912145]recv conta req 5.jpg! 
[2015-02-10 00:13:36--726914]5.jpg,IIIU7???46? 22G1
[2015-02-10 00:13:37--915663]recv conta req 9.jpg! 
[2015-02-10 00:13:41--919449]recv conta req 13.jpg! 
[2015-02-10 00:13:45--662363]9.jpg,MRKU3324814 45G1
[2015-02-10 00:13:45--922226]recv conta req 17.jpg! 
[2015-02-10 00:13:48--167255]17.jpg,SEGU1445915 22G1
[2015-02-10 00:13:49--923310]recv conta req 21.jpg! 
[2015-02-10 00:13:50--666571]21.jpg,TRLU8984373 22G1
[2015-02-10 00:13:50--830960]13.jpg,FSCU7372776 22G1
[2015-02-10 00:13:53--924660]recv conta req 25.jpg! 
[2015-02-10 00:13:54--550345]25.jpg, 
[2015-02-10 00:13:57--926847]recv conta req 29.jpg! 
[2015-02-10 00:13:58--518605]29.jpg,SEGU9039975 45R1
[2015-02-10 00:14:01--930061]recv conta req 33.jpg! 
[2015-02-10 00:14:02--713398]33.jpg,PHLU2031555 22G1
[2015-02-10 00:14:05--933853]recv conta req 2.jpg! 
[2015-02-10 00:14:09--864975]2.jpg,GESU5520648 45G1
[2015-02-10 00:14:09--935897]recv conta req 6.jpg! 
[2015-02-10 00:14:12--256943]6.jpg,MRKU8566960 22G1
[2015-02-10 00:14:13--941095]recv conta req 10.jpg! 
[2015-02-10 00:14:17--940413]recv conta req 14.jpg! 
[2015-02-10 00:14:21--942447]recv conta req 18.jpg! 
[2015-02-10 00:14:23--855443]18.jpg,CRXU1866805 22G1
[2015-02-10 00:14:24--612456]10.jpg,CSLU1475718 22G1
[2015-02-10 00:14:25--699993]14.jpg,MRKU9670500 22G1
[2015-02-10 00:14:25--943768]recv conta req 22.jpg! 
[2015-02-10 00:14:26--534459]22.jpg,TCLU2873584 22G1
[2015-02-10 00:14:29--948670]recv conta req 26.jpg! 
[2015-02-10 00:14:30--801967]26.jpg,CRSU9147318 45G1
[2015-02-10 00:14:33--949721]recv conta req 30.jpg! 
[2015-02-10 00:14:34--553574]30.jpg,CMAU4559732 45G1
[2015-02-10 00:14:37--952238]recv conta req 34.jpg! 
[2015-02-10 00:14:38--649436]34.jpg,CMAU4555275 45G1
[2015-02-10 00:14:41--954152]recv conta req 3.jpg! 
[2015-02-10 00:14:45--772949]3.jpg,EITU1067234 45G1
[2015-02-10 00:14:45--958086]recv conta req 7.jpg! 
[2015-02-10 00:14:49--960523]recv conta req 11.jpg! 
[2015-02-10 00:14:53--965766]recv conta req 15.jpg! 
[2015-02-10 00:14:57--902050]7.jpg, 
[2015-02-10 00:14:57--964369]recv conta req 19.jpg! 
[2015-02-10 00:14:59--104531]15.jpg,MAXU2423284 
[2015-02-10 00:14:59--107678]11.jpg,MSKU0004911 45G1
[2015-02-10 00:14:59--451974]19.jpg,MSKU1685954 45G1
[2015-02-10 00:15:01--966399]recv conta req 23.jpg! 
[2015-02-10 00:15:02--584048]23.jpg,APHU6639762 45G1
[2015-02-10 00:15:05--968610]recv conta req 27.jpg! 
[2015-02-10 00:15:06--766872]27.jpg,MRKU0995640 42G1
[2015-02-10 00:15:09--971730]recv conta req 31.jpg! 
[2015-02-10 00:15:10--632297]31.jpg,WSDU4921322 45G1
[2015-02-10 00:15:13--974085]recv conta req 35.jpg! 
[2015-02-10 00:15:14--720387]35.jpg,WSDU4920250 45G1
[2015-02-10 00:15:17--976471]recv conta req 4.jpg! 
[2015-02-10 00:15:19--405538]4.jpg,MSKU4011903 22G1
[2015-02-10 00:15:21--979241]recv conta req 8.jpg! 
[2015-02-10 00:15:25--983264]recv conta req 12.jpg! 
[2015-02-10 00:15:27--170432]8.jpg,CCLU6287245 45G1
[2015-02-10 00:15:29--984478]recv conta req 16.jpg! 
[2015-02-10 00:15:31--882352]16.jpg,TEMU3075040 22G1
[2015-02-10 00:15:33--986233]recv conta req 20.jpg! 
[2015-02-10 00:15:35--605635]20.jpg,FCIU4591874 22G1
[2015-02-10 00:15:36--900505]12.jpg,MEDU1861156 22G1
[2015-02-10 00:15:37--989487]recv conta req 24.jpg! 
[2015-02-10 00:15:38--630174]24.jpg,SEGU1904022 22G1
[2015-02-10 00:15:41--991857]recv conta req 28.jpg! 
[2015-02-10 00:15:42--763918]28.jpg,FCIU8609740 45G1
[2015-02-10 00:15:45--993504]recv conta req 32.jpg! 
[2015-02-10 00:15:46--665860]32.jpg,CITU1173790 45G1
[2015-02-10 00:15:49--997131]recv conta req 1.jpg! 
[2015-02-10 00:15:51--670371]1.jpg,MSKU9550132 45G1
[2015-02-10 00:15:53--998622]recv conta req 5.jpg! 
[2015-02-10 00:15:56--825710]5.jpg,IIIU7???46? 22G1
[2015-02-10 00:15:58--003540]recv conta req 9.jpg! 
[2015-02-10 00:16:02--006294]recv conta req 13.jpg! 
[2015-02-10 00:16:06--008087]recv conta req 17.jpg! 
[2015-02-10 00:16:07--607328]9.jpg,MRKU3324814 45G1
[2015-02-10 00:16:08--670316]17.jpg,SEGU1445915 22G1
[2015-02-10 00:16:10--009671]recv conta req 21.jpg! 
[2015-02-10 00:16:10--779385]13.jpg,FSCU7372776 22G1
[2015-02-10 00:16:10--884900]21.jpg,TRLU8984373 22G1
[2015-02-10 00:16:14--011692]recv conta req 25.jpg! 
[2015-02-10 00:16:14--606554]25.jpg, 
[2015-02-10 00:16:18--013738]recv conta req 29.jpg! 
[2015-02-10 00:16:18--615911]29.jpg,SEGU9039975 45R1
[2015-02-10 00:16:22--017172]recv conta req 33.jpg! 
[2015-02-10 00:16:22--889852]33.jpg,PHLU2031555 22G1
[2015-02-10 00:16:26--019736]recv conta req 2.jpg! 
[2015-02-10 00:16:29--896774]2.jpg,GESU5520648 45G1
[2015-02-10 00:16:30--021854]recv conta req 6.jpg! 
[2015-02-10 00:16:32--379796]6.jpg,MRKU8566960 22G1
[2015-02-10 00:16:34--025792]recv conta req 10.jpg! 
[2015-02-10 00:16:38--027999]recv conta req 14.jpg! 
[2015-02-10 00:16:41--746369]10.jpg,CSLU1475718 22G1
[2015-02-10 00:16:42--029089]recv conta req 18.jpg! 
[2015-02-10 00:16:44--130321]18.jpg,CRXU1866805 22G1
[2015-02-10 00:16:44--909732]14.jpg,MRKU9670500 22G1
[2015-02-10 00:16:46--032108]recv conta req 22.jpg! 
[2015-02-10 00:16:46--653310]22.jpg,TCLU2873584 22G1
[2015-02-10 00:16:50--034090]recv conta req 26.jpg! 
[2015-02-10 00:16:50--727840]26.jpg,CRSU9147318 45G1
[2015-02-10 00:16:54--036430]recv conta req 30.jpg! 
[2015-02-10 00:16:54--635374]30.jpg,CMAU4559732 45G1
[2015-02-10 00:16:58--039048]recv conta req 34.jpg! 
[2015-02-10 00:16:58--763499]34.jpg,CMAU4555275 45G1
[2015-02-10 00:17:02--041472]recv conta req 3.jpg! 
[2015-02-10 00:17:05--800830]3.jpg,EITU1067234 45G1
[2015-02-10 00:17:06--045249]recv conta req 7.jpg! 
[2015-02-10 00:17:10--047916]recv conta req 11.jpg! 
[2015-02-10 00:17:14--049967]recv conta req 15.jpg! 
[2015-02-10 00:17:18--051621]recv conta req 19.jpg! 
[2015-02-10 00:17:19--437497]11.jpg,MSKU0004911 45G1
[2015-02-10 00:17:19--580492]19.jpg,MSKU1685954 45G1
[2015-02-10 00:17:19--892791]7.jpg, 
[2015-02-10 00:17:20--582678]15.jpg,MAXU2423284 
[2015-02-10 00:17:22--054299]recv conta req 23.jpg! 
[2015-02-10 00:17:22--679757]23.jpg,APHU6639762 45G1
[2015-02-10 00:17:26--056335]recv conta req 27.jpg! 
[2015-02-10 00:17:26--847018]27.jpg,MRKU0995640 42G1
[2015-02-10 00:17:30--059524]recv conta req 31.jpg! 
[2015-02-10 00:17:30--731861]31.jpg,WSDU4921322 45G1
[2015-02-10 00:17:34--061811]recv conta req 35.jpg! 
[2015-02-10 00:17:34--781474]35.jpg,WSDU4920250 45G1
[2015-02-10 00:17:38--064359]recv conta req 4.jpg! 
[2015-02-10 00:17:39--583473]4.jpg,MSKU4011903 22G1
[2015-02-10 00:17:42--068620]recv conta req 8.jpg! 
[2015-02-10 00:17:46--070183]recv conta req 12.jpg! 
[2015-02-10 00:17:49--189610]8.jpg,CCLU6287245 45G1
[2015-02-10 00:17:50--071796]recv conta req 16.jpg! 
[2015-02-10 00:17:51--763427]16.jpg,TEMU3075040 22G1
[2015-02-10 00:17:54--074258]recv conta req 20.jpg! 
[2015-02-10 00:17:55--664180]20.jpg,FCIU4591874 22G1
[2015-02-10 00:17:57--060903]12.jpg,MEDU1861156 22G1
[2015-02-10 00:17:58--076627]recv conta req 24.jpg! 
[2015-02-10 00:17:58--728710]24.jpg,SEGU1904022 22G1
[2015-02-10 00:18:02--079280]recv conta req 28.jpg! 
[2015-02-10 00:18:02--869138]28.jpg,FCIU8609740 45G1
[2015-02-10 00:18:06--080725]recv conta req 32.jpg! 
[2015-02-10 00:18:06--769176]32.jpg,CITU1173790 45G1
[2015-02-10 00:18:10--085848]recv conta req 1.jpg! 
[2015-02-10 00:18:11--937803]1.jpg,MSKU9550132 45G1
[2015-02-10 00:18:14--086586]recv conta req 5.jpg! 
[2015-02-10 00:18:16--967093]5.jpg,IIIU7???46? 22G1
[2015-02-10 00:18:18--091577]recv conta req 9.jpg! 
[2015-02-10 00:18:22--092764]recv conta req 13.jpg! 
[2015-02-10 00:18:25--208063]9.jpg,MRKU3324814 45G1
[2015-02-10 00:18:26--093063]recv conta req 17.jpg! 
[2015-02-10 00:18:27--814114]17.jpg,SEGU1445915 22G1
[2015-02-10 00:18:30--097063]recv conta req 21.jpg! 
[2015-02-10 00:18:30--588796]13.jpg,FSCU7372776 22G1
[2015-02-10 00:18:30--840663]21.jpg,TRLU8984373 22G1
[2015-02-10 00:18:34--101254]recv conta req 25.jpg! 
[2015-02-10 00:18:35--064894]25.jpg, 
[2015-02-10 00:18:38--100879]recv conta req 29.jpg! 
[2015-02-10 00:18:38--711340]29.jpg,SEGU9039975 45R1
[2015-02-10 00:18:42--108290]recv conta req 33.jpg! 
[2015-02-10 00:18:43--277987]33.jpg,PHLU2031555 22G1
[2015-02-10 00:18:46--109652]recv conta req 2.jpg! 
[2015-02-10 00:18:50--110639]recv conta req 6.jpg! 
[2015-02-10 00:18:50--167605]2.jpg,GESU5520648 45G1
[2015-02-10 00:18:52--464460]6.jpg,MRKU8566960 22G1
[2015-02-10 00:18:54--113264]recv conta req 10.jpg! 
[2015-02-10 00:18:58--117259]recv conta req 14.jpg! 
[2015-02-10 00:19:02--118461]recv conta req 18.jpg! 
[2015-02-10 00:19:03--888960]10.jpg,CSLU1475718 22G1
[2015-02-10 00:19:04--267606]18.jpg,CRXU1866805 22G1
[2015-02-10 00:19:06--045732]14.jpg,MRKU9670500 22G1
[2015-02-10 00:19:06--122701]recv conta req 22.jpg! 
[2015-02-10 00:19:07--024520]22.jpg,TCLU2873584 22G1
[2015-02-10 00:19:10--127629]recv conta req 26.jpg! 
[2015-02-10 00:19:11--167694]26.jpg,CRSU9147318 45G1
[2015-02-10 00:19:14--126772]recv conta req 30.jpg! 
[2015-02-10 00:19:14--739265]30.jpg,CMAU4559732 45G1
[2015-02-10 00:19:18--130877]recv conta req 34.jpg! 
[2015-02-10 00:19:18--988284]34.jpg,CMAU4555275 45G1
[2015-02-10 00:19:22--132193]recv conta req 3.jpg! 
[2015-02-10 00:19:25--938352]3.jpg,EITU1067234 45G1
[2015-02-10 00:19:26--136063]recv conta req 7.jpg! 
[2015-02-10 00:19:30--139173]recv conta req 11.jpg! 
[2015-02-10 00:19:34--140556]recv conta req 15.jpg! 
[2015-02-10 00:19:38--142125]recv conta req 19.jpg! 
[2015-02-10 00:19:38--604452]11.jpg,MSKU0004911 45G1
[2015-02-10 00:19:39--312332]15.jpg,MAXU2423284 
[2015-02-10 00:19:39--804053]19.jpg,MSKU1685954 45G1
[2015-02-10 00:19:39--876901]7.jpg, 
[2015-02-10 00:19:42--147933]recv conta req 23.jpg! 
[2015-02-10 00:19:43--005781]23.jpg,APHU6639762 45G1
[2015-02-10 00:19:46--148072]recv conta req 27.jpg! 
[2015-02-10 00:19:46--925339]27.jpg,MRKU0995640 42G1
[2015-02-10 00:19:50--151512]recv conta req 31.jpg! 
[2015-02-10 00:19:50--935280]31.jpg,WSDU4921322 45G1
[2015-02-10 00:19:54--155436]recv conta req 35.jpg! 
[2015-02-10 00:19:55--004724]35.jpg,WSDU4920250 45G1
[2015-02-10 00:19:58--158948]recv conta req 4.jpg! 
[2015-02-10 00:19:59--631503]4.jpg,MSKU4011903 22G1
[2015-02-10 00:20:02--162203]recv conta req 8.jpg! 
[2015-02-10 00:20:06--164981]recv conta req 12.jpg! 
[2015-02-10 00:20:08--569238]8.jpg,CCLU6287245 45G1
[2015-02-10 00:20:10--164053]recv conta req 16.jpg! 
[2015-02-10 00:20:11--633303]16.jpg,TEMU3075040 22G1
[2015-02-10 00:20:14--167427]recv conta req 20.jpg! 
[2015-02-10 00:20:15--406280]20.jpg,FCIU4591874 22G1
[2015-02-10 00:20:15--784838]12.jpg,MEDU1861156 22G1
[2015-02-10 00:20:18--173605]recv conta req 24.jpg! 
[2015-02-10 00:20:19--142661]24.jpg,SEGU1904022 22G1
[2015-02-10 00:20:22--172948]recv conta req 28.jpg! 
[2015-02-10 00:20:22--983111]28.jpg,FCIU8609740 45G1
[2015-02-10 00:20:26--175847]recv conta req 32.jpg! 
[2015-02-10 00:20:26--905618]32.jpg,CITU1173790 45G1
[2015-02-10 00:20:30--179333]recv conta req 1.jpg! 
[2015-02-10 00:20:31--960197]1.jpg,MSKU9550132 45G1
[2015-02-10 00:20:34--180463]recv conta req 5.jpg! 
[2015-02-10 00:20:36--938637]5.jpg,IIIU7???46? 22G1
[2015-02-10 00:20:38--185051]recv conta req 9.jpg! 
[2015-02-10 00:20:42--187240]recv conta req 13.jpg! 
[2015-02-10 00:20:44--244318]9.jpg,MRKU3324814 45G1
[2015-02-10 00:20:46--188102]recv conta req 17.jpg! 
[2015-02-10 00:20:48--322736]17.jpg,SEGU1445915 22G1
[2015-02-10 00:20:50--190312]recv conta req 21.jpg! 
[2015-02-10 00:20:50--485278]13.jpg,FSCU7372776 22G1
[2015-02-10 00:20:51--100332]21.jpg,TRLU8984373 22G1
[2015-02-10 00:20:54--195748]recv conta req 25.jpg! 
[2015-02-10 00:20:55--059918]25.jpg, 
[2015-02-10 00:20:58--195311]recv conta req 29.jpg! 
[2015-02-10 00:20:58--824533]29.jpg,SEGU9039975 45R1
[2015-02-10 00:21:02--199356]recv conta req 33.jpg! 
[2015-02-10 00:21:03--382580]33.jpg,PHLU2031555 22G1
[2015-02-10 00:21:06--200523]recv conta req 2.jpg! 
[2015-02-10 00:21:09--980870]2.jpg,GESU5520648 45G1
[2015-02-10 00:21:10--202918]recv conta req 6.jpg! 
[2015-02-10 00:21:12--607688]6.jpg,MRKU8566960 22G1
[2015-02-10 00:21:14--206543]recv conta req 10.jpg! 
[2015-02-10 00:21:18--210877]recv conta req 14.jpg! 
[2015-02-10 00:21:22--215314]recv conta req 18.jpg! 
[2015-02-10 00:21:23--905487]18.jpg,CRXU1866805 22G1
[2015-02-10 00:21:24--208806]10.jpg,CSLU1475718 22G1
[2015-02-10 00:21:25--413899]14.jpg,MRKU9670500 22G1
[2015-02-10 00:21:26--214494]recv conta req 22.jpg! 
[2015-02-10 00:21:26--849304]22.jpg,TCLU2873584 22G1
[2015-02-10 00:21:30--221328]recv conta req 26.jpg! 
[2015-02-10 00:21:31--236020]26.jpg,CRSU9147318 45G1
[2015-02-10 00:21:34--221613]recv conta req 30.jpg! 
[2015-02-10 00:21:34--848234]30.jpg,CMAU4559732 45G1
[2015-02-10 00:21:38--224640]recv conta req 34.jpg! 
[2015-02-10 00:21:39--019155]34.jpg,CMAU4555275 45G1
[2015-02-10 00:21:42--226529]recv conta req 3.jpg! 
[2015-02-10 00:21:45--927896]3.jpg,EITU1067234 45G1
[2015-02-10 00:21:46--231671]recv conta req 7.jpg! 
[2015-02-10 00:21:50--233626]recv conta req 11.jpg! 
[2015-02-10 00:21:54--235217]recv conta req 15.jpg! 
[2015-02-10 00:21:56--845744]7.jpg, 
[2015-02-10 00:21:58--236463]recv conta req 19.jpg! 
[2015-02-10 00:21:59--170316]15.jpg,MAXU2423284 
[2015-02-10 00:21:59--548098]11.jpg,MSKU0004911 45G1
[2015-02-10 00:21:59--655692]19.jpg,MSKU1685954 45G1
[2015-02-10 00:22:02--241531]recv conta req 23.jpg! 
[2015-02-10 00:22:03--098571]23.jpg,APHU6639762 45G1
[2015-02-10 00:22:06--241924]recv conta req 27.jpg! 
[2015-02-10 00:22:07--071632]27.jpg,MRKU0995640 42G1
[2015-02-10 00:22:10--246848]recv conta req 31.jpg! 
[2015-02-10 00:22:10--999403]31.jpg,WSDU4921322 45G1
[2015-02-10 00:22:14--249534]recv conta req 35.jpg! 
[2015-02-10 00:22:15--053645]35.jpg,WSDU4920250 45G1
[2015-02-10 00:22:18--251496]recv conta req 4.jpg! 
[2015-02-10 00:22:19--805690]4.jpg,MSKU4011903 22G1
[2015-02-10 00:22:22--255505]recv conta req 8.jpg! 
[2015-02-10 00:22:26--259025]recv conta req 12.jpg! 
[2015-02-10 00:22:27--455211]8.jpg,CCLU6287245 45G1
[2015-02-10 00:22:30--258698]recv conta req 16.jpg! 
[2015-02-10 00:22:32--236434]16.jpg,TEMU3075040 22G1
[2015-02-10 00:22:34--264962]recv conta req 20.jpg! 
[2015-02-10 00:22:35--629888]20.jpg,FCIU4591874 22G1
[2015-02-10 00:22:37--312451]12.jpg,MEDU1861156 22G1
[2015-02-10 00:22:38--266478]recv conta req 24.jpg! 
[2015-02-10 00:22:39--200406]24.jpg,SEGU1904022 22G1
[2015-02-10 00:22:42--267202]recv conta req 28.jpg! 
[2015-02-10 00:22:43--122742]28.jpg,FCIU8609740 45G1
[2015-02-10 00:22:46--270569]recv conta req 32.jpg! 
[2015-02-10 00:22:46--986881]32.jpg,CITU1173790 45G1
[2015-02-10 00:22:50--277317]recv conta req 1.jpg! 
[2015-02-10 00:22:52--418744]1.jpg,MSKU9550132 45G1
[2015-02-10 00:22:54--275512]recv conta req 5.jpg! 
[2015-02-10 00:22:57--114514]5.jpg,IIIU7???46? 22G1
[2015-02-10 00:22:58--279444]recv conta req 9.jpg! 
[2015-02-10 00:23:02--282951]recv conta req 13.jpg! 
[2015-02-10 00:23:06--288021]recv conta req 17.jpg! 
[2015-02-10 00:23:09--913420]17.jpg,SEGU1445915 22G1
[2015-02-10 00:23:10--290318]recv conta req 21.jpg! 
[2015-02-10 00:23:12--099443]9.jpg,MRKU3324814 45G1
[2015-02-10 00:23:13--291037]21.jpg,TRLU8984373 22G1
[2015-02-10 00:23:13--542081]13.jpg,FSCU7372776 22G1
[2015-02-10 00:23:14--294644]recv conta req 25.jpg! 
[2015-02-10 00:23:15--130969]25.jpg, 
[2015-02-10 00:23:18--298059]recv conta req 29.jpg! 
[2015-02-10 00:23:19--127179]29.jpg,SEGU9039975 45R1
[2015-02-10 00:23:22--301575]recv conta req 33.jpg! 
[2015-02-10 00:23:23--256496]33.jpg,PHLU2031555 22G1
[2015-02-10 00:23:26--305573]recv conta req 2.jpg! 
[2015-02-10 00:23:30--310743]recv conta req 6.jpg! 
[2015-02-10 00:23:30--916294]2.jpg,GESU5520648 45G1
[2015-02-10 00:23:33--542017]6.jpg,MRKU8566960 22G1
[2015-02-10 00:23:34--314569]recv conta req 10.jpg! 
[2015-02-10 00:23:38--319868]recv conta req 14.jpg! 
[2015-02-10 00:23:42--325962]recv conta req 18.jpg! 
[2015-02-10 00:23:45--397176]18.jpg,CRXU1866805 22G1
[2015-02-10 00:23:46--324450]recv conta req 22.jpg! 
[2015-02-10 00:23:48--228945]22.jpg,TCLU2873584 22G1
[2015-02-10 00:23:49--966948]10.jpg,CSLU1475718 22G1
[2015-02-10 00:23:50--071982]14.jpg,MRKU9670500 22G1
[2015-02-10 00:23:50--330937]recv conta req 26.jpg! 
[2015-02-10 00:23:51--241401]26.jpg,CRSU9147318 45G1
[2015-02-10 00:23:54--332845]recv conta req 30.jpg! 
[2015-02-10 00:23:54--987031]30.jpg,CMAU4559732 45G1
[2015-02-10 00:23:58--337893]recv conta req 34.jpg! 
[2015-02-10 00:23:59--095289]34.jpg,CMAU4555275 45G1
[2015-02-10 00:24:02--342060]recv conta req 3.jpg! 
[2015-02-10 00:24:06--191692]3.jpg,EITU1067234 45G1
[2015-02-10 00:24:06--352037]recv conta req 7.jpg! 
[2015-02-10 00:24:10--356806]recv conta req 11.jpg! 
[2015-02-10 00:24:14--359498]recv conta req 15.jpg! 
[2015-02-10 00:24:18--358180]recv conta req 19.jpg! 
[2015-02-10 00:24:19--330130]11.jpg,MSKU0004911 45G1
[2015-02-10 00:24:19--526581]15.jpg,MAXU2423284 
[2015-02-10 00:24:20--141779]19.jpg,MSKU1685954 45G1
[2015-02-10 00:24:21--052484]7.jpg, 
[2015-02-10 00:24:22--362538]recv conta req 23.jpg! 
[2015-02-10 00:24:23--033202]23.jpg,APHU6639762 45G1
[2015-02-10 00:24:26--367166]recv conta req 27.jpg! 
[2015-02-10 00:24:27--193730]27.jpg,MRKU0995640 42G1
[2015-02-10 00:24:30--371464]recv conta req 31.jpg! 
[2015-02-10 00:24:31--104498]31.jpg,WSDU4921322 45G1
[2015-02-10 00:24:34--373533]recv conta req 35.jpg! 
[2015-02-10 00:24:35--152296]35.jpg,WSDU4920250 45G1
[2015-02-10 00:24:38--377691]recv conta req 4.jpg! 
[2015-02-10 00:24:39--944225]4.jpg,MSKU4011903 22G1
[2015-02-10 00:24:42--384756]recv conta req 8.jpg! 
[2015-02-10 00:24:46--390055]recv conta req 12.jpg! 
[2015-02-10 00:24:50--391866]recv conta req 16.jpg! 
[2015-02-10 00:24:52--684130]8.jpg,CCLU6287245 45G1
[2015-02-10 00:24:53--097829]16.jpg,TEMU3075040 22G1
[2015-02-10 00:24:54--395471]recv conta req 20.jpg! 
[2015-02-10 00:24:57--436254]20.jpg,FCIU4591874 22G1
[2015-02-10 00:24:58--400384]recv conta req 24.jpg! 
[2015-02-10 00:24:59--773932]24.jpg,SEGU1904022 22G1
[2015-02-10 00:25:00--870957]12.jpg,MEDU1861156 22G1
[2015-02-10 00:25:02--403127]recv conta req 28.jpg! 
[2015-02-10 00:25:03--329615]28.jpg,FCIU8609740 45G1
[2015-02-10 00:25:06--407845]recv conta req 32.jpg! 
[2015-02-10 00:25:07--216228]32.jpg,CITU1173790 45G1
[2015-02-10 00:25:10--415495]recv conta req 1.jpg! 
[2015-02-10 00:25:12--386084]1.jpg,MSKU9550132 45G1
[2015-02-10 00:25:14--418167]recv conta req 5.jpg! 
[2015-02-10 00:25:17--864121]5.jpg,IIIU7???46? 22G1
[2015-02-10 00:25:18--426754]recv conta req 9.jpg! 
[2015-02-10 00:25:22--428212]recv conta req 13.jpg! 
[2015-02-10 00:25:26--431972]recv conta req 17.jpg! 
[2015-02-10 00:25:28--798160]17.jpg,SEGU1445915 22G1
[2015-02-10 00:25:29--076567]9.jpg,MRKU3324814 45G1
[2015-02-10 00:25:30--433555]recv conta req 21.jpg! 
[2015-02-10 00:25:31--548933]13.jpg,FSCU7372776 22G1
[2015-02-10 00:25:31--874176]21.jpg,TRLU8984373 22G1
[2015-02-10 00:25:34--439138]recv conta req 25.jpg! 
[2015-02-10 00:25:35--303980]25.jpg, 
[2015-02-10 00:25:38--442571]recv conta req 29.jpg! 
[2015-02-10 00:25:39--075718]29.jpg,SEGU9039975 45R1
[2015-02-10 00:25:42--450095]recv conta req 33.jpg! 
[2015-02-10 00:25:43--630278]33.jpg,PHLU2031555 22G1
[2015-02-10 00:25:46--454614]recv conta req 2.jpg! 
[2015-02-10 00:25:50--456310]recv conta req 6.jpg! 
[2015-02-10 00:25:50--490352]2.jpg,GESU5520648 45G1
[2015-02-10 00:25:52--972772]6.jpg,MRKU8566960 22G1
[2015-02-10 00:25:54--461594]recv conta req 10.jpg! 
[2015-02-10 00:25:58--465750]recv conta req 14.jpg! 
[2015-02-10 00:26:02--469270]recv conta req 18.jpg! 
[2015-02-10 00:26:05--005244]18.jpg,CRXU1866805 22G1
[2015-02-10 00:26:05--193802]10.jpg,CSLU1475718 22G1
[2015-02-10 00:26:06--469948]recv conta req 22.jpg! 
[2015-02-10 00:26:06--948959]14.jpg,MRKU9670500 22G1
[2015-02-10 00:26:07--236546]22.jpg,TCLU2873584 22G1
[2015-02-10 00:26:10--473086]recv conta req 26.jpg! 
[2015-02-10 00:26:11--213394]26.jpg,CRSU9147318 45G1
[2015-02-10 00:26:14--478264]recv conta req 30.jpg! 
[2015-02-10 00:26:15--153257]30.jpg,CMAU4559732 45G1
[2015-02-10 00:26:18--482737]recv conta req 34.jpg! 
[2015-02-10 00:26:19--267900]34.jpg,CMAU4555275 45G1
[2015-02-10 00:26:22--486170]recv conta req 3.jpg! 
[2015-02-10 00:26:26--204991]3.jpg,EITU1067234 45G1
[2015-02-10 00:26:26--490553]recv conta req 7.jpg! 
[2015-02-10 00:26:30--495761]recv conta req 11.jpg! 
[2015-02-10 00:26:34--501160]recv conta req 15.jpg! 
[2015-02-10 00:26:38--279065]7.jpg, 
[2015-02-10 00:26:38--498942]recv conta req 19.jpg! 
[2015-02-10 00:26:40--111483]19.jpg,MSKU1685954 45G1
[2015-02-10 00:26:40--354018]11.jpg,MSKU0004911 45G1
[2015-02-10 00:26:40--374137]15.jpg,MAXU2423284 
[2015-02-10 00:26:42--507297]recv conta req 23.jpg! 
[2015-02-10 00:26:43--296880]23.jpg,APHU6639762 45G1
[2015-02-10 00:26:46--508202]recv conta req 27.jpg! 
[2015-02-10 00:26:47--306418]27.jpg,MRKU0995640 42G1
[2015-02-10 00:26:50--512681]recv conta req 31.jpg! 
[2015-02-10 00:26:51--243669]31.jpg,WSDU4921322 45G1
[2015-02-10 00:26:54--517358]recv conta req 35.jpg! 
[2015-02-10 00:26:55--419620]35.jpg,WSDU4920250 45G1
[2015-02-10 00:26:58--522370]recv conta req 4.jpg! 
[2015-02-10 00:27:00--056695]4.jpg,MSKU4011903 22G1
[2015-02-10 00:27:02--530044]recv conta req 8.jpg! 
[2015-02-10 00:27:06--535980]recv conta req 12.jpg! 
[2015-02-10 00:27:08--869160]8.jpg,CCLU6287245 45G1
[2015-02-10 00:27:10--538302]recv conta req 16.jpg! 
[2015-02-10 00:27:12--492114]16.jpg,TEMU3075040 22G1
[2015-02-10 00:27:14--541610]recv conta req 20.jpg! 
[2015-02-10 00:27:15--842112]20.jpg,FCIU4591874 22G1
[2015-02-10 00:27:16--334242]12.jpg,MEDU1861156 22G1
[2015-02-10 00:27:18--546384]recv conta req 24.jpg! 
[2015-02-10 00:27:19--447065]24.jpg,SEGU1904022 22G1
[2015-02-10 00:27:22--548416]recv conta req 28.jpg! 
[2015-02-10 00:27:23--369446]28.jpg,FCIU8609740 45G1
[2015-02-10 00:27:26--554731]recv conta req 32.jpg! 
[2015-02-10 00:27:27--322661]32.jpg,CITU1173790 45G1
[2015-02-10 00:27:30--559457]recv conta req 1.jpg! 
[2015-02-10 00:27:32--456721]1.jpg,MSKU9550132 45G1
[2015-02-10 00:27:34--561689]recv conta req 5.jpg! 
[2015-02-10 00:27:37--394399]5.jpg,IIIU7???46? 22G1
[2015-02-10 00:27:38--567616]recv conta req 9.jpg! 
[2015-02-10 00:27:42--572343]recv conta req 13.jpg! 
[2015-02-10 00:27:44--628686]9.jpg,MRKU3324814 45G1
[2015-02-10 00:27:46--574086]recv conta req 17.jpg! 
[2015-02-10 00:27:48--267758]17.jpg,SEGU1445915 22G1
[2015-02-10 00:27:50--577024]recv conta req 21.jpg! 
[2015-02-10 00:27:51--051598]13.jpg,FSCU7372776 22G1
[2015-02-10 00:27:51--281522]21.jpg,TRLU8984373 22G1
[2015-02-10 00:27:54--581846]recv conta req 25.jpg! 
[2015-02-10 00:27:55--261713]25.jpg, 
[2015-02-10 00:27:58--585710]recv conta req 29.jpg! 
[2015-02-10 00:27:59--214314]29.jpg,SEGU9039975 45R1
[2015-02-10 00:28:02--591201]recv conta req 33.jpg! 
[2015-02-10 00:28:03--672470]33.jpg,PHLU2031555 22G1
[2015-02-10 00:28:06--595632]recv conta req 2.jpg! 
[2015-02-10 00:28:10--348779]2.jpg,GESU5520648 45G1
[2015-02-10 00:28:10--598954]recv conta req 6.jpg! 
[2015-02-10 00:28:12--998367]6.jpg,MRKU8566960 22G1
[2015-02-10 00:28:14--604016]recv conta req 10.jpg! 
[2015-02-10 00:28:18--605222]recv conta req 14.jpg! 
[2015-02-10 00:28:22--609572]recv conta req 18.jpg! 
[2015-02-10 00:28:24--232266]10.jpg,CSLU1475718 22G1
[2015-02-10 00:28:24--541181]18.jpg,CRXU1866805 22G1
[2015-02-10 00:28:25--929783]14.jpg,MRKU9670500 22G1
[2015-02-10 00:28:26--612084]recv conta req 22.jpg! 
[2015-02-10 00:28:27--223422]22.jpg,TCLU2873584 22G1
[2015-02-10 00:28:30--616967]recv conta req 26.jpg! 
[2015-02-10 00:28:31--318450]26.jpg,CRSU9147318 45G1
[2015-02-10 00:28:34--620979]recv conta req 30.jpg! 
[2015-02-10 00:28:35--213866]30.jpg,CMAU4559732 45G1
[2015-02-10 00:28:38--625135]recv conta req 34.jpg! 
[2015-02-10 00:28:39--411133]34.jpg,CMAU4555275 45G1
[2015-02-10 00:28:42--629957]recv conta req 3.jpg! 
[2015-02-10 00:28:46--610629]3.jpg,EITU1067234 45G1
[2015-02-10 00:28:46--637984]recv conta req 7.jpg! 
[2015-02-10 00:28:50--639070]recv conta req 11.jpg! 
[2015-02-10 00:28:54--644389]recv conta req 15.jpg! 
[2015-02-10 00:28:58--645183]recv conta req 19.jpg! 
[2015-02-10 00:29:00--078799]15.jpg,MAXU2423284 
[2015-02-10 00:29:00--082160]11.jpg,MSKU0004911 45G1
[2015-02-10 00:29:00--445299]19.jpg,MSKU1685954 45G1
[2015-02-10 00:29:00--959097]7.jpg, 
[2015-02-10 00:29:02--649701]recv conta req 23.jpg! 
[2015-02-10 00:29:03--269862]23.jpg,APHU6639762 45G1
[2015-02-10 00:29:06--652692]recv conta req 27.jpg! 
[2015-02-10 00:29:07--455557]27.jpg,MRKU0995640 42G1
[2015-02-10 00:29:10--655873]recv conta req 31.jpg! 
[2015-02-10 00:29:11--363447]31.jpg,WSDU4921322 45G1
[2015-02-10 00:29:14--659315]recv conta req 35.jpg! 
[2015-02-10 00:29:15--425974]35.jpg,WSDU4920250 45G1
[2015-02-10 00:29:18--663105]recv conta req 4.jpg! 
[2015-02-10 00:29:20--113233]4.jpg,MSKU4011903 22G1
[2015-02-10 00:29:22--667622]recv conta req 8.jpg! 
[2015-02-10 00:29:26--676412]recv conta req 12.jpg! 
[2015-02-10 00:29:29--901336]8.jpg,CCLU6287245 45G1
[2015-02-10 00:29:30--681194]recv conta req 16.jpg! 
[2015-02-10 00:29:32--621639]16.jpg,TEMU3075040 22G1
[2015-02-10 00:29:34--684135]recv conta req 20.jpg! 
[2015-02-10 00:29:36--171349]20.jpg,FCIU4591874 22G1
[2015-02-10 00:29:36--864748]12.jpg,MEDU1861156 22G1
[2015-02-10 00:29:38--688777]recv conta req 24.jpg! 
[2015-02-10 00:29:39--322996]24.jpg,SEGU1904022 22G1
[2015-02-10 00:29:42--691572]recv conta req 28.jpg! 
[2015-02-10 00:29:43--525623]28.jpg,FCIU8609740 45G1
[2015-02-10 00:29:46--697242]recv conta req 32.jpg! 
[2015-02-10 00:29:47--384115]32.jpg,CITU1173790 45G1
[2015-02-10 00:29:50--703041]recv conta req 1.jpg! 
[2015-02-10 00:29:52--370870]1.jpg,MSKU9550132 45G1
[2015-02-10 00:29:54--707712]recv conta req 5.jpg! 
[2015-02-10 00:29:57--512946]5.jpg,IIIU7???46? 22G1
[2015-02-10 00:29:58--713280]recv conta req 9.jpg! 
[2015-02-10 00:30:02--718286]recv conta req 13.jpg! 
[2015-02-10 00:30:06--719352]recv conta req 17.jpg! 
[2015-02-10 00:30:08--392785]9.jpg,MRKU3324814 45G1
[2015-02-10 00:30:09--273364]17.jpg,SEGU1445915 22G1
[2015-02-10 00:30:10--724733]recv conta req 21.jpg! 
[2015-02-10 00:30:11--498665]21.jpg,TRLU8984373 22G1
[2015-02-10 00:30:11--558241]13.jpg,FSCU7372776 22G1
[2015-02-10 00:30:14--727308]recv conta req 25.jpg! 
[2015-02-10 00:30:15--325698]25.jpg, 
[2015-02-10 00:30:18--732596]recv conta req 29.jpg! 
[2015-02-10 00:30:19--323990]29.jpg,SEGU9039975 45R1
[2015-02-10 00:30:22--735909]recv conta req 33.jpg! 
[2015-02-10 00:30:23--572181]33.jpg,PHLU2031555 22G1
[2015-02-10 00:30:26--740072]recv conta req 2.jpg! 
[2015-02-10 00:30:30--683016]2.jpg,GESU5520648 45G1
[2015-02-10 00:30:30--746360]recv conta req 6.jpg! 
[2015-02-10 00:30:33--129707]6.jpg,MRKU8566960 22G1
[2015-02-10 00:30:34--750465]recv conta req 10.jpg! 
[2015-02-10 00:30:38--756186]recv conta req 14.jpg! 
[2015-02-10 00:30:42--758389]recv conta req 18.jpg! 
[2015-02-10 00:30:44--740957]10.jpg,CSLU1475718 22G1
[2015-02-10 00:30:45--209899]18.jpg,CRXU1866805 22G1
[2015-02-10 00:30:46--762012]recv conta req 22.jpg! 
[2015-02-10 00:30:47--357527]14.jpg,MRKU9670500 22G1
[2015-02-10 00:30:47--458652]22.jpg,TCLU2873584 22G1
[2015-02-10 00:30:50--765982]recv conta req 26.jpg! 
[2015-02-10 00:30:51--452679]26.jpg,CRSU9147318 45G1
[2015-02-10 00:30:54--771551]recv conta req 30.jpg! 
[2015-02-10 00:30:55--368339]30.jpg,CMAU4559732 45G1
[2015-02-10 00:30:58--775535]recv conta req 34.jpg! 
[2015-02-10 00:30:59--595981]34.jpg,CMAU4555275 45G1
[2015-02-10 00:31:02--780069]recv conta req 3.jpg! 
[2015-02-10 00:31:06--702565]3.jpg,EITU1067234 45G1
[2015-02-10 00:31:06--785954]recv conta req 7.jpg! 
[2015-02-10 00:31:10--788651]recv conta req 11.jpg! 
[2015-02-10 00:31:14--792241]recv conta req 15.jpg! 
[2015-02-10 00:31:18--793551]recv conta req 19.jpg! 
[2015-02-10 00:31:20--058341]15.jpg,MAXU2423284 
[2015-02-10 00:31:20--114225]7.jpg, 
[2015-02-10 00:31:20--298546]19.jpg,MSKU1685954 45G1
[2015-02-10 00:31:20--866471]11.jpg,MSKU0004911 45G1
[2015-02-10 00:31:22--799191]recv conta req 23.jpg! 
[2015-02-10 00:31:23--421690]23.jpg,APHU6639762 45G1
[2015-02-10 00:31:26--801929]recv conta req 27.jpg! 
[2015-02-10 00:31:27--616537]27.jpg,MRKU0995640 42G1
[2015-02-10 00:31:30--806819]recv conta req 31.jpg! 
[2015-02-10 00:31:31--511229]31.jpg,WSDU4921322 45G1
