[2015-04-06 13:50:21--191380]current cmd handler is 0,0x8829790
[2015-04-06 13:50:21--192825]recv channel 12345678901000000000I register...
[2015-04-06 13:50:21--192962]register channel 12345678901000000000I succ...
[2015-04-06 13:50:21--845703]********channel 12345678901000000000I offline......
[2015-04-06 13:50:25--136594]current cmd handler is 1,0x8829940
[2015-04-06 13:50:25--137479]recv channel 12345678901000000000I register...
[2015-04-06 13:50:25--137571]register channel 12345678901000000000I succ...
[2015-04-06 14:07:53--045495]********channel 12345678901000000000I offline......
[2015-04-06 14:07:55--621865]current cmd handler is 2,0x8829b30
[2015-04-06 14:07:55--623184]recv channel 12345678901000000000I register...
[2015-04-06 14:07:55--623310]register channel 12345678901000000000I succ...
[2015-04-06 14:08:04--354485]recv channel 12345678901000000000I seq 20150406132615803664 to upload ...
[2015-04-06 14:08:04--354632]publish event succ...
[2015-04-06 14:08:04--869705]recv channel 12345678901000000000I seq 20150406132615803664 to upload ...
[2015-04-06 14:08:04--870002]publish event succ...
[2015-04-06 14:08:17--750970]********channel 12345678901000000000I offline......
[2015-04-06 14:08:19--262304]recv channel 12345678901000000000I seq 20150406132615803664 to upload ...
[2015-04-06 14:08:19--262457]publish event succ...
[2015-04-06 14:08:19--736494]recv channel 12345678901000000000I seq 20150406132615803664 to upload ...
[2015-04-06 14:08:19--736609]publish event succ...
[2015-04-06 14:08:20--314314]recv channel 12345678901000000000I seq 20150406132615803664 to upload ...
[2015-04-06 14:08:20--314441]publish event succ...
[2015-04-06 14:08:20--826726]recv channel 12345678901000000000I seq 20150406132615803664 to upload ...
[2015-04-06 14:08:20--826845]publish event succ...
[2015-04-06 14:08:20--907900]current cmd handler is 3,0x8829ce0
[2015-04-06 14:08:20--910759]recv channel 12345678901000000000I register...
[2015-04-06 14:08:20--910879]register channel 12345678901000000000I succ...
[2015-04-06 14:08:21--328391]recv channel 12345678901000000000I seq 20150406132615803664 to upload ...
[2015-04-06 14:08:21--328522]publish event succ...
[2015-04-06 14:08:21--830272]recv channel 12345678901000000000I seq 20150406132615803664 to upload ...
[2015-04-06 14:08:21--830369]publish event succ...
[2015-04-06 14:08:22--332333]recv channel 12345678901000000000I seq 20150406132615803664 to upload ...
[2015-04-06 14:08:22--332461]publish event succ...
[2015-04-06 14:08:22--833719]recv channel 12345678901000000000I seq 20150406132615803664 to upload ...
[2015-04-06 14:08:22--833833]publish event succ...
[2015-04-06 14:08:23--334254]recv channel 12345678901000000000I seq 20150406132615803664 to upload ...
[2015-04-06 14:08:23--334348]publish event succ...
[2015-04-06 14:08:23--838195]recv channel 12345678901000000000I seq 20150406132615803664 to upload ...
[2015-04-06 14:08:23--838309]publish event succ...
[2015-04-06 14:08:24--336955]recv channel 12345678901000000000I seq 20150406132615803664 to upload ...
[2015-04-06 14:08:24--337056]publish event succ...
[2015-04-06 14:08:24--843589]recv channel 12345678901000000000I seq 20150406132615803664 to upload ...
[2015-04-06 14:08:24--843717]publish event succ...
[2015-04-06 14:08:25--346201]recv channel 12345678901000000000I seq 20150406132615803664 to upload ...
[2015-04-06 14:08:25--346318]publish event succ...
[2015-04-06 14:08:25--842461]recv channel 12345678901000000000I seq 20150406132615803664 to upload ...
[2015-04-06 14:08:25--842563]publish event succ...
[2015-04-06 14:08:26--344131]recv channel 12345678901000000000I seq 20150406132615803664 to upload ...
[2015-04-06 14:08:26--344230]publish event succ...
[2015-04-06 14:08:26--846159]recv channel 12345678901000000000I seq 20150406132615803664 to upload ...
[2015-04-06 14:08:26--846260]publish event succ...
[2015-04-06 14:09:43--901350]********channel 12345678901000000000I offline......
[2015-04-06 14:09:54--639755]current cmd handler is 4,0x8829ed0
[2015-04-06 14:09:54--640365]recv channel 12345678901000000000I register...
[2015-04-06 14:09:54--640478]register channel 12345678901000000000I succ...
[2015-04-06 14:10:04--155408]recv channel 12345678901000000000I seq 20150406141004114065 to upload ...
[2015-04-06 14:10:04--155569]publish event succ...
[2015-04-06 14:10:15--270103]recv channel 12345678901000000000I seq 20150406141015228900 to upload ...
[2015-04-06 14:10:15--270272]publish event succ...
[2015-04-06 14:10:23--575615]recv channel 12345678901000000000I seq 20150406141023574082 to upload ...
[2015-04-06 14:10:23--575760]publish event succ...
[2015-04-06 14:10:27--139791]recv channel 12345678901000000000I seq 20150406141027098283 to upload ...
[2015-04-06 14:10:27--139966]publish event succ...
[2015-04-06 14:10:29--639645]recv channel 12345678901000000000I seq 20150406141029638533 to upload ...
[2015-04-06 14:10:29--639773]publish event succ...
[2015-04-06 14:10:31--805852]recv channel 12345678901000000000I seq 20150406141031804603 to upload ...
[2015-04-06 14:10:31--805981]publish event succ...
