[2015-04-06 14:38:28--879072]load library succ! dll name is  libCustomsProxy.so 
[2015-04-06 14:38:29--255491]current cmd handler is 0,0x97bb790
[2015-04-06 14:38:29--258221]recv channel 12345678901000000000I register...
[2015-04-06 14:38:29--258370]register channel 12345678901000000000I succ...
[2015-04-06 14:38:32--946523]recv channel 12345678901000000000I seq 20150406143832904988 to upload ...
[2015-04-06 14:38:32--946679]publish event succ...
[2015-04-06 14:39:03--599717]recv channel 12345678901000000000I seq 20150406143903557086 to upload ...
[2015-04-06 14:39:03--599839]publish event succ...
[2015-04-06 14:39:04--089088]recv channel 12345678901000000000I seq 20150406143904065533 to upload ...
[2015-04-06 14:39:04--089190]publish event succ...
[2015-04-06 14:39:04--601739]recv channel 12345678901000000000I seq 20150406143904065533 to upload ...
[2015-04-06 14:39:04--601847]publish event succ...
[2015-04-06 14:39:05--079381]recv channel 12345678901000000000I seq 20150406143904065533 to upload ...
[2015-04-06 14:39:05--079482]publish event succ...
[2015-04-06 14:39:05--581181]recv channel 12345678901000000000I seq 20150406143905577429 to upload ...
[2015-04-06 14:39:05--581303]publish event succ...
[2015-04-06 14:39:06--115003]recv channel 12345678901000000000I seq 20150406143905577429 to upload ...
[2015-04-06 14:39:06--115149]publish event succ...
[2015-04-06 14:39:06--595978]recv channel 12345678901000000000I seq 20150406143905577429 to upload ...
[2015-04-06 14:39:06--596116]publish event succ...
